[2024-03-03T20:00:46.512+0000] {processor.py:161} INFO - Started process (PID=103) to work on /home/airflow/.local/lib/python3.8/site-packages/airflow/example_dags/example_latest_only.py
[2024-03-03T20:00:46.515+0000] {processor.py:830} INFO - Processing file /home/airflow/.local/lib/python3.8/site-packages/airflow/example_dags/example_latest_only.py for tasks to queue
[2024-03-03T20:00:46.520+0000] {logging_mixin.py:188} INFO - [2024-03-03T20:00:46.518+0000] {dagbag.py:538} INFO - Filling up the DagBag from /home/airflow/.local/lib/python3.8/site-packages/airflow/example_dags/example_latest_only.py
[2024-03-03T20:00:46.538+0000] {processor.py:840} INFO - DAG(s) 'latest_only' retrieved from /home/airflow/.local/lib/python3.8/site-packages/airflow/example_dags/example_latest_only.py
[2024-03-03T20:00:46.888+0000] {logging_mixin.py:188} INFO - [2024-03-03T20:00:46.886+0000] {override.py:1769} INFO - Created Permission View: can delete on DAG:latest_only
[2024-03-03T20:00:46.924+0000] {logging_mixin.py:188} INFO - [2024-03-03T20:00:46.923+0000] {override.py:1769} INFO - Created Permission View: can edit on DAG:latest_only
[2024-03-03T20:00:46.950+0000] {logging_mixin.py:188} INFO - [2024-03-03T20:00:46.949+0000] {override.py:1769} INFO - Created Permission View: can read on DAG:latest_only
[2024-03-03T20:00:46.952+0000] {logging_mixin.py:188} INFO - [2024-03-03T20:00:46.951+0000] {dag.py:3036} INFO - Sync 1 DAGs
[2024-03-03T20:00:46.984+0000] {logging_mixin.py:188} INFO - [2024-03-03T20:00:46.983+0000] {dag.py:3058} INFO - Creating ORM DAG for latest_only
[2024-03-03T20:00:47.010+0000] {logging_mixin.py:188} INFO - [2024-03-03T20:00:47.009+0000] {dag.py:3823} INFO - Setting next_dagrun for latest_only to 2024-03-03 16:00:00+00:00, run_after=2024-03-03 20:00:00+00:00
[2024-03-03T20:00:47.083+0000] {processor.py:183} INFO - Processing /home/airflow/.local/lib/python3.8/site-packages/airflow/example_dags/example_latest_only.py took 0.578 seconds
[2024-03-03T20:05:10.132+0000] {processor.py:161} INFO - Started process (PID=174) to work on /home/airflow/.local/lib/python3.8/site-packages/airflow/example_dags/example_latest_only.py
[2024-03-03T20:05:10.135+0000] {processor.py:830} INFO - Processing file /home/airflow/.local/lib/python3.8/site-packages/airflow/example_dags/example_latest_only.py for tasks to queue
[2024-03-03T20:05:10.138+0000] {logging_mixin.py:188} INFO - [2024-03-03T20:05:10.137+0000] {dagbag.py:538} INFO - Filling up the DagBag from /home/airflow/.local/lib/python3.8/site-packages/airflow/example_dags/example_latest_only.py
[2024-03-03T20:05:10.155+0000] {processor.py:840} INFO - DAG(s) 'latest_only' retrieved from /home/airflow/.local/lib/python3.8/site-packages/airflow/example_dags/example_latest_only.py
[2024-03-03T20:05:10.201+0000] {logging_mixin.py:188} INFO - [2024-03-03T20:05:10.200+0000] {dag.py:3036} INFO - Sync 1 DAGs
[2024-03-03T20:05:10.252+0000] {logging_mixin.py:188} INFO - [2024-03-03T20:05:10.251+0000] {dag.py:3823} INFO - Setting next_dagrun for latest_only to 2024-03-03 16:00:00+00:00, run_after=2024-03-03 20:00:00+00:00
[2024-03-03T20:05:10.306+0000] {processor.py:183} INFO - Processing /home/airflow/.local/lib/python3.8/site-packages/airflow/example_dags/example_latest_only.py took 0.182 seconds
[2024-03-03T20:08:15.746+0000] {processor.py:161} INFO - Started process (PID=249) to work on /home/airflow/.local/lib/python3.8/site-packages/airflow/example_dags/example_latest_only.py
[2024-03-03T20:08:15.749+0000] {processor.py:830} INFO - Processing file /home/airflow/.local/lib/python3.8/site-packages/airflow/example_dags/example_latest_only.py for tasks to queue
[2024-03-03T20:08:15.751+0000] {logging_mixin.py:188} INFO - [2024-03-03T20:08:15.751+0000] {dagbag.py:538} INFO - Filling up the DagBag from /home/airflow/.local/lib/python3.8/site-packages/airflow/example_dags/example_latest_only.py
[2024-03-03T20:08:15.763+0000] {processor.py:840} INFO - DAG(s) 'latest_only' retrieved from /home/airflow/.local/lib/python3.8/site-packages/airflow/example_dags/example_latest_only.py
[2024-03-03T20:08:15.808+0000] {logging_mixin.py:188} INFO - [2024-03-03T20:08:15.807+0000] {dag.py:3036} INFO - Sync 1 DAGs
[2024-03-03T20:08:15.858+0000] {logging_mixin.py:188} INFO - [2024-03-03T20:08:15.857+0000] {dag.py:3823} INFO - Setting next_dagrun for latest_only to 2024-03-03 16:00:00+00:00, run_after=2024-03-03 20:00:00+00:00
[2024-03-03T20:08:15.910+0000] {processor.py:183} INFO - Processing /home/airflow/.local/lib/python3.8/site-packages/airflow/example_dags/example_latest_only.py took 0.170 seconds
[2024-03-03T20:11:32.449+0000] {processor.py:161} INFO - Started process (PID=320) to work on /home/airflow/.local/lib/python3.8/site-packages/airflow/example_dags/example_latest_only.py
[2024-03-03T20:11:32.451+0000] {processor.py:830} INFO - Processing file /home/airflow/.local/lib/python3.8/site-packages/airflow/example_dags/example_latest_only.py for tasks to queue
[2024-03-03T20:11:32.454+0000] {logging_mixin.py:188} INFO - [2024-03-03T20:11:32.453+0000] {dagbag.py:538} INFO - Filling up the DagBag from /home/airflow/.local/lib/python3.8/site-packages/airflow/example_dags/example_latest_only.py
[2024-03-03T20:11:32.474+0000] {processor.py:840} INFO - DAG(s) 'latest_only' retrieved from /home/airflow/.local/lib/python3.8/site-packages/airflow/example_dags/example_latest_only.py
[2024-03-03T20:11:32.555+0000] {logging_mixin.py:188} INFO - [2024-03-03T20:11:32.546+0000] {dag.py:3036} INFO - Sync 1 DAGs
[2024-03-03T20:11:32.626+0000] {logging_mixin.py:188} INFO - [2024-03-03T20:11:32.625+0000] {dag.py:3823} INFO - Setting next_dagrun for latest_only to 2024-03-03 16:00:00+00:00, run_after=2024-03-03 20:00:00+00:00
[2024-03-03T20:11:32.684+0000] {processor.py:183} INFO - Processing /home/airflow/.local/lib/python3.8/site-packages/airflow/example_dags/example_latest_only.py took 0.243 seconds
[2024-03-03T20:13:55.347+0000] {processor.py:161} INFO - Started process (PID=408) to work on /home/airflow/.local/lib/python3.8/site-packages/airflow/example_dags/example_latest_only.py
[2024-03-03T20:13:55.349+0000] {processor.py:830} INFO - Processing file /home/airflow/.local/lib/python3.8/site-packages/airflow/example_dags/example_latest_only.py for tasks to queue
[2024-03-03T20:13:55.351+0000] {logging_mixin.py:188} INFO - [2024-03-03T20:13:55.351+0000] {dagbag.py:538} INFO - Filling up the DagBag from /home/airflow/.local/lib/python3.8/site-packages/airflow/example_dags/example_latest_only.py
[2024-03-03T20:13:55.364+0000] {processor.py:840} INFO - DAG(s) 'latest_only' retrieved from /home/airflow/.local/lib/python3.8/site-packages/airflow/example_dags/example_latest_only.py
[2024-03-03T20:13:55.419+0000] {logging_mixin.py:188} INFO - [2024-03-03T20:13:55.417+0000] {dag.py:3036} INFO - Sync 1 DAGs
[2024-03-03T20:13:55.489+0000] {logging_mixin.py:188} INFO - [2024-03-03T20:13:55.489+0000] {dag.py:3823} INFO - Setting next_dagrun for latest_only to 2024-03-03 16:00:00+00:00, run_after=2024-03-03 20:00:00+00:00
[2024-03-03T20:13:55.539+0000] {processor.py:183} INFO - Processing /home/airflow/.local/lib/python3.8/site-packages/airflow/example_dags/example_latest_only.py took 0.200 seconds
[2024-03-03T20:14:26.362+0000] {processor.py:161} INFO - Started process (PID=462) to work on /home/airflow/.local/lib/python3.8/site-packages/airflow/example_dags/example_latest_only.py
[2024-03-03T20:14:26.366+0000] {processor.py:830} INFO - Processing file /home/airflow/.local/lib/python3.8/site-packages/airflow/example_dags/example_latest_only.py for tasks to queue
[2024-03-03T20:14:26.368+0000] {logging_mixin.py:188} INFO - [2024-03-03T20:14:26.367+0000] {dagbag.py:538} INFO - Filling up the DagBag from /home/airflow/.local/lib/python3.8/site-packages/airflow/example_dags/example_latest_only.py
[2024-03-03T20:14:26.386+0000] {processor.py:840} INFO - DAG(s) 'latest_only' retrieved from /home/airflow/.local/lib/python3.8/site-packages/airflow/example_dags/example_latest_only.py
[2024-03-03T20:14:26.440+0000] {logging_mixin.py:188} INFO - [2024-03-03T20:14:26.439+0000] {dag.py:3036} INFO - Sync 1 DAGs
[2024-03-03T20:14:26.491+0000] {logging_mixin.py:188} INFO - [2024-03-03T20:14:26.491+0000] {dag.py:3823} INFO - Setting next_dagrun for latest_only to 2024-03-03 16:00:00+00:00, run_after=2024-03-03 20:00:00+00:00
[2024-03-03T20:14:26.541+0000] {processor.py:183} INFO - Processing /home/airflow/.local/lib/python3.8/site-packages/airflow/example_dags/example_latest_only.py took 0.188 seconds
[2024-03-03T20:15:01.472+0000] {processor.py:161} INFO - Started process (PID=518) to work on /home/airflow/.local/lib/python3.8/site-packages/airflow/example_dags/example_latest_only.py
[2024-03-03T20:15:01.474+0000] {processor.py:830} INFO - Processing file /home/airflow/.local/lib/python3.8/site-packages/airflow/example_dags/example_latest_only.py for tasks to queue
[2024-03-03T20:15:01.475+0000] {logging_mixin.py:188} INFO - [2024-03-03T20:15:01.475+0000] {dagbag.py:538} INFO - Filling up the DagBag from /home/airflow/.local/lib/python3.8/site-packages/airflow/example_dags/example_latest_only.py
[2024-03-03T20:15:01.486+0000] {processor.py:840} INFO - DAG(s) 'latest_only' retrieved from /home/airflow/.local/lib/python3.8/site-packages/airflow/example_dags/example_latest_only.py
[2024-03-03T20:15:01.525+0000] {logging_mixin.py:188} INFO - [2024-03-03T20:15:01.524+0000] {dag.py:3036} INFO - Sync 1 DAGs
[2024-03-03T20:15:01.562+0000] {logging_mixin.py:188} INFO - [2024-03-03T20:15:01.561+0000] {dag.py:3823} INFO - Setting next_dagrun for latest_only to 2024-03-03 16:00:00+00:00, run_after=2024-03-03 20:00:00+00:00
[2024-03-03T20:15:01.596+0000] {processor.py:183} INFO - Processing /home/airflow/.local/lib/python3.8/site-packages/airflow/example_dags/example_latest_only.py took 0.129 seconds
[2024-03-03T20:15:32.687+0000] {processor.py:161} INFO - Started process (PID=573) to work on /home/airflow/.local/lib/python3.8/site-packages/airflow/example_dags/example_latest_only.py
[2024-03-03T20:15:32.689+0000] {processor.py:830} INFO - Processing file /home/airflow/.local/lib/python3.8/site-packages/airflow/example_dags/example_latest_only.py for tasks to queue
[2024-03-03T20:15:32.692+0000] {logging_mixin.py:188} INFO - [2024-03-03T20:15:32.691+0000] {dagbag.py:538} INFO - Filling up the DagBag from /home/airflow/.local/lib/python3.8/site-packages/airflow/example_dags/example_latest_only.py
[2024-03-03T20:15:32.706+0000] {processor.py:840} INFO - DAG(s) 'latest_only' retrieved from /home/airflow/.local/lib/python3.8/site-packages/airflow/example_dags/example_latest_only.py
[2024-03-03T20:15:32.771+0000] {logging_mixin.py:188} INFO - [2024-03-03T20:15:32.770+0000] {dag.py:3036} INFO - Sync 1 DAGs
[2024-03-03T20:15:32.860+0000] {logging_mixin.py:188} INFO - [2024-03-03T20:15:32.859+0000] {dag.py:3823} INFO - Setting next_dagrun for latest_only to 2024-03-03 16:00:00+00:00, run_after=2024-03-03 20:00:00+00:00
[2024-03-03T20:15:32.925+0000] {processor.py:183} INFO - Processing /home/airflow/.local/lib/python3.8/site-packages/airflow/example_dags/example_latest_only.py took 0.246 seconds
[2024-03-03T20:16:03.790+0000] {processor.py:161} INFO - Started process (PID=628) to work on /home/airflow/.local/lib/python3.8/site-packages/airflow/example_dags/example_latest_only.py
[2024-03-03T20:16:03.791+0000] {processor.py:830} INFO - Processing file /home/airflow/.local/lib/python3.8/site-packages/airflow/example_dags/example_latest_only.py for tasks to queue
[2024-03-03T20:16:03.793+0000] {logging_mixin.py:188} INFO - [2024-03-03T20:16:03.792+0000] {dagbag.py:538} INFO - Filling up the DagBag from /home/airflow/.local/lib/python3.8/site-packages/airflow/example_dags/example_latest_only.py
[2024-03-03T20:16:03.800+0000] {processor.py:840} INFO - DAG(s) 'latest_only' retrieved from /home/airflow/.local/lib/python3.8/site-packages/airflow/example_dags/example_latest_only.py
[2024-03-03T20:16:03.827+0000] {logging_mixin.py:188} INFO - [2024-03-03T20:16:03.827+0000] {dag.py:3036} INFO - Sync 1 DAGs
[2024-03-03T20:16:03.857+0000] {logging_mixin.py:188} INFO - [2024-03-03T20:16:03.856+0000] {dag.py:3823} INFO - Setting next_dagrun for latest_only to 2024-03-03 16:00:00+00:00, run_after=2024-03-03 20:00:00+00:00
[2024-03-03T20:16:03.895+0000] {processor.py:183} INFO - Processing /home/airflow/.local/lib/python3.8/site-packages/airflow/example_dags/example_latest_only.py took 0.108 seconds
[2024-03-03T20:16:34.270+0000] {processor.py:161} INFO - Started process (PID=683) to work on /home/airflow/.local/lib/python3.8/site-packages/airflow/example_dags/example_latest_only.py
[2024-03-03T20:16:34.271+0000] {processor.py:830} INFO - Processing file /home/airflow/.local/lib/python3.8/site-packages/airflow/example_dags/example_latest_only.py for tasks to queue
[2024-03-03T20:16:34.272+0000] {logging_mixin.py:188} INFO - [2024-03-03T20:16:34.272+0000] {dagbag.py:538} INFO - Filling up the DagBag from /home/airflow/.local/lib/python3.8/site-packages/airflow/example_dags/example_latest_only.py
[2024-03-03T20:16:34.279+0000] {processor.py:840} INFO - DAG(s) 'latest_only' retrieved from /home/airflow/.local/lib/python3.8/site-packages/airflow/example_dags/example_latest_only.py
[2024-03-03T20:16:34.304+0000] {logging_mixin.py:188} INFO - [2024-03-03T20:16:34.303+0000] {dag.py:3036} INFO - Sync 1 DAGs
[2024-03-03T20:16:34.331+0000] {logging_mixin.py:188} INFO - [2024-03-03T20:16:34.330+0000] {dag.py:3823} INFO - Setting next_dagrun for latest_only to 2024-03-03 16:00:00+00:00, run_after=2024-03-03 20:00:00+00:00
[2024-03-03T20:16:34.355+0000] {processor.py:183} INFO - Processing /home/airflow/.local/lib/python3.8/site-packages/airflow/example_dags/example_latest_only.py took 0.088 seconds
[2024-03-03T20:17:04.864+0000] {processor.py:161} INFO - Started process (PID=738) to work on /home/airflow/.local/lib/python3.8/site-packages/airflow/example_dags/example_latest_only.py
[2024-03-03T20:17:04.867+0000] {processor.py:830} INFO - Processing file /home/airflow/.local/lib/python3.8/site-packages/airflow/example_dags/example_latest_only.py for tasks to queue
[2024-03-03T20:17:04.868+0000] {logging_mixin.py:188} INFO - [2024-03-03T20:17:04.868+0000] {dagbag.py:538} INFO - Filling up the DagBag from /home/airflow/.local/lib/python3.8/site-packages/airflow/example_dags/example_latest_only.py
[2024-03-03T20:17:04.877+0000] {processor.py:840} INFO - DAG(s) 'latest_only' retrieved from /home/airflow/.local/lib/python3.8/site-packages/airflow/example_dags/example_latest_only.py
[2024-03-03T20:17:04.903+0000] {logging_mixin.py:188} INFO - [2024-03-03T20:17:04.902+0000] {dag.py:3036} INFO - Sync 1 DAGs
[2024-03-03T20:17:04.943+0000] {logging_mixin.py:188} INFO - [2024-03-03T20:17:04.943+0000] {dag.py:3823} INFO - Setting next_dagrun for latest_only to 2024-03-03 16:00:00+00:00, run_after=2024-03-03 20:00:00+00:00
[2024-03-03T20:17:04.979+0000] {processor.py:183} INFO - Processing /home/airflow/.local/lib/python3.8/site-packages/airflow/example_dags/example_latest_only.py took 0.119 seconds
[2024-03-03T20:18:57.951+0000] {processor.py:161} INFO - Started process (PID=794) to work on /home/airflow/.local/lib/python3.8/site-packages/airflow/example_dags/example_latest_only.py
[2024-03-03T20:18:57.953+0000] {processor.py:830} INFO - Processing file /home/airflow/.local/lib/python3.8/site-packages/airflow/example_dags/example_latest_only.py for tasks to queue
[2024-03-03T20:18:57.955+0000] {logging_mixin.py:188} INFO - [2024-03-03T20:18:57.955+0000] {dagbag.py:538} INFO - Filling up the DagBag from /home/airflow/.local/lib/python3.8/site-packages/airflow/example_dags/example_latest_only.py
[2024-03-03T20:18:57.967+0000] {processor.py:840} INFO - DAG(s) 'latest_only' retrieved from /home/airflow/.local/lib/python3.8/site-packages/airflow/example_dags/example_latest_only.py
[2024-03-03T20:18:58.015+0000] {logging_mixin.py:188} INFO - [2024-03-03T20:18:58.015+0000] {dag.py:3036} INFO - Sync 1 DAGs
[2024-03-03T20:18:58.066+0000] {logging_mixin.py:188} INFO - [2024-03-03T20:18:58.065+0000] {dag.py:3823} INFO - Setting next_dagrun for latest_only to 2024-03-03 16:00:00+00:00, run_after=2024-03-03 20:00:00+00:00
[2024-03-03T20:18:58.116+0000] {processor.py:183} INFO - Processing /home/airflow/.local/lib/python3.8/site-packages/airflow/example_dags/example_latest_only.py took 0.171 seconds
[2024-03-03T20:20:54.638+0000] {processor.py:161} INFO - Started process (PID=857) to work on /home/airflow/.local/lib/python3.8/site-packages/airflow/example_dags/example_latest_only.py
[2024-03-03T20:20:54.641+0000] {processor.py:830} INFO - Processing file /home/airflow/.local/lib/python3.8/site-packages/airflow/example_dags/example_latest_only.py for tasks to queue
[2024-03-03T20:20:54.643+0000] {logging_mixin.py:188} INFO - [2024-03-03T20:20:54.643+0000] {dagbag.py:538} INFO - Filling up the DagBag from /home/airflow/.local/lib/python3.8/site-packages/airflow/example_dags/example_latest_only.py
[2024-03-03T20:20:54.657+0000] {processor.py:840} INFO - DAG(s) 'latest_only' retrieved from /home/airflow/.local/lib/python3.8/site-packages/airflow/example_dags/example_latest_only.py
[2024-03-03T20:20:54.704+0000] {logging_mixin.py:188} INFO - [2024-03-03T20:20:54.704+0000] {dag.py:3036} INFO - Sync 1 DAGs
[2024-03-03T20:20:54.752+0000] {logging_mixin.py:188} INFO - [2024-03-03T20:20:54.752+0000] {dag.py:3823} INFO - Setting next_dagrun for latest_only to 2024-03-03 16:00:00+00:00, run_after=2024-03-03 20:00:00+00:00
[2024-03-03T20:20:54.795+0000] {processor.py:183} INFO - Processing /home/airflow/.local/lib/python3.8/site-packages/airflow/example_dags/example_latest_only.py took 0.163 seconds
[2024-03-03T20:21:25.049+0000] {processor.py:161} INFO - Started process (PID=912) to work on /home/airflow/.local/lib/python3.8/site-packages/airflow/example_dags/example_latest_only.py
[2024-03-03T20:21:25.051+0000] {processor.py:830} INFO - Processing file /home/airflow/.local/lib/python3.8/site-packages/airflow/example_dags/example_latest_only.py for tasks to queue
[2024-03-03T20:21:25.053+0000] {logging_mixin.py:188} INFO - [2024-03-03T20:21:25.053+0000] {dagbag.py:538} INFO - Filling up the DagBag from /home/airflow/.local/lib/python3.8/site-packages/airflow/example_dags/example_latest_only.py
[2024-03-03T20:21:25.063+0000] {processor.py:840} INFO - DAG(s) 'latest_only' retrieved from /home/airflow/.local/lib/python3.8/site-packages/airflow/example_dags/example_latest_only.py
[2024-03-03T20:21:25.106+0000] {logging_mixin.py:188} INFO - [2024-03-03T20:21:25.105+0000] {dag.py:3036} INFO - Sync 1 DAGs
[2024-03-03T20:21:25.155+0000] {logging_mixin.py:188} INFO - [2024-03-03T20:21:25.154+0000] {dag.py:3823} INFO - Setting next_dagrun for latest_only to 2024-03-03 16:00:00+00:00, run_after=2024-03-03 20:00:00+00:00
[2024-03-03T20:21:25.212+0000] {processor.py:183} INFO - Processing /home/airflow/.local/lib/python3.8/site-packages/airflow/example_dags/example_latest_only.py took 0.168 seconds
[2024-03-03T20:29:46.341+0000] {processor.py:161} INFO - Started process (PID=79) to work on /home/airflow/.local/lib/python3.8/site-packages/airflow/example_dags/example_latest_only.py
[2024-03-03T20:29:46.342+0000] {processor.py:830} INFO - Processing file /home/airflow/.local/lib/python3.8/site-packages/airflow/example_dags/example_latest_only.py for tasks to queue
[2024-03-03T20:29:46.345+0000] {logging_mixin.py:188} INFO - [2024-03-03T20:29:46.345+0000] {dagbag.py:538} INFO - Filling up the DagBag from /home/airflow/.local/lib/python3.8/site-packages/airflow/example_dags/example_latest_only.py
[2024-03-03T20:29:46.353+0000] {processor.py:840} INFO - DAG(s) 'latest_only' retrieved from /home/airflow/.local/lib/python3.8/site-packages/airflow/example_dags/example_latest_only.py
[2024-03-03T20:29:46.544+0000] {logging_mixin.py:188} INFO - [2024-03-03T20:29:46.543+0000] {dag.py:3036} INFO - Sync 1 DAGs
[2024-03-03T20:29:46.596+0000] {logging_mixin.py:188} INFO - [2024-03-03T20:29:46.595+0000] {dag.py:3823} INFO - Setting next_dagrun for latest_only to 2024-03-03 16:00:00+00:00, run_after=2024-03-03 20:00:00+00:00
[2024-03-03T20:29:46.655+0000] {processor.py:183} INFO - Processing /home/airflow/.local/lib/python3.8/site-packages/airflow/example_dags/example_latest_only.py took 0.319 seconds
[2024-03-03T20:33:12.003+0000] {processor.py:161} INFO - Started process (PID=133) to work on /home/airflow/.local/lib/python3.8/site-packages/airflow/example_dags/example_latest_only.py
[2024-03-03T20:33:12.005+0000] {processor.py:830} INFO - Processing file /home/airflow/.local/lib/python3.8/site-packages/airflow/example_dags/example_latest_only.py for tasks to queue
[2024-03-03T20:33:12.007+0000] {logging_mixin.py:188} INFO - [2024-03-03T20:33:12.007+0000] {dagbag.py:538} INFO - Filling up the DagBag from /home/airflow/.local/lib/python3.8/site-packages/airflow/example_dags/example_latest_only.py
[2024-03-03T20:33:12.016+0000] {processor.py:840} INFO - DAG(s) 'latest_only' retrieved from /home/airflow/.local/lib/python3.8/site-packages/airflow/example_dags/example_latest_only.py
[2024-03-03T20:33:12.058+0000] {logging_mixin.py:188} INFO - [2024-03-03T20:33:12.057+0000] {dag.py:3036} INFO - Sync 1 DAGs
[2024-03-03T20:33:12.106+0000] {logging_mixin.py:188} INFO - [2024-03-03T20:33:12.106+0000] {dag.py:3823} INFO - Setting next_dagrun for latest_only to 2024-03-03 16:00:00+00:00, run_after=2024-03-03 20:00:00+00:00
[2024-03-03T20:33:12.144+0000] {processor.py:183} INFO - Processing /home/airflow/.local/lib/python3.8/site-packages/airflow/example_dags/example_latest_only.py took 0.147 seconds
[2024-03-03T20:34:26.429+0000] {processor.py:161} INFO - Started process (PID=191) to work on /home/airflow/.local/lib/python3.8/site-packages/airflow/example_dags/example_latest_only.py
[2024-03-03T20:34:26.432+0000] {processor.py:830} INFO - Processing file /home/airflow/.local/lib/python3.8/site-packages/airflow/example_dags/example_latest_only.py for tasks to queue
[2024-03-03T20:34:26.434+0000] {logging_mixin.py:188} INFO - [2024-03-03T20:34:26.433+0000] {dagbag.py:538} INFO - Filling up the DagBag from /home/airflow/.local/lib/python3.8/site-packages/airflow/example_dags/example_latest_only.py
[2024-03-03T20:34:26.451+0000] {processor.py:840} INFO - DAG(s) 'latest_only' retrieved from /home/airflow/.local/lib/python3.8/site-packages/airflow/example_dags/example_latest_only.py
[2024-03-03T20:34:26.508+0000] {logging_mixin.py:188} INFO - [2024-03-03T20:34:26.507+0000] {dag.py:3036} INFO - Sync 1 DAGs
[2024-03-03T20:34:26.585+0000] {logging_mixin.py:188} INFO - [2024-03-03T20:34:26.584+0000] {dag.py:3823} INFO - Setting next_dagrun for latest_only to 2024-03-03 16:00:00+00:00, run_after=2024-03-03 20:00:00+00:00
[2024-03-03T20:34:26.663+0000] {processor.py:183} INFO - Processing /home/airflow/.local/lib/python3.8/site-packages/airflow/example_dags/example_latest_only.py took 0.242 seconds
[2024-03-03T20:36:34.044+0000] {processor.py:161} INFO - Started process (PID=243) to work on /home/airflow/.local/lib/python3.8/site-packages/airflow/example_dags/example_latest_only.py
[2024-03-03T20:36:34.046+0000] {processor.py:830} INFO - Processing file /home/airflow/.local/lib/python3.8/site-packages/airflow/example_dags/example_latest_only.py for tasks to queue
[2024-03-03T20:36:34.049+0000] {logging_mixin.py:188} INFO - [2024-03-03T20:36:34.048+0000] {dagbag.py:538} INFO - Filling up the DagBag from /home/airflow/.local/lib/python3.8/site-packages/airflow/example_dags/example_latest_only.py
[2024-03-03T20:36:34.061+0000] {processor.py:840} INFO - DAG(s) 'latest_only' retrieved from /home/airflow/.local/lib/python3.8/site-packages/airflow/example_dags/example_latest_only.py
[2024-03-03T20:36:34.117+0000] {logging_mixin.py:188} INFO - [2024-03-03T20:36:34.117+0000] {dag.py:3036} INFO - Sync 1 DAGs
[2024-03-03T20:36:34.191+0000] {logging_mixin.py:188} INFO - [2024-03-03T20:36:34.190+0000] {dag.py:3823} INFO - Setting next_dagrun for latest_only to 2024-03-03 16:00:00+00:00, run_after=2024-03-03 20:00:00+00:00
[2024-03-03T20:36:34.270+0000] {processor.py:183} INFO - Processing /home/airflow/.local/lib/python3.8/site-packages/airflow/example_dags/example_latest_only.py took 0.233 seconds
[2024-03-03T20:39:38.453+0000] {processor.py:161} INFO - Started process (PID=334) to work on /home/airflow/.local/lib/python3.8/site-packages/airflow/example_dags/example_latest_only.py
[2024-03-03T20:39:38.462+0000] {processor.py:830} INFO - Processing file /home/airflow/.local/lib/python3.8/site-packages/airflow/example_dags/example_latest_only.py for tasks to queue
[2024-03-03T20:39:38.465+0000] {logging_mixin.py:188} INFO - [2024-03-03T20:39:38.465+0000] {dagbag.py:538} INFO - Filling up the DagBag from /home/airflow/.local/lib/python3.8/site-packages/airflow/example_dags/example_latest_only.py
[2024-03-03T20:39:38.485+0000] {processor.py:840} INFO - DAG(s) 'latest_only' retrieved from /home/airflow/.local/lib/python3.8/site-packages/airflow/example_dags/example_latest_only.py
[2024-03-03T20:39:38.534+0000] {logging_mixin.py:188} INFO - [2024-03-03T20:39:38.533+0000] {dag.py:3036} INFO - Sync 1 DAGs
[2024-03-03T20:39:38.607+0000] {logging_mixin.py:188} INFO - [2024-03-03T20:39:38.606+0000] {dag.py:3823} INFO - Setting next_dagrun for latest_only to 2024-03-03 16:00:00+00:00, run_after=2024-03-03 20:00:00+00:00
[2024-03-03T20:39:38.736+0000] {processor.py:183} INFO - Processing /home/airflow/.local/lib/python3.8/site-packages/airflow/example_dags/example_latest_only.py took 0.292 seconds
[2024-03-03T20:40:09.467+0000] {processor.py:161} INFO - Started process (PID=389) to work on /home/airflow/.local/lib/python3.8/site-packages/airflow/example_dags/example_latest_only.py
[2024-03-03T20:40:09.477+0000] {processor.py:830} INFO - Processing file /home/airflow/.local/lib/python3.8/site-packages/airflow/example_dags/example_latest_only.py for tasks to queue
[2024-03-03T20:40:09.480+0000] {logging_mixin.py:188} INFO - [2024-03-03T20:40:09.479+0000] {dagbag.py:538} INFO - Filling up the DagBag from /home/airflow/.local/lib/python3.8/site-packages/airflow/example_dags/example_latest_only.py
[2024-03-03T20:40:09.492+0000] {processor.py:840} INFO - DAG(s) 'latest_only' retrieved from /home/airflow/.local/lib/python3.8/site-packages/airflow/example_dags/example_latest_only.py
[2024-03-03T20:40:09.529+0000] {logging_mixin.py:188} INFO - [2024-03-03T20:40:09.529+0000] {dag.py:3036} INFO - Sync 1 DAGs
[2024-03-03T20:40:09.578+0000] {logging_mixin.py:188} INFO - [2024-03-03T20:40:09.578+0000] {dag.py:3823} INFO - Setting next_dagrun for latest_only to 2024-03-03 16:00:00+00:00, run_after=2024-03-03 20:00:00+00:00
[2024-03-03T20:40:09.620+0000] {processor.py:183} INFO - Processing /home/airflow/.local/lib/python3.8/site-packages/airflow/example_dags/example_latest_only.py took 0.160 seconds
[2024-03-03T20:40:40.003+0000] {processor.py:161} INFO - Started process (PID=444) to work on /home/airflow/.local/lib/python3.8/site-packages/airflow/example_dags/example_latest_only.py
[2024-03-03T20:40:40.004+0000] {processor.py:830} INFO - Processing file /home/airflow/.local/lib/python3.8/site-packages/airflow/example_dags/example_latest_only.py for tasks to queue
[2024-03-03T20:40:40.005+0000] {logging_mixin.py:188} INFO - [2024-03-03T20:40:40.005+0000] {dagbag.py:538} INFO - Filling up the DagBag from /home/airflow/.local/lib/python3.8/site-packages/airflow/example_dags/example_latest_only.py
[2024-03-03T20:40:40.012+0000] {processor.py:840} INFO - DAG(s) 'latest_only' retrieved from /home/airflow/.local/lib/python3.8/site-packages/airflow/example_dags/example_latest_only.py
[2024-03-03T20:40:40.032+0000] {logging_mixin.py:188} INFO - [2024-03-03T20:40:40.031+0000] {dag.py:3036} INFO - Sync 1 DAGs
[2024-03-03T20:40:40.054+0000] {logging_mixin.py:188} INFO - [2024-03-03T20:40:40.054+0000] {dag.py:3823} INFO - Setting next_dagrun for latest_only to 2024-03-03 16:00:00+00:00, run_after=2024-03-03 20:00:00+00:00
[2024-03-03T20:40:40.071+0000] {processor.py:183} INFO - Processing /home/airflow/.local/lib/python3.8/site-packages/airflow/example_dags/example_latest_only.py took 0.072 seconds
[2024-03-03T20:42:58.252+0000] {processor.py:161} INFO - Started process (PID=533) to work on /home/airflow/.local/lib/python3.8/site-packages/airflow/example_dags/example_latest_only.py
[2024-03-03T20:42:58.257+0000] {processor.py:830} INFO - Processing file /home/airflow/.local/lib/python3.8/site-packages/airflow/example_dags/example_latest_only.py for tasks to queue
[2024-03-03T20:42:58.260+0000] {logging_mixin.py:188} INFO - [2024-03-03T20:42:58.259+0000] {dagbag.py:538} INFO - Filling up the DagBag from /home/airflow/.local/lib/python3.8/site-packages/airflow/example_dags/example_latest_only.py
[2024-03-03T20:42:58.278+0000] {processor.py:840} INFO - DAG(s) 'latest_only' retrieved from /home/airflow/.local/lib/python3.8/site-packages/airflow/example_dags/example_latest_only.py
[2024-03-03T20:42:58.337+0000] {logging_mixin.py:188} INFO - [2024-03-03T20:42:58.337+0000] {dag.py:3036} INFO - Sync 1 DAGs
[2024-03-03T20:42:58.406+0000] {logging_mixin.py:188} INFO - [2024-03-03T20:42:58.405+0000] {dag.py:3823} INFO - Setting next_dagrun for latest_only to 2024-03-03 16:00:00+00:00, run_after=2024-03-03 20:00:00+00:00
[2024-03-03T20:42:58.460+0000] {processor.py:183} INFO - Processing /home/airflow/.local/lib/python3.8/site-packages/airflow/example_dags/example_latest_only.py took 0.214 seconds
[2024-03-03T20:46:07.852+0000] {processor.py:161} INFO - Started process (PID=591) to work on /home/airflow/.local/lib/python3.8/site-packages/airflow/example_dags/example_latest_only.py
[2024-03-03T20:46:07.858+0000] {processor.py:830} INFO - Processing file /home/airflow/.local/lib/python3.8/site-packages/airflow/example_dags/example_latest_only.py for tasks to queue
[2024-03-03T20:46:07.866+0000] {logging_mixin.py:188} INFO - [2024-03-03T20:46:07.864+0000] {dagbag.py:538} INFO - Filling up the DagBag from /home/airflow/.local/lib/python3.8/site-packages/airflow/example_dags/example_latest_only.py
[2024-03-03T20:46:07.889+0000] {processor.py:840} INFO - DAG(s) 'latest_only' retrieved from /home/airflow/.local/lib/python3.8/site-packages/airflow/example_dags/example_latest_only.py
[2024-03-03T20:46:07.957+0000] {logging_mixin.py:188} INFO - [2024-03-03T20:46:07.956+0000] {dag.py:3036} INFO - Sync 1 DAGs
[2024-03-03T20:46:08.045+0000] {logging_mixin.py:188} INFO - [2024-03-03T20:46:08.045+0000] {dag.py:3823} INFO - Setting next_dagrun for latest_only to 2024-03-03 16:00:00+00:00, run_after=2024-03-03 20:00:00+00:00
[2024-03-03T20:46:08.113+0000] {processor.py:183} INFO - Processing /home/airflow/.local/lib/python3.8/site-packages/airflow/example_dags/example_latest_only.py took 0.271 seconds
[2024-03-03T20:48:10.462+0000] {processor.py:161} INFO - Started process (PID=652) to work on /home/airflow/.local/lib/python3.8/site-packages/airflow/example_dags/example_latest_only.py
[2024-03-03T20:48:10.465+0000] {processor.py:830} INFO - Processing file /home/airflow/.local/lib/python3.8/site-packages/airflow/example_dags/example_latest_only.py for tasks to queue
[2024-03-03T20:48:10.468+0000] {logging_mixin.py:188} INFO - [2024-03-03T20:48:10.467+0000] {dagbag.py:538} INFO - Filling up the DagBag from /home/airflow/.local/lib/python3.8/site-packages/airflow/example_dags/example_latest_only.py
[2024-03-03T20:48:10.485+0000] {processor.py:840} INFO - DAG(s) 'latest_only' retrieved from /home/airflow/.local/lib/python3.8/site-packages/airflow/example_dags/example_latest_only.py
[2024-03-03T20:48:10.548+0000] {logging_mixin.py:188} INFO - [2024-03-03T20:48:10.547+0000] {dag.py:3036} INFO - Sync 1 DAGs
[2024-03-03T20:48:10.623+0000] {logging_mixin.py:188} INFO - [2024-03-03T20:48:10.622+0000] {dag.py:3823} INFO - Setting next_dagrun for latest_only to 2024-03-03 16:00:00+00:00, run_after=2024-03-03 20:00:00+00:00
[2024-03-03T20:48:10.685+0000] {processor.py:183} INFO - Processing /home/airflow/.local/lib/python3.8/site-packages/airflow/example_dags/example_latest_only.py took 0.230 seconds
[2024-03-03T20:48:41.710+0000] {processor.py:161} INFO - Started process (PID=707) to work on /home/airflow/.local/lib/python3.8/site-packages/airflow/example_dags/example_latest_only.py
[2024-03-03T20:48:41.712+0000] {processor.py:830} INFO - Processing file /home/airflow/.local/lib/python3.8/site-packages/airflow/example_dags/example_latest_only.py for tasks to queue
[2024-03-03T20:48:41.715+0000] {logging_mixin.py:188} INFO - [2024-03-03T20:48:41.714+0000] {dagbag.py:538} INFO - Filling up the DagBag from /home/airflow/.local/lib/python3.8/site-packages/airflow/example_dags/example_latest_only.py
[2024-03-03T20:48:41.727+0000] {processor.py:840} INFO - DAG(s) 'latest_only' retrieved from /home/airflow/.local/lib/python3.8/site-packages/airflow/example_dags/example_latest_only.py
[2024-03-03T20:48:41.766+0000] {logging_mixin.py:188} INFO - [2024-03-03T20:48:41.765+0000] {dag.py:3036} INFO - Sync 1 DAGs
[2024-03-03T20:48:41.825+0000] {logging_mixin.py:188} INFO - [2024-03-03T20:48:41.824+0000] {dag.py:3823} INFO - Setting next_dagrun for latest_only to 2024-03-03 16:00:00+00:00, run_after=2024-03-03 20:00:00+00:00
[2024-03-03T20:48:41.873+0000] {processor.py:183} INFO - Processing /home/airflow/.local/lib/python3.8/site-packages/airflow/example_dags/example_latest_only.py took 0.169 seconds
[2024-03-03T21:02:28.908+0000] {processor.py:161} INFO - Started process (PID=73) to work on /home/airflow/.local/lib/python3.8/site-packages/airflow/example_dags/example_latest_only.py
[2024-03-03T21:02:28.910+0000] {processor.py:830} INFO - Processing file /home/airflow/.local/lib/python3.8/site-packages/airflow/example_dags/example_latest_only.py for tasks to queue
[2024-03-03T21:02:28.913+0000] {logging_mixin.py:188} INFO - [2024-03-03T21:02:28.912+0000] {dagbag.py:538} INFO - Filling up the DagBag from /home/airflow/.local/lib/python3.8/site-packages/airflow/example_dags/example_latest_only.py
[2024-03-03T21:02:28.920+0000] {processor.py:840} INFO - DAG(s) 'latest_only' retrieved from /home/airflow/.local/lib/python3.8/site-packages/airflow/example_dags/example_latest_only.py
[2024-03-03T21:02:29.130+0000] {logging_mixin.py:188} INFO - [2024-03-03T21:02:29.130+0000] {dag.py:3036} INFO - Sync 1 DAGs
[2024-03-03T21:02:29.166+0000] {logging_mixin.py:188} INFO - [2024-03-03T21:02:29.166+0000] {dag.py:3823} INFO - Setting next_dagrun for latest_only to 2024-03-03 16:00:00+00:00, run_after=2024-03-03 20:00:00+00:00
[2024-03-03T21:02:29.202+0000] {processor.py:183} INFO - Processing /home/airflow/.local/lib/python3.8/site-packages/airflow/example_dags/example_latest_only.py took 0.299 seconds
[2024-03-03T21:03:00.046+0000] {processor.py:161} INFO - Started process (PID=134) to work on /home/airflow/.local/lib/python3.8/site-packages/airflow/example_dags/example_latest_only.py
[2024-03-03T21:03:00.047+0000] {processor.py:830} INFO - Processing file /home/airflow/.local/lib/python3.8/site-packages/airflow/example_dags/example_latest_only.py for tasks to queue
[2024-03-03T21:03:00.049+0000] {logging_mixin.py:188} INFO - [2024-03-03T21:03:00.049+0000] {dagbag.py:538} INFO - Filling up the DagBag from /home/airflow/.local/lib/python3.8/site-packages/airflow/example_dags/example_latest_only.py
[2024-03-03T21:03:00.055+0000] {processor.py:840} INFO - DAG(s) 'latest_only' retrieved from /home/airflow/.local/lib/python3.8/site-packages/airflow/example_dags/example_latest_only.py
[2024-03-03T21:03:00.077+0000] {logging_mixin.py:188} INFO - [2024-03-03T21:03:00.077+0000] {dag.py:3036} INFO - Sync 1 DAGs
[2024-03-03T21:03:00.104+0000] {logging_mixin.py:188} INFO - [2024-03-03T21:03:00.104+0000] {dag.py:3823} INFO - Setting next_dagrun for latest_only to 2024-03-03 16:00:00+00:00, run_after=2024-03-03 20:00:00+00:00
[2024-03-03T21:03:00.125+0000] {processor.py:183} INFO - Processing /home/airflow/.local/lib/python3.8/site-packages/airflow/example_dags/example_latest_only.py took 0.083 seconds
[2024-03-03T21:03:30.211+0000] {processor.py:161} INFO - Started process (PID=189) to work on /home/airflow/.local/lib/python3.8/site-packages/airflow/example_dags/example_latest_only.py
[2024-03-03T21:03:30.212+0000] {processor.py:830} INFO - Processing file /home/airflow/.local/lib/python3.8/site-packages/airflow/example_dags/example_latest_only.py for tasks to queue
[2024-03-03T21:03:30.215+0000] {logging_mixin.py:188} INFO - [2024-03-03T21:03:30.215+0000] {dagbag.py:538} INFO - Filling up the DagBag from /home/airflow/.local/lib/python3.8/site-packages/airflow/example_dags/example_latest_only.py
[2024-03-03T21:03:30.223+0000] {processor.py:840} INFO - DAG(s) 'latest_only' retrieved from /home/airflow/.local/lib/python3.8/site-packages/airflow/example_dags/example_latest_only.py
[2024-03-03T21:03:30.252+0000] {logging_mixin.py:188} INFO - [2024-03-03T21:03:30.251+0000] {dag.py:3036} INFO - Sync 1 DAGs
[2024-03-03T21:03:30.281+0000] {logging_mixin.py:188} INFO - [2024-03-03T21:03:30.281+0000] {dag.py:3823} INFO - Setting next_dagrun for latest_only to 2024-03-03 16:00:00+00:00, run_after=2024-03-03 20:00:00+00:00
[2024-03-03T21:03:30.304+0000] {processor.py:183} INFO - Processing /home/airflow/.local/lib/python3.8/site-packages/airflow/example_dags/example_latest_only.py took 0.098 seconds
[2024-03-03T21:04:01.129+0000] {processor.py:161} INFO - Started process (PID=244) to work on /home/airflow/.local/lib/python3.8/site-packages/airflow/example_dags/example_latest_only.py
[2024-03-03T21:04:01.131+0000] {processor.py:830} INFO - Processing file /home/airflow/.local/lib/python3.8/site-packages/airflow/example_dags/example_latest_only.py for tasks to queue
[2024-03-03T21:04:01.134+0000] {logging_mixin.py:188} INFO - [2024-03-03T21:04:01.133+0000] {dagbag.py:538} INFO - Filling up the DagBag from /home/airflow/.local/lib/python3.8/site-packages/airflow/example_dags/example_latest_only.py
[2024-03-03T21:04:01.142+0000] {processor.py:840} INFO - DAG(s) 'latest_only' retrieved from /home/airflow/.local/lib/python3.8/site-packages/airflow/example_dags/example_latest_only.py
[2024-03-03T21:04:01.170+0000] {logging_mixin.py:188} INFO - [2024-03-03T21:04:01.170+0000] {dag.py:3036} INFO - Sync 1 DAGs
[2024-03-03T21:04:01.203+0000] {logging_mixin.py:188} INFO - [2024-03-03T21:04:01.203+0000] {dag.py:3823} INFO - Setting next_dagrun for latest_only to 2024-03-03 16:00:00+00:00, run_after=2024-03-03 20:00:00+00:00
[2024-03-03T21:04:01.232+0000] {processor.py:183} INFO - Processing /home/airflow/.local/lib/python3.8/site-packages/airflow/example_dags/example_latest_only.py took 0.107 seconds
[2024-03-03T21:04:31.595+0000] {processor.py:161} INFO - Started process (PID=299) to work on /home/airflow/.local/lib/python3.8/site-packages/airflow/example_dags/example_latest_only.py
[2024-03-03T21:04:31.596+0000] {processor.py:830} INFO - Processing file /home/airflow/.local/lib/python3.8/site-packages/airflow/example_dags/example_latest_only.py for tasks to queue
[2024-03-03T21:04:31.598+0000] {logging_mixin.py:188} INFO - [2024-03-03T21:04:31.598+0000] {dagbag.py:538} INFO - Filling up the DagBag from /home/airflow/.local/lib/python3.8/site-packages/airflow/example_dags/example_latest_only.py
[2024-03-03T21:04:31.604+0000] {processor.py:840} INFO - DAG(s) 'latest_only' retrieved from /home/airflow/.local/lib/python3.8/site-packages/airflow/example_dags/example_latest_only.py
[2024-03-03T21:04:31.632+0000] {logging_mixin.py:188} INFO - [2024-03-03T21:04:31.632+0000] {dag.py:3036} INFO - Sync 1 DAGs
[2024-03-03T21:04:31.663+0000] {logging_mixin.py:188} INFO - [2024-03-03T21:04:31.663+0000] {dag.py:3823} INFO - Setting next_dagrun for latest_only to 2024-03-03 16:00:00+00:00, run_after=2024-03-03 20:00:00+00:00
[2024-03-03T21:04:31.688+0000] {processor.py:183} INFO - Processing /home/airflow/.local/lib/python3.8/site-packages/airflow/example_dags/example_latest_only.py took 0.098 seconds
[2024-03-03T21:05:02.134+0000] {processor.py:161} INFO - Started process (PID=354) to work on /home/airflow/.local/lib/python3.8/site-packages/airflow/example_dags/example_latest_only.py
[2024-03-03T21:05:02.140+0000] {processor.py:830} INFO - Processing file /home/airflow/.local/lib/python3.8/site-packages/airflow/example_dags/example_latest_only.py for tasks to queue
[2024-03-03T21:05:02.146+0000] {logging_mixin.py:188} INFO - [2024-03-03T21:05:02.145+0000] {dagbag.py:538} INFO - Filling up the DagBag from /home/airflow/.local/lib/python3.8/site-packages/airflow/example_dags/example_latest_only.py
[2024-03-03T21:05:02.157+0000] {processor.py:840} INFO - DAG(s) 'latest_only' retrieved from /home/airflow/.local/lib/python3.8/site-packages/airflow/example_dags/example_latest_only.py
[2024-03-03T21:05:02.195+0000] {logging_mixin.py:188} INFO - [2024-03-03T21:05:02.194+0000] {dag.py:3036} INFO - Sync 1 DAGs
[2024-03-03T21:05:02.231+0000] {logging_mixin.py:188} INFO - [2024-03-03T21:05:02.230+0000] {dag.py:3823} INFO - Setting next_dagrun for latest_only to 2024-03-03 16:00:00+00:00, run_after=2024-03-03 20:00:00+00:00
[2024-03-03T21:05:02.263+0000] {processor.py:183} INFO - Processing /home/airflow/.local/lib/python3.8/site-packages/airflow/example_dags/example_latest_only.py took 0.135 seconds
[2024-03-03T21:05:32.759+0000] {processor.py:161} INFO - Started process (PID=409) to work on /home/airflow/.local/lib/python3.8/site-packages/airflow/example_dags/example_latest_only.py
[2024-03-03T21:05:32.761+0000] {processor.py:830} INFO - Processing file /home/airflow/.local/lib/python3.8/site-packages/airflow/example_dags/example_latest_only.py for tasks to queue
[2024-03-03T21:05:32.763+0000] {logging_mixin.py:188} INFO - [2024-03-03T21:05:32.762+0000] {dagbag.py:538} INFO - Filling up the DagBag from /home/airflow/.local/lib/python3.8/site-packages/airflow/example_dags/example_latest_only.py
[2024-03-03T21:05:32.768+0000] {processor.py:840} INFO - DAG(s) 'latest_only' retrieved from /home/airflow/.local/lib/python3.8/site-packages/airflow/example_dags/example_latest_only.py
[2024-03-03T21:05:32.793+0000] {logging_mixin.py:188} INFO - [2024-03-03T21:05:32.793+0000] {dag.py:3036} INFO - Sync 1 DAGs
[2024-03-03T21:05:32.822+0000] {logging_mixin.py:188} INFO - [2024-03-03T21:05:32.821+0000] {dag.py:3823} INFO - Setting next_dagrun for latest_only to 2024-03-03 16:00:00+00:00, run_after=2024-03-03 20:00:00+00:00
[2024-03-03T21:05:32.846+0000] {processor.py:183} INFO - Processing /home/airflow/.local/lib/python3.8/site-packages/airflow/example_dags/example_latest_only.py took 0.090 seconds
[2024-03-03T21:06:03.029+0000] {processor.py:161} INFO - Started process (PID=464) to work on /home/airflow/.local/lib/python3.8/site-packages/airflow/example_dags/example_latest_only.py
[2024-03-03T21:06:03.030+0000] {processor.py:830} INFO - Processing file /home/airflow/.local/lib/python3.8/site-packages/airflow/example_dags/example_latest_only.py for tasks to queue
[2024-03-03T21:06:03.034+0000] {logging_mixin.py:188} INFO - [2024-03-03T21:06:03.033+0000] {dagbag.py:538} INFO - Filling up the DagBag from /home/airflow/.local/lib/python3.8/site-packages/airflow/example_dags/example_latest_only.py
[2024-03-03T21:06:03.041+0000] {processor.py:840} INFO - DAG(s) 'latest_only' retrieved from /home/airflow/.local/lib/python3.8/site-packages/airflow/example_dags/example_latest_only.py
[2024-03-03T21:06:03.072+0000] {logging_mixin.py:188} INFO - [2024-03-03T21:06:03.071+0000] {dag.py:3036} INFO - Sync 1 DAGs
[2024-03-03T21:06:03.106+0000] {logging_mixin.py:188} INFO - [2024-03-03T21:06:03.105+0000] {dag.py:3823} INFO - Setting next_dagrun for latest_only to 2024-03-03 16:00:00+00:00, run_after=2024-03-03 20:00:00+00:00
[2024-03-03T21:06:03.133+0000] {processor.py:183} INFO - Processing /home/airflow/.local/lib/python3.8/site-packages/airflow/example_dags/example_latest_only.py took 0.109 seconds
[2024-03-03T21:06:34.328+0000] {processor.py:161} INFO - Started process (PID=519) to work on /home/airflow/.local/lib/python3.8/site-packages/airflow/example_dags/example_latest_only.py
[2024-03-03T21:06:34.330+0000] {processor.py:830} INFO - Processing file /home/airflow/.local/lib/python3.8/site-packages/airflow/example_dags/example_latest_only.py for tasks to queue
[2024-03-03T21:06:34.332+0000] {logging_mixin.py:188} INFO - [2024-03-03T21:06:34.332+0000] {dagbag.py:538} INFO - Filling up the DagBag from /home/airflow/.local/lib/python3.8/site-packages/airflow/example_dags/example_latest_only.py
[2024-03-03T21:06:34.339+0000] {processor.py:840} INFO - DAG(s) 'latest_only' retrieved from /home/airflow/.local/lib/python3.8/site-packages/airflow/example_dags/example_latest_only.py
[2024-03-03T21:06:34.371+0000] {logging_mixin.py:188} INFO - [2024-03-03T21:06:34.371+0000] {dag.py:3036} INFO - Sync 1 DAGs
[2024-03-03T21:06:34.401+0000] {logging_mixin.py:188} INFO - [2024-03-03T21:06:34.401+0000] {dag.py:3823} INFO - Setting next_dagrun for latest_only to 2024-03-03 16:00:00+00:00, run_after=2024-03-03 20:00:00+00:00
[2024-03-03T21:06:34.429+0000] {processor.py:183} INFO - Processing /home/airflow/.local/lib/python3.8/site-packages/airflow/example_dags/example_latest_only.py took 0.105 seconds
[2024-03-03T21:07:04.786+0000] {processor.py:161} INFO - Started process (PID=574) to work on /home/airflow/.local/lib/python3.8/site-packages/airflow/example_dags/example_latest_only.py
[2024-03-03T21:07:04.788+0000] {processor.py:830} INFO - Processing file /home/airflow/.local/lib/python3.8/site-packages/airflow/example_dags/example_latest_only.py for tasks to queue
[2024-03-03T21:07:04.791+0000] {logging_mixin.py:188} INFO - [2024-03-03T21:07:04.791+0000] {dagbag.py:538} INFO - Filling up the DagBag from /home/airflow/.local/lib/python3.8/site-packages/airflow/example_dags/example_latest_only.py
[2024-03-03T21:07:04.799+0000] {processor.py:840} INFO - DAG(s) 'latest_only' retrieved from /home/airflow/.local/lib/python3.8/site-packages/airflow/example_dags/example_latest_only.py
[2024-03-03T21:07:04.830+0000] {logging_mixin.py:188} INFO - [2024-03-03T21:07:04.830+0000] {dag.py:3036} INFO - Sync 1 DAGs
[2024-03-03T21:07:04.858+0000] {logging_mixin.py:188} INFO - [2024-03-03T21:07:04.858+0000] {dag.py:3823} INFO - Setting next_dagrun for latest_only to 2024-03-03 16:00:00+00:00, run_after=2024-03-03 20:00:00+00:00
[2024-03-03T21:07:04.882+0000] {processor.py:183} INFO - Processing /home/airflow/.local/lib/python3.8/site-packages/airflow/example_dags/example_latest_only.py took 0.101 seconds
[2024-03-03T21:07:35.140+0000] {processor.py:161} INFO - Started process (PID=629) to work on /home/airflow/.local/lib/python3.8/site-packages/airflow/example_dags/example_latest_only.py
[2024-03-03T21:07:35.141+0000] {processor.py:830} INFO - Processing file /home/airflow/.local/lib/python3.8/site-packages/airflow/example_dags/example_latest_only.py for tasks to queue
[2024-03-03T21:07:35.143+0000] {logging_mixin.py:188} INFO - [2024-03-03T21:07:35.143+0000] {dagbag.py:538} INFO - Filling up the DagBag from /home/airflow/.local/lib/python3.8/site-packages/airflow/example_dags/example_latest_only.py
[2024-03-03T21:07:35.149+0000] {processor.py:840} INFO - DAG(s) 'latest_only' retrieved from /home/airflow/.local/lib/python3.8/site-packages/airflow/example_dags/example_latest_only.py
[2024-03-03T21:07:35.173+0000] {logging_mixin.py:188} INFO - [2024-03-03T21:07:35.173+0000] {dag.py:3036} INFO - Sync 1 DAGs
[2024-03-03T21:07:35.203+0000] {logging_mixin.py:188} INFO - [2024-03-03T21:07:35.202+0000] {dag.py:3823} INFO - Setting next_dagrun for latest_only to 2024-03-03 16:00:00+00:00, run_after=2024-03-03 20:00:00+00:00
[2024-03-03T21:07:35.230+0000] {processor.py:183} INFO - Processing /home/airflow/.local/lib/python3.8/site-packages/airflow/example_dags/example_latest_only.py took 0.094 seconds
[2024-03-03T21:08:05.329+0000] {processor.py:161} INFO - Started process (PID=684) to work on /home/airflow/.local/lib/python3.8/site-packages/airflow/example_dags/example_latest_only.py
[2024-03-03T21:08:05.330+0000] {processor.py:830} INFO - Processing file /home/airflow/.local/lib/python3.8/site-packages/airflow/example_dags/example_latest_only.py for tasks to queue
[2024-03-03T21:08:05.332+0000] {logging_mixin.py:188} INFO - [2024-03-03T21:08:05.332+0000] {dagbag.py:538} INFO - Filling up the DagBag from /home/airflow/.local/lib/python3.8/site-packages/airflow/example_dags/example_latest_only.py
[2024-03-03T21:08:05.337+0000] {processor.py:840} INFO - DAG(s) 'latest_only' retrieved from /home/airflow/.local/lib/python3.8/site-packages/airflow/example_dags/example_latest_only.py
[2024-03-03T21:08:05.358+0000] {logging_mixin.py:188} INFO - [2024-03-03T21:08:05.358+0000] {dag.py:3036} INFO - Sync 1 DAGs
[2024-03-03T21:08:05.382+0000] {logging_mixin.py:188} INFO - [2024-03-03T21:08:05.382+0000] {dag.py:3823} INFO - Setting next_dagrun for latest_only to 2024-03-03 16:00:00+00:00, run_after=2024-03-03 20:00:00+00:00
[2024-03-03T21:08:05.407+0000] {processor.py:183} INFO - Processing /home/airflow/.local/lib/python3.8/site-packages/airflow/example_dags/example_latest_only.py took 0.080 seconds
[2024-03-03T21:08:35.634+0000] {processor.py:161} INFO - Started process (PID=739) to work on /home/airflow/.local/lib/python3.8/site-packages/airflow/example_dags/example_latest_only.py
[2024-03-03T21:08:35.636+0000] {processor.py:830} INFO - Processing file /home/airflow/.local/lib/python3.8/site-packages/airflow/example_dags/example_latest_only.py for tasks to queue
[2024-03-03T21:08:35.638+0000] {logging_mixin.py:188} INFO - [2024-03-03T21:08:35.637+0000] {dagbag.py:538} INFO - Filling up the DagBag from /home/airflow/.local/lib/python3.8/site-packages/airflow/example_dags/example_latest_only.py
[2024-03-03T21:08:35.643+0000] {processor.py:840} INFO - DAG(s) 'latest_only' retrieved from /home/airflow/.local/lib/python3.8/site-packages/airflow/example_dags/example_latest_only.py
[2024-03-03T21:08:35.664+0000] {logging_mixin.py:188} INFO - [2024-03-03T21:08:35.663+0000] {dag.py:3036} INFO - Sync 1 DAGs
[2024-03-03T21:08:35.687+0000] {logging_mixin.py:188} INFO - [2024-03-03T21:08:35.687+0000] {dag.py:3823} INFO - Setting next_dagrun for latest_only to 2024-03-03 16:00:00+00:00, run_after=2024-03-03 20:00:00+00:00
[2024-03-03T21:08:35.707+0000] {processor.py:183} INFO - Processing /home/airflow/.local/lib/python3.8/site-packages/airflow/example_dags/example_latest_only.py took 0.076 seconds
[2024-03-03T21:09:06.102+0000] {processor.py:161} INFO - Started process (PID=794) to work on /home/airflow/.local/lib/python3.8/site-packages/airflow/example_dags/example_latest_only.py
[2024-03-03T21:09:06.104+0000] {processor.py:830} INFO - Processing file /home/airflow/.local/lib/python3.8/site-packages/airflow/example_dags/example_latest_only.py for tasks to queue
[2024-03-03T21:09:06.106+0000] {logging_mixin.py:188} INFO - [2024-03-03T21:09:06.106+0000] {dagbag.py:538} INFO - Filling up the DagBag from /home/airflow/.local/lib/python3.8/site-packages/airflow/example_dags/example_latest_only.py
[2024-03-03T21:09:06.113+0000] {processor.py:840} INFO - DAG(s) 'latest_only' retrieved from /home/airflow/.local/lib/python3.8/site-packages/airflow/example_dags/example_latest_only.py
[2024-03-03T21:09:06.141+0000] {logging_mixin.py:188} INFO - [2024-03-03T21:09:06.140+0000] {dag.py:3036} INFO - Sync 1 DAGs
[2024-03-03T21:09:06.164+0000] {logging_mixin.py:188} INFO - [2024-03-03T21:09:06.164+0000] {dag.py:3823} INFO - Setting next_dagrun for latest_only to 2024-03-03 16:00:00+00:00, run_after=2024-03-03 20:00:00+00:00
[2024-03-03T21:09:06.181+0000] {processor.py:183} INFO - Processing /home/airflow/.local/lib/python3.8/site-packages/airflow/example_dags/example_latest_only.py took 0.083 seconds
[2024-03-03T21:09:36.560+0000] {processor.py:161} INFO - Started process (PID=849) to work on /home/airflow/.local/lib/python3.8/site-packages/airflow/example_dags/example_latest_only.py
[2024-03-03T21:09:36.561+0000] {processor.py:830} INFO - Processing file /home/airflow/.local/lib/python3.8/site-packages/airflow/example_dags/example_latest_only.py for tasks to queue
[2024-03-03T21:09:36.562+0000] {logging_mixin.py:188} INFO - [2024-03-03T21:09:36.562+0000] {dagbag.py:538} INFO - Filling up the DagBag from /home/airflow/.local/lib/python3.8/site-packages/airflow/example_dags/example_latest_only.py
[2024-03-03T21:09:36.567+0000] {processor.py:840} INFO - DAG(s) 'latest_only' retrieved from /home/airflow/.local/lib/python3.8/site-packages/airflow/example_dags/example_latest_only.py
[2024-03-03T21:09:36.585+0000] {logging_mixin.py:188} INFO - [2024-03-03T21:09:36.585+0000] {dag.py:3036} INFO - Sync 1 DAGs
[2024-03-03T21:09:36.605+0000] {logging_mixin.py:188} INFO - [2024-03-03T21:09:36.605+0000] {dag.py:3823} INFO - Setting next_dagrun for latest_only to 2024-03-03 16:00:00+00:00, run_after=2024-03-03 20:00:00+00:00
[2024-03-03T21:09:36.621+0000] {processor.py:183} INFO - Processing /home/airflow/.local/lib/python3.8/site-packages/airflow/example_dags/example_latest_only.py took 0.064 seconds
[2024-03-03T21:10:07.008+0000] {processor.py:161} INFO - Started process (PID=904) to work on /home/airflow/.local/lib/python3.8/site-packages/airflow/example_dags/example_latest_only.py
[2024-03-03T21:10:07.009+0000] {processor.py:830} INFO - Processing file /home/airflow/.local/lib/python3.8/site-packages/airflow/example_dags/example_latest_only.py for tasks to queue
[2024-03-03T21:10:07.012+0000] {logging_mixin.py:188} INFO - [2024-03-03T21:10:07.011+0000] {dagbag.py:538} INFO - Filling up the DagBag from /home/airflow/.local/lib/python3.8/site-packages/airflow/example_dags/example_latest_only.py
[2024-03-03T21:10:07.018+0000] {processor.py:840} INFO - DAG(s) 'latest_only' retrieved from /home/airflow/.local/lib/python3.8/site-packages/airflow/example_dags/example_latest_only.py
[2024-03-03T21:10:07.042+0000] {logging_mixin.py:188} INFO - [2024-03-03T21:10:07.042+0000] {dag.py:3036} INFO - Sync 1 DAGs
[2024-03-03T21:10:07.067+0000] {logging_mixin.py:188} INFO - [2024-03-03T21:10:07.067+0000] {dag.py:3823} INFO - Setting next_dagrun for latest_only to 2024-03-03 16:00:00+00:00, run_after=2024-03-03 20:00:00+00:00
[2024-03-03T21:10:07.088+0000] {processor.py:183} INFO - Processing /home/airflow/.local/lib/python3.8/site-packages/airflow/example_dags/example_latest_only.py took 0.084 seconds
[2024-03-03T21:10:37.333+0000] {processor.py:161} INFO - Started process (PID=959) to work on /home/airflow/.local/lib/python3.8/site-packages/airflow/example_dags/example_latest_only.py
[2024-03-03T21:10:37.334+0000] {processor.py:830} INFO - Processing file /home/airflow/.local/lib/python3.8/site-packages/airflow/example_dags/example_latest_only.py for tasks to queue
[2024-03-03T21:10:37.335+0000] {logging_mixin.py:188} INFO - [2024-03-03T21:10:37.335+0000] {dagbag.py:538} INFO - Filling up the DagBag from /home/airflow/.local/lib/python3.8/site-packages/airflow/example_dags/example_latest_only.py
[2024-03-03T21:10:37.340+0000] {processor.py:840} INFO - DAG(s) 'latest_only' retrieved from /home/airflow/.local/lib/python3.8/site-packages/airflow/example_dags/example_latest_only.py
[2024-03-03T21:10:37.360+0000] {logging_mixin.py:188} INFO - [2024-03-03T21:10:37.359+0000] {dag.py:3036} INFO - Sync 1 DAGs
[2024-03-03T21:10:37.383+0000] {logging_mixin.py:188} INFO - [2024-03-03T21:10:37.383+0000] {dag.py:3823} INFO - Setting next_dagrun for latest_only to 2024-03-03 16:00:00+00:00, run_after=2024-03-03 20:00:00+00:00
[2024-03-03T21:10:37.403+0000] {processor.py:183} INFO - Processing /home/airflow/.local/lib/python3.8/site-packages/airflow/example_dags/example_latest_only.py took 0.074 seconds
[2024-03-03T21:11:07.679+0000] {processor.py:161} INFO - Started process (PID=1015) to work on /home/airflow/.local/lib/python3.8/site-packages/airflow/example_dags/example_latest_only.py
[2024-03-03T21:11:07.680+0000] {processor.py:830} INFO - Processing file /home/airflow/.local/lib/python3.8/site-packages/airflow/example_dags/example_latest_only.py for tasks to queue
[2024-03-03T21:11:07.682+0000] {logging_mixin.py:188} INFO - [2024-03-03T21:11:07.681+0000] {dagbag.py:538} INFO - Filling up the DagBag from /home/airflow/.local/lib/python3.8/site-packages/airflow/example_dags/example_latest_only.py
[2024-03-03T21:11:07.686+0000] {processor.py:840} INFO - DAG(s) 'latest_only' retrieved from /home/airflow/.local/lib/python3.8/site-packages/airflow/example_dags/example_latest_only.py
[2024-03-03T21:11:07.706+0000] {logging_mixin.py:188} INFO - [2024-03-03T21:11:07.705+0000] {dag.py:3036} INFO - Sync 1 DAGs
[2024-03-03T21:11:07.727+0000] {logging_mixin.py:188} INFO - [2024-03-03T21:11:07.727+0000] {dag.py:3823} INFO - Setting next_dagrun for latest_only to 2024-03-03 16:00:00+00:00, run_after=2024-03-03 20:00:00+00:00
[2024-03-03T21:11:07.745+0000] {processor.py:183} INFO - Processing /home/airflow/.local/lib/python3.8/site-packages/airflow/example_dags/example_latest_only.py took 0.069 seconds
[2024-03-03T21:11:38.052+0000] {processor.py:161} INFO - Started process (PID=1069) to work on /home/airflow/.local/lib/python3.8/site-packages/airflow/example_dags/example_latest_only.py
[2024-03-03T21:11:38.054+0000] {processor.py:830} INFO - Processing file /home/airflow/.local/lib/python3.8/site-packages/airflow/example_dags/example_latest_only.py for tasks to queue
[2024-03-03T21:11:38.056+0000] {logging_mixin.py:188} INFO - [2024-03-03T21:11:38.056+0000] {dagbag.py:538} INFO - Filling up the DagBag from /home/airflow/.local/lib/python3.8/site-packages/airflow/example_dags/example_latest_only.py
[2024-03-03T21:11:38.064+0000] {processor.py:840} INFO - DAG(s) 'latest_only' retrieved from /home/airflow/.local/lib/python3.8/site-packages/airflow/example_dags/example_latest_only.py
[2024-03-03T21:11:38.088+0000] {logging_mixin.py:188} INFO - [2024-03-03T21:11:38.088+0000] {dag.py:3036} INFO - Sync 1 DAGs
[2024-03-03T21:11:38.113+0000] {logging_mixin.py:188} INFO - [2024-03-03T21:11:38.113+0000] {dag.py:3823} INFO - Setting next_dagrun for latest_only to 2024-03-03 16:00:00+00:00, run_after=2024-03-03 20:00:00+00:00
[2024-03-03T21:11:38.135+0000] {processor.py:183} INFO - Processing /home/airflow/.local/lib/python3.8/site-packages/airflow/example_dags/example_latest_only.py took 0.087 seconds
[2024-03-03T21:12:08.558+0000] {processor.py:161} INFO - Started process (PID=1124) to work on /home/airflow/.local/lib/python3.8/site-packages/airflow/example_dags/example_latest_only.py
[2024-03-03T21:12:08.560+0000] {processor.py:830} INFO - Processing file /home/airflow/.local/lib/python3.8/site-packages/airflow/example_dags/example_latest_only.py for tasks to queue
[2024-03-03T21:12:08.562+0000] {logging_mixin.py:188} INFO - [2024-03-03T21:12:08.562+0000] {dagbag.py:538} INFO - Filling up the DagBag from /home/airflow/.local/lib/python3.8/site-packages/airflow/example_dags/example_latest_only.py
[2024-03-03T21:12:08.568+0000] {processor.py:840} INFO - DAG(s) 'latest_only' retrieved from /home/airflow/.local/lib/python3.8/site-packages/airflow/example_dags/example_latest_only.py
[2024-03-03T21:12:08.592+0000] {logging_mixin.py:188} INFO - [2024-03-03T21:12:08.591+0000] {dag.py:3036} INFO - Sync 1 DAGs
[2024-03-03T21:12:08.625+0000] {logging_mixin.py:188} INFO - [2024-03-03T21:12:08.625+0000] {dag.py:3823} INFO - Setting next_dagrun for latest_only to 2024-03-03 16:00:00+00:00, run_after=2024-03-03 20:00:00+00:00
[2024-03-03T21:12:08.666+0000] {processor.py:183} INFO - Processing /home/airflow/.local/lib/python3.8/site-packages/airflow/example_dags/example_latest_only.py took 0.111 seconds
[2024-03-03T21:12:39.361+0000] {processor.py:161} INFO - Started process (PID=1179) to work on /home/airflow/.local/lib/python3.8/site-packages/airflow/example_dags/example_latest_only.py
[2024-03-03T21:12:39.363+0000] {processor.py:830} INFO - Processing file /home/airflow/.local/lib/python3.8/site-packages/airflow/example_dags/example_latest_only.py for tasks to queue
[2024-03-03T21:12:39.367+0000] {logging_mixin.py:188} INFO - [2024-03-03T21:12:39.366+0000] {dagbag.py:538} INFO - Filling up the DagBag from /home/airflow/.local/lib/python3.8/site-packages/airflow/example_dags/example_latest_only.py
[2024-03-03T21:12:39.374+0000] {processor.py:840} INFO - DAG(s) 'latest_only' retrieved from /home/airflow/.local/lib/python3.8/site-packages/airflow/example_dags/example_latest_only.py
[2024-03-03T21:12:39.412+0000] {logging_mixin.py:188} INFO - [2024-03-03T21:12:39.412+0000] {dag.py:3036} INFO - Sync 1 DAGs
[2024-03-03T21:12:39.450+0000] {logging_mixin.py:188} INFO - [2024-03-03T21:12:39.449+0000] {dag.py:3823} INFO - Setting next_dagrun for latest_only to 2024-03-03 16:00:00+00:00, run_after=2024-03-03 20:00:00+00:00
[2024-03-03T21:12:39.486+0000] {processor.py:183} INFO - Processing /home/airflow/.local/lib/python3.8/site-packages/airflow/example_dags/example_latest_only.py took 0.130 seconds
[2024-03-03T21:13:10.195+0000] {processor.py:161} INFO - Started process (PID=1234) to work on /home/airflow/.local/lib/python3.8/site-packages/airflow/example_dags/example_latest_only.py
[2024-03-03T21:13:10.197+0000] {processor.py:830} INFO - Processing file /home/airflow/.local/lib/python3.8/site-packages/airflow/example_dags/example_latest_only.py for tasks to queue
[2024-03-03T21:13:10.200+0000] {logging_mixin.py:188} INFO - [2024-03-03T21:13:10.199+0000] {dagbag.py:538} INFO - Filling up the DagBag from /home/airflow/.local/lib/python3.8/site-packages/airflow/example_dags/example_latest_only.py
[2024-03-03T21:13:10.210+0000] {processor.py:840} INFO - DAG(s) 'latest_only' retrieved from /home/airflow/.local/lib/python3.8/site-packages/airflow/example_dags/example_latest_only.py
[2024-03-03T21:13:10.249+0000] {logging_mixin.py:188} INFO - [2024-03-03T21:13:10.249+0000] {dag.py:3036} INFO - Sync 1 DAGs
[2024-03-03T21:13:10.297+0000] {logging_mixin.py:188} INFO - [2024-03-03T21:13:10.296+0000] {dag.py:3823} INFO - Setting next_dagrun for latest_only to 2024-03-03 16:00:00+00:00, run_after=2024-03-03 20:00:00+00:00
[2024-03-03T21:13:10.337+0000] {processor.py:183} INFO - Processing /home/airflow/.local/lib/python3.8/site-packages/airflow/example_dags/example_latest_only.py took 0.147 seconds
[2024-03-03T21:13:41.289+0000] {processor.py:161} INFO - Started process (PID=1289) to work on /home/airflow/.local/lib/python3.8/site-packages/airflow/example_dags/example_latest_only.py
[2024-03-03T21:13:41.291+0000] {processor.py:830} INFO - Processing file /home/airflow/.local/lib/python3.8/site-packages/airflow/example_dags/example_latest_only.py for tasks to queue
[2024-03-03T21:13:41.295+0000] {logging_mixin.py:188} INFO - [2024-03-03T21:13:41.295+0000] {dagbag.py:538} INFO - Filling up the DagBag from /home/airflow/.local/lib/python3.8/site-packages/airflow/example_dags/example_latest_only.py
[2024-03-03T21:13:41.305+0000] {processor.py:840} INFO - DAG(s) 'latest_only' retrieved from /home/airflow/.local/lib/python3.8/site-packages/airflow/example_dags/example_latest_only.py
[2024-03-03T21:13:41.342+0000] {logging_mixin.py:188} INFO - [2024-03-03T21:13:41.341+0000] {dag.py:3036} INFO - Sync 1 DAGs
[2024-03-03T21:13:41.399+0000] {logging_mixin.py:188} INFO - [2024-03-03T21:13:41.398+0000] {dag.py:3823} INFO - Setting next_dagrun for latest_only to 2024-03-03 16:00:00+00:00, run_after=2024-03-03 20:00:00+00:00
[2024-03-03T21:13:41.438+0000] {processor.py:183} INFO - Processing /home/airflow/.local/lib/python3.8/site-packages/airflow/example_dags/example_latest_only.py took 0.153 seconds
[2024-03-03T21:14:11.761+0000] {processor.py:161} INFO - Started process (PID=1344) to work on /home/airflow/.local/lib/python3.8/site-packages/airflow/example_dags/example_latest_only.py
[2024-03-03T21:14:11.763+0000] {processor.py:830} INFO - Processing file /home/airflow/.local/lib/python3.8/site-packages/airflow/example_dags/example_latest_only.py for tasks to queue
[2024-03-03T21:14:11.767+0000] {logging_mixin.py:188} INFO - [2024-03-03T21:14:11.767+0000] {dagbag.py:538} INFO - Filling up the DagBag from /home/airflow/.local/lib/python3.8/site-packages/airflow/example_dags/example_latest_only.py
[2024-03-03T21:14:11.775+0000] {processor.py:840} INFO - DAG(s) 'latest_only' retrieved from /home/airflow/.local/lib/python3.8/site-packages/airflow/example_dags/example_latest_only.py
[2024-03-03T21:14:11.810+0000] {logging_mixin.py:188} INFO - [2024-03-03T21:14:11.810+0000] {dag.py:3036} INFO - Sync 1 DAGs
[2024-03-03T21:14:11.867+0000] {logging_mixin.py:188} INFO - [2024-03-03T21:14:11.866+0000] {dag.py:3823} INFO - Setting next_dagrun for latest_only to 2024-03-03 16:00:00+00:00, run_after=2024-03-03 20:00:00+00:00
[2024-03-03T21:14:11.899+0000] {processor.py:183} INFO - Processing /home/airflow/.local/lib/python3.8/site-packages/airflow/example_dags/example_latest_only.py took 0.147 seconds
[2024-03-03T21:14:42.308+0000] {processor.py:161} INFO - Started process (PID=1398) to work on /home/airflow/.local/lib/python3.8/site-packages/airflow/example_dags/example_latest_only.py
[2024-03-03T21:14:42.309+0000] {processor.py:830} INFO - Processing file /home/airflow/.local/lib/python3.8/site-packages/airflow/example_dags/example_latest_only.py for tasks to queue
[2024-03-03T21:14:42.314+0000] {logging_mixin.py:188} INFO - [2024-03-03T21:14:42.313+0000] {dagbag.py:538} INFO - Filling up the DagBag from /home/airflow/.local/lib/python3.8/site-packages/airflow/example_dags/example_latest_only.py
[2024-03-03T21:14:42.321+0000] {processor.py:840} INFO - DAG(s) 'latest_only' retrieved from /home/airflow/.local/lib/python3.8/site-packages/airflow/example_dags/example_latest_only.py
[2024-03-03T21:14:42.349+0000] {logging_mixin.py:188} INFO - [2024-03-03T21:14:42.349+0000] {dag.py:3036} INFO - Sync 1 DAGs
[2024-03-03T21:14:42.378+0000] {logging_mixin.py:188} INFO - [2024-03-03T21:14:42.377+0000] {dag.py:3823} INFO - Setting next_dagrun for latest_only to 2024-03-03 16:00:00+00:00, run_after=2024-03-03 20:00:00+00:00
[2024-03-03T21:14:42.415+0000] {processor.py:183} INFO - Processing /home/airflow/.local/lib/python3.8/site-packages/airflow/example_dags/example_latest_only.py took 0.111 seconds
[2024-03-03T21:15:12.748+0000] {processor.py:161} INFO - Started process (PID=1453) to work on /home/airflow/.local/lib/python3.8/site-packages/airflow/example_dags/example_latest_only.py
[2024-03-03T21:15:12.749+0000] {processor.py:830} INFO - Processing file /home/airflow/.local/lib/python3.8/site-packages/airflow/example_dags/example_latest_only.py for tasks to queue
[2024-03-03T21:15:12.751+0000] {logging_mixin.py:188} INFO - [2024-03-03T21:15:12.751+0000] {dagbag.py:538} INFO - Filling up the DagBag from /home/airflow/.local/lib/python3.8/site-packages/airflow/example_dags/example_latest_only.py
[2024-03-03T21:15:12.757+0000] {processor.py:840} INFO - DAG(s) 'latest_only' retrieved from /home/airflow/.local/lib/python3.8/site-packages/airflow/example_dags/example_latest_only.py
[2024-03-03T21:15:12.780+0000] {logging_mixin.py:188} INFO - [2024-03-03T21:15:12.780+0000] {dag.py:3036} INFO - Sync 1 DAGs
[2024-03-03T21:15:12.807+0000] {logging_mixin.py:188} INFO - [2024-03-03T21:15:12.806+0000] {dag.py:3823} INFO - Setting next_dagrun for latest_only to 2024-03-03 16:00:00+00:00, run_after=2024-03-03 20:00:00+00:00
[2024-03-03T21:15:12.832+0000] {processor.py:183} INFO - Processing /home/airflow/.local/lib/python3.8/site-packages/airflow/example_dags/example_latest_only.py took 0.087 seconds
[2024-03-03T21:15:43.556+0000] {processor.py:161} INFO - Started process (PID=1509) to work on /home/airflow/.local/lib/python3.8/site-packages/airflow/example_dags/example_latest_only.py
[2024-03-03T21:15:43.557+0000] {processor.py:830} INFO - Processing file /home/airflow/.local/lib/python3.8/site-packages/airflow/example_dags/example_latest_only.py for tasks to queue
[2024-03-03T21:15:43.560+0000] {logging_mixin.py:188} INFO - [2024-03-03T21:15:43.559+0000] {dagbag.py:538} INFO - Filling up the DagBag from /home/airflow/.local/lib/python3.8/site-packages/airflow/example_dags/example_latest_only.py
[2024-03-03T21:15:43.566+0000] {processor.py:840} INFO - DAG(s) 'latest_only' retrieved from /home/airflow/.local/lib/python3.8/site-packages/airflow/example_dags/example_latest_only.py
[2024-03-03T21:15:43.592+0000] {logging_mixin.py:188} INFO - [2024-03-03T21:15:43.592+0000] {dag.py:3036} INFO - Sync 1 DAGs
[2024-03-03T21:15:43.619+0000] {logging_mixin.py:188} INFO - [2024-03-03T21:15:43.618+0000] {dag.py:3823} INFO - Setting next_dagrun for latest_only to 2024-03-03 16:00:00+00:00, run_after=2024-03-03 20:00:00+00:00
[2024-03-03T21:15:43.646+0000] {processor.py:183} INFO - Processing /home/airflow/.local/lib/python3.8/site-packages/airflow/example_dags/example_latest_only.py took 0.094 seconds
[2024-03-03T21:16:13.981+0000] {processor.py:161} INFO - Started process (PID=1564) to work on /home/airflow/.local/lib/python3.8/site-packages/airflow/example_dags/example_latest_only.py
[2024-03-03T21:16:13.982+0000] {processor.py:830} INFO - Processing file /home/airflow/.local/lib/python3.8/site-packages/airflow/example_dags/example_latest_only.py for tasks to queue
[2024-03-03T21:16:13.984+0000] {logging_mixin.py:188} INFO - [2024-03-03T21:16:13.984+0000] {dagbag.py:538} INFO - Filling up the DagBag from /home/airflow/.local/lib/python3.8/site-packages/airflow/example_dags/example_latest_only.py
[2024-03-03T21:16:13.989+0000] {processor.py:840} INFO - DAG(s) 'latest_only' retrieved from /home/airflow/.local/lib/python3.8/site-packages/airflow/example_dags/example_latest_only.py
[2024-03-03T21:16:14.014+0000] {logging_mixin.py:188} INFO - [2024-03-03T21:16:14.014+0000] {dag.py:3036} INFO - Sync 1 DAGs
[2024-03-03T21:16:14.050+0000] {logging_mixin.py:188} INFO - [2024-03-03T21:16:14.050+0000] {dag.py:3823} INFO - Setting next_dagrun for latest_only to 2024-03-03 16:00:00+00:00, run_after=2024-03-03 20:00:00+00:00
[2024-03-03T21:16:14.082+0000] {processor.py:183} INFO - Processing /home/airflow/.local/lib/python3.8/site-packages/airflow/example_dags/example_latest_only.py took 0.105 seconds
[2024-03-03T21:16:44.201+0000] {processor.py:161} INFO - Started process (PID=1619) to work on /home/airflow/.local/lib/python3.8/site-packages/airflow/example_dags/example_latest_only.py
[2024-03-03T21:16:44.202+0000] {processor.py:830} INFO - Processing file /home/airflow/.local/lib/python3.8/site-packages/airflow/example_dags/example_latest_only.py for tasks to queue
[2024-03-03T21:16:44.204+0000] {logging_mixin.py:188} INFO - [2024-03-03T21:16:44.204+0000] {dagbag.py:538} INFO - Filling up the DagBag from /home/airflow/.local/lib/python3.8/site-packages/airflow/example_dags/example_latest_only.py
[2024-03-03T21:16:44.209+0000] {processor.py:840} INFO - DAG(s) 'latest_only' retrieved from /home/airflow/.local/lib/python3.8/site-packages/airflow/example_dags/example_latest_only.py
[2024-03-03T21:16:44.234+0000] {logging_mixin.py:188} INFO - [2024-03-03T21:16:44.234+0000] {dag.py:3036} INFO - Sync 1 DAGs
[2024-03-03T21:16:44.262+0000] {logging_mixin.py:188} INFO - [2024-03-03T21:16:44.262+0000] {dag.py:3823} INFO - Setting next_dagrun for latest_only to 2024-03-03 16:00:00+00:00, run_after=2024-03-03 20:00:00+00:00
[2024-03-03T21:16:44.287+0000] {processor.py:183} INFO - Processing /home/airflow/.local/lib/python3.8/site-packages/airflow/example_dags/example_latest_only.py took 0.089 seconds
[2024-03-03T21:17:14.379+0000] {processor.py:161} INFO - Started process (PID=1674) to work on /home/airflow/.local/lib/python3.8/site-packages/airflow/example_dags/example_latest_only.py
[2024-03-03T21:17:14.380+0000] {processor.py:830} INFO - Processing file /home/airflow/.local/lib/python3.8/site-packages/airflow/example_dags/example_latest_only.py for tasks to queue
[2024-03-03T21:17:14.383+0000] {logging_mixin.py:188} INFO - [2024-03-03T21:17:14.382+0000] {dagbag.py:538} INFO - Filling up the DagBag from /home/airflow/.local/lib/python3.8/site-packages/airflow/example_dags/example_latest_only.py
[2024-03-03T21:17:14.389+0000] {processor.py:840} INFO - DAG(s) 'latest_only' retrieved from /home/airflow/.local/lib/python3.8/site-packages/airflow/example_dags/example_latest_only.py
[2024-03-03T21:17:14.409+0000] {logging_mixin.py:188} INFO - [2024-03-03T21:17:14.409+0000] {dag.py:3036} INFO - Sync 1 DAGs
[2024-03-03T21:17:14.434+0000] {logging_mixin.py:188} INFO - [2024-03-03T21:17:14.434+0000] {dag.py:3823} INFO - Setting next_dagrun for latest_only to 2024-03-03 16:00:00+00:00, run_after=2024-03-03 20:00:00+00:00
[2024-03-03T21:17:14.461+0000] {processor.py:183} INFO - Processing /home/airflow/.local/lib/python3.8/site-packages/airflow/example_dags/example_latest_only.py took 0.088 seconds
[2024-03-03T21:17:44.777+0000] {processor.py:161} INFO - Started process (PID=1729) to work on /home/airflow/.local/lib/python3.8/site-packages/airflow/example_dags/example_latest_only.py
[2024-03-03T21:17:44.778+0000] {processor.py:830} INFO - Processing file /home/airflow/.local/lib/python3.8/site-packages/airflow/example_dags/example_latest_only.py for tasks to queue
[2024-03-03T21:17:44.780+0000] {logging_mixin.py:188} INFO - [2024-03-03T21:17:44.780+0000] {dagbag.py:538} INFO - Filling up the DagBag from /home/airflow/.local/lib/python3.8/site-packages/airflow/example_dags/example_latest_only.py
[2024-03-03T21:17:44.785+0000] {processor.py:840} INFO - DAG(s) 'latest_only' retrieved from /home/airflow/.local/lib/python3.8/site-packages/airflow/example_dags/example_latest_only.py
[2024-03-03T21:17:44.806+0000] {logging_mixin.py:188} INFO - [2024-03-03T21:17:44.805+0000] {dag.py:3036} INFO - Sync 1 DAGs
[2024-03-03T21:17:44.833+0000] {logging_mixin.py:188} INFO - [2024-03-03T21:17:44.833+0000] {dag.py:3823} INFO - Setting next_dagrun for latest_only to 2024-03-03 16:00:00+00:00, run_after=2024-03-03 20:00:00+00:00
[2024-03-03T21:17:44.855+0000] {processor.py:183} INFO - Processing /home/airflow/.local/lib/python3.8/site-packages/airflow/example_dags/example_latest_only.py took 0.081 seconds
[2024-03-03T21:18:15.150+0000] {processor.py:161} INFO - Started process (PID=1784) to work on /home/airflow/.local/lib/python3.8/site-packages/airflow/example_dags/example_latest_only.py
[2024-03-03T21:18:15.151+0000] {processor.py:830} INFO - Processing file /home/airflow/.local/lib/python3.8/site-packages/airflow/example_dags/example_latest_only.py for tasks to queue
[2024-03-03T21:18:15.152+0000] {logging_mixin.py:188} INFO - [2024-03-03T21:18:15.152+0000] {dagbag.py:538} INFO - Filling up the DagBag from /home/airflow/.local/lib/python3.8/site-packages/airflow/example_dags/example_latest_only.py
[2024-03-03T21:18:15.158+0000] {processor.py:840} INFO - DAG(s) 'latest_only' retrieved from /home/airflow/.local/lib/python3.8/site-packages/airflow/example_dags/example_latest_only.py
[2024-03-03T21:18:15.184+0000] {logging_mixin.py:188} INFO - [2024-03-03T21:18:15.183+0000] {dag.py:3036} INFO - Sync 1 DAGs
[2024-03-03T21:18:15.214+0000] {logging_mixin.py:188} INFO - [2024-03-03T21:18:15.213+0000] {dag.py:3823} INFO - Setting next_dagrun for latest_only to 2024-03-03 16:00:00+00:00, run_after=2024-03-03 20:00:00+00:00
[2024-03-03T21:18:15.242+0000] {processor.py:183} INFO - Processing /home/airflow/.local/lib/python3.8/site-packages/airflow/example_dags/example_latest_only.py took 0.095 seconds
[2024-03-03T21:18:45.924+0000] {processor.py:161} INFO - Started process (PID=1839) to work on /home/airflow/.local/lib/python3.8/site-packages/airflow/example_dags/example_latest_only.py
[2024-03-03T21:18:45.926+0000] {processor.py:830} INFO - Processing file /home/airflow/.local/lib/python3.8/site-packages/airflow/example_dags/example_latest_only.py for tasks to queue
[2024-03-03T21:18:45.930+0000] {logging_mixin.py:188} INFO - [2024-03-03T21:18:45.929+0000] {dagbag.py:538} INFO - Filling up the DagBag from /home/airflow/.local/lib/python3.8/site-packages/airflow/example_dags/example_latest_only.py
[2024-03-03T21:18:45.940+0000] {processor.py:840} INFO - DAG(s) 'latest_only' retrieved from /home/airflow/.local/lib/python3.8/site-packages/airflow/example_dags/example_latest_only.py
[2024-03-03T21:18:45.973+0000] {logging_mixin.py:188} INFO - [2024-03-03T21:18:45.973+0000] {dag.py:3036} INFO - Sync 1 DAGs
[2024-03-03T21:18:46.018+0000] {logging_mixin.py:188} INFO - [2024-03-03T21:18:46.017+0000] {dag.py:3823} INFO - Setting next_dagrun for latest_only to 2024-03-03 16:00:00+00:00, run_after=2024-03-03 20:00:00+00:00
[2024-03-03T21:18:46.078+0000] {processor.py:183} INFO - Processing /home/airflow/.local/lib/python3.8/site-packages/airflow/example_dags/example_latest_only.py took 0.157 seconds
[2024-03-03T21:19:16.225+0000] {processor.py:161} INFO - Started process (PID=1894) to work on /home/airflow/.local/lib/python3.8/site-packages/airflow/example_dags/example_latest_only.py
[2024-03-03T21:19:16.226+0000] {processor.py:830} INFO - Processing file /home/airflow/.local/lib/python3.8/site-packages/airflow/example_dags/example_latest_only.py for tasks to queue
[2024-03-03T21:19:16.228+0000] {logging_mixin.py:188} INFO - [2024-03-03T21:19:16.228+0000] {dagbag.py:538} INFO - Filling up the DagBag from /home/airflow/.local/lib/python3.8/site-packages/airflow/example_dags/example_latest_only.py
[2024-03-03T21:19:16.234+0000] {processor.py:840} INFO - DAG(s) 'latest_only' retrieved from /home/airflow/.local/lib/python3.8/site-packages/airflow/example_dags/example_latest_only.py
[2024-03-03T21:19:16.256+0000] {logging_mixin.py:188} INFO - [2024-03-03T21:19:16.256+0000] {dag.py:3036} INFO - Sync 1 DAGs
[2024-03-03T21:19:16.282+0000] {logging_mixin.py:188} INFO - [2024-03-03T21:19:16.282+0000] {dag.py:3823} INFO - Setting next_dagrun for latest_only to 2024-03-03 16:00:00+00:00, run_after=2024-03-03 20:00:00+00:00
[2024-03-03T21:19:16.303+0000] {processor.py:183} INFO - Processing /home/airflow/.local/lib/python3.8/site-packages/airflow/example_dags/example_latest_only.py took 0.080 seconds
[2024-03-03T21:19:46.409+0000] {processor.py:161} INFO - Started process (PID=1949) to work on /home/airflow/.local/lib/python3.8/site-packages/airflow/example_dags/example_latest_only.py
[2024-03-03T21:19:46.411+0000] {processor.py:830} INFO - Processing file /home/airflow/.local/lib/python3.8/site-packages/airflow/example_dags/example_latest_only.py for tasks to queue
[2024-03-03T21:19:46.413+0000] {logging_mixin.py:188} INFO - [2024-03-03T21:19:46.412+0000] {dagbag.py:538} INFO - Filling up the DagBag from /home/airflow/.local/lib/python3.8/site-packages/airflow/example_dags/example_latest_only.py
[2024-03-03T21:19:46.418+0000] {processor.py:840} INFO - DAG(s) 'latest_only' retrieved from /home/airflow/.local/lib/python3.8/site-packages/airflow/example_dags/example_latest_only.py
[2024-03-03T21:19:46.441+0000] {logging_mixin.py:188} INFO - [2024-03-03T21:19:46.441+0000] {dag.py:3036} INFO - Sync 1 DAGs
[2024-03-03T21:19:46.470+0000] {logging_mixin.py:188} INFO - [2024-03-03T21:19:46.470+0000] {dag.py:3823} INFO - Setting next_dagrun for latest_only to 2024-03-03 16:00:00+00:00, run_after=2024-03-03 20:00:00+00:00
[2024-03-03T21:19:46.492+0000] {processor.py:183} INFO - Processing /home/airflow/.local/lib/python3.8/site-packages/airflow/example_dags/example_latest_only.py took 0.086 seconds
[2024-03-03T21:20:17.096+0000] {processor.py:161} INFO - Started process (PID=2004) to work on /home/airflow/.local/lib/python3.8/site-packages/airflow/example_dags/example_latest_only.py
[2024-03-03T21:20:17.097+0000] {processor.py:830} INFO - Processing file /home/airflow/.local/lib/python3.8/site-packages/airflow/example_dags/example_latest_only.py for tasks to queue
[2024-03-03T21:20:17.099+0000] {logging_mixin.py:188} INFO - [2024-03-03T21:20:17.099+0000] {dagbag.py:538} INFO - Filling up the DagBag from /home/airflow/.local/lib/python3.8/site-packages/airflow/example_dags/example_latest_only.py
[2024-03-03T21:20:17.105+0000] {processor.py:840} INFO - DAG(s) 'latest_only' retrieved from /home/airflow/.local/lib/python3.8/site-packages/airflow/example_dags/example_latest_only.py
[2024-03-03T21:20:17.127+0000] {logging_mixin.py:188} INFO - [2024-03-03T21:20:17.126+0000] {dag.py:3036} INFO - Sync 1 DAGs
[2024-03-03T21:20:17.155+0000] {logging_mixin.py:188} INFO - [2024-03-03T21:20:17.154+0000] {dag.py:3823} INFO - Setting next_dagrun for latest_only to 2024-03-03 16:00:00+00:00, run_after=2024-03-03 20:00:00+00:00
[2024-03-03T21:20:17.182+0000] {processor.py:183} INFO - Processing /home/airflow/.local/lib/python3.8/site-packages/airflow/example_dags/example_latest_only.py took 0.089 seconds
[2024-03-03T21:20:47.558+0000] {processor.py:161} INFO - Started process (PID=2059) to work on /home/airflow/.local/lib/python3.8/site-packages/airflow/example_dags/example_latest_only.py
[2024-03-03T21:20:47.559+0000] {processor.py:830} INFO - Processing file /home/airflow/.local/lib/python3.8/site-packages/airflow/example_dags/example_latest_only.py for tasks to queue
[2024-03-03T21:20:47.560+0000] {logging_mixin.py:188} INFO - [2024-03-03T21:20:47.560+0000] {dagbag.py:538} INFO - Filling up the DagBag from /home/airflow/.local/lib/python3.8/site-packages/airflow/example_dags/example_latest_only.py
[2024-03-03T21:20:47.565+0000] {processor.py:840} INFO - DAG(s) 'latest_only' retrieved from /home/airflow/.local/lib/python3.8/site-packages/airflow/example_dags/example_latest_only.py
[2024-03-03T21:20:47.582+0000] {logging_mixin.py:188} INFO - [2024-03-03T21:20:47.582+0000] {dag.py:3036} INFO - Sync 1 DAGs
[2024-03-03T21:20:47.603+0000] {logging_mixin.py:188} INFO - [2024-03-03T21:20:47.602+0000] {dag.py:3823} INFO - Setting next_dagrun for latest_only to 2024-03-03 16:00:00+00:00, run_after=2024-03-03 20:00:00+00:00
[2024-03-03T21:20:47.620+0000] {processor.py:183} INFO - Processing /home/airflow/.local/lib/python3.8/site-packages/airflow/example_dags/example_latest_only.py took 0.065 seconds
[2024-03-03T21:21:18.154+0000] {processor.py:161} INFO - Started process (PID=2114) to work on /home/airflow/.local/lib/python3.8/site-packages/airflow/example_dags/example_latest_only.py
[2024-03-03T21:21:18.155+0000] {processor.py:830} INFO - Processing file /home/airflow/.local/lib/python3.8/site-packages/airflow/example_dags/example_latest_only.py for tasks to queue
[2024-03-03T21:21:18.157+0000] {logging_mixin.py:188} INFO - [2024-03-03T21:21:18.157+0000] {dagbag.py:538} INFO - Filling up the DagBag from /home/airflow/.local/lib/python3.8/site-packages/airflow/example_dags/example_latest_only.py
[2024-03-03T21:21:18.162+0000] {processor.py:840} INFO - DAG(s) 'latest_only' retrieved from /home/airflow/.local/lib/python3.8/site-packages/airflow/example_dags/example_latest_only.py
[2024-03-03T21:21:18.191+0000] {logging_mixin.py:188} INFO - [2024-03-03T21:21:18.191+0000] {dag.py:3036} INFO - Sync 1 DAGs
[2024-03-03T21:21:18.227+0000] {logging_mixin.py:188} INFO - [2024-03-03T21:21:18.227+0000] {dag.py:3823} INFO - Setting next_dagrun for latest_only to 2024-03-03 16:00:00+00:00, run_after=2024-03-03 20:00:00+00:00
[2024-03-03T21:21:18.258+0000] {processor.py:183} INFO - Processing /home/airflow/.local/lib/python3.8/site-packages/airflow/example_dags/example_latest_only.py took 0.107 seconds
[2024-03-03T21:21:48.988+0000] {processor.py:161} INFO - Started process (PID=2169) to work on /home/airflow/.local/lib/python3.8/site-packages/airflow/example_dags/example_latest_only.py
[2024-03-03T21:21:48.989+0000] {processor.py:830} INFO - Processing file /home/airflow/.local/lib/python3.8/site-packages/airflow/example_dags/example_latest_only.py for tasks to queue
[2024-03-03T21:21:48.991+0000] {logging_mixin.py:188} INFO - [2024-03-03T21:21:48.991+0000] {dagbag.py:538} INFO - Filling up the DagBag from /home/airflow/.local/lib/python3.8/site-packages/airflow/example_dags/example_latest_only.py
[2024-03-03T21:21:48.996+0000] {processor.py:840} INFO - DAG(s) 'latest_only' retrieved from /home/airflow/.local/lib/python3.8/site-packages/airflow/example_dags/example_latest_only.py
[2024-03-03T21:21:49.018+0000] {logging_mixin.py:188} INFO - [2024-03-03T21:21:49.018+0000] {dag.py:3036} INFO - Sync 1 DAGs
[2024-03-03T21:21:49.040+0000] {logging_mixin.py:188} INFO - [2024-03-03T21:21:49.040+0000] {dag.py:3823} INFO - Setting next_dagrun for latest_only to 2024-03-03 16:00:00+00:00, run_after=2024-03-03 20:00:00+00:00
[2024-03-03T21:21:49.061+0000] {processor.py:183} INFO - Processing /home/airflow/.local/lib/python3.8/site-packages/airflow/example_dags/example_latest_only.py took 0.076 seconds
[2024-03-03T21:22:19.270+0000] {processor.py:161} INFO - Started process (PID=2224) to work on /home/airflow/.local/lib/python3.8/site-packages/airflow/example_dags/example_latest_only.py
[2024-03-03T21:22:19.272+0000] {processor.py:830} INFO - Processing file /home/airflow/.local/lib/python3.8/site-packages/airflow/example_dags/example_latest_only.py for tasks to queue
[2024-03-03T21:22:19.274+0000] {logging_mixin.py:188} INFO - [2024-03-03T21:22:19.273+0000] {dagbag.py:538} INFO - Filling up the DagBag from /home/airflow/.local/lib/python3.8/site-packages/airflow/example_dags/example_latest_only.py
[2024-03-03T21:22:19.280+0000] {processor.py:840} INFO - DAG(s) 'latest_only' retrieved from /home/airflow/.local/lib/python3.8/site-packages/airflow/example_dags/example_latest_only.py
[2024-03-03T21:22:19.305+0000] {logging_mixin.py:188} INFO - [2024-03-03T21:22:19.305+0000] {dag.py:3036} INFO - Sync 1 DAGs
[2024-03-03T21:22:19.333+0000] {logging_mixin.py:188} INFO - [2024-03-03T21:22:19.332+0000] {dag.py:3823} INFO - Setting next_dagrun for latest_only to 2024-03-03 16:00:00+00:00, run_after=2024-03-03 20:00:00+00:00
[2024-03-03T21:22:19.356+0000] {processor.py:183} INFO - Processing /home/airflow/.local/lib/python3.8/site-packages/airflow/example_dags/example_latest_only.py took 0.089 seconds
