[2024-03-03T20:00:45.490+0000] {processor.py:161} INFO - Started process (PID=100) to work on /home/airflow/.local/lib/python3.8/site-packages/airflow/example_dags/example_setup_teardown.py
[2024-03-03T20:00:45.492+0000] {processor.py:830} INFO - Processing file /home/airflow/.local/lib/python3.8/site-packages/airflow/example_dags/example_setup_teardown.py for tasks to queue
[2024-03-03T20:00:45.495+0000] {logging_mixin.py:188} INFO - [2024-03-03T20:00:45.494+0000] {dagbag.py:538} INFO - Filling up the DagBag from /home/airflow/.local/lib/python3.8/site-packages/airflow/example_dags/example_setup_teardown.py
[2024-03-03T20:00:45.514+0000] {processor.py:840} INFO - DAG(s) 'example_setup_teardown' retrieved from /home/airflow/.local/lib/python3.8/site-packages/airflow/example_dags/example_setup_teardown.py
[2024-03-03T20:00:45.741+0000] {logging_mixin.py:188} INFO - [2024-03-03T20:00:45.739+0000] {override.py:1769} INFO - Created Permission View: can delete on DAG:example_setup_teardown
[2024-03-03T20:00:45.767+0000] {logging_mixin.py:188} INFO - [2024-03-03T20:00:45.766+0000] {override.py:1769} INFO - Created Permission View: can edit on DAG:example_setup_teardown
[2024-03-03T20:00:45.783+0000] {logging_mixin.py:188} INFO - [2024-03-03T20:00:45.782+0000] {override.py:1769} INFO - Created Permission View: can read on DAG:example_setup_teardown
[2024-03-03T20:00:45.784+0000] {logging_mixin.py:188} INFO - [2024-03-03T20:00:45.784+0000] {dag.py:3036} INFO - Sync 1 DAGs
[2024-03-03T20:00:45.805+0000] {logging_mixin.py:188} INFO - [2024-03-03T20:00:45.804+0000] {dag.py:3058} INFO - Creating ORM DAG for example_setup_teardown
[2024-03-03T20:00:45.825+0000] {logging_mixin.py:188} INFO - [2024-03-03T20:00:45.824+0000] {dag.py:3823} INFO - Setting next_dagrun for example_setup_teardown to 2024-03-02 00:00:00+00:00, run_after=2024-03-03 00:00:00+00:00
[2024-03-03T20:00:45.884+0000] {processor.py:183} INFO - Processing /home/airflow/.local/lib/python3.8/site-packages/airflow/example_dags/example_setup_teardown.py took 0.399 seconds
[2024-03-03T20:05:09.523+0000] {processor.py:161} INFO - Started process (PID=171) to work on /home/airflow/.local/lib/python3.8/site-packages/airflow/example_dags/example_setup_teardown.py
[2024-03-03T20:05:09.526+0000] {processor.py:830} INFO - Processing file /home/airflow/.local/lib/python3.8/site-packages/airflow/example_dags/example_setup_teardown.py for tasks to queue
[2024-03-03T20:05:09.529+0000] {logging_mixin.py:188} INFO - [2024-03-03T20:05:09.528+0000] {dagbag.py:538} INFO - Filling up the DagBag from /home/airflow/.local/lib/python3.8/site-packages/airflow/example_dags/example_setup_teardown.py
[2024-03-03T20:05:09.554+0000] {processor.py:840} INFO - DAG(s) 'example_setup_teardown' retrieved from /home/airflow/.local/lib/python3.8/site-packages/airflow/example_dags/example_setup_teardown.py
[2024-03-03T20:05:09.616+0000] {logging_mixin.py:188} INFO - [2024-03-03T20:05:09.616+0000] {dag.py:3036} INFO - Sync 1 DAGs
[2024-03-03T20:05:09.670+0000] {logging_mixin.py:188} INFO - [2024-03-03T20:05:09.669+0000] {dag.py:3823} INFO - Setting next_dagrun for example_setup_teardown to 2024-03-02 00:00:00+00:00, run_after=2024-03-03 00:00:00+00:00
[2024-03-03T20:05:09.739+0000] {processor.py:183} INFO - Processing /home/airflow/.local/lib/python3.8/site-packages/airflow/example_dags/example_setup_teardown.py took 0.227 seconds
[2024-03-03T20:08:15.323+0000] {processor.py:161} INFO - Started process (PID=246) to work on /home/airflow/.local/lib/python3.8/site-packages/airflow/example_dags/example_setup_teardown.py
[2024-03-03T20:08:15.326+0000] {processor.py:830} INFO - Processing file /home/airflow/.local/lib/python3.8/site-packages/airflow/example_dags/example_setup_teardown.py for tasks to queue
[2024-03-03T20:08:15.329+0000] {logging_mixin.py:188} INFO - [2024-03-03T20:08:15.327+0000] {dagbag.py:538} INFO - Filling up the DagBag from /home/airflow/.local/lib/python3.8/site-packages/airflow/example_dags/example_setup_teardown.py
[2024-03-03T20:08:15.350+0000] {processor.py:840} INFO - DAG(s) 'example_setup_teardown' retrieved from /home/airflow/.local/lib/python3.8/site-packages/airflow/example_dags/example_setup_teardown.py
[2024-03-03T20:08:15.403+0000] {logging_mixin.py:188} INFO - [2024-03-03T20:08:15.402+0000] {dag.py:3036} INFO - Sync 1 DAGs
[2024-03-03T20:08:15.460+0000] {logging_mixin.py:188} INFO - [2024-03-03T20:08:15.460+0000] {dag.py:3823} INFO - Setting next_dagrun for example_setup_teardown to 2024-03-02 00:00:00+00:00, run_after=2024-03-03 00:00:00+00:00
[2024-03-03T20:08:15.515+0000] {processor.py:183} INFO - Processing /home/airflow/.local/lib/python3.8/site-packages/airflow/example_dags/example_setup_teardown.py took 0.200 seconds
[2024-03-03T20:11:31.687+0000] {processor.py:161} INFO - Started process (PID=317) to work on /home/airflow/.local/lib/python3.8/site-packages/airflow/example_dags/example_setup_teardown.py
[2024-03-03T20:11:31.690+0000] {processor.py:830} INFO - Processing file /home/airflow/.local/lib/python3.8/site-packages/airflow/example_dags/example_setup_teardown.py for tasks to queue
[2024-03-03T20:11:31.693+0000] {logging_mixin.py:188} INFO - [2024-03-03T20:11:31.692+0000] {dagbag.py:538} INFO - Filling up the DagBag from /home/airflow/.local/lib/python3.8/site-packages/airflow/example_dags/example_setup_teardown.py
[2024-03-03T20:11:31.714+0000] {processor.py:840} INFO - DAG(s) 'example_setup_teardown' retrieved from /home/airflow/.local/lib/python3.8/site-packages/airflow/example_dags/example_setup_teardown.py
[2024-03-03T20:11:31.777+0000] {logging_mixin.py:188} INFO - [2024-03-03T20:11:31.777+0000] {dag.py:3036} INFO - Sync 1 DAGs
[2024-03-03T20:11:31.829+0000] {logging_mixin.py:188} INFO - [2024-03-03T20:11:31.828+0000] {dag.py:3823} INFO - Setting next_dagrun for example_setup_teardown to 2024-03-02 00:00:00+00:00, run_after=2024-03-03 00:00:00+00:00
[2024-03-03T20:11:31.897+0000] {processor.py:183} INFO - Processing /home/airflow/.local/lib/python3.8/site-packages/airflow/example_dags/example_setup_teardown.py took 0.218 seconds
[2024-03-03T20:12:58.627+0000] {processor.py:161} INFO - Started process (PID=372) to work on /home/airflow/.local/lib/python3.8/site-packages/airflow/example_dags/example_setup_teardown.py
[2024-03-03T20:12:58.630+0000] {processor.py:830} INFO - Processing file /home/airflow/.local/lib/python3.8/site-packages/airflow/example_dags/example_setup_teardown.py for tasks to queue
[2024-03-03T20:12:58.633+0000] {logging_mixin.py:188} INFO - [2024-03-03T20:12:58.632+0000] {dagbag.py:538} INFO - Filling up the DagBag from /home/airflow/.local/lib/python3.8/site-packages/airflow/example_dags/example_setup_teardown.py
[2024-03-03T20:12:58.667+0000] {processor.py:840} INFO - DAG(s) 'example_setup_teardown' retrieved from /home/airflow/.local/lib/python3.8/site-packages/airflow/example_dags/example_setup_teardown.py
[2024-03-03T20:14:20.306+0000] {processor.py:161} INFO - Started process (PID=428) to work on /home/airflow/.local/lib/python3.8/site-packages/airflow/example_dags/example_setup_teardown.py
[2024-03-03T20:14:20.308+0000] {processor.py:830} INFO - Processing file /home/airflow/.local/lib/python3.8/site-packages/airflow/example_dags/example_setup_teardown.py for tasks to queue
[2024-03-03T20:14:20.309+0000] {logging_mixin.py:188} INFO - [2024-03-03T20:14:20.308+0000] {dagbag.py:538} INFO - Filling up the DagBag from /home/airflow/.local/lib/python3.8/site-packages/airflow/example_dags/example_setup_teardown.py
[2024-03-03T20:14:20.319+0000] {processor.py:840} INFO - DAG(s) 'example_setup_teardown' retrieved from /home/airflow/.local/lib/python3.8/site-packages/airflow/example_dags/example_setup_teardown.py
[2024-03-03T20:14:20.452+0000] {logging_mixin.py:188} INFO - [2024-03-03T20:14:20.452+0000] {dag.py:3036} INFO - Sync 1 DAGs
[2024-03-03T20:14:20.489+0000] {logging_mixin.py:188} INFO - [2024-03-03T20:14:20.488+0000] {dag.py:3823} INFO - Setting next_dagrun for example_setup_teardown to 2024-03-02 00:00:00+00:00, run_after=2024-03-03 00:00:00+00:00
[2024-03-03T20:14:20.522+0000] {processor.py:183} INFO - Processing /home/airflow/.local/lib/python3.8/site-packages/airflow/example_dags/example_setup_teardown.py took 0.219 seconds
[2024-03-03T20:14:51.013+0000] {processor.py:161} INFO - Started process (PID=482) to work on /home/airflow/.local/lib/python3.8/site-packages/airflow/example_dags/example_setup_teardown.py
[2024-03-03T20:14:51.014+0000] {processor.py:830} INFO - Processing file /home/airflow/.local/lib/python3.8/site-packages/airflow/example_dags/example_setup_teardown.py for tasks to queue
[2024-03-03T20:14:51.019+0000] {logging_mixin.py:188} INFO - [2024-03-03T20:14:51.015+0000] {dagbag.py:538} INFO - Filling up the DagBag from /home/airflow/.local/lib/python3.8/site-packages/airflow/example_dags/example_setup_teardown.py
[2024-03-03T20:14:51.054+0000] {processor.py:840} INFO - DAG(s) 'example_setup_teardown' retrieved from /home/airflow/.local/lib/python3.8/site-packages/airflow/example_dags/example_setup_teardown.py
[2024-03-03T20:14:54.599+0000] {logging_mixin.py:188} INFO - [2024-03-03T20:14:54.597+0000] {dag.py:3036} INFO - Sync 1 DAGs
[2024-03-03T20:14:54.688+0000] {logging_mixin.py:188} INFO - [2024-03-03T20:14:54.687+0000] {dag.py:3823} INFO - Setting next_dagrun for example_setup_teardown to 2024-03-02 00:00:00+00:00, run_after=2024-03-03 00:00:00+00:00
[2024-03-03T20:14:54.760+0000] {processor.py:183} INFO - Processing /home/airflow/.local/lib/python3.8/site-packages/airflow/example_dags/example_setup_teardown.py took 3.753 seconds
[2024-03-03T20:15:25.650+0000] {processor.py:161} INFO - Started process (PID=537) to work on /home/airflow/.local/lib/python3.8/site-packages/airflow/example_dags/example_setup_teardown.py
[2024-03-03T20:15:25.653+0000] {processor.py:830} INFO - Processing file /home/airflow/.local/lib/python3.8/site-packages/airflow/example_dags/example_setup_teardown.py for tasks to queue
[2024-03-03T20:15:25.656+0000] {logging_mixin.py:188} INFO - [2024-03-03T20:15:25.655+0000] {dagbag.py:538} INFO - Filling up the DagBag from /home/airflow/.local/lib/python3.8/site-packages/airflow/example_dags/example_setup_teardown.py
[2024-03-03T20:15:25.674+0000] {processor.py:840} INFO - DAG(s) 'example_setup_teardown' retrieved from /home/airflow/.local/lib/python3.8/site-packages/airflow/example_dags/example_setup_teardown.py
[2024-03-03T20:15:25.727+0000] {logging_mixin.py:188} INFO - [2024-03-03T20:15:25.726+0000] {dag.py:3036} INFO - Sync 1 DAGs
[2024-03-03T20:15:25.780+0000] {logging_mixin.py:188} INFO - [2024-03-03T20:15:25.780+0000] {dag.py:3823} INFO - Setting next_dagrun for example_setup_teardown to 2024-03-02 00:00:00+00:00, run_after=2024-03-03 00:00:00+00:00
[2024-03-03T20:15:25.825+0000] {processor.py:183} INFO - Processing /home/airflow/.local/lib/python3.8/site-packages/airflow/example_dags/example_setup_teardown.py took 0.191 seconds
[2024-03-03T20:15:56.892+0000] {processor.py:161} INFO - Started process (PID=600) to work on /home/airflow/.local/lib/python3.8/site-packages/airflow/example_dags/example_setup_teardown.py
[2024-03-03T20:15:56.895+0000] {processor.py:830} INFO - Processing file /home/airflow/.local/lib/python3.8/site-packages/airflow/example_dags/example_setup_teardown.py for tasks to queue
[2024-03-03T20:15:56.897+0000] {logging_mixin.py:188} INFO - [2024-03-03T20:15:56.896+0000] {dagbag.py:538} INFO - Filling up the DagBag from /home/airflow/.local/lib/python3.8/site-packages/airflow/example_dags/example_setup_teardown.py
[2024-03-03T20:15:56.913+0000] {processor.py:840} INFO - DAG(s) 'example_setup_teardown' retrieved from /home/airflow/.local/lib/python3.8/site-packages/airflow/example_dags/example_setup_teardown.py
[2024-03-03T20:15:56.960+0000] {logging_mixin.py:188} INFO - [2024-03-03T20:15:56.960+0000] {dag.py:3036} INFO - Sync 1 DAGs
[2024-03-03T20:15:57.010+0000] {logging_mixin.py:188} INFO - [2024-03-03T20:15:57.009+0000] {dag.py:3823} INFO - Setting next_dagrun for example_setup_teardown to 2024-03-02 00:00:00+00:00, run_after=2024-03-03 00:00:00+00:00
[2024-03-03T20:15:57.039+0000] {processor.py:183} INFO - Processing /home/airflow/.local/lib/python3.8/site-packages/airflow/example_dags/example_setup_teardown.py took 0.152 seconds
[2024-03-03T20:16:27.365+0000] {processor.py:161} INFO - Started process (PID=655) to work on /home/airflow/.local/lib/python3.8/site-packages/airflow/example_dags/example_setup_teardown.py
[2024-03-03T20:16:27.366+0000] {processor.py:830} INFO - Processing file /home/airflow/.local/lib/python3.8/site-packages/airflow/example_dags/example_setup_teardown.py for tasks to queue
[2024-03-03T20:16:27.367+0000] {logging_mixin.py:188} INFO - [2024-03-03T20:16:27.367+0000] {dagbag.py:538} INFO - Filling up the DagBag from /home/airflow/.local/lib/python3.8/site-packages/airflow/example_dags/example_setup_teardown.py
[2024-03-03T20:16:27.375+0000] {processor.py:840} INFO - DAG(s) 'example_setup_teardown' retrieved from /home/airflow/.local/lib/python3.8/site-packages/airflow/example_dags/example_setup_teardown.py
[2024-03-03T20:16:27.397+0000] {logging_mixin.py:188} INFO - [2024-03-03T20:16:27.397+0000] {dag.py:3036} INFO - Sync 1 DAGs
[2024-03-03T20:16:27.418+0000] {logging_mixin.py:188} INFO - [2024-03-03T20:16:27.418+0000] {dag.py:3823} INFO - Setting next_dagrun for example_setup_teardown to 2024-03-02 00:00:00+00:00, run_after=2024-03-03 00:00:00+00:00
[2024-03-03T20:16:27.443+0000] {processor.py:183} INFO - Processing /home/airflow/.local/lib/python3.8/site-packages/airflow/example_dags/example_setup_teardown.py took 0.081 seconds
[2024-03-03T20:16:57.686+0000] {processor.py:161} INFO - Started process (PID=710) to work on /home/airflow/.local/lib/python3.8/site-packages/airflow/example_dags/example_setup_teardown.py
[2024-03-03T20:16:57.687+0000] {processor.py:830} INFO - Processing file /home/airflow/.local/lib/python3.8/site-packages/airflow/example_dags/example_setup_teardown.py for tasks to queue
[2024-03-03T20:16:57.688+0000] {logging_mixin.py:188} INFO - [2024-03-03T20:16:57.688+0000] {dagbag.py:538} INFO - Filling up the DagBag from /home/airflow/.local/lib/python3.8/site-packages/airflow/example_dags/example_setup_teardown.py
[2024-03-03T20:16:57.698+0000] {processor.py:840} INFO - DAG(s) 'example_setup_teardown' retrieved from /home/airflow/.local/lib/python3.8/site-packages/airflow/example_dags/example_setup_teardown.py
[2024-03-03T20:16:57.724+0000] {logging_mixin.py:188} INFO - [2024-03-03T20:16:57.724+0000] {dag.py:3036} INFO - Sync 1 DAGs
[2024-03-03T20:16:57.747+0000] {logging_mixin.py:188} INFO - [2024-03-03T20:16:57.747+0000] {dag.py:3823} INFO - Setting next_dagrun for example_setup_teardown to 2024-03-02 00:00:00+00:00, run_after=2024-03-03 00:00:00+00:00
[2024-03-03T20:16:57.769+0000] {processor.py:183} INFO - Processing /home/airflow/.local/lib/python3.8/site-packages/airflow/example_dags/example_setup_teardown.py took 0.087 seconds
[2024-03-03T20:18:57.653+0000] {processor.py:161} INFO - Started process (PID=791) to work on /home/airflow/.local/lib/python3.8/site-packages/airflow/example_dags/example_setup_teardown.py
[2024-03-03T20:18:57.655+0000] {processor.py:830} INFO - Processing file /home/airflow/.local/lib/python3.8/site-packages/airflow/example_dags/example_setup_teardown.py for tasks to queue
[2024-03-03T20:18:57.657+0000] {logging_mixin.py:188} INFO - [2024-03-03T20:18:57.656+0000] {dagbag.py:538} INFO - Filling up the DagBag from /home/airflow/.local/lib/python3.8/site-packages/airflow/example_dags/example_setup_teardown.py
[2024-03-03T20:18:57.671+0000] {processor.py:840} INFO - DAG(s) 'example_setup_teardown' retrieved from /home/airflow/.local/lib/python3.8/site-packages/airflow/example_dags/example_setup_teardown.py
[2024-03-03T20:18:57.719+0000] {logging_mixin.py:188} INFO - [2024-03-03T20:18:57.718+0000] {dag.py:3036} INFO - Sync 1 DAGs
[2024-03-03T20:18:57.765+0000] {logging_mixin.py:188} INFO - [2024-03-03T20:18:57.765+0000] {dag.py:3823} INFO - Setting next_dagrun for example_setup_teardown to 2024-03-02 00:00:00+00:00, run_after=2024-03-03 00:00:00+00:00
[2024-03-03T20:18:57.815+0000] {processor.py:183} INFO - Processing /home/airflow/.local/lib/python3.8/site-packages/airflow/example_dags/example_setup_teardown.py took 0.168 seconds
[2024-03-03T20:20:54.080+0000] {processor.py:161} INFO - Started process (PID=850) to work on /home/airflow/.local/lib/python3.8/site-packages/airflow/example_dags/example_setup_teardown.py
[2024-03-03T20:20:54.085+0000] {processor.py:830} INFO - Processing file /home/airflow/.local/lib/python3.8/site-packages/airflow/example_dags/example_setup_teardown.py for tasks to queue
[2024-03-03T20:20:54.088+0000] {logging_mixin.py:188} INFO - [2024-03-03T20:20:54.087+0000] {dagbag.py:538} INFO - Filling up the DagBag from /home/airflow/.local/lib/python3.8/site-packages/airflow/example_dags/example_setup_teardown.py
[2024-03-03T20:20:54.110+0000] {processor.py:840} INFO - DAG(s) 'example_setup_teardown' retrieved from /home/airflow/.local/lib/python3.8/site-packages/airflow/example_dags/example_setup_teardown.py
[2024-03-03T20:20:54.195+0000] {logging_mixin.py:188} INFO - [2024-03-03T20:20:54.191+0000] {dag.py:3036} INFO - Sync 1 DAGs
[2024-03-03T20:20:54.276+0000] {logging_mixin.py:188} INFO - [2024-03-03T20:20:54.275+0000] {dag.py:3823} INFO - Setting next_dagrun for example_setup_teardown to 2024-03-02 00:00:00+00:00, run_after=2024-03-03 00:00:00+00:00
[2024-03-03T20:20:54.365+0000] {processor.py:183} INFO - Processing /home/airflow/.local/lib/python3.8/site-packages/airflow/example_dags/example_setup_teardown.py took 0.292 seconds
[2024-03-03T20:21:24.469+0000] {processor.py:161} INFO - Started process (PID=909) to work on /home/airflow/.local/lib/python3.8/site-packages/airflow/example_dags/example_setup_teardown.py
[2024-03-03T20:21:24.471+0000] {processor.py:830} INFO - Processing file /home/airflow/.local/lib/python3.8/site-packages/airflow/example_dags/example_setup_teardown.py for tasks to queue
[2024-03-03T20:21:24.473+0000] {logging_mixin.py:188} INFO - [2024-03-03T20:21:24.472+0000] {dagbag.py:538} INFO - Filling up the DagBag from /home/airflow/.local/lib/python3.8/site-packages/airflow/example_dags/example_setup_teardown.py
[2024-03-03T20:21:24.482+0000] {processor.py:840} INFO - DAG(s) 'example_setup_teardown' retrieved from /home/airflow/.local/lib/python3.8/site-packages/airflow/example_dags/example_setup_teardown.py
[2024-03-03T20:21:24.525+0000] {logging_mixin.py:188} INFO - [2024-03-03T20:21:24.525+0000] {dag.py:3036} INFO - Sync 1 DAGs
[2024-03-03T20:21:24.561+0000] {logging_mixin.py:188} INFO - [2024-03-03T20:21:24.561+0000] {dag.py:3823} INFO - Setting next_dagrun for example_setup_teardown to 2024-03-02 00:00:00+00:00, run_after=2024-03-03 00:00:00+00:00
[2024-03-03T20:21:24.607+0000] {processor.py:183} INFO - Processing /home/airflow/.local/lib/python3.8/site-packages/airflow/example_dags/example_setup_teardown.py took 0.143 seconds
[2024-03-03T20:29:45.635+0000] {processor.py:161} INFO - Started process (PID=76) to work on /home/airflow/.local/lib/python3.8/site-packages/airflow/example_dags/example_setup_teardown.py
[2024-03-03T20:29:45.637+0000] {processor.py:830} INFO - Processing file /home/airflow/.local/lib/python3.8/site-packages/airflow/example_dags/example_setup_teardown.py for tasks to queue
[2024-03-03T20:29:45.640+0000] {logging_mixin.py:188} INFO - [2024-03-03T20:29:45.639+0000] {dagbag.py:538} INFO - Filling up the DagBag from /home/airflow/.local/lib/python3.8/site-packages/airflow/example_dags/example_setup_teardown.py
[2024-03-03T20:29:45.653+0000] {processor.py:840} INFO - DAG(s) 'example_setup_teardown' retrieved from /home/airflow/.local/lib/python3.8/site-packages/airflow/example_dags/example_setup_teardown.py
[2024-03-03T20:29:45.862+0000] {logging_mixin.py:188} INFO - [2024-03-03T20:29:45.862+0000] {dag.py:3036} INFO - Sync 1 DAGs
[2024-03-03T20:29:45.895+0000] {logging_mixin.py:188} INFO - [2024-03-03T20:29:45.894+0000] {dag.py:3823} INFO - Setting next_dagrun for example_setup_teardown to 2024-03-02 00:00:00+00:00, run_after=2024-03-03 00:00:00+00:00
[2024-03-03T20:29:45.942+0000] {processor.py:183} INFO - Processing /home/airflow/.local/lib/python3.8/site-packages/airflow/example_dags/example_setup_teardown.py took 0.315 seconds
[2024-03-03T20:33:11.374+0000] {processor.py:161} INFO - Started process (PID=130) to work on /home/airflow/.local/lib/python3.8/site-packages/airflow/example_dags/example_setup_teardown.py
[2024-03-03T20:33:11.377+0000] {processor.py:830} INFO - Processing file /home/airflow/.local/lib/python3.8/site-packages/airflow/example_dags/example_setup_teardown.py for tasks to queue
[2024-03-03T20:33:11.380+0000] {logging_mixin.py:188} INFO - [2024-03-03T20:33:11.379+0000] {dagbag.py:538} INFO - Filling up the DagBag from /home/airflow/.local/lib/python3.8/site-packages/airflow/example_dags/example_setup_teardown.py
[2024-03-03T20:33:11.399+0000] {processor.py:840} INFO - DAG(s) 'example_setup_teardown' retrieved from /home/airflow/.local/lib/python3.8/site-packages/airflow/example_dags/example_setup_teardown.py
[2024-03-03T20:33:11.456+0000] {logging_mixin.py:188} INFO - [2024-03-03T20:33:11.456+0000] {dag.py:3036} INFO - Sync 1 DAGs
[2024-03-03T20:33:11.523+0000] {logging_mixin.py:188} INFO - [2024-03-03T20:33:11.522+0000] {dag.py:3823} INFO - Setting next_dagrun for example_setup_teardown to 2024-03-02 00:00:00+00:00, run_after=2024-03-03 00:00:00+00:00
[2024-03-03T20:33:11.580+0000] {processor.py:183} INFO - Processing /home/airflow/.local/lib/python3.8/site-packages/airflow/example_dags/example_setup_teardown.py took 0.211 seconds
[2024-03-03T20:34:26.178+0000] {processor.py:161} INFO - Started process (PID=188) to work on /home/airflow/.local/lib/python3.8/site-packages/airflow/example_dags/example_setup_teardown.py
[2024-03-03T20:34:26.180+0000] {processor.py:830} INFO - Processing file /home/airflow/.local/lib/python3.8/site-packages/airflow/example_dags/example_setup_teardown.py for tasks to queue
[2024-03-03T20:34:26.183+0000] {logging_mixin.py:188} INFO - [2024-03-03T20:34:26.182+0000] {dagbag.py:538} INFO - Filling up the DagBag from /home/airflow/.local/lib/python3.8/site-packages/airflow/example_dags/example_setup_teardown.py
[2024-03-03T20:34:26.200+0000] {processor.py:840} INFO - DAG(s) 'example_setup_teardown' retrieved from /home/airflow/.local/lib/python3.8/site-packages/airflow/example_dags/example_setup_teardown.py
[2024-03-03T20:34:26.241+0000] {logging_mixin.py:188} INFO - [2024-03-03T20:34:26.240+0000] {dag.py:3036} INFO - Sync 1 DAGs
[2024-03-03T20:34:26.299+0000] {logging_mixin.py:188} INFO - [2024-03-03T20:34:26.298+0000] {dag.py:3823} INFO - Setting next_dagrun for example_setup_teardown to 2024-03-02 00:00:00+00:00, run_after=2024-03-03 00:00:00+00:00
[2024-03-03T20:34:26.355+0000] {processor.py:183} INFO - Processing /home/airflow/.local/lib/python3.8/site-packages/airflow/example_dags/example_setup_teardown.py took 0.184 seconds
[2024-03-03T20:36:33.782+0000] {processor.py:161} INFO - Started process (PID=240) to work on /home/airflow/.local/lib/python3.8/site-packages/airflow/example_dags/example_setup_teardown.py
[2024-03-03T20:36:33.785+0000] {processor.py:830} INFO - Processing file /home/airflow/.local/lib/python3.8/site-packages/airflow/example_dags/example_setup_teardown.py for tasks to queue
[2024-03-03T20:36:33.789+0000] {logging_mixin.py:188} INFO - [2024-03-03T20:36:33.788+0000] {dagbag.py:538} INFO - Filling up the DagBag from /home/airflow/.local/lib/python3.8/site-packages/airflow/example_dags/example_setup_teardown.py
[2024-03-03T20:36:33.807+0000] {processor.py:840} INFO - DAG(s) 'example_setup_teardown' retrieved from /home/airflow/.local/lib/python3.8/site-packages/airflow/example_dags/example_setup_teardown.py
[2024-03-03T20:36:33.851+0000] {logging_mixin.py:188} INFO - [2024-03-03T20:36:33.851+0000] {dag.py:3036} INFO - Sync 1 DAGs
[2024-03-03T20:36:33.905+0000] {logging_mixin.py:188} INFO - [2024-03-03T20:36:33.904+0000] {dag.py:3823} INFO - Setting next_dagrun for example_setup_teardown to 2024-03-02 00:00:00+00:00, run_after=2024-03-03 00:00:00+00:00
[2024-03-03T20:36:33.954+0000] {processor.py:183} INFO - Processing /home/airflow/.local/lib/python3.8/site-packages/airflow/example_dags/example_setup_teardown.py took 0.178 seconds
[2024-03-03T20:39:26.129+0000] {processor.py:161} INFO - Started process (PID=301) to work on /home/airflow/.local/lib/python3.8/site-packages/airflow/example_dags/example_setup_teardown.py
[2024-03-03T20:39:26.133+0000] {processor.py:830} INFO - Processing file /home/airflow/.local/lib/python3.8/site-packages/airflow/example_dags/example_setup_teardown.py for tasks to queue
[2024-03-03T20:39:26.137+0000] {logging_mixin.py:188} INFO - [2024-03-03T20:39:26.137+0000] {dagbag.py:538} INFO - Filling up the DagBag from /home/airflow/.local/lib/python3.8/site-packages/airflow/example_dags/example_setup_teardown.py
[2024-03-03T20:39:26.153+0000] {processor.py:840} INFO - DAG(s) 'example_setup_teardown' retrieved from /home/airflow/.local/lib/python3.8/site-packages/airflow/example_dags/example_setup_teardown.py
[2024-03-03T20:39:26.237+0000] {logging_mixin.py:188} INFO - [2024-03-03T20:39:26.236+0000] {dag.py:3036} INFO - Sync 1 DAGs
[2024-03-03T20:39:26.313+0000] {logging_mixin.py:188} INFO - [2024-03-03T20:39:26.312+0000] {dag.py:3823} INFO - Setting next_dagrun for example_setup_teardown to 2024-03-02 00:00:00+00:00, run_after=2024-03-03 00:00:00+00:00
[2024-03-03T20:39:26.380+0000] {processor.py:183} INFO - Processing /home/airflow/.local/lib/python3.8/site-packages/airflow/example_dags/example_setup_teardown.py took 0.257 seconds
[2024-03-03T20:39:57.059+0000] {processor.py:161} INFO - Started process (PID=356) to work on /home/airflow/.local/lib/python3.8/site-packages/airflow/example_dags/example_setup_teardown.py
[2024-03-03T20:39:57.062+0000] {processor.py:830} INFO - Processing file /home/airflow/.local/lib/python3.8/site-packages/airflow/example_dags/example_setup_teardown.py for tasks to queue
[2024-03-03T20:39:57.065+0000] {logging_mixin.py:188} INFO - [2024-03-03T20:39:57.064+0000] {dagbag.py:538} INFO - Filling up the DagBag from /home/airflow/.local/lib/python3.8/site-packages/airflow/example_dags/example_setup_teardown.py
[2024-03-03T20:39:57.087+0000] {processor.py:840} INFO - DAG(s) 'example_setup_teardown' retrieved from /home/airflow/.local/lib/python3.8/site-packages/airflow/example_dags/example_setup_teardown.py
[2024-03-03T20:39:57.160+0000] {logging_mixin.py:188} INFO - [2024-03-03T20:39:57.160+0000] {dag.py:3036} INFO - Sync 1 DAGs
[2024-03-03T20:39:57.227+0000] {logging_mixin.py:188} INFO - [2024-03-03T20:39:57.226+0000] {dag.py:3823} INFO - Setting next_dagrun for example_setup_teardown to 2024-03-02 00:00:00+00:00, run_after=2024-03-03 00:00:00+00:00
[2024-03-03T20:39:57.278+0000] {processor.py:183} INFO - Processing /home/airflow/.local/lib/python3.8/site-packages/airflow/example_dags/example_setup_teardown.py took 0.228 seconds
[2024-03-03T20:40:28.417+0000] {processor.py:161} INFO - Started process (PID=414) to work on /home/airflow/.local/lib/python3.8/site-packages/airflow/example_dags/example_setup_teardown.py
[2024-03-03T20:40:28.419+0000] {processor.py:830} INFO - Processing file /home/airflow/.local/lib/python3.8/site-packages/airflow/example_dags/example_setup_teardown.py for tasks to queue
[2024-03-03T20:40:28.420+0000] {logging_mixin.py:188} INFO - [2024-03-03T20:40:28.420+0000] {dagbag.py:538} INFO - Filling up the DagBag from /home/airflow/.local/lib/python3.8/site-packages/airflow/example_dags/example_setup_teardown.py
[2024-03-03T20:40:28.428+0000] {processor.py:840} INFO - DAG(s) 'example_setup_teardown' retrieved from /home/airflow/.local/lib/python3.8/site-packages/airflow/example_dags/example_setup_teardown.py
[2024-03-03T20:40:28.456+0000] {logging_mixin.py:188} INFO - [2024-03-03T20:40:28.455+0000] {dag.py:3036} INFO - Sync 1 DAGs
[2024-03-03T20:40:28.487+0000] {logging_mixin.py:188} INFO - [2024-03-03T20:40:28.486+0000] {dag.py:3823} INFO - Setting next_dagrun for example_setup_teardown to 2024-03-02 00:00:00+00:00, run_after=2024-03-03 00:00:00+00:00
[2024-03-03T20:40:28.515+0000] {processor.py:183} INFO - Processing /home/airflow/.local/lib/python3.8/site-packages/airflow/example_dags/example_setup_teardown.py took 0.101 seconds
[2024-03-03T20:40:58.811+0000] {processor.py:161} INFO - Started process (PID=469) to work on /home/airflow/.local/lib/python3.8/site-packages/airflow/example_dags/example_setup_teardown.py
[2024-03-03T20:40:58.813+0000] {processor.py:830} INFO - Processing file /home/airflow/.local/lib/python3.8/site-packages/airflow/example_dags/example_setup_teardown.py for tasks to queue
[2024-03-03T20:40:58.814+0000] {logging_mixin.py:188} INFO - [2024-03-03T20:40:58.814+0000] {dagbag.py:538} INFO - Filling up the DagBag from /home/airflow/.local/lib/python3.8/site-packages/airflow/example_dags/example_setup_teardown.py
[2024-03-03T20:40:58.827+0000] {processor.py:840} INFO - DAG(s) 'example_setup_teardown' retrieved from /home/airflow/.local/lib/python3.8/site-packages/airflow/example_dags/example_setup_teardown.py
[2024-03-03T20:40:58.859+0000] {logging_mixin.py:188} INFO - [2024-03-03T20:40:58.858+0000] {dag.py:3036} INFO - Sync 1 DAGs
[2024-03-03T20:40:58.889+0000] {logging_mixin.py:188} INFO - [2024-03-03T20:40:58.888+0000] {dag.py:3823} INFO - Setting next_dagrun for example_setup_teardown to 2024-03-02 00:00:00+00:00, run_after=2024-03-03 00:00:00+00:00
[2024-03-03T20:40:58.920+0000] {processor.py:183} INFO - Processing /home/airflow/.local/lib/python3.8/site-packages/airflow/example_dags/example_setup_teardown.py took 0.115 seconds
[2024-03-03T20:42:57.887+0000] {processor.py:161} INFO - Started process (PID=531) to work on /home/airflow/.local/lib/python3.8/site-packages/airflow/example_dags/example_setup_teardown.py
[2024-03-03T20:42:57.889+0000] {processor.py:830} INFO - Processing file /home/airflow/.local/lib/python3.8/site-packages/airflow/example_dags/example_setup_teardown.py for tasks to queue
[2024-03-03T20:42:57.892+0000] {logging_mixin.py:188} INFO - [2024-03-03T20:42:57.891+0000] {dagbag.py:538} INFO - Filling up the DagBag from /home/airflow/.local/lib/python3.8/site-packages/airflow/example_dags/example_setup_teardown.py
[2024-03-03T20:42:57.910+0000] {processor.py:840} INFO - DAG(s) 'example_setup_teardown' retrieved from /home/airflow/.local/lib/python3.8/site-packages/airflow/example_dags/example_setup_teardown.py
[2024-03-03T20:42:57.973+0000] {logging_mixin.py:188} INFO - [2024-03-03T20:42:57.970+0000] {dag.py:3036} INFO - Sync 1 DAGs
[2024-03-03T20:42:58.091+0000] {logging_mixin.py:188} INFO - [2024-03-03T20:42:58.090+0000] {dag.py:3823} INFO - Setting next_dagrun for example_setup_teardown to 2024-03-02 00:00:00+00:00, run_after=2024-03-03 00:00:00+00:00
[2024-03-03T20:42:58.170+0000] {processor.py:183} INFO - Processing /home/airflow/.local/lib/python3.8/site-packages/airflow/example_dags/example_setup_teardown.py took 0.290 seconds
[2024-03-03T20:46:07.529+0000] {processor.py:161} INFO - Started process (PID=589) to work on /home/airflow/.local/lib/python3.8/site-packages/airflow/example_dags/example_setup_teardown.py
[2024-03-03T20:46:07.532+0000] {processor.py:830} INFO - Processing file /home/airflow/.local/lib/python3.8/site-packages/airflow/example_dags/example_setup_teardown.py for tasks to queue
[2024-03-03T20:46:07.535+0000] {logging_mixin.py:188} INFO - [2024-03-03T20:46:07.534+0000] {dagbag.py:538} INFO - Filling up the DagBag from /home/airflow/.local/lib/python3.8/site-packages/airflow/example_dags/example_setup_teardown.py
[2024-03-03T20:46:07.554+0000] {processor.py:840} INFO - DAG(s) 'example_setup_teardown' retrieved from /home/airflow/.local/lib/python3.8/site-packages/airflow/example_dags/example_setup_teardown.py
[2024-03-03T20:46:07.605+0000] {logging_mixin.py:188} INFO - [2024-03-03T20:46:07.604+0000] {dag.py:3036} INFO - Sync 1 DAGs
[2024-03-03T20:46:07.674+0000] {logging_mixin.py:188} INFO - [2024-03-03T20:46:07.673+0000] {dag.py:3823} INFO - Setting next_dagrun for example_setup_teardown to 2024-03-02 00:00:00+00:00, run_after=2024-03-03 00:00:00+00:00
[2024-03-03T20:46:07.748+0000] {processor.py:183} INFO - Processing /home/airflow/.local/lib/python3.8/site-packages/airflow/example_dags/example_setup_teardown.py took 0.225 seconds
[2024-03-03T20:48:10.054+0000] {processor.py:161} INFO - Started process (PID=649) to work on /home/airflow/.local/lib/python3.8/site-packages/airflow/example_dags/example_setup_teardown.py
[2024-03-03T20:48:10.061+0000] {processor.py:830} INFO - Processing file /home/airflow/.local/lib/python3.8/site-packages/airflow/example_dags/example_setup_teardown.py for tasks to queue
[2024-03-03T20:48:10.064+0000] {logging_mixin.py:188} INFO - [2024-03-03T20:48:10.063+0000] {dagbag.py:538} INFO - Filling up the DagBag from /home/airflow/.local/lib/python3.8/site-packages/airflow/example_dags/example_setup_teardown.py
[2024-03-03T20:48:10.083+0000] {processor.py:840} INFO - DAG(s) 'example_setup_teardown' retrieved from /home/airflow/.local/lib/python3.8/site-packages/airflow/example_dags/example_setup_teardown.py
[2024-03-03T20:48:10.137+0000] {logging_mixin.py:188} INFO - [2024-03-03T20:48:10.136+0000] {dag.py:3036} INFO - Sync 1 DAGs
[2024-03-03T20:48:10.199+0000] {logging_mixin.py:188} INFO - [2024-03-03T20:48:10.198+0000] {dag.py:3823} INFO - Setting next_dagrun for example_setup_teardown to 2024-03-02 00:00:00+00:00, run_after=2024-03-03 00:00:00+00:00
[2024-03-03T20:48:10.267+0000] {processor.py:183} INFO - Processing /home/airflow/.local/lib/python3.8/site-packages/airflow/example_dags/example_setup_teardown.py took 0.220 seconds
[2024-03-03T20:48:40.531+0000] {processor.py:161} INFO - Started process (PID=704) to work on /home/airflow/.local/lib/python3.8/site-packages/airflow/example_dags/example_setup_teardown.py
[2024-03-03T20:48:40.533+0000] {processor.py:830} INFO - Processing file /home/airflow/.local/lib/python3.8/site-packages/airflow/example_dags/example_setup_teardown.py for tasks to queue
[2024-03-03T20:48:40.534+0000] {logging_mixin.py:188} INFO - [2024-03-03T20:48:40.534+0000] {dagbag.py:538} INFO - Filling up the DagBag from /home/airflow/.local/lib/python3.8/site-packages/airflow/example_dags/example_setup_teardown.py
[2024-03-03T20:48:40.546+0000] {processor.py:840} INFO - DAG(s) 'example_setup_teardown' retrieved from /home/airflow/.local/lib/python3.8/site-packages/airflow/example_dags/example_setup_teardown.py
[2024-03-03T20:48:40.574+0000] {logging_mixin.py:188} INFO - [2024-03-03T20:48:40.574+0000] {dag.py:3036} INFO - Sync 1 DAGs
[2024-03-03T20:48:40.617+0000] {logging_mixin.py:188} INFO - [2024-03-03T20:48:40.617+0000] {dag.py:3823} INFO - Setting next_dagrun for example_setup_teardown to 2024-03-02 00:00:00+00:00, run_after=2024-03-03 00:00:00+00:00
[2024-03-03T20:48:40.650+0000] {processor.py:183} INFO - Processing /home/airflow/.local/lib/python3.8/site-packages/airflow/example_dags/example_setup_teardown.py took 0.124 seconds
[2024-03-03T21:02:28.573+0000] {processor.py:161} INFO - Started process (PID=70) to work on /home/airflow/.local/lib/python3.8/site-packages/airflow/example_dags/example_setup_teardown.py
[2024-03-03T21:02:28.575+0000] {processor.py:830} INFO - Processing file /home/airflow/.local/lib/python3.8/site-packages/airflow/example_dags/example_setup_teardown.py for tasks to queue
[2024-03-03T21:02:28.577+0000] {logging_mixin.py:188} INFO - [2024-03-03T21:02:28.576+0000] {dagbag.py:538} INFO - Filling up the DagBag from /home/airflow/.local/lib/python3.8/site-packages/airflow/example_dags/example_setup_teardown.py
[2024-03-03T21:02:28.584+0000] {processor.py:840} INFO - DAG(s) 'example_setup_teardown' retrieved from /home/airflow/.local/lib/python3.8/site-packages/airflow/example_dags/example_setup_teardown.py
[2024-03-03T21:02:28.715+0000] {logging_mixin.py:188} INFO - [2024-03-03T21:02:28.715+0000] {dag.py:3036} INFO - Sync 1 DAGs
[2024-03-03T21:02:28.743+0000] {logging_mixin.py:188} INFO - [2024-03-03T21:02:28.743+0000] {dag.py:3823} INFO - Setting next_dagrun for example_setup_teardown to 2024-03-02 00:00:00+00:00, run_after=2024-03-03 00:00:00+00:00
[2024-03-03T21:02:28.769+0000] {processor.py:183} INFO - Processing /home/airflow/.local/lib/python3.8/site-packages/airflow/example_dags/example_setup_teardown.py took 0.200 seconds
[2024-03-03T21:02:59.003+0000] {processor.py:161} INFO - Started process (PID=125) to work on /home/airflow/.local/lib/python3.8/site-packages/airflow/example_dags/example_setup_teardown.py
[2024-03-03T21:02:59.004+0000] {processor.py:830} INFO - Processing file /home/airflow/.local/lib/python3.8/site-packages/airflow/example_dags/example_setup_teardown.py for tasks to queue
[2024-03-03T21:02:59.006+0000] {logging_mixin.py:188} INFO - [2024-03-03T21:02:59.005+0000] {dagbag.py:538} INFO - Filling up the DagBag from /home/airflow/.local/lib/python3.8/site-packages/airflow/example_dags/example_setup_teardown.py
[2024-03-03T21:02:59.012+0000] {processor.py:840} INFO - DAG(s) 'example_setup_teardown' retrieved from /home/airflow/.local/lib/python3.8/site-packages/airflow/example_dags/example_setup_teardown.py
[2024-03-03T21:02:59.033+0000] {logging_mixin.py:188} INFO - [2024-03-03T21:02:59.033+0000] {dag.py:3036} INFO - Sync 1 DAGs
[2024-03-03T21:02:59.056+0000] {logging_mixin.py:188} INFO - [2024-03-03T21:02:59.056+0000] {dag.py:3823} INFO - Setting next_dagrun for example_setup_teardown to 2024-03-02 00:00:00+00:00, run_after=2024-03-03 00:00:00+00:00
[2024-03-03T21:02:59.076+0000] {processor.py:183} INFO - Processing /home/airflow/.local/lib/python3.8/site-packages/airflow/example_dags/example_setup_teardown.py took 0.076 seconds
[2024-03-03T21:03:30.070+0000] {processor.py:161} INFO - Started process (PID=186) to work on /home/airflow/.local/lib/python3.8/site-packages/airflow/example_dags/example_setup_teardown.py
[2024-03-03T21:03:30.072+0000] {processor.py:830} INFO - Processing file /home/airflow/.local/lib/python3.8/site-packages/airflow/example_dags/example_setup_teardown.py for tasks to queue
[2024-03-03T21:03:30.074+0000] {logging_mixin.py:188} INFO - [2024-03-03T21:03:30.073+0000] {dagbag.py:538} INFO - Filling up the DagBag from /home/airflow/.local/lib/python3.8/site-packages/airflow/example_dags/example_setup_teardown.py
[2024-03-03T21:03:30.082+0000] {processor.py:840} INFO - DAG(s) 'example_setup_teardown' retrieved from /home/airflow/.local/lib/python3.8/site-packages/airflow/example_dags/example_setup_teardown.py
[2024-03-03T21:03:30.107+0000] {logging_mixin.py:188} INFO - [2024-03-03T21:03:30.106+0000] {dag.py:3036} INFO - Sync 1 DAGs
[2024-03-03T21:03:30.138+0000] {logging_mixin.py:188} INFO - [2024-03-03T21:03:30.137+0000] {dag.py:3823} INFO - Setting next_dagrun for example_setup_teardown to 2024-03-02 00:00:00+00:00, run_after=2024-03-03 00:00:00+00:00
[2024-03-03T21:03:30.167+0000] {processor.py:183} INFO - Processing /home/airflow/.local/lib/python3.8/site-packages/airflow/example_dags/example_setup_teardown.py took 0.100 seconds
[2024-03-03T21:04:00.852+0000] {processor.py:161} INFO - Started process (PID=241) to work on /home/airflow/.local/lib/python3.8/site-packages/airflow/example_dags/example_setup_teardown.py
[2024-03-03T21:04:00.853+0000] {processor.py:830} INFO - Processing file /home/airflow/.local/lib/python3.8/site-packages/airflow/example_dags/example_setup_teardown.py for tasks to queue
[2024-03-03T21:04:00.856+0000] {logging_mixin.py:188} INFO - [2024-03-03T21:04:00.855+0000] {dagbag.py:538} INFO - Filling up the DagBag from /home/airflow/.local/lib/python3.8/site-packages/airflow/example_dags/example_setup_teardown.py
[2024-03-03T21:04:00.867+0000] {processor.py:840} INFO - DAG(s) 'example_setup_teardown' retrieved from /home/airflow/.local/lib/python3.8/site-packages/airflow/example_dags/example_setup_teardown.py
[2024-03-03T21:04:00.896+0000] {logging_mixin.py:188} INFO - [2024-03-03T21:04:00.896+0000] {dag.py:3036} INFO - Sync 1 DAGs
[2024-03-03T21:04:00.927+0000] {logging_mixin.py:188} INFO - [2024-03-03T21:04:00.927+0000] {dag.py:3823} INFO - Setting next_dagrun for example_setup_teardown to 2024-03-02 00:00:00+00:00, run_after=2024-03-03 00:00:00+00:00
[2024-03-03T21:04:00.955+0000] {processor.py:183} INFO - Processing /home/airflow/.local/lib/python3.8/site-packages/airflow/example_dags/example_setup_teardown.py took 0.109 seconds
[2024-03-03T21:04:31.344+0000] {processor.py:161} INFO - Started process (PID=296) to work on /home/airflow/.local/lib/python3.8/site-packages/airflow/example_dags/example_setup_teardown.py
[2024-03-03T21:04:31.345+0000] {processor.py:830} INFO - Processing file /home/airflow/.local/lib/python3.8/site-packages/airflow/example_dags/example_setup_teardown.py for tasks to queue
[2024-03-03T21:04:31.347+0000] {logging_mixin.py:188} INFO - [2024-03-03T21:04:31.347+0000] {dagbag.py:538} INFO - Filling up the DagBag from /home/airflow/.local/lib/python3.8/site-packages/airflow/example_dags/example_setup_teardown.py
[2024-03-03T21:04:31.355+0000] {processor.py:840} INFO - DAG(s) 'example_setup_teardown' retrieved from /home/airflow/.local/lib/python3.8/site-packages/airflow/example_dags/example_setup_teardown.py
[2024-03-03T21:04:31.382+0000] {logging_mixin.py:188} INFO - [2024-03-03T21:04:31.382+0000] {dag.py:3036} INFO - Sync 1 DAGs
[2024-03-03T21:04:31.410+0000] {logging_mixin.py:188} INFO - [2024-03-03T21:04:31.409+0000] {dag.py:3823} INFO - Setting next_dagrun for example_setup_teardown to 2024-03-02 00:00:00+00:00, run_after=2024-03-03 00:00:00+00:00
[2024-03-03T21:04:31.431+0000] {processor.py:183} INFO - Processing /home/airflow/.local/lib/python3.8/site-packages/airflow/example_dags/example_setup_teardown.py took 0.091 seconds
[2024-03-03T21:05:01.802+0000] {processor.py:161} INFO - Started process (PID=351) to work on /home/airflow/.local/lib/python3.8/site-packages/airflow/example_dags/example_setup_teardown.py
[2024-03-03T21:05:01.804+0000] {processor.py:830} INFO - Processing file /home/airflow/.local/lib/python3.8/site-packages/airflow/example_dags/example_setup_teardown.py for tasks to queue
[2024-03-03T21:05:01.806+0000] {logging_mixin.py:188} INFO - [2024-03-03T21:05:01.805+0000] {dagbag.py:538} INFO - Filling up the DagBag from /home/airflow/.local/lib/python3.8/site-packages/airflow/example_dags/example_setup_teardown.py
[2024-03-03T21:05:01.813+0000] {processor.py:840} INFO - DAG(s) 'example_setup_teardown' retrieved from /home/airflow/.local/lib/python3.8/site-packages/airflow/example_dags/example_setup_teardown.py
[2024-03-03T21:05:01.839+0000] {logging_mixin.py:188} INFO - [2024-03-03T21:05:01.839+0000] {dag.py:3036} INFO - Sync 1 DAGs
[2024-03-03T21:05:01.867+0000] {logging_mixin.py:188} INFO - [2024-03-03T21:05:01.867+0000] {dag.py:3823} INFO - Setting next_dagrun for example_setup_teardown to 2024-03-02 00:00:00+00:00, run_after=2024-03-03 00:00:00+00:00
[2024-03-03T21:05:01.893+0000] {processor.py:183} INFO - Processing /home/airflow/.local/lib/python3.8/site-packages/airflow/example_dags/example_setup_teardown.py took 0.094 seconds
[2024-03-03T21:05:32.434+0000] {processor.py:161} INFO - Started process (PID=406) to work on /home/airflow/.local/lib/python3.8/site-packages/airflow/example_dags/example_setup_teardown.py
[2024-03-03T21:05:32.435+0000] {processor.py:830} INFO - Processing file /home/airflow/.local/lib/python3.8/site-packages/airflow/example_dags/example_setup_teardown.py for tasks to queue
[2024-03-03T21:05:32.438+0000] {logging_mixin.py:188} INFO - [2024-03-03T21:05:32.437+0000] {dagbag.py:538} INFO - Filling up the DagBag from /home/airflow/.local/lib/python3.8/site-packages/airflow/example_dags/example_setup_teardown.py
[2024-03-03T21:05:32.449+0000] {processor.py:840} INFO - DAG(s) 'example_setup_teardown' retrieved from /home/airflow/.local/lib/python3.8/site-packages/airflow/example_dags/example_setup_teardown.py
[2024-03-03T21:05:32.488+0000] {logging_mixin.py:188} INFO - [2024-03-03T21:05:32.488+0000] {dag.py:3036} INFO - Sync 1 DAGs
[2024-03-03T21:05:32.524+0000] {logging_mixin.py:188} INFO - [2024-03-03T21:05:32.523+0000] {dag.py:3823} INFO - Setting next_dagrun for example_setup_teardown to 2024-03-02 00:00:00+00:00, run_after=2024-03-03 00:00:00+00:00
[2024-03-03T21:05:32.562+0000] {processor.py:183} INFO - Processing /home/airflow/.local/lib/python3.8/site-packages/airflow/example_dags/example_setup_teardown.py took 0.132 seconds
[2024-03-03T21:06:02.781+0000] {processor.py:161} INFO - Started process (PID=461) to work on /home/airflow/.local/lib/python3.8/site-packages/airflow/example_dags/example_setup_teardown.py
[2024-03-03T21:06:02.782+0000] {processor.py:830} INFO - Processing file /home/airflow/.local/lib/python3.8/site-packages/airflow/example_dags/example_setup_teardown.py for tasks to queue
[2024-03-03T21:06:02.784+0000] {logging_mixin.py:188} INFO - [2024-03-03T21:06:02.784+0000] {dagbag.py:538} INFO - Filling up the DagBag from /home/airflow/.local/lib/python3.8/site-packages/airflow/example_dags/example_setup_teardown.py
[2024-03-03T21:06:02.791+0000] {processor.py:840} INFO - DAG(s) 'example_setup_teardown' retrieved from /home/airflow/.local/lib/python3.8/site-packages/airflow/example_dags/example_setup_teardown.py
[2024-03-03T21:06:02.811+0000] {logging_mixin.py:188} INFO - [2024-03-03T21:06:02.811+0000] {dag.py:3036} INFO - Sync 1 DAGs
[2024-03-03T21:06:02.836+0000] {logging_mixin.py:188} INFO - [2024-03-03T21:06:02.836+0000] {dag.py:3823} INFO - Setting next_dagrun for example_setup_teardown to 2024-03-02 00:00:00+00:00, run_after=2024-03-03 00:00:00+00:00
[2024-03-03T21:06:02.859+0000] {processor.py:183} INFO - Processing /home/airflow/.local/lib/python3.8/site-packages/airflow/example_dags/example_setup_teardown.py took 0.082 seconds
[2024-03-03T21:06:33.968+0000] {processor.py:161} INFO - Started process (PID=516) to work on /home/airflow/.local/lib/python3.8/site-packages/airflow/example_dags/example_setup_teardown.py
[2024-03-03T21:06:33.970+0000] {processor.py:830} INFO - Processing file /home/airflow/.local/lib/python3.8/site-packages/airflow/example_dags/example_setup_teardown.py for tasks to queue
[2024-03-03T21:06:33.975+0000] {logging_mixin.py:188} INFO - [2024-03-03T21:06:33.974+0000] {dagbag.py:538} INFO - Filling up the DagBag from /home/airflow/.local/lib/python3.8/site-packages/airflow/example_dags/example_setup_teardown.py
[2024-03-03T21:06:33.989+0000] {processor.py:840} INFO - DAG(s) 'example_setup_teardown' retrieved from /home/airflow/.local/lib/python3.8/site-packages/airflow/example_dags/example_setup_teardown.py
[2024-03-03T21:06:34.037+0000] {logging_mixin.py:188} INFO - [2024-03-03T21:06:34.036+0000] {dag.py:3036} INFO - Sync 1 DAGs
[2024-03-03T21:06:34.095+0000] {logging_mixin.py:188} INFO - [2024-03-03T21:06:34.094+0000] {dag.py:3823} INFO - Setting next_dagrun for example_setup_teardown to 2024-03-02 00:00:00+00:00, run_after=2024-03-03 00:00:00+00:00
[2024-03-03T21:06:34.137+0000] {processor.py:183} INFO - Processing /home/airflow/.local/lib/python3.8/site-packages/airflow/example_dags/example_setup_teardown.py took 0.176 seconds
[2024-03-03T21:07:04.519+0000] {processor.py:161} INFO - Started process (PID=571) to work on /home/airflow/.local/lib/python3.8/site-packages/airflow/example_dags/example_setup_teardown.py
[2024-03-03T21:07:04.521+0000] {processor.py:830} INFO - Processing file /home/airflow/.local/lib/python3.8/site-packages/airflow/example_dags/example_setup_teardown.py for tasks to queue
[2024-03-03T21:07:04.523+0000] {logging_mixin.py:188} INFO - [2024-03-03T21:07:04.523+0000] {dagbag.py:538} INFO - Filling up the DagBag from /home/airflow/.local/lib/python3.8/site-packages/airflow/example_dags/example_setup_teardown.py
[2024-03-03T21:07:04.531+0000] {processor.py:840} INFO - DAG(s) 'example_setup_teardown' retrieved from /home/airflow/.local/lib/python3.8/site-packages/airflow/example_dags/example_setup_teardown.py
[2024-03-03T21:07:04.557+0000] {logging_mixin.py:188} INFO - [2024-03-03T21:07:04.557+0000] {dag.py:3036} INFO - Sync 1 DAGs
[2024-03-03T21:07:04.586+0000] {logging_mixin.py:188} INFO - [2024-03-03T21:07:04.585+0000] {dag.py:3823} INFO - Setting next_dagrun for example_setup_teardown to 2024-03-02 00:00:00+00:00, run_after=2024-03-03 00:00:00+00:00
[2024-03-03T21:07:04.610+0000] {processor.py:183} INFO - Processing /home/airflow/.local/lib/python3.8/site-packages/airflow/example_dags/example_setup_teardown.py took 0.094 seconds
[2024-03-03T21:07:34.900+0000] {processor.py:161} INFO - Started process (PID=626) to work on /home/airflow/.local/lib/python3.8/site-packages/airflow/example_dags/example_setup_teardown.py
[2024-03-03T21:07:34.902+0000] {processor.py:830} INFO - Processing file /home/airflow/.local/lib/python3.8/site-packages/airflow/example_dags/example_setup_teardown.py for tasks to queue
[2024-03-03T21:07:34.904+0000] {logging_mixin.py:188} INFO - [2024-03-03T21:07:34.904+0000] {dagbag.py:538} INFO - Filling up the DagBag from /home/airflow/.local/lib/python3.8/site-packages/airflow/example_dags/example_setup_teardown.py
[2024-03-03T21:07:34.912+0000] {processor.py:840} INFO - DAG(s) 'example_setup_teardown' retrieved from /home/airflow/.local/lib/python3.8/site-packages/airflow/example_dags/example_setup_teardown.py
[2024-03-03T21:07:34.938+0000] {logging_mixin.py:188} INFO - [2024-03-03T21:07:34.937+0000] {dag.py:3036} INFO - Sync 1 DAGs
[2024-03-03T21:07:34.966+0000] {logging_mixin.py:188} INFO - [2024-03-03T21:07:34.966+0000] {dag.py:3823} INFO - Setting next_dagrun for example_setup_teardown to 2024-03-02 00:00:00+00:00, run_after=2024-03-03 00:00:00+00:00
[2024-03-03T21:07:34.992+0000] {processor.py:183} INFO - Processing /home/airflow/.local/lib/python3.8/site-packages/airflow/example_dags/example_setup_teardown.py took 0.095 seconds
[2024-03-03T21:08:05.126+0000] {processor.py:161} INFO - Started process (PID=681) to work on /home/airflow/.local/lib/python3.8/site-packages/airflow/example_dags/example_setup_teardown.py
[2024-03-03T21:08:05.127+0000] {processor.py:830} INFO - Processing file /home/airflow/.local/lib/python3.8/site-packages/airflow/example_dags/example_setup_teardown.py for tasks to queue
[2024-03-03T21:08:05.129+0000] {logging_mixin.py:188} INFO - [2024-03-03T21:08:05.129+0000] {dagbag.py:538} INFO - Filling up the DagBag from /home/airflow/.local/lib/python3.8/site-packages/airflow/example_dags/example_setup_teardown.py
[2024-03-03T21:08:05.135+0000] {processor.py:840} INFO - DAG(s) 'example_setup_teardown' retrieved from /home/airflow/.local/lib/python3.8/site-packages/airflow/example_dags/example_setup_teardown.py
[2024-03-03T21:08:05.155+0000] {logging_mixin.py:188} INFO - [2024-03-03T21:08:05.155+0000] {dag.py:3036} INFO - Sync 1 DAGs
[2024-03-03T21:08:05.177+0000] {logging_mixin.py:188} INFO - [2024-03-03T21:08:05.177+0000] {dag.py:3823} INFO - Setting next_dagrun for example_setup_teardown to 2024-03-02 00:00:00+00:00, run_after=2024-03-03 00:00:00+00:00
[2024-03-03T21:08:05.198+0000] {processor.py:183} INFO - Processing /home/airflow/.local/lib/python3.8/site-packages/airflow/example_dags/example_setup_teardown.py took 0.075 seconds
[2024-03-03T21:08:35.525+0000] {processor.py:161} INFO - Started process (PID=736) to work on /home/airflow/.local/lib/python3.8/site-packages/airflow/example_dags/example_setup_teardown.py
[2024-03-03T21:08:35.526+0000] {processor.py:830} INFO - Processing file /home/airflow/.local/lib/python3.8/site-packages/airflow/example_dags/example_setup_teardown.py for tasks to queue
[2024-03-03T21:08:35.528+0000] {logging_mixin.py:188} INFO - [2024-03-03T21:08:35.528+0000] {dagbag.py:538} INFO - Filling up the DagBag from /home/airflow/.local/lib/python3.8/site-packages/airflow/example_dags/example_setup_teardown.py
[2024-03-03T21:08:35.533+0000] {processor.py:840} INFO - DAG(s) 'example_setup_teardown' retrieved from /home/airflow/.local/lib/python3.8/site-packages/airflow/example_dags/example_setup_teardown.py
[2024-03-03T21:08:35.554+0000] {logging_mixin.py:188} INFO - [2024-03-03T21:08:35.554+0000] {dag.py:3036} INFO - Sync 1 DAGs
[2024-03-03T21:08:35.576+0000] {logging_mixin.py:188} INFO - [2024-03-03T21:08:35.576+0000] {dag.py:3823} INFO - Setting next_dagrun for example_setup_teardown to 2024-03-02 00:00:00+00:00, run_after=2024-03-03 00:00:00+00:00
[2024-03-03T21:08:35.599+0000] {processor.py:183} INFO - Processing /home/airflow/.local/lib/python3.8/site-packages/airflow/example_dags/example_setup_teardown.py took 0.077 seconds
[2024-03-03T21:09:05.997+0000] {processor.py:161} INFO - Started process (PID=791) to work on /home/airflow/.local/lib/python3.8/site-packages/airflow/example_dags/example_setup_teardown.py
[2024-03-03T21:09:05.998+0000] {processor.py:830} INFO - Processing file /home/airflow/.local/lib/python3.8/site-packages/airflow/example_dags/example_setup_teardown.py for tasks to queue
[2024-03-03T21:09:06.000+0000] {logging_mixin.py:188} INFO - [2024-03-03T21:09:06.000+0000] {dagbag.py:538} INFO - Filling up the DagBag from /home/airflow/.local/lib/python3.8/site-packages/airflow/example_dags/example_setup_teardown.py
[2024-03-03T21:09:06.006+0000] {processor.py:840} INFO - DAG(s) 'example_setup_teardown' retrieved from /home/airflow/.local/lib/python3.8/site-packages/airflow/example_dags/example_setup_teardown.py
[2024-03-03T21:09:06.025+0000] {logging_mixin.py:188} INFO - [2024-03-03T21:09:06.024+0000] {dag.py:3036} INFO - Sync 1 DAGs
[2024-03-03T21:09:06.047+0000] {logging_mixin.py:188} INFO - [2024-03-03T21:09:06.047+0000] {dag.py:3823} INFO - Setting next_dagrun for example_setup_teardown to 2024-03-02 00:00:00+00:00, run_after=2024-03-03 00:00:00+00:00
[2024-03-03T21:09:06.069+0000] {processor.py:183} INFO - Processing /home/airflow/.local/lib/python3.8/site-packages/airflow/example_dags/example_setup_teardown.py took 0.074 seconds
[2024-03-03T21:09:36.369+0000] {processor.py:161} INFO - Started process (PID=846) to work on /home/airflow/.local/lib/python3.8/site-packages/airflow/example_dags/example_setup_teardown.py
[2024-03-03T21:09:36.370+0000] {processor.py:830} INFO - Processing file /home/airflow/.local/lib/python3.8/site-packages/airflow/example_dags/example_setup_teardown.py for tasks to queue
[2024-03-03T21:09:36.372+0000] {logging_mixin.py:188} INFO - [2024-03-03T21:09:36.371+0000] {dagbag.py:538} INFO - Filling up the DagBag from /home/airflow/.local/lib/python3.8/site-packages/airflow/example_dags/example_setup_teardown.py
[2024-03-03T21:09:36.377+0000] {processor.py:840} INFO - DAG(s) 'example_setup_teardown' retrieved from /home/airflow/.local/lib/python3.8/site-packages/airflow/example_dags/example_setup_teardown.py
[2024-03-03T21:09:36.397+0000] {logging_mixin.py:188} INFO - [2024-03-03T21:09:36.396+0000] {dag.py:3036} INFO - Sync 1 DAGs
[2024-03-03T21:09:36.417+0000] {logging_mixin.py:188} INFO - [2024-03-03T21:09:36.416+0000] {dag.py:3823} INFO - Setting next_dagrun for example_setup_teardown to 2024-03-02 00:00:00+00:00, run_after=2024-03-03 00:00:00+00:00
[2024-03-03T21:09:36.434+0000] {processor.py:183} INFO - Processing /home/airflow/.local/lib/python3.8/site-packages/airflow/example_dags/example_setup_teardown.py took 0.068 seconds
[2024-03-03T21:10:06.632+0000] {processor.py:161} INFO - Started process (PID=901) to work on /home/airflow/.local/lib/python3.8/site-packages/airflow/example_dags/example_setup_teardown.py
[2024-03-03T21:10:06.633+0000] {processor.py:830} INFO - Processing file /home/airflow/.local/lib/python3.8/site-packages/airflow/example_dags/example_setup_teardown.py for tasks to queue
[2024-03-03T21:10:06.636+0000] {logging_mixin.py:188} INFO - [2024-03-03T21:10:06.636+0000] {dagbag.py:538} INFO - Filling up the DagBag from /home/airflow/.local/lib/python3.8/site-packages/airflow/example_dags/example_setup_teardown.py
[2024-03-03T21:10:06.644+0000] {processor.py:840} INFO - DAG(s) 'example_setup_teardown' retrieved from /home/airflow/.local/lib/python3.8/site-packages/airflow/example_dags/example_setup_teardown.py
[2024-03-03T21:10:06.671+0000] {logging_mixin.py:188} INFO - [2024-03-03T21:10:06.670+0000] {dag.py:3036} INFO - Sync 1 DAGs
[2024-03-03T21:10:06.695+0000] {logging_mixin.py:188} INFO - [2024-03-03T21:10:06.695+0000] {dag.py:3823} INFO - Setting next_dagrun for example_setup_teardown to 2024-03-02 00:00:00+00:00, run_after=2024-03-03 00:00:00+00:00
[2024-03-03T21:10:06.719+0000] {processor.py:183} INFO - Processing /home/airflow/.local/lib/python3.8/site-packages/airflow/example_dags/example_setup_teardown.py took 0.091 seconds
[2024-03-03T21:10:37.087+0000] {processor.py:161} INFO - Started process (PID=956) to work on /home/airflow/.local/lib/python3.8/site-packages/airflow/example_dags/example_setup_teardown.py
[2024-03-03T21:10:37.088+0000] {processor.py:830} INFO - Processing file /home/airflow/.local/lib/python3.8/site-packages/airflow/example_dags/example_setup_teardown.py for tasks to queue
[2024-03-03T21:10:37.091+0000] {logging_mixin.py:188} INFO - [2024-03-03T21:10:37.090+0000] {dagbag.py:538} INFO - Filling up the DagBag from /home/airflow/.local/lib/python3.8/site-packages/airflow/example_dags/example_setup_teardown.py
[2024-03-03T21:10:37.097+0000] {processor.py:840} INFO - DAG(s) 'example_setup_teardown' retrieved from /home/airflow/.local/lib/python3.8/site-packages/airflow/example_dags/example_setup_teardown.py
[2024-03-03T21:10:37.123+0000] {logging_mixin.py:188} INFO - [2024-03-03T21:10:37.122+0000] {dag.py:3036} INFO - Sync 1 DAGs
[2024-03-03T21:10:37.152+0000] {logging_mixin.py:188} INFO - [2024-03-03T21:10:37.152+0000] {dag.py:3823} INFO - Setting next_dagrun for example_setup_teardown to 2024-03-02 00:00:00+00:00, run_after=2024-03-03 00:00:00+00:00
[2024-03-03T21:10:37.177+0000] {processor.py:183} INFO - Processing /home/airflow/.local/lib/python3.8/site-packages/airflow/example_dags/example_setup_teardown.py took 0.093 seconds
[2024-03-03T21:11:07.330+0000] {processor.py:161} INFO - Started process (PID=1011) to work on /home/airflow/.local/lib/python3.8/site-packages/airflow/example_dags/example_setup_teardown.py
[2024-03-03T21:11:07.331+0000] {processor.py:830} INFO - Processing file /home/airflow/.local/lib/python3.8/site-packages/airflow/example_dags/example_setup_teardown.py for tasks to queue
[2024-03-03T21:11:07.333+0000] {logging_mixin.py:188} INFO - [2024-03-03T21:11:07.332+0000] {dagbag.py:538} INFO - Filling up the DagBag from /home/airflow/.local/lib/python3.8/site-packages/airflow/example_dags/example_setup_teardown.py
[2024-03-03T21:11:07.339+0000] {processor.py:840} INFO - DAG(s) 'example_setup_teardown' retrieved from /home/airflow/.local/lib/python3.8/site-packages/airflow/example_dags/example_setup_teardown.py
[2024-03-03T21:11:07.361+0000] {logging_mixin.py:188} INFO - [2024-03-03T21:11:07.361+0000] {dag.py:3036} INFO - Sync 1 DAGs
[2024-03-03T21:11:07.384+0000] {logging_mixin.py:188} INFO - [2024-03-03T21:11:07.384+0000] {dag.py:3823} INFO - Setting next_dagrun for example_setup_teardown to 2024-03-02 00:00:00+00:00, run_after=2024-03-03 00:00:00+00:00
[2024-03-03T21:11:07.405+0000] {processor.py:183} INFO - Processing /home/airflow/.local/lib/python3.8/site-packages/airflow/example_dags/example_setup_teardown.py took 0.078 seconds
[2024-03-03T21:11:37.924+0000] {processor.py:161} INFO - Started process (PID=1066) to work on /home/airflow/.local/lib/python3.8/site-packages/airflow/example_dags/example_setup_teardown.py
[2024-03-03T21:11:37.925+0000] {processor.py:830} INFO - Processing file /home/airflow/.local/lib/python3.8/site-packages/airflow/example_dags/example_setup_teardown.py for tasks to queue
[2024-03-03T21:11:37.927+0000] {logging_mixin.py:188} INFO - [2024-03-03T21:11:37.927+0000] {dagbag.py:538} INFO - Filling up the DagBag from /home/airflow/.local/lib/python3.8/site-packages/airflow/example_dags/example_setup_teardown.py
[2024-03-03T21:11:37.934+0000] {processor.py:840} INFO - DAG(s) 'example_setup_teardown' retrieved from /home/airflow/.local/lib/python3.8/site-packages/airflow/example_dags/example_setup_teardown.py
[2024-03-03T21:11:37.956+0000] {logging_mixin.py:188} INFO - [2024-03-03T21:11:37.956+0000] {dag.py:3036} INFO - Sync 1 DAGs
[2024-03-03T21:11:37.980+0000] {logging_mixin.py:188} INFO - [2024-03-03T21:11:37.979+0000] {dag.py:3823} INFO - Setting next_dagrun for example_setup_teardown to 2024-03-02 00:00:00+00:00, run_after=2024-03-03 00:00:00+00:00
[2024-03-03T21:11:38.011+0000] {processor.py:183} INFO - Processing /home/airflow/.local/lib/python3.8/site-packages/airflow/example_dags/example_setup_teardown.py took 0.090 seconds
[2024-03-03T21:12:08.169+0000] {processor.py:161} INFO - Started process (PID=1121) to work on /home/airflow/.local/lib/python3.8/site-packages/airflow/example_dags/example_setup_teardown.py
[2024-03-03T21:12:08.171+0000] {processor.py:830} INFO - Processing file /home/airflow/.local/lib/python3.8/site-packages/airflow/example_dags/example_setup_teardown.py for tasks to queue
[2024-03-03T21:12:08.173+0000] {logging_mixin.py:188} INFO - [2024-03-03T21:12:08.172+0000] {dagbag.py:538} INFO - Filling up the DagBag from /home/airflow/.local/lib/python3.8/site-packages/airflow/example_dags/example_setup_teardown.py
[2024-03-03T21:12:08.180+0000] {processor.py:840} INFO - DAG(s) 'example_setup_teardown' retrieved from /home/airflow/.local/lib/python3.8/site-packages/airflow/example_dags/example_setup_teardown.py
[2024-03-03T21:12:08.210+0000] {logging_mixin.py:188} INFO - [2024-03-03T21:12:08.210+0000] {dag.py:3036} INFO - Sync 1 DAGs
[2024-03-03T21:12:08.252+0000] {logging_mixin.py:188} INFO - [2024-03-03T21:12:08.252+0000] {dag.py:3823} INFO - Setting next_dagrun for example_setup_teardown to 2024-03-02 00:00:00+00:00, run_after=2024-03-03 00:00:00+00:00
[2024-03-03T21:12:08.286+0000] {processor.py:183} INFO - Processing /home/airflow/.local/lib/python3.8/site-packages/airflow/example_dags/example_setup_teardown.py took 0.120 seconds
[2024-03-03T21:12:38.735+0000] {processor.py:161} INFO - Started process (PID=1176) to work on /home/airflow/.local/lib/python3.8/site-packages/airflow/example_dags/example_setup_teardown.py
[2024-03-03T21:12:38.738+0000] {processor.py:830} INFO - Processing file /home/airflow/.local/lib/python3.8/site-packages/airflow/example_dags/example_setup_teardown.py for tasks to queue
[2024-03-03T21:12:38.744+0000] {logging_mixin.py:188} INFO - [2024-03-03T21:12:38.743+0000] {dagbag.py:538} INFO - Filling up the DagBag from /home/airflow/.local/lib/python3.8/site-packages/airflow/example_dags/example_setup_teardown.py
[2024-03-03T21:12:38.767+0000] {processor.py:840} INFO - DAG(s) 'example_setup_teardown' retrieved from /home/airflow/.local/lib/python3.8/site-packages/airflow/example_dags/example_setup_teardown.py
[2024-03-03T21:12:38.813+0000] {logging_mixin.py:188} INFO - [2024-03-03T21:12:38.812+0000] {dag.py:3036} INFO - Sync 1 DAGs
[2024-03-03T21:12:38.860+0000] {logging_mixin.py:188} INFO - [2024-03-03T21:12:38.860+0000] {dag.py:3823} INFO - Setting next_dagrun for example_setup_teardown to 2024-03-02 00:00:00+00:00, run_after=2024-03-03 00:00:00+00:00
[2024-03-03T21:12:38.917+0000] {processor.py:183} INFO - Processing /home/airflow/.local/lib/python3.8/site-packages/airflow/example_dags/example_setup_teardown.py took 0.193 seconds
[2024-03-03T21:13:09.763+0000] {processor.py:161} INFO - Started process (PID=1231) to work on /home/airflow/.local/lib/python3.8/site-packages/airflow/example_dags/example_setup_teardown.py
[2024-03-03T21:13:09.766+0000] {processor.py:830} INFO - Processing file /home/airflow/.local/lib/python3.8/site-packages/airflow/example_dags/example_setup_teardown.py for tasks to queue
[2024-03-03T21:13:09.771+0000] {logging_mixin.py:188} INFO - [2024-03-03T21:13:09.770+0000] {dagbag.py:538} INFO - Filling up the DagBag from /home/airflow/.local/lib/python3.8/site-packages/airflow/example_dags/example_setup_teardown.py
[2024-03-03T21:13:09.788+0000] {processor.py:840} INFO - DAG(s) 'example_setup_teardown' retrieved from /home/airflow/.local/lib/python3.8/site-packages/airflow/example_dags/example_setup_teardown.py
[2024-03-03T21:13:09.847+0000] {logging_mixin.py:188} INFO - [2024-03-03T21:13:09.846+0000] {dag.py:3036} INFO - Sync 1 DAGs
[2024-03-03T21:13:09.918+0000] {logging_mixin.py:188} INFO - [2024-03-03T21:13:09.918+0000] {dag.py:3823} INFO - Setting next_dagrun for example_setup_teardown to 2024-03-02 00:00:00+00:00, run_after=2024-03-03 00:00:00+00:00
[2024-03-03T21:13:09.966+0000] {processor.py:183} INFO - Processing /home/airflow/.local/lib/python3.8/site-packages/airflow/example_dags/example_setup_teardown.py took 0.213 seconds
[2024-03-03T21:13:40.983+0000] {processor.py:161} INFO - Started process (PID=1286) to work on /home/airflow/.local/lib/python3.8/site-packages/airflow/example_dags/example_setup_teardown.py
[2024-03-03T21:13:40.985+0000] {processor.py:830} INFO - Processing file /home/airflow/.local/lib/python3.8/site-packages/airflow/example_dags/example_setup_teardown.py for tasks to queue
[2024-03-03T21:13:40.988+0000] {logging_mixin.py:188} INFO - [2024-03-03T21:13:40.987+0000] {dagbag.py:538} INFO - Filling up the DagBag from /home/airflow/.local/lib/python3.8/site-packages/airflow/example_dags/example_setup_teardown.py
[2024-03-03T21:13:40.996+0000] {processor.py:840} INFO - DAG(s) 'example_setup_teardown' retrieved from /home/airflow/.local/lib/python3.8/site-packages/airflow/example_dags/example_setup_teardown.py
[2024-03-03T21:13:41.024+0000] {logging_mixin.py:188} INFO - [2024-03-03T21:13:41.024+0000] {dag.py:3036} INFO - Sync 1 DAGs
[2024-03-03T21:13:41.060+0000] {logging_mixin.py:188} INFO - [2024-03-03T21:13:41.059+0000] {dag.py:3823} INFO - Setting next_dagrun for example_setup_teardown to 2024-03-02 00:00:00+00:00, run_after=2024-03-03 00:00:00+00:00
[2024-03-03T21:13:41.097+0000] {processor.py:183} INFO - Processing /home/airflow/.local/lib/python3.8/site-packages/airflow/example_dags/example_setup_teardown.py took 0.117 seconds
[2024-03-03T21:14:11.506+0000] {processor.py:161} INFO - Started process (PID=1341) to work on /home/airflow/.local/lib/python3.8/site-packages/airflow/example_dags/example_setup_teardown.py
[2024-03-03T21:14:11.507+0000] {processor.py:830} INFO - Processing file /home/airflow/.local/lib/python3.8/site-packages/airflow/example_dags/example_setup_teardown.py for tasks to queue
[2024-03-03T21:14:11.509+0000] {logging_mixin.py:188} INFO - [2024-03-03T21:14:11.508+0000] {dagbag.py:538} INFO - Filling up the DagBag from /home/airflow/.local/lib/python3.8/site-packages/airflow/example_dags/example_setup_teardown.py
[2024-03-03T21:14:11.515+0000] {processor.py:840} INFO - DAG(s) 'example_setup_teardown' retrieved from /home/airflow/.local/lib/python3.8/site-packages/airflow/example_dags/example_setup_teardown.py
[2024-03-03T21:14:11.535+0000] {logging_mixin.py:188} INFO - [2024-03-03T21:14:11.535+0000] {dag.py:3036} INFO - Sync 1 DAGs
[2024-03-03T21:14:11.557+0000] {logging_mixin.py:188} INFO - [2024-03-03T21:14:11.556+0000] {dag.py:3823} INFO - Setting next_dagrun for example_setup_teardown to 2024-03-02 00:00:00+00:00, run_after=2024-03-03 00:00:00+00:00
[2024-03-03T21:14:11.579+0000] {processor.py:183} INFO - Processing /home/airflow/.local/lib/python3.8/site-packages/airflow/example_dags/example_setup_teardown.py took 0.076 seconds
[2024-03-03T21:14:41.977+0000] {processor.py:161} INFO - Started process (PID=1396) to work on /home/airflow/.local/lib/python3.8/site-packages/airflow/example_dags/example_setup_teardown.py
[2024-03-03T21:14:41.980+0000] {processor.py:830} INFO - Processing file /home/airflow/.local/lib/python3.8/site-packages/airflow/example_dags/example_setup_teardown.py for tasks to queue
[2024-03-03T21:14:41.984+0000] {logging_mixin.py:188} INFO - [2024-03-03T21:14:41.983+0000] {dagbag.py:538} INFO - Filling up the DagBag from /home/airflow/.local/lib/python3.8/site-packages/airflow/example_dags/example_setup_teardown.py
[2024-03-03T21:14:41.993+0000] {processor.py:840} INFO - DAG(s) 'example_setup_teardown' retrieved from /home/airflow/.local/lib/python3.8/site-packages/airflow/example_dags/example_setup_teardown.py
[2024-03-03T21:14:42.023+0000] {logging_mixin.py:188} INFO - [2024-03-03T21:14:42.023+0000] {dag.py:3036} INFO - Sync 1 DAGs
[2024-03-03T21:14:42.057+0000] {logging_mixin.py:188} INFO - [2024-03-03T21:14:42.057+0000] {dag.py:3823} INFO - Setting next_dagrun for example_setup_teardown to 2024-03-02 00:00:00+00:00, run_after=2024-03-03 00:00:00+00:00
[2024-03-03T21:14:42.100+0000] {processor.py:183} INFO - Processing /home/airflow/.local/lib/python3.8/site-packages/airflow/example_dags/example_setup_teardown.py took 0.129 seconds
[2024-03-03T21:15:12.594+0000] {processor.py:161} INFO - Started process (PID=1451) to work on /home/airflow/.local/lib/python3.8/site-packages/airflow/example_dags/example_setup_teardown.py
[2024-03-03T21:15:12.596+0000] {processor.py:830} INFO - Processing file /home/airflow/.local/lib/python3.8/site-packages/airflow/example_dags/example_setup_teardown.py for tasks to queue
[2024-03-03T21:15:12.598+0000] {logging_mixin.py:188} INFO - [2024-03-03T21:15:12.598+0000] {dagbag.py:538} INFO - Filling up the DagBag from /home/airflow/.local/lib/python3.8/site-packages/airflow/example_dags/example_setup_teardown.py
[2024-03-03T21:15:12.606+0000] {processor.py:840} INFO - DAG(s) 'example_setup_teardown' retrieved from /home/airflow/.local/lib/python3.8/site-packages/airflow/example_dags/example_setup_teardown.py
[2024-03-03T21:15:12.633+0000] {logging_mixin.py:188} INFO - [2024-03-03T21:15:12.632+0000] {dag.py:3036} INFO - Sync 1 DAGs
[2024-03-03T21:15:12.670+0000] {logging_mixin.py:188} INFO - [2024-03-03T21:15:12.670+0000] {dag.py:3823} INFO - Setting next_dagrun for example_setup_teardown to 2024-03-02 00:00:00+00:00, run_after=2024-03-03 00:00:00+00:00
[2024-03-03T21:15:12.699+0000] {processor.py:183} INFO - Processing /home/airflow/.local/lib/python3.8/site-packages/airflow/example_dags/example_setup_teardown.py took 0.108 seconds
[2024-03-03T21:15:43.299+0000] {processor.py:161} INFO - Started process (PID=1506) to work on /home/airflow/.local/lib/python3.8/site-packages/airflow/example_dags/example_setup_teardown.py
[2024-03-03T21:15:43.300+0000] {processor.py:830} INFO - Processing file /home/airflow/.local/lib/python3.8/site-packages/airflow/example_dags/example_setup_teardown.py for tasks to queue
[2024-03-03T21:15:43.302+0000] {logging_mixin.py:188} INFO - [2024-03-03T21:15:43.301+0000] {dagbag.py:538} INFO - Filling up the DagBag from /home/airflow/.local/lib/python3.8/site-packages/airflow/example_dags/example_setup_teardown.py
[2024-03-03T21:15:43.309+0000] {processor.py:840} INFO - DAG(s) 'example_setup_teardown' retrieved from /home/airflow/.local/lib/python3.8/site-packages/airflow/example_dags/example_setup_teardown.py
[2024-03-03T21:15:43.335+0000] {logging_mixin.py:188} INFO - [2024-03-03T21:15:43.335+0000] {dag.py:3036} INFO - Sync 1 DAGs
[2024-03-03T21:15:43.364+0000] {logging_mixin.py:188} INFO - [2024-03-03T21:15:43.363+0000] {dag.py:3823} INFO - Setting next_dagrun for example_setup_teardown to 2024-03-02 00:00:00+00:00, run_after=2024-03-03 00:00:00+00:00
[2024-03-03T21:15:43.390+0000] {processor.py:183} INFO - Processing /home/airflow/.local/lib/python3.8/site-packages/airflow/example_dags/example_setup_teardown.py took 0.095 seconds
[2024-03-03T21:16:13.711+0000] {processor.py:161} INFO - Started process (PID=1561) to work on /home/airflow/.local/lib/python3.8/site-packages/airflow/example_dags/example_setup_teardown.py
[2024-03-03T21:16:13.712+0000] {processor.py:830} INFO - Processing file /home/airflow/.local/lib/python3.8/site-packages/airflow/example_dags/example_setup_teardown.py for tasks to queue
[2024-03-03T21:16:13.715+0000] {logging_mixin.py:188} INFO - [2024-03-03T21:16:13.714+0000] {dagbag.py:538} INFO - Filling up the DagBag from /home/airflow/.local/lib/python3.8/site-packages/airflow/example_dags/example_setup_teardown.py
[2024-03-03T21:16:13.722+0000] {processor.py:840} INFO - DAG(s) 'example_setup_teardown' retrieved from /home/airflow/.local/lib/python3.8/site-packages/airflow/example_dags/example_setup_teardown.py
[2024-03-03T21:16:13.749+0000] {logging_mixin.py:188} INFO - [2024-03-03T21:16:13.748+0000] {dag.py:3036} INFO - Sync 1 DAGs
[2024-03-03T21:16:13.776+0000] {logging_mixin.py:188} INFO - [2024-03-03T21:16:13.776+0000] {dag.py:3823} INFO - Setting next_dagrun for example_setup_teardown to 2024-03-02 00:00:00+00:00, run_after=2024-03-03 00:00:00+00:00
[2024-03-03T21:16:13.808+0000] {processor.py:183} INFO - Processing /home/airflow/.local/lib/python3.8/site-packages/airflow/example_dags/example_setup_teardown.py took 0.101 seconds
[2024-03-03T21:16:43.955+0000] {processor.py:161} INFO - Started process (PID=1616) to work on /home/airflow/.local/lib/python3.8/site-packages/airflow/example_dags/example_setup_teardown.py
[2024-03-03T21:16:43.956+0000] {processor.py:830} INFO - Processing file /home/airflow/.local/lib/python3.8/site-packages/airflow/example_dags/example_setup_teardown.py for tasks to queue
[2024-03-03T21:16:43.957+0000] {logging_mixin.py:188} INFO - [2024-03-03T21:16:43.957+0000] {dagbag.py:538} INFO - Filling up the DagBag from /home/airflow/.local/lib/python3.8/site-packages/airflow/example_dags/example_setup_teardown.py
[2024-03-03T21:16:43.963+0000] {processor.py:840} INFO - DAG(s) 'example_setup_teardown' retrieved from /home/airflow/.local/lib/python3.8/site-packages/airflow/example_dags/example_setup_teardown.py
[2024-03-03T21:16:43.982+0000] {logging_mixin.py:188} INFO - [2024-03-03T21:16:43.982+0000] {dag.py:3036} INFO - Sync 1 DAGs
[2024-03-03T21:16:44.004+0000] {logging_mixin.py:188} INFO - [2024-03-03T21:16:44.004+0000] {dag.py:3823} INFO - Setting next_dagrun for example_setup_teardown to 2024-03-02 00:00:00+00:00, run_after=2024-03-03 00:00:00+00:00
[2024-03-03T21:16:44.030+0000] {processor.py:183} INFO - Processing /home/airflow/.local/lib/python3.8/site-packages/airflow/example_dags/example_setup_teardown.py took 0.078 seconds
[2024-03-03T21:17:14.141+0000] {processor.py:161} INFO - Started process (PID=1671) to work on /home/airflow/.local/lib/python3.8/site-packages/airflow/example_dags/example_setup_teardown.py
[2024-03-03T21:17:14.142+0000] {processor.py:830} INFO - Processing file /home/airflow/.local/lib/python3.8/site-packages/airflow/example_dags/example_setup_teardown.py for tasks to queue
[2024-03-03T21:17:14.144+0000] {logging_mixin.py:188} INFO - [2024-03-03T21:17:14.143+0000] {dagbag.py:538} INFO - Filling up the DagBag from /home/airflow/.local/lib/python3.8/site-packages/airflow/example_dags/example_setup_teardown.py
[2024-03-03T21:17:14.149+0000] {processor.py:840} INFO - DAG(s) 'example_setup_teardown' retrieved from /home/airflow/.local/lib/python3.8/site-packages/airflow/example_dags/example_setup_teardown.py
[2024-03-03T21:17:14.169+0000] {logging_mixin.py:188} INFO - [2024-03-03T21:17:14.169+0000] {dag.py:3036} INFO - Sync 1 DAGs
[2024-03-03T21:17:14.192+0000] {logging_mixin.py:188} INFO - [2024-03-03T21:17:14.191+0000] {dag.py:3823} INFO - Setting next_dagrun for example_setup_teardown to 2024-03-02 00:00:00+00:00, run_after=2024-03-03 00:00:00+00:00
[2024-03-03T21:17:14.217+0000] {processor.py:183} INFO - Processing /home/airflow/.local/lib/python3.8/site-packages/airflow/example_dags/example_setup_teardown.py took 0.078 seconds
[2024-03-03T21:17:44.546+0000] {processor.py:161} INFO - Started process (PID=1726) to work on /home/airflow/.local/lib/python3.8/site-packages/airflow/example_dags/example_setup_teardown.py
[2024-03-03T21:17:44.547+0000] {processor.py:830} INFO - Processing file /home/airflow/.local/lib/python3.8/site-packages/airflow/example_dags/example_setup_teardown.py for tasks to queue
[2024-03-03T21:17:44.549+0000] {logging_mixin.py:188} INFO - [2024-03-03T21:17:44.548+0000] {dagbag.py:538} INFO - Filling up the DagBag from /home/airflow/.local/lib/python3.8/site-packages/airflow/example_dags/example_setup_teardown.py
[2024-03-03T21:17:44.555+0000] {processor.py:840} INFO - DAG(s) 'example_setup_teardown' retrieved from /home/airflow/.local/lib/python3.8/site-packages/airflow/example_dags/example_setup_teardown.py
[2024-03-03T21:17:44.579+0000] {logging_mixin.py:188} INFO - [2024-03-03T21:17:44.579+0000] {dag.py:3036} INFO - Sync 1 DAGs
[2024-03-03T21:17:44.604+0000] {logging_mixin.py:188} INFO - [2024-03-03T21:17:44.604+0000] {dag.py:3823} INFO - Setting next_dagrun for example_setup_teardown to 2024-03-02 00:00:00+00:00, run_after=2024-03-03 00:00:00+00:00
[2024-03-03T21:17:44.635+0000] {processor.py:183} INFO - Processing /home/airflow/.local/lib/python3.8/site-packages/airflow/example_dags/example_setup_teardown.py took 0.092 seconds
[2024-03-03T21:18:14.877+0000] {processor.py:161} INFO - Started process (PID=1781) to work on /home/airflow/.local/lib/python3.8/site-packages/airflow/example_dags/example_setup_teardown.py
[2024-03-03T21:18:14.878+0000] {processor.py:830} INFO - Processing file /home/airflow/.local/lib/python3.8/site-packages/airflow/example_dags/example_setup_teardown.py for tasks to queue
[2024-03-03T21:18:14.880+0000] {logging_mixin.py:188} INFO - [2024-03-03T21:18:14.880+0000] {dagbag.py:538} INFO - Filling up the DagBag from /home/airflow/.local/lib/python3.8/site-packages/airflow/example_dags/example_setup_teardown.py
[2024-03-03T21:18:14.888+0000] {processor.py:840} INFO - DAG(s) 'example_setup_teardown' retrieved from /home/airflow/.local/lib/python3.8/site-packages/airflow/example_dags/example_setup_teardown.py
[2024-03-03T21:18:14.919+0000] {logging_mixin.py:188} INFO - [2024-03-03T21:18:14.919+0000] {dag.py:3036} INFO - Sync 1 DAGs
[2024-03-03T21:18:14.951+0000] {logging_mixin.py:188} INFO - [2024-03-03T21:18:14.951+0000] {dag.py:3823} INFO - Setting next_dagrun for example_setup_teardown to 2024-03-02 00:00:00+00:00, run_after=2024-03-03 00:00:00+00:00
[2024-03-03T21:18:14.981+0000] {processor.py:183} INFO - Processing /home/airflow/.local/lib/python3.8/site-packages/airflow/example_dags/example_setup_teardown.py took 0.109 seconds
[2024-03-03T21:18:45.595+0000] {processor.py:161} INFO - Started process (PID=1836) to work on /home/airflow/.local/lib/python3.8/site-packages/airflow/example_dags/example_setup_teardown.py
[2024-03-03T21:18:45.597+0000] {processor.py:830} INFO - Processing file /home/airflow/.local/lib/python3.8/site-packages/airflow/example_dags/example_setup_teardown.py for tasks to queue
[2024-03-03T21:18:45.601+0000] {logging_mixin.py:188} INFO - [2024-03-03T21:18:45.600+0000] {dagbag.py:538} INFO - Filling up the DagBag from /home/airflow/.local/lib/python3.8/site-packages/airflow/example_dags/example_setup_teardown.py
[2024-03-03T21:18:45.610+0000] {processor.py:840} INFO - DAG(s) 'example_setup_teardown' retrieved from /home/airflow/.local/lib/python3.8/site-packages/airflow/example_dags/example_setup_teardown.py
[2024-03-03T21:18:45.645+0000] {logging_mixin.py:188} INFO - [2024-03-03T21:18:45.644+0000] {dag.py:3036} INFO - Sync 1 DAGs
[2024-03-03T21:18:45.684+0000] {logging_mixin.py:188} INFO - [2024-03-03T21:18:45.683+0000] {dag.py:3823} INFO - Setting next_dagrun for example_setup_teardown to 2024-03-02 00:00:00+00:00, run_after=2024-03-03 00:00:00+00:00
[2024-03-03T21:18:45.717+0000] {processor.py:183} INFO - Processing /home/airflow/.local/lib/python3.8/site-packages/airflow/example_dags/example_setup_teardown.py took 0.127 seconds
[2024-03-03T21:19:15.991+0000] {processor.py:161} INFO - Started process (PID=1891) to work on /home/airflow/.local/lib/python3.8/site-packages/airflow/example_dags/example_setup_teardown.py
[2024-03-03T21:19:15.992+0000] {processor.py:830} INFO - Processing file /home/airflow/.local/lib/python3.8/site-packages/airflow/example_dags/example_setup_teardown.py for tasks to queue
[2024-03-03T21:19:15.996+0000] {logging_mixin.py:188} INFO - [2024-03-03T21:19:15.995+0000] {dagbag.py:538} INFO - Filling up the DagBag from /home/airflow/.local/lib/python3.8/site-packages/airflow/example_dags/example_setup_teardown.py
[2024-03-03T21:19:16.005+0000] {processor.py:840} INFO - DAG(s) 'example_setup_teardown' retrieved from /home/airflow/.local/lib/python3.8/site-packages/airflow/example_dags/example_setup_teardown.py
[2024-03-03T21:19:16.034+0000] {logging_mixin.py:188} INFO - [2024-03-03T21:19:16.034+0000] {dag.py:3036} INFO - Sync 1 DAGs
[2024-03-03T21:19:16.062+0000] {logging_mixin.py:188} INFO - [2024-03-03T21:19:16.061+0000] {dag.py:3823} INFO - Setting next_dagrun for example_setup_teardown to 2024-03-02 00:00:00+00:00, run_after=2024-03-03 00:00:00+00:00
[2024-03-03T21:19:16.086+0000] {processor.py:183} INFO - Processing /home/airflow/.local/lib/python3.8/site-packages/airflow/example_dags/example_setup_teardown.py took 0.098 seconds
[2024-03-03T21:19:46.163+0000] {processor.py:161} INFO - Started process (PID=1946) to work on /home/airflow/.local/lib/python3.8/site-packages/airflow/example_dags/example_setup_teardown.py
[2024-03-03T21:19:46.164+0000] {processor.py:830} INFO - Processing file /home/airflow/.local/lib/python3.8/site-packages/airflow/example_dags/example_setup_teardown.py for tasks to queue
[2024-03-03T21:19:46.167+0000] {logging_mixin.py:188} INFO - [2024-03-03T21:19:46.167+0000] {dagbag.py:538} INFO - Filling up the DagBag from /home/airflow/.local/lib/python3.8/site-packages/airflow/example_dags/example_setup_teardown.py
[2024-03-03T21:19:46.173+0000] {processor.py:840} INFO - DAG(s) 'example_setup_teardown' retrieved from /home/airflow/.local/lib/python3.8/site-packages/airflow/example_dags/example_setup_teardown.py
[2024-03-03T21:19:46.196+0000] {logging_mixin.py:188} INFO - [2024-03-03T21:19:46.195+0000] {dag.py:3036} INFO - Sync 1 DAGs
[2024-03-03T21:19:46.218+0000] {logging_mixin.py:188} INFO - [2024-03-03T21:19:46.218+0000] {dag.py:3823} INFO - Setting next_dagrun for example_setup_teardown to 2024-03-02 00:00:00+00:00, run_after=2024-03-03 00:00:00+00:00
[2024-03-03T21:19:46.243+0000] {processor.py:183} INFO - Processing /home/airflow/.local/lib/python3.8/site-packages/airflow/example_dags/example_setup_teardown.py took 0.084 seconds
[2024-03-03T21:20:16.860+0000] {processor.py:161} INFO - Started process (PID=2001) to work on /home/airflow/.local/lib/python3.8/site-packages/airflow/example_dags/example_setup_teardown.py
[2024-03-03T21:20:16.861+0000] {processor.py:830} INFO - Processing file /home/airflow/.local/lib/python3.8/site-packages/airflow/example_dags/example_setup_teardown.py for tasks to queue
[2024-03-03T21:20:16.863+0000] {logging_mixin.py:188} INFO - [2024-03-03T21:20:16.863+0000] {dagbag.py:538} INFO - Filling up the DagBag from /home/airflow/.local/lib/python3.8/site-packages/airflow/example_dags/example_setup_teardown.py
[2024-03-03T21:20:16.871+0000] {processor.py:840} INFO - DAG(s) 'example_setup_teardown' retrieved from /home/airflow/.local/lib/python3.8/site-packages/airflow/example_dags/example_setup_teardown.py
[2024-03-03T21:20:16.893+0000] {logging_mixin.py:188} INFO - [2024-03-03T21:20:16.893+0000] {dag.py:3036} INFO - Sync 1 DAGs
[2024-03-03T21:20:16.917+0000] {logging_mixin.py:188} INFO - [2024-03-03T21:20:16.917+0000] {dag.py:3823} INFO - Setting next_dagrun for example_setup_teardown to 2024-03-02 00:00:00+00:00, run_after=2024-03-03 00:00:00+00:00
[2024-03-03T21:20:16.940+0000] {processor.py:183} INFO - Processing /home/airflow/.local/lib/python3.8/site-packages/airflow/example_dags/example_setup_teardown.py took 0.083 seconds
[2024-03-03T21:20:47.373+0000] {processor.py:161} INFO - Started process (PID=2056) to work on /home/airflow/.local/lib/python3.8/site-packages/airflow/example_dags/example_setup_teardown.py
[2024-03-03T21:20:47.374+0000] {processor.py:830} INFO - Processing file /home/airflow/.local/lib/python3.8/site-packages/airflow/example_dags/example_setup_teardown.py for tasks to queue
[2024-03-03T21:20:47.376+0000] {logging_mixin.py:188} INFO - [2024-03-03T21:20:47.376+0000] {dagbag.py:538} INFO - Filling up the DagBag from /home/airflow/.local/lib/python3.8/site-packages/airflow/example_dags/example_setup_teardown.py
[2024-03-03T21:20:47.382+0000] {processor.py:840} INFO - DAG(s) 'example_setup_teardown' retrieved from /home/airflow/.local/lib/python3.8/site-packages/airflow/example_dags/example_setup_teardown.py
[2024-03-03T21:20:47.401+0000] {logging_mixin.py:188} INFO - [2024-03-03T21:20:47.401+0000] {dag.py:3036} INFO - Sync 1 DAGs
[2024-03-03T21:20:47.421+0000] {logging_mixin.py:188} INFO - [2024-03-03T21:20:47.421+0000] {dag.py:3823} INFO - Setting next_dagrun for example_setup_teardown to 2024-03-02 00:00:00+00:00, run_after=2024-03-03 00:00:00+00:00
[2024-03-03T21:20:47.438+0000] {processor.py:183} INFO - Processing /home/airflow/.local/lib/python3.8/site-packages/airflow/example_dags/example_setup_teardown.py took 0.067 seconds
[2024-03-03T21:21:17.924+0000] {processor.py:161} INFO - Started process (PID=2111) to work on /home/airflow/.local/lib/python3.8/site-packages/airflow/example_dags/example_setup_teardown.py
[2024-03-03T21:21:17.925+0000] {processor.py:830} INFO - Processing file /home/airflow/.local/lib/python3.8/site-packages/airflow/example_dags/example_setup_teardown.py for tasks to queue
[2024-03-03T21:21:17.927+0000] {logging_mixin.py:188} INFO - [2024-03-03T21:21:17.927+0000] {dagbag.py:538} INFO - Filling up the DagBag from /home/airflow/.local/lib/python3.8/site-packages/airflow/example_dags/example_setup_teardown.py
[2024-03-03T21:21:17.934+0000] {processor.py:840} INFO - DAG(s) 'example_setup_teardown' retrieved from /home/airflow/.local/lib/python3.8/site-packages/airflow/example_dags/example_setup_teardown.py
[2024-03-03T21:21:17.961+0000] {logging_mixin.py:188} INFO - [2024-03-03T21:21:17.960+0000] {dag.py:3036} INFO - Sync 1 DAGs
[2024-03-03T21:21:17.988+0000] {logging_mixin.py:188} INFO - [2024-03-03T21:21:17.988+0000] {dag.py:3823} INFO - Setting next_dagrun for example_setup_teardown to 2024-03-02 00:00:00+00:00, run_after=2024-03-03 00:00:00+00:00
[2024-03-03T21:21:18.011+0000] {processor.py:183} INFO - Processing /home/airflow/.local/lib/python3.8/site-packages/airflow/example_dags/example_setup_teardown.py took 0.090 seconds
[2024-03-03T21:21:48.302+0000] {processor.py:161} INFO - Started process (PID=2164) to work on /home/airflow/.local/lib/python3.8/site-packages/airflow/example_dags/example_setup_teardown.py
[2024-03-03T21:21:48.303+0000] {processor.py:830} INFO - Processing file /home/airflow/.local/lib/python3.8/site-packages/airflow/example_dags/example_setup_teardown.py for tasks to queue
[2024-03-03T21:21:48.305+0000] {logging_mixin.py:188} INFO - [2024-03-03T21:21:48.304+0000] {dagbag.py:538} INFO - Filling up the DagBag from /home/airflow/.local/lib/python3.8/site-packages/airflow/example_dags/example_setup_teardown.py
[2024-03-03T21:21:48.310+0000] {processor.py:840} INFO - DAG(s) 'example_setup_teardown' retrieved from /home/airflow/.local/lib/python3.8/site-packages/airflow/example_dags/example_setup_teardown.py
[2024-03-03T21:21:48.328+0000] {logging_mixin.py:188} INFO - [2024-03-03T21:21:48.328+0000] {dag.py:3036} INFO - Sync 1 DAGs
[2024-03-03T21:21:48.349+0000] {logging_mixin.py:188} INFO - [2024-03-03T21:21:48.349+0000] {dag.py:3823} INFO - Setting next_dagrun for example_setup_teardown to 2024-03-02 00:00:00+00:00, run_after=2024-03-03 00:00:00+00:00
[2024-03-03T21:21:48.369+0000] {processor.py:183} INFO - Processing /home/airflow/.local/lib/python3.8/site-packages/airflow/example_dags/example_setup_teardown.py took 0.070 seconds
[2024-03-03T21:22:18.950+0000] {processor.py:161} INFO - Started process (PID=2219) to work on /home/airflow/.local/lib/python3.8/site-packages/airflow/example_dags/example_setup_teardown.py
[2024-03-03T21:22:18.951+0000] {processor.py:830} INFO - Processing file /home/airflow/.local/lib/python3.8/site-packages/airflow/example_dags/example_setup_teardown.py for tasks to queue
[2024-03-03T21:22:18.953+0000] {logging_mixin.py:188} INFO - [2024-03-03T21:22:18.953+0000] {dagbag.py:538} INFO - Filling up the DagBag from /home/airflow/.local/lib/python3.8/site-packages/airflow/example_dags/example_setup_teardown.py
[2024-03-03T21:22:18.958+0000] {processor.py:840} INFO - DAG(s) 'example_setup_teardown' retrieved from /home/airflow/.local/lib/python3.8/site-packages/airflow/example_dags/example_setup_teardown.py
[2024-03-03T21:22:18.979+0000] {logging_mixin.py:188} INFO - [2024-03-03T21:22:18.978+0000] {dag.py:3036} INFO - Sync 1 DAGs
[2024-03-03T21:22:18.999+0000] {logging_mixin.py:188} INFO - [2024-03-03T21:22:18.999+0000] {dag.py:3823} INFO - Setting next_dagrun for example_setup_teardown to 2024-03-02 00:00:00+00:00, run_after=2024-03-03 00:00:00+00:00
[2024-03-03T21:22:19.017+0000] {processor.py:183} INFO - Processing /home/airflow/.local/lib/python3.8/site-packages/airflow/example_dags/example_setup_teardown.py took 0.069 seconds
