[2024-03-03T19:52:05.205+0000] {processor.py:161} INFO - Started process (PID=43) to work on /home/airflow/.local/lib/python3.8/site-packages/airflow/example_dags/example_skip_dag.py
[2024-03-03T19:52:05.206+0000] {processor.py:830} INFO - Processing file /home/airflow/.local/lib/python3.8/site-packages/airflow/example_dags/example_skip_dag.py for tasks to queue
[2024-03-03T19:52:05.208+0000] {logging_mixin.py:188} INFO - [2024-03-03T19:52:05.208+0000] {dagbag.py:538} INFO - Filling up the DagBag from /home/airflow/.local/lib/python3.8/site-packages/airflow/example_dags/example_skip_dag.py
[2024-03-03T19:52:05.228+0000] {processor.py:840} INFO - DAG(s) 'example_skip_dag' retrieved from /home/airflow/.local/lib/python3.8/site-packages/airflow/example_dags/example_skip_dag.py
[2024-03-03T19:52:05.609+0000] {logging_mixin.py:188} INFO - [2024-03-03T19:52:05.608+0000] {override.py:1769} INFO - Created Permission View: can delete on DAG:example_skip_dag
[2024-03-03T19:52:05.628+0000] {logging_mixin.py:188} INFO - [2024-03-03T19:52:05.627+0000] {override.py:1769} INFO - Created Permission View: can edit on DAG:example_skip_dag
[2024-03-03T19:52:05.641+0000] {logging_mixin.py:188} INFO - [2024-03-03T19:52:05.640+0000] {override.py:1769} INFO - Created Permission View: can read on DAG:example_skip_dag
[2024-03-03T19:52:05.642+0000] {logging_mixin.py:188} INFO - [2024-03-03T19:52:05.642+0000] {dag.py:3036} INFO - Sync 1 DAGs
[2024-03-03T19:52:05.660+0000] {logging_mixin.py:188} INFO - [2024-03-03T19:52:05.660+0000] {dag.py:3058} INFO - Creating ORM DAG for example_skip_dag
[2024-03-03T19:52:05.691+0000] {logging_mixin.py:188} INFO - [2024-03-03T19:52:05.691+0000] {dag.py:3823} INFO - Setting next_dagrun for example_skip_dag to 2024-03-02 00:00:00+00:00, run_after=2024-03-03 00:00:00+00:00
[2024-03-03T19:52:05.736+0000] {processor.py:183} INFO - Processing /home/airflow/.local/lib/python3.8/site-packages/airflow/example_dags/example_skip_dag.py took 0.534 seconds
[2024-03-03T19:53:08.917+0000] {processor.py:161} INFO - Started process (PID=66) to work on /home/airflow/.local/lib/python3.8/site-packages/airflow/example_dags/example_skip_dag.py
[2024-03-03T19:53:08.921+0000] {processor.py:830} INFO - Processing file /home/airflow/.local/lib/python3.8/site-packages/airflow/example_dags/example_skip_dag.py for tasks to queue
[2024-03-03T19:53:08.925+0000] {logging_mixin.py:188} INFO - [2024-03-03T19:53:08.924+0000] {dagbag.py:538} INFO - Filling up the DagBag from /home/airflow/.local/lib/python3.8/site-packages/airflow/example_dags/example_skip_dag.py
[2024-03-03T19:53:09.002+0000] {processor.py:840} INFO - DAG(s) 'example_skip_dag' retrieved from /home/airflow/.local/lib/python3.8/site-packages/airflow/example_dags/example_skip_dag.py
[2024-03-03T19:53:09.143+0000] {logging_mixin.py:188} INFO - [2024-03-03T19:53:09.142+0000] {dag.py:3036} INFO - Sync 1 DAGs
[2024-03-03T19:53:09.221+0000] {logging_mixin.py:188} INFO - [2024-03-03T19:53:09.220+0000] {dag.py:3823} INFO - Setting next_dagrun for example_skip_dag to 2024-03-02 00:00:00+00:00, run_after=2024-03-03 00:00:00+00:00
[2024-03-03T19:53:09.297+0000] {processor.py:183} INFO - Processing /home/airflow/.local/lib/python3.8/site-packages/airflow/example_dags/example_skip_dag.py took 0.388 seconds
[2024-03-03T20:00:51.671+0000] {processor.py:161} INFO - Started process (PID=122) to work on /home/airflow/.local/lib/python3.8/site-packages/airflow/example_dags/example_skip_dag.py
[2024-03-03T20:00:51.674+0000] {processor.py:830} INFO - Processing file /home/airflow/.local/lib/python3.8/site-packages/airflow/example_dags/example_skip_dag.py for tasks to queue
[2024-03-03T20:00:51.677+0000] {logging_mixin.py:188} INFO - [2024-03-03T20:00:51.676+0000] {dagbag.py:538} INFO - Filling up the DagBag from /home/airflow/.local/lib/python3.8/site-packages/airflow/example_dags/example_skip_dag.py
[2024-03-03T20:00:51.690+0000] {processor.py:840} INFO - DAG(s) 'example_skip_dag' retrieved from /home/airflow/.local/lib/python3.8/site-packages/airflow/example_dags/example_skip_dag.py
[2024-03-03T20:00:51.733+0000] {logging_mixin.py:188} INFO - [2024-03-03T20:00:51.732+0000] {dag.py:3036} INFO - Sync 1 DAGs
[2024-03-03T20:00:51.776+0000] {logging_mixin.py:188} INFO - [2024-03-03T20:00:51.775+0000] {dag.py:3823} INFO - Setting next_dagrun for example_skip_dag to 2024-03-02 00:00:00+00:00, run_after=2024-03-03 00:00:00+00:00
[2024-03-03T20:00:51.816+0000] {processor.py:183} INFO - Processing /home/airflow/.local/lib/python3.8/site-packages/airflow/example_dags/example_skip_dag.py took 0.150 seconds
[2024-03-03T20:04:28.668+0000] {processor.py:161} INFO - Started process (PID=147) to work on /home/airflow/.local/lib/python3.8/site-packages/airflow/example_dags/example_skip_dag.py
[2024-03-03T20:04:28.672+0000] {processor.py:830} INFO - Processing file /home/airflow/.local/lib/python3.8/site-packages/airflow/example_dags/example_skip_dag.py for tasks to queue
[2024-03-03T20:04:28.691+0000] {logging_mixin.py:188} INFO - [2024-03-03T20:04:28.689+0000] {dagbag.py:538} INFO - Filling up the DagBag from /home/airflow/.local/lib/python3.8/site-packages/airflow/example_dags/example_skip_dag.py
[2024-03-03T20:04:28.769+0000] {processor.py:840} INFO - DAG(s) 'example_skip_dag' retrieved from /home/airflow/.local/lib/python3.8/site-packages/airflow/example_dags/example_skip_dag.py
[2024-03-03T20:04:29.698+0000] {logging_mixin.py:188} INFO - [2024-03-03T20:04:29.698+0000] {dag.py:3036} INFO - Sync 1 DAGs
[2024-03-03T20:04:29.810+0000] {logging_mixin.py:188} INFO - [2024-03-03T20:04:29.809+0000] {dag.py:3823} INFO - Setting next_dagrun for example_skip_dag to 2024-03-02 00:00:00+00:00, run_after=2024-03-03 00:00:00+00:00
[2024-03-03T20:04:29.868+0000] {processor.py:183} INFO - Processing /home/airflow/.local/lib/python3.8/site-packages/airflow/example_dags/example_skip_dag.py took 1.005 seconds
[2024-03-03T20:05:12.882+0000] {processor.py:161} INFO - Started process (PID=193) to work on /home/airflow/.local/lib/python3.8/site-packages/airflow/example_dags/example_skip_dag.py
[2024-03-03T20:05:12.884+0000] {processor.py:830} INFO - Processing file /home/airflow/.local/lib/python3.8/site-packages/airflow/example_dags/example_skip_dag.py for tasks to queue
[2024-03-03T20:05:12.886+0000] {logging_mixin.py:188} INFO - [2024-03-03T20:05:12.885+0000] {dagbag.py:538} INFO - Filling up the DagBag from /home/airflow/.local/lib/python3.8/site-packages/airflow/example_dags/example_skip_dag.py
[2024-03-03T20:05:12.895+0000] {processor.py:840} INFO - DAG(s) 'example_skip_dag' retrieved from /home/airflow/.local/lib/python3.8/site-packages/airflow/example_dags/example_skip_dag.py
[2024-03-03T20:05:12.930+0000] {logging_mixin.py:188} INFO - [2024-03-03T20:05:12.930+0000] {dag.py:3036} INFO - Sync 1 DAGs
[2024-03-03T20:05:12.963+0000] {logging_mixin.py:188} INFO - [2024-03-03T20:05:12.963+0000] {dag.py:3823} INFO - Setting next_dagrun for example_skip_dag to 2024-03-02 00:00:00+00:00, run_after=2024-03-03 00:00:00+00:00
[2024-03-03T20:05:12.997+0000] {processor.py:183} INFO - Processing /home/airflow/.local/lib/python3.8/site-packages/airflow/example_dags/example_skip_dag.py took 0.119 seconds
[2024-03-03T20:07:09.177+0000] {processor.py:161} INFO - Started process (PID=224) to work on /home/airflow/.local/lib/python3.8/site-packages/airflow/example_dags/example_skip_dag.py
[2024-03-03T20:07:09.181+0000] {processor.py:830} INFO - Processing file /home/airflow/.local/lib/python3.8/site-packages/airflow/example_dags/example_skip_dag.py for tasks to queue
[2024-03-03T20:07:09.183+0000] {logging_mixin.py:188} INFO - [2024-03-03T20:07:09.183+0000] {dagbag.py:538} INFO - Filling up the DagBag from /home/airflow/.local/lib/python3.8/site-packages/airflow/example_dags/example_skip_dag.py
[2024-03-03T20:07:09.206+0000] {processor.py:840} INFO - DAG(s) 'example_skip_dag' retrieved from /home/airflow/.local/lib/python3.8/site-packages/airflow/example_dags/example_skip_dag.py
[2024-03-03T20:07:09.286+0000] {logging_mixin.py:188} INFO - [2024-03-03T20:07:09.285+0000] {dag.py:3036} INFO - Sync 1 DAGs
[2024-03-03T20:07:09.359+0000] {logging_mixin.py:188} INFO - [2024-03-03T20:07:09.358+0000] {dag.py:3823} INFO - Setting next_dagrun for example_skip_dag to 2024-03-02 00:00:00+00:00, run_after=2024-03-03 00:00:00+00:00
[2024-03-03T20:07:09.407+0000] {processor.py:183} INFO - Processing /home/airflow/.local/lib/python3.8/site-packages/airflow/example_dags/example_skip_dag.py took 0.241 seconds
[2024-03-03T20:08:18.149+0000] {processor.py:161} INFO - Started process (PID=268) to work on /home/airflow/.local/lib/python3.8/site-packages/airflow/example_dags/example_skip_dag.py
[2024-03-03T20:08:18.151+0000] {processor.py:830} INFO - Processing file /home/airflow/.local/lib/python3.8/site-packages/airflow/example_dags/example_skip_dag.py for tasks to queue
[2024-03-03T20:08:18.153+0000] {logging_mixin.py:188} INFO - [2024-03-03T20:08:18.153+0000] {dagbag.py:538} INFO - Filling up the DagBag from /home/airflow/.local/lib/python3.8/site-packages/airflow/example_dags/example_skip_dag.py
[2024-03-03T20:08:18.167+0000] {processor.py:840} INFO - DAG(s) 'example_skip_dag' retrieved from /home/airflow/.local/lib/python3.8/site-packages/airflow/example_dags/example_skip_dag.py
[2024-03-03T20:08:18.210+0000] {logging_mixin.py:188} INFO - [2024-03-03T20:08:18.209+0000] {dag.py:3036} INFO - Sync 1 DAGs
[2024-03-03T20:08:18.250+0000] {logging_mixin.py:188} INFO - [2024-03-03T20:08:18.250+0000] {dag.py:3823} INFO - Setting next_dagrun for example_skip_dag to 2024-03-02 00:00:00+00:00, run_after=2024-03-03 00:00:00+00:00
[2024-03-03T20:08:18.289+0000] {processor.py:183} INFO - Processing /home/airflow/.local/lib/python3.8/site-packages/airflow/example_dags/example_skip_dag.py took 0.144 seconds
[2024-03-03T20:11:28.638+0000] {processor.py:161} INFO - Started process (PID=295) to work on /home/airflow/.local/lib/python3.8/site-packages/airflow/example_dags/example_skip_dag.py
[2024-03-03T20:11:28.640+0000] {processor.py:830} INFO - Processing file /home/airflow/.local/lib/python3.8/site-packages/airflow/example_dags/example_skip_dag.py for tasks to queue
[2024-03-03T20:11:28.642+0000] {logging_mixin.py:188} INFO - [2024-03-03T20:11:28.641+0000] {dagbag.py:538} INFO - Filling up the DagBag from /home/airflow/.local/lib/python3.8/site-packages/airflow/example_dags/example_skip_dag.py
[2024-03-03T20:11:28.656+0000] {processor.py:840} INFO - DAG(s) 'example_skip_dag' retrieved from /home/airflow/.local/lib/python3.8/site-packages/airflow/example_dags/example_skip_dag.py
[2024-03-03T20:11:28.851+0000] {logging_mixin.py:188} INFO - [2024-03-03T20:11:28.850+0000] {dag.py:3036} INFO - Sync 1 DAGs
[2024-03-03T20:11:28.914+0000] {logging_mixin.py:188} INFO - [2024-03-03T20:11:28.913+0000] {dag.py:3823} INFO - Setting next_dagrun for example_skip_dag to 2024-03-02 00:00:00+00:00, run_after=2024-03-03 00:00:00+00:00
[2024-03-03T20:11:28.994+0000] {processor.py:183} INFO - Processing /home/airflow/.local/lib/python3.8/site-packages/airflow/example_dags/example_skip_dag.py took 0.361 seconds
[2024-03-03T20:11:59.527+0000] {processor.py:161} INFO - Started process (PID=348) to work on /home/airflow/.local/lib/python3.8/site-packages/airflow/example_dags/example_skip_dag.py
[2024-03-03T20:11:59.529+0000] {processor.py:830} INFO - Processing file /home/airflow/.local/lib/python3.8/site-packages/airflow/example_dags/example_skip_dag.py for tasks to queue
[2024-03-03T20:11:59.532+0000] {logging_mixin.py:188} INFO - [2024-03-03T20:11:59.531+0000] {dagbag.py:538} INFO - Filling up the DagBag from /home/airflow/.local/lib/python3.8/site-packages/airflow/example_dags/example_skip_dag.py
[2024-03-03T20:11:59.549+0000] {processor.py:840} INFO - DAG(s) 'example_skip_dag' retrieved from /home/airflow/.local/lib/python3.8/site-packages/airflow/example_dags/example_skip_dag.py
[2024-03-03T20:11:59.714+0000] {logging_mixin.py:188} INFO - [2024-03-03T20:11:59.713+0000] {dag.py:3036} INFO - Sync 1 DAGs
[2024-03-03T20:11:59.830+0000] {logging_mixin.py:188} INFO - [2024-03-03T20:11:59.830+0000] {dag.py:3823} INFO - Setting next_dagrun for example_skip_dag to 2024-03-02 00:00:00+00:00, run_after=2024-03-03 00:00:00+00:00
[2024-03-03T20:11:59.904+0000] {processor.py:183} INFO - Processing /home/airflow/.local/lib/python3.8/site-packages/airflow/example_dags/example_skip_dag.py took 0.384 seconds
[2024-03-03T20:13:50.419+0000] {processor.py:161} INFO - Started process (PID=375) to work on /home/airflow/.local/lib/python3.8/site-packages/airflow/example_dags/example_skip_dag.py
[2024-03-03T20:13:50.421+0000] {processor.py:830} INFO - Processing file /home/airflow/.local/lib/python3.8/site-packages/airflow/example_dags/example_skip_dag.py for tasks to queue
[2024-03-03T20:13:50.424+0000] {logging_mixin.py:188} INFO - [2024-03-03T20:13:50.423+0000] {dagbag.py:538} INFO - Filling up the DagBag from /home/airflow/.local/lib/python3.8/site-packages/airflow/example_dags/example_skip_dag.py
[2024-03-03T20:13:50.439+0000] {processor.py:840} INFO - DAG(s) 'example_skip_dag' retrieved from /home/airflow/.local/lib/python3.8/site-packages/airflow/example_dags/example_skip_dag.py
[2024-03-03T20:13:50.749+0000] {logging_mixin.py:188} INFO - [2024-03-03T20:13:50.748+0000] {dag.py:3036} INFO - Sync 1 DAGs
[2024-03-03T20:13:50.820+0000] {logging_mixin.py:188} INFO - [2024-03-03T20:13:50.820+0000] {dag.py:3823} INFO - Setting next_dagrun for example_skip_dag to 2024-03-02 00:00:00+00:00, run_after=2024-03-03 00:00:00+00:00
[2024-03-03T20:13:50.874+0000] {processor.py:183} INFO - Processing /home/airflow/.local/lib/python3.8/site-packages/airflow/example_dags/example_skip_dag.py took 0.462 seconds
[2024-03-03T20:14:21.573+0000] {processor.py:161} INFO - Started process (PID=431) to work on /home/airflow/.local/lib/python3.8/site-packages/airflow/example_dags/example_skip_dag.py
[2024-03-03T20:14:21.579+0000] {processor.py:830} INFO - Processing file /home/airflow/.local/lib/python3.8/site-packages/airflow/example_dags/example_skip_dag.py for tasks to queue
[2024-03-03T20:14:21.591+0000] {logging_mixin.py:188} INFO - [2024-03-03T20:14:21.589+0000] {dagbag.py:538} INFO - Filling up the DagBag from /home/airflow/.local/lib/python3.8/site-packages/airflow/example_dags/example_skip_dag.py
[2024-03-03T20:14:21.614+0000] {processor.py:840} INFO - DAG(s) 'example_skip_dag' retrieved from /home/airflow/.local/lib/python3.8/site-packages/airflow/example_dags/example_skip_dag.py
[2024-03-03T20:14:21.714+0000] {logging_mixin.py:188} INFO - [2024-03-03T20:14:21.713+0000] {dag.py:3036} INFO - Sync 1 DAGs
[2024-03-03T20:14:21.775+0000] {logging_mixin.py:188} INFO - [2024-03-03T20:14:21.774+0000] {dag.py:3823} INFO - Setting next_dagrun for example_skip_dag to 2024-03-02 00:00:00+00:00, run_after=2024-03-03 00:00:00+00:00
[2024-03-03T20:14:21.848+0000] {processor.py:183} INFO - Processing /home/airflow/.local/lib/python3.8/site-packages/airflow/example_dags/example_skip_dag.py took 0.285 seconds
[2024-03-03T20:14:55.055+0000] {processor.py:161} INFO - Started process (PID=485) to work on /home/airflow/.local/lib/python3.8/site-packages/airflow/example_dags/example_skip_dag.py
[2024-03-03T20:14:55.057+0000] {processor.py:830} INFO - Processing file /home/airflow/.local/lib/python3.8/site-packages/airflow/example_dags/example_skip_dag.py for tasks to queue
[2024-03-03T20:14:55.060+0000] {logging_mixin.py:188} INFO - [2024-03-03T20:14:55.059+0000] {dagbag.py:538} INFO - Filling up the DagBag from /home/airflow/.local/lib/python3.8/site-packages/airflow/example_dags/example_skip_dag.py
[2024-03-03T20:14:55.090+0000] {processor.py:840} INFO - DAG(s) 'example_skip_dag' retrieved from /home/airflow/.local/lib/python3.8/site-packages/airflow/example_dags/example_skip_dag.py
[2024-03-03T20:14:55.278+0000] {logging_mixin.py:188} INFO - [2024-03-03T20:14:55.275+0000] {dag.py:3036} INFO - Sync 1 DAGs
[2024-03-03T20:14:55.497+0000] {logging_mixin.py:188} INFO - [2024-03-03T20:14:55.496+0000] {dag.py:3823} INFO - Setting next_dagrun for example_skip_dag to 2024-03-02 00:00:00+00:00, run_after=2024-03-03 00:00:00+00:00
[2024-03-03T20:14:55.656+0000] {processor.py:183} INFO - Processing /home/airflow/.local/lib/python3.8/site-packages/airflow/example_dags/example_skip_dag.py took 0.608 seconds
[2024-03-03T20:15:26.112+0000] {processor.py:161} INFO - Started process (PID=540) to work on /home/airflow/.local/lib/python3.8/site-packages/airflow/example_dags/example_skip_dag.py
[2024-03-03T20:15:26.116+0000] {processor.py:830} INFO - Processing file /home/airflow/.local/lib/python3.8/site-packages/airflow/example_dags/example_skip_dag.py for tasks to queue
[2024-03-03T20:15:26.120+0000] {logging_mixin.py:188} INFO - [2024-03-03T20:15:26.119+0000] {dagbag.py:538} INFO - Filling up the DagBag from /home/airflow/.local/lib/python3.8/site-packages/airflow/example_dags/example_skip_dag.py
[2024-03-03T20:15:26.138+0000] {processor.py:840} INFO - DAG(s) 'example_skip_dag' retrieved from /home/airflow/.local/lib/python3.8/site-packages/airflow/example_dags/example_skip_dag.py
[2024-03-03T20:15:26.204+0000] {logging_mixin.py:188} INFO - [2024-03-03T20:15:26.203+0000] {dag.py:3036} INFO - Sync 1 DAGs
[2024-03-03T20:15:26.269+0000] {logging_mixin.py:188} INFO - [2024-03-03T20:15:26.268+0000] {dag.py:3823} INFO - Setting next_dagrun for example_skip_dag to 2024-03-02 00:00:00+00:00, run_after=2024-03-03 00:00:00+00:00
[2024-03-03T20:15:26.321+0000] {processor.py:183} INFO - Processing /home/airflow/.local/lib/python3.8/site-packages/airflow/example_dags/example_skip_dag.py took 0.217 seconds
[2024-03-03T20:15:56.773+0000] {processor.py:161} INFO - Started process (PID=598) to work on /home/airflow/.local/lib/python3.8/site-packages/airflow/example_dags/example_skip_dag.py
[2024-03-03T20:15:56.774+0000] {processor.py:830} INFO - Processing file /home/airflow/.local/lib/python3.8/site-packages/airflow/example_dags/example_skip_dag.py for tasks to queue
[2024-03-03T20:15:56.775+0000] {logging_mixin.py:188} INFO - [2024-03-03T20:15:56.775+0000] {dagbag.py:538} INFO - Filling up the DagBag from /home/airflow/.local/lib/python3.8/site-packages/airflow/example_dags/example_skip_dag.py
[2024-03-03T20:15:56.787+0000] {processor.py:840} INFO - DAG(s) 'example_skip_dag' retrieved from /home/airflow/.local/lib/python3.8/site-packages/airflow/example_dags/example_skip_dag.py
[2024-03-03T20:15:56.807+0000] {logging_mixin.py:188} INFO - [2024-03-03T20:15:56.807+0000] {dag.py:3036} INFO - Sync 1 DAGs
[2024-03-03T20:15:56.825+0000] {logging_mixin.py:188} INFO - [2024-03-03T20:15:56.825+0000] {dag.py:3823} INFO - Setting next_dagrun for example_skip_dag to 2024-03-02 00:00:00+00:00, run_after=2024-03-03 00:00:00+00:00
[2024-03-03T20:15:56.842+0000] {processor.py:183} INFO - Processing /home/airflow/.local/lib/python3.8/site-packages/airflow/example_dags/example_skip_dag.py took 0.072 seconds
[2024-03-03T20:16:27.221+0000] {processor.py:161} INFO - Started process (PID=653) to work on /home/airflow/.local/lib/python3.8/site-packages/airflow/example_dags/example_skip_dag.py
[2024-03-03T20:16:27.222+0000] {processor.py:830} INFO - Processing file /home/airflow/.local/lib/python3.8/site-packages/airflow/example_dags/example_skip_dag.py for tasks to queue
[2024-03-03T20:16:27.223+0000] {logging_mixin.py:188} INFO - [2024-03-03T20:16:27.223+0000] {dagbag.py:538} INFO - Filling up the DagBag from /home/airflow/.local/lib/python3.8/site-packages/airflow/example_dags/example_skip_dag.py
[2024-03-03T20:16:27.231+0000] {processor.py:840} INFO - DAG(s) 'example_skip_dag' retrieved from /home/airflow/.local/lib/python3.8/site-packages/airflow/example_dags/example_skip_dag.py
[2024-03-03T20:16:27.256+0000] {logging_mixin.py:188} INFO - [2024-03-03T20:16:27.256+0000] {dag.py:3036} INFO - Sync 1 DAGs
[2024-03-03T20:16:27.283+0000] {logging_mixin.py:188} INFO - [2024-03-03T20:16:27.282+0000] {dag.py:3823} INFO - Setting next_dagrun for example_skip_dag to 2024-03-02 00:00:00+00:00, run_after=2024-03-03 00:00:00+00:00
[2024-03-03T20:16:27.310+0000] {processor.py:183} INFO - Processing /home/airflow/.local/lib/python3.8/site-packages/airflow/example_dags/example_skip_dag.py took 0.092 seconds
[2024-03-03T20:16:57.427+0000] {processor.py:161} INFO - Started process (PID=708) to work on /home/airflow/.local/lib/python3.8/site-packages/airflow/example_dags/example_skip_dag.py
[2024-03-03T20:16:57.428+0000] {processor.py:830} INFO - Processing file /home/airflow/.local/lib/python3.8/site-packages/airflow/example_dags/example_skip_dag.py for tasks to queue
[2024-03-03T20:16:57.429+0000] {logging_mixin.py:188} INFO - [2024-03-03T20:16:57.429+0000] {dagbag.py:538} INFO - Filling up the DagBag from /home/airflow/.local/lib/python3.8/site-packages/airflow/example_dags/example_skip_dag.py
[2024-03-03T20:16:57.438+0000] {processor.py:840} INFO - DAG(s) 'example_skip_dag' retrieved from /home/airflow/.local/lib/python3.8/site-packages/airflow/example_dags/example_skip_dag.py
[2024-03-03T20:16:57.463+0000] {logging_mixin.py:188} INFO - [2024-03-03T20:16:57.463+0000] {dag.py:3036} INFO - Sync 1 DAGs
[2024-03-03T20:16:57.491+0000] {logging_mixin.py:188} INFO - [2024-03-03T20:16:57.491+0000] {dag.py:3823} INFO - Setting next_dagrun for example_skip_dag to 2024-03-02 00:00:00+00:00, run_after=2024-03-03 00:00:00+00:00
[2024-03-03T20:16:57.513+0000] {processor.py:183} INFO - Processing /home/airflow/.local/lib/python3.8/site-packages/airflow/example_dags/example_skip_dag.py took 0.090 seconds
[2024-03-03T20:18:46.659+0000] {processor.py:161} INFO - Started process (PID=757) to work on /home/airflow/.local/lib/python3.8/site-packages/airflow/example_dags/example_skip_dag.py
[2024-03-03T20:18:46.805+0000] {processor.py:830} INFO - Processing file /home/airflow/.local/lib/python3.8/site-packages/airflow/example_dags/example_skip_dag.py for tasks to queue
[2024-03-03T20:18:47.703+0000] {logging_mixin.py:188} INFO - [2024-03-03T20:18:47.217+0000] {dagbag.py:538} INFO - Filling up the DagBag from /home/airflow/.local/lib/python3.8/site-packages/airflow/example_dags/example_skip_dag.py
[2024-03-03T20:18:51.711+0000] {processor.py:840} INFO - DAG(s) 'example_skip_dag' retrieved from /home/airflow/.local/lib/python3.8/site-packages/airflow/example_dags/example_skip_dag.py
[2024-03-03T20:18:52.363+0000] {logging_mixin.py:188} INFO - [2024-03-03T20:18:52.361+0000] {dag.py:3036} INFO - Sync 1 DAGs
[2024-03-03T20:18:52.425+0000] {logging_mixin.py:188} INFO - [2024-03-03T20:18:52.425+0000] {dag.py:3823} INFO - Setting next_dagrun for example_skip_dag to 2024-03-02 00:00:00+00:00, run_after=2024-03-03 00:00:00+00:00
[2024-03-03T20:18:52.475+0000] {processor.py:183} INFO - Processing /home/airflow/.local/lib/python3.8/site-packages/airflow/example_dags/example_skip_dag.py took 5.899 seconds
[2024-03-03T20:19:23.415+0000] {processor.py:161} INFO - Started process (PID=813) to work on /home/airflow/.local/lib/python3.8/site-packages/airflow/example_dags/example_skip_dag.py
[2024-03-03T20:19:23.417+0000] {processor.py:830} INFO - Processing file /home/airflow/.local/lib/python3.8/site-packages/airflow/example_dags/example_skip_dag.py for tasks to queue
[2024-03-03T20:19:23.423+0000] {logging_mixin.py:188} INFO - [2024-03-03T20:19:23.420+0000] {dagbag.py:538} INFO - Filling up the DagBag from /home/airflow/.local/lib/python3.8/site-packages/airflow/example_dags/example_skip_dag.py
[2024-03-03T20:19:23.440+0000] {processor.py:840} INFO - DAG(s) 'example_skip_dag' retrieved from /home/airflow/.local/lib/python3.8/site-packages/airflow/example_dags/example_skip_dag.py
[2024-03-03T20:19:23.492+0000] {logging_mixin.py:188} INFO - [2024-03-03T20:19:23.492+0000] {dag.py:3036} INFO - Sync 1 DAGs
[2024-03-03T20:19:23.539+0000] {logging_mixin.py:188} INFO - [2024-03-03T20:19:23.539+0000] {dag.py:3823} INFO - Setting next_dagrun for example_skip_dag to 2024-03-02 00:00:00+00:00, run_after=2024-03-03 00:00:00+00:00
[2024-03-03T20:19:23.593+0000] {processor.py:183} INFO - Processing /home/airflow/.local/lib/python3.8/site-packages/airflow/example_dags/example_skip_dag.py took 0.184 seconds
[2024-03-03T20:20:55.329+0000] {processor.py:161} INFO - Started process (PID=862) to work on /home/airflow/.local/lib/python3.8/site-packages/airflow/example_dags/example_skip_dag.py
[2024-03-03T20:20:55.332+0000] {processor.py:830} INFO - Processing file /home/airflow/.local/lib/python3.8/site-packages/airflow/example_dags/example_skip_dag.py for tasks to queue
[2024-03-03T20:20:55.336+0000] {logging_mixin.py:188} INFO - [2024-03-03T20:20:55.335+0000] {dagbag.py:538} INFO - Filling up the DagBag from /home/airflow/.local/lib/python3.8/site-packages/airflow/example_dags/example_skip_dag.py
[2024-03-03T20:20:55.357+0000] {processor.py:840} INFO - DAG(s) 'example_skip_dag' retrieved from /home/airflow/.local/lib/python3.8/site-packages/airflow/example_dags/example_skip_dag.py
[2024-03-03T20:20:55.426+0000] {logging_mixin.py:188} INFO - [2024-03-03T20:20:55.425+0000] {dag.py:3036} INFO - Sync 1 DAGs
[2024-03-03T20:20:55.483+0000] {logging_mixin.py:188} INFO - [2024-03-03T20:20:55.482+0000] {dag.py:3823} INFO - Setting next_dagrun for example_skip_dag to 2024-03-02 00:00:00+00:00, run_after=2024-03-03 00:00:00+00:00
[2024-03-03T20:20:55.539+0000] {processor.py:183} INFO - Processing /home/airflow/.local/lib/python3.8/site-packages/airflow/example_dags/example_skip_dag.py took 0.221 seconds
[2024-03-03T20:21:25.937+0000] {processor.py:161} INFO - Started process (PID=917) to work on /home/airflow/.local/lib/python3.8/site-packages/airflow/example_dags/example_skip_dag.py
[2024-03-03T20:21:25.939+0000] {processor.py:830} INFO - Processing file /home/airflow/.local/lib/python3.8/site-packages/airflow/example_dags/example_skip_dag.py for tasks to queue
[2024-03-03T20:21:25.941+0000] {logging_mixin.py:188} INFO - [2024-03-03T20:21:25.940+0000] {dagbag.py:538} INFO - Filling up the DagBag from /home/airflow/.local/lib/python3.8/site-packages/airflow/example_dags/example_skip_dag.py
[2024-03-03T20:21:25.959+0000] {processor.py:840} INFO - DAG(s) 'example_skip_dag' retrieved from /home/airflow/.local/lib/python3.8/site-packages/airflow/example_dags/example_skip_dag.py
[2024-03-03T20:21:26.039+0000] {logging_mixin.py:188} INFO - [2024-03-03T20:21:26.038+0000] {dag.py:3036} INFO - Sync 1 DAGs
[2024-03-03T20:21:26.102+0000] {logging_mixin.py:188} INFO - [2024-03-03T20:21:26.101+0000] {dag.py:3823} INFO - Setting next_dagrun for example_skip_dag to 2024-03-02 00:00:00+00:00, run_after=2024-03-03 00:00:00+00:00
[2024-03-03T20:21:26.148+0000] {processor.py:183} INFO - Processing /home/airflow/.local/lib/python3.8/site-packages/airflow/example_dags/example_skip_dag.py took 0.218 seconds
[2024-03-03T20:23:16.081+0000] {processor.py:161} INFO - Started process (PID=932) to work on /home/airflow/.local/lib/python3.8/site-packages/airflow/example_dags/example_skip_dag.py
[2024-03-03T20:23:16.083+0000] {processor.py:830} INFO - Processing file /home/airflow/.local/lib/python3.8/site-packages/airflow/example_dags/example_skip_dag.py for tasks to queue
[2024-03-03T20:23:16.085+0000] {logging_mixin.py:188} INFO - [2024-03-03T20:23:16.084+0000] {dagbag.py:538} INFO - Filling up the DagBag from /home/airflow/.local/lib/python3.8/site-packages/airflow/example_dags/example_skip_dag.py
[2024-03-03T20:23:16.105+0000] {processor.py:840} INFO - DAG(s) 'example_skip_dag' retrieved from /home/airflow/.local/lib/python3.8/site-packages/airflow/example_dags/example_skip_dag.py
[2024-03-03T20:23:16.168+0000] {logging_mixin.py:188} INFO - [2024-03-03T20:23:16.168+0000] {dag.py:3036} INFO - Sync 1 DAGs
[2024-03-03T20:23:16.221+0000] {logging_mixin.py:188} INFO - [2024-03-03T20:23:16.220+0000] {dag.py:3823} INFO - Setting next_dagrun for example_skip_dag to 2024-03-02 00:00:00+00:00, run_after=2024-03-03 00:00:00+00:00
[2024-03-03T20:23:16.282+0000] {processor.py:183} INFO - Processing /home/airflow/.local/lib/python3.8/site-packages/airflow/example_dags/example_skip_dag.py took 0.206 seconds
[2024-03-03T20:29:25.557+0000] {processor.py:161} INFO - Started process (PID=43) to work on /home/airflow/.local/lib/python3.8/site-packages/airflow/example_dags/example_skip_dag.py
[2024-03-03T20:29:25.583+0000] {processor.py:830} INFO - Processing file /home/airflow/.local/lib/python3.8/site-packages/airflow/example_dags/example_skip_dag.py for tasks to queue
[2024-03-03T20:29:25.594+0000] {logging_mixin.py:188} INFO - [2024-03-03T20:29:25.590+0000] {dagbag.py:538} INFO - Filling up the DagBag from /home/airflow/.local/lib/python3.8/site-packages/airflow/example_dags/example_skip_dag.py
[2024-03-03T20:29:25.631+0000] {processor.py:840} INFO - DAG(s) 'example_skip_dag' retrieved from /home/airflow/.local/lib/python3.8/site-packages/airflow/example_dags/example_skip_dag.py
[2024-03-03T20:29:26.102+0000] {logging_mixin.py:188} INFO - [2024-03-03T20:29:26.102+0000] {dag.py:3036} INFO - Sync 1 DAGs
[2024-03-03T20:29:26.153+0000] {logging_mixin.py:188} INFO - [2024-03-03T20:29:26.152+0000] {dag.py:3823} INFO - Setting next_dagrun for example_skip_dag to 2024-03-02 00:00:00+00:00, run_after=2024-03-03 00:00:00+00:00
[2024-03-03T20:29:26.233+0000] {processor.py:183} INFO - Processing /home/airflow/.local/lib/python3.8/site-packages/airflow/example_dags/example_skip_dag.py took 0.685 seconds
[2024-03-03T20:33:03.908+0000] {processor.py:161} INFO - Started process (PID=103) to work on /home/airflow/.local/lib/python3.8/site-packages/airflow/example_dags/example_skip_dag.py
[2024-03-03T20:33:03.912+0000] {processor.py:830} INFO - Processing file /home/airflow/.local/lib/python3.8/site-packages/airflow/example_dags/example_skip_dag.py for tasks to queue
[2024-03-03T20:33:03.915+0000] {logging_mixin.py:188} INFO - [2024-03-03T20:33:03.914+0000] {dagbag.py:538} INFO - Filling up the DagBag from /home/airflow/.local/lib/python3.8/site-packages/airflow/example_dags/example_skip_dag.py
[2024-03-03T20:33:03.937+0000] {processor.py:840} INFO - DAG(s) 'example_skip_dag' retrieved from /home/airflow/.local/lib/python3.8/site-packages/airflow/example_dags/example_skip_dag.py
[2024-03-03T20:33:04.011+0000] {logging_mixin.py:188} INFO - [2024-03-03T20:33:04.009+0000] {dag.py:3036} INFO - Sync 1 DAGs
[2024-03-03T20:33:04.101+0000] {logging_mixin.py:188} INFO - [2024-03-03T20:33:04.098+0000] {dag.py:3823} INFO - Setting next_dagrun for example_skip_dag to 2024-03-02 00:00:00+00:00, run_after=2024-03-03 00:00:00+00:00
[2024-03-03T20:33:04.170+0000] {processor.py:183} INFO - Processing /home/airflow/.local/lib/python3.8/site-packages/airflow/example_dags/example_skip_dag.py took 0.273 seconds
[2024-03-03T20:34:18.698+0000] {processor.py:161} INFO - Started process (PID=155) to work on /home/airflow/.local/lib/python3.8/site-packages/airflow/example_dags/example_skip_dag.py
[2024-03-03T20:34:18.704+0000] {processor.py:830} INFO - Processing file /home/airflow/.local/lib/python3.8/site-packages/airflow/example_dags/example_skip_dag.py for tasks to queue
[2024-03-03T20:34:18.716+0000] {logging_mixin.py:188} INFO - [2024-03-03T20:34:18.715+0000] {dagbag.py:538} INFO - Filling up the DagBag from /home/airflow/.local/lib/python3.8/site-packages/airflow/example_dags/example_skip_dag.py
[2024-03-03T20:34:18.742+0000] {processor.py:840} INFO - DAG(s) 'example_skip_dag' retrieved from /home/airflow/.local/lib/python3.8/site-packages/airflow/example_dags/example_skip_dag.py
[2024-03-03T20:34:18.857+0000] {logging_mixin.py:188} INFO - [2024-03-03T20:34:18.854+0000] {dag.py:3036} INFO - Sync 1 DAGs
[2024-03-03T20:34:18.993+0000] {logging_mixin.py:188} INFO - [2024-03-03T20:34:18.992+0000] {dag.py:3823} INFO - Setting next_dagrun for example_skip_dag to 2024-03-02 00:00:00+00:00, run_after=2024-03-03 00:00:00+00:00
[2024-03-03T20:34:19.296+0000] {processor.py:183} INFO - Processing /home/airflow/.local/lib/python3.8/site-packages/airflow/example_dags/example_skip_dag.py took 0.632 seconds
[2024-03-03T20:36:22.401+0000] {processor.py:161} INFO - Started process (PID=207) to work on /home/airflow/.local/lib/python3.8/site-packages/airflow/example_dags/example_skip_dag.py
[2024-03-03T20:36:22.407+0000] {processor.py:830} INFO - Processing file /home/airflow/.local/lib/python3.8/site-packages/airflow/example_dags/example_skip_dag.py for tasks to queue
[2024-03-03T20:36:22.426+0000] {logging_mixin.py:188} INFO - [2024-03-03T20:36:22.424+0000] {dagbag.py:538} INFO - Filling up the DagBag from /home/airflow/.local/lib/python3.8/site-packages/airflow/example_dags/example_skip_dag.py
[2024-03-03T20:36:22.489+0000] {processor.py:840} INFO - DAG(s) 'example_skip_dag' retrieved from /home/airflow/.local/lib/python3.8/site-packages/airflow/example_dags/example_skip_dag.py
[2024-03-03T20:36:24.845+0000] {logging_mixin.py:188} INFO - [2024-03-03T20:36:24.836+0000] {dag.py:3036} INFO - Sync 1 DAGs
[2024-03-03T20:36:24.916+0000] {logging_mixin.py:188} INFO - [2024-03-03T20:36:24.915+0000] {dag.py:3823} INFO - Setting next_dagrun for example_skip_dag to 2024-03-02 00:00:00+00:00, run_after=2024-03-03 00:00:00+00:00
[2024-03-03T20:36:25.010+0000] {processor.py:183} INFO - Processing /home/airflow/.local/lib/python3.8/site-packages/airflow/example_dags/example_skip_dag.py took 2.364 seconds
[2024-03-03T20:36:55.214+0000] {processor.py:161} INFO - Started process (PID=262) to work on /home/airflow/.local/lib/python3.8/site-packages/airflow/example_dags/example_skip_dag.py
[2024-03-03T20:36:55.215+0000] {processor.py:830} INFO - Processing file /home/airflow/.local/lib/python3.8/site-packages/airflow/example_dags/example_skip_dag.py for tasks to queue
[2024-03-03T20:36:55.217+0000] {logging_mixin.py:188} INFO - [2024-03-03T20:36:55.216+0000] {dagbag.py:538} INFO - Filling up the DagBag from /home/airflow/.local/lib/python3.8/site-packages/airflow/example_dags/example_skip_dag.py
[2024-03-03T20:36:55.233+0000] {processor.py:840} INFO - DAG(s) 'example_skip_dag' retrieved from /home/airflow/.local/lib/python3.8/site-packages/airflow/example_dags/example_skip_dag.py
[2024-03-03T20:36:55.288+0000] {logging_mixin.py:188} INFO - [2024-03-03T20:36:55.287+0000] {dag.py:3036} INFO - Sync 1 DAGs
[2024-03-03T20:36:55.320+0000] {logging_mixin.py:188} INFO - [2024-03-03T20:36:55.320+0000] {dag.py:3823} INFO - Setting next_dagrun for example_skip_dag to 2024-03-02 00:00:00+00:00, run_after=2024-03-03 00:00:00+00:00
[2024-03-03T20:36:55.350+0000] {processor.py:183} INFO - Processing /home/airflow/.local/lib/python3.8/site-packages/airflow/example_dags/example_skip_dag.py took 0.140 seconds
[2024-03-03T20:39:26.969+0000] {processor.py:161} INFO - Started process (PID=310) to work on /home/airflow/.local/lib/python3.8/site-packages/airflow/example_dags/example_skip_dag.py
[2024-03-03T20:39:26.980+0000] {processor.py:830} INFO - Processing file /home/airflow/.local/lib/python3.8/site-packages/airflow/example_dags/example_skip_dag.py for tasks to queue
[2024-03-03T20:39:26.983+0000] {logging_mixin.py:188} INFO - [2024-03-03T20:39:26.982+0000] {dagbag.py:538} INFO - Filling up the DagBag from /home/airflow/.local/lib/python3.8/site-packages/airflow/example_dags/example_skip_dag.py
[2024-03-03T20:39:27.003+0000] {processor.py:840} INFO - DAG(s) 'example_skip_dag' retrieved from /home/airflow/.local/lib/python3.8/site-packages/airflow/example_dags/example_skip_dag.py
[2024-03-03T20:39:27.092+0000] {logging_mixin.py:188} INFO - [2024-03-03T20:39:27.091+0000] {dag.py:3036} INFO - Sync 1 DAGs
[2024-03-03T20:39:27.174+0000] {logging_mixin.py:188} INFO - [2024-03-03T20:39:27.173+0000] {dag.py:3823} INFO - Setting next_dagrun for example_skip_dag to 2024-03-02 00:00:00+00:00, run_after=2024-03-03 00:00:00+00:00
[2024-03-03T20:39:27.240+0000] {processor.py:183} INFO - Processing /home/airflow/.local/lib/python3.8/site-packages/airflow/example_dags/example_skip_dag.py took 0.286 seconds
[2024-03-03T20:39:57.354+0000] {processor.py:161} INFO - Started process (PID=358) to work on /home/airflow/.local/lib/python3.8/site-packages/airflow/example_dags/example_skip_dag.py
[2024-03-03T20:39:57.356+0000] {processor.py:830} INFO - Processing file /home/airflow/.local/lib/python3.8/site-packages/airflow/example_dags/example_skip_dag.py for tasks to queue
[2024-03-03T20:39:57.359+0000] {logging_mixin.py:188} INFO - [2024-03-03T20:39:57.358+0000] {dagbag.py:538} INFO - Filling up the DagBag from /home/airflow/.local/lib/python3.8/site-packages/airflow/example_dags/example_skip_dag.py
[2024-03-03T20:39:57.377+0000] {processor.py:840} INFO - DAG(s) 'example_skip_dag' retrieved from /home/airflow/.local/lib/python3.8/site-packages/airflow/example_dags/example_skip_dag.py
[2024-03-03T20:39:57.425+0000] {logging_mixin.py:188} INFO - [2024-03-03T20:39:57.425+0000] {dag.py:3036} INFO - Sync 1 DAGs
[2024-03-03T20:39:57.489+0000] {logging_mixin.py:188} INFO - [2024-03-03T20:39:57.488+0000] {dag.py:3823} INFO - Setting next_dagrun for example_skip_dag to 2024-03-02 00:00:00+00:00, run_after=2024-03-03 00:00:00+00:00
[2024-03-03T20:39:57.542+0000] {processor.py:183} INFO - Processing /home/airflow/.local/lib/python3.8/site-packages/airflow/example_dags/example_skip_dag.py took 0.194 seconds
[2024-03-03T20:40:28.279+0000] {processor.py:161} INFO - Started process (PID=412) to work on /home/airflow/.local/lib/python3.8/site-packages/airflow/example_dags/example_skip_dag.py
[2024-03-03T20:40:28.281+0000] {processor.py:830} INFO - Processing file /home/airflow/.local/lib/python3.8/site-packages/airflow/example_dags/example_skip_dag.py for tasks to queue
[2024-03-03T20:40:28.282+0000] {logging_mixin.py:188} INFO - [2024-03-03T20:40:28.282+0000] {dagbag.py:538} INFO - Filling up the DagBag from /home/airflow/.local/lib/python3.8/site-packages/airflow/example_dags/example_skip_dag.py
[2024-03-03T20:40:28.290+0000] {processor.py:840} INFO - DAG(s) 'example_skip_dag' retrieved from /home/airflow/.local/lib/python3.8/site-packages/airflow/example_dags/example_skip_dag.py
[2024-03-03T20:40:28.313+0000] {logging_mixin.py:188} INFO - [2024-03-03T20:40:28.313+0000] {dag.py:3036} INFO - Sync 1 DAGs
[2024-03-03T20:40:28.338+0000] {logging_mixin.py:188} INFO - [2024-03-03T20:40:28.338+0000] {dag.py:3823} INFO - Setting next_dagrun for example_skip_dag to 2024-03-02 00:00:00+00:00, run_after=2024-03-03 00:00:00+00:00
[2024-03-03T20:40:28.360+0000] {processor.py:183} INFO - Processing /home/airflow/.local/lib/python3.8/site-packages/airflow/example_dags/example_skip_dag.py took 0.085 seconds
[2024-03-03T20:40:58.639+0000] {processor.py:161} INFO - Started process (PID=467) to work on /home/airflow/.local/lib/python3.8/site-packages/airflow/example_dags/example_skip_dag.py
[2024-03-03T20:40:58.640+0000] {processor.py:830} INFO - Processing file /home/airflow/.local/lib/python3.8/site-packages/airflow/example_dags/example_skip_dag.py for tasks to queue
[2024-03-03T20:40:58.642+0000] {logging_mixin.py:188} INFO - [2024-03-03T20:40:58.641+0000] {dagbag.py:538} INFO - Filling up the DagBag from /home/airflow/.local/lib/python3.8/site-packages/airflow/example_dags/example_skip_dag.py
[2024-03-03T20:40:58.651+0000] {processor.py:840} INFO - DAG(s) 'example_skip_dag' retrieved from /home/airflow/.local/lib/python3.8/site-packages/airflow/example_dags/example_skip_dag.py
[2024-03-03T20:40:58.683+0000] {logging_mixin.py:188} INFO - [2024-03-03T20:40:58.683+0000] {dag.py:3036} INFO - Sync 1 DAGs
[2024-03-03T20:40:58.718+0000] {logging_mixin.py:188} INFO - [2024-03-03T20:40:58.717+0000] {dag.py:3823} INFO - Setting next_dagrun for example_skip_dag to 2024-03-02 00:00:00+00:00, run_after=2024-03-03 00:00:00+00:00
[2024-03-03T20:40:58.743+0000] {processor.py:183} INFO - Processing /home/airflow/.local/lib/python3.8/site-packages/airflow/example_dags/example_skip_dag.py took 0.107 seconds
[2024-03-03T20:42:51.833+0000] {processor.py:161} INFO - Started process (PID=499) to work on /home/airflow/.local/lib/python3.8/site-packages/airflow/example_dags/example_skip_dag.py
[2024-03-03T20:42:51.837+0000] {processor.py:830} INFO - Processing file /home/airflow/.local/lib/python3.8/site-packages/airflow/example_dags/example_skip_dag.py for tasks to queue
[2024-03-03T20:42:51.847+0000] {logging_mixin.py:188} INFO - [2024-03-03T20:42:51.838+0000] {dagbag.py:538} INFO - Filling up the DagBag from /home/airflow/.local/lib/python3.8/site-packages/airflow/example_dags/example_skip_dag.py
[2024-03-03T20:42:51.928+0000] {processor.py:840} INFO - DAG(s) 'example_skip_dag' retrieved from /home/airflow/.local/lib/python3.8/site-packages/airflow/example_dags/example_skip_dag.py
[2024-03-03T20:42:52.628+0000] {logging_mixin.py:188} INFO - [2024-03-03T20:42:52.628+0000] {dag.py:3036} INFO - Sync 1 DAGs
[2024-03-03T20:42:52.699+0000] {logging_mixin.py:188} INFO - [2024-03-03T20:42:52.699+0000] {dag.py:3823} INFO - Setting next_dagrun for example_skip_dag to 2024-03-02 00:00:00+00:00, run_after=2024-03-03 00:00:00+00:00
[2024-03-03T20:42:52.782+0000] {processor.py:183} INFO - Processing /home/airflow/.local/lib/python3.8/site-packages/airflow/example_dags/example_skip_dag.py took 0.969 seconds
[2024-03-03T20:45:58.533+0000] {processor.py:161} INFO - Started process (PID=555) to work on /home/airflow/.local/lib/python3.8/site-packages/airflow/example_dags/example_skip_dag.py
[2024-03-03T20:45:58.536+0000] {processor.py:830} INFO - Processing file /home/airflow/.local/lib/python3.8/site-packages/airflow/example_dags/example_skip_dag.py for tasks to queue
[2024-03-03T20:45:58.541+0000] {logging_mixin.py:188} INFO - [2024-03-03T20:45:58.538+0000] {dagbag.py:538} INFO - Filling up the DagBag from /home/airflow/.local/lib/python3.8/site-packages/airflow/example_dags/example_skip_dag.py
[2024-03-03T20:45:58.743+0000] {processor.py:840} INFO - DAG(s) 'example_skip_dag' retrieved from /home/airflow/.local/lib/python3.8/site-packages/airflow/example_dags/example_skip_dag.py
[2024-03-03T20:45:59.111+0000] {logging_mixin.py:188} INFO - [2024-03-03T20:45:59.104+0000] {dag.py:3036} INFO - Sync 1 DAGs
[2024-03-03T20:46:01.388+0000] {logging_mixin.py:188} INFO - [2024-03-03T20:46:01.388+0000] {dag.py:3823} INFO - Setting next_dagrun for example_skip_dag to 2024-03-02 00:00:00+00:00, run_after=2024-03-03 00:00:00+00:00
[2024-03-03T20:46:01.454+0000] {processor.py:183} INFO - Processing /home/airflow/.local/lib/python3.8/site-packages/airflow/example_dags/example_skip_dag.py took 2.942 seconds
[2024-03-03T20:46:55.349+0000] {processor.py:161} INFO - Started process (PID=616) to work on /home/airflow/.local/lib/python3.8/site-packages/airflow/example_dags/example_skip_dag.py
[2024-03-03T20:46:55.354+0000] {processor.py:830} INFO - Processing file /home/airflow/.local/lib/python3.8/site-packages/airflow/example_dags/example_skip_dag.py for tasks to queue
[2024-03-03T20:46:55.372+0000] {logging_mixin.py:188} INFO - [2024-03-03T20:46:55.370+0000] {dagbag.py:538} INFO - Filling up the DagBag from /home/airflow/.local/lib/python3.8/site-packages/airflow/example_dags/example_skip_dag.py
[2024-03-03T20:46:55.412+0000] {processor.py:840} INFO - DAG(s) 'example_skip_dag' retrieved from /home/airflow/.local/lib/python3.8/site-packages/airflow/example_dags/example_skip_dag.py
[2024-03-03T20:46:55.532+0000] {logging_mixin.py:188} INFO - [2024-03-03T20:46:55.532+0000] {dag.py:3036} INFO - Sync 1 DAGs
[2024-03-03T20:46:55.768+0000] {logging_mixin.py:188} INFO - [2024-03-03T20:46:55.767+0000] {dag.py:3823} INFO - Setting next_dagrun for example_skip_dag to 2024-03-02 00:00:00+00:00, run_after=2024-03-03 00:00:00+00:00
[2024-03-03T20:46:55.886+0000] {processor.py:183} INFO - Processing /home/airflow/.local/lib/python3.8/site-packages/airflow/example_dags/example_skip_dag.py took 0.550 seconds
[2024-03-03T20:48:12.013+0000] {processor.py:161} INFO - Started process (PID=659) to work on /home/airflow/.local/lib/python3.8/site-packages/airflow/example_dags/example_skip_dag.py
[2024-03-03T20:48:12.017+0000] {processor.py:830} INFO - Processing file /home/airflow/.local/lib/python3.8/site-packages/airflow/example_dags/example_skip_dag.py for tasks to queue
[2024-03-03T20:48:12.020+0000] {logging_mixin.py:188} INFO - [2024-03-03T20:48:12.020+0000] {dagbag.py:538} INFO - Filling up the DagBag from /home/airflow/.local/lib/python3.8/site-packages/airflow/example_dags/example_skip_dag.py
[2024-03-03T20:48:12.037+0000] {processor.py:840} INFO - DAG(s) 'example_skip_dag' retrieved from /home/airflow/.local/lib/python3.8/site-packages/airflow/example_dags/example_skip_dag.py
[2024-03-03T20:48:12.094+0000] {logging_mixin.py:188} INFO - [2024-03-03T20:48:12.093+0000] {dag.py:3036} INFO - Sync 1 DAGs
[2024-03-03T20:48:12.148+0000] {logging_mixin.py:188} INFO - [2024-03-03T20:48:12.147+0000] {dag.py:3823} INFO - Setting next_dagrun for example_skip_dag to 2024-03-02 00:00:00+00:00, run_after=2024-03-03 00:00:00+00:00
[2024-03-03T20:48:12.210+0000] {processor.py:183} INFO - Processing /home/airflow/.local/lib/python3.8/site-packages/airflow/example_dags/example_skip_dag.py took 0.206 seconds
[2024-03-03T20:48:42.542+0000] {processor.py:161} INFO - Started process (PID=713) to work on /home/airflow/.local/lib/python3.8/site-packages/airflow/example_dags/example_skip_dag.py
[2024-03-03T20:48:42.544+0000] {processor.py:830} INFO - Processing file /home/airflow/.local/lib/python3.8/site-packages/airflow/example_dags/example_skip_dag.py for tasks to queue
[2024-03-03T20:48:42.546+0000] {logging_mixin.py:188} INFO - [2024-03-03T20:48:42.545+0000] {dagbag.py:538} INFO - Filling up the DagBag from /home/airflow/.local/lib/python3.8/site-packages/airflow/example_dags/example_skip_dag.py
[2024-03-03T20:48:42.569+0000] {processor.py:840} INFO - DAG(s) 'example_skip_dag' retrieved from /home/airflow/.local/lib/python3.8/site-packages/airflow/example_dags/example_skip_dag.py
[2024-03-03T20:48:42.607+0000] {logging_mixin.py:188} INFO - [2024-03-03T20:48:42.606+0000] {dag.py:3036} INFO - Sync 1 DAGs
[2024-03-03T20:48:42.660+0000] {logging_mixin.py:188} INFO - [2024-03-03T20:48:42.659+0000] {dag.py:3823} INFO - Setting next_dagrun for example_skip_dag to 2024-03-02 00:00:00+00:00, run_after=2024-03-03 00:00:00+00:00
[2024-03-03T20:48:42.706+0000] {processor.py:183} INFO - Processing /home/airflow/.local/lib/python3.8/site-packages/airflow/example_dags/example_skip_dag.py took 0.169 seconds
[2024-03-03T21:02:21.748+0000] {processor.py:161} INFO - Started process (PID=43) to work on /home/airflow/.local/lib/python3.8/site-packages/airflow/example_dags/example_skip_dag.py
[2024-03-03T21:02:21.750+0000] {processor.py:830} INFO - Processing file /home/airflow/.local/lib/python3.8/site-packages/airflow/example_dags/example_skip_dag.py for tasks to queue
[2024-03-03T21:02:21.753+0000] {logging_mixin.py:188} INFO - [2024-03-03T21:02:21.753+0000] {dagbag.py:538} INFO - Filling up the DagBag from /home/airflow/.local/lib/python3.8/site-packages/airflow/example_dags/example_skip_dag.py
[2024-03-03T21:02:21.775+0000] {processor.py:840} INFO - DAG(s) 'example_skip_dag' retrieved from /home/airflow/.local/lib/python3.8/site-packages/airflow/example_dags/example_skip_dag.py
[2024-03-03T21:02:22.219+0000] {logging_mixin.py:188} INFO - [2024-03-03T21:02:22.219+0000] {dag.py:3036} INFO - Sync 1 DAGs
[2024-03-03T21:02:22.280+0000] {logging_mixin.py:188} INFO - [2024-03-03T21:02:22.279+0000] {dag.py:3823} INFO - Setting next_dagrun for example_skip_dag to 2024-03-02 00:00:00+00:00, run_after=2024-03-03 00:00:00+00:00
[2024-03-03T21:02:22.335+0000] {processor.py:183} INFO - Processing /home/airflow/.local/lib/python3.8/site-packages/airflow/example_dags/example_skip_dag.py took 0.591 seconds
[2024-03-03T21:02:52.571+0000] {processor.py:161} INFO - Started process (PID=98) to work on /home/airflow/.local/lib/python3.8/site-packages/airflow/example_dags/example_skip_dag.py
[2024-03-03T21:02:52.572+0000] {processor.py:830} INFO - Processing file /home/airflow/.local/lib/python3.8/site-packages/airflow/example_dags/example_skip_dag.py for tasks to queue
[2024-03-03T21:02:52.574+0000] {logging_mixin.py:188} INFO - [2024-03-03T21:02:52.574+0000] {dagbag.py:538} INFO - Filling up the DagBag from /home/airflow/.local/lib/python3.8/site-packages/airflow/example_dags/example_skip_dag.py
[2024-03-03T21:02:52.581+0000] {processor.py:840} INFO - DAG(s) 'example_skip_dag' retrieved from /home/airflow/.local/lib/python3.8/site-packages/airflow/example_dags/example_skip_dag.py
[2024-03-03T21:02:52.614+0000] {logging_mixin.py:188} INFO - [2024-03-03T21:02:52.613+0000] {dag.py:3036} INFO - Sync 1 DAGs
[2024-03-03T21:02:52.650+0000] {logging_mixin.py:188} INFO - [2024-03-03T21:02:52.649+0000] {dag.py:3823} INFO - Setting next_dagrun for example_skip_dag to 2024-03-02 00:00:00+00:00, run_after=2024-03-03 00:00:00+00:00
[2024-03-03T21:02:52.681+0000] {processor.py:183} INFO - Processing /home/airflow/.local/lib/python3.8/site-packages/airflow/example_dags/example_skip_dag.py took 0.113 seconds
[2024-03-03T21:03:23.108+0000] {processor.py:161} INFO - Started process (PID=153) to work on /home/airflow/.local/lib/python3.8/site-packages/airflow/example_dags/example_skip_dag.py
[2024-03-03T21:03:23.110+0000] {processor.py:830} INFO - Processing file /home/airflow/.local/lib/python3.8/site-packages/airflow/example_dags/example_skip_dag.py for tasks to queue
[2024-03-03T21:03:23.116+0000] {logging_mixin.py:188} INFO - [2024-03-03T21:03:23.115+0000] {dagbag.py:538} INFO - Filling up the DagBag from /home/airflow/.local/lib/python3.8/site-packages/airflow/example_dags/example_skip_dag.py
[2024-03-03T21:03:23.128+0000] {processor.py:840} INFO - DAG(s) 'example_skip_dag' retrieved from /home/airflow/.local/lib/python3.8/site-packages/airflow/example_dags/example_skip_dag.py
[2024-03-03T21:03:23.182+0000] {logging_mixin.py:188} INFO - [2024-03-03T21:03:23.182+0000] {dag.py:3036} INFO - Sync 1 DAGs
[2024-03-03T21:03:23.240+0000] {logging_mixin.py:188} INFO - [2024-03-03T21:03:23.239+0000] {dag.py:3823} INFO - Setting next_dagrun for example_skip_dag to 2024-03-02 00:00:00+00:00, run_after=2024-03-03 00:00:00+00:00
[2024-03-03T21:03:23.280+0000] {processor.py:183} INFO - Processing /home/airflow/.local/lib/python3.8/site-packages/airflow/example_dags/example_skip_dag.py took 0.177 seconds
[2024-03-03T21:03:53.597+0000] {processor.py:161} INFO - Started process (PID=208) to work on /home/airflow/.local/lib/python3.8/site-packages/airflow/example_dags/example_skip_dag.py
[2024-03-03T21:03:53.598+0000] {processor.py:830} INFO - Processing file /home/airflow/.local/lib/python3.8/site-packages/airflow/example_dags/example_skip_dag.py for tasks to queue
[2024-03-03T21:03:53.600+0000] {logging_mixin.py:188} INFO - [2024-03-03T21:03:53.600+0000] {dagbag.py:538} INFO - Filling up the DagBag from /home/airflow/.local/lib/python3.8/site-packages/airflow/example_dags/example_skip_dag.py
[2024-03-03T21:03:53.608+0000] {processor.py:840} INFO - DAG(s) 'example_skip_dag' retrieved from /home/airflow/.local/lib/python3.8/site-packages/airflow/example_dags/example_skip_dag.py
[2024-03-03T21:03:53.635+0000] {logging_mixin.py:188} INFO - [2024-03-03T21:03:53.635+0000] {dag.py:3036} INFO - Sync 1 DAGs
[2024-03-03T21:03:53.665+0000] {logging_mixin.py:188} INFO - [2024-03-03T21:03:53.665+0000] {dag.py:3823} INFO - Setting next_dagrun for example_skip_dag to 2024-03-02 00:00:00+00:00, run_after=2024-03-03 00:00:00+00:00
[2024-03-03T21:03:53.688+0000] {processor.py:183} INFO - Processing /home/airflow/.local/lib/python3.8/site-packages/airflow/example_dags/example_skip_dag.py took 0.094 seconds
[2024-03-03T21:04:24.317+0000] {processor.py:161} INFO - Started process (PID=263) to work on /home/airflow/.local/lib/python3.8/site-packages/airflow/example_dags/example_skip_dag.py
[2024-03-03T21:04:24.318+0000] {processor.py:830} INFO - Processing file /home/airflow/.local/lib/python3.8/site-packages/airflow/example_dags/example_skip_dag.py for tasks to queue
[2024-03-03T21:04:24.319+0000] {logging_mixin.py:188} INFO - [2024-03-03T21:04:24.319+0000] {dagbag.py:538} INFO - Filling up the DagBag from /home/airflow/.local/lib/python3.8/site-packages/airflow/example_dags/example_skip_dag.py
[2024-03-03T21:04:24.327+0000] {processor.py:840} INFO - DAG(s) 'example_skip_dag' retrieved from /home/airflow/.local/lib/python3.8/site-packages/airflow/example_dags/example_skip_dag.py
[2024-03-03T21:04:24.351+0000] {logging_mixin.py:188} INFO - [2024-03-03T21:04:24.350+0000] {dag.py:3036} INFO - Sync 1 DAGs
[2024-03-03T21:04:24.378+0000] {logging_mixin.py:188} INFO - [2024-03-03T21:04:24.378+0000] {dag.py:3823} INFO - Setting next_dagrun for example_skip_dag to 2024-03-02 00:00:00+00:00, run_after=2024-03-03 00:00:00+00:00
[2024-03-03T21:04:24.405+0000] {processor.py:183} INFO - Processing /home/airflow/.local/lib/python3.8/site-packages/airflow/example_dags/example_skip_dag.py took 0.091 seconds
[2024-03-03T21:04:54.900+0000] {processor.py:161} INFO - Started process (PID=318) to work on /home/airflow/.local/lib/python3.8/site-packages/airflow/example_dags/example_skip_dag.py
[2024-03-03T21:04:54.901+0000] {processor.py:830} INFO - Processing file /home/airflow/.local/lib/python3.8/site-packages/airflow/example_dags/example_skip_dag.py for tasks to queue
[2024-03-03T21:04:54.904+0000] {logging_mixin.py:188} INFO - [2024-03-03T21:04:54.904+0000] {dagbag.py:538} INFO - Filling up the DagBag from /home/airflow/.local/lib/python3.8/site-packages/airflow/example_dags/example_skip_dag.py
[2024-03-03T21:04:54.912+0000] {processor.py:840} INFO - DAG(s) 'example_skip_dag' retrieved from /home/airflow/.local/lib/python3.8/site-packages/airflow/example_dags/example_skip_dag.py
[2024-03-03T21:04:54.941+0000] {logging_mixin.py:188} INFO - [2024-03-03T21:04:54.941+0000] {dag.py:3036} INFO - Sync 1 DAGs
[2024-03-03T21:04:54.970+0000] {logging_mixin.py:188} INFO - [2024-03-03T21:04:54.970+0000] {dag.py:3823} INFO - Setting next_dagrun for example_skip_dag to 2024-03-02 00:00:00+00:00, run_after=2024-03-03 00:00:00+00:00
[2024-03-03T21:04:54.998+0000] {processor.py:183} INFO - Processing /home/airflow/.local/lib/python3.8/site-packages/airflow/example_dags/example_skip_dag.py took 0.101 seconds
[2024-03-03T21:05:25.282+0000] {processor.py:161} INFO - Started process (PID=373) to work on /home/airflow/.local/lib/python3.8/site-packages/airflow/example_dags/example_skip_dag.py
[2024-03-03T21:05:25.283+0000] {processor.py:830} INFO - Processing file /home/airflow/.local/lib/python3.8/site-packages/airflow/example_dags/example_skip_dag.py for tasks to queue
[2024-03-03T21:05:25.285+0000] {logging_mixin.py:188} INFO - [2024-03-03T21:05:25.284+0000] {dagbag.py:538} INFO - Filling up the DagBag from /home/airflow/.local/lib/python3.8/site-packages/airflow/example_dags/example_skip_dag.py
[2024-03-03T21:05:25.292+0000] {processor.py:840} INFO - DAG(s) 'example_skip_dag' retrieved from /home/airflow/.local/lib/python3.8/site-packages/airflow/example_dags/example_skip_dag.py
[2024-03-03T21:05:25.316+0000] {logging_mixin.py:188} INFO - [2024-03-03T21:05:25.316+0000] {dag.py:3036} INFO - Sync 1 DAGs
[2024-03-03T21:05:25.343+0000] {logging_mixin.py:188} INFO - [2024-03-03T21:05:25.343+0000] {dag.py:3823} INFO - Setting next_dagrun for example_skip_dag to 2024-03-02 00:00:00+00:00, run_after=2024-03-03 00:00:00+00:00
[2024-03-03T21:05:25.366+0000] {processor.py:183} INFO - Processing /home/airflow/.local/lib/python3.8/site-packages/airflow/example_dags/example_skip_dag.py took 0.087 seconds
[2024-03-03T21:05:55.801+0000] {processor.py:161} INFO - Started process (PID=428) to work on /home/airflow/.local/lib/python3.8/site-packages/airflow/example_dags/example_skip_dag.py
[2024-03-03T21:05:55.803+0000] {processor.py:830} INFO - Processing file /home/airflow/.local/lib/python3.8/site-packages/airflow/example_dags/example_skip_dag.py for tasks to queue
[2024-03-03T21:05:55.805+0000] {logging_mixin.py:188} INFO - [2024-03-03T21:05:55.805+0000] {dagbag.py:538} INFO - Filling up the DagBag from /home/airflow/.local/lib/python3.8/site-packages/airflow/example_dags/example_skip_dag.py
[2024-03-03T21:05:55.815+0000] {processor.py:840} INFO - DAG(s) 'example_skip_dag' retrieved from /home/airflow/.local/lib/python3.8/site-packages/airflow/example_dags/example_skip_dag.py
[2024-03-03T21:05:55.850+0000] {logging_mixin.py:188} INFO - [2024-03-03T21:05:55.849+0000] {dag.py:3036} INFO - Sync 1 DAGs
[2024-03-03T21:05:55.892+0000] {logging_mixin.py:188} INFO - [2024-03-03T21:05:55.891+0000] {dag.py:3823} INFO - Setting next_dagrun for example_skip_dag to 2024-03-02 00:00:00+00:00, run_after=2024-03-03 00:00:00+00:00
[2024-03-03T21:05:55.932+0000] {processor.py:183} INFO - Processing /home/airflow/.local/lib/python3.8/site-packages/airflow/example_dags/example_skip_dag.py took 0.134 seconds
[2024-03-03T21:06:26.404+0000] {processor.py:161} INFO - Started process (PID=483) to work on /home/airflow/.local/lib/python3.8/site-packages/airflow/example_dags/example_skip_dag.py
[2024-03-03T21:06:26.405+0000] {processor.py:830} INFO - Processing file /home/airflow/.local/lib/python3.8/site-packages/airflow/example_dags/example_skip_dag.py for tasks to queue
[2024-03-03T21:06:26.408+0000] {logging_mixin.py:188} INFO - [2024-03-03T21:06:26.407+0000] {dagbag.py:538} INFO - Filling up the DagBag from /home/airflow/.local/lib/python3.8/site-packages/airflow/example_dags/example_skip_dag.py
[2024-03-03T21:06:26.417+0000] {processor.py:840} INFO - DAG(s) 'example_skip_dag' retrieved from /home/airflow/.local/lib/python3.8/site-packages/airflow/example_dags/example_skip_dag.py
[2024-03-03T21:06:26.452+0000] {logging_mixin.py:188} INFO - [2024-03-03T21:06:26.451+0000] {dag.py:3036} INFO - Sync 1 DAGs
[2024-03-03T21:06:26.495+0000] {logging_mixin.py:188} INFO - [2024-03-03T21:06:26.495+0000] {dag.py:3823} INFO - Setting next_dagrun for example_skip_dag to 2024-03-02 00:00:00+00:00, run_after=2024-03-03 00:00:00+00:00
[2024-03-03T21:06:26.535+0000] {processor.py:183} INFO - Processing /home/airflow/.local/lib/python3.8/site-packages/airflow/example_dags/example_skip_dag.py took 0.134 seconds
[2024-03-03T21:06:56.742+0000] {processor.py:161} INFO - Started process (PID=538) to work on /home/airflow/.local/lib/python3.8/site-packages/airflow/example_dags/example_skip_dag.py
[2024-03-03T21:06:56.744+0000] {processor.py:830} INFO - Processing file /home/airflow/.local/lib/python3.8/site-packages/airflow/example_dags/example_skip_dag.py for tasks to queue
[2024-03-03T21:06:56.747+0000] {logging_mixin.py:188} INFO - [2024-03-03T21:06:56.747+0000] {dagbag.py:538} INFO - Filling up the DagBag from /home/airflow/.local/lib/python3.8/site-packages/airflow/example_dags/example_skip_dag.py
[2024-03-03T21:06:56.763+0000] {processor.py:840} INFO - DAG(s) 'example_skip_dag' retrieved from /home/airflow/.local/lib/python3.8/site-packages/airflow/example_dags/example_skip_dag.py
[2024-03-03T21:06:56.827+0000] {logging_mixin.py:188} INFO - [2024-03-03T21:06:56.827+0000] {dag.py:3036} INFO - Sync 1 DAGs
[2024-03-03T21:06:56.881+0000] {logging_mixin.py:188} INFO - [2024-03-03T21:06:56.880+0000] {dag.py:3823} INFO - Setting next_dagrun for example_skip_dag to 2024-03-02 00:00:00+00:00, run_after=2024-03-03 00:00:00+00:00
[2024-03-03T21:06:56.923+0000] {processor.py:183} INFO - Processing /home/airflow/.local/lib/python3.8/site-packages/airflow/example_dags/example_skip_dag.py took 0.187 seconds
[2024-03-03T21:07:27.114+0000] {processor.py:161} INFO - Started process (PID=593) to work on /home/airflow/.local/lib/python3.8/site-packages/airflow/example_dags/example_skip_dag.py
[2024-03-03T21:07:27.115+0000] {processor.py:830} INFO - Processing file /home/airflow/.local/lib/python3.8/site-packages/airflow/example_dags/example_skip_dag.py for tasks to queue
[2024-03-03T21:07:27.117+0000] {logging_mixin.py:188} INFO - [2024-03-03T21:07:27.117+0000] {dagbag.py:538} INFO - Filling up the DagBag from /home/airflow/.local/lib/python3.8/site-packages/airflow/example_dags/example_skip_dag.py
[2024-03-03T21:07:27.123+0000] {processor.py:840} INFO - DAG(s) 'example_skip_dag' retrieved from /home/airflow/.local/lib/python3.8/site-packages/airflow/example_dags/example_skip_dag.py
[2024-03-03T21:07:27.143+0000] {logging_mixin.py:188} INFO - [2024-03-03T21:07:27.143+0000] {dag.py:3036} INFO - Sync 1 DAGs
[2024-03-03T21:07:27.166+0000] {logging_mixin.py:188} INFO - [2024-03-03T21:07:27.165+0000] {dag.py:3823} INFO - Setting next_dagrun for example_skip_dag to 2024-03-02 00:00:00+00:00, run_after=2024-03-03 00:00:00+00:00
[2024-03-03T21:07:27.186+0000] {processor.py:183} INFO - Processing /home/airflow/.local/lib/python3.8/site-packages/airflow/example_dags/example_skip_dag.py took 0.075 seconds
[2024-03-03T21:07:57.443+0000] {processor.py:161} INFO - Started process (PID=648) to work on /home/airflow/.local/lib/python3.8/site-packages/airflow/example_dags/example_skip_dag.py
[2024-03-03T21:07:57.444+0000] {processor.py:830} INFO - Processing file /home/airflow/.local/lib/python3.8/site-packages/airflow/example_dags/example_skip_dag.py for tasks to queue
[2024-03-03T21:07:57.446+0000] {logging_mixin.py:188} INFO - [2024-03-03T21:07:57.446+0000] {dagbag.py:538} INFO - Filling up the DagBag from /home/airflow/.local/lib/python3.8/site-packages/airflow/example_dags/example_skip_dag.py
[2024-03-03T21:07:57.452+0000] {processor.py:840} INFO - DAG(s) 'example_skip_dag' retrieved from /home/airflow/.local/lib/python3.8/site-packages/airflow/example_dags/example_skip_dag.py
[2024-03-03T21:07:57.474+0000] {logging_mixin.py:188} INFO - [2024-03-03T21:07:57.474+0000] {dag.py:3036} INFO - Sync 1 DAGs
[2024-03-03T21:07:57.499+0000] {logging_mixin.py:188} INFO - [2024-03-03T21:07:57.498+0000] {dag.py:3823} INFO - Setting next_dagrun for example_skip_dag to 2024-03-02 00:00:00+00:00, run_after=2024-03-03 00:00:00+00:00
[2024-03-03T21:07:57.523+0000] {processor.py:183} INFO - Processing /home/airflow/.local/lib/python3.8/site-packages/airflow/example_dags/example_skip_dag.py took 0.083 seconds
[2024-03-03T21:08:27.963+0000] {processor.py:161} INFO - Started process (PID=703) to work on /home/airflow/.local/lib/python3.8/site-packages/airflow/example_dags/example_skip_dag.py
[2024-03-03T21:08:27.964+0000] {processor.py:830} INFO - Processing file /home/airflow/.local/lib/python3.8/site-packages/airflow/example_dags/example_skip_dag.py for tasks to queue
[2024-03-03T21:08:27.965+0000] {logging_mixin.py:188} INFO - [2024-03-03T21:08:27.965+0000] {dagbag.py:538} INFO - Filling up the DagBag from /home/airflow/.local/lib/python3.8/site-packages/airflow/example_dags/example_skip_dag.py
[2024-03-03T21:08:27.971+0000] {processor.py:840} INFO - DAG(s) 'example_skip_dag' retrieved from /home/airflow/.local/lib/python3.8/site-packages/airflow/example_dags/example_skip_dag.py
[2024-03-03T21:08:27.995+0000] {logging_mixin.py:188} INFO - [2024-03-03T21:08:27.995+0000] {dag.py:3036} INFO - Sync 1 DAGs
[2024-03-03T21:08:28.019+0000] {logging_mixin.py:188} INFO - [2024-03-03T21:08:28.019+0000] {dag.py:3823} INFO - Setting next_dagrun for example_skip_dag to 2024-03-02 00:00:00+00:00, run_after=2024-03-03 00:00:00+00:00
[2024-03-03T21:08:28.041+0000] {processor.py:183} INFO - Processing /home/airflow/.local/lib/python3.8/site-packages/airflow/example_dags/example_skip_dag.py took 0.081 seconds
[2024-03-03T21:08:58.110+0000] {processor.py:161} INFO - Started process (PID=758) to work on /home/airflow/.local/lib/python3.8/site-packages/airflow/example_dags/example_skip_dag.py
[2024-03-03T21:08:58.111+0000] {processor.py:830} INFO - Processing file /home/airflow/.local/lib/python3.8/site-packages/airflow/example_dags/example_skip_dag.py for tasks to queue
[2024-03-03T21:08:58.113+0000] {logging_mixin.py:188} INFO - [2024-03-03T21:08:58.112+0000] {dagbag.py:538} INFO - Filling up the DagBag from /home/airflow/.local/lib/python3.8/site-packages/airflow/example_dags/example_skip_dag.py
[2024-03-03T21:08:58.120+0000] {processor.py:840} INFO - DAG(s) 'example_skip_dag' retrieved from /home/airflow/.local/lib/python3.8/site-packages/airflow/example_dags/example_skip_dag.py
[2024-03-03T21:08:58.144+0000] {logging_mixin.py:188} INFO - [2024-03-03T21:08:58.144+0000] {dag.py:3036} INFO - Sync 1 DAGs
[2024-03-03T21:08:58.170+0000] {logging_mixin.py:188} INFO - [2024-03-03T21:08:58.170+0000] {dag.py:3823} INFO - Setting next_dagrun for example_skip_dag to 2024-03-02 00:00:00+00:00, run_after=2024-03-03 00:00:00+00:00
[2024-03-03T21:08:58.196+0000] {processor.py:183} INFO - Processing /home/airflow/.local/lib/python3.8/site-packages/airflow/example_dags/example_skip_dag.py took 0.090 seconds
[2024-03-03T21:09:28.463+0000] {processor.py:161} INFO - Started process (PID=813) to work on /home/airflow/.local/lib/python3.8/site-packages/airflow/example_dags/example_skip_dag.py
[2024-03-03T21:09:28.464+0000] {processor.py:830} INFO - Processing file /home/airflow/.local/lib/python3.8/site-packages/airflow/example_dags/example_skip_dag.py for tasks to queue
[2024-03-03T21:09:28.467+0000] {logging_mixin.py:188} INFO - [2024-03-03T21:09:28.466+0000] {dagbag.py:538} INFO - Filling up the DagBag from /home/airflow/.local/lib/python3.8/site-packages/airflow/example_dags/example_skip_dag.py
[2024-03-03T21:09:28.473+0000] {processor.py:840} INFO - DAG(s) 'example_skip_dag' retrieved from /home/airflow/.local/lib/python3.8/site-packages/airflow/example_dags/example_skip_dag.py
[2024-03-03T21:09:28.499+0000] {logging_mixin.py:188} INFO - [2024-03-03T21:09:28.498+0000] {dag.py:3036} INFO - Sync 1 DAGs
[2024-03-03T21:09:28.529+0000] {logging_mixin.py:188} INFO - [2024-03-03T21:09:28.529+0000] {dag.py:3823} INFO - Setting next_dagrun for example_skip_dag to 2024-03-02 00:00:00+00:00, run_after=2024-03-03 00:00:00+00:00
[2024-03-03T21:09:28.552+0000] {processor.py:183} INFO - Processing /home/airflow/.local/lib/python3.8/site-packages/airflow/example_dags/example_skip_dag.py took 0.092 seconds
[2024-03-03T21:09:58.708+0000] {processor.py:161} INFO - Started process (PID=868) to work on /home/airflow/.local/lib/python3.8/site-packages/airflow/example_dags/example_skip_dag.py
[2024-03-03T21:09:58.709+0000] {processor.py:830} INFO - Processing file /home/airflow/.local/lib/python3.8/site-packages/airflow/example_dags/example_skip_dag.py for tasks to queue
[2024-03-03T21:09:58.712+0000] {logging_mixin.py:188} INFO - [2024-03-03T21:09:58.712+0000] {dagbag.py:538} INFO - Filling up the DagBag from /home/airflow/.local/lib/python3.8/site-packages/airflow/example_dags/example_skip_dag.py
[2024-03-03T21:09:58.719+0000] {processor.py:840} INFO - DAG(s) 'example_skip_dag' retrieved from /home/airflow/.local/lib/python3.8/site-packages/airflow/example_dags/example_skip_dag.py
[2024-03-03T21:09:58.749+0000] {logging_mixin.py:188} INFO - [2024-03-03T21:09:58.748+0000] {dag.py:3036} INFO - Sync 1 DAGs
[2024-03-03T21:09:58.784+0000] {logging_mixin.py:188} INFO - [2024-03-03T21:09:58.783+0000] {dag.py:3823} INFO - Setting next_dagrun for example_skip_dag to 2024-03-02 00:00:00+00:00, run_after=2024-03-03 00:00:00+00:00
[2024-03-03T21:09:58.815+0000] {processor.py:183} INFO - Processing /home/airflow/.local/lib/python3.8/site-packages/airflow/example_dags/example_skip_dag.py took 0.110 seconds
[2024-03-03T21:10:29.225+0000] {processor.py:161} INFO - Started process (PID=923) to work on /home/airflow/.local/lib/python3.8/site-packages/airflow/example_dags/example_skip_dag.py
[2024-03-03T21:10:29.226+0000] {processor.py:830} INFO - Processing file /home/airflow/.local/lib/python3.8/site-packages/airflow/example_dags/example_skip_dag.py for tasks to queue
[2024-03-03T21:10:29.230+0000] {logging_mixin.py:188} INFO - [2024-03-03T21:10:29.229+0000] {dagbag.py:538} INFO - Filling up the DagBag from /home/airflow/.local/lib/python3.8/site-packages/airflow/example_dags/example_skip_dag.py
[2024-03-03T21:10:29.238+0000] {processor.py:840} INFO - DAG(s) 'example_skip_dag' retrieved from /home/airflow/.local/lib/python3.8/site-packages/airflow/example_dags/example_skip_dag.py
[2024-03-03T21:10:29.270+0000] {logging_mixin.py:188} INFO - [2024-03-03T21:10:29.270+0000] {dag.py:3036} INFO - Sync 1 DAGs
[2024-03-03T21:10:29.309+0000] {logging_mixin.py:188} INFO - [2024-03-03T21:10:29.308+0000] {dag.py:3823} INFO - Setting next_dagrun for example_skip_dag to 2024-03-02 00:00:00+00:00, run_after=2024-03-03 00:00:00+00:00
[2024-03-03T21:10:29.335+0000] {processor.py:183} INFO - Processing /home/airflow/.local/lib/python3.8/site-packages/airflow/example_dags/example_skip_dag.py took 0.114 seconds
[2024-03-03T21:10:59.578+0000] {processor.py:161} INFO - Started process (PID=978) to work on /home/airflow/.local/lib/python3.8/site-packages/airflow/example_dags/example_skip_dag.py
[2024-03-03T21:10:59.580+0000] {processor.py:830} INFO - Processing file /home/airflow/.local/lib/python3.8/site-packages/airflow/example_dags/example_skip_dag.py for tasks to queue
[2024-03-03T21:10:59.583+0000] {logging_mixin.py:188} INFO - [2024-03-03T21:10:59.583+0000] {dagbag.py:538} INFO - Filling up the DagBag from /home/airflow/.local/lib/python3.8/site-packages/airflow/example_dags/example_skip_dag.py
[2024-03-03T21:10:59.597+0000] {processor.py:840} INFO - DAG(s) 'example_skip_dag' retrieved from /home/airflow/.local/lib/python3.8/site-packages/airflow/example_dags/example_skip_dag.py
[2024-03-03T21:10:59.640+0000] {logging_mixin.py:188} INFO - [2024-03-03T21:10:59.639+0000] {dag.py:3036} INFO - Sync 1 DAGs
[2024-03-03T21:10:59.697+0000] {logging_mixin.py:188} INFO - [2024-03-03T21:10:59.696+0000] {dag.py:3823} INFO - Setting next_dagrun for example_skip_dag to 2024-03-02 00:00:00+00:00, run_after=2024-03-03 00:00:00+00:00
[2024-03-03T21:10:59.748+0000] {processor.py:183} INFO - Processing /home/airflow/.local/lib/python3.8/site-packages/airflow/example_dags/example_skip_dag.py took 0.176 seconds
[2024-03-03T21:11:30.141+0000] {processor.py:161} INFO - Started process (PID=1033) to work on /home/airflow/.local/lib/python3.8/site-packages/airflow/example_dags/example_skip_dag.py
[2024-03-03T21:11:30.142+0000] {processor.py:830} INFO - Processing file /home/airflow/.local/lib/python3.8/site-packages/airflow/example_dags/example_skip_dag.py for tasks to queue
[2024-03-03T21:11:30.144+0000] {logging_mixin.py:188} INFO - [2024-03-03T21:11:30.144+0000] {dagbag.py:538} INFO - Filling up the DagBag from /home/airflow/.local/lib/python3.8/site-packages/airflow/example_dags/example_skip_dag.py
[2024-03-03T21:11:30.153+0000] {processor.py:840} INFO - DAG(s) 'example_skip_dag' retrieved from /home/airflow/.local/lib/python3.8/site-packages/airflow/example_dags/example_skip_dag.py
[2024-03-03T21:11:30.184+0000] {logging_mixin.py:188} INFO - [2024-03-03T21:11:30.183+0000] {dag.py:3036} INFO - Sync 1 DAGs
[2024-03-03T21:11:30.216+0000] {logging_mixin.py:188} INFO - [2024-03-03T21:11:30.216+0000] {dag.py:3823} INFO - Setting next_dagrun for example_skip_dag to 2024-03-02 00:00:00+00:00, run_after=2024-03-03 00:00:00+00:00
[2024-03-03T21:11:30.249+0000] {processor.py:183} INFO - Processing /home/airflow/.local/lib/python3.8/site-packages/airflow/example_dags/example_skip_dag.py took 0.111 seconds
[2024-03-03T21:12:00.359+0000] {processor.py:161} INFO - Started process (PID=1088) to work on /home/airflow/.local/lib/python3.8/site-packages/airflow/example_dags/example_skip_dag.py
[2024-03-03T21:12:00.360+0000] {processor.py:830} INFO - Processing file /home/airflow/.local/lib/python3.8/site-packages/airflow/example_dags/example_skip_dag.py for tasks to queue
[2024-03-03T21:12:00.364+0000] {logging_mixin.py:188} INFO - [2024-03-03T21:12:00.364+0000] {dagbag.py:538} INFO - Filling up the DagBag from /home/airflow/.local/lib/python3.8/site-packages/airflow/example_dags/example_skip_dag.py
[2024-03-03T21:12:00.378+0000] {processor.py:840} INFO - DAG(s) 'example_skip_dag' retrieved from /home/airflow/.local/lib/python3.8/site-packages/airflow/example_dags/example_skip_dag.py
[2024-03-03T21:12:00.428+0000] {logging_mixin.py:188} INFO - [2024-03-03T21:12:00.427+0000] {dag.py:3036} INFO - Sync 1 DAGs
[2024-03-03T21:12:00.489+0000] {logging_mixin.py:188} INFO - [2024-03-03T21:12:00.488+0000] {dag.py:3823} INFO - Setting next_dagrun for example_skip_dag to 2024-03-02 00:00:00+00:00, run_after=2024-03-03 00:00:00+00:00
[2024-03-03T21:12:00.542+0000] {processor.py:183} INFO - Processing /home/airflow/.local/lib/python3.8/site-packages/airflow/example_dags/example_skip_dag.py took 0.190 seconds
[2024-03-03T21:12:30.995+0000] {processor.py:161} INFO - Started process (PID=1149) to work on /home/airflow/.local/lib/python3.8/site-packages/airflow/example_dags/example_skip_dag.py
[2024-03-03T21:12:30.998+0000] {processor.py:830} INFO - Processing file /home/airflow/.local/lib/python3.8/site-packages/airflow/example_dags/example_skip_dag.py for tasks to queue
[2024-03-03T21:12:31.003+0000] {logging_mixin.py:188} INFO - [2024-03-03T21:12:31.001+0000] {dagbag.py:538} INFO - Filling up the DagBag from /home/airflow/.local/lib/python3.8/site-packages/airflow/example_dags/example_skip_dag.py
[2024-03-03T21:12:31.022+0000] {processor.py:840} INFO - DAG(s) 'example_skip_dag' retrieved from /home/airflow/.local/lib/python3.8/site-packages/airflow/example_dags/example_skip_dag.py
[2024-03-03T21:12:31.077+0000] {logging_mixin.py:188} INFO - [2024-03-03T21:12:31.076+0000] {dag.py:3036} INFO - Sync 1 DAGs
[2024-03-03T21:12:31.126+0000] {logging_mixin.py:188} INFO - [2024-03-03T21:12:31.125+0000] {dag.py:3823} INFO - Setting next_dagrun for example_skip_dag to 2024-03-02 00:00:00+00:00, run_after=2024-03-03 00:00:00+00:00
[2024-03-03T21:12:31.173+0000] {processor.py:183} INFO - Processing /home/airflow/.local/lib/python3.8/site-packages/airflow/example_dags/example_skip_dag.py took 0.184 seconds
[2024-03-03T21:13:01.420+0000] {processor.py:161} INFO - Started process (PID=1204) to work on /home/airflow/.local/lib/python3.8/site-packages/airflow/example_dags/example_skip_dag.py
[2024-03-03T21:13:01.422+0000] {processor.py:830} INFO - Processing file /home/airflow/.local/lib/python3.8/site-packages/airflow/example_dags/example_skip_dag.py for tasks to queue
[2024-03-03T21:13:01.425+0000] {logging_mixin.py:188} INFO - [2024-03-03T21:13:01.424+0000] {dagbag.py:538} INFO - Filling up the DagBag from /home/airflow/.local/lib/python3.8/site-packages/airflow/example_dags/example_skip_dag.py
[2024-03-03T21:13:01.439+0000] {processor.py:840} INFO - DAG(s) 'example_skip_dag' retrieved from /home/airflow/.local/lib/python3.8/site-packages/airflow/example_dags/example_skip_dag.py
[2024-03-03T21:13:01.486+0000] {logging_mixin.py:188} INFO - [2024-03-03T21:13:01.486+0000] {dag.py:3036} INFO - Sync 1 DAGs
[2024-03-03T21:13:01.566+0000] {logging_mixin.py:188} INFO - [2024-03-03T21:13:01.565+0000] {dag.py:3823} INFO - Setting next_dagrun for example_skip_dag to 2024-03-02 00:00:00+00:00, run_after=2024-03-03 00:00:00+00:00
[2024-03-03T21:13:01.613+0000] {processor.py:183} INFO - Processing /home/airflow/.local/lib/python3.8/site-packages/airflow/example_dags/example_skip_dag.py took 0.198 seconds
[2024-03-03T21:13:31.965+0000] {processor.py:161} INFO - Started process (PID=1259) to work on /home/airflow/.local/lib/python3.8/site-packages/airflow/example_dags/example_skip_dag.py
[2024-03-03T21:13:31.966+0000] {processor.py:830} INFO - Processing file /home/airflow/.local/lib/python3.8/site-packages/airflow/example_dags/example_skip_dag.py for tasks to queue
[2024-03-03T21:13:31.968+0000] {logging_mixin.py:188} INFO - [2024-03-03T21:13:31.968+0000] {dagbag.py:538} INFO - Filling up the DagBag from /home/airflow/.local/lib/python3.8/site-packages/airflow/example_dags/example_skip_dag.py
[2024-03-03T21:13:31.975+0000] {processor.py:840} INFO - DAG(s) 'example_skip_dag' retrieved from /home/airflow/.local/lib/python3.8/site-packages/airflow/example_dags/example_skip_dag.py
[2024-03-03T21:13:31.999+0000] {logging_mixin.py:188} INFO - [2024-03-03T21:13:31.998+0000] {dag.py:3036} INFO - Sync 1 DAGs
[2024-03-03T21:13:32.024+0000] {logging_mixin.py:188} INFO - [2024-03-03T21:13:32.024+0000] {dag.py:3823} INFO - Setting next_dagrun for example_skip_dag to 2024-03-02 00:00:00+00:00, run_after=2024-03-03 00:00:00+00:00
[2024-03-03T21:13:32.046+0000] {processor.py:183} INFO - Processing /home/airflow/.local/lib/python3.8/site-packages/airflow/example_dags/example_skip_dag.py took 0.086 seconds
[2024-03-03T21:14:02.612+0000] {processor.py:161} INFO - Started process (PID=1314) to work on /home/airflow/.local/lib/python3.8/site-packages/airflow/example_dags/example_skip_dag.py
[2024-03-03T21:14:02.613+0000] {processor.py:830} INFO - Processing file /home/airflow/.local/lib/python3.8/site-packages/airflow/example_dags/example_skip_dag.py for tasks to queue
[2024-03-03T21:14:02.615+0000] {logging_mixin.py:188} INFO - [2024-03-03T21:14:02.615+0000] {dagbag.py:538} INFO - Filling up the DagBag from /home/airflow/.local/lib/python3.8/site-packages/airflow/example_dags/example_skip_dag.py
[2024-03-03T21:14:02.624+0000] {processor.py:840} INFO - DAG(s) 'example_skip_dag' retrieved from /home/airflow/.local/lib/python3.8/site-packages/airflow/example_dags/example_skip_dag.py
[2024-03-03T21:14:02.661+0000] {logging_mixin.py:188} INFO - [2024-03-03T21:14:02.660+0000] {dag.py:3036} INFO - Sync 1 DAGs
[2024-03-03T21:14:02.700+0000] {logging_mixin.py:188} INFO - [2024-03-03T21:14:02.700+0000] {dag.py:3823} INFO - Setting next_dagrun for example_skip_dag to 2024-03-02 00:00:00+00:00, run_after=2024-03-03 00:00:00+00:00
[2024-03-03T21:14:02.736+0000] {processor.py:183} INFO - Processing /home/airflow/.local/lib/python3.8/site-packages/airflow/example_dags/example_skip_dag.py took 0.128 seconds
[2024-03-03T21:14:32.928+0000] {processor.py:161} INFO - Started process (PID=1369) to work on /home/airflow/.local/lib/python3.8/site-packages/airflow/example_dags/example_skip_dag.py
[2024-03-03T21:14:32.929+0000] {processor.py:830} INFO - Processing file /home/airflow/.local/lib/python3.8/site-packages/airflow/example_dags/example_skip_dag.py for tasks to queue
[2024-03-03T21:14:32.932+0000] {logging_mixin.py:188} INFO - [2024-03-03T21:14:32.931+0000] {dagbag.py:538} INFO - Filling up the DagBag from /home/airflow/.local/lib/python3.8/site-packages/airflow/example_dags/example_skip_dag.py
[2024-03-03T21:14:32.938+0000] {processor.py:840} INFO - DAG(s) 'example_skip_dag' retrieved from /home/airflow/.local/lib/python3.8/site-packages/airflow/example_dags/example_skip_dag.py
[2024-03-03T21:14:32.964+0000] {logging_mixin.py:188} INFO - [2024-03-03T21:14:32.963+0000] {dag.py:3036} INFO - Sync 1 DAGs
[2024-03-03T21:14:32.990+0000] {logging_mixin.py:188} INFO - [2024-03-03T21:14:32.990+0000] {dag.py:3823} INFO - Setting next_dagrun for example_skip_dag to 2024-03-02 00:00:00+00:00, run_after=2024-03-03 00:00:00+00:00
[2024-03-03T21:14:33.017+0000] {processor.py:183} INFO - Processing /home/airflow/.local/lib/python3.8/site-packages/airflow/example_dags/example_skip_dag.py took 0.092 seconds
[2024-03-03T21:15:03.636+0000] {processor.py:161} INFO - Started process (PID=1424) to work on /home/airflow/.local/lib/python3.8/site-packages/airflow/example_dags/example_skip_dag.py
[2024-03-03T21:15:03.637+0000] {processor.py:830} INFO - Processing file /home/airflow/.local/lib/python3.8/site-packages/airflow/example_dags/example_skip_dag.py for tasks to queue
[2024-03-03T21:15:03.639+0000] {logging_mixin.py:188} INFO - [2024-03-03T21:15:03.639+0000] {dagbag.py:538} INFO - Filling up the DagBag from /home/airflow/.local/lib/python3.8/site-packages/airflow/example_dags/example_skip_dag.py
[2024-03-03T21:15:03.645+0000] {processor.py:840} INFO - DAG(s) 'example_skip_dag' retrieved from /home/airflow/.local/lib/python3.8/site-packages/airflow/example_dags/example_skip_dag.py
[2024-03-03T21:15:03.664+0000] {logging_mixin.py:188} INFO - [2024-03-03T21:15:03.664+0000] {dag.py:3036} INFO - Sync 1 DAGs
[2024-03-03T21:15:03.684+0000] {logging_mixin.py:188} INFO - [2024-03-03T21:15:03.684+0000] {dag.py:3823} INFO - Setting next_dagrun for example_skip_dag to 2024-03-02 00:00:00+00:00, run_after=2024-03-03 00:00:00+00:00
[2024-03-03T21:15:03.707+0000] {processor.py:183} INFO - Processing /home/airflow/.local/lib/python3.8/site-packages/airflow/example_dags/example_skip_dag.py took 0.073 seconds
[2024-03-03T21:15:34.130+0000] {processor.py:161} INFO - Started process (PID=1479) to work on /home/airflow/.local/lib/python3.8/site-packages/airflow/example_dags/example_skip_dag.py
[2024-03-03T21:15:34.131+0000] {processor.py:830} INFO - Processing file /home/airflow/.local/lib/python3.8/site-packages/airflow/example_dags/example_skip_dag.py for tasks to queue
[2024-03-03T21:15:34.133+0000] {logging_mixin.py:188} INFO - [2024-03-03T21:15:34.133+0000] {dagbag.py:538} INFO - Filling up the DagBag from /home/airflow/.local/lib/python3.8/site-packages/airflow/example_dags/example_skip_dag.py
[2024-03-03T21:15:34.140+0000] {processor.py:840} INFO - DAG(s) 'example_skip_dag' retrieved from /home/airflow/.local/lib/python3.8/site-packages/airflow/example_dags/example_skip_dag.py
[2024-03-03T21:15:34.164+0000] {logging_mixin.py:188} INFO - [2024-03-03T21:15:34.164+0000] {dag.py:3036} INFO - Sync 1 DAGs
[2024-03-03T21:15:34.193+0000] {logging_mixin.py:188} INFO - [2024-03-03T21:15:34.193+0000] {dag.py:3823} INFO - Setting next_dagrun for example_skip_dag to 2024-03-02 00:00:00+00:00, run_after=2024-03-03 00:00:00+00:00
[2024-03-03T21:15:34.226+0000] {processor.py:183} INFO - Processing /home/airflow/.local/lib/python3.8/site-packages/airflow/example_dags/example_skip_dag.py took 0.099 seconds
[2024-03-03T21:16:04.616+0000] {processor.py:161} INFO - Started process (PID=1534) to work on /home/airflow/.local/lib/python3.8/site-packages/airflow/example_dags/example_skip_dag.py
[2024-03-03T21:16:04.618+0000] {processor.py:830} INFO - Processing file /home/airflow/.local/lib/python3.8/site-packages/airflow/example_dags/example_skip_dag.py for tasks to queue
[2024-03-03T21:16:04.621+0000] {logging_mixin.py:188} INFO - [2024-03-03T21:16:04.620+0000] {dagbag.py:538} INFO - Filling up the DagBag from /home/airflow/.local/lib/python3.8/site-packages/airflow/example_dags/example_skip_dag.py
[2024-03-03T21:16:04.632+0000] {processor.py:840} INFO - DAG(s) 'example_skip_dag' retrieved from /home/airflow/.local/lib/python3.8/site-packages/airflow/example_dags/example_skip_dag.py
[2024-03-03T21:16:04.665+0000] {logging_mixin.py:188} INFO - [2024-03-03T21:16:04.665+0000] {dag.py:3036} INFO - Sync 1 DAGs
[2024-03-03T21:16:04.695+0000] {logging_mixin.py:188} INFO - [2024-03-03T21:16:04.694+0000] {dag.py:3823} INFO - Setting next_dagrun for example_skip_dag to 2024-03-02 00:00:00+00:00, run_after=2024-03-03 00:00:00+00:00
[2024-03-03T21:16:04.722+0000] {processor.py:183} INFO - Processing /home/airflow/.local/lib/python3.8/site-packages/airflow/example_dags/example_skip_dag.py took 0.113 seconds
[2024-03-03T21:16:34.786+0000] {processor.py:161} INFO - Started process (PID=1588) to work on /home/airflow/.local/lib/python3.8/site-packages/airflow/example_dags/example_skip_dag.py
[2024-03-03T21:16:34.787+0000] {processor.py:830} INFO - Processing file /home/airflow/.local/lib/python3.8/site-packages/airflow/example_dags/example_skip_dag.py for tasks to queue
[2024-03-03T21:16:34.791+0000] {logging_mixin.py:188} INFO - [2024-03-03T21:16:34.790+0000] {dagbag.py:538} INFO - Filling up the DagBag from /home/airflow/.local/lib/python3.8/site-packages/airflow/example_dags/example_skip_dag.py
[2024-03-03T21:16:34.803+0000] {processor.py:840} INFO - DAG(s) 'example_skip_dag' retrieved from /home/airflow/.local/lib/python3.8/site-packages/airflow/example_dags/example_skip_dag.py
[2024-03-03T21:16:34.836+0000] {logging_mixin.py:188} INFO - [2024-03-03T21:16:34.835+0000] {dag.py:3036} INFO - Sync 1 DAGs
[2024-03-03T21:16:34.868+0000] {logging_mixin.py:188} INFO - [2024-03-03T21:16:34.868+0000] {dag.py:3823} INFO - Setting next_dagrun for example_skip_dag to 2024-03-02 00:00:00+00:00, run_after=2024-03-03 00:00:00+00:00
[2024-03-03T21:16:34.892+0000] {processor.py:183} INFO - Processing /home/airflow/.local/lib/python3.8/site-packages/airflow/example_dags/example_skip_dag.py took 0.110 seconds
[2024-03-03T21:17:05.121+0000] {processor.py:161} INFO - Started process (PID=1643) to work on /home/airflow/.local/lib/python3.8/site-packages/airflow/example_dags/example_skip_dag.py
[2024-03-03T21:17:05.122+0000] {processor.py:830} INFO - Processing file /home/airflow/.local/lib/python3.8/site-packages/airflow/example_dags/example_skip_dag.py for tasks to queue
[2024-03-03T21:17:05.125+0000] {logging_mixin.py:188} INFO - [2024-03-03T21:17:05.124+0000] {dagbag.py:538} INFO - Filling up the DagBag from /home/airflow/.local/lib/python3.8/site-packages/airflow/example_dags/example_skip_dag.py
[2024-03-03T21:17:05.137+0000] {processor.py:840} INFO - DAG(s) 'example_skip_dag' retrieved from /home/airflow/.local/lib/python3.8/site-packages/airflow/example_dags/example_skip_dag.py
[2024-03-03T21:17:05.167+0000] {logging_mixin.py:188} INFO - [2024-03-03T21:17:05.167+0000] {dag.py:3036} INFO - Sync 1 DAGs
[2024-03-03T21:17:05.213+0000] {logging_mixin.py:188} INFO - [2024-03-03T21:17:05.213+0000] {dag.py:3823} INFO - Setting next_dagrun for example_skip_dag to 2024-03-02 00:00:00+00:00, run_after=2024-03-03 00:00:00+00:00
[2024-03-03T21:17:05.248+0000] {processor.py:183} INFO - Processing /home/airflow/.local/lib/python3.8/site-packages/airflow/example_dags/example_skip_dag.py took 0.132 seconds
[2024-03-03T21:17:35.941+0000] {processor.py:161} INFO - Started process (PID=1697) to work on /home/airflow/.local/lib/python3.8/site-packages/airflow/example_dags/example_skip_dag.py
[2024-03-03T21:17:35.942+0000] {processor.py:830} INFO - Processing file /home/airflow/.local/lib/python3.8/site-packages/airflow/example_dags/example_skip_dag.py for tasks to queue
[2024-03-03T21:17:35.944+0000] {logging_mixin.py:188} INFO - [2024-03-03T21:17:35.944+0000] {dagbag.py:538} INFO - Filling up the DagBag from /home/airflow/.local/lib/python3.8/site-packages/airflow/example_dags/example_skip_dag.py
[2024-03-03T21:17:35.952+0000] {processor.py:840} INFO - DAG(s) 'example_skip_dag' retrieved from /home/airflow/.local/lib/python3.8/site-packages/airflow/example_dags/example_skip_dag.py
[2024-03-03T21:17:35.980+0000] {logging_mixin.py:188} INFO - [2024-03-03T21:17:35.980+0000] {dag.py:3036} INFO - Sync 1 DAGs
[2024-03-03T21:17:36.009+0000] {logging_mixin.py:188} INFO - [2024-03-03T21:17:36.009+0000] {dag.py:3823} INFO - Setting next_dagrun for example_skip_dag to 2024-03-02 00:00:00+00:00, run_after=2024-03-03 00:00:00+00:00
[2024-03-03T21:17:36.036+0000] {processor.py:183} INFO - Processing /home/airflow/.local/lib/python3.8/site-packages/airflow/example_dags/example_skip_dag.py took 0.098 seconds
[2024-03-03T21:18:06.117+0000] {processor.py:161} INFO - Started process (PID=1752) to work on /home/airflow/.local/lib/python3.8/site-packages/airflow/example_dags/example_skip_dag.py
[2024-03-03T21:18:06.120+0000] {processor.py:830} INFO - Processing file /home/airflow/.local/lib/python3.8/site-packages/airflow/example_dags/example_skip_dag.py for tasks to queue
[2024-03-03T21:18:06.129+0000] {logging_mixin.py:188} INFO - [2024-03-03T21:18:06.128+0000] {dagbag.py:538} INFO - Filling up the DagBag from /home/airflow/.local/lib/python3.8/site-packages/airflow/example_dags/example_skip_dag.py
[2024-03-03T21:18:06.147+0000] {processor.py:840} INFO - DAG(s) 'example_skip_dag' retrieved from /home/airflow/.local/lib/python3.8/site-packages/airflow/example_dags/example_skip_dag.py
[2024-03-03T21:18:06.217+0000] {logging_mixin.py:188} INFO - [2024-03-03T21:18:06.216+0000] {dag.py:3036} INFO - Sync 1 DAGs
[2024-03-03T21:18:06.290+0000] {logging_mixin.py:188} INFO - [2024-03-03T21:18:06.290+0000] {dag.py:3823} INFO - Setting next_dagrun for example_skip_dag to 2024-03-02 00:00:00+00:00, run_after=2024-03-03 00:00:00+00:00
[2024-03-03T21:18:06.347+0000] {processor.py:183} INFO - Processing /home/airflow/.local/lib/python3.8/site-packages/airflow/example_dags/example_skip_dag.py took 0.236 seconds
[2024-03-03T21:18:37.136+0000] {processor.py:161} INFO - Started process (PID=1807) to work on /home/airflow/.local/lib/python3.8/site-packages/airflow/example_dags/example_skip_dag.py
[2024-03-03T21:18:37.137+0000] {processor.py:830} INFO - Processing file /home/airflow/.local/lib/python3.8/site-packages/airflow/example_dags/example_skip_dag.py for tasks to queue
[2024-03-03T21:18:37.139+0000] {logging_mixin.py:188} INFO - [2024-03-03T21:18:37.139+0000] {dagbag.py:538} INFO - Filling up the DagBag from /home/airflow/.local/lib/python3.8/site-packages/airflow/example_dags/example_skip_dag.py
[2024-03-03T21:18:37.148+0000] {processor.py:840} INFO - DAG(s) 'example_skip_dag' retrieved from /home/airflow/.local/lib/python3.8/site-packages/airflow/example_dags/example_skip_dag.py
[2024-03-03T21:18:37.178+0000] {logging_mixin.py:188} INFO - [2024-03-03T21:18:37.177+0000] {dag.py:3036} INFO - Sync 1 DAGs
[2024-03-03T21:18:37.208+0000] {logging_mixin.py:188} INFO - [2024-03-03T21:18:37.208+0000] {dag.py:3823} INFO - Setting next_dagrun for example_skip_dag to 2024-03-02 00:00:00+00:00, run_after=2024-03-03 00:00:00+00:00
[2024-03-03T21:18:37.236+0000] {processor.py:183} INFO - Processing /home/airflow/.local/lib/python3.8/site-packages/airflow/example_dags/example_skip_dag.py took 0.103 seconds
[2024-03-03T21:19:07.679+0000] {processor.py:161} INFO - Started process (PID=1862) to work on /home/airflow/.local/lib/python3.8/site-packages/airflow/example_dags/example_skip_dag.py
[2024-03-03T21:19:07.681+0000] {processor.py:830} INFO - Processing file /home/airflow/.local/lib/python3.8/site-packages/airflow/example_dags/example_skip_dag.py for tasks to queue
[2024-03-03T21:19:07.683+0000] {logging_mixin.py:188} INFO - [2024-03-03T21:19:07.683+0000] {dagbag.py:538} INFO - Filling up the DagBag from /home/airflow/.local/lib/python3.8/site-packages/airflow/example_dags/example_skip_dag.py
[2024-03-03T21:19:07.692+0000] {processor.py:840} INFO - DAG(s) 'example_skip_dag' retrieved from /home/airflow/.local/lib/python3.8/site-packages/airflow/example_dags/example_skip_dag.py
[2024-03-03T21:19:07.729+0000] {logging_mixin.py:188} INFO - [2024-03-03T21:19:07.729+0000] {dag.py:3036} INFO - Sync 1 DAGs
[2024-03-03T21:19:07.764+0000] {logging_mixin.py:188} INFO - [2024-03-03T21:19:07.763+0000] {dag.py:3823} INFO - Setting next_dagrun for example_skip_dag to 2024-03-02 00:00:00+00:00, run_after=2024-03-03 00:00:00+00:00
[2024-03-03T21:19:07.795+0000] {processor.py:183} INFO - Processing /home/airflow/.local/lib/python3.8/site-packages/airflow/example_dags/example_skip_dag.py took 0.120 seconds
[2024-03-03T21:19:37.912+0000] {processor.py:161} INFO - Started process (PID=1917) to work on /home/airflow/.local/lib/python3.8/site-packages/airflow/example_dags/example_skip_dag.py
[2024-03-03T21:19:37.914+0000] {processor.py:830} INFO - Processing file /home/airflow/.local/lib/python3.8/site-packages/airflow/example_dags/example_skip_dag.py for tasks to queue
[2024-03-03T21:19:37.918+0000] {logging_mixin.py:188} INFO - [2024-03-03T21:19:37.917+0000] {dagbag.py:538} INFO - Filling up the DagBag from /home/airflow/.local/lib/python3.8/site-packages/airflow/example_dags/example_skip_dag.py
[2024-03-03T21:19:37.928+0000] {processor.py:840} INFO - DAG(s) 'example_skip_dag' retrieved from /home/airflow/.local/lib/python3.8/site-packages/airflow/example_dags/example_skip_dag.py
[2024-03-03T21:19:37.967+0000] {logging_mixin.py:188} INFO - [2024-03-03T21:19:37.966+0000] {dag.py:3036} INFO - Sync 1 DAGs
[2024-03-03T21:19:38.009+0000] {logging_mixin.py:188} INFO - [2024-03-03T21:19:38.009+0000] {dag.py:3823} INFO - Setting next_dagrun for example_skip_dag to 2024-03-02 00:00:00+00:00, run_after=2024-03-03 00:00:00+00:00
[2024-03-03T21:19:38.049+0000] {processor.py:183} INFO - Processing /home/airflow/.local/lib/python3.8/site-packages/airflow/example_dags/example_skip_dag.py took 0.144 seconds
[2024-03-03T21:20:08.094+0000] {processor.py:161} INFO - Started process (PID=1971) to work on /home/airflow/.local/lib/python3.8/site-packages/airflow/example_dags/example_skip_dag.py
[2024-03-03T21:20:08.096+0000] {processor.py:830} INFO - Processing file /home/airflow/.local/lib/python3.8/site-packages/airflow/example_dags/example_skip_dag.py for tasks to queue
[2024-03-03T21:20:08.098+0000] {logging_mixin.py:188} INFO - [2024-03-03T21:20:08.098+0000] {dagbag.py:538} INFO - Filling up the DagBag from /home/airflow/.local/lib/python3.8/site-packages/airflow/example_dags/example_skip_dag.py
[2024-03-03T21:20:08.105+0000] {processor.py:840} INFO - DAG(s) 'example_skip_dag' retrieved from /home/airflow/.local/lib/python3.8/site-packages/airflow/example_dags/example_skip_dag.py
[2024-03-03T21:20:08.126+0000] {logging_mixin.py:188} INFO - [2024-03-03T21:20:08.125+0000] {dag.py:3036} INFO - Sync 1 DAGs
[2024-03-03T21:20:08.149+0000] {logging_mixin.py:188} INFO - [2024-03-03T21:20:08.149+0000] {dag.py:3823} INFO - Setting next_dagrun for example_skip_dag to 2024-03-02 00:00:00+00:00, run_after=2024-03-03 00:00:00+00:00
[2024-03-03T21:20:08.177+0000] {processor.py:183} INFO - Processing /home/airflow/.local/lib/python3.8/site-packages/airflow/example_dags/example_skip_dag.py took 0.085 seconds
[2024-03-03T21:20:38.833+0000] {processor.py:161} INFO - Started process (PID=2027) to work on /home/airflow/.local/lib/python3.8/site-packages/airflow/example_dags/example_skip_dag.py
[2024-03-03T21:20:38.834+0000] {processor.py:830} INFO - Processing file /home/airflow/.local/lib/python3.8/site-packages/airflow/example_dags/example_skip_dag.py for tasks to queue
[2024-03-03T21:20:38.836+0000] {logging_mixin.py:188} INFO - [2024-03-03T21:20:38.836+0000] {dagbag.py:538} INFO - Filling up the DagBag from /home/airflow/.local/lib/python3.8/site-packages/airflow/example_dags/example_skip_dag.py
[2024-03-03T21:20:38.842+0000] {processor.py:840} INFO - DAG(s) 'example_skip_dag' retrieved from /home/airflow/.local/lib/python3.8/site-packages/airflow/example_dags/example_skip_dag.py
[2024-03-03T21:20:38.864+0000] {logging_mixin.py:188} INFO - [2024-03-03T21:20:38.863+0000] {dag.py:3036} INFO - Sync 1 DAGs
[2024-03-03T21:20:38.887+0000] {logging_mixin.py:188} INFO - [2024-03-03T21:20:38.887+0000] {dag.py:3823} INFO - Setting next_dagrun for example_skip_dag to 2024-03-02 00:00:00+00:00, run_after=2024-03-03 00:00:00+00:00
[2024-03-03T21:20:38.918+0000] {processor.py:183} INFO - Processing /home/airflow/.local/lib/python3.8/site-packages/airflow/example_dags/example_skip_dag.py took 0.088 seconds
[2024-03-03T21:21:09.608+0000] {processor.py:161} INFO - Started process (PID=2082) to work on /home/airflow/.local/lib/python3.8/site-packages/airflow/example_dags/example_skip_dag.py
[2024-03-03T21:21:09.609+0000] {processor.py:830} INFO - Processing file /home/airflow/.local/lib/python3.8/site-packages/airflow/example_dags/example_skip_dag.py for tasks to queue
[2024-03-03T21:21:09.611+0000] {logging_mixin.py:188} INFO - [2024-03-03T21:21:09.610+0000] {dagbag.py:538} INFO - Filling up the DagBag from /home/airflow/.local/lib/python3.8/site-packages/airflow/example_dags/example_skip_dag.py
[2024-03-03T21:21:09.616+0000] {processor.py:840} INFO - DAG(s) 'example_skip_dag' retrieved from /home/airflow/.local/lib/python3.8/site-packages/airflow/example_dags/example_skip_dag.py
[2024-03-03T21:21:09.637+0000] {logging_mixin.py:188} INFO - [2024-03-03T21:21:09.637+0000] {dag.py:3036} INFO - Sync 1 DAGs
[2024-03-03T21:21:09.660+0000] {logging_mixin.py:188} INFO - [2024-03-03T21:21:09.660+0000] {dag.py:3823} INFO - Setting next_dagrun for example_skip_dag to 2024-03-02 00:00:00+00:00, run_after=2024-03-03 00:00:00+00:00
[2024-03-03T21:21:09.684+0000] {processor.py:183} INFO - Processing /home/airflow/.local/lib/python3.8/site-packages/airflow/example_dags/example_skip_dag.py took 0.078 seconds
[2024-03-03T21:21:40.378+0000] {processor.py:161} INFO - Started process (PID=2137) to work on /home/airflow/.local/lib/python3.8/site-packages/airflow/example_dags/example_skip_dag.py
[2024-03-03T21:21:40.381+0000] {processor.py:830} INFO - Processing file /home/airflow/.local/lib/python3.8/site-packages/airflow/example_dags/example_skip_dag.py for tasks to queue
[2024-03-03T21:21:40.388+0000] {logging_mixin.py:188} INFO - [2024-03-03T21:21:40.387+0000] {dagbag.py:538} INFO - Filling up the DagBag from /home/airflow/.local/lib/python3.8/site-packages/airflow/example_dags/example_skip_dag.py
[2024-03-03T21:21:40.404+0000] {processor.py:840} INFO - DAG(s) 'example_skip_dag' retrieved from /home/airflow/.local/lib/python3.8/site-packages/airflow/example_dags/example_skip_dag.py
[2024-03-03T21:21:40.453+0000] {logging_mixin.py:188} INFO - [2024-03-03T21:21:40.453+0000] {dag.py:3036} INFO - Sync 1 DAGs
[2024-03-03T21:21:40.506+0000] {logging_mixin.py:188} INFO - [2024-03-03T21:21:40.505+0000] {dag.py:3823} INFO - Setting next_dagrun for example_skip_dag to 2024-03-02 00:00:00+00:00, run_after=2024-03-03 00:00:00+00:00
[2024-03-03T21:21:40.550+0000] {processor.py:183} INFO - Processing /home/airflow/.local/lib/python3.8/site-packages/airflow/example_dags/example_skip_dag.py took 0.180 seconds
[2024-03-03T21:22:11.204+0000] {processor.py:161} INFO - Started process (PID=2192) to work on /home/airflow/.local/lib/python3.8/site-packages/airflow/example_dags/example_skip_dag.py
[2024-03-03T21:22:11.206+0000] {processor.py:830} INFO - Processing file /home/airflow/.local/lib/python3.8/site-packages/airflow/example_dags/example_skip_dag.py for tasks to queue
[2024-03-03T21:22:11.209+0000] {logging_mixin.py:188} INFO - [2024-03-03T21:22:11.208+0000] {dagbag.py:538} INFO - Filling up the DagBag from /home/airflow/.local/lib/python3.8/site-packages/airflow/example_dags/example_skip_dag.py
[2024-03-03T21:22:11.222+0000] {processor.py:840} INFO - DAG(s) 'example_skip_dag' retrieved from /home/airflow/.local/lib/python3.8/site-packages/airflow/example_dags/example_skip_dag.py
[2024-03-03T21:22:11.252+0000] {logging_mixin.py:188} INFO - [2024-03-03T21:22:11.252+0000] {dag.py:3036} INFO - Sync 1 DAGs
[2024-03-03T21:22:11.284+0000] {logging_mixin.py:188} INFO - [2024-03-03T21:22:11.284+0000] {dag.py:3823} INFO - Setting next_dagrun for example_skip_dag to 2024-03-02 00:00:00+00:00, run_after=2024-03-03 00:00:00+00:00
[2024-03-03T21:22:11.309+0000] {processor.py:183} INFO - Processing /home/airflow/.local/lib/python3.8/site-packages/airflow/example_dags/example_skip_dag.py took 0.109 seconds
