[2024-03-03T20:00:40.442+0000] {processor.py:161} INFO - Started process (PID=88) to work on /home/airflow/.local/lib/python3.8/site-packages/airflow/example_dags/example_branch_operator.py
[2024-03-03T20:00:40.447+0000] {processor.py:830} INFO - Processing file /home/airflow/.local/lib/python3.8/site-packages/airflow/example_dags/example_branch_operator.py for tasks to queue
[2024-03-03T20:00:40.451+0000] {logging_mixin.py:188} INFO - [2024-03-03T20:00:40.450+0000] {dagbag.py:538} INFO - Filling up the DagBag from /home/airflow/.local/lib/python3.8/site-packages/airflow/example_dags/example_branch_operator.py
[2024-03-03T20:00:40.537+0000] {processor.py:840} INFO - DAG(s) 'example_branch_operator' retrieved from /home/airflow/.local/lib/python3.8/site-packages/airflow/example_dags/example_branch_operator.py
[2024-03-03T20:00:40.976+0000] {logging_mixin.py:188} INFO - [2024-03-03T20:00:40.975+0000] {override.py:1769} INFO - Created Permission View: can delete on DAG:example_branch_operator
[2024-03-03T20:00:41.030+0000] {logging_mixin.py:188} INFO - [2024-03-03T20:00:41.029+0000] {override.py:1769} INFO - Created Permission View: can edit on DAG:example_branch_operator
[2024-03-03T20:00:41.071+0000] {logging_mixin.py:188} INFO - [2024-03-03T20:00:41.070+0000] {override.py:1769} INFO - Created Permission View: can read on DAG:example_branch_operator
[2024-03-03T20:00:41.076+0000] {logging_mixin.py:188} INFO - [2024-03-03T20:00:41.075+0000] {dag.py:3036} INFO - Sync 1 DAGs
[2024-03-03T20:00:41.115+0000] {logging_mixin.py:188} INFO - [2024-03-03T20:00:41.115+0000] {dag.py:3058} INFO - Creating ORM DAG for example_branch_operator
[2024-03-03T20:00:41.170+0000] {logging_mixin.py:188} INFO - [2024-03-03T20:00:41.164+0000] {dag.py:3823} INFO - Setting next_dagrun for example_branch_operator to 2024-03-02 00:00:00+00:00, run_after=2024-03-03 00:00:00+00:00
[2024-03-03T20:00:41.322+0000] {processor.py:183} INFO - Processing /home/airflow/.local/lib/python3.8/site-packages/airflow/example_dags/example_branch_operator.py took 0.898 seconds
[2024-03-03T20:01:12.103+0000] {processor.py:161} INFO - Started process (PID=144) to work on /home/airflow/.local/lib/python3.8/site-packages/airflow/example_dags/example_branch_operator.py
[2024-03-03T20:01:12.107+0000] {processor.py:830} INFO - Processing file /home/airflow/.local/lib/python3.8/site-packages/airflow/example_dags/example_branch_operator.py for tasks to queue
[2024-03-03T20:01:12.110+0000] {logging_mixin.py:188} INFO - [2024-03-03T20:01:12.109+0000] {dagbag.py:538} INFO - Filling up the DagBag from /home/airflow/.local/lib/python3.8/site-packages/airflow/example_dags/example_branch_operator.py
[2024-03-03T20:01:12.224+0000] {processor.py:840} INFO - DAG(s) 'example_branch_operator' retrieved from /home/airflow/.local/lib/python3.8/site-packages/airflow/example_dags/example_branch_operator.py
[2024-03-03T20:05:13.526+0000] {processor.py:161} INFO - Started process (PID=199) to work on /home/airflow/.local/lib/python3.8/site-packages/airflow/example_dags/example_branch_operator.py
[2024-03-03T20:05:13.527+0000] {processor.py:830} INFO - Processing file /home/airflow/.local/lib/python3.8/site-packages/airflow/example_dags/example_branch_operator.py for tasks to queue
[2024-03-03T20:05:13.529+0000] {logging_mixin.py:188} INFO - [2024-03-03T20:05:13.529+0000] {dagbag.py:538} INFO - Filling up the DagBag from /home/airflow/.local/lib/python3.8/site-packages/airflow/example_dags/example_branch_operator.py
[2024-03-03T20:05:13.556+0000] {processor.py:840} INFO - DAG(s) 'example_branch_operator' retrieved from /home/airflow/.local/lib/python3.8/site-packages/airflow/example_dags/example_branch_operator.py
[2024-03-03T20:05:13.710+0000] {logging_mixin.py:188} INFO - [2024-03-03T20:05:13.709+0000] {dag.py:3036} INFO - Sync 1 DAGs
[2024-03-03T20:05:13.745+0000] {logging_mixin.py:188} INFO - [2024-03-03T20:05:13.745+0000] {dag.py:3823} INFO - Setting next_dagrun for example_branch_operator to 2024-03-02 00:00:00+00:00, run_after=2024-03-03 00:00:00+00:00
[2024-03-03T20:05:13.793+0000] {processor.py:183} INFO - Processing /home/airflow/.local/lib/python3.8/site-packages/airflow/example_dags/example_branch_operator.py took 0.271 seconds
[2024-03-03T20:08:14.395+0000] {processor.py:161} INFO - Started process (PID=239) to work on /home/airflow/.local/lib/python3.8/site-packages/airflow/example_dags/example_branch_operator.py
[2024-03-03T20:08:14.398+0000] {processor.py:830} INFO - Processing file /home/airflow/.local/lib/python3.8/site-packages/airflow/example_dags/example_branch_operator.py for tasks to queue
[2024-03-03T20:08:14.402+0000] {logging_mixin.py:188} INFO - [2024-03-03T20:08:14.401+0000] {dagbag.py:538} INFO - Filling up the DagBag from /home/airflow/.local/lib/python3.8/site-packages/airflow/example_dags/example_branch_operator.py
[2024-03-03T20:08:14.440+0000] {processor.py:840} INFO - DAG(s) 'example_branch_operator' retrieved from /home/airflow/.local/lib/python3.8/site-packages/airflow/example_dags/example_branch_operator.py
[2024-03-03T20:08:14.513+0000] {logging_mixin.py:188} INFO - [2024-03-03T20:08:14.513+0000] {dag.py:3036} INFO - Sync 1 DAGs
[2024-03-03T20:08:14.569+0000] {logging_mixin.py:188} INFO - [2024-03-03T20:08:14.568+0000] {dag.py:3823} INFO - Setting next_dagrun for example_branch_operator to 2024-03-02 00:00:00+00:00, run_after=2024-03-03 00:00:00+00:00
[2024-03-03T20:08:14.626+0000] {processor.py:183} INFO - Processing /home/airflow/.local/lib/python3.8/site-packages/airflow/example_dags/example_branch_operator.py took 0.238 seconds
[2024-03-03T20:11:29.802+0000] {processor.py:161} INFO - Started process (PID=305) to work on /home/airflow/.local/lib/python3.8/site-packages/airflow/example_dags/example_branch_operator.py
[2024-03-03T20:11:29.803+0000] {processor.py:830} INFO - Processing file /home/airflow/.local/lib/python3.8/site-packages/airflow/example_dags/example_branch_operator.py for tasks to queue
[2024-03-03T20:11:29.805+0000] {logging_mixin.py:188} INFO - [2024-03-03T20:11:29.804+0000] {dagbag.py:538} INFO - Filling up the DagBag from /home/airflow/.local/lib/python3.8/site-packages/airflow/example_dags/example_branch_operator.py
[2024-03-03T20:11:29.922+0000] {processor.py:840} INFO - DAG(s) 'example_branch_operator' retrieved from /home/airflow/.local/lib/python3.8/site-packages/airflow/example_dags/example_branch_operator.py
[2024-03-03T20:11:30.039+0000] {logging_mixin.py:188} INFO - [2024-03-03T20:11:30.038+0000] {dag.py:3036} INFO - Sync 1 DAGs
[2024-03-03T20:11:30.111+0000] {logging_mixin.py:188} INFO - [2024-03-03T20:11:30.110+0000] {dag.py:3823} INFO - Setting next_dagrun for example_branch_operator to 2024-03-02 00:00:00+00:00, run_after=2024-03-03 00:00:00+00:00
[2024-03-03T20:11:30.169+0000] {processor.py:183} INFO - Processing /home/airflow/.local/lib/python3.8/site-packages/airflow/example_dags/example_branch_operator.py took 0.372 seconds
[2024-03-03T20:12:00.974+0000] {processor.py:161} INFO - Started process (PID=360) to work on /home/airflow/.local/lib/python3.8/site-packages/airflow/example_dags/example_branch_operator.py
[2024-03-03T20:12:00.979+0000] {processor.py:830} INFO - Processing file /home/airflow/.local/lib/python3.8/site-packages/airflow/example_dags/example_branch_operator.py for tasks to queue
[2024-03-03T20:12:01.003+0000] {logging_mixin.py:188} INFO - [2024-03-03T20:12:00.989+0000] {dagbag.py:538} INFO - Filling up the DagBag from /home/airflow/.local/lib/python3.8/site-packages/airflow/example_dags/example_branch_operator.py
[2024-03-03T20:12:01.192+0000] {processor.py:840} INFO - DAG(s) 'example_branch_operator' retrieved from /home/airflow/.local/lib/python3.8/site-packages/airflow/example_dags/example_branch_operator.py
[2024-03-03T20:12:01.269+0000] {logging_mixin.py:188} INFO - [2024-03-03T20:12:01.269+0000] {dag.py:3036} INFO - Sync 1 DAGs
[2024-03-03T20:12:01.325+0000] {logging_mixin.py:188} INFO - [2024-03-03T20:12:01.324+0000] {dag.py:3823} INFO - Setting next_dagrun for example_branch_operator to 2024-03-02 00:00:00+00:00, run_after=2024-03-03 00:00:00+00:00
[2024-03-03T20:12:01.378+0000] {processor.py:183} INFO - Processing /home/airflow/.local/lib/python3.8/site-packages/airflow/example_dags/example_branch_operator.py took 0.432 seconds
[2024-03-03T20:13:53.555+0000] {processor.py:161} INFO - Started process (PID=397) to work on /home/airflow/.local/lib/python3.8/site-packages/airflow/example_dags/example_branch_operator.py
[2024-03-03T20:13:53.558+0000] {processor.py:830} INFO - Processing file /home/airflow/.local/lib/python3.8/site-packages/airflow/example_dags/example_branch_operator.py for tasks to queue
[2024-03-03T20:13:53.560+0000] {logging_mixin.py:188} INFO - [2024-03-03T20:13:53.560+0000] {dagbag.py:538} INFO - Filling up the DagBag from /home/airflow/.local/lib/python3.8/site-packages/airflow/example_dags/example_branch_operator.py
[2024-03-03T20:13:53.605+0000] {processor.py:840} INFO - DAG(s) 'example_branch_operator' retrieved from /home/airflow/.local/lib/python3.8/site-packages/airflow/example_dags/example_branch_operator.py
[2024-03-03T20:13:53.678+0000] {logging_mixin.py:188} INFO - [2024-03-03T20:13:53.677+0000] {dag.py:3036} INFO - Sync 1 DAGs
[2024-03-03T20:13:53.732+0000] {logging_mixin.py:188} INFO - [2024-03-03T20:13:53.732+0000] {dag.py:3823} INFO - Setting next_dagrun for example_branch_operator to 2024-03-02 00:00:00+00:00, run_after=2024-03-03 00:00:00+00:00
[2024-03-03T20:13:53.785+0000] {processor.py:183} INFO - Processing /home/airflow/.local/lib/python3.8/site-packages/airflow/example_dags/example_branch_operator.py took 0.235 seconds
[2024-03-03T20:14:24.553+0000] {processor.py:161} INFO - Started process (PID=451) to work on /home/airflow/.local/lib/python3.8/site-packages/airflow/example_dags/example_branch_operator.py
[2024-03-03T20:14:24.556+0000] {processor.py:830} INFO - Processing file /home/airflow/.local/lib/python3.8/site-packages/airflow/example_dags/example_branch_operator.py for tasks to queue
[2024-03-03T20:14:24.565+0000] {logging_mixin.py:188} INFO - [2024-03-03T20:14:24.562+0000] {dagbag.py:538} INFO - Filling up the DagBag from /home/airflow/.local/lib/python3.8/site-packages/airflow/example_dags/example_branch_operator.py
[2024-03-03T20:14:24.630+0000] {processor.py:840} INFO - DAG(s) 'example_branch_operator' retrieved from /home/airflow/.local/lib/python3.8/site-packages/airflow/example_dags/example_branch_operator.py
[2024-03-03T20:14:24.726+0000] {logging_mixin.py:188} INFO - [2024-03-03T20:14:24.725+0000] {dag.py:3036} INFO - Sync 1 DAGs
[2024-03-03T20:14:24.815+0000] {logging_mixin.py:188} INFO - [2024-03-03T20:14:24.814+0000] {dag.py:3823} INFO - Setting next_dagrun for example_branch_operator to 2024-03-02 00:00:00+00:00, run_after=2024-03-03 00:00:00+00:00
[2024-03-03T20:14:24.878+0000] {processor.py:183} INFO - Processing /home/airflow/.local/lib/python3.8/site-packages/airflow/example_dags/example_branch_operator.py took 0.337 seconds
[2024-03-03T20:14:59.352+0000] {processor.py:161} INFO - Started process (PID=507) to work on /home/airflow/.local/lib/python3.8/site-packages/airflow/example_dags/example_branch_operator.py
[2024-03-03T20:14:59.354+0000] {processor.py:830} INFO - Processing file /home/airflow/.local/lib/python3.8/site-packages/airflow/example_dags/example_branch_operator.py for tasks to queue
[2024-03-03T20:14:59.357+0000] {logging_mixin.py:188} INFO - [2024-03-03T20:14:59.356+0000] {dagbag.py:538} INFO - Filling up the DagBag from /home/airflow/.local/lib/python3.8/site-packages/airflow/example_dags/example_branch_operator.py
[2024-03-03T20:14:59.414+0000] {processor.py:840} INFO - DAG(s) 'example_branch_operator' retrieved from /home/airflow/.local/lib/python3.8/site-packages/airflow/example_dags/example_branch_operator.py
[2024-03-03T20:14:59.477+0000] {logging_mixin.py:188} INFO - [2024-03-03T20:14:59.476+0000] {dag.py:3036} INFO - Sync 1 DAGs
[2024-03-03T20:14:59.525+0000] {logging_mixin.py:188} INFO - [2024-03-03T20:14:59.524+0000] {dag.py:3823} INFO - Setting next_dagrun for example_branch_operator to 2024-03-02 00:00:00+00:00, run_after=2024-03-03 00:00:00+00:00
[2024-03-03T20:14:59.574+0000] {processor.py:183} INFO - Processing /home/airflow/.local/lib/python3.8/site-packages/airflow/example_dags/example_branch_operator.py took 0.231 seconds
[2024-03-03T20:15:30.304+0000] {processor.py:161} INFO - Started process (PID=562) to work on /home/airflow/.local/lib/python3.8/site-packages/airflow/example_dags/example_branch_operator.py
[2024-03-03T20:15:30.308+0000] {processor.py:830} INFO - Processing file /home/airflow/.local/lib/python3.8/site-packages/airflow/example_dags/example_branch_operator.py for tasks to queue
[2024-03-03T20:15:30.311+0000] {logging_mixin.py:188} INFO - [2024-03-03T20:15:30.310+0000] {dagbag.py:538} INFO - Filling up the DagBag from /home/airflow/.local/lib/python3.8/site-packages/airflow/example_dags/example_branch_operator.py
[2024-03-03T20:15:30.385+0000] {processor.py:840} INFO - DAG(s) 'example_branch_operator' retrieved from /home/airflow/.local/lib/python3.8/site-packages/airflow/example_dags/example_branch_operator.py
[2024-03-03T20:15:30.471+0000] {logging_mixin.py:188} INFO - [2024-03-03T20:15:30.470+0000] {dag.py:3036} INFO - Sync 1 DAGs
[2024-03-03T20:15:30.533+0000] {logging_mixin.py:188} INFO - [2024-03-03T20:15:30.532+0000] {dag.py:3823} INFO - Setting next_dagrun for example_branch_operator to 2024-03-02 00:00:00+00:00, run_after=2024-03-03 00:00:00+00:00
[2024-03-03T20:15:30.599+0000] {processor.py:183} INFO - Processing /home/airflow/.local/lib/python3.8/site-packages/airflow/example_dags/example_branch_operator.py took 0.304 seconds
[2024-03-03T20:16:01.084+0000] {processor.py:161} INFO - Started process (PID=617) to work on /home/airflow/.local/lib/python3.8/site-packages/airflow/example_dags/example_branch_operator.py
[2024-03-03T20:16:01.085+0000] {processor.py:830} INFO - Processing file /home/airflow/.local/lib/python3.8/site-packages/airflow/example_dags/example_branch_operator.py for tasks to queue
[2024-03-03T20:16:01.086+0000] {logging_mixin.py:188} INFO - [2024-03-03T20:16:01.086+0000] {dagbag.py:538} INFO - Filling up the DagBag from /home/airflow/.local/lib/python3.8/site-packages/airflow/example_dags/example_branch_operator.py
[2024-03-03T20:16:01.102+0000] {processor.py:840} INFO - DAG(s) 'example_branch_operator' retrieved from /home/airflow/.local/lib/python3.8/site-packages/airflow/example_dags/example_branch_operator.py
[2024-03-03T20:16:01.128+0000] {logging_mixin.py:188} INFO - [2024-03-03T20:16:01.128+0000] {dag.py:3036} INFO - Sync 1 DAGs
[2024-03-03T20:16:01.149+0000] {logging_mixin.py:188} INFO - [2024-03-03T20:16:01.149+0000] {dag.py:3823} INFO - Setting next_dagrun for example_branch_operator to 2024-03-02 00:00:00+00:00, run_after=2024-03-03 00:00:00+00:00
[2024-03-03T20:16:01.169+0000] {processor.py:183} INFO - Processing /home/airflow/.local/lib/python3.8/site-packages/airflow/example_dags/example_branch_operator.py took 0.088 seconds
[2024-03-03T20:16:31.811+0000] {processor.py:161} INFO - Started process (PID=672) to work on /home/airflow/.local/lib/python3.8/site-packages/airflow/example_dags/example_branch_operator.py
[2024-03-03T20:16:31.813+0000] {processor.py:830} INFO - Processing file /home/airflow/.local/lib/python3.8/site-packages/airflow/example_dags/example_branch_operator.py for tasks to queue
[2024-03-03T20:16:31.814+0000] {logging_mixin.py:188} INFO - [2024-03-03T20:16:31.814+0000] {dagbag.py:538} INFO - Filling up the DagBag from /home/airflow/.local/lib/python3.8/site-packages/airflow/example_dags/example_branch_operator.py
[2024-03-03T20:16:31.834+0000] {processor.py:840} INFO - DAG(s) 'example_branch_operator' retrieved from /home/airflow/.local/lib/python3.8/site-packages/airflow/example_dags/example_branch_operator.py
[2024-03-03T20:16:31.862+0000] {logging_mixin.py:188} INFO - [2024-03-03T20:16:31.862+0000] {dag.py:3036} INFO - Sync 1 DAGs
[2024-03-03T20:16:31.883+0000] {logging_mixin.py:188} INFO - [2024-03-03T20:16:31.882+0000] {dag.py:3823} INFO - Setting next_dagrun for example_branch_operator to 2024-03-02 00:00:00+00:00, run_after=2024-03-03 00:00:00+00:00
[2024-03-03T20:16:31.902+0000] {processor.py:183} INFO - Processing /home/airflow/.local/lib/python3.8/site-packages/airflow/example_dags/example_branch_operator.py took 0.095 seconds
[2024-03-03T20:17:02.233+0000] {processor.py:161} INFO - Started process (PID=727) to work on /home/airflow/.local/lib/python3.8/site-packages/airflow/example_dags/example_branch_operator.py
[2024-03-03T20:17:02.234+0000] {processor.py:830} INFO - Processing file /home/airflow/.local/lib/python3.8/site-packages/airflow/example_dags/example_branch_operator.py for tasks to queue
[2024-03-03T20:17:02.235+0000] {logging_mixin.py:188} INFO - [2024-03-03T20:17:02.235+0000] {dagbag.py:538} INFO - Filling up the DagBag from /home/airflow/.local/lib/python3.8/site-packages/airflow/example_dags/example_branch_operator.py
[2024-03-03T20:17:02.256+0000] {processor.py:840} INFO - DAG(s) 'example_branch_operator' retrieved from /home/airflow/.local/lib/python3.8/site-packages/airflow/example_dags/example_branch_operator.py
[2024-03-03T20:17:02.284+0000] {logging_mixin.py:188} INFO - [2024-03-03T20:17:02.284+0000] {dag.py:3036} INFO - Sync 1 DAGs
[2024-03-03T20:17:02.304+0000] {logging_mixin.py:188} INFO - [2024-03-03T20:17:02.304+0000] {dag.py:3823} INFO - Setting next_dagrun for example_branch_operator to 2024-03-02 00:00:00+00:00, run_after=2024-03-03 00:00:00+00:00
[2024-03-03T20:17:02.323+0000] {processor.py:183} INFO - Processing /home/airflow/.local/lib/python3.8/site-packages/airflow/example_dags/example_branch_operator.py took 0.093 seconds
[2024-03-03T20:18:56.287+0000] {processor.py:161} INFO - Started process (PID=779) to work on /home/airflow/.local/lib/python3.8/site-packages/airflow/example_dags/example_branch_operator.py
[2024-03-03T20:18:56.290+0000] {processor.py:830} INFO - Processing file /home/airflow/.local/lib/python3.8/site-packages/airflow/example_dags/example_branch_operator.py for tasks to queue
[2024-03-03T20:18:56.292+0000] {logging_mixin.py:188} INFO - [2024-03-03T20:18:56.291+0000] {dagbag.py:538} INFO - Filling up the DagBag from /home/airflow/.local/lib/python3.8/site-packages/airflow/example_dags/example_branch_operator.py
[2024-03-03T20:18:56.333+0000] {processor.py:840} INFO - DAG(s) 'example_branch_operator' retrieved from /home/airflow/.local/lib/python3.8/site-packages/airflow/example_dags/example_branch_operator.py
[2024-03-03T20:18:56.394+0000] {logging_mixin.py:188} INFO - [2024-03-03T20:18:56.393+0000] {dag.py:3036} INFO - Sync 1 DAGs
[2024-03-03T20:18:56.435+0000] {logging_mixin.py:188} INFO - [2024-03-03T20:18:56.434+0000] {dag.py:3823} INFO - Setting next_dagrun for example_branch_operator to 2024-03-02 00:00:00+00:00, run_after=2024-03-03 00:00:00+00:00
[2024-03-03T20:18:56.478+0000] {processor.py:183} INFO - Processing /home/airflow/.local/lib/python3.8/site-packages/airflow/example_dags/example_branch_operator.py took 0.197 seconds
[2024-03-03T20:19:27.550+0000] {processor.py:161} INFO - Started process (PID=835) to work on /home/airflow/.local/lib/python3.8/site-packages/airflow/example_dags/example_branch_operator.py
[2024-03-03T20:19:27.552+0000] {processor.py:830} INFO - Processing file /home/airflow/.local/lib/python3.8/site-packages/airflow/example_dags/example_branch_operator.py for tasks to queue
[2024-03-03T20:19:27.554+0000] {logging_mixin.py:188} INFO - [2024-03-03T20:19:27.554+0000] {dagbag.py:538} INFO - Filling up the DagBag from /home/airflow/.local/lib/python3.8/site-packages/airflow/example_dags/example_branch_operator.py
[2024-03-03T20:19:27.592+0000] {processor.py:840} INFO - DAG(s) 'example_branch_operator' retrieved from /home/airflow/.local/lib/python3.8/site-packages/airflow/example_dags/example_branch_operator.py
[2024-03-03T20:19:27.668+0000] {logging_mixin.py:188} INFO - [2024-03-03T20:19:27.667+0000] {dag.py:3036} INFO - Sync 1 DAGs
[2024-03-03T20:19:27.727+0000] {logging_mixin.py:188} INFO - [2024-03-03T20:19:27.727+0000] {dag.py:3823} INFO - Setting next_dagrun for example_branch_operator to 2024-03-02 00:00:00+00:00, run_after=2024-03-03 00:00:00+00:00
[2024-03-03T20:19:27.783+0000] {processor.py:183} INFO - Processing /home/airflow/.local/lib/python3.8/site-packages/airflow/example_dags/example_branch_operator.py took 0.239 seconds
[2024-03-03T20:20:58.002+0000] {processor.py:161} INFO - Started process (PID=877) to work on /home/airflow/.local/lib/python3.8/site-packages/airflow/example_dags/example_branch_operator.py
[2024-03-03T20:20:58.005+0000] {processor.py:830} INFO - Processing file /home/airflow/.local/lib/python3.8/site-packages/airflow/example_dags/example_branch_operator.py for tasks to queue
[2024-03-03T20:20:58.008+0000] {logging_mixin.py:188} INFO - [2024-03-03T20:20:58.007+0000] {dagbag.py:538} INFO - Filling up the DagBag from /home/airflow/.local/lib/python3.8/site-packages/airflow/example_dags/example_branch_operator.py
[2024-03-03T20:20:58.058+0000] {processor.py:840} INFO - DAG(s) 'example_branch_operator' retrieved from /home/airflow/.local/lib/python3.8/site-packages/airflow/example_dags/example_branch_operator.py
[2024-03-03T20:20:58.138+0000] {logging_mixin.py:188} INFO - [2024-03-03T20:20:58.138+0000] {dag.py:3036} INFO - Sync 1 DAGs
[2024-03-03T20:20:58.209+0000] {logging_mixin.py:188} INFO - [2024-03-03T20:20:58.208+0000] {dag.py:3823} INFO - Setting next_dagrun for example_branch_operator to 2024-03-02 00:00:00+00:00, run_after=2024-03-03 00:00:00+00:00
[2024-03-03T20:20:58.272+0000] {processor.py:183} INFO - Processing /home/airflow/.local/lib/python3.8/site-packages/airflow/example_dags/example_branch_operator.py took 0.277 seconds
[2024-03-03T20:24:17.904+0000] {processor.py:161} INFO - Started process (PID=948) to work on /home/airflow/.local/lib/python3.8/site-packages/airflow/example_dags/example_branch_operator.py
[2024-03-03T20:24:17.911+0000] {processor.py:830} INFO - Processing file /home/airflow/.local/lib/python3.8/site-packages/airflow/example_dags/example_branch_operator.py for tasks to queue
[2024-03-03T20:24:17.917+0000] {logging_mixin.py:188} INFO - [2024-03-03T20:24:17.916+0000] {dagbag.py:538} INFO - Filling up the DagBag from /home/airflow/.local/lib/python3.8/site-packages/airflow/example_dags/example_branch_operator.py
[2024-03-03T20:24:17.999+0000] {processor.py:840} INFO - DAG(s) 'example_branch_operator' retrieved from /home/airflow/.local/lib/python3.8/site-packages/airflow/example_dags/example_branch_operator.py
[2024-03-03T20:24:18.085+0000] {logging_mixin.py:188} INFO - [2024-03-03T20:24:18.082+0000] {dag.py:3036} INFO - Sync 1 DAGs
[2024-03-03T20:24:18.195+0000] {logging_mixin.py:188} INFO - [2024-03-03T20:24:18.194+0000] {dag.py:3823} INFO - Setting next_dagrun for example_branch_operator to 2024-03-02 00:00:00+00:00, run_after=2024-03-03 00:00:00+00:00
[2024-03-03T20:24:18.301+0000] {processor.py:183} INFO - Processing /home/airflow/.local/lib/python3.8/site-packages/airflow/example_dags/example_branch_operator.py took 0.408 seconds
[2024-03-03T20:29:42.069+0000] {processor.py:161} INFO - Started process (PID=64) to work on /home/airflow/.local/lib/python3.8/site-packages/airflow/example_dags/example_branch_operator.py
[2024-03-03T20:29:42.071+0000] {processor.py:830} INFO - Processing file /home/airflow/.local/lib/python3.8/site-packages/airflow/example_dags/example_branch_operator.py for tasks to queue
[2024-03-03T20:29:42.076+0000] {logging_mixin.py:188} INFO - [2024-03-03T20:29:42.075+0000] {dagbag.py:538} INFO - Filling up the DagBag from /home/airflow/.local/lib/python3.8/site-packages/airflow/example_dags/example_branch_operator.py
[2024-03-03T20:29:42.139+0000] {processor.py:840} INFO - DAG(s) 'example_branch_operator' retrieved from /home/airflow/.local/lib/python3.8/site-packages/airflow/example_dags/example_branch_operator.py
[2024-03-03T20:29:42.551+0000] {logging_mixin.py:188} INFO - [2024-03-03T20:29:42.550+0000] {dag.py:3036} INFO - Sync 1 DAGs
[2024-03-03T20:29:42.609+0000] {logging_mixin.py:188} INFO - [2024-03-03T20:29:42.608+0000] {dag.py:3823} INFO - Setting next_dagrun for example_branch_operator to 2024-03-02 00:00:00+00:00, run_after=2024-03-03 00:00:00+00:00
[2024-03-03T20:29:42.672+0000] {processor.py:183} INFO - Processing /home/airflow/.local/lib/python3.8/site-packages/airflow/example_dags/example_branch_operator.py took 0.618 seconds
[2024-03-03T20:33:09.410+0000] {processor.py:161} INFO - Started process (PID=118) to work on /home/airflow/.local/lib/python3.8/site-packages/airflow/example_dags/example_branch_operator.py
[2024-03-03T20:33:09.412+0000] {processor.py:830} INFO - Processing file /home/airflow/.local/lib/python3.8/site-packages/airflow/example_dags/example_branch_operator.py for tasks to queue
[2024-03-03T20:33:09.417+0000] {logging_mixin.py:188} INFO - [2024-03-03T20:33:09.415+0000] {dagbag.py:538} INFO - Filling up the DagBag from /home/airflow/.local/lib/python3.8/site-packages/airflow/example_dags/example_branch_operator.py
[2024-03-03T20:33:09.469+0000] {processor.py:840} INFO - DAG(s) 'example_branch_operator' retrieved from /home/airflow/.local/lib/python3.8/site-packages/airflow/example_dags/example_branch_operator.py
[2024-03-03T20:33:09.539+0000] {logging_mixin.py:188} INFO - [2024-03-03T20:33:09.538+0000] {dag.py:3036} INFO - Sync 1 DAGs
[2024-03-03T20:33:09.595+0000] {logging_mixin.py:188} INFO - [2024-03-03T20:33:09.594+0000] {dag.py:3823} INFO - Setting next_dagrun for example_branch_operator to 2024-03-02 00:00:00+00:00, run_after=2024-03-03 00:00:00+00:00
[2024-03-03T20:33:09.650+0000] {processor.py:183} INFO - Processing /home/airflow/.local/lib/python3.8/site-packages/airflow/example_dags/example_branch_operator.py took 0.247 seconds
[2024-03-03T20:34:23.312+0000] {processor.py:161} INFO - Started process (PID=176) to work on /home/airflow/.local/lib/python3.8/site-packages/airflow/example_dags/example_branch_operator.py
[2024-03-03T20:34:23.314+0000] {processor.py:830} INFO - Processing file /home/airflow/.local/lib/python3.8/site-packages/airflow/example_dags/example_branch_operator.py for tasks to queue
[2024-03-03T20:34:23.316+0000] {logging_mixin.py:188} INFO - [2024-03-03T20:34:23.316+0000] {dagbag.py:538} INFO - Filling up the DagBag from /home/airflow/.local/lib/python3.8/site-packages/airflow/example_dags/example_branch_operator.py
[2024-03-03T20:34:23.366+0000] {processor.py:840} INFO - DAG(s) 'example_branch_operator' retrieved from /home/airflow/.local/lib/python3.8/site-packages/airflow/example_dags/example_branch_operator.py
[2024-03-03T20:34:23.441+0000] {logging_mixin.py:188} INFO - [2024-03-03T20:34:23.440+0000] {dag.py:3036} INFO - Sync 1 DAGs
[2024-03-03T20:34:23.504+0000] {logging_mixin.py:188} INFO - [2024-03-03T20:34:23.503+0000] {dag.py:3823} INFO - Setting next_dagrun for example_branch_operator to 2024-03-02 00:00:00+00:00, run_after=2024-03-03 00:00:00+00:00
[2024-03-03T20:34:23.586+0000] {processor.py:183} INFO - Processing /home/airflow/.local/lib/python3.8/site-packages/airflow/example_dags/example_branch_operator.py took 0.279 seconds
[2024-03-03T20:36:31.150+0000] {processor.py:161} INFO - Started process (PID=228) to work on /home/airflow/.local/lib/python3.8/site-packages/airflow/example_dags/example_branch_operator.py
[2024-03-03T20:36:31.153+0000] {processor.py:830} INFO - Processing file /home/airflow/.local/lib/python3.8/site-packages/airflow/example_dags/example_branch_operator.py for tasks to queue
[2024-03-03T20:36:31.155+0000] {logging_mixin.py:188} INFO - [2024-03-03T20:36:31.155+0000] {dagbag.py:538} INFO - Filling up the DagBag from /home/airflow/.local/lib/python3.8/site-packages/airflow/example_dags/example_branch_operator.py
[2024-03-03T20:36:31.202+0000] {processor.py:840} INFO - DAG(s) 'example_branch_operator' retrieved from /home/airflow/.local/lib/python3.8/site-packages/airflow/example_dags/example_branch_operator.py
[2024-03-03T20:36:31.272+0000] {logging_mixin.py:188} INFO - [2024-03-03T20:36:31.270+0000] {dag.py:3036} INFO - Sync 1 DAGs
[2024-03-03T20:36:31.379+0000] {logging_mixin.py:188} INFO - [2024-03-03T20:36:31.377+0000] {dag.py:3823} INFO - Setting next_dagrun for example_branch_operator to 2024-03-02 00:00:00+00:00, run_after=2024-03-03 00:00:00+00:00
[2024-03-03T20:36:31.442+0000] {processor.py:183} INFO - Processing /home/airflow/.local/lib/python3.8/site-packages/airflow/example_dags/example_branch_operator.py took 0.298 seconds
[2024-03-03T20:38:47.723+0000] {processor.py:161} INFO - Started process (PID=289) to work on /home/airflow/.local/lib/python3.8/site-packages/airflow/example_dags/example_branch_operator.py
[2024-03-03T20:38:47.725+0000] {processor.py:830} INFO - Processing file /home/airflow/.local/lib/python3.8/site-packages/airflow/example_dags/example_branch_operator.py for tasks to queue
[2024-03-03T20:38:47.727+0000] {logging_mixin.py:188} INFO - [2024-03-03T20:38:47.727+0000] {dagbag.py:538} INFO - Filling up the DagBag from /home/airflow/.local/lib/python3.8/site-packages/airflow/example_dags/example_branch_operator.py
[2024-03-03T20:38:47.815+0000] {processor.py:840} INFO - DAG(s) 'example_branch_operator' retrieved from /home/airflow/.local/lib/python3.8/site-packages/airflow/example_dags/example_branch_operator.py
[2024-03-03T20:38:47.915+0000] {logging_mixin.py:188} INFO - [2024-03-03T20:38:47.914+0000] {dag.py:3036} INFO - Sync 1 DAGs
[2024-03-03T20:38:47.982+0000] {logging_mixin.py:188} INFO - [2024-03-03T20:38:47.980+0000] {dag.py:3823} INFO - Setting next_dagrun for example_branch_operator to 2024-03-02 00:00:00+00:00, run_after=2024-03-03 00:00:00+00:00
[2024-03-03T20:38:48.064+0000] {processor.py:183} INFO - Processing /home/airflow/.local/lib/python3.8/site-packages/airflow/example_dags/example_branch_operator.py took 0.350 seconds
[2024-03-03T20:39:36.632+0000] {processor.py:161} INFO - Started process (PID=325) to work on /home/airflow/.local/lib/python3.8/site-packages/airflow/example_dags/example_branch_operator.py
[2024-03-03T20:39:36.636+0000] {processor.py:830} INFO - Processing file /home/airflow/.local/lib/python3.8/site-packages/airflow/example_dags/example_branch_operator.py for tasks to queue
[2024-03-03T20:39:36.651+0000] {logging_mixin.py:188} INFO - [2024-03-03T20:39:36.651+0000] {dagbag.py:538} INFO - Filling up the DagBag from /home/airflow/.local/lib/python3.8/site-packages/airflow/example_dags/example_branch_operator.py
[2024-03-03T20:39:36.707+0000] {processor.py:840} INFO - DAG(s) 'example_branch_operator' retrieved from /home/airflow/.local/lib/python3.8/site-packages/airflow/example_dags/example_branch_operator.py
[2024-03-03T20:39:36.783+0000] {logging_mixin.py:188} INFO - [2024-03-03T20:39:36.783+0000] {dag.py:3036} INFO - Sync 1 DAGs
[2024-03-03T20:39:36.861+0000] {logging_mixin.py:188} INFO - [2024-03-03T20:39:36.860+0000] {dag.py:3823} INFO - Setting next_dagrun for example_branch_operator to 2024-03-02 00:00:00+00:00, run_after=2024-03-03 00:00:00+00:00
[2024-03-03T20:39:36.941+0000] {processor.py:183} INFO - Processing /home/airflow/.local/lib/python3.8/site-packages/airflow/example_dags/example_branch_operator.py took 0.317 seconds
[2024-03-03T20:40:07.164+0000] {processor.py:161} INFO - Started process (PID=380) to work on /home/airflow/.local/lib/python3.8/site-packages/airflow/example_dags/example_branch_operator.py
[2024-03-03T20:40:07.166+0000] {processor.py:830} INFO - Processing file /home/airflow/.local/lib/python3.8/site-packages/airflow/example_dags/example_branch_operator.py for tasks to queue
[2024-03-03T20:40:07.168+0000] {logging_mixin.py:188} INFO - [2024-03-03T20:40:07.167+0000] {dagbag.py:538} INFO - Filling up the DagBag from /home/airflow/.local/lib/python3.8/site-packages/airflow/example_dags/example_branch_operator.py
[2024-03-03T20:40:07.197+0000] {processor.py:840} INFO - DAG(s) 'example_branch_operator' retrieved from /home/airflow/.local/lib/python3.8/site-packages/airflow/example_dags/example_branch_operator.py
[2024-03-03T20:40:07.251+0000] {logging_mixin.py:188} INFO - [2024-03-03T20:40:07.250+0000] {dag.py:3036} INFO - Sync 1 DAGs
[2024-03-03T20:40:07.307+0000] {logging_mixin.py:188} INFO - [2024-03-03T20:40:07.307+0000] {dag.py:3823} INFO - Setting next_dagrun for example_branch_operator to 2024-03-02 00:00:00+00:00, run_after=2024-03-03 00:00:00+00:00
[2024-03-03T20:40:07.356+0000] {processor.py:183} INFO - Processing /home/airflow/.local/lib/python3.8/site-packages/airflow/example_dags/example_branch_operator.py took 0.196 seconds
[2024-03-03T20:40:38.070+0000] {processor.py:161} INFO - Started process (PID=435) to work on /home/airflow/.local/lib/python3.8/site-packages/airflow/example_dags/example_branch_operator.py
[2024-03-03T20:40:38.073+0000] {processor.py:830} INFO - Processing file /home/airflow/.local/lib/python3.8/site-packages/airflow/example_dags/example_branch_operator.py for tasks to queue
[2024-03-03T20:40:38.075+0000] {logging_mixin.py:188} INFO - [2024-03-03T20:40:38.074+0000] {dagbag.py:538} INFO - Filling up the DagBag from /home/airflow/.local/lib/python3.8/site-packages/airflow/example_dags/example_branch_operator.py
[2024-03-03T20:40:38.103+0000] {processor.py:840} INFO - DAG(s) 'example_branch_operator' retrieved from /home/airflow/.local/lib/python3.8/site-packages/airflow/example_dags/example_branch_operator.py
[2024-03-03T20:40:38.140+0000] {logging_mixin.py:188} INFO - [2024-03-03T20:40:38.139+0000] {dag.py:3036} INFO - Sync 1 DAGs
[2024-03-03T20:40:38.175+0000] {logging_mixin.py:188} INFO - [2024-03-03T20:40:38.174+0000] {dag.py:3823} INFO - Setting next_dagrun for example_branch_operator to 2024-03-02 00:00:00+00:00, run_after=2024-03-03 00:00:00+00:00
[2024-03-03T20:40:38.215+0000] {processor.py:183} INFO - Processing /home/airflow/.local/lib/python3.8/site-packages/airflow/example_dags/example_branch_operator.py took 0.149 seconds
[2024-03-03T20:41:09.133+0000] {processor.py:161} INFO - Started process (PID=489) to work on /home/airflow/.local/lib/python3.8/site-packages/airflow/example_dags/example_branch_operator.py
[2024-03-03T20:41:09.135+0000] {processor.py:830} INFO - Processing file /home/airflow/.local/lib/python3.8/site-packages/airflow/example_dags/example_branch_operator.py for tasks to queue
[2024-03-03T20:41:09.137+0000] {logging_mixin.py:188} INFO - [2024-03-03T20:41:09.137+0000] {dagbag.py:538} INFO - Filling up the DagBag from /home/airflow/.local/lib/python3.8/site-packages/airflow/example_dags/example_branch_operator.py
[2024-03-03T20:41:09.166+0000] {processor.py:840} INFO - DAG(s) 'example_branch_operator' retrieved from /home/airflow/.local/lib/python3.8/site-packages/airflow/example_dags/example_branch_operator.py
[2024-03-03T20:41:09.213+0000] {logging_mixin.py:188} INFO - [2024-03-03T20:41:09.212+0000] {dag.py:3036} INFO - Sync 1 DAGs
[2024-03-03T20:41:09.260+0000] {logging_mixin.py:188} INFO - [2024-03-03T20:41:09.260+0000] {dag.py:3823} INFO - Setting next_dagrun for example_branch_operator to 2024-03-02 00:00:00+00:00, run_after=2024-03-03 00:00:00+00:00
[2024-03-03T20:41:09.310+0000] {processor.py:183} INFO - Processing /home/airflow/.local/lib/python3.8/site-packages/airflow/example_dags/example_branch_operator.py took 0.182 seconds
[2024-03-03T20:42:55.992+0000] {processor.py:161} INFO - Started process (PID=521) to work on /home/airflow/.local/lib/python3.8/site-packages/airflow/example_dags/example_branch_operator.py
[2024-03-03T20:42:55.995+0000] {processor.py:830} INFO - Processing file /home/airflow/.local/lib/python3.8/site-packages/airflow/example_dags/example_branch_operator.py for tasks to queue
[2024-03-03T20:42:55.997+0000] {logging_mixin.py:188} INFO - [2024-03-03T20:42:55.996+0000] {dagbag.py:538} INFO - Filling up the DagBag from /home/airflow/.local/lib/python3.8/site-packages/airflow/example_dags/example_branch_operator.py
[2024-03-03T20:42:56.070+0000] {processor.py:840} INFO - DAG(s) 'example_branch_operator' retrieved from /home/airflow/.local/lib/python3.8/site-packages/airflow/example_dags/example_branch_operator.py
[2024-03-03T20:42:56.213+0000] {logging_mixin.py:188} INFO - [2024-03-03T20:42:56.213+0000] {dag.py:3036} INFO - Sync 1 DAGs
[2024-03-03T20:42:56.353+0000] {logging_mixin.py:188} INFO - [2024-03-03T20:42:56.353+0000] {dag.py:3823} INFO - Setting next_dagrun for example_branch_operator to 2024-03-02 00:00:00+00:00, run_after=2024-03-03 00:00:00+00:00
[2024-03-03T20:42:56.449+0000] {processor.py:183} INFO - Processing /home/airflow/.local/lib/python3.8/site-packages/airflow/example_dags/example_branch_operator.py took 0.465 seconds
[2024-03-03T20:46:05.428+0000] {processor.py:161} INFO - Started process (PID=577) to work on /home/airflow/.local/lib/python3.8/site-packages/airflow/example_dags/example_branch_operator.py
[2024-03-03T20:46:05.431+0000] {processor.py:830} INFO - Processing file /home/airflow/.local/lib/python3.8/site-packages/airflow/example_dags/example_branch_operator.py for tasks to queue
[2024-03-03T20:46:05.434+0000] {logging_mixin.py:188} INFO - [2024-03-03T20:46:05.433+0000] {dagbag.py:538} INFO - Filling up the DagBag from /home/airflow/.local/lib/python3.8/site-packages/airflow/example_dags/example_branch_operator.py
[2024-03-03T20:46:05.513+0000] {processor.py:840} INFO - DAG(s) 'example_branch_operator' retrieved from /home/airflow/.local/lib/python3.8/site-packages/airflow/example_dags/example_branch_operator.py
[2024-03-03T20:46:05.622+0000] {logging_mixin.py:188} INFO - [2024-03-03T20:46:05.616+0000] {dag.py:3036} INFO - Sync 1 DAGs
[2024-03-03T20:46:05.748+0000] {logging_mixin.py:188} INFO - [2024-03-03T20:46:05.747+0000] {dag.py:3823} INFO - Setting next_dagrun for example_branch_operator to 2024-03-02 00:00:00+00:00, run_after=2024-03-03 00:00:00+00:00
[2024-03-03T20:46:05.824+0000] {processor.py:183} INFO - Processing /home/airflow/.local/lib/python3.8/site-packages/airflow/example_dags/example_branch_operator.py took 0.407 seconds
[2024-03-03T20:48:07.489+0000] {processor.py:161} INFO - Started process (PID=637) to work on /home/airflow/.local/lib/python3.8/site-packages/airflow/example_dags/example_branch_operator.py
[2024-03-03T20:48:07.507+0000] {processor.py:830} INFO - Processing file /home/airflow/.local/lib/python3.8/site-packages/airflow/example_dags/example_branch_operator.py for tasks to queue
[2024-03-03T20:48:07.517+0000] {logging_mixin.py:188} INFO - [2024-03-03T20:48:07.516+0000] {dagbag.py:538} INFO - Filling up the DagBag from /home/airflow/.local/lib/python3.8/site-packages/airflow/example_dags/example_branch_operator.py
[2024-03-03T20:48:07.570+0000] {processor.py:840} INFO - DAG(s) 'example_branch_operator' retrieved from /home/airflow/.local/lib/python3.8/site-packages/airflow/example_dags/example_branch_operator.py
[2024-03-03T20:48:07.712+0000] {logging_mixin.py:188} INFO - [2024-03-03T20:48:07.707+0000] {dag.py:3036} INFO - Sync 1 DAGs
[2024-03-03T20:48:07.850+0000] {logging_mixin.py:188} INFO - [2024-03-03T20:48:07.848+0000] {dag.py:3823} INFO - Setting next_dagrun for example_branch_operator to 2024-03-02 00:00:00+00:00, run_after=2024-03-03 00:00:00+00:00
[2024-03-03T20:48:07.936+0000] {processor.py:183} INFO - Processing /home/airflow/.local/lib/python3.8/site-packages/airflow/example_dags/example_branch_operator.py took 0.455 seconds
[2024-03-03T20:48:38.688+0000] {processor.py:161} INFO - Started process (PID=692) to work on /home/airflow/.local/lib/python3.8/site-packages/airflow/example_dags/example_branch_operator.py
[2024-03-03T20:48:38.689+0000] {processor.py:830} INFO - Processing file /home/airflow/.local/lib/python3.8/site-packages/airflow/example_dags/example_branch_operator.py for tasks to queue
[2024-03-03T20:48:38.690+0000] {logging_mixin.py:188} INFO - [2024-03-03T20:48:38.690+0000] {dagbag.py:538} INFO - Filling up the DagBag from /home/airflow/.local/lib/python3.8/site-packages/airflow/example_dags/example_branch_operator.py
[2024-03-03T20:48:38.717+0000] {processor.py:840} INFO - DAG(s) 'example_branch_operator' retrieved from /home/airflow/.local/lib/python3.8/site-packages/airflow/example_dags/example_branch_operator.py
[2024-03-03T20:48:38.753+0000] {logging_mixin.py:188} INFO - [2024-03-03T20:48:38.753+0000] {dag.py:3036} INFO - Sync 1 DAGs
[2024-03-03T20:48:38.778+0000] {logging_mixin.py:188} INFO - [2024-03-03T20:48:38.778+0000] {dag.py:3823} INFO - Setting next_dagrun for example_branch_operator to 2024-03-02 00:00:00+00:00, run_after=2024-03-03 00:00:00+00:00
[2024-03-03T20:48:38.801+0000] {processor.py:183} INFO - Processing /home/airflow/.local/lib/python3.8/site-packages/airflow/example_dags/example_branch_operator.py took 0.117 seconds
[2024-03-03T21:02:26.316+0000] {processor.py:161} INFO - Started process (PID=58) to work on /home/airflow/.local/lib/python3.8/site-packages/airflow/example_dags/example_branch_operator.py
[2024-03-03T21:02:26.323+0000] {processor.py:830} INFO - Processing file /home/airflow/.local/lib/python3.8/site-packages/airflow/example_dags/example_branch_operator.py for tasks to queue
[2024-03-03T21:02:26.337+0000] {logging_mixin.py:188} INFO - [2024-03-03T21:02:26.336+0000] {dagbag.py:538} INFO - Filling up the DagBag from /home/airflow/.local/lib/python3.8/site-packages/airflow/example_dags/example_branch_operator.py
[2024-03-03T21:02:26.421+0000] {processor.py:840} INFO - DAG(s) 'example_branch_operator' retrieved from /home/airflow/.local/lib/python3.8/site-packages/airflow/example_dags/example_branch_operator.py
[2024-03-03T21:02:26.779+0000] {logging_mixin.py:188} INFO - [2024-03-03T21:02:26.779+0000] {dag.py:3036} INFO - Sync 1 DAGs
[2024-03-03T21:02:26.843+0000] {logging_mixin.py:188} INFO - [2024-03-03T21:02:26.841+0000] {dag.py:3823} INFO - Setting next_dagrun for example_branch_operator to 2024-03-02 00:00:00+00:00, run_after=2024-03-03 00:00:00+00:00
[2024-03-03T21:02:26.920+0000] {processor.py:183} INFO - Processing /home/airflow/.local/lib/python3.8/site-packages/airflow/example_dags/example_branch_operator.py took 0.631 seconds
[2024-03-03T21:02:57.115+0000] {processor.py:161} INFO - Started process (PID=114) to work on /home/airflow/.local/lib/python3.8/site-packages/airflow/example_dags/example_branch_operator.py
[2024-03-03T21:02:57.117+0000] {processor.py:830} INFO - Processing file /home/airflow/.local/lib/python3.8/site-packages/airflow/example_dags/example_branch_operator.py for tasks to queue
[2024-03-03T21:02:57.122+0000] {logging_mixin.py:188} INFO - [2024-03-03T21:02:57.121+0000] {dagbag.py:538} INFO - Filling up the DagBag from /home/airflow/.local/lib/python3.8/site-packages/airflow/example_dags/example_branch_operator.py
[2024-03-03T21:02:57.162+0000] {processor.py:840} INFO - DAG(s) 'example_branch_operator' retrieved from /home/airflow/.local/lib/python3.8/site-packages/airflow/example_dags/example_branch_operator.py
[2024-03-03T21:02:57.212+0000] {logging_mixin.py:188} INFO - [2024-03-03T21:02:57.211+0000] {dag.py:3036} INFO - Sync 1 DAGs
[2024-03-03T21:02:57.250+0000] {logging_mixin.py:188} INFO - [2024-03-03T21:02:57.249+0000] {dag.py:3823} INFO - Setting next_dagrun for example_branch_operator to 2024-03-02 00:00:00+00:00, run_after=2024-03-03 00:00:00+00:00
[2024-03-03T21:02:57.277+0000] {processor.py:183} INFO - Processing /home/airflow/.local/lib/python3.8/site-packages/airflow/example_dags/example_branch_operator.py took 0.167 seconds
[2024-03-03T21:03:27.778+0000] {processor.py:161} INFO - Started process (PID=168) to work on /home/airflow/.local/lib/python3.8/site-packages/airflow/example_dags/example_branch_operator.py
[2024-03-03T21:03:27.780+0000] {processor.py:830} INFO - Processing file /home/airflow/.local/lib/python3.8/site-packages/airflow/example_dags/example_branch_operator.py for tasks to queue
[2024-03-03T21:03:27.783+0000] {logging_mixin.py:188} INFO - [2024-03-03T21:03:27.782+0000] {dagbag.py:538} INFO - Filling up the DagBag from /home/airflow/.local/lib/python3.8/site-packages/airflow/example_dags/example_branch_operator.py
[2024-03-03T21:03:27.811+0000] {processor.py:840} INFO - DAG(s) 'example_branch_operator' retrieved from /home/airflow/.local/lib/python3.8/site-packages/airflow/example_dags/example_branch_operator.py
[2024-03-03T21:03:27.849+0000] {logging_mixin.py:188} INFO - [2024-03-03T21:03:27.848+0000] {dag.py:3036} INFO - Sync 1 DAGs
[2024-03-03T21:03:27.883+0000] {logging_mixin.py:188} INFO - [2024-03-03T21:03:27.883+0000] {dag.py:3823} INFO - Setting next_dagrun for example_branch_operator to 2024-03-02 00:00:00+00:00, run_after=2024-03-03 00:00:00+00:00
[2024-03-03T21:03:27.914+0000] {processor.py:183} INFO - Processing /home/airflow/.local/lib/python3.8/site-packages/airflow/example_dags/example_branch_operator.py took 0.143 seconds
[2024-03-03T21:03:57.982+0000] {processor.py:161} INFO - Started process (PID=223) to work on /home/airflow/.local/lib/python3.8/site-packages/airflow/example_dags/example_branch_operator.py
[2024-03-03T21:03:57.983+0000] {processor.py:830} INFO - Processing file /home/airflow/.local/lib/python3.8/site-packages/airflow/example_dags/example_branch_operator.py for tasks to queue
[2024-03-03T21:03:57.984+0000] {logging_mixin.py:188} INFO - [2024-03-03T21:03:57.984+0000] {dagbag.py:538} INFO - Filling up the DagBag from /home/airflow/.local/lib/python3.8/site-packages/airflow/example_dags/example_branch_operator.py
[2024-03-03T21:03:58.002+0000] {processor.py:840} INFO - DAG(s) 'example_branch_operator' retrieved from /home/airflow/.local/lib/python3.8/site-packages/airflow/example_dags/example_branch_operator.py
[2024-03-03T21:03:58.033+0000] {logging_mixin.py:188} INFO - [2024-03-03T21:03:58.033+0000] {dag.py:3036} INFO - Sync 1 DAGs
[2024-03-03T21:03:58.062+0000] {logging_mixin.py:188} INFO - [2024-03-03T21:03:58.061+0000] {dag.py:3823} INFO - Setting next_dagrun for example_branch_operator to 2024-03-02 00:00:00+00:00, run_after=2024-03-03 00:00:00+00:00
[2024-03-03T21:03:58.086+0000] {processor.py:183} INFO - Processing /home/airflow/.local/lib/python3.8/site-packages/airflow/example_dags/example_branch_operator.py took 0.107 seconds
[2024-03-03T21:04:28.346+0000] {processor.py:161} INFO - Started process (PID=278) to work on /home/airflow/.local/lib/python3.8/site-packages/airflow/example_dags/example_branch_operator.py
[2024-03-03T21:04:28.347+0000] {processor.py:830} INFO - Processing file /home/airflow/.local/lib/python3.8/site-packages/airflow/example_dags/example_branch_operator.py for tasks to queue
[2024-03-03T21:04:28.348+0000] {logging_mixin.py:188} INFO - [2024-03-03T21:04:28.348+0000] {dagbag.py:538} INFO - Filling up the DagBag from /home/airflow/.local/lib/python3.8/site-packages/airflow/example_dags/example_branch_operator.py
[2024-03-03T21:04:28.365+0000] {processor.py:840} INFO - DAG(s) 'example_branch_operator' retrieved from /home/airflow/.local/lib/python3.8/site-packages/airflow/example_dags/example_branch_operator.py
[2024-03-03T21:04:28.396+0000] {logging_mixin.py:188} INFO - [2024-03-03T21:04:28.395+0000] {dag.py:3036} INFO - Sync 1 DAGs
[2024-03-03T21:04:28.421+0000] {logging_mixin.py:188} INFO - [2024-03-03T21:04:28.421+0000] {dag.py:3823} INFO - Setting next_dagrun for example_branch_operator to 2024-03-02 00:00:00+00:00, run_after=2024-03-03 00:00:00+00:00
[2024-03-03T21:04:28.446+0000] {processor.py:183} INFO - Processing /home/airflow/.local/lib/python3.8/site-packages/airflow/example_dags/example_branch_operator.py took 0.103 seconds
[2024-03-03T21:04:58.800+0000] {processor.py:161} INFO - Started process (PID=333) to work on /home/airflow/.local/lib/python3.8/site-packages/airflow/example_dags/example_branch_operator.py
[2024-03-03T21:04:58.801+0000] {processor.py:830} INFO - Processing file /home/airflow/.local/lib/python3.8/site-packages/airflow/example_dags/example_branch_operator.py for tasks to queue
[2024-03-03T21:04:58.803+0000] {logging_mixin.py:188} INFO - [2024-03-03T21:04:58.802+0000] {dagbag.py:538} INFO - Filling up the DagBag from /home/airflow/.local/lib/python3.8/site-packages/airflow/example_dags/example_branch_operator.py
[2024-03-03T21:04:58.821+0000] {processor.py:840} INFO - DAG(s) 'example_branch_operator' retrieved from /home/airflow/.local/lib/python3.8/site-packages/airflow/example_dags/example_branch_operator.py
[2024-03-03T21:04:58.852+0000] {logging_mixin.py:188} INFO - [2024-03-03T21:04:58.852+0000] {dag.py:3036} INFO - Sync 1 DAGs
[2024-03-03T21:04:58.878+0000] {logging_mixin.py:188} INFO - [2024-03-03T21:04:58.878+0000] {dag.py:3823} INFO - Setting next_dagrun for example_branch_operator to 2024-03-02 00:00:00+00:00, run_after=2024-03-03 00:00:00+00:00
[2024-03-03T21:04:58.913+0000] {processor.py:183} INFO - Processing /home/airflow/.local/lib/python3.8/site-packages/airflow/example_dags/example_branch_operator.py took 0.116 seconds
[2024-03-03T21:05:29.345+0000] {processor.py:161} INFO - Started process (PID=388) to work on /home/airflow/.local/lib/python3.8/site-packages/airflow/example_dags/example_branch_operator.py
[2024-03-03T21:05:29.347+0000] {processor.py:830} INFO - Processing file /home/airflow/.local/lib/python3.8/site-packages/airflow/example_dags/example_branch_operator.py for tasks to queue
[2024-03-03T21:05:29.351+0000] {logging_mixin.py:188} INFO - [2024-03-03T21:05:29.350+0000] {dagbag.py:538} INFO - Filling up the DagBag from /home/airflow/.local/lib/python3.8/site-packages/airflow/example_dags/example_branch_operator.py
[2024-03-03T21:05:29.397+0000] {processor.py:840} INFO - DAG(s) 'example_branch_operator' retrieved from /home/airflow/.local/lib/python3.8/site-packages/airflow/example_dags/example_branch_operator.py
[2024-03-03T21:05:29.460+0000] {logging_mixin.py:188} INFO - [2024-03-03T21:05:29.459+0000] {dag.py:3036} INFO - Sync 1 DAGs
[2024-03-03T21:05:29.517+0000] {logging_mixin.py:188} INFO - [2024-03-03T21:05:29.517+0000] {dag.py:3823} INFO - Setting next_dagrun for example_branch_operator to 2024-03-02 00:00:00+00:00, run_after=2024-03-03 00:00:00+00:00
[2024-03-03T21:05:29.562+0000] {processor.py:183} INFO - Processing /home/airflow/.local/lib/python3.8/site-packages/airflow/example_dags/example_branch_operator.py took 0.222 seconds
[2024-03-03T21:05:59.973+0000] {processor.py:161} INFO - Started process (PID=449) to work on /home/airflow/.local/lib/python3.8/site-packages/airflow/example_dags/example_branch_operator.py
[2024-03-03T21:05:59.974+0000] {processor.py:830} INFO - Processing file /home/airflow/.local/lib/python3.8/site-packages/airflow/example_dags/example_branch_operator.py for tasks to queue
[2024-03-03T21:05:59.976+0000] {logging_mixin.py:188} INFO - [2024-03-03T21:05:59.976+0000] {dagbag.py:538} INFO - Filling up the DagBag from /home/airflow/.local/lib/python3.8/site-packages/airflow/example_dags/example_branch_operator.py
[2024-03-03T21:05:59.995+0000] {processor.py:840} INFO - DAG(s) 'example_branch_operator' retrieved from /home/airflow/.local/lib/python3.8/site-packages/airflow/example_dags/example_branch_operator.py
[2024-03-03T21:06:00.034+0000] {logging_mixin.py:188} INFO - [2024-03-03T21:06:00.033+0000] {dag.py:3036} INFO - Sync 1 DAGs
[2024-03-03T21:06:00.063+0000] {logging_mixin.py:188} INFO - [2024-03-03T21:06:00.063+0000] {dag.py:3823} INFO - Setting next_dagrun for example_branch_operator to 2024-03-02 00:00:00+00:00, run_after=2024-03-03 00:00:00+00:00
[2024-03-03T21:06:00.090+0000] {processor.py:183} INFO - Processing /home/airflow/.local/lib/python3.8/site-packages/airflow/example_dags/example_branch_operator.py took 0.120 seconds
[2024-03-03T21:06:30.881+0000] {processor.py:161} INFO - Started process (PID=504) to work on /home/airflow/.local/lib/python3.8/site-packages/airflow/example_dags/example_branch_operator.py
[2024-03-03T21:06:30.882+0000] {processor.py:830} INFO - Processing file /home/airflow/.local/lib/python3.8/site-packages/airflow/example_dags/example_branch_operator.py for tasks to queue
[2024-03-03T21:06:30.884+0000] {logging_mixin.py:188} INFO - [2024-03-03T21:06:30.884+0000] {dagbag.py:538} INFO - Filling up the DagBag from /home/airflow/.local/lib/python3.8/site-packages/airflow/example_dags/example_branch_operator.py
[2024-03-03T21:06:30.911+0000] {processor.py:840} INFO - DAG(s) 'example_branch_operator' retrieved from /home/airflow/.local/lib/python3.8/site-packages/airflow/example_dags/example_branch_operator.py
[2024-03-03T21:06:30.974+0000] {logging_mixin.py:188} INFO - [2024-03-03T21:06:30.973+0000] {dag.py:3036} INFO - Sync 1 DAGs
[2024-03-03T21:06:31.025+0000] {logging_mixin.py:188} INFO - [2024-03-03T21:06:31.025+0000] {dag.py:3823} INFO - Setting next_dagrun for example_branch_operator to 2024-03-02 00:00:00+00:00, run_after=2024-03-03 00:00:00+00:00
[2024-03-03T21:06:31.060+0000] {processor.py:183} INFO - Processing /home/airflow/.local/lib/python3.8/site-packages/airflow/example_dags/example_branch_operator.py took 0.183 seconds
[2024-03-03T21:07:01.499+0000] {processor.py:161} INFO - Started process (PID=559) to work on /home/airflow/.local/lib/python3.8/site-packages/airflow/example_dags/example_branch_operator.py
[2024-03-03T21:07:01.501+0000] {processor.py:830} INFO - Processing file /home/airflow/.local/lib/python3.8/site-packages/airflow/example_dags/example_branch_operator.py for tasks to queue
[2024-03-03T21:07:01.503+0000] {logging_mixin.py:188} INFO - [2024-03-03T21:07:01.503+0000] {dagbag.py:538} INFO - Filling up the DagBag from /home/airflow/.local/lib/python3.8/site-packages/airflow/example_dags/example_branch_operator.py
[2024-03-03T21:07:01.528+0000] {processor.py:840} INFO - DAG(s) 'example_branch_operator' retrieved from /home/airflow/.local/lib/python3.8/site-packages/airflow/example_dags/example_branch_operator.py
[2024-03-03T21:07:01.573+0000] {logging_mixin.py:188} INFO - [2024-03-03T21:07:01.573+0000] {dag.py:3036} INFO - Sync 1 DAGs
[2024-03-03T21:07:01.613+0000] {logging_mixin.py:188} INFO - [2024-03-03T21:07:01.612+0000] {dag.py:3823} INFO - Setting next_dagrun for example_branch_operator to 2024-03-02 00:00:00+00:00, run_after=2024-03-03 00:00:00+00:00
[2024-03-03T21:07:01.651+0000] {processor.py:183} INFO - Processing /home/airflow/.local/lib/python3.8/site-packages/airflow/example_dags/example_branch_operator.py took 0.155 seconds
[2024-03-03T21:07:31.946+0000] {processor.py:161} INFO - Started process (PID=614) to work on /home/airflow/.local/lib/python3.8/site-packages/airflow/example_dags/example_branch_operator.py
[2024-03-03T21:07:31.946+0000] {processor.py:830} INFO - Processing file /home/airflow/.local/lib/python3.8/site-packages/airflow/example_dags/example_branch_operator.py for tasks to queue
[2024-03-03T21:07:31.948+0000] {logging_mixin.py:188} INFO - [2024-03-03T21:07:31.948+0000] {dagbag.py:538} INFO - Filling up the DagBag from /home/airflow/.local/lib/python3.8/site-packages/airflow/example_dags/example_branch_operator.py
[2024-03-03T21:07:31.963+0000] {processor.py:840} INFO - DAG(s) 'example_branch_operator' retrieved from /home/airflow/.local/lib/python3.8/site-packages/airflow/example_dags/example_branch_operator.py
[2024-03-03T21:07:31.988+0000] {logging_mixin.py:188} INFO - [2024-03-03T21:07:31.988+0000] {dag.py:3036} INFO - Sync 1 DAGs
[2024-03-03T21:07:32.012+0000] {logging_mixin.py:188} INFO - [2024-03-03T21:07:32.012+0000] {dag.py:3823} INFO - Setting next_dagrun for example_branch_operator to 2024-03-02 00:00:00+00:00, run_after=2024-03-03 00:00:00+00:00
[2024-03-03T21:07:32.036+0000] {processor.py:183} INFO - Processing /home/airflow/.local/lib/python3.8/site-packages/airflow/example_dags/example_branch_operator.py took 0.093 seconds
[2024-03-03T21:08:02.250+0000] {processor.py:161} INFO - Started process (PID=669) to work on /home/airflow/.local/lib/python3.8/site-packages/airflow/example_dags/example_branch_operator.py
[2024-03-03T21:08:02.251+0000] {processor.py:830} INFO - Processing file /home/airflow/.local/lib/python3.8/site-packages/airflow/example_dags/example_branch_operator.py for tasks to queue
[2024-03-03T21:08:02.254+0000] {logging_mixin.py:188} INFO - [2024-03-03T21:08:02.253+0000] {dagbag.py:538} INFO - Filling up the DagBag from /home/airflow/.local/lib/python3.8/site-packages/airflow/example_dags/example_branch_operator.py
[2024-03-03T21:08:02.276+0000] {processor.py:840} INFO - DAG(s) 'example_branch_operator' retrieved from /home/airflow/.local/lib/python3.8/site-packages/airflow/example_dags/example_branch_operator.py
[2024-03-03T21:08:02.312+0000] {logging_mixin.py:188} INFO - [2024-03-03T21:08:02.311+0000] {dag.py:3036} INFO - Sync 1 DAGs
[2024-03-03T21:08:02.339+0000] {logging_mixin.py:188} INFO - [2024-03-03T21:08:02.339+0000] {dag.py:3823} INFO - Setting next_dagrun for example_branch_operator to 2024-03-02 00:00:00+00:00, run_after=2024-03-03 00:00:00+00:00
[2024-03-03T21:08:02.366+0000] {processor.py:183} INFO - Processing /home/airflow/.local/lib/python3.8/site-packages/airflow/example_dags/example_branch_operator.py took 0.119 seconds
[2024-03-03T21:08:32.718+0000] {processor.py:161} INFO - Started process (PID=724) to work on /home/airflow/.local/lib/python3.8/site-packages/airflow/example_dags/example_branch_operator.py
[2024-03-03T21:08:32.719+0000] {processor.py:830} INFO - Processing file /home/airflow/.local/lib/python3.8/site-packages/airflow/example_dags/example_branch_operator.py for tasks to queue
[2024-03-03T21:08:32.721+0000] {logging_mixin.py:188} INFO - [2024-03-03T21:08:32.721+0000] {dagbag.py:538} INFO - Filling up the DagBag from /home/airflow/.local/lib/python3.8/site-packages/airflow/example_dags/example_branch_operator.py
[2024-03-03T21:08:32.740+0000] {processor.py:840} INFO - DAG(s) 'example_branch_operator' retrieved from /home/airflow/.local/lib/python3.8/site-packages/airflow/example_dags/example_branch_operator.py
[2024-03-03T21:08:32.776+0000] {logging_mixin.py:188} INFO - [2024-03-03T21:08:32.776+0000] {dag.py:3036} INFO - Sync 1 DAGs
[2024-03-03T21:08:32.805+0000] {logging_mixin.py:188} INFO - [2024-03-03T21:08:32.805+0000] {dag.py:3823} INFO - Setting next_dagrun for example_branch_operator to 2024-03-02 00:00:00+00:00, run_after=2024-03-03 00:00:00+00:00
[2024-03-03T21:08:32.830+0000] {processor.py:183} INFO - Processing /home/airflow/.local/lib/python3.8/site-packages/airflow/example_dags/example_branch_operator.py took 0.116 seconds
[2024-03-03T21:09:03.241+0000] {processor.py:161} INFO - Started process (PID=779) to work on /home/airflow/.local/lib/python3.8/site-packages/airflow/example_dags/example_branch_operator.py
[2024-03-03T21:09:03.243+0000] {processor.py:830} INFO - Processing file /home/airflow/.local/lib/python3.8/site-packages/airflow/example_dags/example_branch_operator.py for tasks to queue
[2024-03-03T21:09:03.245+0000] {logging_mixin.py:188} INFO - [2024-03-03T21:09:03.245+0000] {dagbag.py:538} INFO - Filling up the DagBag from /home/airflow/.local/lib/python3.8/site-packages/airflow/example_dags/example_branch_operator.py
[2024-03-03T21:09:03.265+0000] {processor.py:840} INFO - DAG(s) 'example_branch_operator' retrieved from /home/airflow/.local/lib/python3.8/site-packages/airflow/example_dags/example_branch_operator.py
[2024-03-03T21:09:03.298+0000] {logging_mixin.py:188} INFO - [2024-03-03T21:09:03.298+0000] {dag.py:3036} INFO - Sync 1 DAGs
[2024-03-03T21:09:03.324+0000] {logging_mixin.py:188} INFO - [2024-03-03T21:09:03.324+0000] {dag.py:3823} INFO - Setting next_dagrun for example_branch_operator to 2024-03-02 00:00:00+00:00, run_after=2024-03-03 00:00:00+00:00
[2024-03-03T21:09:03.347+0000] {processor.py:183} INFO - Processing /home/airflow/.local/lib/python3.8/site-packages/airflow/example_dags/example_branch_operator.py took 0.109 seconds
[2024-03-03T21:09:33.583+0000] {processor.py:161} INFO - Started process (PID=834) to work on /home/airflow/.local/lib/python3.8/site-packages/airflow/example_dags/example_branch_operator.py
[2024-03-03T21:09:33.584+0000] {processor.py:830} INFO - Processing file /home/airflow/.local/lib/python3.8/site-packages/airflow/example_dags/example_branch_operator.py for tasks to queue
[2024-03-03T21:09:33.586+0000] {logging_mixin.py:188} INFO - [2024-03-03T21:09:33.586+0000] {dagbag.py:538} INFO - Filling up the DagBag from /home/airflow/.local/lib/python3.8/site-packages/airflow/example_dags/example_branch_operator.py
[2024-03-03T21:09:33.605+0000] {processor.py:840} INFO - DAG(s) 'example_branch_operator' retrieved from /home/airflow/.local/lib/python3.8/site-packages/airflow/example_dags/example_branch_operator.py
[2024-03-03T21:09:33.640+0000] {logging_mixin.py:188} INFO - [2024-03-03T21:09:33.640+0000] {dag.py:3036} INFO - Sync 1 DAGs
[2024-03-03T21:09:33.670+0000] {logging_mixin.py:188} INFO - [2024-03-03T21:09:33.670+0000] {dag.py:3823} INFO - Setting next_dagrun for example_branch_operator to 2024-03-02 00:00:00+00:00, run_after=2024-03-03 00:00:00+00:00
[2024-03-03T21:09:33.698+0000] {processor.py:183} INFO - Processing /home/airflow/.local/lib/python3.8/site-packages/airflow/example_dags/example_branch_operator.py took 0.117 seconds
[2024-03-03T21:10:03.886+0000] {processor.py:161} INFO - Started process (PID=889) to work on /home/airflow/.local/lib/python3.8/site-packages/airflow/example_dags/example_branch_operator.py
[2024-03-03T21:10:03.887+0000] {processor.py:830} INFO - Processing file /home/airflow/.local/lib/python3.8/site-packages/airflow/example_dags/example_branch_operator.py for tasks to queue
[2024-03-03T21:10:03.889+0000] {logging_mixin.py:188} INFO - [2024-03-03T21:10:03.889+0000] {dagbag.py:538} INFO - Filling up the DagBag from /home/airflow/.local/lib/python3.8/site-packages/airflow/example_dags/example_branch_operator.py
[2024-03-03T21:10:03.907+0000] {processor.py:840} INFO - DAG(s) 'example_branch_operator' retrieved from /home/airflow/.local/lib/python3.8/site-packages/airflow/example_dags/example_branch_operator.py
[2024-03-03T21:10:03.947+0000] {logging_mixin.py:188} INFO - [2024-03-03T21:10:03.946+0000] {dag.py:3036} INFO - Sync 1 DAGs
[2024-03-03T21:10:03.978+0000] {logging_mixin.py:188} INFO - [2024-03-03T21:10:03.978+0000] {dag.py:3823} INFO - Setting next_dagrun for example_branch_operator to 2024-03-02 00:00:00+00:00, run_after=2024-03-03 00:00:00+00:00
[2024-03-03T21:10:04.003+0000] {processor.py:183} INFO - Processing /home/airflow/.local/lib/python3.8/site-packages/airflow/example_dags/example_branch_operator.py took 0.121 seconds
[2024-03-03T21:10:34.180+0000] {processor.py:161} INFO - Started process (PID=944) to work on /home/airflow/.local/lib/python3.8/site-packages/airflow/example_dags/example_branch_operator.py
[2024-03-03T21:10:34.181+0000] {processor.py:830} INFO - Processing file /home/airflow/.local/lib/python3.8/site-packages/airflow/example_dags/example_branch_operator.py for tasks to queue
[2024-03-03T21:10:34.183+0000] {logging_mixin.py:188} INFO - [2024-03-03T21:10:34.183+0000] {dagbag.py:538} INFO - Filling up the DagBag from /home/airflow/.local/lib/python3.8/site-packages/airflow/example_dags/example_branch_operator.py
[2024-03-03T21:10:34.204+0000] {processor.py:840} INFO - DAG(s) 'example_branch_operator' retrieved from /home/airflow/.local/lib/python3.8/site-packages/airflow/example_dags/example_branch_operator.py
[2024-03-03T21:10:34.238+0000] {logging_mixin.py:188} INFO - [2024-03-03T21:10:34.238+0000] {dag.py:3036} INFO - Sync 1 DAGs
[2024-03-03T21:10:34.270+0000] {logging_mixin.py:188} INFO - [2024-03-03T21:10:34.269+0000] {dag.py:3823} INFO - Setting next_dagrun for example_branch_operator to 2024-03-02 00:00:00+00:00, run_after=2024-03-03 00:00:00+00:00
[2024-03-03T21:10:34.301+0000] {processor.py:183} INFO - Processing /home/airflow/.local/lib/python3.8/site-packages/airflow/example_dags/example_branch_operator.py took 0.124 seconds
[2024-03-03T21:11:04.632+0000] {processor.py:161} INFO - Started process (PID=999) to work on /home/airflow/.local/lib/python3.8/site-packages/airflow/example_dags/example_branch_operator.py
[2024-03-03T21:11:04.633+0000] {processor.py:830} INFO - Processing file /home/airflow/.local/lib/python3.8/site-packages/airflow/example_dags/example_branch_operator.py for tasks to queue
[2024-03-03T21:11:04.634+0000] {logging_mixin.py:188} INFO - [2024-03-03T21:11:04.634+0000] {dagbag.py:538} INFO - Filling up the DagBag from /home/airflow/.local/lib/python3.8/site-packages/airflow/example_dags/example_branch_operator.py
[2024-03-03T21:11:04.649+0000] {processor.py:840} INFO - DAG(s) 'example_branch_operator' retrieved from /home/airflow/.local/lib/python3.8/site-packages/airflow/example_dags/example_branch_operator.py
[2024-03-03T21:11:04.674+0000] {logging_mixin.py:188} INFO - [2024-03-03T21:11:04.674+0000] {dag.py:3036} INFO - Sync 1 DAGs
[2024-03-03T21:11:04.695+0000] {logging_mixin.py:188} INFO - [2024-03-03T21:11:04.695+0000] {dag.py:3823} INFO - Setting next_dagrun for example_branch_operator to 2024-03-02 00:00:00+00:00, run_after=2024-03-03 00:00:00+00:00
[2024-03-03T21:11:04.714+0000] {processor.py:183} INFO - Processing /home/airflow/.local/lib/python3.8/site-packages/airflow/example_dags/example_branch_operator.py took 0.085 seconds
[2024-03-03T21:11:35.030+0000] {processor.py:161} INFO - Started process (PID=1054) to work on /home/airflow/.local/lib/python3.8/site-packages/airflow/example_dags/example_branch_operator.py
[2024-03-03T21:11:35.031+0000] {processor.py:830} INFO - Processing file /home/airflow/.local/lib/python3.8/site-packages/airflow/example_dags/example_branch_operator.py for tasks to queue
[2024-03-03T21:11:35.033+0000] {logging_mixin.py:188} INFO - [2024-03-03T21:11:35.033+0000] {dagbag.py:538} INFO - Filling up the DagBag from /home/airflow/.local/lib/python3.8/site-packages/airflow/example_dags/example_branch_operator.py
[2024-03-03T21:11:35.055+0000] {processor.py:840} INFO - DAG(s) 'example_branch_operator' retrieved from /home/airflow/.local/lib/python3.8/site-packages/airflow/example_dags/example_branch_operator.py
[2024-03-03T21:11:35.092+0000] {logging_mixin.py:188} INFO - [2024-03-03T21:11:35.092+0000] {dag.py:3036} INFO - Sync 1 DAGs
[2024-03-03T21:11:35.124+0000] {logging_mixin.py:188} INFO - [2024-03-03T21:11:35.124+0000] {dag.py:3823} INFO - Setting next_dagrun for example_branch_operator to 2024-03-02 00:00:00+00:00, run_after=2024-03-03 00:00:00+00:00
[2024-03-03T21:11:35.150+0000] {processor.py:183} INFO - Processing /home/airflow/.local/lib/python3.8/site-packages/airflow/example_dags/example_branch_operator.py took 0.123 seconds
[2024-03-03T21:12:05.999+0000] {processor.py:161} INFO - Started process (PID=1109) to work on /home/airflow/.local/lib/python3.8/site-packages/airflow/example_dags/example_branch_operator.py
[2024-03-03T21:12:06.001+0000] {processor.py:830} INFO - Processing file /home/airflow/.local/lib/python3.8/site-packages/airflow/example_dags/example_branch_operator.py for tasks to queue
[2024-03-03T21:12:06.004+0000] {logging_mixin.py:188} INFO - [2024-03-03T21:12:06.003+0000] {dagbag.py:538} INFO - Filling up the DagBag from /home/airflow/.local/lib/python3.8/site-packages/airflow/example_dags/example_branch_operator.py
[2024-03-03T21:12:06.029+0000] {processor.py:840} INFO - DAG(s) 'example_branch_operator' retrieved from /home/airflow/.local/lib/python3.8/site-packages/airflow/example_dags/example_branch_operator.py
[2024-03-03T21:12:06.070+0000] {logging_mixin.py:188} INFO - [2024-03-03T21:12:06.070+0000] {dag.py:3036} INFO - Sync 1 DAGs
[2024-03-03T21:12:06.111+0000] {logging_mixin.py:188} INFO - [2024-03-03T21:12:06.111+0000] {dag.py:3823} INFO - Setting next_dagrun for example_branch_operator to 2024-03-02 00:00:00+00:00, run_after=2024-03-03 00:00:00+00:00
[2024-03-03T21:12:06.142+0000] {processor.py:183} INFO - Processing /home/airflow/.local/lib/python3.8/site-packages/airflow/example_dags/example_branch_operator.py took 0.147 seconds
[2024-03-03T21:12:36.418+0000] {processor.py:161} INFO - Started process (PID=1164) to work on /home/airflow/.local/lib/python3.8/site-packages/airflow/example_dags/example_branch_operator.py
[2024-03-03T21:12:36.419+0000] {processor.py:830} INFO - Processing file /home/airflow/.local/lib/python3.8/site-packages/airflow/example_dags/example_branch_operator.py for tasks to queue
[2024-03-03T21:12:36.421+0000] {logging_mixin.py:188} INFO - [2024-03-03T21:12:36.421+0000] {dagbag.py:538} INFO - Filling up the DagBag from /home/airflow/.local/lib/python3.8/site-packages/airflow/example_dags/example_branch_operator.py
[2024-03-03T21:12:36.443+0000] {processor.py:840} INFO - DAG(s) 'example_branch_operator' retrieved from /home/airflow/.local/lib/python3.8/site-packages/airflow/example_dags/example_branch_operator.py
[2024-03-03T21:12:36.486+0000] {logging_mixin.py:188} INFO - [2024-03-03T21:12:36.486+0000] {dag.py:3036} INFO - Sync 1 DAGs
[2024-03-03T21:12:36.520+0000] {logging_mixin.py:188} INFO - [2024-03-03T21:12:36.519+0000] {dag.py:3823} INFO - Setting next_dagrun for example_branch_operator to 2024-03-02 00:00:00+00:00, run_after=2024-03-03 00:00:00+00:00
[2024-03-03T21:12:36.551+0000] {processor.py:183} INFO - Processing /home/airflow/.local/lib/python3.8/site-packages/airflow/example_dags/example_branch_operator.py took 0.137 seconds
[2024-03-03T21:13:06.814+0000] {processor.py:161} INFO - Started process (PID=1219) to work on /home/airflow/.local/lib/python3.8/site-packages/airflow/example_dags/example_branch_operator.py
[2024-03-03T21:13:06.815+0000] {processor.py:830} INFO - Processing file /home/airflow/.local/lib/python3.8/site-packages/airflow/example_dags/example_branch_operator.py for tasks to queue
[2024-03-03T21:13:06.818+0000] {logging_mixin.py:188} INFO - [2024-03-03T21:13:06.817+0000] {dagbag.py:538} INFO - Filling up the DagBag from /home/airflow/.local/lib/python3.8/site-packages/airflow/example_dags/example_branch_operator.py
[2024-03-03T21:13:06.836+0000] {processor.py:840} INFO - DAG(s) 'example_branch_operator' retrieved from /home/airflow/.local/lib/python3.8/site-packages/airflow/example_dags/example_branch_operator.py
[2024-03-03T21:13:06.874+0000] {logging_mixin.py:188} INFO - [2024-03-03T21:13:06.874+0000] {dag.py:3036} INFO - Sync 1 DAGs
[2024-03-03T21:13:06.905+0000] {logging_mixin.py:188} INFO - [2024-03-03T21:13:06.904+0000] {dag.py:3823} INFO - Setting next_dagrun for example_branch_operator to 2024-03-02 00:00:00+00:00, run_after=2024-03-03 00:00:00+00:00
[2024-03-03T21:13:06.934+0000] {processor.py:183} INFO - Processing /home/airflow/.local/lib/python3.8/site-packages/airflow/example_dags/example_branch_operator.py took 0.123 seconds
[2024-03-03T21:13:37.202+0000] {processor.py:161} INFO - Started process (PID=1274) to work on /home/airflow/.local/lib/python3.8/site-packages/airflow/example_dags/example_branch_operator.py
[2024-03-03T21:13:37.203+0000] {processor.py:830} INFO - Processing file /home/airflow/.local/lib/python3.8/site-packages/airflow/example_dags/example_branch_operator.py for tasks to queue
[2024-03-03T21:13:37.206+0000] {logging_mixin.py:188} INFO - [2024-03-03T21:13:37.205+0000] {dagbag.py:538} INFO - Filling up the DagBag from /home/airflow/.local/lib/python3.8/site-packages/airflow/example_dags/example_branch_operator.py
[2024-03-03T21:13:37.227+0000] {processor.py:840} INFO - DAG(s) 'example_branch_operator' retrieved from /home/airflow/.local/lib/python3.8/site-packages/airflow/example_dags/example_branch_operator.py
[2024-03-03T21:13:37.267+0000] {logging_mixin.py:188} INFO - [2024-03-03T21:13:37.266+0000] {dag.py:3036} INFO - Sync 1 DAGs
[2024-03-03T21:13:37.306+0000] {logging_mixin.py:188} INFO - [2024-03-03T21:13:37.305+0000] {dag.py:3823} INFO - Setting next_dagrun for example_branch_operator to 2024-03-02 00:00:00+00:00, run_after=2024-03-03 00:00:00+00:00
[2024-03-03T21:13:37.337+0000] {processor.py:183} INFO - Processing /home/airflow/.local/lib/python3.8/site-packages/airflow/example_dags/example_branch_operator.py took 0.138 seconds
[2024-03-03T21:14:07.818+0000] {processor.py:161} INFO - Started process (PID=1329) to work on /home/airflow/.local/lib/python3.8/site-packages/airflow/example_dags/example_branch_operator.py
[2024-03-03T21:14:07.819+0000] {processor.py:830} INFO - Processing file /home/airflow/.local/lib/python3.8/site-packages/airflow/example_dags/example_branch_operator.py for tasks to queue
[2024-03-03T21:14:07.821+0000] {logging_mixin.py:188} INFO - [2024-03-03T21:14:07.820+0000] {dagbag.py:538} INFO - Filling up the DagBag from /home/airflow/.local/lib/python3.8/site-packages/airflow/example_dags/example_branch_operator.py
[2024-03-03T21:14:07.839+0000] {processor.py:840} INFO - DAG(s) 'example_branch_operator' retrieved from /home/airflow/.local/lib/python3.8/site-packages/airflow/example_dags/example_branch_operator.py
[2024-03-03T21:14:07.874+0000] {logging_mixin.py:188} INFO - [2024-03-03T21:14:07.873+0000] {dag.py:3036} INFO - Sync 1 DAGs
[2024-03-03T21:14:07.908+0000] {logging_mixin.py:188} INFO - [2024-03-03T21:14:07.908+0000] {dag.py:3823} INFO - Setting next_dagrun for example_branch_operator to 2024-03-02 00:00:00+00:00, run_after=2024-03-03 00:00:00+00:00
[2024-03-03T21:14:07.936+0000] {processor.py:183} INFO - Processing /home/airflow/.local/lib/python3.8/site-packages/airflow/example_dags/example_branch_operator.py took 0.121 seconds
[2024-03-03T21:14:38.094+0000] {processor.py:161} INFO - Started process (PID=1384) to work on /home/airflow/.local/lib/python3.8/site-packages/airflow/example_dags/example_branch_operator.py
[2024-03-03T21:14:38.095+0000] {processor.py:830} INFO - Processing file /home/airflow/.local/lib/python3.8/site-packages/airflow/example_dags/example_branch_operator.py for tasks to queue
[2024-03-03T21:14:38.098+0000] {logging_mixin.py:188} INFO - [2024-03-03T21:14:38.097+0000] {dagbag.py:538} INFO - Filling up the DagBag from /home/airflow/.local/lib/python3.8/site-packages/airflow/example_dags/example_branch_operator.py
[2024-03-03T21:14:38.123+0000] {processor.py:840} INFO - DAG(s) 'example_branch_operator' retrieved from /home/airflow/.local/lib/python3.8/site-packages/airflow/example_dags/example_branch_operator.py
[2024-03-03T21:14:38.158+0000] {logging_mixin.py:188} INFO - [2024-03-03T21:14:38.158+0000] {dag.py:3036} INFO - Sync 1 DAGs
[2024-03-03T21:14:38.190+0000] {logging_mixin.py:188} INFO - [2024-03-03T21:14:38.190+0000] {dag.py:3823} INFO - Setting next_dagrun for example_branch_operator to 2024-03-02 00:00:00+00:00, run_after=2024-03-03 00:00:00+00:00
[2024-03-03T21:14:38.220+0000] {processor.py:183} INFO - Processing /home/airflow/.local/lib/python3.8/site-packages/airflow/example_dags/example_branch_operator.py took 0.131 seconds
[2024-03-03T21:15:08.807+0000] {processor.py:161} INFO - Started process (PID=1439) to work on /home/airflow/.local/lib/python3.8/site-packages/airflow/example_dags/example_branch_operator.py
[2024-03-03T21:15:08.808+0000] {processor.py:830} INFO - Processing file /home/airflow/.local/lib/python3.8/site-packages/airflow/example_dags/example_branch_operator.py for tasks to queue
[2024-03-03T21:15:08.811+0000] {logging_mixin.py:188} INFO - [2024-03-03T21:15:08.810+0000] {dagbag.py:538} INFO - Filling up the DagBag from /home/airflow/.local/lib/python3.8/site-packages/airflow/example_dags/example_branch_operator.py
[2024-03-03T21:15:08.835+0000] {processor.py:840} INFO - DAG(s) 'example_branch_operator' retrieved from /home/airflow/.local/lib/python3.8/site-packages/airflow/example_dags/example_branch_operator.py
[2024-03-03T21:15:08.874+0000] {logging_mixin.py:188} INFO - [2024-03-03T21:15:08.874+0000] {dag.py:3036} INFO - Sync 1 DAGs
[2024-03-03T21:15:08.911+0000] {logging_mixin.py:188} INFO - [2024-03-03T21:15:08.910+0000] {dag.py:3823} INFO - Setting next_dagrun for example_branch_operator to 2024-03-02 00:00:00+00:00, run_after=2024-03-03 00:00:00+00:00
[2024-03-03T21:15:08.940+0000] {processor.py:183} INFO - Processing /home/airflow/.local/lib/python3.8/site-packages/airflow/example_dags/example_branch_operator.py took 0.138 seconds
[2024-03-03T21:15:39.398+0000] {processor.py:161} INFO - Started process (PID=1494) to work on /home/airflow/.local/lib/python3.8/site-packages/airflow/example_dags/example_branch_operator.py
[2024-03-03T21:15:39.400+0000] {processor.py:830} INFO - Processing file /home/airflow/.local/lib/python3.8/site-packages/airflow/example_dags/example_branch_operator.py for tasks to queue
[2024-03-03T21:15:39.402+0000] {logging_mixin.py:188} INFO - [2024-03-03T21:15:39.402+0000] {dagbag.py:538} INFO - Filling up the DagBag from /home/airflow/.local/lib/python3.8/site-packages/airflow/example_dags/example_branch_operator.py
[2024-03-03T21:15:39.424+0000] {processor.py:840} INFO - DAG(s) 'example_branch_operator' retrieved from /home/airflow/.local/lib/python3.8/site-packages/airflow/example_dags/example_branch_operator.py
[2024-03-03T21:15:39.460+0000] {logging_mixin.py:188} INFO - [2024-03-03T21:15:39.460+0000] {dag.py:3036} INFO - Sync 1 DAGs
[2024-03-03T21:15:39.493+0000] {logging_mixin.py:188} INFO - [2024-03-03T21:15:39.492+0000] {dag.py:3823} INFO - Setting next_dagrun for example_branch_operator to 2024-03-02 00:00:00+00:00, run_after=2024-03-03 00:00:00+00:00
[2024-03-03T21:15:39.523+0000] {processor.py:183} INFO - Processing /home/airflow/.local/lib/python3.8/site-packages/airflow/example_dags/example_branch_operator.py took 0.128 seconds
[2024-03-03T21:16:09.873+0000] {processor.py:161} INFO - Started process (PID=1549) to work on /home/airflow/.local/lib/python3.8/site-packages/airflow/example_dags/example_branch_operator.py
[2024-03-03T21:16:09.874+0000] {processor.py:830} INFO - Processing file /home/airflow/.local/lib/python3.8/site-packages/airflow/example_dags/example_branch_operator.py for tasks to queue
[2024-03-03T21:16:09.876+0000] {logging_mixin.py:188} INFO - [2024-03-03T21:16:09.876+0000] {dagbag.py:538} INFO - Filling up the DagBag from /home/airflow/.local/lib/python3.8/site-packages/airflow/example_dags/example_branch_operator.py
[2024-03-03T21:16:09.905+0000] {processor.py:840} INFO - DAG(s) 'example_branch_operator' retrieved from /home/airflow/.local/lib/python3.8/site-packages/airflow/example_dags/example_branch_operator.py
[2024-03-03T21:16:09.949+0000] {logging_mixin.py:188} INFO - [2024-03-03T21:16:09.949+0000] {dag.py:3036} INFO - Sync 1 DAGs
[2024-03-03T21:16:09.994+0000] {logging_mixin.py:188} INFO - [2024-03-03T21:16:09.993+0000] {dag.py:3823} INFO - Setting next_dagrun for example_branch_operator to 2024-03-02 00:00:00+00:00, run_after=2024-03-03 00:00:00+00:00
[2024-03-03T21:16:10.038+0000] {processor.py:183} INFO - Processing /home/airflow/.local/lib/python3.8/site-packages/airflow/example_dags/example_branch_operator.py took 0.169 seconds
[2024-03-03T21:16:40.134+0000] {processor.py:161} INFO - Started process (PID=1604) to work on /home/airflow/.local/lib/python3.8/site-packages/airflow/example_dags/example_branch_operator.py
[2024-03-03T21:16:40.135+0000] {processor.py:830} INFO - Processing file /home/airflow/.local/lib/python3.8/site-packages/airflow/example_dags/example_branch_operator.py for tasks to queue
[2024-03-03T21:16:40.138+0000] {logging_mixin.py:188} INFO - [2024-03-03T21:16:40.137+0000] {dagbag.py:538} INFO - Filling up the DagBag from /home/airflow/.local/lib/python3.8/site-packages/airflow/example_dags/example_branch_operator.py
[2024-03-03T21:16:40.158+0000] {processor.py:840} INFO - DAG(s) 'example_branch_operator' retrieved from /home/airflow/.local/lib/python3.8/site-packages/airflow/example_dags/example_branch_operator.py
[2024-03-03T21:16:40.213+0000] {logging_mixin.py:188} INFO - [2024-03-03T21:16:40.213+0000] {dag.py:3036} INFO - Sync 1 DAGs
[2024-03-03T21:16:40.259+0000] {logging_mixin.py:188} INFO - [2024-03-03T21:16:40.259+0000] {dag.py:3823} INFO - Setting next_dagrun for example_branch_operator to 2024-03-02 00:00:00+00:00, run_after=2024-03-03 00:00:00+00:00
[2024-03-03T21:16:40.296+0000] {processor.py:183} INFO - Processing /home/airflow/.local/lib/python3.8/site-packages/airflow/example_dags/example_branch_operator.py took 0.165 seconds
[2024-03-03T21:17:10.424+0000] {processor.py:161} INFO - Started process (PID=1659) to work on /home/airflow/.local/lib/python3.8/site-packages/airflow/example_dags/example_branch_operator.py
[2024-03-03T21:17:10.426+0000] {processor.py:830} INFO - Processing file /home/airflow/.local/lib/python3.8/site-packages/airflow/example_dags/example_branch_operator.py for tasks to queue
[2024-03-03T21:17:10.428+0000] {logging_mixin.py:188} INFO - [2024-03-03T21:17:10.428+0000] {dagbag.py:538} INFO - Filling up the DagBag from /home/airflow/.local/lib/python3.8/site-packages/airflow/example_dags/example_branch_operator.py
[2024-03-03T21:17:10.448+0000] {processor.py:840} INFO - DAG(s) 'example_branch_operator' retrieved from /home/airflow/.local/lib/python3.8/site-packages/airflow/example_dags/example_branch_operator.py
[2024-03-03T21:17:10.483+0000] {logging_mixin.py:188} INFO - [2024-03-03T21:17:10.482+0000] {dag.py:3036} INFO - Sync 1 DAGs
[2024-03-03T21:17:10.510+0000] {logging_mixin.py:188} INFO - [2024-03-03T21:17:10.510+0000] {dag.py:3823} INFO - Setting next_dagrun for example_branch_operator to 2024-03-02 00:00:00+00:00, run_after=2024-03-03 00:00:00+00:00
[2024-03-03T21:17:10.535+0000] {processor.py:183} INFO - Processing /home/airflow/.local/lib/python3.8/site-packages/airflow/example_dags/example_branch_operator.py took 0.115 seconds
[2024-03-03T21:17:40.852+0000] {processor.py:161} INFO - Started process (PID=1714) to work on /home/airflow/.local/lib/python3.8/site-packages/airflow/example_dags/example_branch_operator.py
[2024-03-03T21:17:40.853+0000] {processor.py:830} INFO - Processing file /home/airflow/.local/lib/python3.8/site-packages/airflow/example_dags/example_branch_operator.py for tasks to queue
[2024-03-03T21:17:40.855+0000] {logging_mixin.py:188} INFO - [2024-03-03T21:17:40.855+0000] {dagbag.py:538} INFO - Filling up the DagBag from /home/airflow/.local/lib/python3.8/site-packages/airflow/example_dags/example_branch_operator.py
[2024-03-03T21:17:40.875+0000] {processor.py:840} INFO - DAG(s) 'example_branch_operator' retrieved from /home/airflow/.local/lib/python3.8/site-packages/airflow/example_dags/example_branch_operator.py
[2024-03-03T21:17:40.911+0000] {logging_mixin.py:188} INFO - [2024-03-03T21:17:40.910+0000] {dag.py:3036} INFO - Sync 1 DAGs
[2024-03-03T21:17:40.945+0000] {logging_mixin.py:188} INFO - [2024-03-03T21:17:40.944+0000] {dag.py:3823} INFO - Setting next_dagrun for example_branch_operator to 2024-03-02 00:00:00+00:00, run_after=2024-03-03 00:00:00+00:00
[2024-03-03T21:17:40.973+0000] {processor.py:183} INFO - Processing /home/airflow/.local/lib/python3.8/site-packages/airflow/example_dags/example_branch_operator.py took 0.125 seconds
[2024-03-03T21:18:11.493+0000] {processor.py:161} INFO - Started process (PID=1769) to work on /home/airflow/.local/lib/python3.8/site-packages/airflow/example_dags/example_branch_operator.py
[2024-03-03T21:18:11.497+0000] {processor.py:830} INFO - Processing file /home/airflow/.local/lib/python3.8/site-packages/airflow/example_dags/example_branch_operator.py for tasks to queue
[2024-03-03T21:18:11.502+0000] {logging_mixin.py:188} INFO - [2024-03-03T21:18:11.501+0000] {dagbag.py:538} INFO - Filling up the DagBag from /home/airflow/.local/lib/python3.8/site-packages/airflow/example_dags/example_branch_operator.py
[2024-03-03T21:18:11.541+0000] {processor.py:840} INFO - DAG(s) 'example_branch_operator' retrieved from /home/airflow/.local/lib/python3.8/site-packages/airflow/example_dags/example_branch_operator.py
[2024-03-03T21:18:11.591+0000] {logging_mixin.py:188} INFO - [2024-03-03T21:18:11.590+0000] {dag.py:3036} INFO - Sync 1 DAGs
[2024-03-03T21:18:11.631+0000] {logging_mixin.py:188} INFO - [2024-03-03T21:18:11.630+0000] {dag.py:3823} INFO - Setting next_dagrun for example_branch_operator to 2024-03-02 00:00:00+00:00, run_after=2024-03-03 00:00:00+00:00
[2024-03-03T21:18:11.667+0000] {processor.py:183} INFO - Processing /home/airflow/.local/lib/python3.8/site-packages/airflow/example_dags/example_branch_operator.py took 0.180 seconds
[2024-03-03T21:18:41.721+0000] {processor.py:161} INFO - Started process (PID=1823) to work on /home/airflow/.local/lib/python3.8/site-packages/airflow/example_dags/example_branch_operator.py
[2024-03-03T21:18:41.723+0000] {processor.py:830} INFO - Processing file /home/airflow/.local/lib/python3.8/site-packages/airflow/example_dags/example_branch_operator.py for tasks to queue
[2024-03-03T21:18:41.725+0000] {logging_mixin.py:188} INFO - [2024-03-03T21:18:41.724+0000] {dagbag.py:538} INFO - Filling up the DagBag from /home/airflow/.local/lib/python3.8/site-packages/airflow/example_dags/example_branch_operator.py
[2024-03-03T21:18:41.742+0000] {processor.py:840} INFO - DAG(s) 'example_branch_operator' retrieved from /home/airflow/.local/lib/python3.8/site-packages/airflow/example_dags/example_branch_operator.py
[2024-03-03T21:18:41.774+0000] {logging_mixin.py:188} INFO - [2024-03-03T21:18:41.774+0000] {dag.py:3036} INFO - Sync 1 DAGs
[2024-03-03T21:18:41.801+0000] {logging_mixin.py:188} INFO - [2024-03-03T21:18:41.801+0000] {dag.py:3823} INFO - Setting next_dagrun for example_branch_operator to 2024-03-02 00:00:00+00:00, run_after=2024-03-03 00:00:00+00:00
[2024-03-03T21:18:41.824+0000] {processor.py:183} INFO - Processing /home/airflow/.local/lib/python3.8/site-packages/airflow/example_dags/example_branch_operator.py took 0.107 seconds
[2024-03-03T21:19:12.674+0000] {processor.py:161} INFO - Started process (PID=1879) to work on /home/airflow/.local/lib/python3.8/site-packages/airflow/example_dags/example_branch_operator.py
[2024-03-03T21:19:12.676+0000] {processor.py:830} INFO - Processing file /home/airflow/.local/lib/python3.8/site-packages/airflow/example_dags/example_branch_operator.py for tasks to queue
[2024-03-03T21:19:12.680+0000] {logging_mixin.py:188} INFO - [2024-03-03T21:19:12.679+0000] {dagbag.py:538} INFO - Filling up the DagBag from /home/airflow/.local/lib/python3.8/site-packages/airflow/example_dags/example_branch_operator.py
[2024-03-03T21:19:12.706+0000] {processor.py:840} INFO - DAG(s) 'example_branch_operator' retrieved from /home/airflow/.local/lib/python3.8/site-packages/airflow/example_dags/example_branch_operator.py
[2024-03-03T21:19:12.756+0000] {logging_mixin.py:188} INFO - [2024-03-03T21:19:12.756+0000] {dag.py:3036} INFO - Sync 1 DAGs
[2024-03-03T21:19:12.797+0000] {logging_mixin.py:188} INFO - [2024-03-03T21:19:12.797+0000] {dag.py:3823} INFO - Setting next_dagrun for example_branch_operator to 2024-03-02 00:00:00+00:00, run_after=2024-03-03 00:00:00+00:00
[2024-03-03T21:19:12.844+0000] {processor.py:183} INFO - Processing /home/airflow/.local/lib/python3.8/site-packages/airflow/example_dags/example_branch_operator.py took 0.174 seconds
[2024-03-03T21:19:43.366+0000] {processor.py:161} INFO - Started process (PID=1934) to work on /home/airflow/.local/lib/python3.8/site-packages/airflow/example_dags/example_branch_operator.py
[2024-03-03T21:19:43.367+0000] {processor.py:830} INFO - Processing file /home/airflow/.local/lib/python3.8/site-packages/airflow/example_dags/example_branch_operator.py for tasks to queue
[2024-03-03T21:19:43.369+0000] {logging_mixin.py:188} INFO - [2024-03-03T21:19:43.369+0000] {dagbag.py:538} INFO - Filling up the DagBag from /home/airflow/.local/lib/python3.8/site-packages/airflow/example_dags/example_branch_operator.py
[2024-03-03T21:19:43.388+0000] {processor.py:840} INFO - DAG(s) 'example_branch_operator' retrieved from /home/airflow/.local/lib/python3.8/site-packages/airflow/example_dags/example_branch_operator.py
[2024-03-03T21:19:43.422+0000] {logging_mixin.py:188} INFO - [2024-03-03T21:19:43.422+0000] {dag.py:3036} INFO - Sync 1 DAGs
[2024-03-03T21:19:43.450+0000] {logging_mixin.py:188} INFO - [2024-03-03T21:19:43.450+0000] {dag.py:3823} INFO - Setting next_dagrun for example_branch_operator to 2024-03-02 00:00:00+00:00, run_after=2024-03-03 00:00:00+00:00
[2024-03-03T21:19:43.493+0000] {processor.py:183} INFO - Processing /home/airflow/.local/lib/python3.8/site-packages/airflow/example_dags/example_branch_operator.py took 0.130 seconds
[2024-03-03T21:20:14.001+0000] {processor.py:161} INFO - Started process (PID=1989) to work on /home/airflow/.local/lib/python3.8/site-packages/airflow/example_dags/example_branch_operator.py
[2024-03-03T21:20:14.003+0000] {processor.py:830} INFO - Processing file /home/airflow/.local/lib/python3.8/site-packages/airflow/example_dags/example_branch_operator.py for tasks to queue
[2024-03-03T21:20:14.005+0000] {logging_mixin.py:188} INFO - [2024-03-03T21:20:14.004+0000] {dagbag.py:538} INFO - Filling up the DagBag from /home/airflow/.local/lib/python3.8/site-packages/airflow/example_dags/example_branch_operator.py
[2024-03-03T21:20:14.026+0000] {processor.py:840} INFO - DAG(s) 'example_branch_operator' retrieved from /home/airflow/.local/lib/python3.8/site-packages/airflow/example_dags/example_branch_operator.py
[2024-03-03T21:20:14.061+0000] {logging_mixin.py:188} INFO - [2024-03-03T21:20:14.060+0000] {dag.py:3036} INFO - Sync 1 DAGs
[2024-03-03T21:20:14.090+0000] {logging_mixin.py:188} INFO - [2024-03-03T21:20:14.089+0000] {dag.py:3823} INFO - Setting next_dagrun for example_branch_operator to 2024-03-02 00:00:00+00:00, run_after=2024-03-03 00:00:00+00:00
[2024-03-03T21:20:14.113+0000] {processor.py:183} INFO - Processing /home/airflow/.local/lib/python3.8/site-packages/airflow/example_dags/example_branch_operator.py took 0.115 seconds
[2024-03-03T21:20:44.834+0000] {processor.py:161} INFO - Started process (PID=2042) to work on /home/airflow/.local/lib/python3.8/site-packages/airflow/example_dags/example_branch_operator.py
[2024-03-03T21:20:44.835+0000] {processor.py:830} INFO - Processing file /home/airflow/.local/lib/python3.8/site-packages/airflow/example_dags/example_branch_operator.py for tasks to queue
[2024-03-03T21:20:44.838+0000] {logging_mixin.py:188} INFO - [2024-03-03T21:20:44.837+0000] {dagbag.py:538} INFO - Filling up the DagBag from /home/airflow/.local/lib/python3.8/site-packages/airflow/example_dags/example_branch_operator.py
[2024-03-03T21:20:44.858+0000] {processor.py:840} INFO - DAG(s) 'example_branch_operator' retrieved from /home/airflow/.local/lib/python3.8/site-packages/airflow/example_dags/example_branch_operator.py
[2024-03-03T21:20:44.893+0000] {logging_mixin.py:188} INFO - [2024-03-03T21:20:44.893+0000] {dag.py:3036} INFO - Sync 1 DAGs
[2024-03-03T21:20:44.924+0000] {logging_mixin.py:188} INFO - [2024-03-03T21:20:44.924+0000] {dag.py:3823} INFO - Setting next_dagrun for example_branch_operator to 2024-03-02 00:00:00+00:00, run_after=2024-03-03 00:00:00+00:00
[2024-03-03T21:20:44.952+0000] {processor.py:183} INFO - Processing /home/airflow/.local/lib/python3.8/site-packages/airflow/example_dags/example_branch_operator.py took 0.121 seconds
[2024-03-03T21:21:15.555+0000] {processor.py:161} INFO - Started process (PID=2097) to work on /home/airflow/.local/lib/python3.8/site-packages/airflow/example_dags/example_branch_operator.py
[2024-03-03T21:21:15.556+0000] {processor.py:830} INFO - Processing file /home/airflow/.local/lib/python3.8/site-packages/airflow/example_dags/example_branch_operator.py for tasks to queue
[2024-03-03T21:21:15.558+0000] {logging_mixin.py:188} INFO - [2024-03-03T21:21:15.557+0000] {dagbag.py:538} INFO - Filling up the DagBag from /home/airflow/.local/lib/python3.8/site-packages/airflow/example_dags/example_branch_operator.py
[2024-03-03T21:21:15.573+0000] {processor.py:840} INFO - DAG(s) 'example_branch_operator' retrieved from /home/airflow/.local/lib/python3.8/site-packages/airflow/example_dags/example_branch_operator.py
[2024-03-03T21:21:15.600+0000] {logging_mixin.py:188} INFO - [2024-03-03T21:21:15.600+0000] {dag.py:3036} INFO - Sync 1 DAGs
[2024-03-03T21:21:15.624+0000] {logging_mixin.py:188} INFO - [2024-03-03T21:21:15.624+0000] {dag.py:3823} INFO - Setting next_dagrun for example_branch_operator to 2024-03-02 00:00:00+00:00, run_after=2024-03-03 00:00:00+00:00
[2024-03-03T21:21:15.659+0000] {processor.py:183} INFO - Processing /home/airflow/.local/lib/python3.8/site-packages/airflow/example_dags/example_branch_operator.py took 0.107 seconds
[2024-03-03T21:21:46.449+0000] {processor.py:161} INFO - Started process (PID=2152) to work on /home/airflow/.local/lib/python3.8/site-packages/airflow/example_dags/example_branch_operator.py
[2024-03-03T21:21:46.451+0000] {processor.py:830} INFO - Processing file /home/airflow/.local/lib/python3.8/site-packages/airflow/example_dags/example_branch_operator.py for tasks to queue
[2024-03-03T21:21:46.453+0000] {logging_mixin.py:188} INFO - [2024-03-03T21:21:46.453+0000] {dagbag.py:538} INFO - Filling up the DagBag from /home/airflow/.local/lib/python3.8/site-packages/airflow/example_dags/example_branch_operator.py
[2024-03-03T21:21:46.474+0000] {processor.py:840} INFO - DAG(s) 'example_branch_operator' retrieved from /home/airflow/.local/lib/python3.8/site-packages/airflow/example_dags/example_branch_operator.py
[2024-03-03T21:21:46.511+0000] {logging_mixin.py:188} INFO - [2024-03-03T21:21:46.511+0000] {dag.py:3036} INFO - Sync 1 DAGs
[2024-03-03T21:21:46.545+0000] {logging_mixin.py:188} INFO - [2024-03-03T21:21:46.544+0000] {dag.py:3823} INFO - Setting next_dagrun for example_branch_operator to 2024-03-02 00:00:00+00:00, run_after=2024-03-03 00:00:00+00:00
[2024-03-03T21:21:46.572+0000] {processor.py:183} INFO - Processing /home/airflow/.local/lib/python3.8/site-packages/airflow/example_dags/example_branch_operator.py took 0.129 seconds
[2024-03-03T21:22:17.075+0000] {processor.py:161} INFO - Started process (PID=2207) to work on /home/airflow/.local/lib/python3.8/site-packages/airflow/example_dags/example_branch_operator.py
[2024-03-03T21:22:17.076+0000] {processor.py:830} INFO - Processing file /home/airflow/.local/lib/python3.8/site-packages/airflow/example_dags/example_branch_operator.py for tasks to queue
[2024-03-03T21:22:17.078+0000] {logging_mixin.py:188} INFO - [2024-03-03T21:22:17.077+0000] {dagbag.py:538} INFO - Filling up the DagBag from /home/airflow/.local/lib/python3.8/site-packages/airflow/example_dags/example_branch_operator.py
[2024-03-03T21:22:17.095+0000] {processor.py:840} INFO - DAG(s) 'example_branch_operator' retrieved from /home/airflow/.local/lib/python3.8/site-packages/airflow/example_dags/example_branch_operator.py
[2024-03-03T21:22:17.128+0000] {logging_mixin.py:188} INFO - [2024-03-03T21:22:17.127+0000] {dag.py:3036} INFO - Sync 1 DAGs
[2024-03-03T21:22:17.156+0000] {logging_mixin.py:188} INFO - [2024-03-03T21:22:17.156+0000] {dag.py:3823} INFO - Setting next_dagrun for example_branch_operator to 2024-03-02 00:00:00+00:00, run_after=2024-03-03 00:00:00+00:00
[2024-03-03T21:22:17.188+0000] {processor.py:183} INFO - Processing /home/airflow/.local/lib/python3.8/site-packages/airflow/example_dags/example_branch_operator.py took 0.116 seconds
