[2024-03-03T20:00:45.405+0000] {processor.py:161} INFO - Started process (PID=99) to work on /home/airflow/.local/lib/python3.8/site-packages/airflow/example_dags/example_nested_branch_dag.py
[2024-03-03T20:00:45.408+0000] {processor.py:830} INFO - Processing file /home/airflow/.local/lib/python3.8/site-packages/airflow/example_dags/example_nested_branch_dag.py for tasks to queue
[2024-03-03T20:00:45.411+0000] {logging_mixin.py:188} INFO - [2024-03-03T20:00:45.410+0000] {dagbag.py:538} INFO - Filling up the DagBag from /home/airflow/.local/lib/python3.8/site-packages/airflow/example_dags/example_nested_branch_dag.py
[2024-03-03T20:00:45.439+0000] {processor.py:840} INFO - DAG(s) 'example_nested_branch_dag' retrieved from /home/airflow/.local/lib/python3.8/site-packages/airflow/example_dags/example_nested_branch_dag.py
[2024-03-03T20:00:45.685+0000] {logging_mixin.py:188} INFO - [2024-03-03T20:00:45.684+0000] {override.py:1769} INFO - Created Permission View: can delete on DAG:example_nested_branch_dag
[2024-03-03T20:00:45.708+0000] {logging_mixin.py:188} INFO - [2024-03-03T20:00:45.707+0000] {override.py:1769} INFO - Created Permission View: can edit on DAG:example_nested_branch_dag
[2024-03-03T20:00:45.725+0000] {logging_mixin.py:188} INFO - [2024-03-03T20:00:45.725+0000] {override.py:1769} INFO - Created Permission View: can read on DAG:example_nested_branch_dag
[2024-03-03T20:00:45.727+0000] {logging_mixin.py:188} INFO - [2024-03-03T20:00:45.726+0000] {dag.py:3036} INFO - Sync 1 DAGs
[2024-03-03T20:00:45.751+0000] {logging_mixin.py:188} INFO - [2024-03-03T20:00:45.751+0000] {dag.py:3058} INFO - Creating ORM DAG for example_nested_branch_dag
[2024-03-03T20:00:45.774+0000] {logging_mixin.py:188} INFO - [2024-03-03T20:00:45.774+0000] {dag.py:3823} INFO - Setting next_dagrun for example_nested_branch_dag to 2024-03-02 00:00:00+00:00, run_after=2024-03-03 00:00:00+00:00
[2024-03-03T20:00:45.821+0000] {processor.py:183} INFO - Processing /home/airflow/.local/lib/python3.8/site-packages/airflow/example_dags/example_nested_branch_dag.py took 0.423 seconds
[2024-03-03T20:05:09.445+0000] {processor.py:161} INFO - Started process (PID=170) to work on /home/airflow/.local/lib/python3.8/site-packages/airflow/example_dags/example_nested_branch_dag.py
[2024-03-03T20:05:09.450+0000] {processor.py:830} INFO - Processing file /home/airflow/.local/lib/python3.8/site-packages/airflow/example_dags/example_nested_branch_dag.py for tasks to queue
[2024-03-03T20:05:09.453+0000] {logging_mixin.py:188} INFO - [2024-03-03T20:05:09.452+0000] {dagbag.py:538} INFO - Filling up the DagBag from /home/airflow/.local/lib/python3.8/site-packages/airflow/example_dags/example_nested_branch_dag.py
[2024-03-03T20:05:09.492+0000] {processor.py:840} INFO - DAG(s) 'example_nested_branch_dag' retrieved from /home/airflow/.local/lib/python3.8/site-packages/airflow/example_dags/example_nested_branch_dag.py
[2024-03-03T20:05:09.558+0000] {logging_mixin.py:188} INFO - [2024-03-03T20:05:09.558+0000] {dag.py:3036} INFO - Sync 1 DAGs
[2024-03-03T20:05:09.625+0000] {logging_mixin.py:188} INFO - [2024-03-03T20:05:09.624+0000] {dag.py:3823} INFO - Setting next_dagrun for example_nested_branch_dag to 2024-03-02 00:00:00+00:00, run_after=2024-03-03 00:00:00+00:00
[2024-03-03T20:05:09.687+0000] {processor.py:183} INFO - Processing /home/airflow/.local/lib/python3.8/site-packages/airflow/example_dags/example_nested_branch_dag.py took 0.251 seconds
[2024-03-03T20:08:15.279+0000] {processor.py:161} INFO - Started process (PID=245) to work on /home/airflow/.local/lib/python3.8/site-packages/airflow/example_dags/example_nested_branch_dag.py
[2024-03-03T20:08:15.283+0000] {processor.py:830} INFO - Processing file /home/airflow/.local/lib/python3.8/site-packages/airflow/example_dags/example_nested_branch_dag.py for tasks to queue
[2024-03-03T20:08:15.286+0000] {logging_mixin.py:188} INFO - [2024-03-03T20:08:15.285+0000] {dagbag.py:538} INFO - Filling up the DagBag from /home/airflow/.local/lib/python3.8/site-packages/airflow/example_dags/example_nested_branch_dag.py
[2024-03-03T20:08:15.310+0000] {processor.py:840} INFO - DAG(s) 'example_nested_branch_dag' retrieved from /home/airflow/.local/lib/python3.8/site-packages/airflow/example_dags/example_nested_branch_dag.py
[2024-03-03T20:08:15.369+0000] {logging_mixin.py:188} INFO - [2024-03-03T20:08:15.368+0000] {dag.py:3036} INFO - Sync 1 DAGs
[2024-03-03T20:08:15.424+0000] {logging_mixin.py:188} INFO - [2024-03-03T20:08:15.424+0000] {dag.py:3823} INFO - Setting next_dagrun for example_nested_branch_dag to 2024-03-02 00:00:00+00:00, run_after=2024-03-03 00:00:00+00:00
[2024-03-03T20:08:15.478+0000] {processor.py:183} INFO - Processing /home/airflow/.local/lib/python3.8/site-packages/airflow/example_dags/example_nested_branch_dag.py took 0.210 seconds
[2024-03-03T20:11:31.636+0000] {processor.py:161} INFO - Started process (PID=316) to work on /home/airflow/.local/lib/python3.8/site-packages/airflow/example_dags/example_nested_branch_dag.py
[2024-03-03T20:11:31.638+0000] {processor.py:830} INFO - Processing file /home/airflow/.local/lib/python3.8/site-packages/airflow/example_dags/example_nested_branch_dag.py for tasks to queue
[2024-03-03T20:11:31.640+0000] {logging_mixin.py:188} INFO - [2024-03-03T20:11:31.640+0000] {dagbag.py:538} INFO - Filling up the DagBag from /home/airflow/.local/lib/python3.8/site-packages/airflow/example_dags/example_nested_branch_dag.py
[2024-03-03T20:11:31.662+0000] {processor.py:840} INFO - DAG(s) 'example_nested_branch_dag' retrieved from /home/airflow/.local/lib/python3.8/site-packages/airflow/example_dags/example_nested_branch_dag.py
[2024-03-03T20:11:31.764+0000] {logging_mixin.py:188} INFO - [2024-03-03T20:11:31.761+0000] {dag.py:3036} INFO - Sync 1 DAGs
[2024-03-03T20:11:31.825+0000] {logging_mixin.py:188} INFO - [2024-03-03T20:11:31.824+0000] {dag.py:3823} INFO - Setting next_dagrun for example_nested_branch_dag to 2024-03-02 00:00:00+00:00, run_after=2024-03-03 00:00:00+00:00
[2024-03-03T20:11:31.881+0000] {processor.py:183} INFO - Processing /home/airflow/.local/lib/python3.8/site-packages/airflow/example_dags/example_nested_branch_dag.py took 0.255 seconds
[2024-03-03T20:12:03.080+0000] {processor.py:161} INFO - Started process (PID=371) to work on /home/airflow/.local/lib/python3.8/site-packages/airflow/example_dags/example_nested_branch_dag.py
[2024-03-03T20:12:03.085+0000] {processor.py:830} INFO - Processing file /home/airflow/.local/lib/python3.8/site-packages/airflow/example_dags/example_nested_branch_dag.py for tasks to queue
[2024-03-03T20:12:03.087+0000] {logging_mixin.py:188} INFO - [2024-03-03T20:12:03.086+0000] {dagbag.py:538} INFO - Filling up the DagBag from /home/airflow/.local/lib/python3.8/site-packages/airflow/example_dags/example_nested_branch_dag.py
[2024-03-03T20:12:03.161+0000] {processor.py:840} INFO - DAG(s) 'example_nested_branch_dag' retrieved from /home/airflow/.local/lib/python3.8/site-packages/airflow/example_dags/example_nested_branch_dag.py
[2024-03-03T20:13:59.160+0000] {processor.py:161} INFO - Started process (PID=427) to work on /home/airflow/.local/lib/python3.8/site-packages/airflow/example_dags/example_nested_branch_dag.py
[2024-03-03T20:13:59.162+0000] {processor.py:830} INFO - Processing file /home/airflow/.local/lib/python3.8/site-packages/airflow/example_dags/example_nested_branch_dag.py for tasks to queue
[2024-03-03T20:13:59.163+0000] {logging_mixin.py:188} INFO - [2024-03-03T20:13:59.163+0000] {dagbag.py:538} INFO - Filling up the DagBag from /home/airflow/.local/lib/python3.8/site-packages/airflow/example_dags/example_nested_branch_dag.py
[2024-03-03T20:13:59.176+0000] {processor.py:840} INFO - DAG(s) 'example_nested_branch_dag' retrieved from /home/airflow/.local/lib/python3.8/site-packages/airflow/example_dags/example_nested_branch_dag.py
[2024-03-03T20:13:59.291+0000] {logging_mixin.py:188} INFO - [2024-03-03T20:13:59.290+0000] {dag.py:3036} INFO - Sync 1 DAGs
[2024-03-03T20:13:59.314+0000] {logging_mixin.py:188} INFO - [2024-03-03T20:13:59.314+0000] {dag.py:3823} INFO - Setting next_dagrun for example_nested_branch_dag to 2024-03-02 00:00:00+00:00, run_after=2024-03-03 00:00:00+00:00
[2024-03-03T20:13:59.338+0000] {processor.py:183} INFO - Processing /home/airflow/.local/lib/python3.8/site-packages/airflow/example_dags/example_nested_branch_dag.py took 0.182 seconds
[2024-03-03T20:14:29.667+0000] {processor.py:161} INFO - Started process (PID=477) to work on /home/airflow/.local/lib/python3.8/site-packages/airflow/example_dags/example_nested_branch_dag.py
[2024-03-03T20:14:29.670+0000] {processor.py:830} INFO - Processing file /home/airflow/.local/lib/python3.8/site-packages/airflow/example_dags/example_nested_branch_dag.py for tasks to queue
[2024-03-03T20:14:29.674+0000] {logging_mixin.py:188} INFO - [2024-03-03T20:14:29.673+0000] {dagbag.py:538} INFO - Filling up the DagBag from /home/airflow/.local/lib/python3.8/site-packages/airflow/example_dags/example_nested_branch_dag.py
[2024-03-03T20:14:29.711+0000] {processor.py:840} INFO - DAG(s) 'example_nested_branch_dag' retrieved from /home/airflow/.local/lib/python3.8/site-packages/airflow/example_dags/example_nested_branch_dag.py
[2024-03-03T20:14:30.092+0000] {logging_mixin.py:188} INFO - [2024-03-03T20:14:30.084+0000] {dag.py:3036} INFO - Sync 1 DAGs
[2024-03-03T20:14:30.148+0000] {logging_mixin.py:188} INFO - [2024-03-03T20:14:30.147+0000] {dag.py:3823} INFO - Setting next_dagrun for example_nested_branch_dag to 2024-03-02 00:00:00+00:00, run_after=2024-03-03 00:00:00+00:00
[2024-03-03T20:14:30.208+0000] {processor.py:183} INFO - Processing /home/airflow/.local/lib/python3.8/site-packages/airflow/example_dags/example_nested_branch_dag.py took 0.548 seconds
[2024-03-03T20:15:03.735+0000] {processor.py:161} INFO - Started process (PID=530) to work on /home/airflow/.local/lib/python3.8/site-packages/airflow/example_dags/example_nested_branch_dag.py
[2024-03-03T20:15:03.738+0000] {processor.py:830} INFO - Processing file /home/airflow/.local/lib/python3.8/site-packages/airflow/example_dags/example_nested_branch_dag.py for tasks to queue
[2024-03-03T20:15:03.742+0000] {logging_mixin.py:188} INFO - [2024-03-03T20:15:03.741+0000] {dagbag.py:538} INFO - Filling up the DagBag from /home/airflow/.local/lib/python3.8/site-packages/airflow/example_dags/example_nested_branch_dag.py
[2024-03-03T20:15:03.768+0000] {processor.py:840} INFO - DAG(s) 'example_nested_branch_dag' retrieved from /home/airflow/.local/lib/python3.8/site-packages/airflow/example_dags/example_nested_branch_dag.py
[2024-03-03T20:15:03.837+0000] {logging_mixin.py:188} INFO - [2024-03-03T20:15:03.836+0000] {dag.py:3036} INFO - Sync 1 DAGs
[2024-03-03T20:15:03.893+0000] {logging_mixin.py:188} INFO - [2024-03-03T20:15:03.893+0000] {dag.py:3823} INFO - Setting next_dagrun for example_nested_branch_dag to 2024-03-02 00:00:00+00:00, run_after=2024-03-03 00:00:00+00:00
[2024-03-03T20:15:03.946+0000] {processor.py:183} INFO - Processing /home/airflow/.local/lib/python3.8/site-packages/airflow/example_dags/example_nested_branch_dag.py took 0.220 seconds
[2024-03-03T20:15:35.116+0000] {processor.py:161} INFO - Started process (PID=585) to work on /home/airflow/.local/lib/python3.8/site-packages/airflow/example_dags/example_nested_branch_dag.py
[2024-03-03T20:15:35.118+0000] {processor.py:830} INFO - Processing file /home/airflow/.local/lib/python3.8/site-packages/airflow/example_dags/example_nested_branch_dag.py for tasks to queue
[2024-03-03T20:15:35.121+0000] {logging_mixin.py:188} INFO - [2024-03-03T20:15:35.120+0000] {dagbag.py:538} INFO - Filling up the DagBag from /home/airflow/.local/lib/python3.8/site-packages/airflow/example_dags/example_nested_branch_dag.py
[2024-03-03T20:15:35.147+0000] {processor.py:840} INFO - DAG(s) 'example_nested_branch_dag' retrieved from /home/airflow/.local/lib/python3.8/site-packages/airflow/example_dags/example_nested_branch_dag.py
[2024-03-03T20:15:35.197+0000] {logging_mixin.py:188} INFO - [2024-03-03T20:15:35.196+0000] {dag.py:3036} INFO - Sync 1 DAGs
[2024-03-03T20:15:35.255+0000] {logging_mixin.py:188} INFO - [2024-03-03T20:15:35.254+0000] {dag.py:3823} INFO - Setting next_dagrun for example_nested_branch_dag to 2024-03-02 00:00:00+00:00, run_after=2024-03-03 00:00:00+00:00
[2024-03-03T20:15:35.313+0000] {processor.py:183} INFO - Processing /home/airflow/.local/lib/python3.8/site-packages/airflow/example_dags/example_nested_branch_dag.py took 0.202 seconds
[2024-03-03T20:16:05.541+0000] {processor.py:161} INFO - Started process (PID=640) to work on /home/airflow/.local/lib/python3.8/site-packages/airflow/example_dags/example_nested_branch_dag.py
[2024-03-03T20:16:05.544+0000] {processor.py:830} INFO - Processing file /home/airflow/.local/lib/python3.8/site-packages/airflow/example_dags/example_nested_branch_dag.py for tasks to queue
[2024-03-03T20:16:05.547+0000] {logging_mixin.py:188} INFO - [2024-03-03T20:16:05.546+0000] {dagbag.py:538} INFO - Filling up the DagBag from /home/airflow/.local/lib/python3.8/site-packages/airflow/example_dags/example_nested_branch_dag.py
[2024-03-03T20:16:05.570+0000] {processor.py:840} INFO - DAG(s) 'example_nested_branch_dag' retrieved from /home/airflow/.local/lib/python3.8/site-packages/airflow/example_dags/example_nested_branch_dag.py
[2024-03-03T20:16:05.614+0000] {logging_mixin.py:188} INFO - [2024-03-03T20:16:05.614+0000] {dag.py:3036} INFO - Sync 1 DAGs
[2024-03-03T20:16:05.657+0000] {logging_mixin.py:188} INFO - [2024-03-03T20:16:05.656+0000] {dag.py:3823} INFO - Setting next_dagrun for example_nested_branch_dag to 2024-03-02 00:00:00+00:00, run_after=2024-03-03 00:00:00+00:00
[2024-03-03T20:16:05.697+0000] {processor.py:183} INFO - Processing /home/airflow/.local/lib/python3.8/site-packages/airflow/example_dags/example_nested_branch_dag.py took 0.165 seconds
[2024-03-03T20:16:35.974+0000] {processor.py:161} INFO - Started process (PID=695) to work on /home/airflow/.local/lib/python3.8/site-packages/airflow/example_dags/example_nested_branch_dag.py
[2024-03-03T20:16:35.976+0000] {processor.py:830} INFO - Processing file /home/airflow/.local/lib/python3.8/site-packages/airflow/example_dags/example_nested_branch_dag.py for tasks to queue
[2024-03-03T20:16:35.978+0000] {logging_mixin.py:188} INFO - [2024-03-03T20:16:35.977+0000] {dagbag.py:538} INFO - Filling up the DagBag from /home/airflow/.local/lib/python3.8/site-packages/airflow/example_dags/example_nested_branch_dag.py
[2024-03-03T20:16:35.995+0000] {processor.py:840} INFO - DAG(s) 'example_nested_branch_dag' retrieved from /home/airflow/.local/lib/python3.8/site-packages/airflow/example_dags/example_nested_branch_dag.py
[2024-03-03T20:16:36.031+0000] {logging_mixin.py:188} INFO - [2024-03-03T20:16:36.031+0000] {dag.py:3036} INFO - Sync 1 DAGs
[2024-03-03T20:16:36.064+0000] {logging_mixin.py:188} INFO - [2024-03-03T20:16:36.063+0000] {dag.py:3823} INFO - Setting next_dagrun for example_nested_branch_dag to 2024-03-02 00:00:00+00:00, run_after=2024-03-03 00:00:00+00:00
[2024-03-03T20:16:36.100+0000] {processor.py:183} INFO - Processing /home/airflow/.local/lib/python3.8/site-packages/airflow/example_dags/example_nested_branch_dag.py took 0.130 seconds
[2024-03-03T20:17:06.684+0000] {processor.py:161} INFO - Started process (PID=749) to work on /home/airflow/.local/lib/python3.8/site-packages/airflow/example_dags/example_nested_branch_dag.py
[2024-03-03T20:17:06.685+0000] {processor.py:830} INFO - Processing file /home/airflow/.local/lib/python3.8/site-packages/airflow/example_dags/example_nested_branch_dag.py for tasks to queue
[2024-03-03T20:17:06.686+0000] {logging_mixin.py:188} INFO - [2024-03-03T20:17:06.686+0000] {dagbag.py:538} INFO - Filling up the DagBag from /home/airflow/.local/lib/python3.8/site-packages/airflow/example_dags/example_nested_branch_dag.py
[2024-03-03T20:17:06.696+0000] {processor.py:840} INFO - DAG(s) 'example_nested_branch_dag' retrieved from /home/airflow/.local/lib/python3.8/site-packages/airflow/example_dags/example_nested_branch_dag.py
[2024-03-03T20:17:06.718+0000] {logging_mixin.py:188} INFO - [2024-03-03T20:17:06.718+0000] {dag.py:3036} INFO - Sync 1 DAGs
[2024-03-03T20:17:06.738+0000] {logging_mixin.py:188} INFO - [2024-03-03T20:17:06.738+0000] {dag.py:3823} INFO - Setting next_dagrun for example_nested_branch_dag to 2024-03-02 00:00:00+00:00, run_after=2024-03-03 00:00:00+00:00
[2024-03-03T20:17:06.758+0000] {processor.py:183} INFO - Processing /home/airflow/.local/lib/python3.8/site-packages/airflow/example_dags/example_nested_branch_dag.py took 0.077 seconds
[2024-03-03T20:18:57.528+0000] {processor.py:161} INFO - Started process (PID=790) to work on /home/airflow/.local/lib/python3.8/site-packages/airflow/example_dags/example_nested_branch_dag.py
[2024-03-03T20:18:57.530+0000] {processor.py:830} INFO - Processing file /home/airflow/.local/lib/python3.8/site-packages/airflow/example_dags/example_nested_branch_dag.py for tasks to queue
[2024-03-03T20:18:57.532+0000] {logging_mixin.py:188} INFO - [2024-03-03T20:18:57.532+0000] {dagbag.py:538} INFO - Filling up the DagBag from /home/airflow/.local/lib/python3.8/site-packages/airflow/example_dags/example_nested_branch_dag.py
[2024-03-03T20:18:57.555+0000] {processor.py:840} INFO - DAG(s) 'example_nested_branch_dag' retrieved from /home/airflow/.local/lib/python3.8/site-packages/airflow/example_dags/example_nested_branch_dag.py
[2024-03-03T20:18:57.606+0000] {logging_mixin.py:188} INFO - [2024-03-03T20:18:57.606+0000] {dag.py:3036} INFO - Sync 1 DAGs
[2024-03-03T20:18:57.659+0000] {logging_mixin.py:188} INFO - [2024-03-03T20:18:57.658+0000] {dag.py:3823} INFO - Setting next_dagrun for example_nested_branch_dag to 2024-03-02 00:00:00+00:00, run_after=2024-03-03 00:00:00+00:00
[2024-03-03T20:18:57.707+0000] {processor.py:183} INFO - Processing /home/airflow/.local/lib/python3.8/site-packages/airflow/example_dags/example_nested_branch_dag.py took 0.186 seconds
[2024-03-03T20:20:54.040+0000] {processor.py:161} INFO - Started process (PID=846) to work on /home/airflow/.local/lib/python3.8/site-packages/airflow/example_dags/example_nested_branch_dag.py
[2024-03-03T20:20:54.043+0000] {processor.py:830} INFO - Processing file /home/airflow/.local/lib/python3.8/site-packages/airflow/example_dags/example_nested_branch_dag.py for tasks to queue
[2024-03-03T20:20:54.046+0000] {logging_mixin.py:188} INFO - [2024-03-03T20:20:54.045+0000] {dagbag.py:538} INFO - Filling up the DagBag from /home/airflow/.local/lib/python3.8/site-packages/airflow/example_dags/example_nested_branch_dag.py
[2024-03-03T20:20:54.107+0000] {processor.py:840} INFO - DAG(s) 'example_nested_branch_dag' retrieved from /home/airflow/.local/lib/python3.8/site-packages/airflow/example_dags/example_nested_branch_dag.py
[2024-03-03T20:20:54.193+0000] {logging_mixin.py:188} INFO - [2024-03-03T20:20:54.192+0000] {dag.py:3036} INFO - Sync 1 DAGs
[2024-03-03T20:20:54.253+0000] {logging_mixin.py:188} INFO - [2024-03-03T20:20:54.252+0000] {dag.py:3823} INFO - Setting next_dagrun for example_nested_branch_dag to 2024-03-02 00:00:00+00:00, run_after=2024-03-03 00:00:00+00:00
[2024-03-03T20:20:54.327+0000] {processor.py:183} INFO - Processing /home/airflow/.local/lib/python3.8/site-packages/airflow/example_dags/example_nested_branch_dag.py took 0.293 seconds
[2024-03-03T20:21:24.468+0000] {processor.py:161} INFO - Started process (PID=908) to work on /home/airflow/.local/lib/python3.8/site-packages/airflow/example_dags/example_nested_branch_dag.py
[2024-03-03T20:21:24.470+0000] {processor.py:830} INFO - Processing file /home/airflow/.local/lib/python3.8/site-packages/airflow/example_dags/example_nested_branch_dag.py for tasks to queue
[2024-03-03T20:21:24.472+0000] {logging_mixin.py:188} INFO - [2024-03-03T20:21:24.471+0000] {dagbag.py:538} INFO - Filling up the DagBag from /home/airflow/.local/lib/python3.8/site-packages/airflow/example_dags/example_nested_branch_dag.py
[2024-03-03T20:21:24.488+0000] {processor.py:840} INFO - DAG(s) 'example_nested_branch_dag' retrieved from /home/airflow/.local/lib/python3.8/site-packages/airflow/example_dags/example_nested_branch_dag.py
[2024-03-03T20:21:24.528+0000] {logging_mixin.py:188} INFO - [2024-03-03T20:21:24.527+0000] {dag.py:3036} INFO - Sync 1 DAGs
[2024-03-03T20:21:24.565+0000] {logging_mixin.py:188} INFO - [2024-03-03T20:21:24.564+0000] {dag.py:3823} INFO - Setting next_dagrun for example_nested_branch_dag to 2024-03-02 00:00:00+00:00, run_after=2024-03-03 00:00:00+00:00
[2024-03-03T20:21:24.607+0000] {processor.py:183} INFO - Processing /home/airflow/.local/lib/python3.8/site-packages/airflow/example_dags/example_nested_branch_dag.py took 0.144 seconds
[2024-03-03T20:29:45.598+0000] {processor.py:161} INFO - Started process (PID=75) to work on /home/airflow/.local/lib/python3.8/site-packages/airflow/example_dags/example_nested_branch_dag.py
[2024-03-03T20:29:45.600+0000] {processor.py:830} INFO - Processing file /home/airflow/.local/lib/python3.8/site-packages/airflow/example_dags/example_nested_branch_dag.py for tasks to queue
[2024-03-03T20:29:45.607+0000] {logging_mixin.py:188} INFO - [2024-03-03T20:29:45.605+0000] {dagbag.py:538} INFO - Filling up the DagBag from /home/airflow/.local/lib/python3.8/site-packages/airflow/example_dags/example_nested_branch_dag.py
[2024-03-03T20:29:45.630+0000] {processor.py:840} INFO - DAG(s) 'example_nested_branch_dag' retrieved from /home/airflow/.local/lib/python3.8/site-packages/airflow/example_dags/example_nested_branch_dag.py
[2024-03-03T20:29:45.864+0000] {logging_mixin.py:188} INFO - [2024-03-03T20:29:45.864+0000] {dag.py:3036} INFO - Sync 1 DAGs
[2024-03-03T20:29:45.897+0000] {logging_mixin.py:188} INFO - [2024-03-03T20:29:45.896+0000] {dag.py:3823} INFO - Setting next_dagrun for example_nested_branch_dag to 2024-03-02 00:00:00+00:00, run_after=2024-03-03 00:00:00+00:00
[2024-03-03T20:29:45.942+0000] {processor.py:183} INFO - Processing /home/airflow/.local/lib/python3.8/site-packages/airflow/example_dags/example_nested_branch_dag.py took 0.348 seconds
[2024-03-03T20:33:11.153+0000] {processor.py:161} INFO - Started process (PID=129) to work on /home/airflow/.local/lib/python3.8/site-packages/airflow/example_dags/example_nested_branch_dag.py
[2024-03-03T20:33:11.155+0000] {processor.py:830} INFO - Processing file /home/airflow/.local/lib/python3.8/site-packages/airflow/example_dags/example_nested_branch_dag.py for tasks to queue
[2024-03-03T20:33:11.157+0000] {logging_mixin.py:188} INFO - [2024-03-03T20:33:11.156+0000] {dagbag.py:538} INFO - Filling up the DagBag from /home/airflow/.local/lib/python3.8/site-packages/airflow/example_dags/example_nested_branch_dag.py
[2024-03-03T20:33:11.175+0000] {processor.py:840} INFO - DAG(s) 'example_nested_branch_dag' retrieved from /home/airflow/.local/lib/python3.8/site-packages/airflow/example_dags/example_nested_branch_dag.py
[2024-03-03T20:33:11.224+0000] {logging_mixin.py:188} INFO - [2024-03-03T20:33:11.223+0000] {dag.py:3036} INFO - Sync 1 DAGs
[2024-03-03T20:33:11.274+0000] {logging_mixin.py:188} INFO - [2024-03-03T20:33:11.273+0000] {dag.py:3823} INFO - Setting next_dagrun for example_nested_branch_dag to 2024-03-02 00:00:00+00:00, run_after=2024-03-03 00:00:00+00:00
[2024-03-03T20:33:11.330+0000] {processor.py:183} INFO - Processing /home/airflow/.local/lib/python3.8/site-packages/airflow/example_dags/example_nested_branch_dag.py took 0.183 seconds
[2024-03-03T20:34:25.882+0000] {processor.py:161} INFO - Started process (PID=187) to work on /home/airflow/.local/lib/python3.8/site-packages/airflow/example_dags/example_nested_branch_dag.py
[2024-03-03T20:34:25.884+0000] {processor.py:830} INFO - Processing file /home/airflow/.local/lib/python3.8/site-packages/airflow/example_dags/example_nested_branch_dag.py for tasks to queue
[2024-03-03T20:34:25.886+0000] {logging_mixin.py:188} INFO - [2024-03-03T20:34:25.886+0000] {dagbag.py:538} INFO - Filling up the DagBag from /home/airflow/.local/lib/python3.8/site-packages/airflow/example_dags/example_nested_branch_dag.py
[2024-03-03T20:34:25.914+0000] {processor.py:840} INFO - DAG(s) 'example_nested_branch_dag' retrieved from /home/airflow/.local/lib/python3.8/site-packages/airflow/example_dags/example_nested_branch_dag.py
[2024-03-03T20:34:25.979+0000] {logging_mixin.py:188} INFO - [2024-03-03T20:34:25.978+0000] {dag.py:3036} INFO - Sync 1 DAGs
[2024-03-03T20:34:26.049+0000] {logging_mixin.py:188} INFO - [2024-03-03T20:34:26.049+0000] {dag.py:3823} INFO - Setting next_dagrun for example_nested_branch_dag to 2024-03-02 00:00:00+00:00, run_after=2024-03-03 00:00:00+00:00
[2024-03-03T20:34:26.099+0000] {processor.py:183} INFO - Processing /home/airflow/.local/lib/python3.8/site-packages/airflow/example_dags/example_nested_branch_dag.py took 0.224 seconds
[2024-03-03T20:36:33.514+0000] {processor.py:161} INFO - Started process (PID=239) to work on /home/airflow/.local/lib/python3.8/site-packages/airflow/example_dags/example_nested_branch_dag.py
[2024-03-03T20:36:33.517+0000] {processor.py:830} INFO - Processing file /home/airflow/.local/lib/python3.8/site-packages/airflow/example_dags/example_nested_branch_dag.py for tasks to queue
[2024-03-03T20:36:33.520+0000] {logging_mixin.py:188} INFO - [2024-03-03T20:36:33.519+0000] {dagbag.py:538} INFO - Filling up the DagBag from /home/airflow/.local/lib/python3.8/site-packages/airflow/example_dags/example_nested_branch_dag.py
[2024-03-03T20:36:33.544+0000] {processor.py:840} INFO - DAG(s) 'example_nested_branch_dag' retrieved from /home/airflow/.local/lib/python3.8/site-packages/airflow/example_dags/example_nested_branch_dag.py
[2024-03-03T20:36:33.613+0000] {logging_mixin.py:188} INFO - [2024-03-03T20:36:33.612+0000] {dag.py:3036} INFO - Sync 1 DAGs
[2024-03-03T20:36:33.681+0000] {logging_mixin.py:188} INFO - [2024-03-03T20:36:33.681+0000] {dag.py:3823} INFO - Setting next_dagrun for example_nested_branch_dag to 2024-03-02 00:00:00+00:00, run_after=2024-03-03 00:00:00+00:00
[2024-03-03T20:36:33.733+0000] {processor.py:183} INFO - Processing /home/airflow/.local/lib/python3.8/site-packages/airflow/example_dags/example_nested_branch_dag.py took 0.225 seconds
[2024-03-03T20:39:25.618+0000] {processor.py:161} INFO - Started process (PID=300) to work on /home/airflow/.local/lib/python3.8/site-packages/airflow/example_dags/example_nested_branch_dag.py
[2024-03-03T20:39:25.621+0000] {processor.py:830} INFO - Processing file /home/airflow/.local/lib/python3.8/site-packages/airflow/example_dags/example_nested_branch_dag.py for tasks to queue
[2024-03-03T20:39:25.623+0000] {logging_mixin.py:188} INFO - [2024-03-03T20:39:25.622+0000] {dagbag.py:538} INFO - Filling up the DagBag from /home/airflow/.local/lib/python3.8/site-packages/airflow/example_dags/example_nested_branch_dag.py
[2024-03-03T20:39:25.645+0000] {processor.py:840} INFO - DAG(s) 'example_nested_branch_dag' retrieved from /home/airflow/.local/lib/python3.8/site-packages/airflow/example_dags/example_nested_branch_dag.py
[2024-03-03T20:39:25.907+0000] {logging_mixin.py:188} INFO - [2024-03-03T20:39:25.906+0000] {dag.py:3036} INFO - Sync 1 DAGs
[2024-03-03T20:39:25.963+0000] {logging_mixin.py:188} INFO - [2024-03-03T20:39:25.962+0000] {dag.py:3823} INFO - Setting next_dagrun for example_nested_branch_dag to 2024-03-02 00:00:00+00:00, run_after=2024-03-03 00:00:00+00:00
[2024-03-03T20:39:26.018+0000] {processor.py:183} INFO - Processing /home/airflow/.local/lib/python3.8/site-packages/airflow/example_dags/example_nested_branch_dag.py took 0.406 seconds
[2024-03-03T20:39:56.802+0000] {processor.py:161} INFO - Started process (PID=355) to work on /home/airflow/.local/lib/python3.8/site-packages/airflow/example_dags/example_nested_branch_dag.py
[2024-03-03T20:39:56.805+0000] {processor.py:830} INFO - Processing file /home/airflow/.local/lib/python3.8/site-packages/airflow/example_dags/example_nested_branch_dag.py for tasks to queue
[2024-03-03T20:39:56.807+0000] {logging_mixin.py:188} INFO - [2024-03-03T20:39:56.807+0000] {dagbag.py:538} INFO - Filling up the DagBag from /home/airflow/.local/lib/python3.8/site-packages/airflow/example_dags/example_nested_branch_dag.py
[2024-03-03T20:39:56.835+0000] {processor.py:840} INFO - DAG(s) 'example_nested_branch_dag' retrieved from /home/airflow/.local/lib/python3.8/site-packages/airflow/example_dags/example_nested_branch_dag.py
[2024-03-03T20:39:56.897+0000] {logging_mixin.py:188} INFO - [2024-03-03T20:39:56.896+0000] {dag.py:3036} INFO - Sync 1 DAGs
[2024-03-03T20:39:56.948+0000] {logging_mixin.py:188} INFO - [2024-03-03T20:39:56.947+0000] {dag.py:3823} INFO - Setting next_dagrun for example_nested_branch_dag to 2024-03-02 00:00:00+00:00, run_after=2024-03-03 00:00:00+00:00
[2024-03-03T20:39:56.997+0000] {processor.py:183} INFO - Processing /home/airflow/.local/lib/python3.8/site-packages/airflow/example_dags/example_nested_branch_dag.py took 0.203 seconds
[2024-03-03T20:40:27.118+0000] {processor.py:161} INFO - Started process (PID=410) to work on /home/airflow/.local/lib/python3.8/site-packages/airflow/example_dags/example_nested_branch_dag.py
[2024-03-03T20:40:27.120+0000] {processor.py:830} INFO - Processing file /home/airflow/.local/lib/python3.8/site-packages/airflow/example_dags/example_nested_branch_dag.py for tasks to queue
[2024-03-03T20:40:27.121+0000] {logging_mixin.py:188} INFO - [2024-03-03T20:40:27.121+0000] {dagbag.py:538} INFO - Filling up the DagBag from /home/airflow/.local/lib/python3.8/site-packages/airflow/example_dags/example_nested_branch_dag.py
[2024-03-03T20:40:27.136+0000] {processor.py:840} INFO - DAG(s) 'example_nested_branch_dag' retrieved from /home/airflow/.local/lib/python3.8/site-packages/airflow/example_dags/example_nested_branch_dag.py
[2024-03-03T20:40:27.168+0000] {logging_mixin.py:188} INFO - [2024-03-03T20:40:27.168+0000] {dag.py:3036} INFO - Sync 1 DAGs
[2024-03-03T20:40:27.207+0000] {logging_mixin.py:188} INFO - [2024-03-03T20:40:27.207+0000] {dag.py:3823} INFO - Setting next_dagrun for example_nested_branch_dag to 2024-03-02 00:00:00+00:00, run_after=2024-03-03 00:00:00+00:00
[2024-03-03T20:40:27.244+0000] {processor.py:183} INFO - Processing /home/airflow/.local/lib/python3.8/site-packages/airflow/example_dags/example_nested_branch_dag.py took 0.130 seconds
[2024-03-03T20:40:57.476+0000] {processor.py:161} INFO - Started process (PID=465) to work on /home/airflow/.local/lib/python3.8/site-packages/airflow/example_dags/example_nested_branch_dag.py
[2024-03-03T20:40:57.478+0000] {processor.py:830} INFO - Processing file /home/airflow/.local/lib/python3.8/site-packages/airflow/example_dags/example_nested_branch_dag.py for tasks to queue
[2024-03-03T20:40:57.481+0000] {logging_mixin.py:188} INFO - [2024-03-03T20:40:57.480+0000] {dagbag.py:538} INFO - Filling up the DagBag from /home/airflow/.local/lib/python3.8/site-packages/airflow/example_dags/example_nested_branch_dag.py
[2024-03-03T20:40:57.497+0000] {processor.py:840} INFO - DAG(s) 'example_nested_branch_dag' retrieved from /home/airflow/.local/lib/python3.8/site-packages/airflow/example_dags/example_nested_branch_dag.py
[2024-03-03T20:40:57.528+0000] {logging_mixin.py:188} INFO - [2024-03-03T20:40:57.528+0000] {dag.py:3036} INFO - Sync 1 DAGs
[2024-03-03T20:40:57.568+0000] {logging_mixin.py:188} INFO - [2024-03-03T20:40:57.568+0000] {dag.py:3823} INFO - Setting next_dagrun for example_nested_branch_dag to 2024-03-02 00:00:00+00:00, run_after=2024-03-03 00:00:00+00:00
[2024-03-03T20:40:57.602+0000] {processor.py:183} INFO - Processing /home/airflow/.local/lib/python3.8/site-packages/airflow/example_dags/example_nested_branch_dag.py took 0.130 seconds
[2024-03-03T20:42:57.713+0000] {processor.py:161} INFO - Started process (PID=530) to work on /home/airflow/.local/lib/python3.8/site-packages/airflow/example_dags/example_nested_branch_dag.py
[2024-03-03T20:42:57.716+0000] {processor.py:830} INFO - Processing file /home/airflow/.local/lib/python3.8/site-packages/airflow/example_dags/example_nested_branch_dag.py for tasks to queue
[2024-03-03T20:42:57.721+0000] {logging_mixin.py:188} INFO - [2024-03-03T20:42:57.720+0000] {dagbag.py:538} INFO - Filling up the DagBag from /home/airflow/.local/lib/python3.8/site-packages/airflow/example_dags/example_nested_branch_dag.py
[2024-03-03T20:42:57.752+0000] {processor.py:840} INFO - DAG(s) 'example_nested_branch_dag' retrieved from /home/airflow/.local/lib/python3.8/site-packages/airflow/example_dags/example_nested_branch_dag.py
[2024-03-03T20:42:57.815+0000] {logging_mixin.py:188} INFO - [2024-03-03T20:42:57.815+0000] {dag.py:3036} INFO - Sync 1 DAGs
[2024-03-03T20:42:57.873+0000] {logging_mixin.py:188} INFO - [2024-03-03T20:42:57.872+0000] {dag.py:3823} INFO - Setting next_dagrun for example_nested_branch_dag to 2024-03-02 00:00:00+00:00, run_after=2024-03-03 00:00:00+00:00
[2024-03-03T20:42:57.926+0000] {processor.py:183} INFO - Processing /home/airflow/.local/lib/python3.8/site-packages/airflow/example_dags/example_nested_branch_dag.py took 0.226 seconds
[2024-03-03T20:46:07.396+0000] {processor.py:161} INFO - Started process (PID=588) to work on /home/airflow/.local/lib/python3.8/site-packages/airflow/example_dags/example_nested_branch_dag.py
[2024-03-03T20:46:07.399+0000] {processor.py:830} INFO - Processing file /home/airflow/.local/lib/python3.8/site-packages/airflow/example_dags/example_nested_branch_dag.py for tasks to queue
[2024-03-03T20:46:07.402+0000] {logging_mixin.py:188} INFO - [2024-03-03T20:46:07.401+0000] {dagbag.py:538} INFO - Filling up the DagBag from /home/airflow/.local/lib/python3.8/site-packages/airflow/example_dags/example_nested_branch_dag.py
[2024-03-03T20:46:07.454+0000] {processor.py:840} INFO - DAG(s) 'example_nested_branch_dag' retrieved from /home/airflow/.local/lib/python3.8/site-packages/airflow/example_dags/example_nested_branch_dag.py
[2024-03-03T20:46:07.524+0000] {logging_mixin.py:188} INFO - [2024-03-03T20:46:07.523+0000] {dag.py:3036} INFO - Sync 1 DAGs
[2024-03-03T20:46:07.584+0000] {logging_mixin.py:188} INFO - [2024-03-03T20:46:07.583+0000] {dag.py:3823} INFO - Setting next_dagrun for example_nested_branch_dag to 2024-03-02 00:00:00+00:00, run_after=2024-03-03 00:00:00+00:00
[2024-03-03T20:46:07.644+0000] {processor.py:183} INFO - Processing /home/airflow/.local/lib/python3.8/site-packages/airflow/example_dags/example_nested_branch_dag.py took 0.280 seconds
[2024-03-03T20:48:09.807+0000] {processor.py:161} INFO - Started process (PID=648) to work on /home/airflow/.local/lib/python3.8/site-packages/airflow/example_dags/example_nested_branch_dag.py
[2024-03-03T20:48:09.810+0000] {processor.py:830} INFO - Processing file /home/airflow/.local/lib/python3.8/site-packages/airflow/example_dags/example_nested_branch_dag.py for tasks to queue
[2024-03-03T20:48:09.814+0000] {logging_mixin.py:188} INFO - [2024-03-03T20:48:09.812+0000] {dagbag.py:538} INFO - Filling up the DagBag from /home/airflow/.local/lib/python3.8/site-packages/airflow/example_dags/example_nested_branch_dag.py
[2024-03-03T20:48:09.864+0000] {processor.py:840} INFO - DAG(s) 'example_nested_branch_dag' retrieved from /home/airflow/.local/lib/python3.8/site-packages/airflow/example_dags/example_nested_branch_dag.py
[2024-03-03T20:48:09.948+0000] {logging_mixin.py:188} INFO - [2024-03-03T20:48:09.946+0000] {dag.py:3036} INFO - Sync 1 DAGs
[2024-03-03T20:48:10.020+0000] {logging_mixin.py:188} INFO - [2024-03-03T20:48:10.020+0000] {dag.py:3823} INFO - Setting next_dagrun for example_nested_branch_dag to 2024-03-02 00:00:00+00:00, run_after=2024-03-03 00:00:00+00:00
[2024-03-03T20:48:10.072+0000] {processor.py:183} INFO - Processing /home/airflow/.local/lib/python3.8/site-packages/airflow/example_dags/example_nested_branch_dag.py took 0.274 seconds
[2024-03-03T20:48:40.398+0000] {processor.py:161} INFO - Started process (PID=703) to work on /home/airflow/.local/lib/python3.8/site-packages/airflow/example_dags/example_nested_branch_dag.py
[2024-03-03T20:48:40.399+0000] {processor.py:830} INFO - Processing file /home/airflow/.local/lib/python3.8/site-packages/airflow/example_dags/example_nested_branch_dag.py for tasks to queue
[2024-03-03T20:48:40.400+0000] {logging_mixin.py:188} INFO - [2024-03-03T20:48:40.400+0000] {dagbag.py:538} INFO - Filling up the DagBag from /home/airflow/.local/lib/python3.8/site-packages/airflow/example_dags/example_nested_branch_dag.py
[2024-03-03T20:48:40.411+0000] {processor.py:840} INFO - DAG(s) 'example_nested_branch_dag' retrieved from /home/airflow/.local/lib/python3.8/site-packages/airflow/example_dags/example_nested_branch_dag.py
[2024-03-03T20:48:40.435+0000] {logging_mixin.py:188} INFO - [2024-03-03T20:48:40.435+0000] {dag.py:3036} INFO - Sync 1 DAGs
[2024-03-03T20:48:40.459+0000] {logging_mixin.py:188} INFO - [2024-03-03T20:48:40.459+0000] {dag.py:3823} INFO - Setting next_dagrun for example_nested_branch_dag to 2024-03-02 00:00:00+00:00, run_after=2024-03-03 00:00:00+00:00
[2024-03-03T20:48:40.482+0000] {processor.py:183} INFO - Processing /home/airflow/.local/lib/python3.8/site-packages/airflow/example_dags/example_nested_branch_dag.py took 0.087 seconds
[2024-03-03T21:02:28.402+0000] {processor.py:161} INFO - Started process (PID=69) to work on /home/airflow/.local/lib/python3.8/site-packages/airflow/example_dags/example_nested_branch_dag.py
[2024-03-03T21:02:28.404+0000] {processor.py:830} INFO - Processing file /home/airflow/.local/lib/python3.8/site-packages/airflow/example_dags/example_nested_branch_dag.py for tasks to queue
[2024-03-03T21:02:28.406+0000] {logging_mixin.py:188} INFO - [2024-03-03T21:02:28.406+0000] {dagbag.py:538} INFO - Filling up the DagBag from /home/airflow/.local/lib/python3.8/site-packages/airflow/example_dags/example_nested_branch_dag.py
[2024-03-03T21:02:28.424+0000] {processor.py:840} INFO - DAG(s) 'example_nested_branch_dag' retrieved from /home/airflow/.local/lib/python3.8/site-packages/airflow/example_dags/example_nested_branch_dag.py
[2024-03-03T21:02:28.586+0000] {logging_mixin.py:188} INFO - [2024-03-03T21:02:28.585+0000] {dag.py:3036} INFO - Sync 1 DAGs
[2024-03-03T21:02:28.613+0000] {logging_mixin.py:188} INFO - [2024-03-03T21:02:28.613+0000] {dag.py:3823} INFO - Setting next_dagrun for example_nested_branch_dag to 2024-03-02 00:00:00+00:00, run_after=2024-03-03 00:00:00+00:00
[2024-03-03T21:02:28.641+0000] {processor.py:183} INFO - Processing /home/airflow/.local/lib/python3.8/site-packages/airflow/example_dags/example_nested_branch_dag.py took 0.243 seconds
[2024-03-03T21:02:58.909+0000] {processor.py:161} INFO - Started process (PID=124) to work on /home/airflow/.local/lib/python3.8/site-packages/airflow/example_dags/example_nested_branch_dag.py
[2024-03-03T21:02:58.910+0000] {processor.py:830} INFO - Processing file /home/airflow/.local/lib/python3.8/site-packages/airflow/example_dags/example_nested_branch_dag.py for tasks to queue
[2024-03-03T21:02:58.912+0000] {logging_mixin.py:188} INFO - [2024-03-03T21:02:58.912+0000] {dagbag.py:538} INFO - Filling up the DagBag from /home/airflow/.local/lib/python3.8/site-packages/airflow/example_dags/example_nested_branch_dag.py
[2024-03-03T21:02:58.922+0000] {processor.py:840} INFO - DAG(s) 'example_nested_branch_dag' retrieved from /home/airflow/.local/lib/python3.8/site-packages/airflow/example_dags/example_nested_branch_dag.py
[2024-03-03T21:02:58.943+0000] {logging_mixin.py:188} INFO - [2024-03-03T21:02:58.943+0000] {dag.py:3036} INFO - Sync 1 DAGs
[2024-03-03T21:02:58.966+0000] {logging_mixin.py:188} INFO - [2024-03-03T21:02:58.966+0000] {dag.py:3823} INFO - Setting next_dagrun for example_nested_branch_dag to 2024-03-02 00:00:00+00:00, run_after=2024-03-03 00:00:00+00:00
[2024-03-03T21:02:58.988+0000] {processor.py:183} INFO - Processing /home/airflow/.local/lib/python3.8/site-packages/airflow/example_dags/example_nested_branch_dag.py took 0.081 seconds
[2024-03-03T21:03:29.908+0000] {processor.py:161} INFO - Started process (PID=185) to work on /home/airflow/.local/lib/python3.8/site-packages/airflow/example_dags/example_nested_branch_dag.py
[2024-03-03T21:03:29.909+0000] {processor.py:830} INFO - Processing file /home/airflow/.local/lib/python3.8/site-packages/airflow/example_dags/example_nested_branch_dag.py for tasks to queue
[2024-03-03T21:03:29.913+0000] {logging_mixin.py:188} INFO - [2024-03-03T21:03:29.912+0000] {dagbag.py:538} INFO - Filling up the DagBag from /home/airflow/.local/lib/python3.8/site-packages/airflow/example_dags/example_nested_branch_dag.py
[2024-03-03T21:03:29.928+0000] {processor.py:840} INFO - DAG(s) 'example_nested_branch_dag' retrieved from /home/airflow/.local/lib/python3.8/site-packages/airflow/example_dags/example_nested_branch_dag.py
[2024-03-03T21:03:29.960+0000] {logging_mixin.py:188} INFO - [2024-03-03T21:03:29.959+0000] {dag.py:3036} INFO - Sync 1 DAGs
[2024-03-03T21:03:29.994+0000] {logging_mixin.py:188} INFO - [2024-03-03T21:03:29.993+0000] {dag.py:3823} INFO - Setting next_dagrun for example_nested_branch_dag to 2024-03-02 00:00:00+00:00, run_after=2024-03-03 00:00:00+00:00
[2024-03-03T21:03:30.026+0000] {processor.py:183} INFO - Processing /home/airflow/.local/lib/python3.8/site-packages/airflow/example_dags/example_nested_branch_dag.py took 0.124 seconds
[2024-03-03T21:04:00.837+0000] {processor.py:161} INFO - Started process (PID=240) to work on /home/airflow/.local/lib/python3.8/site-packages/airflow/example_dags/example_nested_branch_dag.py
[2024-03-03T21:04:00.838+0000] {processor.py:830} INFO - Processing file /home/airflow/.local/lib/python3.8/site-packages/airflow/example_dags/example_nested_branch_dag.py for tasks to queue
[2024-03-03T21:04:00.845+0000] {logging_mixin.py:188} INFO - [2024-03-03T21:04:00.844+0000] {dagbag.py:538} INFO - Filling up the DagBag from /home/airflow/.local/lib/python3.8/site-packages/airflow/example_dags/example_nested_branch_dag.py
[2024-03-03T21:04:00.863+0000] {processor.py:840} INFO - DAG(s) 'example_nested_branch_dag' retrieved from /home/airflow/.local/lib/python3.8/site-packages/airflow/example_dags/example_nested_branch_dag.py
[2024-03-03T21:04:00.895+0000] {logging_mixin.py:188} INFO - [2024-03-03T21:04:00.895+0000] {dag.py:3036} INFO - Sync 1 DAGs
[2024-03-03T21:04:00.928+0000] {logging_mixin.py:188} INFO - [2024-03-03T21:04:00.928+0000] {dag.py:3823} INFO - Setting next_dagrun for example_nested_branch_dag to 2024-03-02 00:00:00+00:00, run_after=2024-03-03 00:00:00+00:00
[2024-03-03T21:04:00.955+0000] {processor.py:183} INFO - Processing /home/airflow/.local/lib/python3.8/site-packages/airflow/example_dags/example_nested_branch_dag.py took 0.123 seconds
[2024-03-03T21:04:31.212+0000] {processor.py:161} INFO - Started process (PID=295) to work on /home/airflow/.local/lib/python3.8/site-packages/airflow/example_dags/example_nested_branch_dag.py
[2024-03-03T21:04:31.213+0000] {processor.py:830} INFO - Processing file /home/airflow/.local/lib/python3.8/site-packages/airflow/example_dags/example_nested_branch_dag.py for tasks to queue
[2024-03-03T21:04:31.215+0000] {logging_mixin.py:188} INFO - [2024-03-03T21:04:31.215+0000] {dagbag.py:538} INFO - Filling up the DagBag from /home/airflow/.local/lib/python3.8/site-packages/airflow/example_dags/example_nested_branch_dag.py
[2024-03-03T21:04:31.226+0000] {processor.py:840} INFO - DAG(s) 'example_nested_branch_dag' retrieved from /home/airflow/.local/lib/python3.8/site-packages/airflow/example_dags/example_nested_branch_dag.py
[2024-03-03T21:04:31.251+0000] {logging_mixin.py:188} INFO - [2024-03-03T21:04:31.250+0000] {dag.py:3036} INFO - Sync 1 DAGs
[2024-03-03T21:04:31.279+0000] {logging_mixin.py:188} INFO - [2024-03-03T21:04:31.278+0000] {dag.py:3823} INFO - Setting next_dagrun for example_nested_branch_dag to 2024-03-02 00:00:00+00:00, run_after=2024-03-03 00:00:00+00:00
[2024-03-03T21:04:31.301+0000] {processor.py:183} INFO - Processing /home/airflow/.local/lib/python3.8/site-packages/airflow/example_dags/example_nested_branch_dag.py took 0.092 seconds
[2024-03-03T21:05:01.793+0000] {processor.py:161} INFO - Started process (PID=350) to work on /home/airflow/.local/lib/python3.8/site-packages/airflow/example_dags/example_nested_branch_dag.py
[2024-03-03T21:05:01.795+0000] {processor.py:830} INFO - Processing file /home/airflow/.local/lib/python3.8/site-packages/airflow/example_dags/example_nested_branch_dag.py for tasks to queue
[2024-03-03T21:05:01.797+0000] {logging_mixin.py:188} INFO - [2024-03-03T21:05:01.797+0000] {dagbag.py:538} INFO - Filling up the DagBag from /home/airflow/.local/lib/python3.8/site-packages/airflow/example_dags/example_nested_branch_dag.py
[2024-03-03T21:05:01.810+0000] {processor.py:840} INFO - DAG(s) 'example_nested_branch_dag' retrieved from /home/airflow/.local/lib/python3.8/site-packages/airflow/example_dags/example_nested_branch_dag.py
[2024-03-03T21:05:01.844+0000] {logging_mixin.py:188} INFO - [2024-03-03T21:05:01.843+0000] {dag.py:3036} INFO - Sync 1 DAGs
[2024-03-03T21:05:01.872+0000] {logging_mixin.py:188} INFO - [2024-03-03T21:05:01.871+0000] {dag.py:3823} INFO - Setting next_dagrun for example_nested_branch_dag to 2024-03-02 00:00:00+00:00, run_after=2024-03-03 00:00:00+00:00
[2024-03-03T21:05:01.899+0000] {processor.py:183} INFO - Processing /home/airflow/.local/lib/python3.8/site-packages/airflow/example_dags/example_nested_branch_dag.py took 0.110 seconds
[2024-03-03T21:05:32.412+0000] {processor.py:161} INFO - Started process (PID=405) to work on /home/airflow/.local/lib/python3.8/site-packages/airflow/example_dags/example_nested_branch_dag.py
[2024-03-03T21:05:32.414+0000] {processor.py:830} INFO - Processing file /home/airflow/.local/lib/python3.8/site-packages/airflow/example_dags/example_nested_branch_dag.py for tasks to queue
[2024-03-03T21:05:32.417+0000] {logging_mixin.py:188} INFO - [2024-03-03T21:05:32.417+0000] {dagbag.py:538} INFO - Filling up the DagBag from /home/airflow/.local/lib/python3.8/site-packages/airflow/example_dags/example_nested_branch_dag.py
[2024-03-03T21:05:32.433+0000] {processor.py:840} INFO - DAG(s) 'example_nested_branch_dag' retrieved from /home/airflow/.local/lib/python3.8/site-packages/airflow/example_dags/example_nested_branch_dag.py
[2024-03-03T21:05:32.469+0000] {logging_mixin.py:188} INFO - [2024-03-03T21:05:32.469+0000] {dag.py:3036} INFO - Sync 1 DAGs
[2024-03-03T21:05:32.512+0000] {logging_mixin.py:188} INFO - [2024-03-03T21:05:32.511+0000] {dag.py:3823} INFO - Setting next_dagrun for example_nested_branch_dag to 2024-03-02 00:00:00+00:00, run_after=2024-03-03 00:00:00+00:00
[2024-03-03T21:05:32.547+0000] {processor.py:183} INFO - Processing /home/airflow/.local/lib/python3.8/site-packages/airflow/example_dags/example_nested_branch_dag.py took 0.139 seconds
[2024-03-03T21:06:02.771+0000] {processor.py:161} INFO - Started process (PID=460) to work on /home/airflow/.local/lib/python3.8/site-packages/airflow/example_dags/example_nested_branch_dag.py
[2024-03-03T21:06:02.773+0000] {processor.py:830} INFO - Processing file /home/airflow/.local/lib/python3.8/site-packages/airflow/example_dags/example_nested_branch_dag.py for tasks to queue
[2024-03-03T21:06:02.775+0000] {logging_mixin.py:188} INFO - [2024-03-03T21:06:02.775+0000] {dagbag.py:538} INFO - Filling up the DagBag from /home/airflow/.local/lib/python3.8/site-packages/airflow/example_dags/example_nested_branch_dag.py
[2024-03-03T21:06:02.788+0000] {processor.py:840} INFO - DAG(s) 'example_nested_branch_dag' retrieved from /home/airflow/.local/lib/python3.8/site-packages/airflow/example_dags/example_nested_branch_dag.py
[2024-03-03T21:06:02.811+0000] {logging_mixin.py:188} INFO - [2024-03-03T21:06:02.811+0000] {dag.py:3036} INFO - Sync 1 DAGs
[2024-03-03T21:06:02.838+0000] {logging_mixin.py:188} INFO - [2024-03-03T21:06:02.837+0000] {dag.py:3823} INFO - Setting next_dagrun for example_nested_branch_dag to 2024-03-02 00:00:00+00:00, run_after=2024-03-03 00:00:00+00:00
[2024-03-03T21:06:02.860+0000] {processor.py:183} INFO - Processing /home/airflow/.local/lib/python3.8/site-packages/airflow/example_dags/example_nested_branch_dag.py took 0.092 seconds
[2024-03-03T21:06:33.962+0000] {processor.py:161} INFO - Started process (PID=515) to work on /home/airflow/.local/lib/python3.8/site-packages/airflow/example_dags/example_nested_branch_dag.py
[2024-03-03T21:06:33.965+0000] {processor.py:830} INFO - Processing file /home/airflow/.local/lib/python3.8/site-packages/airflow/example_dags/example_nested_branch_dag.py for tasks to queue
[2024-03-03T21:06:33.970+0000] {logging_mixin.py:188} INFO - [2024-03-03T21:06:33.968+0000] {dagbag.py:538} INFO - Filling up the DagBag from /home/airflow/.local/lib/python3.8/site-packages/airflow/example_dags/example_nested_branch_dag.py
[2024-03-03T21:06:33.993+0000] {processor.py:840} INFO - DAG(s) 'example_nested_branch_dag' retrieved from /home/airflow/.local/lib/python3.8/site-packages/airflow/example_dags/example_nested_branch_dag.py
[2024-03-03T21:06:34.035+0000] {logging_mixin.py:188} INFO - [2024-03-03T21:06:34.035+0000] {dag.py:3036} INFO - Sync 1 DAGs
[2024-03-03T21:06:34.093+0000] {logging_mixin.py:188} INFO - [2024-03-03T21:06:34.092+0000] {dag.py:3823} INFO - Setting next_dagrun for example_nested_branch_dag to 2024-03-02 00:00:00+00:00, run_after=2024-03-03 00:00:00+00:00
[2024-03-03T21:06:34.137+0000] {processor.py:183} INFO - Processing /home/airflow/.local/lib/python3.8/site-packages/airflow/example_dags/example_nested_branch_dag.py took 0.183 seconds
[2024-03-03T21:07:04.509+0000] {processor.py:161} INFO - Started process (PID=570) to work on /home/airflow/.local/lib/python3.8/site-packages/airflow/example_dags/example_nested_branch_dag.py
[2024-03-03T21:07:04.512+0000] {processor.py:830} INFO - Processing file /home/airflow/.local/lib/python3.8/site-packages/airflow/example_dags/example_nested_branch_dag.py for tasks to queue
[2024-03-03T21:07:04.515+0000] {logging_mixin.py:188} INFO - [2024-03-03T21:07:04.515+0000] {dagbag.py:538} INFO - Filling up the DagBag from /home/airflow/.local/lib/python3.8/site-packages/airflow/example_dags/example_nested_branch_dag.py
[2024-03-03T21:07:04.527+0000] {processor.py:840} INFO - DAG(s) 'example_nested_branch_dag' retrieved from /home/airflow/.local/lib/python3.8/site-packages/airflow/example_dags/example_nested_branch_dag.py
[2024-03-03T21:07:04.553+0000] {logging_mixin.py:188} INFO - [2024-03-03T21:07:04.553+0000] {dag.py:3036} INFO - Sync 1 DAGs
[2024-03-03T21:07:04.582+0000] {logging_mixin.py:188} INFO - [2024-03-03T21:07:04.582+0000] {dag.py:3823} INFO - Setting next_dagrun for example_nested_branch_dag to 2024-03-02 00:00:00+00:00, run_after=2024-03-03 00:00:00+00:00
[2024-03-03T21:07:04.607+0000] {processor.py:183} INFO - Processing /home/airflow/.local/lib/python3.8/site-packages/airflow/example_dags/example_nested_branch_dag.py took 0.102 seconds
[2024-03-03T21:07:34.753+0000] {processor.py:161} INFO - Started process (PID=625) to work on /home/airflow/.local/lib/python3.8/site-packages/airflow/example_dags/example_nested_branch_dag.py
[2024-03-03T21:07:34.754+0000] {processor.py:830} INFO - Processing file /home/airflow/.local/lib/python3.8/site-packages/airflow/example_dags/example_nested_branch_dag.py for tasks to queue
[2024-03-03T21:07:34.756+0000] {logging_mixin.py:188} INFO - [2024-03-03T21:07:34.756+0000] {dagbag.py:538} INFO - Filling up the DagBag from /home/airflow/.local/lib/python3.8/site-packages/airflow/example_dags/example_nested_branch_dag.py
[2024-03-03T21:07:34.768+0000] {processor.py:840} INFO - DAG(s) 'example_nested_branch_dag' retrieved from /home/airflow/.local/lib/python3.8/site-packages/airflow/example_dags/example_nested_branch_dag.py
[2024-03-03T21:07:34.797+0000] {logging_mixin.py:188} INFO - [2024-03-03T21:07:34.797+0000] {dag.py:3036} INFO - Sync 1 DAGs
[2024-03-03T21:07:34.826+0000] {logging_mixin.py:188} INFO - [2024-03-03T21:07:34.826+0000] {dag.py:3823} INFO - Setting next_dagrun for example_nested_branch_dag to 2024-03-02 00:00:00+00:00, run_after=2024-03-03 00:00:00+00:00
[2024-03-03T21:07:34.854+0000] {processor.py:183} INFO - Processing /home/airflow/.local/lib/python3.8/site-packages/airflow/example_dags/example_nested_branch_dag.py took 0.105 seconds
[2024-03-03T21:08:05.008+0000] {processor.py:161} INFO - Started process (PID=680) to work on /home/airflow/.local/lib/python3.8/site-packages/airflow/example_dags/example_nested_branch_dag.py
[2024-03-03T21:08:05.009+0000] {processor.py:830} INFO - Processing file /home/airflow/.local/lib/python3.8/site-packages/airflow/example_dags/example_nested_branch_dag.py for tasks to queue
[2024-03-03T21:08:05.010+0000] {logging_mixin.py:188} INFO - [2024-03-03T21:08:05.010+0000] {dagbag.py:538} INFO - Filling up the DagBag from /home/airflow/.local/lib/python3.8/site-packages/airflow/example_dags/example_nested_branch_dag.py
[2024-03-03T21:08:05.020+0000] {processor.py:840} INFO - DAG(s) 'example_nested_branch_dag' retrieved from /home/airflow/.local/lib/python3.8/site-packages/airflow/example_dags/example_nested_branch_dag.py
[2024-03-03T21:08:05.043+0000] {logging_mixin.py:188} INFO - [2024-03-03T21:08:05.043+0000] {dag.py:3036} INFO - Sync 1 DAGs
[2024-03-03T21:08:05.067+0000] {logging_mixin.py:188} INFO - [2024-03-03T21:08:05.067+0000] {dag.py:3823} INFO - Setting next_dagrun for example_nested_branch_dag to 2024-03-02 00:00:00+00:00, run_after=2024-03-03 00:00:00+00:00
[2024-03-03T21:08:05.089+0000] {processor.py:183} INFO - Processing /home/airflow/.local/lib/python3.8/site-packages/airflow/example_dags/example_nested_branch_dag.py took 0.085 seconds
[2024-03-03T21:08:35.428+0000] {processor.py:161} INFO - Started process (PID=735) to work on /home/airflow/.local/lib/python3.8/site-packages/airflow/example_dags/example_nested_branch_dag.py
[2024-03-03T21:08:35.429+0000] {processor.py:830} INFO - Processing file /home/airflow/.local/lib/python3.8/site-packages/airflow/example_dags/example_nested_branch_dag.py for tasks to queue
[2024-03-03T21:08:35.431+0000] {logging_mixin.py:188} INFO - [2024-03-03T21:08:35.430+0000] {dagbag.py:538} INFO - Filling up the DagBag from /home/airflow/.local/lib/python3.8/site-packages/airflow/example_dags/example_nested_branch_dag.py
[2024-03-03T21:08:35.439+0000] {processor.py:840} INFO - DAG(s) 'example_nested_branch_dag' retrieved from /home/airflow/.local/lib/python3.8/site-packages/airflow/example_dags/example_nested_branch_dag.py
[2024-03-03T21:08:35.457+0000] {logging_mixin.py:188} INFO - [2024-03-03T21:08:35.457+0000] {dag.py:3036} INFO - Sync 1 DAGs
[2024-03-03T21:08:35.476+0000] {logging_mixin.py:188} INFO - [2024-03-03T21:08:35.476+0000] {dag.py:3823} INFO - Setting next_dagrun for example_nested_branch_dag to 2024-03-02 00:00:00+00:00, run_after=2024-03-03 00:00:00+00:00
[2024-03-03T21:08:35.493+0000] {processor.py:183} INFO - Processing /home/airflow/.local/lib/python3.8/site-packages/airflow/example_dags/example_nested_branch_dag.py took 0.067 seconds
[2024-03-03T21:09:05.896+0000] {processor.py:161} INFO - Started process (PID=790) to work on /home/airflow/.local/lib/python3.8/site-packages/airflow/example_dags/example_nested_branch_dag.py
[2024-03-03T21:09:05.897+0000] {processor.py:830} INFO - Processing file /home/airflow/.local/lib/python3.8/site-packages/airflow/example_dags/example_nested_branch_dag.py for tasks to queue
[2024-03-03T21:09:05.899+0000] {logging_mixin.py:188} INFO - [2024-03-03T21:09:05.899+0000] {dagbag.py:538} INFO - Filling up the DagBag from /home/airflow/.local/lib/python3.8/site-packages/airflow/example_dags/example_nested_branch_dag.py
[2024-03-03T21:09:05.907+0000] {processor.py:840} INFO - DAG(s) 'example_nested_branch_dag' retrieved from /home/airflow/.local/lib/python3.8/site-packages/airflow/example_dags/example_nested_branch_dag.py
[2024-03-03T21:09:05.926+0000] {logging_mixin.py:188} INFO - [2024-03-03T21:09:05.926+0000] {dag.py:3036} INFO - Sync 1 DAGs
[2024-03-03T21:09:05.947+0000] {logging_mixin.py:188} INFO - [2024-03-03T21:09:05.947+0000] {dag.py:3823} INFO - Setting next_dagrun for example_nested_branch_dag to 2024-03-02 00:00:00+00:00, run_after=2024-03-03 00:00:00+00:00
[2024-03-03T21:09:05.963+0000] {processor.py:183} INFO - Processing /home/airflow/.local/lib/python3.8/site-packages/airflow/example_dags/example_nested_branch_dag.py took 0.070 seconds
[2024-03-03T21:09:36.265+0000] {processor.py:161} INFO - Started process (PID=845) to work on /home/airflow/.local/lib/python3.8/site-packages/airflow/example_dags/example_nested_branch_dag.py
[2024-03-03T21:09:36.266+0000] {processor.py:830} INFO - Processing file /home/airflow/.local/lib/python3.8/site-packages/airflow/example_dags/example_nested_branch_dag.py for tasks to queue
[2024-03-03T21:09:36.267+0000] {logging_mixin.py:188} INFO - [2024-03-03T21:09:36.267+0000] {dagbag.py:538} INFO - Filling up the DagBag from /home/airflow/.local/lib/python3.8/site-packages/airflow/example_dags/example_nested_branch_dag.py
[2024-03-03T21:09:36.276+0000] {processor.py:840} INFO - DAG(s) 'example_nested_branch_dag' retrieved from /home/airflow/.local/lib/python3.8/site-packages/airflow/example_dags/example_nested_branch_dag.py
[2024-03-03T21:09:36.296+0000] {logging_mixin.py:188} INFO - [2024-03-03T21:09:36.296+0000] {dag.py:3036} INFO - Sync 1 DAGs
[2024-03-03T21:09:36.316+0000] {logging_mixin.py:188} INFO - [2024-03-03T21:09:36.315+0000] {dag.py:3823} INFO - Setting next_dagrun for example_nested_branch_dag to 2024-03-02 00:00:00+00:00, run_after=2024-03-03 00:00:00+00:00
[2024-03-03T21:09:36.335+0000] {processor.py:183} INFO - Processing /home/airflow/.local/lib/python3.8/site-packages/airflow/example_dags/example_nested_branch_dag.py took 0.073 seconds
[2024-03-03T21:10:06.626+0000] {processor.py:161} INFO - Started process (PID=900) to work on /home/airflow/.local/lib/python3.8/site-packages/airflow/example_dags/example_nested_branch_dag.py
[2024-03-03T21:10:06.627+0000] {processor.py:830} INFO - Processing file /home/airflow/.local/lib/python3.8/site-packages/airflow/example_dags/example_nested_branch_dag.py for tasks to queue
[2024-03-03T21:10:06.630+0000] {logging_mixin.py:188} INFO - [2024-03-03T21:10:06.629+0000] {dagbag.py:538} INFO - Filling up the DagBag from /home/airflow/.local/lib/python3.8/site-packages/airflow/example_dags/example_nested_branch_dag.py
[2024-03-03T21:10:06.644+0000] {processor.py:840} INFO - DAG(s) 'example_nested_branch_dag' retrieved from /home/airflow/.local/lib/python3.8/site-packages/airflow/example_dags/example_nested_branch_dag.py
[2024-03-03T21:10:06.672+0000] {logging_mixin.py:188} INFO - [2024-03-03T21:10:06.671+0000] {dag.py:3036} INFO - Sync 1 DAGs
[2024-03-03T21:10:06.697+0000] {logging_mixin.py:188} INFO - [2024-03-03T21:10:06.697+0000] {dag.py:3823} INFO - Setting next_dagrun for example_nested_branch_dag to 2024-03-02 00:00:00+00:00, run_after=2024-03-03 00:00:00+00:00
[2024-03-03T21:10:06.720+0000] {processor.py:183} INFO - Processing /home/airflow/.local/lib/python3.8/site-packages/airflow/example_dags/example_nested_branch_dag.py took 0.098 seconds
[2024-03-03T21:10:36.988+0000] {processor.py:161} INFO - Started process (PID=955) to work on /home/airflow/.local/lib/python3.8/site-packages/airflow/example_dags/example_nested_branch_dag.py
[2024-03-03T21:10:36.989+0000] {processor.py:830} INFO - Processing file /home/airflow/.local/lib/python3.8/site-packages/airflow/example_dags/example_nested_branch_dag.py for tasks to queue
[2024-03-03T21:10:36.991+0000] {logging_mixin.py:188} INFO - [2024-03-03T21:10:36.991+0000] {dagbag.py:538} INFO - Filling up the DagBag from /home/airflow/.local/lib/python3.8/site-packages/airflow/example_dags/example_nested_branch_dag.py
[2024-03-03T21:10:37.002+0000] {processor.py:840} INFO - DAG(s) 'example_nested_branch_dag' retrieved from /home/airflow/.local/lib/python3.8/site-packages/airflow/example_dags/example_nested_branch_dag.py
[2024-03-03T21:10:37.024+0000] {logging_mixin.py:188} INFO - [2024-03-03T21:10:37.024+0000] {dag.py:3036} INFO - Sync 1 DAGs
[2024-03-03T21:10:37.050+0000] {logging_mixin.py:188} INFO - [2024-03-03T21:10:37.049+0000] {dag.py:3823} INFO - Setting next_dagrun for example_nested_branch_dag to 2024-03-02 00:00:00+00:00, run_after=2024-03-03 00:00:00+00:00
[2024-03-03T21:10:37.073+0000] {processor.py:183} INFO - Processing /home/airflow/.local/lib/python3.8/site-packages/airflow/example_dags/example_nested_branch_dag.py took 0.088 seconds
[2024-03-03T21:11:07.328+0000] {processor.py:161} INFO - Started process (PID=1010) to work on /home/airflow/.local/lib/python3.8/site-packages/airflow/example_dags/example_nested_branch_dag.py
[2024-03-03T21:11:07.329+0000] {processor.py:830} INFO - Processing file /home/airflow/.local/lib/python3.8/site-packages/airflow/example_dags/example_nested_branch_dag.py for tasks to queue
[2024-03-03T21:11:07.331+0000] {logging_mixin.py:188} INFO - [2024-03-03T21:11:07.331+0000] {dagbag.py:538} INFO - Filling up the DagBag from /home/airflow/.local/lib/python3.8/site-packages/airflow/example_dags/example_nested_branch_dag.py
[2024-03-03T21:11:07.341+0000] {processor.py:840} INFO - DAG(s) 'example_nested_branch_dag' retrieved from /home/airflow/.local/lib/python3.8/site-packages/airflow/example_dags/example_nested_branch_dag.py
[2024-03-03T21:11:07.363+0000] {logging_mixin.py:188} INFO - [2024-03-03T21:11:07.363+0000] {dag.py:3036} INFO - Sync 1 DAGs
[2024-03-03T21:11:07.390+0000] {logging_mixin.py:188} INFO - [2024-03-03T21:11:07.389+0000] {dag.py:3823} INFO - Setting next_dagrun for example_nested_branch_dag to 2024-03-02 00:00:00+00:00, run_after=2024-03-03 00:00:00+00:00
[2024-03-03T21:11:07.410+0000] {processor.py:183} INFO - Processing /home/airflow/.local/lib/python3.8/site-packages/airflow/example_dags/example_nested_branch_dag.py took 0.085 seconds
[2024-03-03T21:11:37.803+0000] {processor.py:161} INFO - Started process (PID=1065) to work on /home/airflow/.local/lib/python3.8/site-packages/airflow/example_dags/example_nested_branch_dag.py
[2024-03-03T21:11:37.804+0000] {processor.py:830} INFO - Processing file /home/airflow/.local/lib/python3.8/site-packages/airflow/example_dags/example_nested_branch_dag.py for tasks to queue
[2024-03-03T21:11:37.806+0000] {logging_mixin.py:188} INFO - [2024-03-03T21:11:37.806+0000] {dagbag.py:538} INFO - Filling up the DagBag from /home/airflow/.local/lib/python3.8/site-packages/airflow/example_dags/example_nested_branch_dag.py
[2024-03-03T21:11:37.816+0000] {processor.py:840} INFO - DAG(s) 'example_nested_branch_dag' retrieved from /home/airflow/.local/lib/python3.8/site-packages/airflow/example_dags/example_nested_branch_dag.py
[2024-03-03T21:11:37.840+0000] {logging_mixin.py:188} INFO - [2024-03-03T21:11:37.839+0000] {dag.py:3036} INFO - Sync 1 DAGs
[2024-03-03T21:11:37.864+0000] {logging_mixin.py:188} INFO - [2024-03-03T21:11:37.864+0000] {dag.py:3823} INFO - Setting next_dagrun for example_nested_branch_dag to 2024-03-02 00:00:00+00:00, run_after=2024-03-03 00:00:00+00:00
[2024-03-03T21:11:37.886+0000] {processor.py:183} INFO - Processing /home/airflow/.local/lib/python3.8/site-packages/airflow/example_dags/example_nested_branch_dag.py took 0.086 seconds
[2024-03-03T21:12:08.160+0000] {processor.py:161} INFO - Started process (PID=1120) to work on /home/airflow/.local/lib/python3.8/site-packages/airflow/example_dags/example_nested_branch_dag.py
[2024-03-03T21:12:08.162+0000] {processor.py:830} INFO - Processing file /home/airflow/.local/lib/python3.8/site-packages/airflow/example_dags/example_nested_branch_dag.py for tasks to queue
[2024-03-03T21:12:08.165+0000] {logging_mixin.py:188} INFO - [2024-03-03T21:12:08.165+0000] {dagbag.py:538} INFO - Filling up the DagBag from /home/airflow/.local/lib/python3.8/site-packages/airflow/example_dags/example_nested_branch_dag.py
[2024-03-03T21:12:08.179+0000] {processor.py:840} INFO - DAG(s) 'example_nested_branch_dag' retrieved from /home/airflow/.local/lib/python3.8/site-packages/airflow/example_dags/example_nested_branch_dag.py
[2024-03-03T21:12:08.214+0000] {logging_mixin.py:188} INFO - [2024-03-03T21:12:08.213+0000] {dag.py:3036} INFO - Sync 1 DAGs
[2024-03-03T21:12:08.254+0000] {logging_mixin.py:188} INFO - [2024-03-03T21:12:08.254+0000] {dag.py:3823} INFO - Setting next_dagrun for example_nested_branch_dag to 2024-03-02 00:00:00+00:00, run_after=2024-03-03 00:00:00+00:00
[2024-03-03T21:12:08.287+0000] {processor.py:183} INFO - Processing /home/airflow/.local/lib/python3.8/site-packages/airflow/example_dags/example_nested_branch_dag.py took 0.130 seconds
[2024-03-03T21:12:38.692+0000] {processor.py:161} INFO - Started process (PID=1175) to work on /home/airflow/.local/lib/python3.8/site-packages/airflow/example_dags/example_nested_branch_dag.py
[2024-03-03T21:12:38.695+0000] {processor.py:830} INFO - Processing file /home/airflow/.local/lib/python3.8/site-packages/airflow/example_dags/example_nested_branch_dag.py for tasks to queue
[2024-03-03T21:12:38.701+0000] {logging_mixin.py:188} INFO - [2024-03-03T21:12:38.700+0000] {dagbag.py:538} INFO - Filling up the DagBag from /home/airflow/.local/lib/python3.8/site-packages/airflow/example_dags/example_nested_branch_dag.py
[2024-03-03T21:12:38.735+0000] {processor.py:840} INFO - DAG(s) 'example_nested_branch_dag' retrieved from /home/airflow/.local/lib/python3.8/site-packages/airflow/example_dags/example_nested_branch_dag.py
[2024-03-03T21:12:38.790+0000] {logging_mixin.py:188} INFO - [2024-03-03T21:12:38.789+0000] {dag.py:3036} INFO - Sync 1 DAGs
[2024-03-03T21:12:38.845+0000] {logging_mixin.py:188} INFO - [2024-03-03T21:12:38.844+0000] {dag.py:3823} INFO - Setting next_dagrun for example_nested_branch_dag to 2024-03-02 00:00:00+00:00, run_after=2024-03-03 00:00:00+00:00
[2024-03-03T21:12:38.899+0000] {processor.py:183} INFO - Processing /home/airflow/.local/lib/python3.8/site-packages/airflow/example_dags/example_nested_branch_dag.py took 0.216 seconds
[2024-03-03T21:13:09.734+0000] {processor.py:161} INFO - Started process (PID=1230) to work on /home/airflow/.local/lib/python3.8/site-packages/airflow/example_dags/example_nested_branch_dag.py
[2024-03-03T21:13:09.737+0000] {processor.py:830} INFO - Processing file /home/airflow/.local/lib/python3.8/site-packages/airflow/example_dags/example_nested_branch_dag.py for tasks to queue
[2024-03-03T21:13:09.743+0000] {logging_mixin.py:188} INFO - [2024-03-03T21:13:09.742+0000] {dagbag.py:538} INFO - Filling up the DagBag from /home/airflow/.local/lib/python3.8/site-packages/airflow/example_dags/example_nested_branch_dag.py
[2024-03-03T21:13:09.772+0000] {processor.py:840} INFO - DAG(s) 'example_nested_branch_dag' retrieved from /home/airflow/.local/lib/python3.8/site-packages/airflow/example_dags/example_nested_branch_dag.py
[2024-03-03T21:13:09.829+0000] {logging_mixin.py:188} INFO - [2024-03-03T21:13:09.829+0000] {dag.py:3036} INFO - Sync 1 DAGs
[2024-03-03T21:13:09.899+0000] {logging_mixin.py:188} INFO - [2024-03-03T21:13:09.897+0000] {dag.py:3823} INFO - Setting next_dagrun for example_nested_branch_dag to 2024-03-02 00:00:00+00:00, run_after=2024-03-03 00:00:00+00:00
[2024-03-03T21:13:09.946+0000] {processor.py:183} INFO - Processing /home/airflow/.local/lib/python3.8/site-packages/airflow/example_dags/example_nested_branch_dag.py took 0.220 seconds
[2024-03-03T21:13:40.983+0000] {processor.py:161} INFO - Started process (PID=1285) to work on /home/airflow/.local/lib/python3.8/site-packages/airflow/example_dags/example_nested_branch_dag.py
[2024-03-03T21:13:40.985+0000] {processor.py:830} INFO - Processing file /home/airflow/.local/lib/python3.8/site-packages/airflow/example_dags/example_nested_branch_dag.py for tasks to queue
[2024-03-03T21:13:40.988+0000] {logging_mixin.py:188} INFO - [2024-03-03T21:13:40.987+0000] {dagbag.py:538} INFO - Filling up the DagBag from /home/airflow/.local/lib/python3.8/site-packages/airflow/example_dags/example_nested_branch_dag.py
[2024-03-03T21:13:41.002+0000] {processor.py:840} INFO - DAG(s) 'example_nested_branch_dag' retrieved from /home/airflow/.local/lib/python3.8/site-packages/airflow/example_dags/example_nested_branch_dag.py
[2024-03-03T21:13:41.029+0000] {logging_mixin.py:188} INFO - [2024-03-03T21:13:41.029+0000] {dag.py:3036} INFO - Sync 1 DAGs
[2024-03-03T21:13:41.061+0000] {logging_mixin.py:188} INFO - [2024-03-03T21:13:41.061+0000] {dag.py:3823} INFO - Setting next_dagrun for example_nested_branch_dag to 2024-03-02 00:00:00+00:00, run_after=2024-03-03 00:00:00+00:00
[2024-03-03T21:13:41.097+0000] {processor.py:183} INFO - Processing /home/airflow/.local/lib/python3.8/site-packages/airflow/example_dags/example_nested_branch_dag.py took 0.118 seconds
[2024-03-03T21:14:11.506+0000] {processor.py:161} INFO - Started process (PID=1340) to work on /home/airflow/.local/lib/python3.8/site-packages/airflow/example_dags/example_nested_branch_dag.py
[2024-03-03T21:14:11.507+0000] {processor.py:830} INFO - Processing file /home/airflow/.local/lib/python3.8/site-packages/airflow/example_dags/example_nested_branch_dag.py for tasks to queue
[2024-03-03T21:14:11.509+0000] {logging_mixin.py:188} INFO - [2024-03-03T21:14:11.508+0000] {dagbag.py:538} INFO - Filling up the DagBag from /home/airflow/.local/lib/python3.8/site-packages/airflow/example_dags/example_nested_branch_dag.py
[2024-03-03T21:14:11.519+0000] {processor.py:840} INFO - DAG(s) 'example_nested_branch_dag' retrieved from /home/airflow/.local/lib/python3.8/site-packages/airflow/example_dags/example_nested_branch_dag.py
[2024-03-03T21:14:11.539+0000] {logging_mixin.py:188} INFO - [2024-03-03T21:14:11.539+0000] {dag.py:3036} INFO - Sync 1 DAGs
[2024-03-03T21:14:11.561+0000] {logging_mixin.py:188} INFO - [2024-03-03T21:14:11.561+0000] {dag.py:3823} INFO - Setting next_dagrun for example_nested_branch_dag to 2024-03-02 00:00:00+00:00, run_after=2024-03-03 00:00:00+00:00
[2024-03-03T21:14:11.583+0000] {processor.py:183} INFO - Processing /home/airflow/.local/lib/python3.8/site-packages/airflow/example_dags/example_nested_branch_dag.py took 0.081 seconds
[2024-03-03T21:14:41.975+0000] {processor.py:161} INFO - Started process (PID=1395) to work on /home/airflow/.local/lib/python3.8/site-packages/airflow/example_dags/example_nested_branch_dag.py
[2024-03-03T21:14:41.978+0000] {processor.py:830} INFO - Processing file /home/airflow/.local/lib/python3.8/site-packages/airflow/example_dags/example_nested_branch_dag.py for tasks to queue
[2024-03-03T21:14:41.984+0000] {logging_mixin.py:188} INFO - [2024-03-03T21:14:41.983+0000] {dagbag.py:538} INFO - Filling up the DagBag from /home/airflow/.local/lib/python3.8/site-packages/airflow/example_dags/example_nested_branch_dag.py
[2024-03-03T21:14:41.999+0000] {processor.py:840} INFO - DAG(s) 'example_nested_branch_dag' retrieved from /home/airflow/.local/lib/python3.8/site-packages/airflow/example_dags/example_nested_branch_dag.py
[2024-03-03T21:14:42.028+0000] {logging_mixin.py:188} INFO - [2024-03-03T21:14:42.028+0000] {dag.py:3036} INFO - Sync 1 DAGs
[2024-03-03T21:14:42.065+0000] {logging_mixin.py:188} INFO - [2024-03-03T21:14:42.065+0000] {dag.py:3823} INFO - Setting next_dagrun for example_nested_branch_dag to 2024-03-02 00:00:00+00:00, run_after=2024-03-03 00:00:00+00:00
[2024-03-03T21:14:42.101+0000] {processor.py:183} INFO - Processing /home/airflow/.local/lib/python3.8/site-packages/airflow/example_dags/example_nested_branch_dag.py took 0.133 seconds
[2024-03-03T21:15:12.592+0000] {processor.py:161} INFO - Started process (PID=1450) to work on /home/airflow/.local/lib/python3.8/site-packages/airflow/example_dags/example_nested_branch_dag.py
[2024-03-03T21:15:12.594+0000] {processor.py:830} INFO - Processing file /home/airflow/.local/lib/python3.8/site-packages/airflow/example_dags/example_nested_branch_dag.py for tasks to queue
[2024-03-03T21:15:12.596+0000] {logging_mixin.py:188} INFO - [2024-03-03T21:15:12.596+0000] {dagbag.py:538} INFO - Filling up the DagBag from /home/airflow/.local/lib/python3.8/site-packages/airflow/example_dags/example_nested_branch_dag.py
[2024-03-03T21:15:12.608+0000] {processor.py:840} INFO - DAG(s) 'example_nested_branch_dag' retrieved from /home/airflow/.local/lib/python3.8/site-packages/airflow/example_dags/example_nested_branch_dag.py
[2024-03-03T21:15:12.633+0000] {logging_mixin.py:188} INFO - [2024-03-03T21:15:12.632+0000] {dag.py:3036} INFO - Sync 1 DAGs
[2024-03-03T21:15:12.671+0000] {logging_mixin.py:188} INFO - [2024-03-03T21:15:12.671+0000] {dag.py:3823} INFO - Setting next_dagrun for example_nested_branch_dag to 2024-03-02 00:00:00+00:00, run_after=2024-03-03 00:00:00+00:00
[2024-03-03T21:15:12.699+0000] {processor.py:183} INFO - Processing /home/airflow/.local/lib/python3.8/site-packages/airflow/example_dags/example_nested_branch_dag.py took 0.111 seconds
[2024-03-03T21:15:43.298+0000] {processor.py:161} INFO - Started process (PID=1505) to work on /home/airflow/.local/lib/python3.8/site-packages/airflow/example_dags/example_nested_branch_dag.py
[2024-03-03T21:15:43.299+0000] {processor.py:830} INFO - Processing file /home/airflow/.local/lib/python3.8/site-packages/airflow/example_dags/example_nested_branch_dag.py for tasks to queue
[2024-03-03T21:15:43.302+0000] {logging_mixin.py:188} INFO - [2024-03-03T21:15:43.301+0000] {dagbag.py:538} INFO - Filling up the DagBag from /home/airflow/.local/lib/python3.8/site-packages/airflow/example_dags/example_nested_branch_dag.py
[2024-03-03T21:15:43.314+0000] {processor.py:840} INFO - DAG(s) 'example_nested_branch_dag' retrieved from /home/airflow/.local/lib/python3.8/site-packages/airflow/example_dags/example_nested_branch_dag.py
[2024-03-03T21:15:43.338+0000] {logging_mixin.py:188} INFO - [2024-03-03T21:15:43.338+0000] {dag.py:3036} INFO - Sync 1 DAGs
[2024-03-03T21:15:43.365+0000] {logging_mixin.py:188} INFO - [2024-03-03T21:15:43.365+0000] {dag.py:3823} INFO - Setting next_dagrun for example_nested_branch_dag to 2024-03-02 00:00:00+00:00, run_after=2024-03-03 00:00:00+00:00
[2024-03-03T21:15:43.390+0000] {processor.py:183} INFO - Processing /home/airflow/.local/lib/python3.8/site-packages/airflow/example_dags/example_nested_branch_dag.py took 0.101 seconds
[2024-03-03T21:16:13.709+0000] {processor.py:161} INFO - Started process (PID=1560) to work on /home/airflow/.local/lib/python3.8/site-packages/airflow/example_dags/example_nested_branch_dag.py
[2024-03-03T21:16:13.711+0000] {processor.py:830} INFO - Processing file /home/airflow/.local/lib/python3.8/site-packages/airflow/example_dags/example_nested_branch_dag.py for tasks to queue
[2024-03-03T21:16:13.713+0000] {logging_mixin.py:188} INFO - [2024-03-03T21:16:13.713+0000] {dagbag.py:538} INFO - Filling up the DagBag from /home/airflow/.local/lib/python3.8/site-packages/airflow/example_dags/example_nested_branch_dag.py
[2024-03-03T21:16:13.726+0000] {processor.py:840} INFO - DAG(s) 'example_nested_branch_dag' retrieved from /home/airflow/.local/lib/python3.8/site-packages/airflow/example_dags/example_nested_branch_dag.py
[2024-03-03T21:16:13.752+0000] {logging_mixin.py:188} INFO - [2024-03-03T21:16:13.751+0000] {dag.py:3036} INFO - Sync 1 DAGs
[2024-03-03T21:16:13.778+0000] {logging_mixin.py:188} INFO - [2024-03-03T21:16:13.778+0000] {dag.py:3823} INFO - Setting next_dagrun for example_nested_branch_dag to 2024-03-02 00:00:00+00:00, run_after=2024-03-03 00:00:00+00:00
[2024-03-03T21:16:13.808+0000] {processor.py:183} INFO - Processing /home/airflow/.local/lib/python3.8/site-packages/airflow/example_dags/example_nested_branch_dag.py took 0.103 seconds
[2024-03-03T21:16:43.954+0000] {processor.py:161} INFO - Started process (PID=1615) to work on /home/airflow/.local/lib/python3.8/site-packages/airflow/example_dags/example_nested_branch_dag.py
[2024-03-03T21:16:43.955+0000] {processor.py:830} INFO - Processing file /home/airflow/.local/lib/python3.8/site-packages/airflow/example_dags/example_nested_branch_dag.py for tasks to queue
[2024-03-03T21:16:43.957+0000] {logging_mixin.py:188} INFO - [2024-03-03T21:16:43.957+0000] {dagbag.py:538} INFO - Filling up the DagBag from /home/airflow/.local/lib/python3.8/site-packages/airflow/example_dags/example_nested_branch_dag.py
[2024-03-03T21:16:43.966+0000] {processor.py:840} INFO - DAG(s) 'example_nested_branch_dag' retrieved from /home/airflow/.local/lib/python3.8/site-packages/airflow/example_dags/example_nested_branch_dag.py
[2024-03-03T21:16:43.985+0000] {logging_mixin.py:188} INFO - [2024-03-03T21:16:43.984+0000] {dag.py:3036} INFO - Sync 1 DAGs
[2024-03-03T21:16:44.006+0000] {logging_mixin.py:188} INFO - [2024-03-03T21:16:44.006+0000] {dag.py:3823} INFO - Setting next_dagrun for example_nested_branch_dag to 2024-03-02 00:00:00+00:00, run_after=2024-03-03 00:00:00+00:00
[2024-03-03T21:16:44.030+0000] {processor.py:183} INFO - Processing /home/airflow/.local/lib/python3.8/site-packages/airflow/example_dags/example_nested_branch_dag.py took 0.080 seconds
[2024-03-03T21:17:14.139+0000] {processor.py:161} INFO - Started process (PID=1670) to work on /home/airflow/.local/lib/python3.8/site-packages/airflow/example_dags/example_nested_branch_dag.py
[2024-03-03T21:17:14.140+0000] {processor.py:830} INFO - Processing file /home/airflow/.local/lib/python3.8/site-packages/airflow/example_dags/example_nested_branch_dag.py for tasks to queue
[2024-03-03T21:17:14.141+0000] {logging_mixin.py:188} INFO - [2024-03-03T21:17:14.141+0000] {dagbag.py:538} INFO - Filling up the DagBag from /home/airflow/.local/lib/python3.8/site-packages/airflow/example_dags/example_nested_branch_dag.py
[2024-03-03T21:17:14.151+0000] {processor.py:840} INFO - DAG(s) 'example_nested_branch_dag' retrieved from /home/airflow/.local/lib/python3.8/site-packages/airflow/example_dags/example_nested_branch_dag.py
[2024-03-03T21:17:14.170+0000] {logging_mixin.py:188} INFO - [2024-03-03T21:17:14.169+0000] {dag.py:3036} INFO - Sync 1 DAGs
[2024-03-03T21:17:14.193+0000] {logging_mixin.py:188} INFO - [2024-03-03T21:17:14.193+0000] {dag.py:3823} INFO - Setting next_dagrun for example_nested_branch_dag to 2024-03-02 00:00:00+00:00, run_after=2024-03-03 00:00:00+00:00
[2024-03-03T21:17:14.217+0000] {processor.py:183} INFO - Processing /home/airflow/.local/lib/python3.8/site-packages/airflow/example_dags/example_nested_branch_dag.py took 0.081 seconds
[2024-03-03T21:17:44.544+0000] {processor.py:161} INFO - Started process (PID=1725) to work on /home/airflow/.local/lib/python3.8/site-packages/airflow/example_dags/example_nested_branch_dag.py
[2024-03-03T21:17:44.545+0000] {processor.py:830} INFO - Processing file /home/airflow/.local/lib/python3.8/site-packages/airflow/example_dags/example_nested_branch_dag.py for tasks to queue
[2024-03-03T21:17:44.547+0000] {logging_mixin.py:188} INFO - [2024-03-03T21:17:44.547+0000] {dagbag.py:538} INFO - Filling up the DagBag from /home/airflow/.local/lib/python3.8/site-packages/airflow/example_dags/example_nested_branch_dag.py
[2024-03-03T21:17:44.558+0000] {processor.py:840} INFO - DAG(s) 'example_nested_branch_dag' retrieved from /home/airflow/.local/lib/python3.8/site-packages/airflow/example_dags/example_nested_branch_dag.py
[2024-03-03T21:17:44.585+0000] {logging_mixin.py:188} INFO - [2024-03-03T21:17:44.584+0000] {dag.py:3036} INFO - Sync 1 DAGs
[2024-03-03T21:17:44.613+0000] {logging_mixin.py:188} INFO - [2024-03-03T21:17:44.612+0000] {dag.py:3823} INFO - Setting next_dagrun for example_nested_branch_dag to 2024-03-02 00:00:00+00:00, run_after=2024-03-03 00:00:00+00:00
[2024-03-03T21:17:44.635+0000] {processor.py:183} INFO - Processing /home/airflow/.local/lib/python3.8/site-packages/airflow/example_dags/example_nested_branch_dag.py took 0.096 seconds
[2024-03-03T21:18:14.873+0000] {processor.py:161} INFO - Started process (PID=1780) to work on /home/airflow/.local/lib/python3.8/site-packages/airflow/example_dags/example_nested_branch_dag.py
[2024-03-03T21:18:14.875+0000] {processor.py:830} INFO - Processing file /home/airflow/.local/lib/python3.8/site-packages/airflow/example_dags/example_nested_branch_dag.py for tasks to queue
[2024-03-03T21:18:14.878+0000] {logging_mixin.py:188} INFO - [2024-03-03T21:18:14.878+0000] {dagbag.py:538} INFO - Filling up the DagBag from /home/airflow/.local/lib/python3.8/site-packages/airflow/example_dags/example_nested_branch_dag.py
[2024-03-03T21:18:14.891+0000] {processor.py:840} INFO - DAG(s) 'example_nested_branch_dag' retrieved from /home/airflow/.local/lib/python3.8/site-packages/airflow/example_dags/example_nested_branch_dag.py
[2024-03-03T21:18:14.919+0000] {logging_mixin.py:188} INFO - [2024-03-03T21:18:14.919+0000] {dag.py:3036} INFO - Sync 1 DAGs
[2024-03-03T21:18:14.953+0000] {logging_mixin.py:188} INFO - [2024-03-03T21:18:14.953+0000] {dag.py:3823} INFO - Setting next_dagrun for example_nested_branch_dag to 2024-03-02 00:00:00+00:00, run_after=2024-03-03 00:00:00+00:00
[2024-03-03T21:18:14.982+0000] {processor.py:183} INFO - Processing /home/airflow/.local/lib/python3.8/site-packages/airflow/example_dags/example_nested_branch_dag.py took 0.112 seconds
[2024-03-03T21:18:45.591+0000] {processor.py:161} INFO - Started process (PID=1835) to work on /home/airflow/.local/lib/python3.8/site-packages/airflow/example_dags/example_nested_branch_dag.py
[2024-03-03T21:18:45.593+0000] {processor.py:830} INFO - Processing file /home/airflow/.local/lib/python3.8/site-packages/airflow/example_dags/example_nested_branch_dag.py for tasks to queue
[2024-03-03T21:18:45.597+0000] {logging_mixin.py:188} INFO - [2024-03-03T21:18:45.597+0000] {dagbag.py:538} INFO - Filling up the DagBag from /home/airflow/.local/lib/python3.8/site-packages/airflow/example_dags/example_nested_branch_dag.py
[2024-03-03T21:18:45.613+0000] {processor.py:840} INFO - DAG(s) 'example_nested_branch_dag' retrieved from /home/airflow/.local/lib/python3.8/site-packages/airflow/example_dags/example_nested_branch_dag.py
[2024-03-03T21:18:45.650+0000] {logging_mixin.py:188} INFO - [2024-03-03T21:18:45.649+0000] {dag.py:3036} INFO - Sync 1 DAGs
[2024-03-03T21:18:45.692+0000] {logging_mixin.py:188} INFO - [2024-03-03T21:18:45.692+0000] {dag.py:3823} INFO - Setting next_dagrun for example_nested_branch_dag to 2024-03-02 00:00:00+00:00, run_after=2024-03-03 00:00:00+00:00
[2024-03-03T21:18:45.725+0000] {processor.py:183} INFO - Processing /home/airflow/.local/lib/python3.8/site-packages/airflow/example_dags/example_nested_branch_dag.py took 0.139 seconds
[2024-03-03T21:19:15.990+0000] {processor.py:161} INFO - Started process (PID=1890) to work on /home/airflow/.local/lib/python3.8/site-packages/airflow/example_dags/example_nested_branch_dag.py
[2024-03-03T21:19:15.991+0000] {processor.py:830} INFO - Processing file /home/airflow/.local/lib/python3.8/site-packages/airflow/example_dags/example_nested_branch_dag.py for tasks to queue
[2024-03-03T21:19:15.994+0000] {logging_mixin.py:188} INFO - [2024-03-03T21:19:15.994+0000] {dagbag.py:538} INFO - Filling up the DagBag from /home/airflow/.local/lib/python3.8/site-packages/airflow/example_dags/example_nested_branch_dag.py
[2024-03-03T21:19:16.007+0000] {processor.py:840} INFO - DAG(s) 'example_nested_branch_dag' retrieved from /home/airflow/.local/lib/python3.8/site-packages/airflow/example_dags/example_nested_branch_dag.py
[2024-03-03T21:19:16.034+0000] {logging_mixin.py:188} INFO - [2024-03-03T21:19:16.034+0000] {dag.py:3036} INFO - Sync 1 DAGs
[2024-03-03T21:19:16.065+0000] {logging_mixin.py:188} INFO - [2024-03-03T21:19:16.065+0000] {dag.py:3823} INFO - Setting next_dagrun for example_nested_branch_dag to 2024-03-02 00:00:00+00:00, run_after=2024-03-03 00:00:00+00:00
[2024-03-03T21:19:16.088+0000] {processor.py:183} INFO - Processing /home/airflow/.local/lib/python3.8/site-packages/airflow/example_dags/example_nested_branch_dag.py took 0.102 seconds
[2024-03-03T21:19:46.161+0000] {processor.py:161} INFO - Started process (PID=1945) to work on /home/airflow/.local/lib/python3.8/site-packages/airflow/example_dags/example_nested_branch_dag.py
[2024-03-03T21:19:46.162+0000] {processor.py:830} INFO - Processing file /home/airflow/.local/lib/python3.8/site-packages/airflow/example_dags/example_nested_branch_dag.py for tasks to queue
[2024-03-03T21:19:46.165+0000] {logging_mixin.py:188} INFO - [2024-03-03T21:19:46.165+0000] {dagbag.py:538} INFO - Filling up the DagBag from /home/airflow/.local/lib/python3.8/site-packages/airflow/example_dags/example_nested_branch_dag.py
[2024-03-03T21:19:46.175+0000] {processor.py:840} INFO - DAG(s) 'example_nested_branch_dag' retrieved from /home/airflow/.local/lib/python3.8/site-packages/airflow/example_dags/example_nested_branch_dag.py
[2024-03-03T21:19:46.196+0000] {logging_mixin.py:188} INFO - [2024-03-03T21:19:46.196+0000] {dag.py:3036} INFO - Sync 1 DAGs
[2024-03-03T21:19:46.219+0000] {logging_mixin.py:188} INFO - [2024-03-03T21:19:46.219+0000] {dag.py:3823} INFO - Setting next_dagrun for example_nested_branch_dag to 2024-03-02 00:00:00+00:00, run_after=2024-03-03 00:00:00+00:00
[2024-03-03T21:19:46.243+0000] {processor.py:183} INFO - Processing /home/airflow/.local/lib/python3.8/site-packages/airflow/example_dags/example_nested_branch_dag.py took 0.087 seconds
[2024-03-03T21:20:16.859+0000] {processor.py:161} INFO - Started process (PID=2000) to work on /home/airflow/.local/lib/python3.8/site-packages/airflow/example_dags/example_nested_branch_dag.py
[2024-03-03T21:20:16.860+0000] {processor.py:830} INFO - Processing file /home/airflow/.local/lib/python3.8/site-packages/airflow/example_dags/example_nested_branch_dag.py for tasks to queue
[2024-03-03T21:20:16.861+0000] {logging_mixin.py:188} INFO - [2024-03-03T21:20:16.861+0000] {dagbag.py:538} INFO - Filling up the DagBag from /home/airflow/.local/lib/python3.8/site-packages/airflow/example_dags/example_nested_branch_dag.py
[2024-03-03T21:20:16.870+0000] {processor.py:840} INFO - DAG(s) 'example_nested_branch_dag' retrieved from /home/airflow/.local/lib/python3.8/site-packages/airflow/example_dags/example_nested_branch_dag.py
[2024-03-03T21:20:16.893+0000] {logging_mixin.py:188} INFO - [2024-03-03T21:20:16.893+0000] {dag.py:3036} INFO - Sync 1 DAGs
[2024-03-03T21:20:16.918+0000] {logging_mixin.py:188} INFO - [2024-03-03T21:20:16.918+0000] {dag.py:3823} INFO - Setting next_dagrun for example_nested_branch_dag to 2024-03-02 00:00:00+00:00, run_after=2024-03-03 00:00:00+00:00
[2024-03-03T21:20:16.940+0000] {processor.py:183} INFO - Processing /home/airflow/.local/lib/python3.8/site-packages/airflow/example_dags/example_nested_branch_dag.py took 0.084 seconds
[2024-03-03T21:20:47.373+0000] {processor.py:161} INFO - Started process (PID=2055) to work on /home/airflow/.local/lib/python3.8/site-packages/airflow/example_dags/example_nested_branch_dag.py
[2024-03-03T21:20:47.374+0000] {processor.py:830} INFO - Processing file /home/airflow/.local/lib/python3.8/site-packages/airflow/example_dags/example_nested_branch_dag.py for tasks to queue
[2024-03-03T21:20:47.376+0000] {logging_mixin.py:188} INFO - [2024-03-03T21:20:47.375+0000] {dagbag.py:538} INFO - Filling up the DagBag from /home/airflow/.local/lib/python3.8/site-packages/airflow/example_dags/example_nested_branch_dag.py
[2024-03-03T21:20:47.384+0000] {processor.py:840} INFO - DAG(s) 'example_nested_branch_dag' retrieved from /home/airflow/.local/lib/python3.8/site-packages/airflow/example_dags/example_nested_branch_dag.py
[2024-03-03T21:20:47.402+0000] {logging_mixin.py:188} INFO - [2024-03-03T21:20:47.402+0000] {dag.py:3036} INFO - Sync 1 DAGs
[2024-03-03T21:20:47.422+0000] {logging_mixin.py:188} INFO - [2024-03-03T21:20:47.421+0000] {dag.py:3823} INFO - Setting next_dagrun for example_nested_branch_dag to 2024-03-02 00:00:00+00:00, run_after=2024-03-03 00:00:00+00:00
[2024-03-03T21:20:47.438+0000] {processor.py:183} INFO - Processing /home/airflow/.local/lib/python3.8/site-packages/airflow/example_dags/example_nested_branch_dag.py took 0.068 seconds
[2024-03-03T21:21:17.923+0000] {processor.py:161} INFO - Started process (PID=2110) to work on /home/airflow/.local/lib/python3.8/site-packages/airflow/example_dags/example_nested_branch_dag.py
[2024-03-03T21:21:17.924+0000] {processor.py:830} INFO - Processing file /home/airflow/.local/lib/python3.8/site-packages/airflow/example_dags/example_nested_branch_dag.py for tasks to queue
[2024-03-03T21:21:17.927+0000] {logging_mixin.py:188} INFO - [2024-03-03T21:21:17.926+0000] {dagbag.py:538} INFO - Filling up the DagBag from /home/airflow/.local/lib/python3.8/site-packages/airflow/example_dags/example_nested_branch_dag.py
[2024-03-03T21:21:17.938+0000] {processor.py:840} INFO - DAG(s) 'example_nested_branch_dag' retrieved from /home/airflow/.local/lib/python3.8/site-packages/airflow/example_dags/example_nested_branch_dag.py
[2024-03-03T21:21:17.963+0000] {logging_mixin.py:188} INFO - [2024-03-03T21:21:17.962+0000] {dag.py:3036} INFO - Sync 1 DAGs
[2024-03-03T21:21:17.989+0000] {logging_mixin.py:188} INFO - [2024-03-03T21:21:17.989+0000] {dag.py:3823} INFO - Setting next_dagrun for example_nested_branch_dag to 2024-03-02 00:00:00+00:00, run_after=2024-03-03 00:00:00+00:00
[2024-03-03T21:21:18.011+0000] {processor.py:183} INFO - Processing /home/airflow/.local/lib/python3.8/site-packages/airflow/example_dags/example_nested_branch_dag.py took 0.091 seconds
[2024-03-03T21:21:48.298+0000] {processor.py:161} INFO - Started process (PID=2163) to work on /home/airflow/.local/lib/python3.8/site-packages/airflow/example_dags/example_nested_branch_dag.py
[2024-03-03T21:21:48.299+0000] {processor.py:830} INFO - Processing file /home/airflow/.local/lib/python3.8/site-packages/airflow/example_dags/example_nested_branch_dag.py for tasks to queue
[2024-03-03T21:21:48.301+0000] {logging_mixin.py:188} INFO - [2024-03-03T21:21:48.300+0000] {dagbag.py:538} INFO - Filling up the DagBag from /home/airflow/.local/lib/python3.8/site-packages/airflow/example_dags/example_nested_branch_dag.py
[2024-03-03T21:21:48.310+0000] {processor.py:840} INFO - DAG(s) 'example_nested_branch_dag' retrieved from /home/airflow/.local/lib/python3.8/site-packages/airflow/example_dags/example_nested_branch_dag.py
[2024-03-03T21:21:48.329+0000] {logging_mixin.py:188} INFO - [2024-03-03T21:21:48.329+0000] {dag.py:3036} INFO - Sync 1 DAGs
[2024-03-03T21:21:48.350+0000] {logging_mixin.py:188} INFO - [2024-03-03T21:21:48.350+0000] {dag.py:3823} INFO - Setting next_dagrun for example_nested_branch_dag to 2024-03-02 00:00:00+00:00, run_after=2024-03-03 00:00:00+00:00
[2024-03-03T21:21:48.370+0000] {processor.py:183} INFO - Processing /home/airflow/.local/lib/python3.8/site-packages/airflow/example_dags/example_nested_branch_dag.py took 0.075 seconds
[2024-03-03T21:22:18.873+0000] {processor.py:161} INFO - Started process (PID=2218) to work on /home/airflow/.local/lib/python3.8/site-packages/airflow/example_dags/example_nested_branch_dag.py
[2024-03-03T21:22:18.874+0000] {processor.py:830} INFO - Processing file /home/airflow/.local/lib/python3.8/site-packages/airflow/example_dags/example_nested_branch_dag.py for tasks to queue
[2024-03-03T21:22:18.875+0000] {logging_mixin.py:188} INFO - [2024-03-03T21:22:18.875+0000] {dagbag.py:538} INFO - Filling up the DagBag from /home/airflow/.local/lib/python3.8/site-packages/airflow/example_dags/example_nested_branch_dag.py
[2024-03-03T21:22:18.883+0000] {processor.py:840} INFO - DAG(s) 'example_nested_branch_dag' retrieved from /home/airflow/.local/lib/python3.8/site-packages/airflow/example_dags/example_nested_branch_dag.py
[2024-03-03T21:22:18.902+0000] {logging_mixin.py:188} INFO - [2024-03-03T21:22:18.902+0000] {dag.py:3036} INFO - Sync 1 DAGs
[2024-03-03T21:22:18.921+0000] {logging_mixin.py:188} INFO - [2024-03-03T21:22:18.921+0000] {dag.py:3823} INFO - Setting next_dagrun for example_nested_branch_dag to 2024-03-02 00:00:00+00:00, run_after=2024-03-03 00:00:00+00:00
[2024-03-03T21:22:18.940+0000] {processor.py:183} INFO - Processing /home/airflow/.local/lib/python3.8/site-packages/airflow/example_dags/example_nested_branch_dag.py took 0.069 seconds
