[2024-03-03T20:00:46.708+0000] {processor.py:161} INFO - Started process (PID=104) to work on /home/airflow/.local/lib/python3.8/site-packages/airflow/example_dags/example_python_decorator.py
[2024-03-03T20:00:46.711+0000] {processor.py:830} INFO - Processing file /home/airflow/.local/lib/python3.8/site-packages/airflow/example_dags/example_python_decorator.py for tasks to queue
[2024-03-03T20:00:46.716+0000] {logging_mixin.py:188} INFO - [2024-03-03T20:00:46.714+0000] {dagbag.py:538} INFO - Filling up the DagBag from /home/airflow/.local/lib/python3.8/site-packages/airflow/example_dags/example_python_decorator.py
[2024-03-03T20:00:46.768+0000] {processor.py:840} INFO - DAG(s) 'example_python_decorator' retrieved from /home/airflow/.local/lib/python3.8/site-packages/airflow/example_dags/example_python_decorator.py
[2024-03-03T20:00:47.130+0000] {logging_mixin.py:188} INFO - [2024-03-03T20:00:47.128+0000] {override.py:1769} INFO - Created Permission View: can delete on DAG:example_python_decorator
[2024-03-03T20:00:47.173+0000] {logging_mixin.py:188} INFO - [2024-03-03T20:00:47.172+0000] {override.py:1769} INFO - Created Permission View: can edit on DAG:example_python_decorator
[2024-03-03T20:00:47.198+0000] {logging_mixin.py:188} INFO - [2024-03-03T20:00:47.197+0000] {override.py:1769} INFO - Created Permission View: can read on DAG:example_python_decorator
[2024-03-03T20:00:47.201+0000] {logging_mixin.py:188} INFO - [2024-03-03T20:00:47.200+0000] {dag.py:3036} INFO - Sync 1 DAGs
[2024-03-03T20:00:47.228+0000] {logging_mixin.py:188} INFO - [2024-03-03T20:00:47.227+0000] {dag.py:3058} INFO - Creating ORM DAG for example_python_decorator
[2024-03-03T20:00:47.231+0000] {logging_mixin.py:188} INFO - [2024-03-03T20:00:47.230+0000] {dag.py:3823} INFO - Setting next_dagrun for example_python_decorator to None, run_after=None
[2024-03-03T20:00:47.281+0000] {processor.py:183} INFO - Processing /home/airflow/.local/lib/python3.8/site-packages/airflow/example_dags/example_python_decorator.py took 0.583 seconds
[2024-03-03T20:05:10.239+0000] {processor.py:161} INFO - Started process (PID=175) to work on /home/airflow/.local/lib/python3.8/site-packages/airflow/example_dags/example_python_decorator.py
[2024-03-03T20:05:10.241+0000] {processor.py:830} INFO - Processing file /home/airflow/.local/lib/python3.8/site-packages/airflow/example_dags/example_python_decorator.py for tasks to queue
[2024-03-03T20:05:10.243+0000] {logging_mixin.py:188} INFO - [2024-03-03T20:05:10.243+0000] {dagbag.py:538} INFO - Filling up the DagBag from /home/airflow/.local/lib/python3.8/site-packages/airflow/example_dags/example_python_decorator.py
[2024-03-03T20:05:10.277+0000] {processor.py:840} INFO - DAG(s) 'example_python_decorator' retrieved from /home/airflow/.local/lib/python3.8/site-packages/airflow/example_dags/example_python_decorator.py
[2024-03-03T20:05:10.350+0000] {logging_mixin.py:188} INFO - [2024-03-03T20:05:10.349+0000] {dag.py:3036} INFO - Sync 1 DAGs
[2024-03-03T20:05:10.386+0000] {logging_mixin.py:188} INFO - [2024-03-03T20:05:10.386+0000] {dag.py:3823} INFO - Setting next_dagrun for example_python_decorator to None, run_after=None
[2024-03-03T20:05:10.448+0000] {processor.py:183} INFO - Processing /home/airflow/.local/lib/python3.8/site-packages/airflow/example_dags/example_python_decorator.py took 0.216 seconds
[2024-03-03T20:08:15.818+0000] {processor.py:161} INFO - Started process (PID=250) to work on /home/airflow/.local/lib/python3.8/site-packages/airflow/example_dags/example_python_decorator.py
[2024-03-03T20:08:15.821+0000] {processor.py:830} INFO - Processing file /home/airflow/.local/lib/python3.8/site-packages/airflow/example_dags/example_python_decorator.py for tasks to queue
[2024-03-03T20:08:15.823+0000] {logging_mixin.py:188} INFO - [2024-03-03T20:08:15.823+0000] {dagbag.py:538} INFO - Filling up the DagBag from /home/airflow/.local/lib/python3.8/site-packages/airflow/example_dags/example_python_decorator.py
[2024-03-03T20:08:15.852+0000] {processor.py:840} INFO - DAG(s) 'example_python_decorator' retrieved from /home/airflow/.local/lib/python3.8/site-packages/airflow/example_dags/example_python_decorator.py
[2024-03-03T20:08:15.907+0000] {logging_mixin.py:188} INFO - [2024-03-03T20:08:15.906+0000] {dag.py:3036} INFO - Sync 1 DAGs
[2024-03-03T20:08:15.940+0000] {logging_mixin.py:188} INFO - [2024-03-03T20:08:15.939+0000] {dag.py:3823} INFO - Setting next_dagrun for example_python_decorator to None, run_after=None
[2024-03-03T20:08:15.993+0000] {processor.py:183} INFO - Processing /home/airflow/.local/lib/python3.8/site-packages/airflow/example_dags/example_python_decorator.py took 0.181 seconds
[2024-03-03T20:11:32.780+0000] {processor.py:161} INFO - Started process (PID=321) to work on /home/airflow/.local/lib/python3.8/site-packages/airflow/example_dags/example_python_decorator.py
[2024-03-03T20:11:32.782+0000] {processor.py:830} INFO - Processing file /home/airflow/.local/lib/python3.8/site-packages/airflow/example_dags/example_python_decorator.py for tasks to queue
[2024-03-03T20:11:32.784+0000] {logging_mixin.py:188} INFO - [2024-03-03T20:11:32.784+0000] {dagbag.py:538} INFO - Filling up the DagBag from /home/airflow/.local/lib/python3.8/site-packages/airflow/example_dags/example_python_decorator.py
[2024-03-03T20:11:32.836+0000] {processor.py:840} INFO - DAG(s) 'example_python_decorator' retrieved from /home/airflow/.local/lib/python3.8/site-packages/airflow/example_dags/example_python_decorator.py
[2024-03-03T20:11:32.955+0000] {logging_mixin.py:188} INFO - [2024-03-03T20:11:32.954+0000] {dag.py:3036} INFO - Sync 1 DAGs
[2024-03-03T20:11:32.993+0000] {logging_mixin.py:188} INFO - [2024-03-03T20:11:32.992+0000] {dag.py:3823} INFO - Setting next_dagrun for example_python_decorator to None, run_after=None
[2024-03-03T20:11:33.040+0000] {processor.py:183} INFO - Processing /home/airflow/.local/lib/python3.8/site-packages/airflow/example_dags/example_python_decorator.py took 0.270 seconds
[2024-03-03T20:13:55.482+0000] {processor.py:161} INFO - Started process (PID=409) to work on /home/airflow/.local/lib/python3.8/site-packages/airflow/example_dags/example_python_decorator.py
[2024-03-03T20:13:55.486+0000] {processor.py:830} INFO - Processing file /home/airflow/.local/lib/python3.8/site-packages/airflow/example_dags/example_python_decorator.py for tasks to queue
[2024-03-03T20:13:55.489+0000] {logging_mixin.py:188} INFO - [2024-03-03T20:13:55.488+0000] {dagbag.py:538} INFO - Filling up the DagBag from /home/airflow/.local/lib/python3.8/site-packages/airflow/example_dags/example_python_decorator.py
[2024-03-03T20:13:55.526+0000] {processor.py:840} INFO - DAG(s) 'example_python_decorator' retrieved from /home/airflow/.local/lib/python3.8/site-packages/airflow/example_dags/example_python_decorator.py
[2024-03-03T20:13:55.578+0000] {logging_mixin.py:188} INFO - [2024-03-03T20:13:55.577+0000] {dag.py:3036} INFO - Sync 1 DAGs
[2024-03-03T20:13:55.609+0000] {logging_mixin.py:188} INFO - [2024-03-03T20:13:55.609+0000] {dag.py:3823} INFO - Setting next_dagrun for example_python_decorator to None, run_after=None
[2024-03-03T20:13:55.671+0000] {processor.py:183} INFO - Processing /home/airflow/.local/lib/python3.8/site-packages/airflow/example_dags/example_python_decorator.py took 0.195 seconds
[2024-03-03T20:14:26.690+0000] {processor.py:161} INFO - Started process (PID=463) to work on /home/airflow/.local/lib/python3.8/site-packages/airflow/example_dags/example_python_decorator.py
[2024-03-03T20:14:26.693+0000] {processor.py:830} INFO - Processing file /home/airflow/.local/lib/python3.8/site-packages/airflow/example_dags/example_python_decorator.py for tasks to queue
[2024-03-03T20:14:26.696+0000] {logging_mixin.py:188} INFO - [2024-03-03T20:14:26.695+0000] {dagbag.py:538} INFO - Filling up the DagBag from /home/airflow/.local/lib/python3.8/site-packages/airflow/example_dags/example_python_decorator.py
[2024-03-03T20:14:26.731+0000] {processor.py:840} INFO - DAG(s) 'example_python_decorator' retrieved from /home/airflow/.local/lib/python3.8/site-packages/airflow/example_dags/example_python_decorator.py
[2024-03-03T20:14:26.800+0000] {logging_mixin.py:188} INFO - [2024-03-03T20:14:26.799+0000] {dag.py:3036} INFO - Sync 1 DAGs
[2024-03-03T20:14:26.835+0000] {logging_mixin.py:188} INFO - [2024-03-03T20:14:26.834+0000] {dag.py:3823} INFO - Setting next_dagrun for example_python_decorator to None, run_after=None
[2024-03-03T20:14:26.893+0000] {processor.py:183} INFO - Processing /home/airflow/.local/lib/python3.8/site-packages/airflow/example_dags/example_python_decorator.py took 0.210 seconds
[2024-03-03T20:15:01.645+0000] {processor.py:161} INFO - Started process (PID=519) to work on /home/airflow/.local/lib/python3.8/site-packages/airflow/example_dags/example_python_decorator.py
[2024-03-03T20:15:01.647+0000] {processor.py:830} INFO - Processing file /home/airflow/.local/lib/python3.8/site-packages/airflow/example_dags/example_python_decorator.py for tasks to queue
[2024-03-03T20:15:01.648+0000] {logging_mixin.py:188} INFO - [2024-03-03T20:15:01.648+0000] {dagbag.py:538} INFO - Filling up the DagBag from /home/airflow/.local/lib/python3.8/site-packages/airflow/example_dags/example_python_decorator.py
[2024-03-03T20:15:01.670+0000] {processor.py:840} INFO - DAG(s) 'example_python_decorator' retrieved from /home/airflow/.local/lib/python3.8/site-packages/airflow/example_dags/example_python_decorator.py
[2024-03-03T20:15:01.715+0000] {logging_mixin.py:188} INFO - [2024-03-03T20:15:01.714+0000] {dag.py:3036} INFO - Sync 1 DAGs
[2024-03-03T20:15:01.740+0000] {logging_mixin.py:188} INFO - [2024-03-03T20:15:01.739+0000] {dag.py:3823} INFO - Setting next_dagrun for example_python_decorator to None, run_after=None
[2024-03-03T20:15:01.790+0000] {processor.py:183} INFO - Processing /home/airflow/.local/lib/python3.8/site-packages/airflow/example_dags/example_python_decorator.py took 0.150 seconds
[2024-03-03T20:15:33.021+0000] {processor.py:161} INFO - Started process (PID=574) to work on /home/airflow/.local/lib/python3.8/site-packages/airflow/example_dags/example_python_decorator.py
[2024-03-03T20:15:33.025+0000] {processor.py:830} INFO - Processing file /home/airflow/.local/lib/python3.8/site-packages/airflow/example_dags/example_python_decorator.py for tasks to queue
[2024-03-03T20:15:33.029+0000] {logging_mixin.py:188} INFO - [2024-03-03T20:15:33.028+0000] {dagbag.py:538} INFO - Filling up the DagBag from /home/airflow/.local/lib/python3.8/site-packages/airflow/example_dags/example_python_decorator.py
[2024-03-03T20:15:33.102+0000] {processor.py:840} INFO - DAG(s) 'example_python_decorator' retrieved from /home/airflow/.local/lib/python3.8/site-packages/airflow/example_dags/example_python_decorator.py
[2024-03-03T20:15:33.265+0000] {logging_mixin.py:188} INFO - [2024-03-03T20:15:33.263+0000] {dag.py:3036} INFO - Sync 1 DAGs
[2024-03-03T20:15:33.294+0000] {logging_mixin.py:188} INFO - [2024-03-03T20:15:33.293+0000] {dag.py:3823} INFO - Setting next_dagrun for example_python_decorator to None, run_after=None
[2024-03-03T20:15:33.342+0000] {processor.py:183} INFO - Processing /home/airflow/.local/lib/python3.8/site-packages/airflow/example_dags/example_python_decorator.py took 0.327 seconds
[2024-03-03T20:16:03.958+0000] {processor.py:161} INFO - Started process (PID=629) to work on /home/airflow/.local/lib/python3.8/site-packages/airflow/example_dags/example_python_decorator.py
[2024-03-03T20:16:03.960+0000] {processor.py:830} INFO - Processing file /home/airflow/.local/lib/python3.8/site-packages/airflow/example_dags/example_python_decorator.py for tasks to queue
[2024-03-03T20:16:03.962+0000] {logging_mixin.py:188} INFO - [2024-03-03T20:16:03.961+0000] {dagbag.py:538} INFO - Filling up the DagBag from /home/airflow/.local/lib/python3.8/site-packages/airflow/example_dags/example_python_decorator.py
[2024-03-03T20:16:03.980+0000] {processor.py:840} INFO - DAG(s) 'example_python_decorator' retrieved from /home/airflow/.local/lib/python3.8/site-packages/airflow/example_dags/example_python_decorator.py
[2024-03-03T20:16:04.014+0000] {logging_mixin.py:188} INFO - [2024-03-03T20:16:04.013+0000] {dag.py:3036} INFO - Sync 1 DAGs
[2024-03-03T20:16:04.032+0000] {logging_mixin.py:188} INFO - [2024-03-03T20:16:04.031+0000] {dag.py:3823} INFO - Setting next_dagrun for example_python_decorator to None, run_after=None
[2024-03-03T20:16:04.064+0000] {processor.py:183} INFO - Processing /home/airflow/.local/lib/python3.8/site-packages/airflow/example_dags/example_python_decorator.py took 0.110 seconds
[2024-03-03T20:16:34.398+0000] {processor.py:161} INFO - Started process (PID=684) to work on /home/airflow/.local/lib/python3.8/site-packages/airflow/example_dags/example_python_decorator.py
[2024-03-03T20:16:34.400+0000] {processor.py:830} INFO - Processing file /home/airflow/.local/lib/python3.8/site-packages/airflow/example_dags/example_python_decorator.py for tasks to queue
[2024-03-03T20:16:34.401+0000] {logging_mixin.py:188} INFO - [2024-03-03T20:16:34.401+0000] {dagbag.py:538} INFO - Filling up the DagBag from /home/airflow/.local/lib/python3.8/site-packages/airflow/example_dags/example_python_decorator.py
[2024-03-03T20:16:34.417+0000] {processor.py:840} INFO - DAG(s) 'example_python_decorator' retrieved from /home/airflow/.local/lib/python3.8/site-packages/airflow/example_dags/example_python_decorator.py
[2024-03-03T20:16:34.449+0000] {logging_mixin.py:188} INFO - [2024-03-03T20:16:34.448+0000] {dag.py:3036} INFO - Sync 1 DAGs
[2024-03-03T20:16:34.467+0000] {logging_mixin.py:188} INFO - [2024-03-03T20:16:34.466+0000] {dag.py:3823} INFO - Setting next_dagrun for example_python_decorator to None, run_after=None
[2024-03-03T20:16:34.492+0000] {processor.py:183} INFO - Processing /home/airflow/.local/lib/python3.8/site-packages/airflow/example_dags/example_python_decorator.py took 0.097 seconds
[2024-03-03T20:17:05.027+0000] {processor.py:161} INFO - Started process (PID=739) to work on /home/airflow/.local/lib/python3.8/site-packages/airflow/example_dags/example_python_decorator.py
[2024-03-03T20:17:05.028+0000] {processor.py:830} INFO - Processing file /home/airflow/.local/lib/python3.8/site-packages/airflow/example_dags/example_python_decorator.py for tasks to queue
[2024-03-03T20:17:05.029+0000] {logging_mixin.py:188} INFO - [2024-03-03T20:17:05.029+0000] {dagbag.py:538} INFO - Filling up the DagBag from /home/airflow/.local/lib/python3.8/site-packages/airflow/example_dags/example_python_decorator.py
[2024-03-03T20:17:05.043+0000] {processor.py:840} INFO - DAG(s) 'example_python_decorator' retrieved from /home/airflow/.local/lib/python3.8/site-packages/airflow/example_dags/example_python_decorator.py
[2024-03-03T20:17:05.068+0000] {logging_mixin.py:188} INFO - [2024-03-03T20:17:05.067+0000] {dag.py:3036} INFO - Sync 1 DAGs
[2024-03-03T20:17:05.080+0000] {logging_mixin.py:188} INFO - [2024-03-03T20:17:05.080+0000] {dag.py:3823} INFO - Setting next_dagrun for example_python_decorator to None, run_after=None
[2024-03-03T20:17:05.099+0000] {processor.py:183} INFO - Processing /home/airflow/.local/lib/python3.8/site-packages/airflow/example_dags/example_python_decorator.py took 0.076 seconds
[2024-03-03T20:18:58.146+0000] {processor.py:161} INFO - Started process (PID=795) to work on /home/airflow/.local/lib/python3.8/site-packages/airflow/example_dags/example_python_decorator.py
[2024-03-03T20:18:58.148+0000] {processor.py:830} INFO - Processing file /home/airflow/.local/lib/python3.8/site-packages/airflow/example_dags/example_python_decorator.py for tasks to queue
[2024-03-03T20:18:58.150+0000] {logging_mixin.py:188} INFO - [2024-03-03T20:18:58.150+0000] {dagbag.py:538} INFO - Filling up the DagBag from /home/airflow/.local/lib/python3.8/site-packages/airflow/example_dags/example_python_decorator.py
[2024-03-03T20:18:58.175+0000] {processor.py:840} INFO - DAG(s) 'example_python_decorator' retrieved from /home/airflow/.local/lib/python3.8/site-packages/airflow/example_dags/example_python_decorator.py
[2024-03-03T20:18:58.220+0000] {logging_mixin.py:188} INFO - [2024-03-03T20:18:58.219+0000] {dag.py:3036} INFO - Sync 1 DAGs
[2024-03-03T20:18:58.247+0000] {logging_mixin.py:188} INFO - [2024-03-03T20:18:58.246+0000] {dag.py:3823} INFO - Setting next_dagrun for example_python_decorator to None, run_after=None
[2024-03-03T20:18:58.287+0000] {processor.py:183} INFO - Processing /home/airflow/.local/lib/python3.8/site-packages/airflow/example_dags/example_python_decorator.py took 0.146 seconds
[2024-03-03T20:20:54.724+0000] {processor.py:161} INFO - Started process (PID=858) to work on /home/airflow/.local/lib/python3.8/site-packages/airflow/example_dags/example_python_decorator.py
[2024-03-03T20:20:54.727+0000] {processor.py:830} INFO - Processing file /home/airflow/.local/lib/python3.8/site-packages/airflow/example_dags/example_python_decorator.py for tasks to queue
[2024-03-03T20:20:54.729+0000] {logging_mixin.py:188} INFO - [2024-03-03T20:20:54.728+0000] {dagbag.py:538} INFO - Filling up the DagBag from /home/airflow/.local/lib/python3.8/site-packages/airflow/example_dags/example_python_decorator.py
[2024-03-03T20:20:54.757+0000] {processor.py:840} INFO - DAG(s) 'example_python_decorator' retrieved from /home/airflow/.local/lib/python3.8/site-packages/airflow/example_dags/example_python_decorator.py
[2024-03-03T20:20:54.801+0000] {logging_mixin.py:188} INFO - [2024-03-03T20:20:54.800+0000] {dag.py:3036} INFO - Sync 1 DAGs
[2024-03-03T20:20:54.837+0000] {logging_mixin.py:188} INFO - [2024-03-03T20:20:54.837+0000] {dag.py:3823} INFO - Setting next_dagrun for example_python_decorator to None, run_after=None
[2024-03-03T20:20:54.906+0000] {processor.py:183} INFO - Processing /home/airflow/.local/lib/python3.8/site-packages/airflow/example_dags/example_python_decorator.py took 0.187 seconds
[2024-03-03T20:21:25.052+0000] {processor.py:161} INFO - Started process (PID=913) to work on /home/airflow/.local/lib/python3.8/site-packages/airflow/example_dags/example_python_decorator.py
[2024-03-03T20:21:25.055+0000] {processor.py:830} INFO - Processing file /home/airflow/.local/lib/python3.8/site-packages/airflow/example_dags/example_python_decorator.py for tasks to queue
[2024-03-03T20:21:25.057+0000] {logging_mixin.py:188} INFO - [2024-03-03T20:21:25.057+0000] {dagbag.py:538} INFO - Filling up the DagBag from /home/airflow/.local/lib/python3.8/site-packages/airflow/example_dags/example_python_decorator.py
[2024-03-03T20:21:25.086+0000] {processor.py:840} INFO - DAG(s) 'example_python_decorator' retrieved from /home/airflow/.local/lib/python3.8/site-packages/airflow/example_dags/example_python_decorator.py
[2024-03-03T20:21:25.138+0000] {logging_mixin.py:188} INFO - [2024-03-03T20:21:25.137+0000] {dag.py:3036} INFO - Sync 1 DAGs
[2024-03-03T20:21:25.166+0000] {logging_mixin.py:188} INFO - [2024-03-03T20:21:25.165+0000] {dag.py:3823} INFO - Setting next_dagrun for example_python_decorator to None, run_after=None
[2024-03-03T20:21:25.220+0000] {processor.py:183} INFO - Processing /home/airflow/.local/lib/python3.8/site-packages/airflow/example_dags/example_python_decorator.py took 0.173 seconds
[2024-03-03T20:29:46.765+0000] {processor.py:161} INFO - Started process (PID=80) to work on /home/airflow/.local/lib/python3.8/site-packages/airflow/example_dags/example_python_decorator.py
[2024-03-03T20:29:46.767+0000] {processor.py:830} INFO - Processing file /home/airflow/.local/lib/python3.8/site-packages/airflow/example_dags/example_python_decorator.py for tasks to queue
[2024-03-03T20:29:46.768+0000] {logging_mixin.py:188} INFO - [2024-03-03T20:29:46.768+0000] {dagbag.py:538} INFO - Filling up the DagBag from /home/airflow/.local/lib/python3.8/site-packages/airflow/example_dags/example_python_decorator.py
[2024-03-03T20:29:46.818+0000] {processor.py:840} INFO - DAG(s) 'example_python_decorator' retrieved from /home/airflow/.local/lib/python3.8/site-packages/airflow/example_dags/example_python_decorator.py
[2024-03-03T20:29:47.114+0000] {logging_mixin.py:188} INFO - [2024-03-03T20:29:47.114+0000] {dag.py:3036} INFO - Sync 1 DAGs
[2024-03-03T20:29:47.133+0000] {logging_mixin.py:188} INFO - [2024-03-03T20:29:47.133+0000] {dag.py:3823} INFO - Setting next_dagrun for example_python_decorator to None, run_after=None
[2024-03-03T20:29:47.175+0000] {processor.py:183} INFO - Processing /home/airflow/.local/lib/python3.8/site-packages/airflow/example_dags/example_python_decorator.py took 0.414 seconds
[2024-03-03T20:33:12.007+0000] {processor.py:161} INFO - Started process (PID=134) to work on /home/airflow/.local/lib/python3.8/site-packages/airflow/example_dags/example_python_decorator.py
[2024-03-03T20:33:12.008+0000] {processor.py:830} INFO - Processing file /home/airflow/.local/lib/python3.8/site-packages/airflow/example_dags/example_python_decorator.py for tasks to queue
[2024-03-03T20:33:12.010+0000] {logging_mixin.py:188} INFO - [2024-03-03T20:33:12.010+0000] {dagbag.py:538} INFO - Filling up the DagBag from /home/airflow/.local/lib/python3.8/site-packages/airflow/example_dags/example_python_decorator.py
[2024-03-03T20:33:12.036+0000] {processor.py:840} INFO - DAG(s) 'example_python_decorator' retrieved from /home/airflow/.local/lib/python3.8/site-packages/airflow/example_dags/example_python_decorator.py
[2024-03-03T20:33:12.081+0000] {logging_mixin.py:188} INFO - [2024-03-03T20:33:12.080+0000] {dag.py:3036} INFO - Sync 1 DAGs
[2024-03-03T20:33:12.107+0000] {logging_mixin.py:188} INFO - [2024-03-03T20:33:12.107+0000] {dag.py:3823} INFO - Setting next_dagrun for example_python_decorator to None, run_after=None
[2024-03-03T20:33:12.144+0000] {processor.py:183} INFO - Processing /home/airflow/.local/lib/python3.8/site-packages/airflow/example_dags/example_python_decorator.py took 0.141 seconds
[2024-03-03T20:34:26.760+0000] {processor.py:161} INFO - Started process (PID=192) to work on /home/airflow/.local/lib/python3.8/site-packages/airflow/example_dags/example_python_decorator.py
[2024-03-03T20:34:26.762+0000] {processor.py:830} INFO - Processing file /home/airflow/.local/lib/python3.8/site-packages/airflow/example_dags/example_python_decorator.py for tasks to queue
[2024-03-03T20:34:26.764+0000] {logging_mixin.py:188} INFO - [2024-03-03T20:34:26.763+0000] {dagbag.py:538} INFO - Filling up the DagBag from /home/airflow/.local/lib/python3.8/site-packages/airflow/example_dags/example_python_decorator.py
[2024-03-03T20:34:26.794+0000] {processor.py:840} INFO - DAG(s) 'example_python_decorator' retrieved from /home/airflow/.local/lib/python3.8/site-packages/airflow/example_dags/example_python_decorator.py
[2024-03-03T20:34:26.846+0000] {logging_mixin.py:188} INFO - [2024-03-03T20:34:26.846+0000] {dag.py:3036} INFO - Sync 1 DAGs
[2024-03-03T20:34:26.878+0000] {logging_mixin.py:188} INFO - [2024-03-03T20:34:26.877+0000] {dag.py:3823} INFO - Setting next_dagrun for example_python_decorator to None, run_after=None
[2024-03-03T20:34:26.931+0000] {processor.py:183} INFO - Processing /home/airflow/.local/lib/python3.8/site-packages/airflow/example_dags/example_python_decorator.py took 0.177 seconds
[2024-03-03T20:36:34.382+0000] {processor.py:161} INFO - Started process (PID=244) to work on /home/airflow/.local/lib/python3.8/site-packages/airflow/example_dags/example_python_decorator.py
[2024-03-03T20:36:34.388+0000] {processor.py:830} INFO - Processing file /home/airflow/.local/lib/python3.8/site-packages/airflow/example_dags/example_python_decorator.py for tasks to queue
[2024-03-03T20:36:34.391+0000] {logging_mixin.py:188} INFO - [2024-03-03T20:36:34.390+0000] {dagbag.py:538} INFO - Filling up the DagBag from /home/airflow/.local/lib/python3.8/site-packages/airflow/example_dags/example_python_decorator.py
[2024-03-03T20:36:34.426+0000] {processor.py:840} INFO - DAG(s) 'example_python_decorator' retrieved from /home/airflow/.local/lib/python3.8/site-packages/airflow/example_dags/example_python_decorator.py
[2024-03-03T20:36:34.490+0000] {logging_mixin.py:188} INFO - [2024-03-03T20:36:34.486+0000] {dag.py:3036} INFO - Sync 1 DAGs
[2024-03-03T20:36:34.531+0000] {logging_mixin.py:188} INFO - [2024-03-03T20:36:34.530+0000] {dag.py:3823} INFO - Setting next_dagrun for example_python_decorator to None, run_after=None
[2024-03-03T20:36:34.598+0000] {processor.py:183} INFO - Processing /home/airflow/.local/lib/python3.8/site-packages/airflow/example_dags/example_python_decorator.py took 0.225 seconds
[2024-03-03T20:39:38.489+0000] {processor.py:161} INFO - Started process (PID=335) to work on /home/airflow/.local/lib/python3.8/site-packages/airflow/example_dags/example_python_decorator.py
[2024-03-03T20:39:38.496+0000] {processor.py:830} INFO - Processing file /home/airflow/.local/lib/python3.8/site-packages/airflow/example_dags/example_python_decorator.py for tasks to queue
[2024-03-03T20:39:38.501+0000] {logging_mixin.py:188} INFO - [2024-03-03T20:39:38.501+0000] {dagbag.py:538} INFO - Filling up the DagBag from /home/airflow/.local/lib/python3.8/site-packages/airflow/example_dags/example_python_decorator.py
[2024-03-03T20:39:38.543+0000] {processor.py:840} INFO - DAG(s) 'example_python_decorator' retrieved from /home/airflow/.local/lib/python3.8/site-packages/airflow/example_dags/example_python_decorator.py
[2024-03-03T20:39:38.609+0000] {logging_mixin.py:188} INFO - [2024-03-03T20:39:38.608+0000] {dag.py:3036} INFO - Sync 1 DAGs
[2024-03-03T20:39:38.655+0000] {logging_mixin.py:188} INFO - [2024-03-03T20:39:38.654+0000] {dag.py:3823} INFO - Setting next_dagrun for example_python_decorator to None, run_after=None
[2024-03-03T20:39:38.741+0000] {processor.py:183} INFO - Processing /home/airflow/.local/lib/python3.8/site-packages/airflow/example_dags/example_python_decorator.py took 0.264 seconds
[2024-03-03T20:40:09.463+0000] {processor.py:161} INFO - Started process (PID=390) to work on /home/airflow/.local/lib/python3.8/site-packages/airflow/example_dags/example_python_decorator.py
[2024-03-03T20:40:09.466+0000] {processor.py:830} INFO - Processing file /home/airflow/.local/lib/python3.8/site-packages/airflow/example_dags/example_python_decorator.py for tasks to queue
[2024-03-03T20:40:09.470+0000] {logging_mixin.py:188} INFO - [2024-03-03T20:40:09.469+0000] {dagbag.py:538} INFO - Filling up the DagBag from /home/airflow/.local/lib/python3.8/site-packages/airflow/example_dags/example_python_decorator.py
[2024-03-03T20:40:09.507+0000] {processor.py:840} INFO - DAG(s) 'example_python_decorator' retrieved from /home/airflow/.local/lib/python3.8/site-packages/airflow/example_dags/example_python_decorator.py
[2024-03-03T20:40:09.550+0000] {logging_mixin.py:188} INFO - [2024-03-03T20:40:09.549+0000] {dag.py:3036} INFO - Sync 1 DAGs
[2024-03-03T20:40:09.585+0000] {logging_mixin.py:188} INFO - [2024-03-03T20:40:09.584+0000] {dag.py:3823} INFO - Setting next_dagrun for example_python_decorator to None, run_after=None
[2024-03-03T20:40:09.630+0000] {processor.py:183} INFO - Processing /home/airflow/.local/lib/python3.8/site-packages/airflow/example_dags/example_python_decorator.py took 0.175 seconds
[2024-03-03T20:40:40.006+0000] {processor.py:161} INFO - Started process (PID=445) to work on /home/airflow/.local/lib/python3.8/site-packages/airflow/example_dags/example_python_decorator.py
[2024-03-03T20:40:40.007+0000] {processor.py:830} INFO - Processing file /home/airflow/.local/lib/python3.8/site-packages/airflow/example_dags/example_python_decorator.py for tasks to queue
[2024-03-03T20:40:40.008+0000] {logging_mixin.py:188} INFO - [2024-03-03T20:40:40.008+0000] {dagbag.py:538} INFO - Filling up the DagBag from /home/airflow/.local/lib/python3.8/site-packages/airflow/example_dags/example_python_decorator.py
[2024-03-03T20:40:40.021+0000] {processor.py:840} INFO - DAG(s) 'example_python_decorator' retrieved from /home/airflow/.local/lib/python3.8/site-packages/airflow/example_dags/example_python_decorator.py
[2024-03-03T20:40:40.044+0000] {logging_mixin.py:188} INFO - [2024-03-03T20:40:40.044+0000] {dag.py:3036} INFO - Sync 1 DAGs
[2024-03-03T20:40:40.056+0000] {logging_mixin.py:188} INFO - [2024-03-03T20:40:40.056+0000] {dag.py:3823} INFO - Setting next_dagrun for example_python_decorator to None, run_after=None
[2024-03-03T20:40:40.071+0000] {processor.py:183} INFO - Processing /home/airflow/.local/lib/python3.8/site-packages/airflow/example_dags/example_python_decorator.py took 0.069 seconds
[2024-03-03T20:42:58.348+0000] {processor.py:161} INFO - Started process (PID=534) to work on /home/airflow/.local/lib/python3.8/site-packages/airflow/example_dags/example_python_decorator.py
[2024-03-03T20:42:58.352+0000] {processor.py:830} INFO - Processing file /home/airflow/.local/lib/python3.8/site-packages/airflow/example_dags/example_python_decorator.py for tasks to queue
[2024-03-03T20:42:58.356+0000] {logging_mixin.py:188} INFO - [2024-03-03T20:42:58.354+0000] {dagbag.py:538} INFO - Filling up the DagBag from /home/airflow/.local/lib/python3.8/site-packages/airflow/example_dags/example_python_decorator.py
[2024-03-03T20:42:58.394+0000] {processor.py:840} INFO - DAG(s) 'example_python_decorator' retrieved from /home/airflow/.local/lib/python3.8/site-packages/airflow/example_dags/example_python_decorator.py
[2024-03-03T20:42:58.451+0000] {logging_mixin.py:188} INFO - [2024-03-03T20:42:58.450+0000] {dag.py:3036} INFO - Sync 1 DAGs
[2024-03-03T20:42:58.487+0000] {logging_mixin.py:188} INFO - [2024-03-03T20:42:58.486+0000] {dag.py:3823} INFO - Setting next_dagrun for example_python_decorator to None, run_after=None
[2024-03-03T20:42:58.568+0000] {processor.py:183} INFO - Processing /home/airflow/.local/lib/python3.8/site-packages/airflow/example_dags/example_python_decorator.py took 0.230 seconds
[2024-03-03T20:46:08.038+0000] {processor.py:161} INFO - Started process (PID=592) to work on /home/airflow/.local/lib/python3.8/site-packages/airflow/example_dags/example_python_decorator.py
[2024-03-03T20:46:08.040+0000] {processor.py:830} INFO - Processing file /home/airflow/.local/lib/python3.8/site-packages/airflow/example_dags/example_python_decorator.py for tasks to queue
[2024-03-03T20:46:08.043+0000] {logging_mixin.py:188} INFO - [2024-03-03T20:46:08.041+0000] {dagbag.py:538} INFO - Filling up the DagBag from /home/airflow/.local/lib/python3.8/site-packages/airflow/example_dags/example_python_decorator.py
[2024-03-03T20:46:08.102+0000] {processor.py:840} INFO - DAG(s) 'example_python_decorator' retrieved from /home/airflow/.local/lib/python3.8/site-packages/airflow/example_dags/example_python_decorator.py
[2024-03-03T20:46:08.228+0000] {logging_mixin.py:188} INFO - [2024-03-03T20:46:08.225+0000] {dag.py:3036} INFO - Sync 1 DAGs
[2024-03-03T20:46:08.288+0000] {logging_mixin.py:188} INFO - [2024-03-03T20:46:08.287+0000] {dag.py:3823} INFO - Setting next_dagrun for example_python_decorator to None, run_after=None
[2024-03-03T20:46:08.381+0000] {processor.py:183} INFO - Processing /home/airflow/.local/lib/python3.8/site-packages/airflow/example_dags/example_python_decorator.py took 0.348 seconds
[2024-03-03T20:48:10.751+0000] {processor.py:161} INFO - Started process (PID=653) to work on /home/airflow/.local/lib/python3.8/site-packages/airflow/example_dags/example_python_decorator.py
[2024-03-03T20:48:10.754+0000] {processor.py:830} INFO - Processing file /home/airflow/.local/lib/python3.8/site-packages/airflow/example_dags/example_python_decorator.py for tasks to queue
[2024-03-03T20:48:10.759+0000] {logging_mixin.py:188} INFO - [2024-03-03T20:48:10.757+0000] {dagbag.py:538} INFO - Filling up the DagBag from /home/airflow/.local/lib/python3.8/site-packages/airflow/example_dags/example_python_decorator.py
[2024-03-03T20:48:10.806+0000] {processor.py:840} INFO - DAG(s) 'example_python_decorator' retrieved from /home/airflow/.local/lib/python3.8/site-packages/airflow/example_dags/example_python_decorator.py
[2024-03-03T20:48:10.920+0000] {logging_mixin.py:188} INFO - [2024-03-03T20:48:10.919+0000] {dag.py:3036} INFO - Sync 1 DAGs
[2024-03-03T20:48:10.965+0000] {logging_mixin.py:188} INFO - [2024-03-03T20:48:10.964+0000] {dag.py:3823} INFO - Setting next_dagrun for example_python_decorator to None, run_after=None
[2024-03-03T20:48:11.051+0000] {processor.py:183} INFO - Processing /home/airflow/.local/lib/python3.8/site-packages/airflow/example_dags/example_python_decorator.py took 0.306 seconds
[2024-03-03T20:48:41.969+0000] {processor.py:161} INFO - Started process (PID=708) to work on /home/airflow/.local/lib/python3.8/site-packages/airflow/example_dags/example_python_decorator.py
[2024-03-03T20:48:41.979+0000] {processor.py:830} INFO - Processing file /home/airflow/.local/lib/python3.8/site-packages/airflow/example_dags/example_python_decorator.py for tasks to queue
[2024-03-03T20:48:41.982+0000] {logging_mixin.py:188} INFO - [2024-03-03T20:48:41.981+0000] {dagbag.py:538} INFO - Filling up the DagBag from /home/airflow/.local/lib/python3.8/site-packages/airflow/example_dags/example_python_decorator.py
[2024-03-03T20:48:42.035+0000] {processor.py:840} INFO - DAG(s) 'example_python_decorator' retrieved from /home/airflow/.local/lib/python3.8/site-packages/airflow/example_dags/example_python_decorator.py
[2024-03-03T20:48:42.094+0000] {logging_mixin.py:188} INFO - [2024-03-03T20:48:42.094+0000] {dag.py:3036} INFO - Sync 1 DAGs
[2024-03-03T20:48:42.124+0000] {logging_mixin.py:188} INFO - [2024-03-03T20:48:42.123+0000] {dag.py:3823} INFO - Setting next_dagrun for example_python_decorator to None, run_after=None
[2024-03-03T20:48:42.165+0000] {processor.py:183} INFO - Processing /home/airflow/.local/lib/python3.8/site-packages/airflow/example_dags/example_python_decorator.py took 0.202 seconds
[2024-03-03T21:02:29.131+0000] {processor.py:161} INFO - Started process (PID=74) to work on /home/airflow/.local/lib/python3.8/site-packages/airflow/example_dags/example_python_decorator.py
[2024-03-03T21:02:29.132+0000] {processor.py:830} INFO - Processing file /home/airflow/.local/lib/python3.8/site-packages/airflow/example_dags/example_python_decorator.py for tasks to queue
[2024-03-03T21:02:29.135+0000] {logging_mixin.py:188} INFO - [2024-03-03T21:02:29.134+0000] {dagbag.py:538} INFO - Filling up the DagBag from /home/airflow/.local/lib/python3.8/site-packages/airflow/example_dags/example_python_decorator.py
[2024-03-03T21:02:29.158+0000] {processor.py:840} INFO - DAG(s) 'example_python_decorator' retrieved from /home/airflow/.local/lib/python3.8/site-packages/airflow/example_dags/example_python_decorator.py
[2024-03-03T21:02:29.436+0000] {logging_mixin.py:188} INFO - [2024-03-03T21:02:29.435+0000] {dag.py:3036} INFO - Sync 1 DAGs
[2024-03-03T21:02:29.463+0000] {logging_mixin.py:188} INFO - [2024-03-03T21:02:29.462+0000] {dag.py:3823} INFO - Setting next_dagrun for example_python_decorator to None, run_after=None
[2024-03-03T21:02:29.530+0000] {processor.py:183} INFO - Processing /home/airflow/.local/lib/python3.8/site-packages/airflow/example_dags/example_python_decorator.py took 0.403 seconds
[2024-03-03T21:03:00.161+0000] {processor.py:161} INFO - Started process (PID=135) to work on /home/airflow/.local/lib/python3.8/site-packages/airflow/example_dags/example_python_decorator.py
[2024-03-03T21:03:00.162+0000] {processor.py:830} INFO - Processing file /home/airflow/.local/lib/python3.8/site-packages/airflow/example_dags/example_python_decorator.py for tasks to queue
[2024-03-03T21:03:00.164+0000] {logging_mixin.py:188} INFO - [2024-03-03T21:03:00.164+0000] {dagbag.py:538} INFO - Filling up the DagBag from /home/airflow/.local/lib/python3.8/site-packages/airflow/example_dags/example_python_decorator.py
[2024-03-03T21:03:00.181+0000] {processor.py:840} INFO - DAG(s) 'example_python_decorator' retrieved from /home/airflow/.local/lib/python3.8/site-packages/airflow/example_dags/example_python_decorator.py
[2024-03-03T21:03:00.207+0000] {logging_mixin.py:188} INFO - [2024-03-03T21:03:00.207+0000] {dag.py:3036} INFO - Sync 1 DAGs
[2024-03-03T21:03:00.222+0000] {logging_mixin.py:188} INFO - [2024-03-03T21:03:00.221+0000] {dag.py:3823} INFO - Setting next_dagrun for example_python_decorator to None, run_after=None
[2024-03-03T21:03:00.246+0000] {processor.py:183} INFO - Processing /home/airflow/.local/lib/python3.8/site-packages/airflow/example_dags/example_python_decorator.py took 0.089 seconds
[2024-03-03T21:03:30.350+0000] {processor.py:161} INFO - Started process (PID=190) to work on /home/airflow/.local/lib/python3.8/site-packages/airflow/example_dags/example_python_decorator.py
[2024-03-03T21:03:30.351+0000] {processor.py:830} INFO - Processing file /home/airflow/.local/lib/python3.8/site-packages/airflow/example_dags/example_python_decorator.py for tasks to queue
[2024-03-03T21:03:30.353+0000] {logging_mixin.py:188} INFO - [2024-03-03T21:03:30.353+0000] {dagbag.py:538} INFO - Filling up the DagBag from /home/airflow/.local/lib/python3.8/site-packages/airflow/example_dags/example_python_decorator.py
[2024-03-03T21:03:30.369+0000] {processor.py:840} INFO - DAG(s) 'example_python_decorator' retrieved from /home/airflow/.local/lib/python3.8/site-packages/airflow/example_dags/example_python_decorator.py
[2024-03-03T21:03:30.400+0000] {logging_mixin.py:188} INFO - [2024-03-03T21:03:30.399+0000] {dag.py:3036} INFO - Sync 1 DAGs
[2024-03-03T21:03:30.415+0000] {logging_mixin.py:188} INFO - [2024-03-03T21:03:30.415+0000] {dag.py:3823} INFO - Setting next_dagrun for example_python_decorator to None, run_after=None
[2024-03-03T21:03:30.445+0000] {processor.py:183} INFO - Processing /home/airflow/.local/lib/python3.8/site-packages/airflow/example_dags/example_python_decorator.py took 0.099 seconds
[2024-03-03T21:04:01.155+0000] {processor.py:161} INFO - Started process (PID=245) to work on /home/airflow/.local/lib/python3.8/site-packages/airflow/example_dags/example_python_decorator.py
[2024-03-03T21:04:01.157+0000] {processor.py:830} INFO - Processing file /home/airflow/.local/lib/python3.8/site-packages/airflow/example_dags/example_python_decorator.py for tasks to queue
[2024-03-03T21:04:01.159+0000] {logging_mixin.py:188} INFO - [2024-03-03T21:04:01.159+0000] {dagbag.py:538} INFO - Filling up the DagBag from /home/airflow/.local/lib/python3.8/site-packages/airflow/example_dags/example_python_decorator.py
[2024-03-03T21:04:01.179+0000] {processor.py:840} INFO - DAG(s) 'example_python_decorator' retrieved from /home/airflow/.local/lib/python3.8/site-packages/airflow/example_dags/example_python_decorator.py
[2024-03-03T21:04:01.212+0000] {logging_mixin.py:188} INFO - [2024-03-03T21:04:01.211+0000] {dag.py:3036} INFO - Sync 1 DAGs
[2024-03-03T21:04:01.230+0000] {logging_mixin.py:188} INFO - [2024-03-03T21:04:01.229+0000] {dag.py:3823} INFO - Setting next_dagrun for example_python_decorator to None, run_after=None
[2024-03-03T21:04:01.258+0000] {processor.py:183} INFO - Processing /home/airflow/.local/lib/python3.8/site-packages/airflow/example_dags/example_python_decorator.py took 0.107 seconds
[2024-03-03T21:04:31.622+0000] {processor.py:161} INFO - Started process (PID=300) to work on /home/airflow/.local/lib/python3.8/site-packages/airflow/example_dags/example_python_decorator.py
[2024-03-03T21:04:31.624+0000] {processor.py:830} INFO - Processing file /home/airflow/.local/lib/python3.8/site-packages/airflow/example_dags/example_python_decorator.py for tasks to queue
[2024-03-03T21:04:31.626+0000] {logging_mixin.py:188} INFO - [2024-03-03T21:04:31.626+0000] {dagbag.py:538} INFO - Filling up the DagBag from /home/airflow/.local/lib/python3.8/site-packages/airflow/example_dags/example_python_decorator.py
[2024-03-03T21:04:31.644+0000] {processor.py:840} INFO - DAG(s) 'example_python_decorator' retrieved from /home/airflow/.local/lib/python3.8/site-packages/airflow/example_dags/example_python_decorator.py
[2024-03-03T21:04:31.671+0000] {logging_mixin.py:188} INFO - [2024-03-03T21:04:31.671+0000] {dag.py:3036} INFO - Sync 1 DAGs
[2024-03-03T21:04:31.687+0000] {logging_mixin.py:188} INFO - [2024-03-03T21:04:31.687+0000] {dag.py:3823} INFO - Setting next_dagrun for example_python_decorator to None, run_after=None
[2024-03-03T21:04:31.717+0000] {processor.py:183} INFO - Processing /home/airflow/.local/lib/python3.8/site-packages/airflow/example_dags/example_python_decorator.py took 0.098 seconds
[2024-03-03T21:05:02.308+0000] {processor.py:161} INFO - Started process (PID=355) to work on /home/airflow/.local/lib/python3.8/site-packages/airflow/example_dags/example_python_decorator.py
[2024-03-03T21:05:02.310+0000] {processor.py:830} INFO - Processing file /home/airflow/.local/lib/python3.8/site-packages/airflow/example_dags/example_python_decorator.py for tasks to queue
[2024-03-03T21:05:02.312+0000] {logging_mixin.py:188} INFO - [2024-03-03T21:05:02.311+0000] {dagbag.py:538} INFO - Filling up the DagBag from /home/airflow/.local/lib/python3.8/site-packages/airflow/example_dags/example_python_decorator.py
[2024-03-03T21:05:02.327+0000] {processor.py:840} INFO - DAG(s) 'example_python_decorator' retrieved from /home/airflow/.local/lib/python3.8/site-packages/airflow/example_dags/example_python_decorator.py
[2024-03-03T21:05:02.356+0000] {logging_mixin.py:188} INFO - [2024-03-03T21:05:02.355+0000] {dag.py:3036} INFO - Sync 1 DAGs
[2024-03-03T21:05:02.374+0000] {logging_mixin.py:188} INFO - [2024-03-03T21:05:02.374+0000] {dag.py:3823} INFO - Setting next_dagrun for example_python_decorator to None, run_after=None
[2024-03-03T21:05:02.402+0000] {processor.py:183} INFO - Processing /home/airflow/.local/lib/python3.8/site-packages/airflow/example_dags/example_python_decorator.py took 0.097 seconds
[2024-03-03T21:05:32.887+0000] {processor.py:161} INFO - Started process (PID=410) to work on /home/airflow/.local/lib/python3.8/site-packages/airflow/example_dags/example_python_decorator.py
[2024-03-03T21:05:32.888+0000] {processor.py:830} INFO - Processing file /home/airflow/.local/lib/python3.8/site-packages/airflow/example_dags/example_python_decorator.py for tasks to queue
[2024-03-03T21:05:32.890+0000] {logging_mixin.py:188} INFO - [2024-03-03T21:05:32.890+0000] {dagbag.py:538} INFO - Filling up the DagBag from /home/airflow/.local/lib/python3.8/site-packages/airflow/example_dags/example_python_decorator.py
[2024-03-03T21:05:32.903+0000] {processor.py:840} INFO - DAG(s) 'example_python_decorator' retrieved from /home/airflow/.local/lib/python3.8/site-packages/airflow/example_dags/example_python_decorator.py
[2024-03-03T21:05:32.929+0000] {logging_mixin.py:188} INFO - [2024-03-03T21:05:32.928+0000] {dag.py:3036} INFO - Sync 1 DAGs
[2024-03-03T21:05:32.946+0000] {logging_mixin.py:188} INFO - [2024-03-03T21:05:32.946+0000] {dag.py:3823} INFO - Setting next_dagrun for example_python_decorator to None, run_after=None
[2024-03-03T21:05:32.976+0000] {processor.py:183} INFO - Processing /home/airflow/.local/lib/python3.8/site-packages/airflow/example_dags/example_python_decorator.py took 0.092 seconds
[2024-03-03T21:06:03.062+0000] {processor.py:161} INFO - Started process (PID=465) to work on /home/airflow/.local/lib/python3.8/site-packages/airflow/example_dags/example_python_decorator.py
[2024-03-03T21:06:03.064+0000] {processor.py:830} INFO - Processing file /home/airflow/.local/lib/python3.8/site-packages/airflow/example_dags/example_python_decorator.py for tasks to queue
[2024-03-03T21:06:03.066+0000] {logging_mixin.py:188} INFO - [2024-03-03T21:06:03.066+0000] {dagbag.py:538} INFO - Filling up the DagBag from /home/airflow/.local/lib/python3.8/site-packages/airflow/example_dags/example_python_decorator.py
[2024-03-03T21:06:03.084+0000] {processor.py:840} INFO - DAG(s) 'example_python_decorator' retrieved from /home/airflow/.local/lib/python3.8/site-packages/airflow/example_dags/example_python_decorator.py
[2024-03-03T21:06:03.114+0000] {logging_mixin.py:188} INFO - [2024-03-03T21:06:03.114+0000] {dag.py:3036} INFO - Sync 1 DAGs
[2024-03-03T21:06:03.130+0000] {logging_mixin.py:188} INFO - [2024-03-03T21:06:03.129+0000] {dag.py:3823} INFO - Setting next_dagrun for example_python_decorator to None, run_after=None
[2024-03-03T21:06:03.154+0000] {processor.py:183} INFO - Processing /home/airflow/.local/lib/python3.8/site-packages/airflow/example_dags/example_python_decorator.py took 0.096 seconds
[2024-03-03T21:06:34.358+0000] {processor.py:161} INFO - Started process (PID=520) to work on /home/airflow/.local/lib/python3.8/site-packages/airflow/example_dags/example_python_decorator.py
[2024-03-03T21:06:34.359+0000] {processor.py:830} INFO - Processing file /home/airflow/.local/lib/python3.8/site-packages/airflow/example_dags/example_python_decorator.py for tasks to queue
[2024-03-03T21:06:34.362+0000] {logging_mixin.py:188} INFO - [2024-03-03T21:06:34.362+0000] {dagbag.py:538} INFO - Filling up the DagBag from /home/airflow/.local/lib/python3.8/site-packages/airflow/example_dags/example_python_decorator.py
[2024-03-03T21:06:34.384+0000] {processor.py:840} INFO - DAG(s) 'example_python_decorator' retrieved from /home/airflow/.local/lib/python3.8/site-packages/airflow/example_dags/example_python_decorator.py
[2024-03-03T21:06:34.413+0000] {logging_mixin.py:188} INFO - [2024-03-03T21:06:34.413+0000] {dag.py:3036} INFO - Sync 1 DAGs
[2024-03-03T21:06:34.430+0000] {logging_mixin.py:188} INFO - [2024-03-03T21:06:34.429+0000] {dag.py:3823} INFO - Setting next_dagrun for example_python_decorator to None, run_after=None
[2024-03-03T21:06:34.457+0000] {processor.py:183} INFO - Processing /home/airflow/.local/lib/python3.8/site-packages/airflow/example_dags/example_python_decorator.py took 0.103 seconds
[2024-03-03T21:07:04.816+0000] {processor.py:161} INFO - Started process (PID=575) to work on /home/airflow/.local/lib/python3.8/site-packages/airflow/example_dags/example_python_decorator.py
[2024-03-03T21:07:04.818+0000] {processor.py:830} INFO - Processing file /home/airflow/.local/lib/python3.8/site-packages/airflow/example_dags/example_python_decorator.py for tasks to queue
[2024-03-03T21:07:04.821+0000] {logging_mixin.py:188} INFO - [2024-03-03T21:07:04.820+0000] {dagbag.py:538} INFO - Filling up the DagBag from /home/airflow/.local/lib/python3.8/site-packages/airflow/example_dags/example_python_decorator.py
[2024-03-03T21:07:04.838+0000] {processor.py:840} INFO - DAG(s) 'example_python_decorator' retrieved from /home/airflow/.local/lib/python3.8/site-packages/airflow/example_dags/example_python_decorator.py
[2024-03-03T21:07:04.863+0000] {logging_mixin.py:188} INFO - [2024-03-03T21:07:04.863+0000] {dag.py:3036} INFO - Sync 1 DAGs
[2024-03-03T21:07:04.878+0000] {logging_mixin.py:188} INFO - [2024-03-03T21:07:04.877+0000] {dag.py:3823} INFO - Setting next_dagrun for example_python_decorator to None, run_after=None
[2024-03-03T21:07:04.903+0000] {processor.py:183} INFO - Processing /home/airflow/.local/lib/python3.8/site-packages/airflow/example_dags/example_python_decorator.py took 0.091 seconds
[2024-03-03T21:07:35.166+0000] {processor.py:161} INFO - Started process (PID=630) to work on /home/airflow/.local/lib/python3.8/site-packages/airflow/example_dags/example_python_decorator.py
[2024-03-03T21:07:35.167+0000] {processor.py:830} INFO - Processing file /home/airflow/.local/lib/python3.8/site-packages/airflow/example_dags/example_python_decorator.py for tasks to queue
[2024-03-03T21:07:35.170+0000] {logging_mixin.py:188} INFO - [2024-03-03T21:07:35.170+0000] {dagbag.py:538} INFO - Filling up the DagBag from /home/airflow/.local/lib/python3.8/site-packages/airflow/example_dags/example_python_decorator.py
[2024-03-03T21:07:35.186+0000] {processor.py:840} INFO - DAG(s) 'example_python_decorator' retrieved from /home/airflow/.local/lib/python3.8/site-packages/airflow/example_dags/example_python_decorator.py
[2024-03-03T21:07:35.214+0000] {logging_mixin.py:188} INFO - [2024-03-03T21:07:35.214+0000] {dag.py:3036} INFO - Sync 1 DAGs
[2024-03-03T21:07:35.231+0000] {logging_mixin.py:188} INFO - [2024-03-03T21:07:35.231+0000] {dag.py:3823} INFO - Setting next_dagrun for example_python_decorator to None, run_after=None
[2024-03-03T21:07:35.266+0000] {processor.py:183} INFO - Processing /home/airflow/.local/lib/python3.8/site-packages/airflow/example_dags/example_python_decorator.py took 0.105 seconds
[2024-03-03T21:08:05.349+0000] {processor.py:161} INFO - Started process (PID=685) to work on /home/airflow/.local/lib/python3.8/site-packages/airflow/example_dags/example_python_decorator.py
[2024-03-03T21:08:05.351+0000] {processor.py:830} INFO - Processing file /home/airflow/.local/lib/python3.8/site-packages/airflow/example_dags/example_python_decorator.py for tasks to queue
[2024-03-03T21:08:05.353+0000] {logging_mixin.py:188} INFO - [2024-03-03T21:08:05.352+0000] {dagbag.py:538} INFO - Filling up the DagBag from /home/airflow/.local/lib/python3.8/site-packages/airflow/example_dags/example_python_decorator.py
[2024-03-03T21:08:05.365+0000] {processor.py:840} INFO - DAG(s) 'example_python_decorator' retrieved from /home/airflow/.local/lib/python3.8/site-packages/airflow/example_dags/example_python_decorator.py
[2024-03-03T21:08:05.389+0000] {logging_mixin.py:188} INFO - [2024-03-03T21:08:05.389+0000] {dag.py:3036} INFO - Sync 1 DAGs
[2024-03-03T21:08:05.405+0000] {logging_mixin.py:188} INFO - [2024-03-03T21:08:05.404+0000] {dag.py:3823} INFO - Setting next_dagrun for example_python_decorator to None, run_after=None
[2024-03-03T21:08:05.432+0000] {processor.py:183} INFO - Processing /home/airflow/.local/lib/python3.8/site-packages/airflow/example_dags/example_python_decorator.py took 0.085 seconds
[2024-03-03T21:08:35.745+0000] {processor.py:161} INFO - Started process (PID=740) to work on /home/airflow/.local/lib/python3.8/site-packages/airflow/example_dags/example_python_decorator.py
[2024-03-03T21:08:35.746+0000] {processor.py:830} INFO - Processing file /home/airflow/.local/lib/python3.8/site-packages/airflow/example_dags/example_python_decorator.py for tasks to queue
[2024-03-03T21:08:35.747+0000] {logging_mixin.py:188} INFO - [2024-03-03T21:08:35.747+0000] {dagbag.py:538} INFO - Filling up the DagBag from /home/airflow/.local/lib/python3.8/site-packages/airflow/example_dags/example_python_decorator.py
[2024-03-03T21:08:35.759+0000] {processor.py:840} INFO - DAG(s) 'example_python_decorator' retrieved from /home/airflow/.local/lib/python3.8/site-packages/airflow/example_dags/example_python_decorator.py
[2024-03-03T21:08:35.781+0000] {logging_mixin.py:188} INFO - [2024-03-03T21:08:35.780+0000] {dag.py:3036} INFO - Sync 1 DAGs
[2024-03-03T21:08:35.792+0000] {logging_mixin.py:188} INFO - [2024-03-03T21:08:35.792+0000] {dag.py:3823} INFO - Setting next_dagrun for example_python_decorator to None, run_after=None
[2024-03-03T21:08:35.809+0000] {processor.py:183} INFO - Processing /home/airflow/.local/lib/python3.8/site-packages/airflow/example_dags/example_python_decorator.py took 0.067 seconds
[2024-03-03T21:09:06.212+0000] {processor.py:161} INFO - Started process (PID=795) to work on /home/airflow/.local/lib/python3.8/site-packages/airflow/example_dags/example_python_decorator.py
[2024-03-03T21:09:06.213+0000] {processor.py:830} INFO - Processing file /home/airflow/.local/lib/python3.8/site-packages/airflow/example_dags/example_python_decorator.py for tasks to queue
[2024-03-03T21:09:06.214+0000] {logging_mixin.py:188} INFO - [2024-03-03T21:09:06.214+0000] {dagbag.py:538} INFO - Filling up the DagBag from /home/airflow/.local/lib/python3.8/site-packages/airflow/example_dags/example_python_decorator.py
[2024-03-03T21:09:06.230+0000] {processor.py:840} INFO - DAG(s) 'example_python_decorator' retrieved from /home/airflow/.local/lib/python3.8/site-packages/airflow/example_dags/example_python_decorator.py
[2024-03-03T21:09:06.258+0000] {logging_mixin.py:188} INFO - [2024-03-03T21:09:06.257+0000] {dag.py:3036} INFO - Sync 1 DAGs
[2024-03-03T21:09:06.272+0000] {logging_mixin.py:188} INFO - [2024-03-03T21:09:06.272+0000] {dag.py:3823} INFO - Setting next_dagrun for example_python_decorator to None, run_after=None
[2024-03-03T21:09:06.295+0000] {processor.py:183} INFO - Processing /home/airflow/.local/lib/python3.8/site-packages/airflow/example_dags/example_python_decorator.py took 0.086 seconds
[2024-03-03T21:09:36.654+0000] {processor.py:161} INFO - Started process (PID=850) to work on /home/airflow/.local/lib/python3.8/site-packages/airflow/example_dags/example_python_decorator.py
[2024-03-03T21:09:36.655+0000] {processor.py:830} INFO - Processing file /home/airflow/.local/lib/python3.8/site-packages/airflow/example_dags/example_python_decorator.py for tasks to queue
[2024-03-03T21:09:36.657+0000] {logging_mixin.py:188} INFO - [2024-03-03T21:09:36.656+0000] {dagbag.py:538} INFO - Filling up the DagBag from /home/airflow/.local/lib/python3.8/site-packages/airflow/example_dags/example_python_decorator.py
[2024-03-03T21:09:36.667+0000] {processor.py:840} INFO - DAG(s) 'example_python_decorator' retrieved from /home/airflow/.local/lib/python3.8/site-packages/airflow/example_dags/example_python_decorator.py
[2024-03-03T21:09:36.688+0000] {logging_mixin.py:188} INFO - [2024-03-03T21:09:36.687+0000] {dag.py:3036} INFO - Sync 1 DAGs
[2024-03-03T21:09:36.700+0000] {logging_mixin.py:188} INFO - [2024-03-03T21:09:36.700+0000] {dag.py:3823} INFO - Setting next_dagrun for example_python_decorator to None, run_after=None
[2024-03-03T21:09:36.724+0000] {processor.py:183} INFO - Processing /home/airflow/.local/lib/python3.8/site-packages/airflow/example_dags/example_python_decorator.py took 0.072 seconds
[2024-03-03T21:10:07.015+0000] {processor.py:161} INFO - Started process (PID=905) to work on /home/airflow/.local/lib/python3.8/site-packages/airflow/example_dags/example_python_decorator.py
[2024-03-03T21:10:07.016+0000] {processor.py:830} INFO - Processing file /home/airflow/.local/lib/python3.8/site-packages/airflow/example_dags/example_python_decorator.py for tasks to queue
[2024-03-03T21:10:07.018+0000] {logging_mixin.py:188} INFO - [2024-03-03T21:10:07.018+0000] {dagbag.py:538} INFO - Filling up the DagBag from /home/airflow/.local/lib/python3.8/site-packages/airflow/example_dags/example_python_decorator.py
[2024-03-03T21:10:07.032+0000] {processor.py:840} INFO - DAG(s) 'example_python_decorator' retrieved from /home/airflow/.local/lib/python3.8/site-packages/airflow/example_dags/example_python_decorator.py
[2024-03-03T21:10:07.059+0000] {logging_mixin.py:188} INFO - [2024-03-03T21:10:07.059+0000] {dag.py:3036} INFO - Sync 1 DAGs
[2024-03-03T21:10:07.073+0000] {logging_mixin.py:188} INFO - [2024-03-03T21:10:07.073+0000] {dag.py:3823} INFO - Setting next_dagrun for example_python_decorator to None, run_after=None
[2024-03-03T21:10:07.094+0000] {processor.py:183} INFO - Processing /home/airflow/.local/lib/python3.8/site-packages/airflow/example_dags/example_python_decorator.py took 0.083 seconds
[2024-03-03T21:10:37.334+0000] {processor.py:161} INFO - Started process (PID=960) to work on /home/airflow/.local/lib/python3.8/site-packages/airflow/example_dags/example_python_decorator.py
[2024-03-03T21:10:37.335+0000] {processor.py:830} INFO - Processing file /home/airflow/.local/lib/python3.8/site-packages/airflow/example_dags/example_python_decorator.py for tasks to queue
[2024-03-03T21:10:37.337+0000] {logging_mixin.py:188} INFO - [2024-03-03T21:10:37.337+0000] {dagbag.py:538} INFO - Filling up the DagBag from /home/airflow/.local/lib/python3.8/site-packages/airflow/example_dags/example_python_decorator.py
[2024-03-03T21:10:37.349+0000] {processor.py:840} INFO - DAG(s) 'example_python_decorator' retrieved from /home/airflow/.local/lib/python3.8/site-packages/airflow/example_dags/example_python_decorator.py
[2024-03-03T21:10:37.371+0000] {logging_mixin.py:188} INFO - [2024-03-03T21:10:37.370+0000] {dag.py:3036} INFO - Sync 1 DAGs
[2024-03-03T21:10:37.383+0000] {logging_mixin.py:188} INFO - [2024-03-03T21:10:37.383+0000] {dag.py:3823} INFO - Setting next_dagrun for example_python_decorator to None, run_after=None
[2024-03-03T21:10:37.404+0000] {processor.py:183} INFO - Processing /home/airflow/.local/lib/python3.8/site-packages/airflow/example_dags/example_python_decorator.py took 0.072 seconds
[2024-03-03T21:11:07.544+0000] {processor.py:161} INFO - Started process (PID=1014) to work on /home/airflow/.local/lib/python3.8/site-packages/airflow/example_dags/example_python_decorator.py
[2024-03-03T21:11:07.545+0000] {processor.py:830} INFO - Processing file /home/airflow/.local/lib/python3.8/site-packages/airflow/example_dags/example_python_decorator.py for tasks to queue
[2024-03-03T21:11:07.547+0000] {logging_mixin.py:188} INFO - [2024-03-03T21:11:07.547+0000] {dagbag.py:538} INFO - Filling up the DagBag from /home/airflow/.local/lib/python3.8/site-packages/airflow/example_dags/example_python_decorator.py
[2024-03-03T21:11:07.564+0000] {processor.py:840} INFO - DAG(s) 'example_python_decorator' retrieved from /home/airflow/.local/lib/python3.8/site-packages/airflow/example_dags/example_python_decorator.py
[2024-03-03T21:11:07.595+0000] {logging_mixin.py:188} INFO - [2024-03-03T21:11:07.595+0000] {dag.py:3036} INFO - Sync 1 DAGs
[2024-03-03T21:11:07.610+0000] {logging_mixin.py:188} INFO - [2024-03-03T21:11:07.610+0000] {dag.py:3823} INFO - Setting next_dagrun for example_python_decorator to None, run_after=None
[2024-03-03T21:11:07.636+0000] {processor.py:183} INFO - Processing /home/airflow/.local/lib/python3.8/site-packages/airflow/example_dags/example_python_decorator.py took 0.096 seconds
[2024-03-03T21:11:38.175+0000] {processor.py:161} INFO - Started process (PID=1070) to work on /home/airflow/.local/lib/python3.8/site-packages/airflow/example_dags/example_python_decorator.py
[2024-03-03T21:11:38.177+0000] {processor.py:830} INFO - Processing file /home/airflow/.local/lib/python3.8/site-packages/airflow/example_dags/example_python_decorator.py for tasks to queue
[2024-03-03T21:11:38.181+0000] {logging_mixin.py:188} INFO - [2024-03-03T21:11:38.180+0000] {dagbag.py:538} INFO - Filling up the DagBag from /home/airflow/.local/lib/python3.8/site-packages/airflow/example_dags/example_python_decorator.py
[2024-03-03T21:11:38.199+0000] {processor.py:840} INFO - DAG(s) 'example_python_decorator' retrieved from /home/airflow/.local/lib/python3.8/site-packages/airflow/example_dags/example_python_decorator.py
[2024-03-03T21:11:38.228+0000] {logging_mixin.py:188} INFO - [2024-03-03T21:11:38.227+0000] {dag.py:3036} INFO - Sync 1 DAGs
[2024-03-03T21:11:38.241+0000] {logging_mixin.py:188} INFO - [2024-03-03T21:11:38.241+0000] {dag.py:3823} INFO - Setting next_dagrun for example_python_decorator to None, run_after=None
[2024-03-03T21:11:38.267+0000] {processor.py:183} INFO - Processing /home/airflow/.local/lib/python3.8/site-packages/airflow/example_dags/example_python_decorator.py took 0.095 seconds
[2024-03-03T21:12:08.567+0000] {processor.py:161} INFO - Started process (PID=1125) to work on /home/airflow/.local/lib/python3.8/site-packages/airflow/example_dags/example_python_decorator.py
[2024-03-03T21:12:08.569+0000] {processor.py:830} INFO - Processing file /home/airflow/.local/lib/python3.8/site-packages/airflow/example_dags/example_python_decorator.py for tasks to queue
[2024-03-03T21:12:08.571+0000] {logging_mixin.py:188} INFO - [2024-03-03T21:12:08.570+0000] {dagbag.py:538} INFO - Filling up the DagBag from /home/airflow/.local/lib/python3.8/site-packages/airflow/example_dags/example_python_decorator.py
[2024-03-03T21:12:08.586+0000] {processor.py:840} INFO - DAG(s) 'example_python_decorator' retrieved from /home/airflow/.local/lib/python3.8/site-packages/airflow/example_dags/example_python_decorator.py
[2024-03-03T21:12:08.616+0000] {logging_mixin.py:188} INFO - [2024-03-03T21:12:08.615+0000] {dag.py:3036} INFO - Sync 1 DAGs
[2024-03-03T21:12:08.634+0000] {logging_mixin.py:188} INFO - [2024-03-03T21:12:08.633+0000] {dag.py:3823} INFO - Setting next_dagrun for example_python_decorator to None, run_after=None
[2024-03-03T21:12:08.675+0000] {processor.py:183} INFO - Processing /home/airflow/.local/lib/python3.8/site-packages/airflow/example_dags/example_python_decorator.py took 0.112 seconds
[2024-03-03T21:12:39.363+0000] {processor.py:161} INFO - Started process (PID=1180) to work on /home/airflow/.local/lib/python3.8/site-packages/airflow/example_dags/example_python_decorator.py
[2024-03-03T21:12:39.365+0000] {processor.py:830} INFO - Processing file /home/airflow/.local/lib/python3.8/site-packages/airflow/example_dags/example_python_decorator.py for tasks to queue
[2024-03-03T21:12:39.367+0000] {logging_mixin.py:188} INFO - [2024-03-03T21:12:39.367+0000] {dagbag.py:538} INFO - Filling up the DagBag from /home/airflow/.local/lib/python3.8/site-packages/airflow/example_dags/example_python_decorator.py
[2024-03-03T21:12:39.390+0000] {processor.py:840} INFO - DAG(s) 'example_python_decorator' retrieved from /home/airflow/.local/lib/python3.8/site-packages/airflow/example_dags/example_python_decorator.py
[2024-03-03T21:12:39.426+0000] {logging_mixin.py:188} INFO - [2024-03-03T21:12:39.426+0000] {dag.py:3036} INFO - Sync 1 DAGs
[2024-03-03T21:12:39.447+0000] {logging_mixin.py:188} INFO - [2024-03-03T21:12:39.447+0000] {dag.py:3823} INFO - Setting next_dagrun for example_python_decorator to None, run_after=None
[2024-03-03T21:12:39.485+0000] {processor.py:183} INFO - Processing /home/airflow/.local/lib/python3.8/site-packages/airflow/example_dags/example_python_decorator.py took 0.126 seconds
[2024-03-03T21:13:10.248+0000] {processor.py:161} INFO - Started process (PID=1235) to work on /home/airflow/.local/lib/python3.8/site-packages/airflow/example_dags/example_python_decorator.py
[2024-03-03T21:13:10.250+0000] {processor.py:830} INFO - Processing file /home/airflow/.local/lib/python3.8/site-packages/airflow/example_dags/example_python_decorator.py for tasks to queue
[2024-03-03T21:13:10.255+0000] {logging_mixin.py:188} INFO - [2024-03-03T21:13:10.254+0000] {dagbag.py:538} INFO - Filling up the DagBag from /home/airflow/.local/lib/python3.8/site-packages/airflow/example_dags/example_python_decorator.py
[2024-03-03T21:13:10.278+0000] {processor.py:840} INFO - DAG(s) 'example_python_decorator' retrieved from /home/airflow/.local/lib/python3.8/site-packages/airflow/example_dags/example_python_decorator.py
[2024-03-03T21:13:10.317+0000] {logging_mixin.py:188} INFO - [2024-03-03T21:13:10.316+0000] {dag.py:3036} INFO - Sync 1 DAGs
[2024-03-03T21:13:10.344+0000] {logging_mixin.py:188} INFO - [2024-03-03T21:13:10.344+0000] {dag.py:3823} INFO - Setting next_dagrun for example_python_decorator to None, run_after=None
[2024-03-03T21:13:10.386+0000] {processor.py:183} INFO - Processing /home/airflow/.local/lib/python3.8/site-packages/airflow/example_dags/example_python_decorator.py took 0.145 seconds
[2024-03-03T21:13:41.332+0000] {processor.py:161} INFO - Started process (PID=1290) to work on /home/airflow/.local/lib/python3.8/site-packages/airflow/example_dags/example_python_decorator.py
[2024-03-03T21:13:41.334+0000] {processor.py:830} INFO - Processing file /home/airflow/.local/lib/python3.8/site-packages/airflow/example_dags/example_python_decorator.py for tasks to queue
[2024-03-03T21:13:41.336+0000] {logging_mixin.py:188} INFO - [2024-03-03T21:13:41.336+0000] {dagbag.py:538} INFO - Filling up the DagBag from /home/airflow/.local/lib/python3.8/site-packages/airflow/example_dags/example_python_decorator.py
[2024-03-03T21:13:41.368+0000] {processor.py:840} INFO - DAG(s) 'example_python_decorator' retrieved from /home/airflow/.local/lib/python3.8/site-packages/airflow/example_dags/example_python_decorator.py
[2024-03-03T21:13:41.413+0000] {logging_mixin.py:188} INFO - [2024-03-03T21:13:41.412+0000] {dag.py:3036} INFO - Sync 1 DAGs
[2024-03-03T21:13:41.436+0000] {logging_mixin.py:188} INFO - [2024-03-03T21:13:41.435+0000] {dag.py:3823} INFO - Setting next_dagrun for example_python_decorator to None, run_after=None
[2024-03-03T21:13:41.479+0000] {processor.py:183} INFO - Processing /home/airflow/.local/lib/python3.8/site-packages/airflow/example_dags/example_python_decorator.py took 0.152 seconds
[2024-03-03T21:14:11.942+0000] {processor.py:161} INFO - Started process (PID=1345) to work on /home/airflow/.local/lib/python3.8/site-packages/airflow/example_dags/example_python_decorator.py
[2024-03-03T21:14:11.943+0000] {processor.py:830} INFO - Processing file /home/airflow/.local/lib/python3.8/site-packages/airflow/example_dags/example_python_decorator.py for tasks to queue
[2024-03-03T21:14:11.945+0000] {logging_mixin.py:188} INFO - [2024-03-03T21:14:11.945+0000] {dagbag.py:538} INFO - Filling up the DagBag from /home/airflow/.local/lib/python3.8/site-packages/airflow/example_dags/example_python_decorator.py
[2024-03-03T21:14:11.959+0000] {processor.py:840} INFO - DAG(s) 'example_python_decorator' retrieved from /home/airflow/.local/lib/python3.8/site-packages/airflow/example_dags/example_python_decorator.py
[2024-03-03T21:14:11.987+0000] {logging_mixin.py:188} INFO - [2024-03-03T21:14:11.987+0000] {dag.py:3036} INFO - Sync 1 DAGs
[2024-03-03T21:14:12.002+0000] {logging_mixin.py:188} INFO - [2024-03-03T21:14:12.002+0000] {dag.py:3823} INFO - Setting next_dagrun for example_python_decorator to None, run_after=None
[2024-03-03T21:14:12.025+0000] {processor.py:183} INFO - Processing /home/airflow/.local/lib/python3.8/site-packages/airflow/example_dags/example_python_decorator.py took 0.087 seconds
[2024-03-03T21:14:42.477+0000] {processor.py:161} INFO - Started process (PID=1400) to work on /home/airflow/.local/lib/python3.8/site-packages/airflow/example_dags/example_python_decorator.py
[2024-03-03T21:14:42.479+0000] {processor.py:830} INFO - Processing file /home/airflow/.local/lib/python3.8/site-packages/airflow/example_dags/example_python_decorator.py for tasks to queue
[2024-03-03T21:14:42.483+0000] {logging_mixin.py:188} INFO - [2024-03-03T21:14:42.483+0000] {dagbag.py:538} INFO - Filling up the DagBag from /home/airflow/.local/lib/python3.8/site-packages/airflow/example_dags/example_python_decorator.py
[2024-03-03T21:14:42.503+0000] {processor.py:840} INFO - DAG(s) 'example_python_decorator' retrieved from /home/airflow/.local/lib/python3.8/site-packages/airflow/example_dags/example_python_decorator.py
[2024-03-03T21:14:42.543+0000] {logging_mixin.py:188} INFO - [2024-03-03T21:14:42.542+0000] {dag.py:3036} INFO - Sync 1 DAGs
[2024-03-03T21:14:42.568+0000] {logging_mixin.py:188} INFO - [2024-03-03T21:14:42.567+0000] {dag.py:3823} INFO - Setting next_dagrun for example_python_decorator to None, run_after=None
[2024-03-03T21:14:42.599+0000] {processor.py:183} INFO - Processing /home/airflow/.local/lib/python3.8/site-packages/airflow/example_dags/example_python_decorator.py took 0.128 seconds
[2024-03-03T21:15:12.872+0000] {processor.py:161} INFO - Started process (PID=1455) to work on /home/airflow/.local/lib/python3.8/site-packages/airflow/example_dags/example_python_decorator.py
[2024-03-03T21:15:12.873+0000] {processor.py:830} INFO - Processing file /home/airflow/.local/lib/python3.8/site-packages/airflow/example_dags/example_python_decorator.py for tasks to queue
[2024-03-03T21:15:12.875+0000] {logging_mixin.py:188} INFO - [2024-03-03T21:15:12.875+0000] {dagbag.py:538} INFO - Filling up the DagBag from /home/airflow/.local/lib/python3.8/site-packages/airflow/example_dags/example_python_decorator.py
[2024-03-03T21:15:12.889+0000] {processor.py:840} INFO - DAG(s) 'example_python_decorator' retrieved from /home/airflow/.local/lib/python3.8/site-packages/airflow/example_dags/example_python_decorator.py
[2024-03-03T21:15:12.918+0000] {logging_mixin.py:188} INFO - [2024-03-03T21:15:12.918+0000] {dag.py:3036} INFO - Sync 1 DAGs
[2024-03-03T21:15:12.933+0000] {logging_mixin.py:188} INFO - [2024-03-03T21:15:12.933+0000] {dag.py:3823} INFO - Setting next_dagrun for example_python_decorator to None, run_after=None
[2024-03-03T21:15:12.958+0000] {processor.py:183} INFO - Processing /home/airflow/.local/lib/python3.8/site-packages/airflow/example_dags/example_python_decorator.py took 0.090 seconds
[2024-03-03T21:15:43.583+0000] {processor.py:161} INFO - Started process (PID=1510) to work on /home/airflow/.local/lib/python3.8/site-packages/airflow/example_dags/example_python_decorator.py
[2024-03-03T21:15:43.585+0000] {processor.py:830} INFO - Processing file /home/airflow/.local/lib/python3.8/site-packages/airflow/example_dags/example_python_decorator.py for tasks to queue
[2024-03-03T21:15:43.587+0000] {logging_mixin.py:188} INFO - [2024-03-03T21:15:43.586+0000] {dagbag.py:538} INFO - Filling up the DagBag from /home/airflow/.local/lib/python3.8/site-packages/airflow/example_dags/example_python_decorator.py
[2024-03-03T21:15:43.601+0000] {processor.py:840} INFO - DAG(s) 'example_python_decorator' retrieved from /home/airflow/.local/lib/python3.8/site-packages/airflow/example_dags/example_python_decorator.py
[2024-03-03T21:15:43.629+0000] {logging_mixin.py:188} INFO - [2024-03-03T21:15:43.629+0000] {dag.py:3036} INFO - Sync 1 DAGs
[2024-03-03T21:15:43.646+0000] {logging_mixin.py:188} INFO - [2024-03-03T21:15:43.645+0000] {dag.py:3823} INFO - Setting next_dagrun for example_python_decorator to None, run_after=None
[2024-03-03T21:15:43.674+0000] {processor.py:183} INFO - Processing /home/airflow/.local/lib/python3.8/site-packages/airflow/example_dags/example_python_decorator.py took 0.095 seconds
[2024-03-03T21:16:14.134+0000] {processor.py:161} INFO - Started process (PID=1565) to work on /home/airflow/.local/lib/python3.8/site-packages/airflow/example_dags/example_python_decorator.py
[2024-03-03T21:16:14.135+0000] {processor.py:830} INFO - Processing file /home/airflow/.local/lib/python3.8/site-packages/airflow/example_dags/example_python_decorator.py for tasks to queue
[2024-03-03T21:16:14.137+0000] {logging_mixin.py:188} INFO - [2024-03-03T21:16:14.137+0000] {dagbag.py:538} INFO - Filling up the DagBag from /home/airflow/.local/lib/python3.8/site-packages/airflow/example_dags/example_python_decorator.py
[2024-03-03T21:16:14.152+0000] {processor.py:840} INFO - DAG(s) 'example_python_decorator' retrieved from /home/airflow/.local/lib/python3.8/site-packages/airflow/example_dags/example_python_decorator.py
[2024-03-03T21:16:14.180+0000] {logging_mixin.py:188} INFO - [2024-03-03T21:16:14.180+0000] {dag.py:3036} INFO - Sync 1 DAGs
[2024-03-03T21:16:14.199+0000] {logging_mixin.py:188} INFO - [2024-03-03T21:16:14.199+0000] {dag.py:3823} INFO - Setting next_dagrun for example_python_decorator to None, run_after=None
[2024-03-03T21:16:14.225+0000] {processor.py:183} INFO - Processing /home/airflow/.local/lib/python3.8/site-packages/airflow/example_dags/example_python_decorator.py took 0.095 seconds
[2024-03-03T21:16:44.329+0000] {processor.py:161} INFO - Started process (PID=1620) to work on /home/airflow/.local/lib/python3.8/site-packages/airflow/example_dags/example_python_decorator.py
[2024-03-03T21:16:44.330+0000] {processor.py:830} INFO - Processing file /home/airflow/.local/lib/python3.8/site-packages/airflow/example_dags/example_python_decorator.py for tasks to queue
[2024-03-03T21:16:44.332+0000] {logging_mixin.py:188} INFO - [2024-03-03T21:16:44.332+0000] {dagbag.py:538} INFO - Filling up the DagBag from /home/airflow/.local/lib/python3.8/site-packages/airflow/example_dags/example_python_decorator.py
[2024-03-03T21:16:44.345+0000] {processor.py:840} INFO - DAG(s) 'example_python_decorator' retrieved from /home/airflow/.local/lib/python3.8/site-packages/airflow/example_dags/example_python_decorator.py
[2024-03-03T21:16:44.369+0000] {logging_mixin.py:188} INFO - [2024-03-03T21:16:44.368+0000] {dag.py:3036} INFO - Sync 1 DAGs
[2024-03-03T21:16:44.383+0000] {logging_mixin.py:188} INFO - [2024-03-03T21:16:44.382+0000] {dag.py:3823} INFO - Setting next_dagrun for example_python_decorator to None, run_after=None
[2024-03-03T21:16:44.404+0000] {processor.py:183} INFO - Processing /home/airflow/.local/lib/python3.8/site-packages/airflow/example_dags/example_python_decorator.py took 0.078 seconds
[2024-03-03T21:17:14.509+0000] {processor.py:161} INFO - Started process (PID=1675) to work on /home/airflow/.local/lib/python3.8/site-packages/airflow/example_dags/example_python_decorator.py
[2024-03-03T21:17:14.510+0000] {processor.py:830} INFO - Processing file /home/airflow/.local/lib/python3.8/site-packages/airflow/example_dags/example_python_decorator.py for tasks to queue
[2024-03-03T21:17:14.513+0000] {logging_mixin.py:188} INFO - [2024-03-03T21:17:14.512+0000] {dagbag.py:538} INFO - Filling up the DagBag from /home/airflow/.local/lib/python3.8/site-packages/airflow/example_dags/example_python_decorator.py
[2024-03-03T21:17:14.527+0000] {processor.py:840} INFO - DAG(s) 'example_python_decorator' retrieved from /home/airflow/.local/lib/python3.8/site-packages/airflow/example_dags/example_python_decorator.py
[2024-03-03T21:17:14.554+0000] {logging_mixin.py:188} INFO - [2024-03-03T21:17:14.553+0000] {dag.py:3036} INFO - Sync 1 DAGs
[2024-03-03T21:17:14.569+0000] {logging_mixin.py:188} INFO - [2024-03-03T21:17:14.569+0000] {dag.py:3823} INFO - Setting next_dagrun for example_python_decorator to None, run_after=None
[2024-03-03T21:17:14.594+0000] {processor.py:183} INFO - Processing /home/airflow/.local/lib/python3.8/site-packages/airflow/example_dags/example_python_decorator.py took 0.089 seconds
[2024-03-03T21:17:44.893+0000] {processor.py:161} INFO - Started process (PID=1730) to work on /home/airflow/.local/lib/python3.8/site-packages/airflow/example_dags/example_python_decorator.py
[2024-03-03T21:17:44.894+0000] {processor.py:830} INFO - Processing file /home/airflow/.local/lib/python3.8/site-packages/airflow/example_dags/example_python_decorator.py for tasks to queue
[2024-03-03T21:17:44.896+0000] {logging_mixin.py:188} INFO - [2024-03-03T21:17:44.896+0000] {dagbag.py:538} INFO - Filling up the DagBag from /home/airflow/.local/lib/python3.8/site-packages/airflow/example_dags/example_python_decorator.py
[2024-03-03T21:17:44.910+0000] {processor.py:840} INFO - DAG(s) 'example_python_decorator' retrieved from /home/airflow/.local/lib/python3.8/site-packages/airflow/example_dags/example_python_decorator.py
[2024-03-03T21:17:44.936+0000] {logging_mixin.py:188} INFO - [2024-03-03T21:17:44.936+0000] {dag.py:3036} INFO - Sync 1 DAGs
[2024-03-03T21:17:44.952+0000] {logging_mixin.py:188} INFO - [2024-03-03T21:17:44.952+0000] {dag.py:3823} INFO - Setting next_dagrun for example_python_decorator to None, run_after=None
[2024-03-03T21:17:44.975+0000] {processor.py:183} INFO - Processing /home/airflow/.local/lib/python3.8/site-packages/airflow/example_dags/example_python_decorator.py took 0.086 seconds
[2024-03-03T21:18:15.294+0000] {processor.py:161} INFO - Started process (PID=1785) to work on /home/airflow/.local/lib/python3.8/site-packages/airflow/example_dags/example_python_decorator.py
[2024-03-03T21:18:15.295+0000] {processor.py:830} INFO - Processing file /home/airflow/.local/lib/python3.8/site-packages/airflow/example_dags/example_python_decorator.py for tasks to queue
[2024-03-03T21:18:15.298+0000] {logging_mixin.py:188} INFO - [2024-03-03T21:18:15.298+0000] {dagbag.py:538} INFO - Filling up the DagBag from /home/airflow/.local/lib/python3.8/site-packages/airflow/example_dags/example_python_decorator.py
[2024-03-03T21:18:15.315+0000] {processor.py:840} INFO - DAG(s) 'example_python_decorator' retrieved from /home/airflow/.local/lib/python3.8/site-packages/airflow/example_dags/example_python_decorator.py
[2024-03-03T21:18:15.348+0000] {logging_mixin.py:188} INFO - [2024-03-03T21:18:15.347+0000] {dag.py:3036} INFO - Sync 1 DAGs
[2024-03-03T21:18:15.365+0000] {logging_mixin.py:188} INFO - [2024-03-03T21:18:15.365+0000] {dag.py:3823} INFO - Setting next_dagrun for example_python_decorator to None, run_after=None
[2024-03-03T21:18:15.402+0000] {processor.py:183} INFO - Processing /home/airflow/.local/lib/python3.8/site-packages/airflow/example_dags/example_python_decorator.py took 0.113 seconds
[2024-03-03T21:18:46.159+0000] {processor.py:161} INFO - Started process (PID=1840) to work on /home/airflow/.local/lib/python3.8/site-packages/airflow/example_dags/example_python_decorator.py
[2024-03-03T21:18:46.161+0000] {processor.py:830} INFO - Processing file /home/airflow/.local/lib/python3.8/site-packages/airflow/example_dags/example_python_decorator.py for tasks to queue
[2024-03-03T21:18:46.165+0000] {logging_mixin.py:188} INFO - [2024-03-03T21:18:46.164+0000] {dagbag.py:538} INFO - Filling up the DagBag from /home/airflow/.local/lib/python3.8/site-packages/airflow/example_dags/example_python_decorator.py
[2024-03-03T21:18:46.181+0000] {processor.py:840} INFO - DAG(s) 'example_python_decorator' retrieved from /home/airflow/.local/lib/python3.8/site-packages/airflow/example_dags/example_python_decorator.py
[2024-03-03T21:18:46.214+0000] {logging_mixin.py:188} INFO - [2024-03-03T21:18:46.213+0000] {dag.py:3036} INFO - Sync 1 DAGs
[2024-03-03T21:18:46.232+0000] {logging_mixin.py:188} INFO - [2024-03-03T21:18:46.232+0000] {dag.py:3823} INFO - Setting next_dagrun for example_python_decorator to None, run_after=None
[2024-03-03T21:18:46.263+0000] {processor.py:183} INFO - Processing /home/airflow/.local/lib/python3.8/site-packages/airflow/example_dags/example_python_decorator.py took 0.108 seconds
[2024-03-03T21:19:16.345+0000] {processor.py:161} INFO - Started process (PID=1895) to work on /home/airflow/.local/lib/python3.8/site-packages/airflow/example_dags/example_python_decorator.py
[2024-03-03T21:19:16.347+0000] {processor.py:830} INFO - Processing file /home/airflow/.local/lib/python3.8/site-packages/airflow/example_dags/example_python_decorator.py for tasks to queue
[2024-03-03T21:19:16.349+0000] {logging_mixin.py:188} INFO - [2024-03-03T21:19:16.349+0000] {dagbag.py:538} INFO - Filling up the DagBag from /home/airflow/.local/lib/python3.8/site-packages/airflow/example_dags/example_python_decorator.py
[2024-03-03T21:19:16.364+0000] {processor.py:840} INFO - DAG(s) 'example_python_decorator' retrieved from /home/airflow/.local/lib/python3.8/site-packages/airflow/example_dags/example_python_decorator.py
[2024-03-03T21:19:16.392+0000] {logging_mixin.py:188} INFO - [2024-03-03T21:19:16.392+0000] {dag.py:3036} INFO - Sync 1 DAGs
[2024-03-03T21:19:16.408+0000] {logging_mixin.py:188} INFO - [2024-03-03T21:19:16.407+0000] {dag.py:3823} INFO - Setting next_dagrun for example_python_decorator to None, run_after=None
[2024-03-03T21:19:16.434+0000] {processor.py:183} INFO - Processing /home/airflow/.local/lib/python3.8/site-packages/airflow/example_dags/example_python_decorator.py took 0.092 seconds
[2024-03-03T21:19:46.538+0000] {processor.py:161} INFO - Started process (PID=1950) to work on /home/airflow/.local/lib/python3.8/site-packages/airflow/example_dags/example_python_decorator.py
[2024-03-03T21:19:46.539+0000] {processor.py:830} INFO - Processing file /home/airflow/.local/lib/python3.8/site-packages/airflow/example_dags/example_python_decorator.py for tasks to queue
[2024-03-03T21:19:46.541+0000] {logging_mixin.py:188} INFO - [2024-03-03T21:19:46.541+0000] {dagbag.py:538} INFO - Filling up the DagBag from /home/airflow/.local/lib/python3.8/site-packages/airflow/example_dags/example_python_decorator.py
[2024-03-03T21:19:46.554+0000] {processor.py:840} INFO - DAG(s) 'example_python_decorator' retrieved from /home/airflow/.local/lib/python3.8/site-packages/airflow/example_dags/example_python_decorator.py
[2024-03-03T21:19:46.580+0000] {logging_mixin.py:188} INFO - [2024-03-03T21:19:46.579+0000] {dag.py:3036} INFO - Sync 1 DAGs
[2024-03-03T21:19:46.594+0000] {logging_mixin.py:188} INFO - [2024-03-03T21:19:46.593+0000] {dag.py:3823} INFO - Setting next_dagrun for example_python_decorator to None, run_after=None
[2024-03-03T21:19:46.621+0000] {processor.py:183} INFO - Processing /home/airflow/.local/lib/python3.8/site-packages/airflow/example_dags/example_python_decorator.py took 0.086 seconds
[2024-03-03T21:20:17.124+0000] {processor.py:161} INFO - Started process (PID=2005) to work on /home/airflow/.local/lib/python3.8/site-packages/airflow/example_dags/example_python_decorator.py
[2024-03-03T21:20:17.125+0000] {processor.py:830} INFO - Processing file /home/airflow/.local/lib/python3.8/site-packages/airflow/example_dags/example_python_decorator.py for tasks to queue
[2024-03-03T21:20:17.127+0000] {logging_mixin.py:188} INFO - [2024-03-03T21:20:17.127+0000] {dagbag.py:538} INFO - Filling up the DagBag from /home/airflow/.local/lib/python3.8/site-packages/airflow/example_dags/example_python_decorator.py
[2024-03-03T21:20:17.139+0000] {processor.py:840} INFO - DAG(s) 'example_python_decorator' retrieved from /home/airflow/.local/lib/python3.8/site-packages/airflow/example_dags/example_python_decorator.py
[2024-03-03T21:20:17.166+0000] {logging_mixin.py:188} INFO - [2024-03-03T21:20:17.166+0000] {dag.py:3036} INFO - Sync 1 DAGs
[2024-03-03T21:20:17.181+0000] {logging_mixin.py:188} INFO - [2024-03-03T21:20:17.181+0000] {dag.py:3823} INFO - Setting next_dagrun for example_python_decorator to None, run_after=None
[2024-03-03T21:20:17.209+0000] {processor.py:183} INFO - Processing /home/airflow/.local/lib/python3.8/site-packages/airflow/example_dags/example_python_decorator.py took 0.089 seconds
[2024-03-03T21:20:47.571+0000] {processor.py:161} INFO - Started process (PID=2060) to work on /home/airflow/.local/lib/python3.8/site-packages/airflow/example_dags/example_python_decorator.py
[2024-03-03T21:20:47.572+0000] {processor.py:830} INFO - Processing file /home/airflow/.local/lib/python3.8/site-packages/airflow/example_dags/example_python_decorator.py for tasks to queue
[2024-03-03T21:20:47.573+0000] {logging_mixin.py:188} INFO - [2024-03-03T21:20:47.573+0000] {dagbag.py:538} INFO - Filling up the DagBag from /home/airflow/.local/lib/python3.8/site-packages/airflow/example_dags/example_python_decorator.py
[2024-03-03T21:20:47.584+0000] {processor.py:840} INFO - DAG(s) 'example_python_decorator' retrieved from /home/airflow/.local/lib/python3.8/site-packages/airflow/example_dags/example_python_decorator.py
[2024-03-03T21:20:47.604+0000] {logging_mixin.py:188} INFO - [2024-03-03T21:20:47.604+0000] {dag.py:3036} INFO - Sync 1 DAGs
[2024-03-03T21:20:47.615+0000] {logging_mixin.py:188} INFO - [2024-03-03T21:20:47.615+0000] {dag.py:3823} INFO - Setting next_dagrun for example_python_decorator to None, run_after=None
[2024-03-03T21:20:47.633+0000] {processor.py:183} INFO - Processing /home/airflow/.local/lib/python3.8/site-packages/airflow/example_dags/example_python_decorator.py took 0.066 seconds
[2024-03-03T21:21:18.305+0000] {processor.py:161} INFO - Started process (PID=2115) to work on /home/airflow/.local/lib/python3.8/site-packages/airflow/example_dags/example_python_decorator.py
[2024-03-03T21:21:18.306+0000] {processor.py:830} INFO - Processing file /home/airflow/.local/lib/python3.8/site-packages/airflow/example_dags/example_python_decorator.py for tasks to queue
[2024-03-03T21:21:18.308+0000] {logging_mixin.py:188} INFO - [2024-03-03T21:21:18.308+0000] {dagbag.py:538} INFO - Filling up the DagBag from /home/airflow/.local/lib/python3.8/site-packages/airflow/example_dags/example_python_decorator.py
[2024-03-03T21:21:18.324+0000] {processor.py:840} INFO - DAG(s) 'example_python_decorator' retrieved from /home/airflow/.local/lib/python3.8/site-packages/airflow/example_dags/example_python_decorator.py
[2024-03-03T21:21:18.349+0000] {logging_mixin.py:188} INFO - [2024-03-03T21:21:18.349+0000] {dag.py:3036} INFO - Sync 1 DAGs
[2024-03-03T21:21:18.364+0000] {logging_mixin.py:188} INFO - [2024-03-03T21:21:18.363+0000] {dag.py:3823} INFO - Setting next_dagrun for example_python_decorator to None, run_after=None
[2024-03-03T21:21:18.384+0000] {processor.py:183} INFO - Processing /home/airflow/.local/lib/python3.8/site-packages/airflow/example_dags/example_python_decorator.py took 0.082 seconds
[2024-03-03T21:21:49.010+0000] {processor.py:161} INFO - Started process (PID=2170) to work on /home/airflow/.local/lib/python3.8/site-packages/airflow/example_dags/example_python_decorator.py
[2024-03-03T21:21:49.011+0000] {processor.py:830} INFO - Processing file /home/airflow/.local/lib/python3.8/site-packages/airflow/example_dags/example_python_decorator.py for tasks to queue
[2024-03-03T21:21:49.013+0000] {logging_mixin.py:188} INFO - [2024-03-03T21:21:49.012+0000] {dagbag.py:538} INFO - Filling up the DagBag from /home/airflow/.local/lib/python3.8/site-packages/airflow/example_dags/example_python_decorator.py
[2024-03-03T21:21:49.025+0000] {processor.py:840} INFO - DAG(s) 'example_python_decorator' retrieved from /home/airflow/.local/lib/python3.8/site-packages/airflow/example_dags/example_python_decorator.py
[2024-03-03T21:21:49.047+0000] {logging_mixin.py:188} INFO - [2024-03-03T21:21:49.047+0000] {dag.py:3036} INFO - Sync 1 DAGs
[2024-03-03T21:21:49.060+0000] {logging_mixin.py:188} INFO - [2024-03-03T21:21:49.060+0000] {dag.py:3823} INFO - Setting next_dagrun for example_python_decorator to None, run_after=None
[2024-03-03T21:21:49.087+0000] {processor.py:183} INFO - Processing /home/airflow/.local/lib/python3.8/site-packages/airflow/example_dags/example_python_decorator.py took 0.080 seconds
[2024-03-03T21:22:19.389+0000] {processor.py:161} INFO - Started process (PID=2225) to work on /home/airflow/.local/lib/python3.8/site-packages/airflow/example_dags/example_python_decorator.py
[2024-03-03T21:22:19.390+0000] {processor.py:830} INFO - Processing file /home/airflow/.local/lib/python3.8/site-packages/airflow/example_dags/example_python_decorator.py for tasks to queue
[2024-03-03T21:22:19.393+0000] {logging_mixin.py:188} INFO - [2024-03-03T21:22:19.392+0000] {dagbag.py:538} INFO - Filling up the DagBag from /home/airflow/.local/lib/python3.8/site-packages/airflow/example_dags/example_python_decorator.py
[2024-03-03T21:22:19.407+0000] {processor.py:840} INFO - DAG(s) 'example_python_decorator' retrieved from /home/airflow/.local/lib/python3.8/site-packages/airflow/example_dags/example_python_decorator.py
[2024-03-03T21:22:19.432+0000] {logging_mixin.py:188} INFO - [2024-03-03T21:22:19.432+0000] {dag.py:3036} INFO - Sync 1 DAGs
[2024-03-03T21:22:19.445+0000] {logging_mixin.py:188} INFO - [2024-03-03T21:22:19.445+0000] {dag.py:3823} INFO - Setting next_dagrun for example_python_decorator to None, run_after=None
[2024-03-03T21:22:19.468+0000] {processor.py:183} INFO - Processing /home/airflow/.local/lib/python3.8/site-packages/airflow/example_dags/example_python_decorator.py took 0.082 seconds
