[2024-03-03T20:00:47.356+0000] {processor.py:161} INFO - Started process (PID=106) to work on /home/airflow/.local/lib/python3.8/site-packages/airflow/example_dags/example_latest_only_with_trigger.py
[2024-03-03T20:00:47.358+0000] {processor.py:830} INFO - Processing file /home/airflow/.local/lib/python3.8/site-packages/airflow/example_dags/example_latest_only_with_trigger.py for tasks to queue
[2024-03-03T20:00:47.361+0000] {logging_mixin.py:188} INFO - [2024-03-03T20:00:47.360+0000] {dagbag.py:538} INFO - Filling up the DagBag from /home/airflow/.local/lib/python3.8/site-packages/airflow/example_dags/example_latest_only_with_trigger.py
[2024-03-03T20:00:47.375+0000] {processor.py:840} INFO - DAG(s) 'latest_only_with_trigger' retrieved from /home/airflow/.local/lib/python3.8/site-packages/airflow/example_dags/example_latest_only_with_trigger.py
[2024-03-03T20:00:47.651+0000] {logging_mixin.py:188} INFO - [2024-03-03T20:00:47.649+0000] {override.py:1769} INFO - Created Permission View: can delete on DAG:latest_only_with_trigger
[2024-03-03T20:00:47.678+0000] {logging_mixin.py:188} INFO - [2024-03-03T20:00:47.677+0000] {override.py:1769} INFO - Created Permission View: can edit on DAG:latest_only_with_trigger
[2024-03-03T20:00:47.701+0000] {logging_mixin.py:188} INFO - [2024-03-03T20:00:47.700+0000] {override.py:1769} INFO - Created Permission View: can read on DAG:latest_only_with_trigger
[2024-03-03T20:00:47.702+0000] {logging_mixin.py:188} INFO - [2024-03-03T20:00:47.702+0000] {dag.py:3036} INFO - Sync 1 DAGs
[2024-03-03T20:00:47.730+0000] {logging_mixin.py:188} INFO - [2024-03-03T20:00:47.729+0000] {dag.py:3058} INFO - Creating ORM DAG for latest_only_with_trigger
[2024-03-03T20:00:47.758+0000] {logging_mixin.py:188} INFO - [2024-03-03T20:00:47.757+0000] {dag.py:3823} INFO - Setting next_dagrun for latest_only_with_trigger to 2024-03-03 16:00:00+00:00, run_after=2024-03-03 20:00:00+00:00
[2024-03-03T20:00:47.814+0000] {processor.py:183} INFO - Processing /home/airflow/.local/lib/python3.8/site-packages/airflow/example_dags/example_latest_only_with_trigger.py took 0.465 seconds
[2024-03-03T20:05:10.544+0000] {processor.py:161} INFO - Started process (PID=177) to work on /home/airflow/.local/lib/python3.8/site-packages/airflow/example_dags/example_latest_only_with_trigger.py
[2024-03-03T20:05:10.546+0000] {processor.py:830} INFO - Processing file /home/airflow/.local/lib/python3.8/site-packages/airflow/example_dags/example_latest_only_with_trigger.py for tasks to queue
[2024-03-03T20:05:10.549+0000] {logging_mixin.py:188} INFO - [2024-03-03T20:05:10.548+0000] {dagbag.py:538} INFO - Filling up the DagBag from /home/airflow/.local/lib/python3.8/site-packages/airflow/example_dags/example_latest_only_with_trigger.py
[2024-03-03T20:05:10.563+0000] {processor.py:840} INFO - DAG(s) 'latest_only_with_trigger' retrieved from /home/airflow/.local/lib/python3.8/site-packages/airflow/example_dags/example_latest_only_with_trigger.py
[2024-03-03T20:05:10.622+0000] {logging_mixin.py:188} INFO - [2024-03-03T20:05:10.621+0000] {dag.py:3036} INFO - Sync 1 DAGs
[2024-03-03T20:05:10.675+0000] {logging_mixin.py:188} INFO - [2024-03-03T20:05:10.674+0000] {dag.py:3823} INFO - Setting next_dagrun for latest_only_with_trigger to 2024-03-03 16:00:00+00:00, run_after=2024-03-03 20:00:00+00:00
[2024-03-03T20:05:10.721+0000] {processor.py:183} INFO - Processing /home/airflow/.local/lib/python3.8/site-packages/airflow/example_dags/example_latest_only_with_trigger.py took 0.185 seconds
[2024-03-03T20:08:16.058+0000] {processor.py:161} INFO - Started process (PID=252) to work on /home/airflow/.local/lib/python3.8/site-packages/airflow/example_dags/example_latest_only_with_trigger.py
[2024-03-03T20:08:16.062+0000] {processor.py:830} INFO - Processing file /home/airflow/.local/lib/python3.8/site-packages/airflow/example_dags/example_latest_only_with_trigger.py for tasks to queue
[2024-03-03T20:08:16.066+0000] {logging_mixin.py:188} INFO - [2024-03-03T20:08:16.065+0000] {dagbag.py:538} INFO - Filling up the DagBag from /home/airflow/.local/lib/python3.8/site-packages/airflow/example_dags/example_latest_only_with_trigger.py
[2024-03-03T20:08:16.078+0000] {processor.py:840} INFO - DAG(s) 'latest_only_with_trigger' retrieved from /home/airflow/.local/lib/python3.8/site-packages/airflow/example_dags/example_latest_only_with_trigger.py
[2024-03-03T20:08:16.123+0000] {logging_mixin.py:188} INFO - [2024-03-03T20:08:16.122+0000] {dag.py:3036} INFO - Sync 1 DAGs
[2024-03-03T20:08:16.176+0000] {logging_mixin.py:188} INFO - [2024-03-03T20:08:16.176+0000] {dag.py:3823} INFO - Setting next_dagrun for latest_only_with_trigger to 2024-03-03 16:00:00+00:00, run_after=2024-03-03 20:00:00+00:00
[2024-03-03T20:08:16.230+0000] {processor.py:183} INFO - Processing /home/airflow/.local/lib/python3.8/site-packages/airflow/example_dags/example_latest_only_with_trigger.py took 0.179 seconds
[2024-03-03T20:11:33.122+0000] {processor.py:161} INFO - Started process (PID=323) to work on /home/airflow/.local/lib/python3.8/site-packages/airflow/example_dags/example_latest_only_with_trigger.py
[2024-03-03T20:11:33.135+0000] {processor.py:830} INFO - Processing file /home/airflow/.local/lib/python3.8/site-packages/airflow/example_dags/example_latest_only_with_trigger.py for tasks to queue
[2024-03-03T20:11:33.138+0000] {logging_mixin.py:188} INFO - [2024-03-03T20:11:33.137+0000] {dagbag.py:538} INFO - Filling up the DagBag from /home/airflow/.local/lib/python3.8/site-packages/airflow/example_dags/example_latest_only_with_trigger.py
[2024-03-03T20:11:33.153+0000] {processor.py:840} INFO - DAG(s) 'latest_only_with_trigger' retrieved from /home/airflow/.local/lib/python3.8/site-packages/airflow/example_dags/example_latest_only_with_trigger.py
[2024-03-03T20:11:33.227+0000] {logging_mixin.py:188} INFO - [2024-03-03T20:11:33.227+0000] {dag.py:3036} INFO - Sync 1 DAGs
[2024-03-03T20:11:33.277+0000] {logging_mixin.py:188} INFO - [2024-03-03T20:11:33.276+0000] {dag.py:3823} INFO - Setting next_dagrun for latest_only_with_trigger to 2024-03-03 16:00:00+00:00, run_after=2024-03-03 20:00:00+00:00
[2024-03-03T20:11:33.324+0000] {processor.py:183} INFO - Processing /home/airflow/.local/lib/python3.8/site-packages/airflow/example_dags/example_latest_only_with_trigger.py took 0.208 seconds
[2024-03-03T20:13:55.760+0000] {processor.py:161} INFO - Started process (PID=411) to work on /home/airflow/.local/lib/python3.8/site-packages/airflow/example_dags/example_latest_only_with_trigger.py
[2024-03-03T20:13:55.764+0000] {processor.py:830} INFO - Processing file /home/airflow/.local/lib/python3.8/site-packages/airflow/example_dags/example_latest_only_with_trigger.py for tasks to queue
[2024-03-03T20:13:55.767+0000] {logging_mixin.py:188} INFO - [2024-03-03T20:13:55.766+0000] {dagbag.py:538} INFO - Filling up the DagBag from /home/airflow/.local/lib/python3.8/site-packages/airflow/example_dags/example_latest_only_with_trigger.py
[2024-03-03T20:13:55.784+0000] {processor.py:840} INFO - DAG(s) 'latest_only_with_trigger' retrieved from /home/airflow/.local/lib/python3.8/site-packages/airflow/example_dags/example_latest_only_with_trigger.py
[2024-03-03T20:13:55.857+0000] {logging_mixin.py:188} INFO - [2024-03-03T20:13:55.856+0000] {dag.py:3036} INFO - Sync 1 DAGs
[2024-03-03T20:13:55.922+0000] {logging_mixin.py:188} INFO - [2024-03-03T20:13:55.921+0000] {dag.py:3823} INFO - Setting next_dagrun for latest_only_with_trigger to 2024-03-03 16:00:00+00:00, run_after=2024-03-03 20:00:00+00:00
[2024-03-03T20:13:56.010+0000] {processor.py:183} INFO - Processing /home/airflow/.local/lib/python3.8/site-packages/airflow/example_dags/example_latest_only_with_trigger.py took 0.257 seconds
[2024-03-03T20:14:27.004+0000] {processor.py:161} INFO - Started process (PID=465) to work on /home/airflow/.local/lib/python3.8/site-packages/airflow/example_dags/example_latest_only_with_trigger.py
[2024-03-03T20:14:27.006+0000] {processor.py:830} INFO - Processing file /home/airflow/.local/lib/python3.8/site-packages/airflow/example_dags/example_latest_only_with_trigger.py for tasks to queue
[2024-03-03T20:14:27.009+0000] {logging_mixin.py:188} INFO - [2024-03-03T20:14:27.008+0000] {dagbag.py:538} INFO - Filling up the DagBag from /home/airflow/.local/lib/python3.8/site-packages/airflow/example_dags/example_latest_only_with_trigger.py
[2024-03-03T20:14:27.025+0000] {processor.py:840} INFO - DAG(s) 'latest_only_with_trigger' retrieved from /home/airflow/.local/lib/python3.8/site-packages/airflow/example_dags/example_latest_only_with_trigger.py
[2024-03-03T20:14:27.081+0000] {logging_mixin.py:188} INFO - [2024-03-03T20:14:27.080+0000] {dag.py:3036} INFO - Sync 1 DAGs
[2024-03-03T20:14:27.130+0000] {logging_mixin.py:188} INFO - [2024-03-03T20:14:27.129+0000] {dag.py:3823} INFO - Setting next_dagrun for latest_only_with_trigger to 2024-03-03 16:00:00+00:00, run_after=2024-03-03 20:00:00+00:00
[2024-03-03T20:14:27.184+0000] {processor.py:183} INFO - Processing /home/airflow/.local/lib/python3.8/site-packages/airflow/example_dags/example_latest_only_with_trigger.py took 0.190 seconds
[2024-03-03T20:15:01.857+0000] {processor.py:161} INFO - Started process (PID=521) to work on /home/airflow/.local/lib/python3.8/site-packages/airflow/example_dags/example_latest_only_with_trigger.py
[2024-03-03T20:15:01.859+0000] {processor.py:830} INFO - Processing file /home/airflow/.local/lib/python3.8/site-packages/airflow/example_dags/example_latest_only_with_trigger.py for tasks to queue
[2024-03-03T20:15:01.863+0000] {logging_mixin.py:188} INFO - [2024-03-03T20:15:01.862+0000] {dagbag.py:538} INFO - Filling up the DagBag from /home/airflow/.local/lib/python3.8/site-packages/airflow/example_dags/example_latest_only_with_trigger.py
[2024-03-03T20:15:01.876+0000] {processor.py:840} INFO - DAG(s) 'latest_only_with_trigger' retrieved from /home/airflow/.local/lib/python3.8/site-packages/airflow/example_dags/example_latest_only_with_trigger.py
[2024-03-03T20:15:01.932+0000] {logging_mixin.py:188} INFO - [2024-03-03T20:15:01.931+0000] {dag.py:3036} INFO - Sync 1 DAGs
[2024-03-03T20:15:01.978+0000] {logging_mixin.py:188} INFO - [2024-03-03T20:15:01.977+0000] {dag.py:3823} INFO - Setting next_dagrun for latest_only_with_trigger to 2024-03-03 16:00:00+00:00, run_after=2024-03-03 20:00:00+00:00
[2024-03-03T20:15:02.019+0000] {processor.py:183} INFO - Processing /home/airflow/.local/lib/python3.8/site-packages/airflow/example_dags/example_latest_only_with_trigger.py took 0.169 seconds
[2024-03-03T20:15:33.433+0000] {processor.py:161} INFO - Started process (PID=576) to work on /home/airflow/.local/lib/python3.8/site-packages/airflow/example_dags/example_latest_only_with_trigger.py
[2024-03-03T20:15:33.436+0000] {processor.py:830} INFO - Processing file /home/airflow/.local/lib/python3.8/site-packages/airflow/example_dags/example_latest_only_with_trigger.py for tasks to queue
[2024-03-03T20:15:33.438+0000] {logging_mixin.py:188} INFO - [2024-03-03T20:15:33.437+0000] {dagbag.py:538} INFO - Filling up the DagBag from /home/airflow/.local/lib/python3.8/site-packages/airflow/example_dags/example_latest_only_with_trigger.py
[2024-03-03T20:15:33.453+0000] {processor.py:840} INFO - DAG(s) 'latest_only_with_trigger' retrieved from /home/airflow/.local/lib/python3.8/site-packages/airflow/example_dags/example_latest_only_with_trigger.py
[2024-03-03T20:15:33.526+0000] {logging_mixin.py:188} INFO - [2024-03-03T20:15:33.525+0000] {dag.py:3036} INFO - Sync 1 DAGs
[2024-03-03T20:15:33.575+0000] {logging_mixin.py:188} INFO - [2024-03-03T20:15:33.574+0000] {dag.py:3823} INFO - Setting next_dagrun for latest_only_with_trigger to 2024-03-03 16:00:00+00:00, run_after=2024-03-03 20:00:00+00:00
[2024-03-03T20:15:33.631+0000] {processor.py:183} INFO - Processing /home/airflow/.local/lib/python3.8/site-packages/airflow/example_dags/example_latest_only_with_trigger.py took 0.206 seconds
[2024-03-03T20:16:03.970+0000] {processor.py:161} INFO - Started process (PID=630) to work on /home/airflow/.local/lib/python3.8/site-packages/airflow/example_dags/example_latest_only_with_trigger.py
[2024-03-03T20:16:03.971+0000] {processor.py:830} INFO - Processing file /home/airflow/.local/lib/python3.8/site-packages/airflow/example_dags/example_latest_only_with_trigger.py for tasks to queue
[2024-03-03T20:16:03.973+0000] {logging_mixin.py:188} INFO - [2024-03-03T20:16:03.972+0000] {dagbag.py:538} INFO - Filling up the DagBag from /home/airflow/.local/lib/python3.8/site-packages/airflow/example_dags/example_latest_only_with_trigger.py
[2024-03-03T20:16:03.981+0000] {processor.py:840} INFO - DAG(s) 'latest_only_with_trigger' retrieved from /home/airflow/.local/lib/python3.8/site-packages/airflow/example_dags/example_latest_only_with_trigger.py
[2024-03-03T20:16:04.007+0000] {logging_mixin.py:188} INFO - [2024-03-03T20:16:04.006+0000] {dag.py:3036} INFO - Sync 1 DAGs
[2024-03-03T20:16:04.034+0000] {logging_mixin.py:188} INFO - [2024-03-03T20:16:04.034+0000] {dag.py:3823} INFO - Setting next_dagrun for latest_only_with_trigger to 2024-03-03 16:00:00+00:00, run_after=2024-03-03 20:00:00+00:00
[2024-03-03T20:16:04.064+0000] {processor.py:183} INFO - Processing /home/airflow/.local/lib/python3.8/site-packages/airflow/example_dags/example_latest_only_with_trigger.py took 0.099 seconds
[2024-03-03T20:16:34.415+0000] {processor.py:161} INFO - Started process (PID=685) to work on /home/airflow/.local/lib/python3.8/site-packages/airflow/example_dags/example_latest_only_with_trigger.py
[2024-03-03T20:16:34.417+0000] {processor.py:830} INFO - Processing file /home/airflow/.local/lib/python3.8/site-packages/airflow/example_dags/example_latest_only_with_trigger.py for tasks to queue
[2024-03-03T20:16:34.418+0000] {logging_mixin.py:188} INFO - [2024-03-03T20:16:34.418+0000] {dagbag.py:538} INFO - Filling up the DagBag from /home/airflow/.local/lib/python3.8/site-packages/airflow/example_dags/example_latest_only_with_trigger.py
[2024-03-03T20:16:34.426+0000] {processor.py:840} INFO - DAG(s) 'latest_only_with_trigger' retrieved from /home/airflow/.local/lib/python3.8/site-packages/airflow/example_dags/example_latest_only_with_trigger.py
[2024-03-03T20:16:34.456+0000] {logging_mixin.py:188} INFO - [2024-03-03T20:16:34.456+0000] {dag.py:3036} INFO - Sync 1 DAGs
[2024-03-03T20:16:34.482+0000] {logging_mixin.py:188} INFO - [2024-03-03T20:16:34.481+0000] {dag.py:3823} INFO - Setting next_dagrun for latest_only_with_trigger to 2024-03-03 16:00:00+00:00, run_after=2024-03-03 20:00:00+00:00
[2024-03-03T20:16:34.505+0000] {processor.py:183} INFO - Processing /home/airflow/.local/lib/python3.8/site-packages/airflow/example_dags/example_latest_only_with_trigger.py took 0.094 seconds
[2024-03-03T20:17:05.143+0000] {processor.py:161} INFO - Started process (PID=741) to work on /home/airflow/.local/lib/python3.8/site-packages/airflow/example_dags/example_latest_only_with_trigger.py
[2024-03-03T20:17:05.145+0000] {processor.py:830} INFO - Processing file /home/airflow/.local/lib/python3.8/site-packages/airflow/example_dags/example_latest_only_with_trigger.py for tasks to queue
[2024-03-03T20:17:05.146+0000] {logging_mixin.py:188} INFO - [2024-03-03T20:17:05.146+0000] {dagbag.py:538} INFO - Filling up the DagBag from /home/airflow/.local/lib/python3.8/site-packages/airflow/example_dags/example_latest_only_with_trigger.py
[2024-03-03T20:17:05.153+0000] {processor.py:840} INFO - DAG(s) 'latest_only_with_trigger' retrieved from /home/airflow/.local/lib/python3.8/site-packages/airflow/example_dags/example_latest_only_with_trigger.py
[2024-03-03T20:17:05.179+0000] {logging_mixin.py:188} INFO - [2024-03-03T20:17:05.179+0000] {dag.py:3036} INFO - Sync 1 DAGs
[2024-03-03T20:17:05.203+0000] {logging_mixin.py:188} INFO - [2024-03-03T20:17:05.203+0000] {dag.py:3823} INFO - Setting next_dagrun for latest_only_with_trigger to 2024-03-03 16:00:00+00:00, run_after=2024-03-03 20:00:00+00:00
[2024-03-03T20:17:05.229+0000] {processor.py:183} INFO - Processing /home/airflow/.local/lib/python3.8/site-packages/airflow/example_dags/example_latest_only_with_trigger.py took 0.089 seconds
[2024-03-03T20:18:58.346+0000] {processor.py:161} INFO - Started process (PID=797) to work on /home/airflow/.local/lib/python3.8/site-packages/airflow/example_dags/example_latest_only_with_trigger.py
[2024-03-03T20:18:58.347+0000] {processor.py:830} INFO - Processing file /home/airflow/.local/lib/python3.8/site-packages/airflow/example_dags/example_latest_only_with_trigger.py for tasks to queue
[2024-03-03T20:18:58.349+0000] {logging_mixin.py:188} INFO - [2024-03-03T20:18:58.349+0000] {dagbag.py:538} INFO - Filling up the DagBag from /home/airflow/.local/lib/python3.8/site-packages/airflow/example_dags/example_latest_only_with_trigger.py
[2024-03-03T20:18:58.360+0000] {processor.py:840} INFO - DAG(s) 'latest_only_with_trigger' retrieved from /home/airflow/.local/lib/python3.8/site-packages/airflow/example_dags/example_latest_only_with_trigger.py
[2024-03-03T20:18:58.397+0000] {logging_mixin.py:188} INFO - [2024-03-03T20:18:58.396+0000] {dag.py:3036} INFO - Sync 1 DAGs
[2024-03-03T20:18:58.436+0000] {logging_mixin.py:188} INFO - [2024-03-03T20:18:58.435+0000] {dag.py:3823} INFO - Setting next_dagrun for latest_only_with_trigger to 2024-03-03 16:00:00+00:00, run_after=2024-03-03 20:00:00+00:00
[2024-03-03T20:18:58.480+0000] {processor.py:183} INFO - Processing /home/airflow/.local/lib/python3.8/site-packages/airflow/example_dags/example_latest_only_with_trigger.py took 0.140 seconds
[2024-03-03T20:20:55.014+0000] {processor.py:161} INFO - Started process (PID=860) to work on /home/airflow/.local/lib/python3.8/site-packages/airflow/example_dags/example_latest_only_with_trigger.py
[2024-03-03T20:20:55.017+0000] {processor.py:830} INFO - Processing file /home/airflow/.local/lib/python3.8/site-packages/airflow/example_dags/example_latest_only_with_trigger.py for tasks to queue
[2024-03-03T20:20:55.019+0000] {logging_mixin.py:188} INFO - [2024-03-03T20:20:55.018+0000] {dagbag.py:538} INFO - Filling up the DagBag from /home/airflow/.local/lib/python3.8/site-packages/airflow/example_dags/example_latest_only_with_trigger.py
[2024-03-03T20:20:55.036+0000] {processor.py:840} INFO - DAG(s) 'latest_only_with_trigger' retrieved from /home/airflow/.local/lib/python3.8/site-packages/airflow/example_dags/example_latest_only_with_trigger.py
[2024-03-03T20:20:55.099+0000] {logging_mixin.py:188} INFO - [2024-03-03T20:20:55.098+0000] {dag.py:3036} INFO - Sync 1 DAGs
[2024-03-03T20:20:55.152+0000] {logging_mixin.py:188} INFO - [2024-03-03T20:20:55.151+0000] {dag.py:3823} INFO - Setting next_dagrun for latest_only_with_trigger to 2024-03-03 16:00:00+00:00, run_after=2024-03-03 20:00:00+00:00
[2024-03-03T20:20:55.211+0000] {processor.py:183} INFO - Processing /home/airflow/.local/lib/python3.8/site-packages/airflow/example_dags/example_latest_only_with_trigger.py took 0.204 seconds
[2024-03-03T20:21:25.690+0000] {processor.py:161} INFO - Started process (PID=915) to work on /home/airflow/.local/lib/python3.8/site-packages/airflow/example_dags/example_latest_only_with_trigger.py
[2024-03-03T20:21:25.692+0000] {processor.py:830} INFO - Processing file /home/airflow/.local/lib/python3.8/site-packages/airflow/example_dags/example_latest_only_with_trigger.py for tasks to queue
[2024-03-03T20:21:25.694+0000] {logging_mixin.py:188} INFO - [2024-03-03T20:21:25.693+0000] {dagbag.py:538} INFO - Filling up the DagBag from /home/airflow/.local/lib/python3.8/site-packages/airflow/example_dags/example_latest_only_with_trigger.py
[2024-03-03T20:21:25.712+0000] {processor.py:840} INFO - DAG(s) 'latest_only_with_trigger' retrieved from /home/airflow/.local/lib/python3.8/site-packages/airflow/example_dags/example_latest_only_with_trigger.py
[2024-03-03T20:21:25.758+0000] {logging_mixin.py:188} INFO - [2024-03-03T20:21:25.757+0000] {dag.py:3036} INFO - Sync 1 DAGs
[2024-03-03T20:21:25.806+0000] {logging_mixin.py:188} INFO - [2024-03-03T20:21:25.806+0000] {dag.py:3823} INFO - Setting next_dagrun for latest_only_with_trigger to 2024-03-03 16:00:00+00:00, run_after=2024-03-03 20:00:00+00:00
[2024-03-03T20:21:25.852+0000] {processor.py:183} INFO - Processing /home/airflow/.local/lib/python3.8/site-packages/airflow/example_dags/example_latest_only_with_trigger.py took 0.169 seconds
[2024-03-03T20:29:47.238+0000] {processor.py:161} INFO - Started process (PID=82) to work on /home/airflow/.local/lib/python3.8/site-packages/airflow/example_dags/example_latest_only_with_trigger.py
[2024-03-03T20:29:47.239+0000] {processor.py:830} INFO - Processing file /home/airflow/.local/lib/python3.8/site-packages/airflow/example_dags/example_latest_only_with_trigger.py for tasks to queue
[2024-03-03T20:29:47.243+0000] {logging_mixin.py:188} INFO - [2024-03-03T20:29:47.242+0000] {dagbag.py:538} INFO - Filling up the DagBag from /home/airflow/.local/lib/python3.8/site-packages/airflow/example_dags/example_latest_only_with_trigger.py
[2024-03-03T20:29:47.253+0000] {processor.py:840} INFO - DAG(s) 'latest_only_with_trigger' retrieved from /home/airflow/.local/lib/python3.8/site-packages/airflow/example_dags/example_latest_only_with_trigger.py
[2024-03-03T20:29:47.487+0000] {logging_mixin.py:188} INFO - [2024-03-03T20:29:47.487+0000] {dag.py:3036} INFO - Sync 1 DAGs
[2024-03-03T20:29:47.538+0000] {logging_mixin.py:188} INFO - [2024-03-03T20:29:47.537+0000] {dag.py:3823} INFO - Setting next_dagrun for latest_only_with_trigger to 2024-03-03 16:00:00+00:00, run_after=2024-03-03 20:00:00+00:00
[2024-03-03T20:29:47.584+0000] {processor.py:183} INFO - Processing /home/airflow/.local/lib/python3.8/site-packages/airflow/example_dags/example_latest_only_with_trigger.py took 0.351 seconds
[2024-03-03T20:33:12.222+0000] {processor.py:161} INFO - Started process (PID=136) to work on /home/airflow/.local/lib/python3.8/site-packages/airflow/example_dags/example_latest_only_with_trigger.py
[2024-03-03T20:33:12.224+0000] {processor.py:830} INFO - Processing file /home/airflow/.local/lib/python3.8/site-packages/airflow/example_dags/example_latest_only_with_trigger.py for tasks to queue
[2024-03-03T20:33:12.226+0000] {logging_mixin.py:188} INFO - [2024-03-03T20:33:12.225+0000] {dagbag.py:538} INFO - Filling up the DagBag from /home/airflow/.local/lib/python3.8/site-packages/airflow/example_dags/example_latest_only_with_trigger.py
[2024-03-03T20:33:12.237+0000] {processor.py:840} INFO - DAG(s) 'latest_only_with_trigger' retrieved from /home/airflow/.local/lib/python3.8/site-packages/airflow/example_dags/example_latest_only_with_trigger.py
[2024-03-03T20:33:12.281+0000] {logging_mixin.py:188} INFO - [2024-03-03T20:33:12.280+0000] {dag.py:3036} INFO - Sync 1 DAGs
[2024-03-03T20:33:12.346+0000] {logging_mixin.py:188} INFO - [2024-03-03T20:33:12.345+0000] {dag.py:3823} INFO - Setting next_dagrun for latest_only_with_trigger to 2024-03-03 16:00:00+00:00, run_after=2024-03-03 20:00:00+00:00
[2024-03-03T20:33:12.418+0000] {processor.py:183} INFO - Processing /home/airflow/.local/lib/python3.8/site-packages/airflow/example_dags/example_latest_only_with_trigger.py took 0.201 seconds
[2024-03-03T20:34:27.028+0000] {processor.py:161} INFO - Started process (PID=194) to work on /home/airflow/.local/lib/python3.8/site-packages/airflow/example_dags/example_latest_only_with_trigger.py
[2024-03-03T20:34:27.031+0000] {processor.py:830} INFO - Processing file /home/airflow/.local/lib/python3.8/site-packages/airflow/example_dags/example_latest_only_with_trigger.py for tasks to queue
[2024-03-03T20:34:27.033+0000] {logging_mixin.py:188} INFO - [2024-03-03T20:34:27.032+0000] {dagbag.py:538} INFO - Filling up the DagBag from /home/airflow/.local/lib/python3.8/site-packages/airflow/example_dags/example_latest_only_with_trigger.py
[2024-03-03T20:34:27.047+0000] {processor.py:840} INFO - DAG(s) 'latest_only_with_trigger' retrieved from /home/airflow/.local/lib/python3.8/site-packages/airflow/example_dags/example_latest_only_with_trigger.py
[2024-03-03T20:34:27.106+0000] {logging_mixin.py:188} INFO - [2024-03-03T20:34:27.105+0000] {dag.py:3036} INFO - Sync 1 DAGs
[2024-03-03T20:34:27.183+0000] {logging_mixin.py:188} INFO - [2024-03-03T20:34:27.182+0000] {dag.py:3823} INFO - Setting next_dagrun for latest_only_with_trigger to 2024-03-03 16:00:00+00:00, run_after=2024-03-03 20:00:00+00:00
[2024-03-03T20:34:27.238+0000] {processor.py:183} INFO - Processing /home/airflow/.local/lib/python3.8/site-packages/airflow/example_dags/example_latest_only_with_trigger.py took 0.216 seconds
[2024-03-03T20:36:34.667+0000] {processor.py:161} INFO - Started process (PID=246) to work on /home/airflow/.local/lib/python3.8/site-packages/airflow/example_dags/example_latest_only_with_trigger.py
[2024-03-03T20:36:34.670+0000] {processor.py:830} INFO - Processing file /home/airflow/.local/lib/python3.8/site-packages/airflow/example_dags/example_latest_only_with_trigger.py for tasks to queue
[2024-03-03T20:36:34.673+0000] {logging_mixin.py:188} INFO - [2024-03-03T20:36:34.672+0000] {dagbag.py:538} INFO - Filling up the DagBag from /home/airflow/.local/lib/python3.8/site-packages/airflow/example_dags/example_latest_only_with_trigger.py
[2024-03-03T20:36:34.685+0000] {processor.py:840} INFO - DAG(s) 'latest_only_with_trigger' retrieved from /home/airflow/.local/lib/python3.8/site-packages/airflow/example_dags/example_latest_only_with_trigger.py
[2024-03-03T20:36:34.732+0000] {logging_mixin.py:188} INFO - [2024-03-03T20:36:34.732+0000] {dag.py:3036} INFO - Sync 1 DAGs
[2024-03-03T20:36:34.800+0000] {logging_mixin.py:188} INFO - [2024-03-03T20:36:34.799+0000] {dag.py:3823} INFO - Setting next_dagrun for latest_only_with_trigger to 2024-03-03 16:00:00+00:00, run_after=2024-03-03 20:00:00+00:00
[2024-03-03T20:36:34.857+0000] {processor.py:183} INFO - Processing /home/airflow/.local/lib/python3.8/site-packages/airflow/example_dags/example_latest_only_with_trigger.py took 0.197 seconds
[2024-03-03T20:39:39.267+0000] {processor.py:161} INFO - Started process (PID=337) to work on /home/airflow/.local/lib/python3.8/site-packages/airflow/example_dags/example_latest_only_with_trigger.py
[2024-03-03T20:39:39.269+0000] {processor.py:830} INFO - Processing file /home/airflow/.local/lib/python3.8/site-packages/airflow/example_dags/example_latest_only_with_trigger.py for tasks to queue
[2024-03-03T20:39:39.271+0000] {logging_mixin.py:188} INFO - [2024-03-03T20:39:39.271+0000] {dagbag.py:538} INFO - Filling up the DagBag from /home/airflow/.local/lib/python3.8/site-packages/airflow/example_dags/example_latest_only_with_trigger.py
[2024-03-03T20:39:39.288+0000] {processor.py:840} INFO - DAG(s) 'latest_only_with_trigger' retrieved from /home/airflow/.local/lib/python3.8/site-packages/airflow/example_dags/example_latest_only_with_trigger.py
[2024-03-03T20:39:39.334+0000] {logging_mixin.py:188} INFO - [2024-03-03T20:39:39.333+0000] {dag.py:3036} INFO - Sync 1 DAGs
[2024-03-03T20:39:39.392+0000] {logging_mixin.py:188} INFO - [2024-03-03T20:39:39.392+0000] {dag.py:3823} INFO - Setting next_dagrun for latest_only_with_trigger to 2024-03-03 16:00:00+00:00, run_after=2024-03-03 20:00:00+00:00
[2024-03-03T20:39:39.441+0000] {processor.py:183} INFO - Processing /home/airflow/.local/lib/python3.8/site-packages/airflow/example_dags/example_latest_only_with_trigger.py took 0.183 seconds
[2024-03-03T20:40:09.882+0000] {processor.py:161} INFO - Started process (PID=392) to work on /home/airflow/.local/lib/python3.8/site-packages/airflow/example_dags/example_latest_only_with_trigger.py
[2024-03-03T20:40:09.884+0000] {processor.py:830} INFO - Processing file /home/airflow/.local/lib/python3.8/site-packages/airflow/example_dags/example_latest_only_with_trigger.py for tasks to queue
[2024-03-03T20:40:09.885+0000] {logging_mixin.py:188} INFO - [2024-03-03T20:40:09.885+0000] {dagbag.py:538} INFO - Filling up the DagBag from /home/airflow/.local/lib/python3.8/site-packages/airflow/example_dags/example_latest_only_with_trigger.py
[2024-03-03T20:40:09.893+0000] {processor.py:840} INFO - DAG(s) 'latest_only_with_trigger' retrieved from /home/airflow/.local/lib/python3.8/site-packages/airflow/example_dags/example_latest_only_with_trigger.py
[2024-03-03T20:40:09.926+0000] {logging_mixin.py:188} INFO - [2024-03-03T20:40:09.925+0000] {dag.py:3036} INFO - Sync 1 DAGs
[2024-03-03T20:40:09.967+0000] {logging_mixin.py:188} INFO - [2024-03-03T20:40:09.966+0000] {dag.py:3823} INFO - Setting next_dagrun for latest_only_with_trigger to 2024-03-03 16:00:00+00:00, run_after=2024-03-03 20:00:00+00:00
[2024-03-03T20:40:10.009+0000] {processor.py:183} INFO - Processing /home/airflow/.local/lib/python3.8/site-packages/airflow/example_dags/example_latest_only_with_trigger.py took 0.132 seconds
[2024-03-03T20:40:40.243+0000] {processor.py:161} INFO - Started process (PID=447) to work on /home/airflow/.local/lib/python3.8/site-packages/airflow/example_dags/example_latest_only_with_trigger.py
[2024-03-03T20:40:40.244+0000] {processor.py:830} INFO - Processing file /home/airflow/.local/lib/python3.8/site-packages/airflow/example_dags/example_latest_only_with_trigger.py for tasks to queue
[2024-03-03T20:40:40.244+0000] {logging_mixin.py:188} INFO - [2024-03-03T20:40:40.244+0000] {dagbag.py:538} INFO - Filling up the DagBag from /home/airflow/.local/lib/python3.8/site-packages/airflow/example_dags/example_latest_only_with_trigger.py
[2024-03-03T20:40:40.250+0000] {processor.py:840} INFO - DAG(s) 'latest_only_with_trigger' retrieved from /home/airflow/.local/lib/python3.8/site-packages/airflow/example_dags/example_latest_only_with_trigger.py
[2024-03-03T20:40:40.269+0000] {logging_mixin.py:188} INFO - [2024-03-03T20:40:40.269+0000] {dag.py:3036} INFO - Sync 1 DAGs
[2024-03-03T20:40:40.296+0000] {logging_mixin.py:188} INFO - [2024-03-03T20:40:40.295+0000] {dag.py:3823} INFO - Setting next_dagrun for latest_only_with_trigger to 2024-03-03 16:00:00+00:00, run_after=2024-03-03 20:00:00+00:00
[2024-03-03T20:40:40.323+0000] {processor.py:183} INFO - Processing /home/airflow/.local/lib/python3.8/site-packages/airflow/example_dags/example_latest_only_with_trigger.py took 0.084 seconds
[2024-03-03T20:42:58.700+0000] {processor.py:161} INFO - Started process (PID=536) to work on /home/airflow/.local/lib/python3.8/site-packages/airflow/example_dags/example_latest_only_with_trigger.py
[2024-03-03T20:42:58.712+0000] {processor.py:830} INFO - Processing file /home/airflow/.local/lib/python3.8/site-packages/airflow/example_dags/example_latest_only_with_trigger.py for tasks to queue
[2024-03-03T20:42:58.716+0000] {logging_mixin.py:188} INFO - [2024-03-03T20:42:58.715+0000] {dagbag.py:538} INFO - Filling up the DagBag from /home/airflow/.local/lib/python3.8/site-packages/airflow/example_dags/example_latest_only_with_trigger.py
[2024-03-03T20:42:58.734+0000] {processor.py:840} INFO - DAG(s) 'latest_only_with_trigger' retrieved from /home/airflow/.local/lib/python3.8/site-packages/airflow/example_dags/example_latest_only_with_trigger.py
[2024-03-03T20:42:58.796+0000] {logging_mixin.py:188} INFO - [2024-03-03T20:42:58.795+0000] {dag.py:3036} INFO - Sync 1 DAGs
[2024-03-03T20:42:58.861+0000] {logging_mixin.py:188} INFO - [2024-03-03T20:42:58.860+0000] {dag.py:3823} INFO - Setting next_dagrun for latest_only_with_trigger to 2024-03-03 16:00:00+00:00, run_after=2024-03-03 20:00:00+00:00
[2024-03-03T20:42:58.911+0000] {processor.py:183} INFO - Processing /home/airflow/.local/lib/python3.8/site-packages/airflow/example_dags/example_latest_only_with_trigger.py took 0.224 seconds
[2024-03-03T20:46:08.452+0000] {processor.py:161} INFO - Started process (PID=594) to work on /home/airflow/.local/lib/python3.8/site-packages/airflow/example_dags/example_latest_only_with_trigger.py
[2024-03-03T20:46:08.454+0000] {processor.py:830} INFO - Processing file /home/airflow/.local/lib/python3.8/site-packages/airflow/example_dags/example_latest_only_with_trigger.py for tasks to queue
[2024-03-03T20:46:08.457+0000] {logging_mixin.py:188} INFO - [2024-03-03T20:46:08.456+0000] {dagbag.py:538} INFO - Filling up the DagBag from /home/airflow/.local/lib/python3.8/site-packages/airflow/example_dags/example_latest_only_with_trigger.py
[2024-03-03T20:46:08.473+0000] {processor.py:840} INFO - DAG(s) 'latest_only_with_trigger' retrieved from /home/airflow/.local/lib/python3.8/site-packages/airflow/example_dags/example_latest_only_with_trigger.py
[2024-03-03T20:46:08.525+0000] {logging_mixin.py:188} INFO - [2024-03-03T20:46:08.525+0000] {dag.py:3036} INFO - Sync 1 DAGs
[2024-03-03T20:46:08.603+0000] {logging_mixin.py:188} INFO - [2024-03-03T20:46:08.602+0000] {dag.py:3823} INFO - Setting next_dagrun for latest_only_with_trigger to 2024-03-03 16:00:00+00:00, run_after=2024-03-03 20:00:00+00:00
[2024-03-03T20:46:08.695+0000] {processor.py:183} INFO - Processing /home/airflow/.local/lib/python3.8/site-packages/airflow/example_dags/example_latest_only_with_trigger.py took 0.249 seconds
[2024-03-03T20:48:11.169+0000] {processor.py:161} INFO - Started process (PID=655) to work on /home/airflow/.local/lib/python3.8/site-packages/airflow/example_dags/example_latest_only_with_trigger.py
[2024-03-03T20:48:11.172+0000] {processor.py:830} INFO - Processing file /home/airflow/.local/lib/python3.8/site-packages/airflow/example_dags/example_latest_only_with_trigger.py for tasks to queue
[2024-03-03T20:48:11.177+0000] {logging_mixin.py:188} INFO - [2024-03-03T20:48:11.175+0000] {dagbag.py:538} INFO - Filling up the DagBag from /home/airflow/.local/lib/python3.8/site-packages/airflow/example_dags/example_latest_only_with_trigger.py
[2024-03-03T20:48:11.197+0000] {processor.py:840} INFO - DAG(s) 'latest_only_with_trigger' retrieved from /home/airflow/.local/lib/python3.8/site-packages/airflow/example_dags/example_latest_only_with_trigger.py
[2024-03-03T20:48:11.253+0000] {logging_mixin.py:188} INFO - [2024-03-03T20:48:11.252+0000] {dag.py:3036} INFO - Sync 1 DAGs
[2024-03-03T20:48:11.322+0000] {logging_mixin.py:188} INFO - [2024-03-03T20:48:11.321+0000] {dag.py:3823} INFO - Setting next_dagrun for latest_only_with_trigger to 2024-03-03 16:00:00+00:00, run_after=2024-03-03 20:00:00+00:00
[2024-03-03T20:48:11.389+0000] {processor.py:183} INFO - Processing /home/airflow/.local/lib/python3.8/site-packages/airflow/example_dags/example_latest_only_with_trigger.py took 0.232 seconds
[2024-03-03T20:48:42.216+0000] {processor.py:161} INFO - Started process (PID=710) to work on /home/airflow/.local/lib/python3.8/site-packages/airflow/example_dags/example_latest_only_with_trigger.py
[2024-03-03T20:48:42.218+0000] {processor.py:830} INFO - Processing file /home/airflow/.local/lib/python3.8/site-packages/airflow/example_dags/example_latest_only_with_trigger.py for tasks to queue
[2024-03-03T20:48:42.219+0000] {logging_mixin.py:188} INFO - [2024-03-03T20:48:42.219+0000] {dagbag.py:538} INFO - Filling up the DagBag from /home/airflow/.local/lib/python3.8/site-packages/airflow/example_dags/example_latest_only_with_trigger.py
[2024-03-03T20:48:42.228+0000] {processor.py:840} INFO - DAG(s) 'latest_only_with_trigger' retrieved from /home/airflow/.local/lib/python3.8/site-packages/airflow/example_dags/example_latest_only_with_trigger.py
[2024-03-03T20:48:42.270+0000] {logging_mixin.py:188} INFO - [2024-03-03T20:48:42.270+0000] {dag.py:3036} INFO - Sync 1 DAGs
[2024-03-03T20:48:42.317+0000] {logging_mixin.py:188} INFO - [2024-03-03T20:48:42.317+0000] {dag.py:3823} INFO - Setting next_dagrun for latest_only_with_trigger to 2024-03-03 16:00:00+00:00, run_after=2024-03-03 20:00:00+00:00
[2024-03-03T20:48:42.364+0000] {processor.py:183} INFO - Processing /home/airflow/.local/lib/python3.8/site-packages/airflow/example_dags/example_latest_only_with_trigger.py took 0.153 seconds
[2024-03-03T21:02:29.605+0000] {processor.py:161} INFO - Started process (PID=82) to work on /home/airflow/.local/lib/python3.8/site-packages/airflow/example_dags/example_latest_only_with_trigger.py
[2024-03-03T21:02:29.607+0000] {processor.py:830} INFO - Processing file /home/airflow/.local/lib/python3.8/site-packages/airflow/example_dags/example_latest_only_with_trigger.py for tasks to queue
[2024-03-03T21:02:29.611+0000] {logging_mixin.py:188} INFO - [2024-03-03T21:02:29.610+0000] {dagbag.py:538} INFO - Filling up the DagBag from /home/airflow/.local/lib/python3.8/site-packages/airflow/example_dags/example_latest_only_with_trigger.py
[2024-03-03T21:02:29.628+0000] {processor.py:840} INFO - DAG(s) 'latest_only_with_trigger' retrieved from /home/airflow/.local/lib/python3.8/site-packages/airflow/example_dags/example_latest_only_with_trigger.py
[2024-03-03T21:02:29.900+0000] {logging_mixin.py:188} INFO - [2024-03-03T21:02:29.899+0000] {dag.py:3036} INFO - Sync 1 DAGs
[2024-03-03T21:02:29.948+0000] {logging_mixin.py:188} INFO - [2024-03-03T21:02:29.944+0000] {dag.py:3823} INFO - Setting next_dagrun for latest_only_with_trigger to 2024-03-03 16:00:00+00:00, run_after=2024-03-03 20:00:00+00:00
[2024-03-03T21:02:30.013+0000] {processor.py:183} INFO - Processing /home/airflow/.local/lib/python3.8/site-packages/airflow/example_dags/example_latest_only_with_trigger.py took 0.419 seconds
[2024-03-03T21:03:00.479+0000] {processor.py:161} INFO - Started process (PID=137) to work on /home/airflow/.local/lib/python3.8/site-packages/airflow/example_dags/example_latest_only_with_trigger.py
[2024-03-03T21:03:00.480+0000] {processor.py:830} INFO - Processing file /home/airflow/.local/lib/python3.8/site-packages/airflow/example_dags/example_latest_only_with_trigger.py for tasks to queue
[2024-03-03T21:03:00.483+0000] {logging_mixin.py:188} INFO - [2024-03-03T21:03:00.483+0000] {dagbag.py:538} INFO - Filling up the DagBag from /home/airflow/.local/lib/python3.8/site-packages/airflow/example_dags/example_latest_only_with_trigger.py
[2024-03-03T21:03:00.492+0000] {processor.py:840} INFO - DAG(s) 'latest_only_with_trigger' retrieved from /home/airflow/.local/lib/python3.8/site-packages/airflow/example_dags/example_latest_only_with_trigger.py
[2024-03-03T21:03:00.525+0000] {logging_mixin.py:188} INFO - [2024-03-03T21:03:00.525+0000] {dag.py:3036} INFO - Sync 1 DAGs
[2024-03-03T21:03:00.559+0000] {logging_mixin.py:188} INFO - [2024-03-03T21:03:00.559+0000] {dag.py:3823} INFO - Setting next_dagrun for latest_only_with_trigger to 2024-03-03 16:00:00+00:00, run_after=2024-03-03 20:00:00+00:00
[2024-03-03T21:03:00.606+0000] {processor.py:183} INFO - Processing /home/airflow/.local/lib/python3.8/site-packages/airflow/example_dags/example_latest_only_with_trigger.py took 0.132 seconds
[2024-03-03T21:03:30.711+0000] {processor.py:161} INFO - Started process (PID=192) to work on /home/airflow/.local/lib/python3.8/site-packages/airflow/example_dags/example_latest_only_with_trigger.py
[2024-03-03T21:03:30.713+0000] {processor.py:830} INFO - Processing file /home/airflow/.local/lib/python3.8/site-packages/airflow/example_dags/example_latest_only_with_trigger.py for tasks to queue
[2024-03-03T21:03:30.717+0000] {logging_mixin.py:188} INFO - [2024-03-03T21:03:30.716+0000] {dagbag.py:538} INFO - Filling up the DagBag from /home/airflow/.local/lib/python3.8/site-packages/airflow/example_dags/example_latest_only_with_trigger.py
[2024-03-03T21:03:30.729+0000] {processor.py:840} INFO - DAG(s) 'latest_only_with_trigger' retrieved from /home/airflow/.local/lib/python3.8/site-packages/airflow/example_dags/example_latest_only_with_trigger.py
[2024-03-03T21:03:30.771+0000] {logging_mixin.py:188} INFO - [2024-03-03T21:03:30.770+0000] {dag.py:3036} INFO - Sync 1 DAGs
[2024-03-03T21:03:30.818+0000] {logging_mixin.py:188} INFO - [2024-03-03T21:03:30.818+0000] {dag.py:3823} INFO - Setting next_dagrun for latest_only_with_trigger to 2024-03-03 16:00:00+00:00, run_after=2024-03-03 20:00:00+00:00
[2024-03-03T21:03:30.858+0000] {processor.py:183} INFO - Processing /home/airflow/.local/lib/python3.8/site-packages/airflow/example_dags/example_latest_only_with_trigger.py took 0.153 seconds
[2024-03-03T21:04:01.299+0000] {processor.py:161} INFO - Started process (PID=247) to work on /home/airflow/.local/lib/python3.8/site-packages/airflow/example_dags/example_latest_only_with_trigger.py
[2024-03-03T21:04:01.301+0000] {processor.py:830} INFO - Processing file /home/airflow/.local/lib/python3.8/site-packages/airflow/example_dags/example_latest_only_with_trigger.py for tasks to queue
[2024-03-03T21:04:01.303+0000] {logging_mixin.py:188} INFO - [2024-03-03T21:04:01.303+0000] {dagbag.py:538} INFO - Filling up the DagBag from /home/airflow/.local/lib/python3.8/site-packages/airflow/example_dags/example_latest_only_with_trigger.py
[2024-03-03T21:04:01.310+0000] {processor.py:840} INFO - DAG(s) 'latest_only_with_trigger' retrieved from /home/airflow/.local/lib/python3.8/site-packages/airflow/example_dags/example_latest_only_with_trigger.py
[2024-03-03T21:04:01.336+0000] {logging_mixin.py:188} INFO - [2024-03-03T21:04:01.335+0000] {dag.py:3036} INFO - Sync 1 DAGs
[2024-03-03T21:04:01.362+0000] {logging_mixin.py:188} INFO - [2024-03-03T21:04:01.361+0000] {dag.py:3823} INFO - Setting next_dagrun for latest_only_with_trigger to 2024-03-03 16:00:00+00:00, run_after=2024-03-03 20:00:00+00:00
[2024-03-03T21:04:01.386+0000] {processor.py:183} INFO - Processing /home/airflow/.local/lib/python3.8/site-packages/airflow/example_dags/example_latest_only_with_trigger.py took 0.090 seconds
[2024-03-03T21:04:31.771+0000] {processor.py:161} INFO - Started process (PID=302) to work on /home/airflow/.local/lib/python3.8/site-packages/airflow/example_dags/example_latest_only_with_trigger.py
[2024-03-03T21:04:31.772+0000] {processor.py:830} INFO - Processing file /home/airflow/.local/lib/python3.8/site-packages/airflow/example_dags/example_latest_only_with_trigger.py for tasks to queue
[2024-03-03T21:04:31.775+0000] {logging_mixin.py:188} INFO - [2024-03-03T21:04:31.775+0000] {dagbag.py:538} INFO - Filling up the DagBag from /home/airflow/.local/lib/python3.8/site-packages/airflow/example_dags/example_latest_only_with_trigger.py
[2024-03-03T21:04:31.782+0000] {processor.py:840} INFO - DAG(s) 'latest_only_with_trigger' retrieved from /home/airflow/.local/lib/python3.8/site-packages/airflow/example_dags/example_latest_only_with_trigger.py
[2024-03-03T21:04:31.809+0000] {logging_mixin.py:188} INFO - [2024-03-03T21:04:31.809+0000] {dag.py:3036} INFO - Sync 1 DAGs
[2024-03-03T21:04:31.841+0000] {logging_mixin.py:188} INFO - [2024-03-03T21:04:31.841+0000] {dag.py:3823} INFO - Setting next_dagrun for latest_only_with_trigger to 2024-03-03 16:00:00+00:00, run_after=2024-03-03 20:00:00+00:00
[2024-03-03T21:04:31.873+0000] {processor.py:183} INFO - Processing /home/airflow/.local/lib/python3.8/site-packages/airflow/example_dags/example_latest_only_with_trigger.py took 0.105 seconds
[2024-03-03T21:05:02.461+0000] {processor.py:161} INFO - Started process (PID=357) to work on /home/airflow/.local/lib/python3.8/site-packages/airflow/example_dags/example_latest_only_with_trigger.py
[2024-03-03T21:05:02.464+0000] {processor.py:830} INFO - Processing file /home/airflow/.local/lib/python3.8/site-packages/airflow/example_dags/example_latest_only_with_trigger.py for tasks to queue
[2024-03-03T21:05:02.467+0000] {logging_mixin.py:188} INFO - [2024-03-03T21:05:02.467+0000] {dagbag.py:538} INFO - Filling up the DagBag from /home/airflow/.local/lib/python3.8/site-packages/airflow/example_dags/example_latest_only_with_trigger.py
[2024-03-03T21:05:02.481+0000] {processor.py:840} INFO - DAG(s) 'latest_only_with_trigger' retrieved from /home/airflow/.local/lib/python3.8/site-packages/airflow/example_dags/example_latest_only_with_trigger.py
[2024-03-03T21:05:02.540+0000] {logging_mixin.py:188} INFO - [2024-03-03T21:05:02.539+0000] {dag.py:3036} INFO - Sync 1 DAGs
[2024-03-03T21:05:02.622+0000] {logging_mixin.py:188} INFO - [2024-03-03T21:05:02.622+0000] {dag.py:3823} INFO - Setting next_dagrun for latest_only_with_trigger to 2024-03-03 16:00:00+00:00, run_after=2024-03-03 20:00:00+00:00
[2024-03-03T21:05:02.658+0000] {processor.py:183} INFO - Processing /home/airflow/.local/lib/python3.8/site-packages/airflow/example_dags/example_latest_only_with_trigger.py took 0.205 seconds
[2024-03-03T21:05:33.020+0000] {processor.py:161} INFO - Started process (PID=412) to work on /home/airflow/.local/lib/python3.8/site-packages/airflow/example_dags/example_latest_only_with_trigger.py
[2024-03-03T21:05:33.021+0000] {processor.py:830} INFO - Processing file /home/airflow/.local/lib/python3.8/site-packages/airflow/example_dags/example_latest_only_with_trigger.py for tasks to queue
[2024-03-03T21:05:33.023+0000] {logging_mixin.py:188} INFO - [2024-03-03T21:05:33.023+0000] {dagbag.py:538} INFO - Filling up the DagBag from /home/airflow/.local/lib/python3.8/site-packages/airflow/example_dags/example_latest_only_with_trigger.py
[2024-03-03T21:05:33.029+0000] {processor.py:840} INFO - DAG(s) 'latest_only_with_trigger' retrieved from /home/airflow/.local/lib/python3.8/site-packages/airflow/example_dags/example_latest_only_with_trigger.py
[2024-03-03T21:05:33.051+0000] {logging_mixin.py:188} INFO - [2024-03-03T21:05:33.050+0000] {dag.py:3036} INFO - Sync 1 DAGs
[2024-03-03T21:05:33.076+0000] {logging_mixin.py:188} INFO - [2024-03-03T21:05:33.076+0000] {dag.py:3823} INFO - Setting next_dagrun for latest_only_with_trigger to 2024-03-03 16:00:00+00:00, run_after=2024-03-03 20:00:00+00:00
[2024-03-03T21:05:33.097+0000] {processor.py:183} INFO - Processing /home/airflow/.local/lib/python3.8/site-packages/airflow/example_dags/example_latest_only_with_trigger.py took 0.080 seconds
[2024-03-03T21:06:03.167+0000] {processor.py:161} INFO - Started process (PID=466) to work on /home/airflow/.local/lib/python3.8/site-packages/airflow/example_dags/example_latest_only_with_trigger.py
[2024-03-03T21:06:03.168+0000] {processor.py:830} INFO - Processing file /home/airflow/.local/lib/python3.8/site-packages/airflow/example_dags/example_latest_only_with_trigger.py for tasks to queue
[2024-03-03T21:06:03.170+0000] {logging_mixin.py:188} INFO - [2024-03-03T21:06:03.170+0000] {dagbag.py:538} INFO - Filling up the DagBag from /home/airflow/.local/lib/python3.8/site-packages/airflow/example_dags/example_latest_only_with_trigger.py
[2024-03-03T21:06:03.176+0000] {processor.py:840} INFO - DAG(s) 'latest_only_with_trigger' retrieved from /home/airflow/.local/lib/python3.8/site-packages/airflow/example_dags/example_latest_only_with_trigger.py
[2024-03-03T21:06:03.199+0000] {logging_mixin.py:188} INFO - [2024-03-03T21:06:03.199+0000] {dag.py:3036} INFO - Sync 1 DAGs
[2024-03-03T21:06:03.226+0000] {logging_mixin.py:188} INFO - [2024-03-03T21:06:03.226+0000] {dag.py:3823} INFO - Setting next_dagrun for latest_only_with_trigger to 2024-03-03 16:00:00+00:00, run_after=2024-03-03 20:00:00+00:00
[2024-03-03T21:06:03.257+0000] {processor.py:183} INFO - Processing /home/airflow/.local/lib/python3.8/site-packages/airflow/example_dags/example_latest_only_with_trigger.py took 0.093 seconds
[2024-03-03T21:06:34.501+0000] {processor.py:161} INFO - Started process (PID=522) to work on /home/airflow/.local/lib/python3.8/site-packages/airflow/example_dags/example_latest_only_with_trigger.py
[2024-03-03T21:06:34.503+0000] {processor.py:830} INFO - Processing file /home/airflow/.local/lib/python3.8/site-packages/airflow/example_dags/example_latest_only_with_trigger.py for tasks to queue
[2024-03-03T21:06:34.505+0000] {logging_mixin.py:188} INFO - [2024-03-03T21:06:34.505+0000] {dagbag.py:538} INFO - Filling up the DagBag from /home/airflow/.local/lib/python3.8/site-packages/airflow/example_dags/example_latest_only_with_trigger.py
[2024-03-03T21:06:34.513+0000] {processor.py:840} INFO - DAG(s) 'latest_only_with_trigger' retrieved from /home/airflow/.local/lib/python3.8/site-packages/airflow/example_dags/example_latest_only_with_trigger.py
[2024-03-03T21:06:34.543+0000] {logging_mixin.py:188} INFO - [2024-03-03T21:06:34.543+0000] {dag.py:3036} INFO - Sync 1 DAGs
[2024-03-03T21:06:34.575+0000] {logging_mixin.py:188} INFO - [2024-03-03T21:06:34.575+0000] {dag.py:3823} INFO - Setting next_dagrun for latest_only_with_trigger to 2024-03-03 16:00:00+00:00, run_after=2024-03-03 20:00:00+00:00
[2024-03-03T21:06:34.601+0000] {processor.py:183} INFO - Processing /home/airflow/.local/lib/python3.8/site-packages/airflow/example_dags/example_latest_only_with_trigger.py took 0.105 seconds
[2024-03-03T21:07:04.938+0000] {processor.py:161} INFO - Started process (PID=577) to work on /home/airflow/.local/lib/python3.8/site-packages/airflow/example_dags/example_latest_only_with_trigger.py
[2024-03-03T21:07:04.939+0000] {processor.py:830} INFO - Processing file /home/airflow/.local/lib/python3.8/site-packages/airflow/example_dags/example_latest_only_with_trigger.py for tasks to queue
[2024-03-03T21:07:04.941+0000] {logging_mixin.py:188} INFO - [2024-03-03T21:07:04.941+0000] {dagbag.py:538} INFO - Filling up the DagBag from /home/airflow/.local/lib/python3.8/site-packages/airflow/example_dags/example_latest_only_with_trigger.py
[2024-03-03T21:07:04.948+0000] {processor.py:840} INFO - DAG(s) 'latest_only_with_trigger' retrieved from /home/airflow/.local/lib/python3.8/site-packages/airflow/example_dags/example_latest_only_with_trigger.py
[2024-03-03T21:07:04.971+0000] {logging_mixin.py:188} INFO - [2024-03-03T21:07:04.971+0000] {dag.py:3036} INFO - Sync 1 DAGs
[2024-03-03T21:07:05.000+0000] {logging_mixin.py:188} INFO - [2024-03-03T21:07:05.000+0000] {dag.py:3823} INFO - Setting next_dagrun for latest_only_with_trigger to 2024-03-03 16:00:00+00:00, run_after=2024-03-03 20:00:00+00:00
[2024-03-03T21:07:05.024+0000] {processor.py:183} INFO - Processing /home/airflow/.local/lib/python3.8/site-packages/airflow/example_dags/example_latest_only_with_trigger.py took 0.089 seconds
[2024-03-03T21:07:35.307+0000] {processor.py:161} INFO - Started process (PID=632) to work on /home/airflow/.local/lib/python3.8/site-packages/airflow/example_dags/example_latest_only_with_trigger.py
[2024-03-03T21:07:35.309+0000] {processor.py:830} INFO - Processing file /home/airflow/.local/lib/python3.8/site-packages/airflow/example_dags/example_latest_only_with_trigger.py for tasks to queue
[2024-03-03T21:07:35.311+0000] {logging_mixin.py:188} INFO - [2024-03-03T21:07:35.311+0000] {dagbag.py:538} INFO - Filling up the DagBag from /home/airflow/.local/lib/python3.8/site-packages/airflow/example_dags/example_latest_only_with_trigger.py
[2024-03-03T21:07:35.320+0000] {processor.py:840} INFO - DAG(s) 'latest_only_with_trigger' retrieved from /home/airflow/.local/lib/python3.8/site-packages/airflow/example_dags/example_latest_only_with_trigger.py
[2024-03-03T21:07:35.352+0000] {logging_mixin.py:188} INFO - [2024-03-03T21:07:35.351+0000] {dag.py:3036} INFO - Sync 1 DAGs
[2024-03-03T21:07:35.394+0000] {logging_mixin.py:188} INFO - [2024-03-03T21:07:35.394+0000] {dag.py:3823} INFO - Setting next_dagrun for latest_only_with_trigger to 2024-03-03 16:00:00+00:00, run_after=2024-03-03 20:00:00+00:00
[2024-03-03T21:07:35.427+0000] {processor.py:183} INFO - Processing /home/airflow/.local/lib/python3.8/site-packages/airflow/example_dags/example_latest_only_with_trigger.py took 0.123 seconds
[2024-03-03T21:08:05.468+0000] {processor.py:161} INFO - Started process (PID=686) to work on /home/airflow/.local/lib/python3.8/site-packages/airflow/example_dags/example_latest_only_with_trigger.py
[2024-03-03T21:08:05.469+0000] {processor.py:830} INFO - Processing file /home/airflow/.local/lib/python3.8/site-packages/airflow/example_dags/example_latest_only_with_trigger.py for tasks to queue
[2024-03-03T21:08:05.471+0000] {logging_mixin.py:188} INFO - [2024-03-03T21:08:05.471+0000] {dagbag.py:538} INFO - Filling up the DagBag from /home/airflow/.local/lib/python3.8/site-packages/airflow/example_dags/example_latest_only_with_trigger.py
[2024-03-03T21:08:05.476+0000] {processor.py:840} INFO - DAG(s) 'latest_only_with_trigger' retrieved from /home/airflow/.local/lib/python3.8/site-packages/airflow/example_dags/example_latest_only_with_trigger.py
[2024-03-03T21:08:05.497+0000] {logging_mixin.py:188} INFO - [2024-03-03T21:08:05.497+0000] {dag.py:3036} INFO - Sync 1 DAGs
[2024-03-03T21:08:05.518+0000] {logging_mixin.py:188} INFO - [2024-03-03T21:08:05.518+0000] {dag.py:3823} INFO - Setting next_dagrun for latest_only_with_trigger to 2024-03-03 16:00:00+00:00, run_after=2024-03-03 20:00:00+00:00
[2024-03-03T21:08:05.541+0000] {processor.py:183} INFO - Processing /home/airflow/.local/lib/python3.8/site-packages/airflow/example_dags/example_latest_only_with_trigger.py took 0.075 seconds
[2024-03-03T21:08:35.848+0000] {processor.py:161} INFO - Started process (PID=742) to work on /home/airflow/.local/lib/python3.8/site-packages/airflow/example_dags/example_latest_only_with_trigger.py
[2024-03-03T21:08:35.848+0000] {processor.py:830} INFO - Processing file /home/airflow/.local/lib/python3.8/site-packages/airflow/example_dags/example_latest_only_with_trigger.py for tasks to queue
[2024-03-03T21:08:35.850+0000] {logging_mixin.py:188} INFO - [2024-03-03T21:08:35.850+0000] {dagbag.py:538} INFO - Filling up the DagBag from /home/airflow/.local/lib/python3.8/site-packages/airflow/example_dags/example_latest_only_with_trigger.py
[2024-03-03T21:08:35.855+0000] {processor.py:840} INFO - DAG(s) 'latest_only_with_trigger' retrieved from /home/airflow/.local/lib/python3.8/site-packages/airflow/example_dags/example_latest_only_with_trigger.py
[2024-03-03T21:08:35.878+0000] {logging_mixin.py:188} INFO - [2024-03-03T21:08:35.878+0000] {dag.py:3036} INFO - Sync 1 DAGs
[2024-03-03T21:08:35.901+0000] {logging_mixin.py:188} INFO - [2024-03-03T21:08:35.901+0000] {dag.py:3823} INFO - Setting next_dagrun for latest_only_with_trigger to 2024-03-03 16:00:00+00:00, run_after=2024-03-03 20:00:00+00:00
[2024-03-03T21:08:35.921+0000] {processor.py:183} INFO - Processing /home/airflow/.local/lib/python3.8/site-packages/airflow/example_dags/example_latest_only_with_trigger.py took 0.077 seconds
[2024-03-03T21:09:06.333+0000] {processor.py:161} INFO - Started process (PID=796) to work on /home/airflow/.local/lib/python3.8/site-packages/airflow/example_dags/example_latest_only_with_trigger.py
[2024-03-03T21:09:06.334+0000] {processor.py:830} INFO - Processing file /home/airflow/.local/lib/python3.8/site-packages/airflow/example_dags/example_latest_only_with_trigger.py for tasks to queue
[2024-03-03T21:09:06.336+0000] {logging_mixin.py:188} INFO - [2024-03-03T21:09:06.336+0000] {dagbag.py:538} INFO - Filling up the DagBag from /home/airflow/.local/lib/python3.8/site-packages/airflow/example_dags/example_latest_only_with_trigger.py
[2024-03-03T21:09:06.342+0000] {processor.py:840} INFO - DAG(s) 'latest_only_with_trigger' retrieved from /home/airflow/.local/lib/python3.8/site-packages/airflow/example_dags/example_latest_only_with_trigger.py
[2024-03-03T21:09:06.365+0000] {logging_mixin.py:188} INFO - [2024-03-03T21:09:06.365+0000] {dag.py:3036} INFO - Sync 1 DAGs
[2024-03-03T21:09:06.387+0000] {logging_mixin.py:188} INFO - [2024-03-03T21:09:06.387+0000] {dag.py:3823} INFO - Setting next_dagrun for latest_only_with_trigger to 2024-03-03 16:00:00+00:00, run_after=2024-03-03 20:00:00+00:00
[2024-03-03T21:09:06.407+0000] {processor.py:183} INFO - Processing /home/airflow/.local/lib/python3.8/site-packages/airflow/example_dags/example_latest_only_with_trigger.py took 0.077 seconds
[2024-03-03T21:09:36.757+0000] {processor.py:161} INFO - Started process (PID=852) to work on /home/airflow/.local/lib/python3.8/site-packages/airflow/example_dags/example_latest_only_with_trigger.py
[2024-03-03T21:09:36.758+0000] {processor.py:830} INFO - Processing file /home/airflow/.local/lib/python3.8/site-packages/airflow/example_dags/example_latest_only_with_trigger.py for tasks to queue
[2024-03-03T21:09:36.760+0000] {logging_mixin.py:188} INFO - [2024-03-03T21:09:36.760+0000] {dagbag.py:538} INFO - Filling up the DagBag from /home/airflow/.local/lib/python3.8/site-packages/airflow/example_dags/example_latest_only_with_trigger.py
[2024-03-03T21:09:36.767+0000] {processor.py:840} INFO - DAG(s) 'latest_only_with_trigger' retrieved from /home/airflow/.local/lib/python3.8/site-packages/airflow/example_dags/example_latest_only_with_trigger.py
[2024-03-03T21:09:36.793+0000] {logging_mixin.py:188} INFO - [2024-03-03T21:09:36.793+0000] {dag.py:3036} INFO - Sync 1 DAGs
[2024-03-03T21:09:36.823+0000] {logging_mixin.py:188} INFO - [2024-03-03T21:09:36.822+0000] {dag.py:3823} INFO - Setting next_dagrun for latest_only_with_trigger to 2024-03-03 16:00:00+00:00, run_after=2024-03-03 20:00:00+00:00
[2024-03-03T21:09:36.847+0000] {processor.py:183} INFO - Processing /home/airflow/.local/lib/python3.8/site-packages/airflow/example_dags/example_latest_only_with_trigger.py took 0.093 seconds
[2024-03-03T21:10:07.283+0000] {processor.py:161} INFO - Started process (PID=907) to work on /home/airflow/.local/lib/python3.8/site-packages/airflow/example_dags/example_latest_only_with_trigger.py
[2024-03-03T21:10:07.284+0000] {processor.py:830} INFO - Processing file /home/airflow/.local/lib/python3.8/site-packages/airflow/example_dags/example_latest_only_with_trigger.py for tasks to queue
[2024-03-03T21:10:07.286+0000] {logging_mixin.py:188} INFO - [2024-03-03T21:10:07.286+0000] {dagbag.py:538} INFO - Filling up the DagBag from /home/airflow/.local/lib/python3.8/site-packages/airflow/example_dags/example_latest_only_with_trigger.py
[2024-03-03T21:10:07.292+0000] {processor.py:840} INFO - DAG(s) 'latest_only_with_trigger' retrieved from /home/airflow/.local/lib/python3.8/site-packages/airflow/example_dags/example_latest_only_with_trigger.py
[2024-03-03T21:10:07.315+0000] {logging_mixin.py:188} INFO - [2024-03-03T21:10:07.315+0000] {dag.py:3036} INFO - Sync 1 DAGs
[2024-03-03T21:10:07.341+0000] {logging_mixin.py:188} INFO - [2024-03-03T21:10:07.340+0000] {dag.py:3823} INFO - Setting next_dagrun for latest_only_with_trigger to 2024-03-03 16:00:00+00:00, run_after=2024-03-03 20:00:00+00:00
[2024-03-03T21:10:07.366+0000] {processor.py:183} INFO - Processing /home/airflow/.local/lib/python3.8/site-packages/airflow/example_dags/example_latest_only_with_trigger.py took 0.086 seconds
[2024-03-03T21:10:37.583+0000] {processor.py:161} INFO - Started process (PID=962) to work on /home/airflow/.local/lib/python3.8/site-packages/airflow/example_dags/example_latest_only_with_trigger.py
[2024-03-03T21:10:37.584+0000] {processor.py:830} INFO - Processing file /home/airflow/.local/lib/python3.8/site-packages/airflow/example_dags/example_latest_only_with_trigger.py for tasks to queue
[2024-03-03T21:10:37.586+0000] {logging_mixin.py:188} INFO - [2024-03-03T21:10:37.585+0000] {dagbag.py:538} INFO - Filling up the DagBag from /home/airflow/.local/lib/python3.8/site-packages/airflow/example_dags/example_latest_only_with_trigger.py
[2024-03-03T21:10:37.590+0000] {processor.py:840} INFO - DAG(s) 'latest_only_with_trigger' retrieved from /home/airflow/.local/lib/python3.8/site-packages/airflow/example_dags/example_latest_only_with_trigger.py
[2024-03-03T21:10:37.610+0000] {logging_mixin.py:188} INFO - [2024-03-03T21:10:37.610+0000] {dag.py:3036} INFO - Sync 1 DAGs
[2024-03-03T21:10:37.632+0000] {logging_mixin.py:188} INFO - [2024-03-03T21:10:37.632+0000] {dag.py:3823} INFO - Setting next_dagrun for latest_only_with_trigger to 2024-03-03 16:00:00+00:00, run_after=2024-03-03 20:00:00+00:00
[2024-03-03T21:10:37.655+0000] {processor.py:183} INFO - Processing /home/airflow/.local/lib/python3.8/site-packages/airflow/example_dags/example_latest_only_with_trigger.py took 0.075 seconds
[2024-03-03T21:11:07.927+0000] {processor.py:161} INFO - Started process (PID=1017) to work on /home/airflow/.local/lib/python3.8/site-packages/airflow/example_dags/example_latest_only_with_trigger.py
[2024-03-03T21:11:07.929+0000] {processor.py:830} INFO - Processing file /home/airflow/.local/lib/python3.8/site-packages/airflow/example_dags/example_latest_only_with_trigger.py for tasks to queue
[2024-03-03T21:11:07.931+0000] {logging_mixin.py:188} INFO - [2024-03-03T21:11:07.931+0000] {dagbag.py:538} INFO - Filling up the DagBag from /home/airflow/.local/lib/python3.8/site-packages/airflow/example_dags/example_latest_only_with_trigger.py
[2024-03-03T21:11:07.937+0000] {processor.py:840} INFO - DAG(s) 'latest_only_with_trigger' retrieved from /home/airflow/.local/lib/python3.8/site-packages/airflow/example_dags/example_latest_only_with_trigger.py
[2024-03-03T21:11:07.960+0000] {logging_mixin.py:188} INFO - [2024-03-03T21:11:07.959+0000] {dag.py:3036} INFO - Sync 1 DAGs
[2024-03-03T21:11:07.982+0000] {logging_mixin.py:188} INFO - [2024-03-03T21:11:07.982+0000] {dag.py:3823} INFO - Setting next_dagrun for latest_only_with_trigger to 2024-03-03 16:00:00+00:00, run_after=2024-03-03 20:00:00+00:00
[2024-03-03T21:11:08.003+0000] {processor.py:183} INFO - Processing /home/airflow/.local/lib/python3.8/site-packages/airflow/example_dags/example_latest_only_with_trigger.py took 0.079 seconds
[2024-03-03T21:11:38.318+0000] {processor.py:161} INFO - Started process (PID=1072) to work on /home/airflow/.local/lib/python3.8/site-packages/airflow/example_dags/example_latest_only_with_trigger.py
[2024-03-03T21:11:38.319+0000] {processor.py:830} INFO - Processing file /home/airflow/.local/lib/python3.8/site-packages/airflow/example_dags/example_latest_only_with_trigger.py for tasks to queue
[2024-03-03T21:11:38.322+0000] {logging_mixin.py:188} INFO - [2024-03-03T21:11:38.321+0000] {dagbag.py:538} INFO - Filling up the DagBag from /home/airflow/.local/lib/python3.8/site-packages/airflow/example_dags/example_latest_only_with_trigger.py
[2024-03-03T21:11:38.328+0000] {processor.py:840} INFO - DAG(s) 'latest_only_with_trigger' retrieved from /home/airflow/.local/lib/python3.8/site-packages/airflow/example_dags/example_latest_only_with_trigger.py
[2024-03-03T21:11:38.354+0000] {logging_mixin.py:188} INFO - [2024-03-03T21:11:38.353+0000] {dag.py:3036} INFO - Sync 1 DAGs
[2024-03-03T21:11:38.379+0000] {logging_mixin.py:188} INFO - [2024-03-03T21:11:38.378+0000] {dag.py:3823} INFO - Setting next_dagrun for latest_only_with_trigger to 2024-03-03 16:00:00+00:00, run_after=2024-03-03 20:00:00+00:00
[2024-03-03T21:11:38.403+0000] {processor.py:183} INFO - Processing /home/airflow/.local/lib/python3.8/site-packages/airflow/example_dags/example_latest_only_with_trigger.py took 0.089 seconds
[2024-03-03T21:12:08.887+0000] {processor.py:161} INFO - Started process (PID=1127) to work on /home/airflow/.local/lib/python3.8/site-packages/airflow/example_dags/example_latest_only_with_trigger.py
[2024-03-03T21:12:08.888+0000] {processor.py:830} INFO - Processing file /home/airflow/.local/lib/python3.8/site-packages/airflow/example_dags/example_latest_only_with_trigger.py for tasks to queue
[2024-03-03T21:12:08.890+0000] {logging_mixin.py:188} INFO - [2024-03-03T21:12:08.889+0000] {dagbag.py:538} INFO - Filling up the DagBag from /home/airflow/.local/lib/python3.8/site-packages/airflow/example_dags/example_latest_only_with_trigger.py
[2024-03-03T21:12:08.896+0000] {processor.py:840} INFO - DAG(s) 'latest_only_with_trigger' retrieved from /home/airflow/.local/lib/python3.8/site-packages/airflow/example_dags/example_latest_only_with_trigger.py
[2024-03-03T21:12:08.920+0000] {logging_mixin.py:188} INFO - [2024-03-03T21:12:08.919+0000] {dag.py:3036} INFO - Sync 1 DAGs
[2024-03-03T21:12:08.945+0000] {logging_mixin.py:188} INFO - [2024-03-03T21:12:08.945+0000] {dag.py:3823} INFO - Setting next_dagrun for latest_only_with_trigger to 2024-03-03 16:00:00+00:00, run_after=2024-03-03 20:00:00+00:00
[2024-03-03T21:12:08.968+0000] {processor.py:183} INFO - Processing /home/airflow/.local/lib/python3.8/site-packages/airflow/example_dags/example_latest_only_with_trigger.py took 0.084 seconds
[2024-03-03T21:12:39.972+0000] {processor.py:161} INFO - Started process (PID=1182) to work on /home/airflow/.local/lib/python3.8/site-packages/airflow/example_dags/example_latest_only_with_trigger.py
[2024-03-03T21:12:39.974+0000] {processor.py:830} INFO - Processing file /home/airflow/.local/lib/python3.8/site-packages/airflow/example_dags/example_latest_only_with_trigger.py for tasks to queue
[2024-03-03T21:12:39.979+0000] {logging_mixin.py:188} INFO - [2024-03-03T21:12:39.978+0000] {dagbag.py:538} INFO - Filling up the DagBag from /home/airflow/.local/lib/python3.8/site-packages/airflow/example_dags/example_latest_only_with_trigger.py
[2024-03-03T21:12:39.993+0000] {processor.py:840} INFO - DAG(s) 'latest_only_with_trigger' retrieved from /home/airflow/.local/lib/python3.8/site-packages/airflow/example_dags/example_latest_only_with_trigger.py
[2024-03-03T21:12:40.052+0000] {logging_mixin.py:188} INFO - [2024-03-03T21:12:40.051+0000] {dag.py:3036} INFO - Sync 1 DAGs
[2024-03-03T21:12:40.099+0000] {logging_mixin.py:188} INFO - [2024-03-03T21:12:40.098+0000] {dag.py:3823} INFO - Setting next_dagrun for latest_only_with_trigger to 2024-03-03 16:00:00+00:00, run_after=2024-03-03 20:00:00+00:00
[2024-03-03T21:12:40.140+0000] {processor.py:183} INFO - Processing /home/airflow/.local/lib/python3.8/site-packages/airflow/example_dags/example_latest_only_with_trigger.py took 0.175 seconds
[2024-03-03T21:13:10.438+0000] {processor.py:161} INFO - Started process (PID=1237) to work on /home/airflow/.local/lib/python3.8/site-packages/airflow/example_dags/example_latest_only_with_trigger.py
[2024-03-03T21:13:10.440+0000] {processor.py:830} INFO - Processing file /home/airflow/.local/lib/python3.8/site-packages/airflow/example_dags/example_latest_only_with_trigger.py for tasks to queue
[2024-03-03T21:13:10.442+0000] {logging_mixin.py:188} INFO - [2024-03-03T21:13:10.442+0000] {dagbag.py:538} INFO - Filling up the DagBag from /home/airflow/.local/lib/python3.8/site-packages/airflow/example_dags/example_latest_only_with_trigger.py
[2024-03-03T21:13:10.451+0000] {processor.py:840} INFO - DAG(s) 'latest_only_with_trigger' retrieved from /home/airflow/.local/lib/python3.8/site-packages/airflow/example_dags/example_latest_only_with_trigger.py
[2024-03-03T21:13:10.487+0000] {logging_mixin.py:188} INFO - [2024-03-03T21:13:10.486+0000] {dag.py:3036} INFO - Sync 1 DAGs
[2024-03-03T21:13:10.522+0000] {logging_mixin.py:188} INFO - [2024-03-03T21:13:10.521+0000] {dag.py:3823} INFO - Setting next_dagrun for latest_only_with_trigger to 2024-03-03 16:00:00+00:00, run_after=2024-03-03 20:00:00+00:00
[2024-03-03T21:13:10.562+0000] {processor.py:183} INFO - Processing /home/airflow/.local/lib/python3.8/site-packages/airflow/example_dags/example_latest_only_with_trigger.py took 0.128 seconds
[2024-03-03T21:13:41.539+0000] {processor.py:161} INFO - Started process (PID=1292) to work on /home/airflow/.local/lib/python3.8/site-packages/airflow/example_dags/example_latest_only_with_trigger.py
[2024-03-03T21:13:41.541+0000] {processor.py:830} INFO - Processing file /home/airflow/.local/lib/python3.8/site-packages/airflow/example_dags/example_latest_only_with_trigger.py for tasks to queue
[2024-03-03T21:13:41.545+0000] {logging_mixin.py:188} INFO - [2024-03-03T21:13:41.544+0000] {dagbag.py:538} INFO - Filling up the DagBag from /home/airflow/.local/lib/python3.8/site-packages/airflow/example_dags/example_latest_only_with_trigger.py
[2024-03-03T21:13:41.555+0000] {processor.py:840} INFO - DAG(s) 'latest_only_with_trigger' retrieved from /home/airflow/.local/lib/python3.8/site-packages/airflow/example_dags/example_latest_only_with_trigger.py
[2024-03-03T21:13:41.594+0000] {logging_mixin.py:188} INFO - [2024-03-03T21:13:41.593+0000] {dag.py:3036} INFO - Sync 1 DAGs
[2024-03-03T21:13:41.637+0000] {logging_mixin.py:188} INFO - [2024-03-03T21:13:41.636+0000] {dag.py:3823} INFO - Setting next_dagrun for latest_only_with_trigger to 2024-03-03 16:00:00+00:00, run_after=2024-03-03 20:00:00+00:00
[2024-03-03T21:13:41.673+0000] {processor.py:183} INFO - Processing /home/airflow/.local/lib/python3.8/site-packages/airflow/example_dags/example_latest_only_with_trigger.py took 0.139 seconds
[2024-03-03T21:14:12.070+0000] {processor.py:161} INFO - Started process (PID=1347) to work on /home/airflow/.local/lib/python3.8/site-packages/airflow/example_dags/example_latest_only_with_trigger.py
[2024-03-03T21:14:12.071+0000] {processor.py:830} INFO - Processing file /home/airflow/.local/lib/python3.8/site-packages/airflow/example_dags/example_latest_only_with_trigger.py for tasks to queue
[2024-03-03T21:14:12.072+0000] {logging_mixin.py:188} INFO - [2024-03-03T21:14:12.072+0000] {dagbag.py:538} INFO - Filling up the DagBag from /home/airflow/.local/lib/python3.8/site-packages/airflow/example_dags/example_latest_only_with_trigger.py
[2024-03-03T21:14:12.078+0000] {processor.py:840} INFO - DAG(s) 'latest_only_with_trigger' retrieved from /home/airflow/.local/lib/python3.8/site-packages/airflow/example_dags/example_latest_only_with_trigger.py
[2024-03-03T21:14:12.100+0000] {logging_mixin.py:188} INFO - [2024-03-03T21:14:12.100+0000] {dag.py:3036} INFO - Sync 1 DAGs
[2024-03-03T21:14:12.125+0000] {logging_mixin.py:188} INFO - [2024-03-03T21:14:12.125+0000] {dag.py:3823} INFO - Setting next_dagrun for latest_only_with_trigger to 2024-03-03 16:00:00+00:00, run_after=2024-03-03 20:00:00+00:00
[2024-03-03T21:14:12.147+0000] {processor.py:183} INFO - Processing /home/airflow/.local/lib/python3.8/site-packages/airflow/example_dags/example_latest_only_with_trigger.py took 0.080 seconds
[2024-03-03T21:14:42.865+0000] {processor.py:161} INFO - Started process (PID=1402) to work on /home/airflow/.local/lib/python3.8/site-packages/airflow/example_dags/example_latest_only_with_trigger.py
[2024-03-03T21:14:42.867+0000] {processor.py:830} INFO - Processing file /home/airflow/.local/lib/python3.8/site-packages/airflow/example_dags/example_latest_only_with_trigger.py for tasks to queue
[2024-03-03T21:14:42.870+0000] {logging_mixin.py:188} INFO - [2024-03-03T21:14:42.870+0000] {dagbag.py:538} INFO - Filling up the DagBag from /home/airflow/.local/lib/python3.8/site-packages/airflow/example_dags/example_latest_only_with_trigger.py
[2024-03-03T21:14:42.877+0000] {processor.py:840} INFO - DAG(s) 'latest_only_with_trigger' retrieved from /home/airflow/.local/lib/python3.8/site-packages/airflow/example_dags/example_latest_only_with_trigger.py
[2024-03-03T21:14:42.912+0000] {logging_mixin.py:188} INFO - [2024-03-03T21:14:42.911+0000] {dag.py:3036} INFO - Sync 1 DAGs
[2024-03-03T21:14:42.954+0000] {logging_mixin.py:188} INFO - [2024-03-03T21:14:42.954+0000] {dag.py:3823} INFO - Setting next_dagrun for latest_only_with_trigger to 2024-03-03 16:00:00+00:00, run_after=2024-03-03 20:00:00+00:00
[2024-03-03T21:14:42.989+0000] {processor.py:183} INFO - Processing /home/airflow/.local/lib/python3.8/site-packages/airflow/example_dags/example_latest_only_with_trigger.py took 0.128 seconds
[2024-03-03T21:15:13.215+0000] {processor.py:161} INFO - Started process (PID=1457) to work on /home/airflow/.local/lib/python3.8/site-packages/airflow/example_dags/example_latest_only_with_trigger.py
[2024-03-03T21:15:13.217+0000] {processor.py:830} INFO - Processing file /home/airflow/.local/lib/python3.8/site-packages/airflow/example_dags/example_latest_only_with_trigger.py for tasks to queue
[2024-03-03T21:15:13.220+0000] {logging_mixin.py:188} INFO - [2024-03-03T21:15:13.219+0000] {dagbag.py:538} INFO - Filling up the DagBag from /home/airflow/.local/lib/python3.8/site-packages/airflow/example_dags/example_latest_only_with_trigger.py
[2024-03-03T21:15:13.230+0000] {processor.py:840} INFO - DAG(s) 'latest_only_with_trigger' retrieved from /home/airflow/.local/lib/python3.8/site-packages/airflow/example_dags/example_latest_only_with_trigger.py
[2024-03-03T21:15:13.264+0000] {logging_mixin.py:188} INFO - [2024-03-03T21:15:13.264+0000] {dag.py:3036} INFO - Sync 1 DAGs
[2024-03-03T21:15:13.299+0000] {logging_mixin.py:188} INFO - [2024-03-03T21:15:13.299+0000] {dag.py:3823} INFO - Setting next_dagrun for latest_only_with_trigger to 2024-03-03 16:00:00+00:00, run_after=2024-03-03 20:00:00+00:00
[2024-03-03T21:15:13.345+0000] {processor.py:183} INFO - Processing /home/airflow/.local/lib/python3.8/site-packages/airflow/example_dags/example_latest_only_with_trigger.py took 0.136 seconds
[2024-03-03T21:15:43.719+0000] {processor.py:161} INFO - Started process (PID=1512) to work on /home/airflow/.local/lib/python3.8/site-packages/airflow/example_dags/example_latest_only_with_trigger.py
[2024-03-03T21:15:43.720+0000] {processor.py:830} INFO - Processing file /home/airflow/.local/lib/python3.8/site-packages/airflow/example_dags/example_latest_only_with_trigger.py for tasks to queue
[2024-03-03T21:15:43.722+0000] {logging_mixin.py:188} INFO - [2024-03-03T21:15:43.722+0000] {dagbag.py:538} INFO - Filling up the DagBag from /home/airflow/.local/lib/python3.8/site-packages/airflow/example_dags/example_latest_only_with_trigger.py
[2024-03-03T21:15:43.729+0000] {processor.py:840} INFO - DAG(s) 'latest_only_with_trigger' retrieved from /home/airflow/.local/lib/python3.8/site-packages/airflow/example_dags/example_latest_only_with_trigger.py
[2024-03-03T21:15:43.756+0000] {logging_mixin.py:188} INFO - [2024-03-03T21:15:43.756+0000] {dag.py:3036} INFO - Sync 1 DAGs
[2024-03-03T21:15:43.788+0000] {logging_mixin.py:188} INFO - [2024-03-03T21:15:43.787+0000] {dag.py:3823} INFO - Setting next_dagrun for latest_only_with_trigger to 2024-03-03 16:00:00+00:00, run_after=2024-03-03 20:00:00+00:00
[2024-03-03T21:15:43.817+0000] {processor.py:183} INFO - Processing /home/airflow/.local/lib/python3.8/site-packages/airflow/example_dags/example_latest_only_with_trigger.py took 0.102 seconds
[2024-03-03T21:16:14.277+0000] {processor.py:161} INFO - Started process (PID=1567) to work on /home/airflow/.local/lib/python3.8/site-packages/airflow/example_dags/example_latest_only_with_trigger.py
[2024-03-03T21:16:14.279+0000] {processor.py:830} INFO - Processing file /home/airflow/.local/lib/python3.8/site-packages/airflow/example_dags/example_latest_only_with_trigger.py for tasks to queue
[2024-03-03T21:16:14.281+0000] {logging_mixin.py:188} INFO - [2024-03-03T21:16:14.281+0000] {dagbag.py:538} INFO - Filling up the DagBag from /home/airflow/.local/lib/python3.8/site-packages/airflow/example_dags/example_latest_only_with_trigger.py
[2024-03-03T21:16:14.288+0000] {processor.py:840} INFO - DAG(s) 'latest_only_with_trigger' retrieved from /home/airflow/.local/lib/python3.8/site-packages/airflow/example_dags/example_latest_only_with_trigger.py
[2024-03-03T21:16:14.316+0000] {logging_mixin.py:188} INFO - [2024-03-03T21:16:14.316+0000] {dag.py:3036} INFO - Sync 1 DAGs
[2024-03-03T21:16:14.349+0000] {logging_mixin.py:188} INFO - [2024-03-03T21:16:14.348+0000] {dag.py:3823} INFO - Setting next_dagrun for latest_only_with_trigger to 2024-03-03 16:00:00+00:00, run_after=2024-03-03 20:00:00+00:00
[2024-03-03T21:16:14.374+0000] {processor.py:183} INFO - Processing /home/airflow/.local/lib/python3.8/site-packages/airflow/example_dags/example_latest_only_with_trigger.py took 0.100 seconds
[2024-03-03T21:16:44.445+0000] {processor.py:161} INFO - Started process (PID=1621) to work on /home/airflow/.local/lib/python3.8/site-packages/airflow/example_dags/example_latest_only_with_trigger.py
[2024-03-03T21:16:44.447+0000] {processor.py:830} INFO - Processing file /home/airflow/.local/lib/python3.8/site-packages/airflow/example_dags/example_latest_only_with_trigger.py for tasks to queue
[2024-03-03T21:16:44.449+0000] {logging_mixin.py:188} INFO - [2024-03-03T21:16:44.449+0000] {dagbag.py:538} INFO - Filling up the DagBag from /home/airflow/.local/lib/python3.8/site-packages/airflow/example_dags/example_latest_only_with_trigger.py
[2024-03-03T21:16:44.455+0000] {processor.py:840} INFO - DAG(s) 'latest_only_with_trigger' retrieved from /home/airflow/.local/lib/python3.8/site-packages/airflow/example_dags/example_latest_only_with_trigger.py
[2024-03-03T21:16:44.477+0000] {logging_mixin.py:188} INFO - [2024-03-03T21:16:44.477+0000] {dag.py:3036} INFO - Sync 1 DAGs
[2024-03-03T21:16:44.499+0000] {logging_mixin.py:188} INFO - [2024-03-03T21:16:44.498+0000] {dag.py:3823} INFO - Setting next_dagrun for latest_only_with_trigger to 2024-03-03 16:00:00+00:00, run_after=2024-03-03 20:00:00+00:00
[2024-03-03T21:16:44.514+0000] {processor.py:183} INFO - Processing /home/airflow/.local/lib/python3.8/site-packages/airflow/example_dags/example_latest_only_with_trigger.py took 0.072 seconds
[2024-03-03T21:17:14.635+0000] {processor.py:161} INFO - Started process (PID=1676) to work on /home/airflow/.local/lib/python3.8/site-packages/airflow/example_dags/example_latest_only_with_trigger.py
[2024-03-03T21:17:14.636+0000] {processor.py:830} INFO - Processing file /home/airflow/.local/lib/python3.8/site-packages/airflow/example_dags/example_latest_only_with_trigger.py for tasks to queue
[2024-03-03T21:17:14.638+0000] {logging_mixin.py:188} INFO - [2024-03-03T21:17:14.638+0000] {dagbag.py:538} INFO - Filling up the DagBag from /home/airflow/.local/lib/python3.8/site-packages/airflow/example_dags/example_latest_only_with_trigger.py
[2024-03-03T21:17:14.644+0000] {processor.py:840} INFO - DAG(s) 'latest_only_with_trigger' retrieved from /home/airflow/.local/lib/python3.8/site-packages/airflow/example_dags/example_latest_only_with_trigger.py
[2024-03-03T21:17:14.666+0000] {logging_mixin.py:188} INFO - [2024-03-03T21:17:14.666+0000] {dag.py:3036} INFO - Sync 1 DAGs
[2024-03-03T21:17:14.691+0000] {logging_mixin.py:188} INFO - [2024-03-03T21:17:14.691+0000] {dag.py:3823} INFO - Setting next_dagrun for latest_only_with_trigger to 2024-03-03 16:00:00+00:00, run_after=2024-03-03 20:00:00+00:00
[2024-03-03T21:17:14.712+0000] {processor.py:183} INFO - Processing /home/airflow/.local/lib/python3.8/site-packages/airflow/example_dags/example_latest_only_with_trigger.py took 0.081 seconds
[2024-03-03T21:17:45.016+0000] {processor.py:161} INFO - Started process (PID=1731) to work on /home/airflow/.local/lib/python3.8/site-packages/airflow/example_dags/example_latest_only_with_trigger.py
[2024-03-03T21:17:45.017+0000] {processor.py:830} INFO - Processing file /home/airflow/.local/lib/python3.8/site-packages/airflow/example_dags/example_latest_only_with_trigger.py for tasks to queue
[2024-03-03T21:17:45.019+0000] {logging_mixin.py:188} INFO - [2024-03-03T21:17:45.018+0000] {dagbag.py:538} INFO - Filling up the DagBag from /home/airflow/.local/lib/python3.8/site-packages/airflow/example_dags/example_latest_only_with_trigger.py
[2024-03-03T21:17:45.024+0000] {processor.py:840} INFO - DAG(s) 'latest_only_with_trigger' retrieved from /home/airflow/.local/lib/python3.8/site-packages/airflow/example_dags/example_latest_only_with_trigger.py
[2024-03-03T21:17:45.047+0000] {logging_mixin.py:188} INFO - [2024-03-03T21:17:45.047+0000] {dag.py:3036} INFO - Sync 1 DAGs
[2024-03-03T21:17:45.071+0000] {logging_mixin.py:188} INFO - [2024-03-03T21:17:45.071+0000] {dag.py:3823} INFO - Setting next_dagrun for latest_only_with_trigger to 2024-03-03 16:00:00+00:00, run_after=2024-03-03 20:00:00+00:00
[2024-03-03T21:17:45.091+0000] {processor.py:183} INFO - Processing /home/airflow/.local/lib/python3.8/site-packages/airflow/example_dags/example_latest_only_with_trigger.py took 0.078 seconds
[2024-03-03T21:18:15.477+0000] {processor.py:161} INFO - Started process (PID=1786) to work on /home/airflow/.local/lib/python3.8/site-packages/airflow/example_dags/example_latest_only_with_trigger.py
[2024-03-03T21:18:15.480+0000] {processor.py:830} INFO - Processing file /home/airflow/.local/lib/python3.8/site-packages/airflow/example_dags/example_latest_only_with_trigger.py for tasks to queue
[2024-03-03T21:18:15.484+0000] {logging_mixin.py:188} INFO - [2024-03-03T21:18:15.483+0000] {dagbag.py:538} INFO - Filling up the DagBag from /home/airflow/.local/lib/python3.8/site-packages/airflow/example_dags/example_latest_only_with_trigger.py
[2024-03-03T21:18:15.493+0000] {processor.py:840} INFO - DAG(s) 'latest_only_with_trigger' retrieved from /home/airflow/.local/lib/python3.8/site-packages/airflow/example_dags/example_latest_only_with_trigger.py
[2024-03-03T21:18:15.529+0000] {logging_mixin.py:188} INFO - [2024-03-03T21:18:15.528+0000] {dag.py:3036} INFO - Sync 1 DAGs
[2024-03-03T21:18:15.581+0000] {logging_mixin.py:188} INFO - [2024-03-03T21:18:15.581+0000] {dag.py:3823} INFO - Setting next_dagrun for latest_only_with_trigger to 2024-03-03 16:00:00+00:00, run_after=2024-03-03 20:00:00+00:00
[2024-03-03T21:18:15.627+0000] {processor.py:183} INFO - Processing /home/airflow/.local/lib/python3.8/site-packages/airflow/example_dags/example_latest_only_with_trigger.py took 0.154 seconds
[2024-03-03T21:18:46.325+0000] {processor.py:161} INFO - Started process (PID=1842) to work on /home/airflow/.local/lib/python3.8/site-packages/airflow/example_dags/example_latest_only_with_trigger.py
[2024-03-03T21:18:46.327+0000] {processor.py:830} INFO - Processing file /home/airflow/.local/lib/python3.8/site-packages/airflow/example_dags/example_latest_only_with_trigger.py for tasks to queue
[2024-03-03T21:18:46.331+0000] {logging_mixin.py:188} INFO - [2024-03-03T21:18:46.330+0000] {dagbag.py:538} INFO - Filling up the DagBag from /home/airflow/.local/lib/python3.8/site-packages/airflow/example_dags/example_latest_only_with_trigger.py
[2024-03-03T21:18:46.339+0000] {processor.py:840} INFO - DAG(s) 'latest_only_with_trigger' retrieved from /home/airflow/.local/lib/python3.8/site-packages/airflow/example_dags/example_latest_only_with_trigger.py
[2024-03-03T21:18:46.372+0000] {logging_mixin.py:188} INFO - [2024-03-03T21:18:46.372+0000] {dag.py:3036} INFO - Sync 1 DAGs
[2024-03-03T21:18:46.420+0000] {logging_mixin.py:188} INFO - [2024-03-03T21:18:46.420+0000] {dag.py:3823} INFO - Setting next_dagrun for latest_only_with_trigger to 2024-03-03 16:00:00+00:00, run_after=2024-03-03 20:00:00+00:00
[2024-03-03T21:18:46.457+0000] {processor.py:183} INFO - Processing /home/airflow/.local/lib/python3.8/site-packages/airflow/example_dags/example_latest_only_with_trigger.py took 0.137 seconds
[2024-03-03T21:19:17.362+0000] {processor.py:161} INFO - Started process (PID=1897) to work on /home/airflow/.local/lib/python3.8/site-packages/airflow/example_dags/example_latest_only_with_trigger.py
[2024-03-03T21:19:17.364+0000] {processor.py:830} INFO - Processing file /home/airflow/.local/lib/python3.8/site-packages/airflow/example_dags/example_latest_only_with_trigger.py for tasks to queue
[2024-03-03T21:19:17.365+0000] {logging_mixin.py:188} INFO - [2024-03-03T21:19:17.365+0000] {dagbag.py:538} INFO - Filling up the DagBag from /home/airflow/.local/lib/python3.8/site-packages/airflow/example_dags/example_latest_only_with_trigger.py
[2024-03-03T21:19:17.372+0000] {processor.py:840} INFO - DAG(s) 'latest_only_with_trigger' retrieved from /home/airflow/.local/lib/python3.8/site-packages/airflow/example_dags/example_latest_only_with_trigger.py
[2024-03-03T21:19:17.399+0000] {logging_mixin.py:188} INFO - [2024-03-03T21:19:17.399+0000] {dag.py:3036} INFO - Sync 1 DAGs
[2024-03-03T21:19:17.426+0000] {logging_mixin.py:188} INFO - [2024-03-03T21:19:17.426+0000] {dag.py:3823} INFO - Setting next_dagrun for latest_only_with_trigger to 2024-03-03 16:00:00+00:00, run_after=2024-03-03 20:00:00+00:00
[2024-03-03T21:19:17.454+0000] {processor.py:183} INFO - Processing /home/airflow/.local/lib/python3.8/site-packages/airflow/example_dags/example_latest_only_with_trigger.py took 0.096 seconds
[2024-03-03T21:19:47.585+0000] {processor.py:161} INFO - Started process (PID=1951) to work on /home/airflow/.local/lib/python3.8/site-packages/airflow/example_dags/example_latest_only_with_trigger.py
[2024-03-03T21:19:47.587+0000] {processor.py:830} INFO - Processing file /home/airflow/.local/lib/python3.8/site-packages/airflow/example_dags/example_latest_only_with_trigger.py for tasks to queue
[2024-03-03T21:19:47.593+0000] {logging_mixin.py:188} INFO - [2024-03-03T21:19:47.592+0000] {dagbag.py:538} INFO - Filling up the DagBag from /home/airflow/.local/lib/python3.8/site-packages/airflow/example_dags/example_latest_only_with_trigger.py
[2024-03-03T21:19:47.610+0000] {processor.py:840} INFO - DAG(s) 'latest_only_with_trigger' retrieved from /home/airflow/.local/lib/python3.8/site-packages/airflow/example_dags/example_latest_only_with_trigger.py
[2024-03-03T21:19:47.676+0000] {logging_mixin.py:188} INFO - [2024-03-03T21:19:47.675+0000] {dag.py:3036} INFO - Sync 1 DAGs
[2024-03-03T21:19:47.760+0000] {logging_mixin.py:188} INFO - [2024-03-03T21:19:47.760+0000] {dag.py:3823} INFO - Setting next_dagrun for latest_only_with_trigger to 2024-03-03 16:00:00+00:00, run_after=2024-03-03 20:00:00+00:00
[2024-03-03T21:19:47.804+0000] {processor.py:183} INFO - Processing /home/airflow/.local/lib/python3.8/site-packages/airflow/example_dags/example_latest_only_with_trigger.py took 0.224 seconds
[2024-03-03T21:20:18.256+0000] {processor.py:161} INFO - Started process (PID=2007) to work on /home/airflow/.local/lib/python3.8/site-packages/airflow/example_dags/example_latest_only_with_trigger.py
[2024-03-03T21:20:18.258+0000] {processor.py:830} INFO - Processing file /home/airflow/.local/lib/python3.8/site-packages/airflow/example_dags/example_latest_only_with_trigger.py for tasks to queue
[2024-03-03T21:20:18.261+0000] {logging_mixin.py:188} INFO - [2024-03-03T21:20:18.260+0000] {dagbag.py:538} INFO - Filling up the DagBag from /home/airflow/.local/lib/python3.8/site-packages/airflow/example_dags/example_latest_only_with_trigger.py
[2024-03-03T21:20:18.269+0000] {processor.py:840} INFO - DAG(s) 'latest_only_with_trigger' retrieved from /home/airflow/.local/lib/python3.8/site-packages/airflow/example_dags/example_latest_only_with_trigger.py
[2024-03-03T21:20:18.312+0000] {logging_mixin.py:188} INFO - [2024-03-03T21:20:18.312+0000] {dag.py:3036} INFO - Sync 1 DAGs
[2024-03-03T21:20:18.364+0000] {logging_mixin.py:188} INFO - [2024-03-03T21:20:18.363+0000] {dag.py:3823} INFO - Setting next_dagrun for latest_only_with_trigger to 2024-03-03 16:00:00+00:00, run_after=2024-03-03 20:00:00+00:00
[2024-03-03T21:20:18.407+0000] {processor.py:183} INFO - Processing /home/airflow/.local/lib/python3.8/site-packages/airflow/example_dags/example_latest_only_with_trigger.py took 0.157 seconds
[2024-03-03T21:20:48.660+0000] {processor.py:161} INFO - Started process (PID=2062) to work on /home/airflow/.local/lib/python3.8/site-packages/airflow/example_dags/example_latest_only_with_trigger.py
[2024-03-03T21:20:48.661+0000] {processor.py:830} INFO - Processing file /home/airflow/.local/lib/python3.8/site-packages/airflow/example_dags/example_latest_only_with_trigger.py for tasks to queue
[2024-03-03T21:20:48.662+0000] {logging_mixin.py:188} INFO - [2024-03-03T21:20:48.662+0000] {dagbag.py:538} INFO - Filling up the DagBag from /home/airflow/.local/lib/python3.8/site-packages/airflow/example_dags/example_latest_only_with_trigger.py
[2024-03-03T21:20:48.667+0000] {processor.py:840} INFO - DAG(s) 'latest_only_with_trigger' retrieved from /home/airflow/.local/lib/python3.8/site-packages/airflow/example_dags/example_latest_only_with_trigger.py
[2024-03-03T21:20:48.686+0000] {logging_mixin.py:188} INFO - [2024-03-03T21:20:48.685+0000] {dag.py:3036} INFO - Sync 1 DAGs
[2024-03-03T21:20:48.705+0000] {logging_mixin.py:188} INFO - [2024-03-03T21:20:48.705+0000] {dag.py:3823} INFO - Setting next_dagrun for latest_only_with_trigger to 2024-03-03 16:00:00+00:00, run_after=2024-03-03 20:00:00+00:00
[2024-03-03T21:20:48.730+0000] {processor.py:183} INFO - Processing /home/airflow/.local/lib/python3.8/site-packages/airflow/example_dags/example_latest_only_with_trigger.py took 0.072 seconds
[2024-03-03T21:21:19.321+0000] {processor.py:161} INFO - Started process (PID=2117) to work on /home/airflow/.local/lib/python3.8/site-packages/airflow/example_dags/example_latest_only_with_trigger.py
[2024-03-03T21:21:19.322+0000] {processor.py:830} INFO - Processing file /home/airflow/.local/lib/python3.8/site-packages/airflow/example_dags/example_latest_only_with_trigger.py for tasks to queue
[2024-03-03T21:21:19.324+0000] {logging_mixin.py:188} INFO - [2024-03-03T21:21:19.323+0000] {dagbag.py:538} INFO - Filling up the DagBag from /home/airflow/.local/lib/python3.8/site-packages/airflow/example_dags/example_latest_only_with_trigger.py
[2024-03-03T21:21:19.328+0000] {processor.py:840} INFO - DAG(s) 'latest_only_with_trigger' retrieved from /home/airflow/.local/lib/python3.8/site-packages/airflow/example_dags/example_latest_only_with_trigger.py
[2024-03-03T21:21:19.347+0000] {logging_mixin.py:188} INFO - [2024-03-03T21:21:19.347+0000] {dag.py:3036} INFO - Sync 1 DAGs
[2024-03-03T21:21:19.367+0000] {logging_mixin.py:188} INFO - [2024-03-03T21:21:19.367+0000] {dag.py:3823} INFO - Setting next_dagrun for latest_only_with_trigger to 2024-03-03 16:00:00+00:00, run_after=2024-03-03 20:00:00+00:00
[2024-03-03T21:21:19.389+0000] {processor.py:183} INFO - Processing /home/airflow/.local/lib/python3.8/site-packages/airflow/example_dags/example_latest_only_with_trigger.py took 0.070 seconds
[2024-03-03T21:21:50.129+0000] {processor.py:161} INFO - Started process (PID=2172) to work on /home/airflow/.local/lib/python3.8/site-packages/airflow/example_dags/example_latest_only_with_trigger.py
[2024-03-03T21:21:50.130+0000] {processor.py:830} INFO - Processing file /home/airflow/.local/lib/python3.8/site-packages/airflow/example_dags/example_latest_only_with_trigger.py for tasks to queue
[2024-03-03T21:21:50.133+0000] {logging_mixin.py:188} INFO - [2024-03-03T21:21:50.133+0000] {dagbag.py:538} INFO - Filling up the DagBag from /home/airflow/.local/lib/python3.8/site-packages/airflow/example_dags/example_latest_only_with_trigger.py
[2024-03-03T21:21:50.140+0000] {processor.py:840} INFO - DAG(s) 'latest_only_with_trigger' retrieved from /home/airflow/.local/lib/python3.8/site-packages/airflow/example_dags/example_latest_only_with_trigger.py
[2024-03-03T21:21:50.170+0000] {logging_mixin.py:188} INFO - [2024-03-03T21:21:50.169+0000] {dag.py:3036} INFO - Sync 1 DAGs
[2024-03-03T21:21:50.205+0000] {logging_mixin.py:188} INFO - [2024-03-03T21:21:50.205+0000] {dag.py:3823} INFO - Setting next_dagrun for latest_only_with_trigger to 2024-03-03 16:00:00+00:00, run_after=2024-03-03 20:00:00+00:00
[2024-03-03T21:21:50.244+0000] {processor.py:183} INFO - Processing /home/airflow/.local/lib/python3.8/site-packages/airflow/example_dags/example_latest_only_with_trigger.py took 0.118 seconds
[2024-03-03T21:22:20.503+0000] {processor.py:161} INFO - Started process (PID=2227) to work on /home/airflow/.local/lib/python3.8/site-packages/airflow/example_dags/example_latest_only_with_trigger.py
[2024-03-03T21:22:20.504+0000] {processor.py:830} INFO - Processing file /home/airflow/.local/lib/python3.8/site-packages/airflow/example_dags/example_latest_only_with_trigger.py for tasks to queue
[2024-03-03T21:22:20.506+0000] {logging_mixin.py:188} INFO - [2024-03-03T21:22:20.505+0000] {dagbag.py:538} INFO - Filling up the DagBag from /home/airflow/.local/lib/python3.8/site-packages/airflow/example_dags/example_latest_only_with_trigger.py
[2024-03-03T21:22:20.511+0000] {processor.py:840} INFO - DAG(s) 'latest_only_with_trigger' retrieved from /home/airflow/.local/lib/python3.8/site-packages/airflow/example_dags/example_latest_only_with_trigger.py
[2024-03-03T21:22:20.533+0000] {logging_mixin.py:188} INFO - [2024-03-03T21:22:20.533+0000] {dag.py:3036} INFO - Sync 1 DAGs
[2024-03-03T21:22:20.556+0000] {logging_mixin.py:188} INFO - [2024-03-03T21:22:20.556+0000] {dag.py:3823} INFO - Setting next_dagrun for latest_only_with_trigger to 2024-03-03 16:00:00+00:00, run_after=2024-03-03 20:00:00+00:00
[2024-03-03T21:22:20.578+0000] {processor.py:183} INFO - Processing /home/airflow/.local/lib/python3.8/site-packages/airflow/example_dags/example_latest_only_with_trigger.py took 0.078 seconds
