[2024-03-03T20:00:48.591+0000] {processor.py:161} INFO - Started process (PID=109) to work on /home/airflow/.local/lib/python3.8/site-packages/airflow/example_dags/example_bash_operator.py
[2024-03-03T20:00:48.593+0000] {processor.py:830} INFO - Processing file /home/airflow/.local/lib/python3.8/site-packages/airflow/example_dags/example_bash_operator.py for tasks to queue
[2024-03-03T20:00:48.596+0000] {logging_mixin.py:188} INFO - [2024-03-03T20:00:48.595+0000] {dagbag.py:538} INFO - Filling up the DagBag from /home/airflow/.local/lib/python3.8/site-packages/airflow/example_dags/example_bash_operator.py
[2024-03-03T20:00:48.620+0000] {processor.py:840} INFO - DAG(s) 'example_bash_operator' retrieved from /home/airflow/.local/lib/python3.8/site-packages/airflow/example_dags/example_bash_operator.py
[2024-03-03T20:00:48.853+0000] {logging_mixin.py:188} INFO - [2024-03-03T20:00:48.851+0000] {override.py:1769} INFO - Created Permission View: can delete on DAG:example_bash_operator
[2024-03-03T20:00:48.881+0000] {logging_mixin.py:188} INFO - [2024-03-03T20:00:48.880+0000] {override.py:1769} INFO - Created Permission View: can edit on DAG:example_bash_operator
[2024-03-03T20:00:48.903+0000] {logging_mixin.py:188} INFO - [2024-03-03T20:00:48.902+0000] {override.py:1769} INFO - Created Permission View: can read on DAG:example_bash_operator
[2024-03-03T20:00:48.904+0000] {logging_mixin.py:188} INFO - [2024-03-03T20:00:48.904+0000] {dag.py:3036} INFO - Sync 1 DAGs
[2024-03-03T20:00:48.938+0000] {logging_mixin.py:188} INFO - [2024-03-03T20:00:48.938+0000] {dag.py:3058} INFO - Creating ORM DAG for example_bash_operator
[2024-03-03T20:00:48.968+0000] {logging_mixin.py:188} INFO - [2024-03-03T20:00:48.967+0000] {dag.py:3823} INFO - Setting next_dagrun for example_bash_operator to 2024-03-02 00:00:00+00:00, run_after=2024-03-03 00:00:00+00:00
[2024-03-03T20:00:49.033+0000] {processor.py:183} INFO - Processing /home/airflow/.local/lib/python3.8/site-packages/airflow/example_dags/example_bash_operator.py took 0.451 seconds
[2024-03-03T20:05:11.145+0000] {processor.py:161} INFO - Started process (PID=180) to work on /home/airflow/.local/lib/python3.8/site-packages/airflow/example_dags/example_bash_operator.py
[2024-03-03T20:05:11.147+0000] {processor.py:830} INFO - Processing file /home/airflow/.local/lib/python3.8/site-packages/airflow/example_dags/example_bash_operator.py for tasks to queue
[2024-03-03T20:05:11.150+0000] {logging_mixin.py:188} INFO - [2024-03-03T20:05:11.149+0000] {dagbag.py:538} INFO - Filling up the DagBag from /home/airflow/.local/lib/python3.8/site-packages/airflow/example_dags/example_bash_operator.py
[2024-03-03T20:05:11.172+0000] {processor.py:840} INFO - DAG(s) 'example_bash_operator' retrieved from /home/airflow/.local/lib/python3.8/site-packages/airflow/example_dags/example_bash_operator.py
[2024-03-03T20:05:11.242+0000] {logging_mixin.py:188} INFO - [2024-03-03T20:05:11.242+0000] {dag.py:3036} INFO - Sync 1 DAGs
[2024-03-03T20:05:11.285+0000] {logging_mixin.py:188} INFO - [2024-03-03T20:05:11.285+0000] {dag.py:3823} INFO - Setting next_dagrun for example_bash_operator to 2024-03-02 00:00:00+00:00, run_after=2024-03-03 00:00:00+00:00
[2024-03-03T20:05:11.331+0000] {processor.py:183} INFO - Processing /home/airflow/.local/lib/python3.8/site-packages/airflow/example_dags/example_bash_operator.py took 0.194 seconds
[2024-03-03T20:08:16.598+0000] {processor.py:161} INFO - Started process (PID=255) to work on /home/airflow/.local/lib/python3.8/site-packages/airflow/example_dags/example_bash_operator.py
[2024-03-03T20:08:16.601+0000] {processor.py:830} INFO - Processing file /home/airflow/.local/lib/python3.8/site-packages/airflow/example_dags/example_bash_operator.py for tasks to queue
[2024-03-03T20:08:16.605+0000] {logging_mixin.py:188} INFO - [2024-03-03T20:08:16.604+0000] {dagbag.py:538} INFO - Filling up the DagBag from /home/airflow/.local/lib/python3.8/site-packages/airflow/example_dags/example_bash_operator.py
[2024-03-03T20:08:16.647+0000] {processor.py:840} INFO - DAG(s) 'example_bash_operator' retrieved from /home/airflow/.local/lib/python3.8/site-packages/airflow/example_dags/example_bash_operator.py
[2024-03-03T20:08:16.756+0000] {logging_mixin.py:188} INFO - [2024-03-03T20:08:16.755+0000] {dag.py:3036} INFO - Sync 1 DAGs
[2024-03-03T20:08:16.873+0000] {logging_mixin.py:188} INFO - [2024-03-03T20:08:16.870+0000] {dag.py:3823} INFO - Setting next_dagrun for example_bash_operator to 2024-03-02 00:00:00+00:00, run_after=2024-03-03 00:00:00+00:00
[2024-03-03T20:08:16.946+0000] {processor.py:183} INFO - Processing /home/airflow/.local/lib/python3.8/site-packages/airflow/example_dags/example_bash_operator.py took 0.357 seconds
[2024-03-03T20:11:33.652+0000] {processor.py:161} INFO - Started process (PID=326) to work on /home/airflow/.local/lib/python3.8/site-packages/airflow/example_dags/example_bash_operator.py
[2024-03-03T20:11:33.654+0000] {processor.py:830} INFO - Processing file /home/airflow/.local/lib/python3.8/site-packages/airflow/example_dags/example_bash_operator.py for tasks to queue
[2024-03-03T20:11:33.657+0000] {logging_mixin.py:188} INFO - [2024-03-03T20:11:33.656+0000] {dagbag.py:538} INFO - Filling up the DagBag from /home/airflow/.local/lib/python3.8/site-packages/airflow/example_dags/example_bash_operator.py
[2024-03-03T20:11:33.684+0000] {processor.py:840} INFO - DAG(s) 'example_bash_operator' retrieved from /home/airflow/.local/lib/python3.8/site-packages/airflow/example_dags/example_bash_operator.py
[2024-03-03T20:11:33.769+0000] {logging_mixin.py:188} INFO - [2024-03-03T20:11:33.768+0000] {dag.py:3036} INFO - Sync 1 DAGs
[2024-03-03T20:11:33.821+0000] {logging_mixin.py:188} INFO - [2024-03-03T20:11:33.821+0000] {dag.py:3823} INFO - Setting next_dagrun for example_bash_operator to 2024-03-02 00:00:00+00:00, run_after=2024-03-03 00:00:00+00:00
[2024-03-03T20:11:33.875+0000] {processor.py:183} INFO - Processing /home/airflow/.local/lib/python3.8/site-packages/airflow/example_dags/example_bash_operator.py took 0.231 seconds
[2024-03-03T20:13:56.585+0000] {processor.py:161} INFO - Started process (PID=414) to work on /home/airflow/.local/lib/python3.8/site-packages/airflow/example_dags/example_bash_operator.py
[2024-03-03T20:13:56.587+0000] {processor.py:830} INFO - Processing file /home/airflow/.local/lib/python3.8/site-packages/airflow/example_dags/example_bash_operator.py for tasks to queue
[2024-03-03T20:13:56.590+0000] {logging_mixin.py:188} INFO - [2024-03-03T20:13:56.590+0000] {dagbag.py:538} INFO - Filling up the DagBag from /home/airflow/.local/lib/python3.8/site-packages/airflow/example_dags/example_bash_operator.py
[2024-03-03T20:13:56.627+0000] {processor.py:840} INFO - DAG(s) 'example_bash_operator' retrieved from /home/airflow/.local/lib/python3.8/site-packages/airflow/example_dags/example_bash_operator.py
[2024-03-03T20:13:56.707+0000] {logging_mixin.py:188} INFO - [2024-03-03T20:13:56.706+0000] {dag.py:3036} INFO - Sync 1 DAGs
[2024-03-03T20:13:56.768+0000] {logging_mixin.py:188} INFO - [2024-03-03T20:13:56.767+0000] {dag.py:3823} INFO - Setting next_dagrun for example_bash_operator to 2024-03-02 00:00:00+00:00, run_after=2024-03-03 00:00:00+00:00
[2024-03-03T20:13:56.821+0000] {processor.py:183} INFO - Processing /home/airflow/.local/lib/python3.8/site-packages/airflow/example_dags/example_bash_operator.py took 0.243 seconds
[2024-03-03T20:14:27.678+0000] {processor.py:161} INFO - Started process (PID=468) to work on /home/airflow/.local/lib/python3.8/site-packages/airflow/example_dags/example_bash_operator.py
[2024-03-03T20:14:27.680+0000] {processor.py:830} INFO - Processing file /home/airflow/.local/lib/python3.8/site-packages/airflow/example_dags/example_bash_operator.py for tasks to queue
[2024-03-03T20:14:27.683+0000] {logging_mixin.py:188} INFO - [2024-03-03T20:14:27.683+0000] {dagbag.py:538} INFO - Filling up the DagBag from /home/airflow/.local/lib/python3.8/site-packages/airflow/example_dags/example_bash_operator.py
[2024-03-03T20:14:27.710+0000] {processor.py:840} INFO - DAG(s) 'example_bash_operator' retrieved from /home/airflow/.local/lib/python3.8/site-packages/airflow/example_dags/example_bash_operator.py
[2024-03-03T20:14:27.781+0000] {logging_mixin.py:188} INFO - [2024-03-03T20:14:27.780+0000] {dag.py:3036} INFO - Sync 1 DAGs
[2024-03-03T20:14:27.837+0000] {logging_mixin.py:188} INFO - [2024-03-03T20:14:27.837+0000] {dag.py:3823} INFO - Setting next_dagrun for example_bash_operator to 2024-03-02 00:00:00+00:00, run_after=2024-03-03 00:00:00+00:00
[2024-03-03T20:14:27.885+0000] {processor.py:183} INFO - Processing /home/airflow/.local/lib/python3.8/site-packages/airflow/example_dags/example_bash_operator.py took 0.213 seconds
[2024-03-03T20:15:02.364+0000] {processor.py:161} INFO - Started process (PID=524) to work on /home/airflow/.local/lib/python3.8/site-packages/airflow/example_dags/example_bash_operator.py
[2024-03-03T20:15:02.367+0000] {processor.py:830} INFO - Processing file /home/airflow/.local/lib/python3.8/site-packages/airflow/example_dags/example_bash_operator.py for tasks to queue
[2024-03-03T20:15:02.370+0000] {logging_mixin.py:188} INFO - [2024-03-03T20:15:02.369+0000] {dagbag.py:538} INFO - Filling up the DagBag from /home/airflow/.local/lib/python3.8/site-packages/airflow/example_dags/example_bash_operator.py
[2024-03-03T20:15:02.396+0000] {processor.py:840} INFO - DAG(s) 'example_bash_operator' retrieved from /home/airflow/.local/lib/python3.8/site-packages/airflow/example_dags/example_bash_operator.py
[2024-03-03T20:15:02.478+0000] {logging_mixin.py:188} INFO - [2024-03-03T20:15:02.477+0000] {dag.py:3036} INFO - Sync 1 DAGs
[2024-03-03T20:15:02.529+0000] {logging_mixin.py:188} INFO - [2024-03-03T20:15:02.528+0000] {dag.py:3823} INFO - Setting next_dagrun for example_bash_operator to 2024-03-02 00:00:00+00:00, run_after=2024-03-03 00:00:00+00:00
[2024-03-03T20:15:02.573+0000] {processor.py:183} INFO - Processing /home/airflow/.local/lib/python3.8/site-packages/airflow/example_dags/example_bash_operator.py took 0.216 seconds
[2024-03-03T20:15:34.118+0000] {processor.py:161} INFO - Started process (PID=579) to work on /home/airflow/.local/lib/python3.8/site-packages/airflow/example_dags/example_bash_operator.py
[2024-03-03T20:15:34.120+0000] {processor.py:830} INFO - Processing file /home/airflow/.local/lib/python3.8/site-packages/airflow/example_dags/example_bash_operator.py for tasks to queue
[2024-03-03T20:15:34.123+0000] {logging_mixin.py:188} INFO - [2024-03-03T20:15:34.122+0000] {dagbag.py:538} INFO - Filling up the DagBag from /home/airflow/.local/lib/python3.8/site-packages/airflow/example_dags/example_bash_operator.py
[2024-03-03T20:15:34.166+0000] {processor.py:840} INFO - DAG(s) 'example_bash_operator' retrieved from /home/airflow/.local/lib/python3.8/site-packages/airflow/example_dags/example_bash_operator.py
[2024-03-03T20:15:34.249+0000] {logging_mixin.py:188} INFO - [2024-03-03T20:15:34.249+0000] {dag.py:3036} INFO - Sync 1 DAGs
[2024-03-03T20:15:34.313+0000] {logging_mixin.py:188} INFO - [2024-03-03T20:15:34.312+0000] {dag.py:3823} INFO - Setting next_dagrun for example_bash_operator to 2024-03-02 00:00:00+00:00, run_after=2024-03-03 00:00:00+00:00
[2024-03-03T20:15:34.372+0000] {processor.py:183} INFO - Processing /home/airflow/.local/lib/python3.8/site-packages/airflow/example_dags/example_bash_operator.py took 0.261 seconds
[2024-03-03T20:16:04.528+0000] {processor.py:161} INFO - Started process (PID=634) to work on /home/airflow/.local/lib/python3.8/site-packages/airflow/example_dags/example_bash_operator.py
[2024-03-03T20:16:04.530+0000] {processor.py:830} INFO - Processing file /home/airflow/.local/lib/python3.8/site-packages/airflow/example_dags/example_bash_operator.py for tasks to queue
[2024-03-03T20:16:04.532+0000] {logging_mixin.py:188} INFO - [2024-03-03T20:16:04.531+0000] {dagbag.py:538} INFO - Filling up the DagBag from /home/airflow/.local/lib/python3.8/site-packages/airflow/example_dags/example_bash_operator.py
[2024-03-03T20:16:04.552+0000] {processor.py:840} INFO - DAG(s) 'example_bash_operator' retrieved from /home/airflow/.local/lib/python3.8/site-packages/airflow/example_dags/example_bash_operator.py
[2024-03-03T20:16:04.607+0000] {logging_mixin.py:188} INFO - [2024-03-03T20:16:04.606+0000] {dag.py:3036} INFO - Sync 1 DAGs
[2024-03-03T20:16:04.647+0000] {logging_mixin.py:188} INFO - [2024-03-03T20:16:04.646+0000] {dag.py:3823} INFO - Setting next_dagrun for example_bash_operator to 2024-03-02 00:00:00+00:00, run_after=2024-03-03 00:00:00+00:00
[2024-03-03T20:16:04.680+0000] {processor.py:183} INFO - Processing /home/airflow/.local/lib/python3.8/site-packages/airflow/example_dags/example_bash_operator.py took 0.159 seconds
[2024-03-03T20:16:34.966+0000] {processor.py:161} INFO - Started process (PID=689) to work on /home/airflow/.local/lib/python3.8/site-packages/airflow/example_dags/example_bash_operator.py
[2024-03-03T20:16:34.968+0000] {processor.py:830} INFO - Processing file /home/airflow/.local/lib/python3.8/site-packages/airflow/example_dags/example_bash_operator.py for tasks to queue
[2024-03-03T20:16:34.970+0000] {logging_mixin.py:188} INFO - [2024-03-03T20:16:34.970+0000] {dagbag.py:538} INFO - Filling up the DagBag from /home/airflow/.local/lib/python3.8/site-packages/airflow/example_dags/example_bash_operator.py
[2024-03-03T20:16:34.993+0000] {processor.py:840} INFO - DAG(s) 'example_bash_operator' retrieved from /home/airflow/.local/lib/python3.8/site-packages/airflow/example_dags/example_bash_operator.py
[2024-03-03T20:16:35.052+0000] {logging_mixin.py:188} INFO - [2024-03-03T20:16:35.051+0000] {dag.py:3036} INFO - Sync 1 DAGs
[2024-03-03T20:16:35.100+0000] {logging_mixin.py:188} INFO - [2024-03-03T20:16:35.099+0000] {dag.py:3823} INFO - Setting next_dagrun for example_bash_operator to 2024-03-02 00:00:00+00:00, run_after=2024-03-03 00:00:00+00:00
[2024-03-03T20:16:35.140+0000] {processor.py:183} INFO - Processing /home/airflow/.local/lib/python3.8/site-packages/airflow/example_dags/example_bash_operator.py took 0.180 seconds
[2024-03-03T20:17:05.467+0000] {processor.py:161} INFO - Started process (PID=744) to work on /home/airflow/.local/lib/python3.8/site-packages/airflow/example_dags/example_bash_operator.py
[2024-03-03T20:17:05.469+0000] {processor.py:830} INFO - Processing file /home/airflow/.local/lib/python3.8/site-packages/airflow/example_dags/example_bash_operator.py for tasks to queue
[2024-03-03T20:17:05.470+0000] {logging_mixin.py:188} INFO - [2024-03-03T20:17:05.470+0000] {dagbag.py:538} INFO - Filling up the DagBag from /home/airflow/.local/lib/python3.8/site-packages/airflow/example_dags/example_bash_operator.py
[2024-03-03T20:17:05.485+0000] {processor.py:840} INFO - DAG(s) 'example_bash_operator' retrieved from /home/airflow/.local/lib/python3.8/site-packages/airflow/example_dags/example_bash_operator.py
[2024-03-03T20:17:05.524+0000] {logging_mixin.py:188} INFO - [2024-03-03T20:17:05.524+0000] {dag.py:3036} INFO - Sync 1 DAGs
[2024-03-03T20:17:05.551+0000] {logging_mixin.py:188} INFO - [2024-03-03T20:17:05.551+0000] {dag.py:3823} INFO - Setting next_dagrun for example_bash_operator to 2024-03-02 00:00:00+00:00, run_after=2024-03-03 00:00:00+00:00
[2024-03-03T20:17:05.575+0000] {processor.py:183} INFO - Processing /home/airflow/.local/lib/python3.8/site-packages/airflow/example_dags/example_bash_operator.py took 0.112 seconds
[2024-03-03T20:18:58.741+0000] {processor.py:161} INFO - Started process (PID=800) to work on /home/airflow/.local/lib/python3.8/site-packages/airflow/example_dags/example_bash_operator.py
[2024-03-03T20:18:58.744+0000] {processor.py:830} INFO - Processing file /home/airflow/.local/lib/python3.8/site-packages/airflow/example_dags/example_bash_operator.py for tasks to queue
[2024-03-03T20:18:58.745+0000] {logging_mixin.py:188} INFO - [2024-03-03T20:18:58.745+0000] {dagbag.py:538} INFO - Filling up the DagBag from /home/airflow/.local/lib/python3.8/site-packages/airflow/example_dags/example_bash_operator.py
[2024-03-03T20:18:58.762+0000] {processor.py:840} INFO - DAG(s) 'example_bash_operator' retrieved from /home/airflow/.local/lib/python3.8/site-packages/airflow/example_dags/example_bash_operator.py
[2024-03-03T20:18:58.815+0000] {logging_mixin.py:188} INFO - [2024-03-03T20:18:58.814+0000] {dag.py:3036} INFO - Sync 1 DAGs
[2024-03-03T20:18:58.849+0000] {logging_mixin.py:188} INFO - [2024-03-03T20:18:58.849+0000] {dag.py:3823} INFO - Setting next_dagrun for example_bash_operator to 2024-03-02 00:00:00+00:00, run_after=2024-03-03 00:00:00+00:00
[2024-03-03T20:18:58.879+0000] {processor.py:183} INFO - Processing /home/airflow/.local/lib/python3.8/site-packages/airflow/example_dags/example_bash_operator.py took 0.143 seconds
[2024-03-03T20:20:59.116+0000] {processor.py:161} INFO - Started process (PID=884) to work on /home/airflow/.local/lib/python3.8/site-packages/airflow/example_dags/example_bash_operator.py
[2024-03-03T20:20:59.119+0000] {processor.py:830} INFO - Processing file /home/airflow/.local/lib/python3.8/site-packages/airflow/example_dags/example_bash_operator.py for tasks to queue
[2024-03-03T20:20:59.122+0000] {logging_mixin.py:188} INFO - [2024-03-03T20:20:59.121+0000] {dagbag.py:538} INFO - Filling up the DagBag from /home/airflow/.local/lib/python3.8/site-packages/airflow/example_dags/example_bash_operator.py
[2024-03-03T20:20:59.153+0000] {processor.py:840} INFO - DAG(s) 'example_bash_operator' retrieved from /home/airflow/.local/lib/python3.8/site-packages/airflow/example_dags/example_bash_operator.py
[2024-03-03T20:20:59.239+0000] {logging_mixin.py:188} INFO - [2024-03-03T20:20:59.238+0000] {dag.py:3036} INFO - Sync 1 DAGs
[2024-03-03T20:20:59.297+0000] {logging_mixin.py:188} INFO - [2024-03-03T20:20:59.297+0000] {dag.py:3823} INFO - Setting next_dagrun for example_bash_operator to 2024-03-02 00:00:00+00:00, run_after=2024-03-03 00:00:00+00:00
[2024-03-03T20:20:59.368+0000] {processor.py:183} INFO - Processing /home/airflow/.local/lib/python3.8/site-packages/airflow/example_dags/example_bash_operator.py took 0.258 seconds
[2024-03-03T20:29:48.500+0000] {processor.py:161} INFO - Started process (PID=85) to work on /home/airflow/.local/lib/python3.8/site-packages/airflow/example_dags/example_bash_operator.py
[2024-03-03T20:29:48.501+0000] {processor.py:830} INFO - Processing file /home/airflow/.local/lib/python3.8/site-packages/airflow/example_dags/example_bash_operator.py for tasks to queue
[2024-03-03T20:29:48.504+0000] {logging_mixin.py:188} INFO - [2024-03-03T20:29:48.504+0000] {dagbag.py:538} INFO - Filling up the DagBag from /home/airflow/.local/lib/python3.8/site-packages/airflow/example_dags/example_bash_operator.py
[2024-03-03T20:29:48.566+0000] {processor.py:840} INFO - DAG(s) 'example_bash_operator' retrieved from /home/airflow/.local/lib/python3.8/site-packages/airflow/example_dags/example_bash_operator.py
[2024-03-03T20:29:49.579+0000] {logging_mixin.py:188} INFO - [2024-03-03T20:29:49.525+0000] {dag.py:3036} INFO - Sync 1 DAGs
[2024-03-03T20:29:49.700+0000] {logging_mixin.py:188} INFO - [2024-03-03T20:29:49.699+0000] {dag.py:3823} INFO - Setting next_dagrun for example_bash_operator to 2024-03-02 00:00:00+00:00, run_after=2024-03-03 00:00:00+00:00
[2024-03-03T20:29:50.761+0000] {processor.py:183} INFO - Processing /home/airflow/.local/lib/python3.8/site-packages/airflow/example_dags/example_bash_operator.py took 2.268 seconds
[2024-03-03T20:33:12.840+0000] {processor.py:161} INFO - Started process (PID=139) to work on /home/airflow/.local/lib/python3.8/site-packages/airflow/example_dags/example_bash_operator.py
[2024-03-03T20:33:12.842+0000] {processor.py:830} INFO - Processing file /home/airflow/.local/lib/python3.8/site-packages/airflow/example_dags/example_bash_operator.py for tasks to queue
[2024-03-03T20:33:12.844+0000] {logging_mixin.py:188} INFO - [2024-03-03T20:33:12.843+0000] {dagbag.py:538} INFO - Filling up the DagBag from /home/airflow/.local/lib/python3.8/site-packages/airflow/example_dags/example_bash_operator.py
[2024-03-03T20:33:12.872+0000] {processor.py:840} INFO - DAG(s) 'example_bash_operator' retrieved from /home/airflow/.local/lib/python3.8/site-packages/airflow/example_dags/example_bash_operator.py
[2024-03-03T20:33:12.947+0000] {logging_mixin.py:188} INFO - [2024-03-03T20:33:12.946+0000] {dag.py:3036} INFO - Sync 1 DAGs
[2024-03-03T20:33:12.999+0000] {logging_mixin.py:188} INFO - [2024-03-03T20:33:12.998+0000] {dag.py:3823} INFO - Setting next_dagrun for example_bash_operator to 2024-03-02 00:00:00+00:00, run_after=2024-03-03 00:00:00+00:00
[2024-03-03T20:33:13.040+0000] {processor.py:183} INFO - Processing /home/airflow/.local/lib/python3.8/site-packages/airflow/example_dags/example_bash_operator.py took 0.206 seconds
[2024-03-03T20:34:27.651+0000] {processor.py:161} INFO - Started process (PID=197) to work on /home/airflow/.local/lib/python3.8/site-packages/airflow/example_dags/example_bash_operator.py
[2024-03-03T20:34:27.653+0000] {processor.py:830} INFO - Processing file /home/airflow/.local/lib/python3.8/site-packages/airflow/example_dags/example_bash_operator.py for tasks to queue
[2024-03-03T20:34:27.656+0000] {logging_mixin.py:188} INFO - [2024-03-03T20:34:27.655+0000] {dagbag.py:538} INFO - Filling up the DagBag from /home/airflow/.local/lib/python3.8/site-packages/airflow/example_dags/example_bash_operator.py
[2024-03-03T20:34:27.687+0000] {processor.py:840} INFO - DAG(s) 'example_bash_operator' retrieved from /home/airflow/.local/lib/python3.8/site-packages/airflow/example_dags/example_bash_operator.py
[2024-03-03T20:34:27.752+0000] {logging_mixin.py:188} INFO - [2024-03-03T20:34:27.751+0000] {dag.py:3036} INFO - Sync 1 DAGs
[2024-03-03T20:34:27.809+0000] {logging_mixin.py:188} INFO - [2024-03-03T20:34:27.808+0000] {dag.py:3823} INFO - Setting next_dagrun for example_bash_operator to 2024-03-02 00:00:00+00:00, run_after=2024-03-03 00:00:00+00:00
[2024-03-03T20:34:27.867+0000] {processor.py:183} INFO - Processing /home/airflow/.local/lib/python3.8/site-packages/airflow/example_dags/example_bash_operator.py took 0.221 seconds
[2024-03-03T20:36:35.119+0000] {processor.py:161} INFO - Started process (PID=249) to work on /home/airflow/.local/lib/python3.8/site-packages/airflow/example_dags/example_bash_operator.py
[2024-03-03T20:36:35.122+0000] {processor.py:830} INFO - Processing file /home/airflow/.local/lib/python3.8/site-packages/airflow/example_dags/example_bash_operator.py for tasks to queue
[2024-03-03T20:36:35.125+0000] {logging_mixin.py:188} INFO - [2024-03-03T20:36:35.124+0000] {dagbag.py:538} INFO - Filling up the DagBag from /home/airflow/.local/lib/python3.8/site-packages/airflow/example_dags/example_bash_operator.py
[2024-03-03T20:36:35.153+0000] {processor.py:840} INFO - DAG(s) 'example_bash_operator' retrieved from /home/airflow/.local/lib/python3.8/site-packages/airflow/example_dags/example_bash_operator.py
[2024-03-03T20:36:35.231+0000] {logging_mixin.py:188} INFO - [2024-03-03T20:36:35.231+0000] {dag.py:3036} INFO - Sync 1 DAGs
[2024-03-03T20:36:35.293+0000] {logging_mixin.py:188} INFO - [2024-03-03T20:36:35.293+0000] {dag.py:3823} INFO - Setting next_dagrun for example_bash_operator to 2024-03-02 00:00:00+00:00, run_after=2024-03-03 00:00:00+00:00
[2024-03-03T20:36:35.350+0000] {processor.py:183} INFO - Processing /home/airflow/.local/lib/python3.8/site-packages/airflow/example_dags/example_bash_operator.py took 0.236 seconds
[2024-03-03T20:39:39.599+0000] {processor.py:161} INFO - Started process (PID=340) to work on /home/airflow/.local/lib/python3.8/site-packages/airflow/example_dags/example_bash_operator.py
[2024-03-03T20:39:39.602+0000] {processor.py:830} INFO - Processing file /home/airflow/.local/lib/python3.8/site-packages/airflow/example_dags/example_bash_operator.py for tasks to queue
[2024-03-03T20:39:39.605+0000] {logging_mixin.py:188} INFO - [2024-03-03T20:39:39.604+0000] {dagbag.py:538} INFO - Filling up the DagBag from /home/airflow/.local/lib/python3.8/site-packages/airflow/example_dags/example_bash_operator.py
[2024-03-03T20:39:39.632+0000] {processor.py:840} INFO - DAG(s) 'example_bash_operator' retrieved from /home/airflow/.local/lib/python3.8/site-packages/airflow/example_dags/example_bash_operator.py
[2024-03-03T20:39:39.691+0000] {logging_mixin.py:188} INFO - [2024-03-03T20:39:39.691+0000] {dag.py:3036} INFO - Sync 1 DAGs
[2024-03-03T20:39:39.733+0000] {logging_mixin.py:188} INFO - [2024-03-03T20:39:39.732+0000] {dag.py:3823} INFO - Setting next_dagrun for example_bash_operator to 2024-03-02 00:00:00+00:00, run_after=2024-03-03 00:00:00+00:00
[2024-03-03T20:39:39.775+0000] {processor.py:183} INFO - Processing /home/airflow/.local/lib/python3.8/site-packages/airflow/example_dags/example_bash_operator.py took 0.182 seconds
[2024-03-03T20:40:10.152+0000] {processor.py:161} INFO - Started process (PID=395) to work on /home/airflow/.local/lib/python3.8/site-packages/airflow/example_dags/example_bash_operator.py
[2024-03-03T20:40:10.154+0000] {processor.py:830} INFO - Processing file /home/airflow/.local/lib/python3.8/site-packages/airflow/example_dags/example_bash_operator.py for tasks to queue
[2024-03-03T20:40:10.156+0000] {logging_mixin.py:188} INFO - [2024-03-03T20:40:10.156+0000] {dagbag.py:538} INFO - Filling up the DagBag from /home/airflow/.local/lib/python3.8/site-packages/airflow/example_dags/example_bash_operator.py
[2024-03-03T20:40:10.186+0000] {processor.py:840} INFO - DAG(s) 'example_bash_operator' retrieved from /home/airflow/.local/lib/python3.8/site-packages/airflow/example_dags/example_bash_operator.py
[2024-03-03T20:40:10.257+0000] {logging_mixin.py:188} INFO - [2024-03-03T20:40:10.256+0000] {dag.py:3036} INFO - Sync 1 DAGs
[2024-03-03T20:40:10.304+0000] {logging_mixin.py:188} INFO - [2024-03-03T20:40:10.303+0000] {dag.py:3823} INFO - Setting next_dagrun for example_bash_operator to 2024-03-02 00:00:00+00:00, run_after=2024-03-03 00:00:00+00:00
[2024-03-03T20:40:10.348+0000] {processor.py:183} INFO - Processing /home/airflow/.local/lib/python3.8/site-packages/airflow/example_dags/example_bash_operator.py took 0.202 seconds
[2024-03-03T20:40:40.390+0000] {processor.py:161} INFO - Started process (PID=450) to work on /home/airflow/.local/lib/python3.8/site-packages/airflow/example_dags/example_bash_operator.py
[2024-03-03T20:40:40.391+0000] {processor.py:830} INFO - Processing file /home/airflow/.local/lib/python3.8/site-packages/airflow/example_dags/example_bash_operator.py for tasks to queue
[2024-03-03T20:40:40.392+0000] {logging_mixin.py:188} INFO - [2024-03-03T20:40:40.391+0000] {dagbag.py:538} INFO - Filling up the DagBag from /home/airflow/.local/lib/python3.8/site-packages/airflow/example_dags/example_bash_operator.py
[2024-03-03T20:40:40.402+0000] {processor.py:840} INFO - DAG(s) 'example_bash_operator' retrieved from /home/airflow/.local/lib/python3.8/site-packages/airflow/example_dags/example_bash_operator.py
[2024-03-03T20:40:40.432+0000] {logging_mixin.py:188} INFO - [2024-03-03T20:40:40.431+0000] {dag.py:3036} INFO - Sync 1 DAGs
[2024-03-03T20:40:40.453+0000] {logging_mixin.py:188} INFO - [2024-03-03T20:40:40.453+0000] {dag.py:3823} INFO - Setting next_dagrun for example_bash_operator to 2024-03-02 00:00:00+00:00, run_after=2024-03-03 00:00:00+00:00
[2024-03-03T20:40:40.469+0000] {processor.py:183} INFO - Processing /home/airflow/.local/lib/python3.8/site-packages/airflow/example_dags/example_bash_operator.py took 0.081 seconds
[2024-03-03T20:42:59.435+0000] {processor.py:161} INFO - Started process (PID=539) to work on /home/airflow/.local/lib/python3.8/site-packages/airflow/example_dags/example_bash_operator.py
[2024-03-03T20:42:59.438+0000] {processor.py:830} INFO - Processing file /home/airflow/.local/lib/python3.8/site-packages/airflow/example_dags/example_bash_operator.py for tasks to queue
[2024-03-03T20:42:59.443+0000] {logging_mixin.py:188} INFO - [2024-03-03T20:42:59.442+0000] {dagbag.py:538} INFO - Filling up the DagBag from /home/airflow/.local/lib/python3.8/site-packages/airflow/example_dags/example_bash_operator.py
[2024-03-03T20:42:59.470+0000] {processor.py:840} INFO - DAG(s) 'example_bash_operator' retrieved from /home/airflow/.local/lib/python3.8/site-packages/airflow/example_dags/example_bash_operator.py
[2024-03-03T20:42:59.548+0000] {logging_mixin.py:188} INFO - [2024-03-03T20:42:59.547+0000] {dag.py:3036} INFO - Sync 1 DAGs
[2024-03-03T20:42:59.605+0000] {logging_mixin.py:188} INFO - [2024-03-03T20:42:59.605+0000] {dag.py:3823} INFO - Setting next_dagrun for example_bash_operator to 2024-03-02 00:00:00+00:00, run_after=2024-03-03 00:00:00+00:00
[2024-03-03T20:42:59.650+0000] {processor.py:183} INFO - Processing /home/airflow/.local/lib/python3.8/site-packages/airflow/example_dags/example_bash_operator.py took 0.222 seconds
[2024-03-03T20:46:10.295+0000] {processor.py:161} INFO - Started process (PID=597) to work on /home/airflow/.local/lib/python3.8/site-packages/airflow/example_dags/example_bash_operator.py
[2024-03-03T20:46:10.296+0000] {processor.py:830} INFO - Processing file /home/airflow/.local/lib/python3.8/site-packages/airflow/example_dags/example_bash_operator.py for tasks to queue
[2024-03-03T20:46:10.298+0000] {logging_mixin.py:188} INFO - [2024-03-03T20:46:10.297+0000] {dagbag.py:538} INFO - Filling up the DagBag from /home/airflow/.local/lib/python3.8/site-packages/airflow/example_dags/example_bash_operator.py
[2024-03-03T20:46:10.333+0000] {processor.py:840} INFO - DAG(s) 'example_bash_operator' retrieved from /home/airflow/.local/lib/python3.8/site-packages/airflow/example_dags/example_bash_operator.py
[2024-03-03T20:46:11.060+0000] {logging_mixin.py:188} INFO - [2024-03-03T20:46:11.056+0000] {dag.py:3036} INFO - Sync 1 DAGs
[2024-03-03T20:46:40.957+0000] {logging_mixin.py:188} INFO - [2024-03-03T20:46:39.727+0000] {dag.py:3823} INFO - Setting next_dagrun for example_bash_operator to 2024-03-02 00:00:00+00:00, run_after=2024-03-03 00:00:00+00:00
[2024-03-03T20:46:45.209+0000] {processor.py:183} INFO - Processing /home/airflow/.local/lib/python3.8/site-packages/airflow/example_dags/example_bash_operator.py took 34.924 seconds
[2024-03-03T20:48:12.278+0000] {processor.py:161} INFO - Started process (PID=661) to work on /home/airflow/.local/lib/python3.8/site-packages/airflow/example_dags/example_bash_operator.py
[2024-03-03T20:48:12.281+0000] {processor.py:830} INFO - Processing file /home/airflow/.local/lib/python3.8/site-packages/airflow/example_dags/example_bash_operator.py for tasks to queue
[2024-03-03T20:48:12.283+0000] {logging_mixin.py:188} INFO - [2024-03-03T20:48:12.283+0000] {dagbag.py:538} INFO - Filling up the DagBag from /home/airflow/.local/lib/python3.8/site-packages/airflow/example_dags/example_bash_operator.py
[2024-03-03T20:48:12.310+0000] {processor.py:840} INFO - DAG(s) 'example_bash_operator' retrieved from /home/airflow/.local/lib/python3.8/site-packages/airflow/example_dags/example_bash_operator.py
[2024-03-03T20:48:12.396+0000] {logging_mixin.py:188} INFO - [2024-03-03T20:48:12.395+0000] {dag.py:3036} INFO - Sync 1 DAGs
[2024-03-03T20:48:12.462+0000] {logging_mixin.py:188} INFO - [2024-03-03T20:48:12.462+0000] {dag.py:3823} INFO - Setting next_dagrun for example_bash_operator to 2024-03-02 00:00:00+00:00, run_after=2024-03-03 00:00:00+00:00
[2024-03-03T20:48:12.512+0000] {processor.py:183} INFO - Processing /home/airflow/.local/lib/python3.8/site-packages/airflow/example_dags/example_bash_operator.py took 0.240 seconds
[2024-03-03T20:48:42.864+0000] {processor.py:161} INFO - Started process (PID=716) to work on /home/airflow/.local/lib/python3.8/site-packages/airflow/example_dags/example_bash_operator.py
[2024-03-03T20:48:42.867+0000] {processor.py:830} INFO - Processing file /home/airflow/.local/lib/python3.8/site-packages/airflow/example_dags/example_bash_operator.py for tasks to queue
[2024-03-03T20:48:42.869+0000] {logging_mixin.py:188} INFO - [2024-03-03T20:48:42.868+0000] {dagbag.py:538} INFO - Filling up the DagBag from /home/airflow/.local/lib/python3.8/site-packages/airflow/example_dags/example_bash_operator.py
[2024-03-03T20:48:42.892+0000] {processor.py:840} INFO - DAG(s) 'example_bash_operator' retrieved from /home/airflow/.local/lib/python3.8/site-packages/airflow/example_dags/example_bash_operator.py
[2024-03-03T20:48:42.961+0000] {logging_mixin.py:188} INFO - [2024-03-03T20:48:42.960+0000] {dag.py:3036} INFO - Sync 1 DAGs
[2024-03-03T20:48:43.012+0000] {logging_mixin.py:188} INFO - [2024-03-03T20:48:43.011+0000] {dag.py:3823} INFO - Setting next_dagrun for example_bash_operator to 2024-03-02 00:00:00+00:00, run_after=2024-03-03 00:00:00+00:00
[2024-03-03T20:48:43.060+0000] {processor.py:183} INFO - Processing /home/airflow/.local/lib/python3.8/site-packages/airflow/example_dags/example_bash_operator.py took 0.202 seconds
[2024-03-03T21:02:30.334+0000] {processor.py:161} INFO - Started process (PID=85) to work on /home/airflow/.local/lib/python3.8/site-packages/airflow/example_dags/example_bash_operator.py
[2024-03-03T21:02:30.336+0000] {processor.py:830} INFO - Processing file /home/airflow/.local/lib/python3.8/site-packages/airflow/example_dags/example_bash_operator.py for tasks to queue
[2024-03-03T21:02:30.340+0000] {logging_mixin.py:188} INFO - [2024-03-03T21:02:30.339+0000] {dagbag.py:538} INFO - Filling up the DagBag from /home/airflow/.local/lib/python3.8/site-packages/airflow/example_dags/example_bash_operator.py
[2024-03-03T21:02:30.363+0000] {processor.py:840} INFO - DAG(s) 'example_bash_operator' retrieved from /home/airflow/.local/lib/python3.8/site-packages/airflow/example_dags/example_bash_operator.py
[2024-03-03T21:02:30.634+0000] {logging_mixin.py:188} INFO - [2024-03-03T21:02:30.634+0000] {dag.py:3036} INFO - Sync 1 DAGs
[2024-03-03T21:02:30.685+0000] {logging_mixin.py:188} INFO - [2024-03-03T21:02:30.685+0000] {dag.py:3823} INFO - Setting next_dagrun for example_bash_operator to 2024-03-02 00:00:00+00:00, run_after=2024-03-03 00:00:00+00:00
[2024-03-03T21:02:30.725+0000] {processor.py:183} INFO - Processing /home/airflow/.local/lib/python3.8/site-packages/airflow/example_dags/example_bash_operator.py took 0.396 seconds
[2024-03-03T21:03:00.865+0000] {processor.py:161} INFO - Started process (PID=140) to work on /home/airflow/.local/lib/python3.8/site-packages/airflow/example_dags/example_bash_operator.py
[2024-03-03T21:03:00.868+0000] {processor.py:830} INFO - Processing file /home/airflow/.local/lib/python3.8/site-packages/airflow/example_dags/example_bash_operator.py for tasks to queue
[2024-03-03T21:03:00.872+0000] {logging_mixin.py:188} INFO - [2024-03-03T21:03:00.871+0000] {dagbag.py:538} INFO - Filling up the DagBag from /home/airflow/.local/lib/python3.8/site-packages/airflow/example_dags/example_bash_operator.py
[2024-03-03T21:03:00.897+0000] {processor.py:840} INFO - DAG(s) 'example_bash_operator' retrieved from /home/airflow/.local/lib/python3.8/site-packages/airflow/example_dags/example_bash_operator.py
[2024-03-03T21:03:00.957+0000] {logging_mixin.py:188} INFO - [2024-03-03T21:03:00.956+0000] {dag.py:3036} INFO - Sync 1 DAGs
[2024-03-03T21:03:00.997+0000] {logging_mixin.py:188} INFO - [2024-03-03T21:03:00.996+0000] {dag.py:3823} INFO - Setting next_dagrun for example_bash_operator to 2024-03-02 00:00:00+00:00, run_after=2024-03-03 00:00:00+00:00
[2024-03-03T21:03:01.025+0000] {processor.py:183} INFO - Processing /home/airflow/.local/lib/python3.8/site-packages/airflow/example_dags/example_bash_operator.py took 0.166 seconds
[2024-03-03T21:03:31.087+0000] {processor.py:161} INFO - Started process (PID=195) to work on /home/airflow/.local/lib/python3.8/site-packages/airflow/example_dags/example_bash_operator.py
[2024-03-03T21:03:31.089+0000] {processor.py:830} INFO - Processing file /home/airflow/.local/lib/python3.8/site-packages/airflow/example_dags/example_bash_operator.py for tasks to queue
[2024-03-03T21:03:31.092+0000] {logging_mixin.py:188} INFO - [2024-03-03T21:03:31.091+0000] {dagbag.py:538} INFO - Filling up the DagBag from /home/airflow/.local/lib/python3.8/site-packages/airflow/example_dags/example_bash_operator.py
[2024-03-03T21:03:31.110+0000] {processor.py:840} INFO - DAG(s) 'example_bash_operator' retrieved from /home/airflow/.local/lib/python3.8/site-packages/airflow/example_dags/example_bash_operator.py
[2024-03-03T21:03:31.162+0000] {logging_mixin.py:188} INFO - [2024-03-03T21:03:31.162+0000] {dag.py:3036} INFO - Sync 1 DAGs
[2024-03-03T21:03:31.202+0000] {logging_mixin.py:188} INFO - [2024-03-03T21:03:31.201+0000] {dag.py:3823} INFO - Setting next_dagrun for example_bash_operator to 2024-03-02 00:00:00+00:00, run_after=2024-03-03 00:00:00+00:00
[2024-03-03T21:03:31.231+0000] {processor.py:183} INFO - Processing /home/airflow/.local/lib/python3.8/site-packages/airflow/example_dags/example_bash_operator.py took 0.149 seconds
[2024-03-03T21:04:01.702+0000] {processor.py:161} INFO - Started process (PID=250) to work on /home/airflow/.local/lib/python3.8/site-packages/airflow/example_dags/example_bash_operator.py
[2024-03-03T21:04:01.703+0000] {processor.py:830} INFO - Processing file /home/airflow/.local/lib/python3.8/site-packages/airflow/example_dags/example_bash_operator.py for tasks to queue
[2024-03-03T21:04:01.706+0000] {logging_mixin.py:188} INFO - [2024-03-03T21:04:01.706+0000] {dagbag.py:538} INFO - Filling up the DagBag from /home/airflow/.local/lib/python3.8/site-packages/airflow/example_dags/example_bash_operator.py
[2024-03-03T21:04:01.726+0000] {processor.py:840} INFO - DAG(s) 'example_bash_operator' retrieved from /home/airflow/.local/lib/python3.8/site-packages/airflow/example_dags/example_bash_operator.py
[2024-03-03T21:04:01.769+0000] {logging_mixin.py:188} INFO - [2024-03-03T21:04:01.768+0000] {dag.py:3036} INFO - Sync 1 DAGs
[2024-03-03T21:04:01.801+0000] {logging_mixin.py:188} INFO - [2024-03-03T21:04:01.801+0000] {dag.py:3823} INFO - Setting next_dagrun for example_bash_operator to 2024-03-02 00:00:00+00:00, run_after=2024-03-03 00:00:00+00:00
[2024-03-03T21:04:01.823+0000] {processor.py:183} INFO - Processing /home/airflow/.local/lib/python3.8/site-packages/airflow/example_dags/example_bash_operator.py took 0.127 seconds
[2024-03-03T21:04:32.136+0000] {processor.py:161} INFO - Started process (PID=305) to work on /home/airflow/.local/lib/python3.8/site-packages/airflow/example_dags/example_bash_operator.py
[2024-03-03T21:04:32.138+0000] {processor.py:830} INFO - Processing file /home/airflow/.local/lib/python3.8/site-packages/airflow/example_dags/example_bash_operator.py for tasks to queue
[2024-03-03T21:04:32.141+0000] {logging_mixin.py:188} INFO - [2024-03-03T21:04:32.140+0000] {dagbag.py:538} INFO - Filling up the DagBag from /home/airflow/.local/lib/python3.8/site-packages/airflow/example_dags/example_bash_operator.py
[2024-03-03T21:04:32.158+0000] {processor.py:840} INFO - DAG(s) 'example_bash_operator' retrieved from /home/airflow/.local/lib/python3.8/site-packages/airflow/example_dags/example_bash_operator.py
[2024-03-03T21:04:32.201+0000] {logging_mixin.py:188} INFO - [2024-03-03T21:04:32.201+0000] {dag.py:3036} INFO - Sync 1 DAGs
[2024-03-03T21:04:32.233+0000] {logging_mixin.py:188} INFO - [2024-03-03T21:04:32.233+0000] {dag.py:3823} INFO - Setting next_dagrun for example_bash_operator to 2024-03-02 00:00:00+00:00, run_after=2024-03-03 00:00:00+00:00
[2024-03-03T21:04:32.259+0000] {processor.py:183} INFO - Processing /home/airflow/.local/lib/python3.8/site-packages/airflow/example_dags/example_bash_operator.py took 0.128 seconds
[2024-03-03T21:05:02.923+0000] {processor.py:161} INFO - Started process (PID=360) to work on /home/airflow/.local/lib/python3.8/site-packages/airflow/example_dags/example_bash_operator.py
[2024-03-03T21:05:02.924+0000] {processor.py:830} INFO - Processing file /home/airflow/.local/lib/python3.8/site-packages/airflow/example_dags/example_bash_operator.py for tasks to queue
[2024-03-03T21:05:02.927+0000] {logging_mixin.py:188} INFO - [2024-03-03T21:05:02.926+0000] {dagbag.py:538} INFO - Filling up the DagBag from /home/airflow/.local/lib/python3.8/site-packages/airflow/example_dags/example_bash_operator.py
[2024-03-03T21:05:02.940+0000] {processor.py:840} INFO - DAG(s) 'example_bash_operator' retrieved from /home/airflow/.local/lib/python3.8/site-packages/airflow/example_dags/example_bash_operator.py
[2024-03-03T21:05:02.991+0000] {logging_mixin.py:188} INFO - [2024-03-03T21:05:02.990+0000] {dag.py:3036} INFO - Sync 1 DAGs
[2024-03-03T21:05:03.035+0000] {logging_mixin.py:188} INFO - [2024-03-03T21:05:03.035+0000] {dag.py:3823} INFO - Setting next_dagrun for example_bash_operator to 2024-03-02 00:00:00+00:00, run_after=2024-03-03 00:00:00+00:00
[2024-03-03T21:05:03.067+0000] {processor.py:183} INFO - Processing /home/airflow/.local/lib/python3.8/site-packages/airflow/example_dags/example_bash_operator.py took 0.148 seconds
[2024-03-03T21:05:33.283+0000] {processor.py:161} INFO - Started process (PID=415) to work on /home/airflow/.local/lib/python3.8/site-packages/airflow/example_dags/example_bash_operator.py
[2024-03-03T21:05:33.284+0000] {processor.py:830} INFO - Processing file /home/airflow/.local/lib/python3.8/site-packages/airflow/example_dags/example_bash_operator.py for tasks to queue
[2024-03-03T21:05:33.287+0000] {logging_mixin.py:188} INFO - [2024-03-03T21:05:33.286+0000] {dagbag.py:538} INFO - Filling up the DagBag from /home/airflow/.local/lib/python3.8/site-packages/airflow/example_dags/example_bash_operator.py
[2024-03-03T21:05:33.301+0000] {processor.py:840} INFO - DAG(s) 'example_bash_operator' retrieved from /home/airflow/.local/lib/python3.8/site-packages/airflow/example_dags/example_bash_operator.py
[2024-03-03T21:05:33.333+0000] {logging_mixin.py:188} INFO - [2024-03-03T21:05:33.333+0000] {dag.py:3036} INFO - Sync 1 DAGs
[2024-03-03T21:05:33.359+0000] {logging_mixin.py:188} INFO - [2024-03-03T21:05:33.358+0000] {dag.py:3823} INFO - Setting next_dagrun for example_bash_operator to 2024-03-02 00:00:00+00:00, run_after=2024-03-03 00:00:00+00:00
[2024-03-03T21:05:33.381+0000] {processor.py:183} INFO - Processing /home/airflow/.local/lib/python3.8/site-packages/airflow/example_dags/example_bash_operator.py took 0.102 seconds
[2024-03-03T21:06:03.471+0000] {processor.py:161} INFO - Started process (PID=470) to work on /home/airflow/.local/lib/python3.8/site-packages/airflow/example_dags/example_bash_operator.py
[2024-03-03T21:06:03.473+0000] {processor.py:830} INFO - Processing file /home/airflow/.local/lib/python3.8/site-packages/airflow/example_dags/example_bash_operator.py for tasks to queue
[2024-03-03T21:06:03.475+0000] {logging_mixin.py:188} INFO - [2024-03-03T21:06:03.475+0000] {dagbag.py:538} INFO - Filling up the DagBag from /home/airflow/.local/lib/python3.8/site-packages/airflow/example_dags/example_bash_operator.py
[2024-03-03T21:06:03.489+0000] {processor.py:840} INFO - DAG(s) 'example_bash_operator' retrieved from /home/airflow/.local/lib/python3.8/site-packages/airflow/example_dags/example_bash_operator.py
[2024-03-03T21:06:03.528+0000] {logging_mixin.py:188} INFO - [2024-03-03T21:06:03.527+0000] {dag.py:3036} INFO - Sync 1 DAGs
[2024-03-03T21:06:03.559+0000] {logging_mixin.py:188} INFO - [2024-03-03T21:06:03.558+0000] {dag.py:3823} INFO - Setting next_dagrun for example_bash_operator to 2024-03-02 00:00:00+00:00, run_after=2024-03-03 00:00:00+00:00
[2024-03-03T21:06:03.585+0000] {processor.py:183} INFO - Processing /home/airflow/.local/lib/python3.8/site-packages/airflow/example_dags/example_bash_operator.py took 0.118 seconds
[2024-03-03T21:06:34.807+0000] {processor.py:161} INFO - Started process (PID=525) to work on /home/airflow/.local/lib/python3.8/site-packages/airflow/example_dags/example_bash_operator.py
[2024-03-03T21:06:34.808+0000] {processor.py:830} INFO - Processing file /home/airflow/.local/lib/python3.8/site-packages/airflow/example_dags/example_bash_operator.py for tasks to queue
[2024-03-03T21:06:34.811+0000] {logging_mixin.py:188} INFO - [2024-03-03T21:06:34.810+0000] {dagbag.py:538} INFO - Filling up the DagBag from /home/airflow/.local/lib/python3.8/site-packages/airflow/example_dags/example_bash_operator.py
[2024-03-03T21:06:34.825+0000] {processor.py:840} INFO - DAG(s) 'example_bash_operator' retrieved from /home/airflow/.local/lib/python3.8/site-packages/airflow/example_dags/example_bash_operator.py
[2024-03-03T21:06:34.862+0000] {logging_mixin.py:188} INFO - [2024-03-03T21:06:34.862+0000] {dag.py:3036} INFO - Sync 1 DAGs
[2024-03-03T21:06:34.891+0000] {logging_mixin.py:188} INFO - [2024-03-03T21:06:34.891+0000] {dag.py:3823} INFO - Setting next_dagrun for example_bash_operator to 2024-03-02 00:00:00+00:00, run_after=2024-03-03 00:00:00+00:00
[2024-03-03T21:06:34.919+0000] {processor.py:183} INFO - Processing /home/airflow/.local/lib/python3.8/site-packages/airflow/example_dags/example_bash_operator.py took 0.115 seconds
[2024-03-03T21:07:05.246+0000] {processor.py:161} INFO - Started process (PID=580) to work on /home/airflow/.local/lib/python3.8/site-packages/airflow/example_dags/example_bash_operator.py
[2024-03-03T21:07:05.248+0000] {processor.py:830} INFO - Processing file /home/airflow/.local/lib/python3.8/site-packages/airflow/example_dags/example_bash_operator.py for tasks to queue
[2024-03-03T21:07:05.250+0000] {logging_mixin.py:188} INFO - [2024-03-03T21:07:05.250+0000] {dagbag.py:538} INFO - Filling up the DagBag from /home/airflow/.local/lib/python3.8/site-packages/airflow/example_dags/example_bash_operator.py
[2024-03-03T21:07:05.262+0000] {processor.py:840} INFO - DAG(s) 'example_bash_operator' retrieved from /home/airflow/.local/lib/python3.8/site-packages/airflow/example_dags/example_bash_operator.py
[2024-03-03T21:07:05.292+0000] {logging_mixin.py:188} INFO - [2024-03-03T21:07:05.291+0000] {dag.py:3036} INFO - Sync 1 DAGs
[2024-03-03T21:07:05.317+0000] {logging_mixin.py:188} INFO - [2024-03-03T21:07:05.316+0000] {dag.py:3823} INFO - Setting next_dagrun for example_bash_operator to 2024-03-02 00:00:00+00:00, run_after=2024-03-03 00:00:00+00:00
[2024-03-03T21:07:05.336+0000] {processor.py:183} INFO - Processing /home/airflow/.local/lib/python3.8/site-packages/airflow/example_dags/example_bash_operator.py took 0.094 seconds
[2024-03-03T21:07:35.665+0000] {processor.py:161} INFO - Started process (PID=635) to work on /home/airflow/.local/lib/python3.8/site-packages/airflow/example_dags/example_bash_operator.py
[2024-03-03T21:07:35.668+0000] {processor.py:830} INFO - Processing file /home/airflow/.local/lib/python3.8/site-packages/airflow/example_dags/example_bash_operator.py for tasks to queue
[2024-03-03T21:07:35.670+0000] {logging_mixin.py:188} INFO - [2024-03-03T21:07:35.670+0000] {dagbag.py:538} INFO - Filling up the DagBag from /home/airflow/.local/lib/python3.8/site-packages/airflow/example_dags/example_bash_operator.py
[2024-03-03T21:07:35.686+0000] {processor.py:840} INFO - DAG(s) 'example_bash_operator' retrieved from /home/airflow/.local/lib/python3.8/site-packages/airflow/example_dags/example_bash_operator.py
[2024-03-03T21:07:35.739+0000] {logging_mixin.py:188} INFO - [2024-03-03T21:07:35.739+0000] {dag.py:3036} INFO - Sync 1 DAGs
[2024-03-03T21:07:35.786+0000] {logging_mixin.py:188} INFO - [2024-03-03T21:07:35.785+0000] {dag.py:3823} INFO - Setting next_dagrun for example_bash_operator to 2024-03-02 00:00:00+00:00, run_after=2024-03-03 00:00:00+00:00
[2024-03-03T21:07:35.822+0000] {processor.py:183} INFO - Processing /home/airflow/.local/lib/python3.8/site-packages/airflow/example_dags/example_bash_operator.py took 0.165 seconds
[2024-03-03T21:08:05.875+0000] {processor.py:161} INFO - Started process (PID=690) to work on /home/airflow/.local/lib/python3.8/site-packages/airflow/example_dags/example_bash_operator.py
[2024-03-03T21:08:05.876+0000] {processor.py:830} INFO - Processing file /home/airflow/.local/lib/python3.8/site-packages/airflow/example_dags/example_bash_operator.py for tasks to queue
[2024-03-03T21:08:05.880+0000] {logging_mixin.py:188} INFO - [2024-03-03T21:08:05.879+0000] {dagbag.py:538} INFO - Filling up the DagBag from /home/airflow/.local/lib/python3.8/site-packages/airflow/example_dags/example_bash_operator.py
[2024-03-03T21:08:05.901+0000] {processor.py:840} INFO - DAG(s) 'example_bash_operator' retrieved from /home/airflow/.local/lib/python3.8/site-packages/airflow/example_dags/example_bash_operator.py
[2024-03-03T21:08:05.972+0000] {logging_mixin.py:188} INFO - [2024-03-03T21:08:05.972+0000] {dag.py:3036} INFO - Sync 1 DAGs
[2024-03-03T21:08:06.020+0000] {logging_mixin.py:188} INFO - [2024-03-03T21:08:06.020+0000] {dag.py:3823} INFO - Setting next_dagrun for example_bash_operator to 2024-03-02 00:00:00+00:00, run_after=2024-03-03 00:00:00+00:00
[2024-03-03T21:08:06.050+0000] {processor.py:183} INFO - Processing /home/airflow/.local/lib/python3.8/site-packages/airflow/example_dags/example_bash_operator.py took 0.179 seconds
[2024-03-03T21:08:36.091+0000] {processor.py:161} INFO - Started process (PID=745) to work on /home/airflow/.local/lib/python3.8/site-packages/airflow/example_dags/example_bash_operator.py
[2024-03-03T21:08:36.092+0000] {processor.py:830} INFO - Processing file /home/airflow/.local/lib/python3.8/site-packages/airflow/example_dags/example_bash_operator.py for tasks to queue
[2024-03-03T21:08:36.094+0000] {logging_mixin.py:188} INFO - [2024-03-03T21:08:36.094+0000] {dagbag.py:538} INFO - Filling up the DagBag from /home/airflow/.local/lib/python3.8/site-packages/airflow/example_dags/example_bash_operator.py
[2024-03-03T21:08:36.105+0000] {processor.py:840} INFO - DAG(s) 'example_bash_operator' retrieved from /home/airflow/.local/lib/python3.8/site-packages/airflow/example_dags/example_bash_operator.py
[2024-03-03T21:08:36.134+0000] {logging_mixin.py:188} INFO - [2024-03-03T21:08:36.134+0000] {dag.py:3036} INFO - Sync 1 DAGs
[2024-03-03T21:08:36.156+0000] {logging_mixin.py:188} INFO - [2024-03-03T21:08:36.156+0000] {dag.py:3823} INFO - Setting next_dagrun for example_bash_operator to 2024-03-02 00:00:00+00:00, run_after=2024-03-03 00:00:00+00:00
[2024-03-03T21:08:36.174+0000] {processor.py:183} INFO - Processing /home/airflow/.local/lib/python3.8/site-packages/airflow/example_dags/example_bash_operator.py took 0.086 seconds
[2024-03-03T21:09:06.721+0000] {processor.py:161} INFO - Started process (PID=800) to work on /home/airflow/.local/lib/python3.8/site-packages/airflow/example_dags/example_bash_operator.py
[2024-03-03T21:09:06.722+0000] {processor.py:830} INFO - Processing file /home/airflow/.local/lib/python3.8/site-packages/airflow/example_dags/example_bash_operator.py for tasks to queue
[2024-03-03T21:09:06.725+0000] {logging_mixin.py:188} INFO - [2024-03-03T21:09:06.724+0000] {dagbag.py:538} INFO - Filling up the DagBag from /home/airflow/.local/lib/python3.8/site-packages/airflow/example_dags/example_bash_operator.py
[2024-03-03T21:09:06.737+0000] {processor.py:840} INFO - DAG(s) 'example_bash_operator' retrieved from /home/airflow/.local/lib/python3.8/site-packages/airflow/example_dags/example_bash_operator.py
[2024-03-03T21:09:06.776+0000] {logging_mixin.py:188} INFO - [2024-03-03T21:09:06.776+0000] {dag.py:3036} INFO - Sync 1 DAGs
[2024-03-03T21:09:06.805+0000] {logging_mixin.py:188} INFO - [2024-03-03T21:09:06.805+0000] {dag.py:3823} INFO - Setting next_dagrun for example_bash_operator to 2024-03-02 00:00:00+00:00, run_after=2024-03-03 00:00:00+00:00
[2024-03-03T21:09:06.826+0000] {processor.py:183} INFO - Processing /home/airflow/.local/lib/python3.8/site-packages/airflow/example_dags/example_bash_operator.py took 0.109 seconds
[2024-03-03T21:09:36.948+0000] {processor.py:161} INFO - Started process (PID=855) to work on /home/airflow/.local/lib/python3.8/site-packages/airflow/example_dags/example_bash_operator.py
[2024-03-03T21:09:36.949+0000] {processor.py:830} INFO - Processing file /home/airflow/.local/lib/python3.8/site-packages/airflow/example_dags/example_bash_operator.py for tasks to queue
[2024-03-03T21:09:36.951+0000] {logging_mixin.py:188} INFO - [2024-03-03T21:09:36.951+0000] {dagbag.py:538} INFO - Filling up the DagBag from /home/airflow/.local/lib/python3.8/site-packages/airflow/example_dags/example_bash_operator.py
[2024-03-03T21:09:36.963+0000] {processor.py:840} INFO - DAG(s) 'example_bash_operator' retrieved from /home/airflow/.local/lib/python3.8/site-packages/airflow/example_dags/example_bash_operator.py
[2024-03-03T21:09:36.997+0000] {logging_mixin.py:188} INFO - [2024-03-03T21:09:36.997+0000] {dag.py:3036} INFO - Sync 1 DAGs
[2024-03-03T21:09:37.025+0000] {logging_mixin.py:188} INFO - [2024-03-03T21:09:37.025+0000] {dag.py:3823} INFO - Setting next_dagrun for example_bash_operator to 2024-03-02 00:00:00+00:00, run_after=2024-03-03 00:00:00+00:00
[2024-03-03T21:09:37.048+0000] {processor.py:183} INFO - Processing /home/airflow/.local/lib/python3.8/site-packages/airflow/example_dags/example_bash_operator.py took 0.103 seconds
[2024-03-03T21:10:07.449+0000] {processor.py:161} INFO - Started process (PID=910) to work on /home/airflow/.local/lib/python3.8/site-packages/airflow/example_dags/example_bash_operator.py
[2024-03-03T21:10:07.451+0000] {processor.py:830} INFO - Processing file /home/airflow/.local/lib/python3.8/site-packages/airflow/example_dags/example_bash_operator.py for tasks to queue
[2024-03-03T21:10:07.453+0000] {logging_mixin.py:188} INFO - [2024-03-03T21:10:07.452+0000] {dagbag.py:538} INFO - Filling up the DagBag from /home/airflow/.local/lib/python3.8/site-packages/airflow/example_dags/example_bash_operator.py
[2024-03-03T21:10:07.466+0000] {processor.py:840} INFO - DAG(s) 'example_bash_operator' retrieved from /home/airflow/.local/lib/python3.8/site-packages/airflow/example_dags/example_bash_operator.py
[2024-03-03T21:10:07.506+0000] {logging_mixin.py:188} INFO - [2024-03-03T21:10:07.505+0000] {dag.py:3036} INFO - Sync 1 DAGs
[2024-03-03T21:10:07.536+0000] {logging_mixin.py:188} INFO - [2024-03-03T21:10:07.535+0000] {dag.py:3823} INFO - Setting next_dagrun for example_bash_operator to 2024-03-02 00:00:00+00:00, run_after=2024-03-03 00:00:00+00:00
[2024-03-03T21:10:07.561+0000] {processor.py:183} INFO - Processing /home/airflow/.local/lib/python3.8/site-packages/airflow/example_dags/example_bash_operator.py took 0.115 seconds
[2024-03-03T21:10:37.817+0000] {processor.py:161} INFO - Started process (PID=965) to work on /home/airflow/.local/lib/python3.8/site-packages/airflow/example_dags/example_bash_operator.py
[2024-03-03T21:10:37.818+0000] {processor.py:830} INFO - Processing file /home/airflow/.local/lib/python3.8/site-packages/airflow/example_dags/example_bash_operator.py for tasks to queue
[2024-03-03T21:10:37.821+0000] {logging_mixin.py:188} INFO - [2024-03-03T21:10:37.820+0000] {dagbag.py:538} INFO - Filling up the DagBag from /home/airflow/.local/lib/python3.8/site-packages/airflow/example_dags/example_bash_operator.py
[2024-03-03T21:10:37.834+0000] {processor.py:840} INFO - DAG(s) 'example_bash_operator' retrieved from /home/airflow/.local/lib/python3.8/site-packages/airflow/example_dags/example_bash_operator.py
[2024-03-03T21:10:37.870+0000] {logging_mixin.py:188} INFO - [2024-03-03T21:10:37.870+0000] {dag.py:3036} INFO - Sync 1 DAGs
[2024-03-03T21:10:37.898+0000] {logging_mixin.py:188} INFO - [2024-03-03T21:10:37.897+0000] {dag.py:3823} INFO - Setting next_dagrun for example_bash_operator to 2024-03-02 00:00:00+00:00, run_after=2024-03-03 00:00:00+00:00
[2024-03-03T21:10:37.920+0000] {processor.py:183} INFO - Processing /home/airflow/.local/lib/python3.8/site-packages/airflow/example_dags/example_bash_operator.py took 0.106 seconds
[2024-03-03T21:11:08.074+0000] {processor.py:161} INFO - Started process (PID=1020) to work on /home/airflow/.local/lib/python3.8/site-packages/airflow/example_dags/example_bash_operator.py
[2024-03-03T21:11:08.075+0000] {processor.py:830} INFO - Processing file /home/airflow/.local/lib/python3.8/site-packages/airflow/example_dags/example_bash_operator.py for tasks to queue
[2024-03-03T21:11:08.077+0000] {logging_mixin.py:188} INFO - [2024-03-03T21:11:08.077+0000] {dagbag.py:538} INFO - Filling up the DagBag from /home/airflow/.local/lib/python3.8/site-packages/airflow/example_dags/example_bash_operator.py
[2024-03-03T21:11:08.092+0000] {processor.py:840} INFO - DAG(s) 'example_bash_operator' retrieved from /home/airflow/.local/lib/python3.8/site-packages/airflow/example_dags/example_bash_operator.py
[2024-03-03T21:11:08.137+0000] {logging_mixin.py:188} INFO - [2024-03-03T21:11:08.136+0000] {dag.py:3036} INFO - Sync 1 DAGs
[2024-03-03T21:11:08.167+0000] {logging_mixin.py:188} INFO - [2024-03-03T21:11:08.167+0000] {dag.py:3823} INFO - Setting next_dagrun for example_bash_operator to 2024-03-02 00:00:00+00:00, run_after=2024-03-03 00:00:00+00:00
[2024-03-03T21:11:08.193+0000] {processor.py:183} INFO - Processing /home/airflow/.local/lib/python3.8/site-packages/airflow/example_dags/example_bash_operator.py took 0.124 seconds
[2024-03-03T21:11:38.600+0000] {processor.py:161} INFO - Started process (PID=1075) to work on /home/airflow/.local/lib/python3.8/site-packages/airflow/example_dags/example_bash_operator.py
[2024-03-03T21:11:38.602+0000] {processor.py:830} INFO - Processing file /home/airflow/.local/lib/python3.8/site-packages/airflow/example_dags/example_bash_operator.py for tasks to queue
[2024-03-03T21:11:38.604+0000] {logging_mixin.py:188} INFO - [2024-03-03T21:11:38.603+0000] {dagbag.py:538} INFO - Filling up the DagBag from /home/airflow/.local/lib/python3.8/site-packages/airflow/example_dags/example_bash_operator.py
[2024-03-03T21:11:38.619+0000] {processor.py:840} INFO - DAG(s) 'example_bash_operator' retrieved from /home/airflow/.local/lib/python3.8/site-packages/airflow/example_dags/example_bash_operator.py
[2024-03-03T21:11:38.665+0000] {logging_mixin.py:188} INFO - [2024-03-03T21:11:38.665+0000] {dag.py:3036} INFO - Sync 1 DAGs
[2024-03-03T21:11:38.693+0000] {logging_mixin.py:188} INFO - [2024-03-03T21:11:38.693+0000] {dag.py:3823} INFO - Setting next_dagrun for example_bash_operator to 2024-03-02 00:00:00+00:00, run_after=2024-03-03 00:00:00+00:00
[2024-03-03T21:11:38.716+0000] {processor.py:183} INFO - Processing /home/airflow/.local/lib/python3.8/site-packages/airflow/example_dags/example_bash_operator.py took 0.120 seconds
[2024-03-03T21:12:09.166+0000] {processor.py:161} INFO - Started process (PID=1130) to work on /home/airflow/.local/lib/python3.8/site-packages/airflow/example_dags/example_bash_operator.py
[2024-03-03T21:12:09.167+0000] {processor.py:830} INFO - Processing file /home/airflow/.local/lib/python3.8/site-packages/airflow/example_dags/example_bash_operator.py for tasks to queue
[2024-03-03T21:12:09.169+0000] {logging_mixin.py:188} INFO - [2024-03-03T21:12:09.169+0000] {dagbag.py:538} INFO - Filling up the DagBag from /home/airflow/.local/lib/python3.8/site-packages/airflow/example_dags/example_bash_operator.py
[2024-03-03T21:12:09.182+0000] {processor.py:840} INFO - DAG(s) 'example_bash_operator' retrieved from /home/airflow/.local/lib/python3.8/site-packages/airflow/example_dags/example_bash_operator.py
[2024-03-03T21:12:09.216+0000] {logging_mixin.py:188} INFO - [2024-03-03T21:12:09.216+0000] {dag.py:3036} INFO - Sync 1 DAGs
[2024-03-03T21:12:09.246+0000] {logging_mixin.py:188} INFO - [2024-03-03T21:12:09.245+0000] {dag.py:3823} INFO - Setting next_dagrun for example_bash_operator to 2024-03-02 00:00:00+00:00, run_after=2024-03-03 00:00:00+00:00
[2024-03-03T21:12:09.271+0000] {processor.py:183} INFO - Processing /home/airflow/.local/lib/python3.8/site-packages/airflow/example_dags/example_bash_operator.py took 0.108 seconds
[2024-03-03T21:12:40.281+0000] {processor.py:161} INFO - Started process (PID=1185) to work on /home/airflow/.local/lib/python3.8/site-packages/airflow/example_dags/example_bash_operator.py
[2024-03-03T21:12:40.283+0000] {processor.py:830} INFO - Processing file /home/airflow/.local/lib/python3.8/site-packages/airflow/example_dags/example_bash_operator.py for tasks to queue
[2024-03-03T21:12:40.288+0000] {logging_mixin.py:188} INFO - [2024-03-03T21:12:40.286+0000] {dagbag.py:538} INFO - Filling up the DagBag from /home/airflow/.local/lib/python3.8/site-packages/airflow/example_dags/example_bash_operator.py
[2024-03-03T21:12:40.308+0000] {processor.py:840} INFO - DAG(s) 'example_bash_operator' retrieved from /home/airflow/.local/lib/python3.8/site-packages/airflow/example_dags/example_bash_operator.py
[2024-03-03T21:12:40.373+0000] {logging_mixin.py:188} INFO - [2024-03-03T21:12:40.372+0000] {dag.py:3036} INFO - Sync 1 DAGs
[2024-03-03T21:12:40.424+0000] {logging_mixin.py:188} INFO - [2024-03-03T21:12:40.424+0000] {dag.py:3823} INFO - Setting next_dagrun for example_bash_operator to 2024-03-02 00:00:00+00:00, run_after=2024-03-03 00:00:00+00:00
[2024-03-03T21:12:40.466+0000] {processor.py:183} INFO - Processing /home/airflow/.local/lib/python3.8/site-packages/airflow/example_dags/example_bash_operator.py took 0.191 seconds
[2024-03-03T21:13:10.853+0000] {processor.py:161} INFO - Started process (PID=1240) to work on /home/airflow/.local/lib/python3.8/site-packages/airflow/example_dags/example_bash_operator.py
[2024-03-03T21:13:10.855+0000] {processor.py:830} INFO - Processing file /home/airflow/.local/lib/python3.8/site-packages/airflow/example_dags/example_bash_operator.py for tasks to queue
[2024-03-03T21:13:10.859+0000] {logging_mixin.py:188} INFO - [2024-03-03T21:13:10.858+0000] {dagbag.py:538} INFO - Filling up the DagBag from /home/airflow/.local/lib/python3.8/site-packages/airflow/example_dags/example_bash_operator.py
[2024-03-03T21:13:10.880+0000] {processor.py:840} INFO - DAG(s) 'example_bash_operator' retrieved from /home/airflow/.local/lib/python3.8/site-packages/airflow/example_dags/example_bash_operator.py
[2024-03-03T21:13:10.939+0000] {logging_mixin.py:188} INFO - [2024-03-03T21:13:10.938+0000] {dag.py:3036} INFO - Sync 1 DAGs
[2024-03-03T21:13:10.989+0000] {logging_mixin.py:188} INFO - [2024-03-03T21:13:10.988+0000] {dag.py:3823} INFO - Setting next_dagrun for example_bash_operator to 2024-03-02 00:00:00+00:00, run_after=2024-03-03 00:00:00+00:00
[2024-03-03T21:13:11.030+0000] {processor.py:183} INFO - Processing /home/airflow/.local/lib/python3.8/site-packages/airflow/example_dags/example_bash_operator.py took 0.183 seconds
[2024-03-03T21:13:41.997+0000] {processor.py:161} INFO - Started process (PID=1295) to work on /home/airflow/.local/lib/python3.8/site-packages/airflow/example_dags/example_bash_operator.py
[2024-03-03T21:13:41.999+0000] {processor.py:830} INFO - Processing file /home/airflow/.local/lib/python3.8/site-packages/airflow/example_dags/example_bash_operator.py for tasks to queue
[2024-03-03T21:13:42.002+0000] {logging_mixin.py:188} INFO - [2024-03-03T21:13:42.001+0000] {dagbag.py:538} INFO - Filling up the DagBag from /home/airflow/.local/lib/python3.8/site-packages/airflow/example_dags/example_bash_operator.py
[2024-03-03T21:13:42.018+0000] {processor.py:840} INFO - DAG(s) 'example_bash_operator' retrieved from /home/airflow/.local/lib/python3.8/site-packages/airflow/example_dags/example_bash_operator.py
[2024-03-03T21:13:42.059+0000] {logging_mixin.py:188} INFO - [2024-03-03T21:13:42.058+0000] {dag.py:3036} INFO - Sync 1 DAGs
[2024-03-03T21:13:42.104+0000] {logging_mixin.py:188} INFO - [2024-03-03T21:13:42.103+0000] {dag.py:3823} INFO - Setting next_dagrun for example_bash_operator to 2024-03-02 00:00:00+00:00, run_after=2024-03-03 00:00:00+00:00
[2024-03-03T21:13:42.144+0000] {processor.py:183} INFO - Processing /home/airflow/.local/lib/python3.8/site-packages/airflow/example_dags/example_bash_operator.py took 0.153 seconds
[2024-03-03T21:14:12.356+0000] {processor.py:161} INFO - Started process (PID=1350) to work on /home/airflow/.local/lib/python3.8/site-packages/airflow/example_dags/example_bash_operator.py
[2024-03-03T21:14:12.357+0000] {processor.py:830} INFO - Processing file /home/airflow/.local/lib/python3.8/site-packages/airflow/example_dags/example_bash_operator.py for tasks to queue
[2024-03-03T21:14:12.361+0000] {logging_mixin.py:188} INFO - [2024-03-03T21:14:12.360+0000] {dagbag.py:538} INFO - Filling up the DagBag from /home/airflow/.local/lib/python3.8/site-packages/airflow/example_dags/example_bash_operator.py
[2024-03-03T21:14:12.378+0000] {processor.py:840} INFO - DAG(s) 'example_bash_operator' retrieved from /home/airflow/.local/lib/python3.8/site-packages/airflow/example_dags/example_bash_operator.py
[2024-03-03T21:14:12.421+0000] {logging_mixin.py:188} INFO - [2024-03-03T21:14:12.420+0000] {dag.py:3036} INFO - Sync 1 DAGs
[2024-03-03T21:14:12.452+0000] {logging_mixin.py:188} INFO - [2024-03-03T21:14:12.452+0000] {dag.py:3823} INFO - Setting next_dagrun for example_bash_operator to 2024-03-02 00:00:00+00:00, run_after=2024-03-03 00:00:00+00:00
[2024-03-03T21:14:12.477+0000] {processor.py:183} INFO - Processing /home/airflow/.local/lib/python3.8/site-packages/airflow/example_dags/example_bash_operator.py took 0.125 seconds
[2024-03-03T21:14:43.083+0000] {processor.py:161} INFO - Started process (PID=1405) to work on /home/airflow/.local/lib/python3.8/site-packages/airflow/example_dags/example_bash_operator.py
[2024-03-03T21:14:43.085+0000] {processor.py:830} INFO - Processing file /home/airflow/.local/lib/python3.8/site-packages/airflow/example_dags/example_bash_operator.py for tasks to queue
[2024-03-03T21:14:43.088+0000] {logging_mixin.py:188} INFO - [2024-03-03T21:14:43.087+0000] {dagbag.py:538} INFO - Filling up the DagBag from /home/airflow/.local/lib/python3.8/site-packages/airflow/example_dags/example_bash_operator.py
[2024-03-03T21:14:43.103+0000] {processor.py:840} INFO - DAG(s) 'example_bash_operator' retrieved from /home/airflow/.local/lib/python3.8/site-packages/airflow/example_dags/example_bash_operator.py
[2024-03-03T21:14:43.148+0000] {logging_mixin.py:188} INFO - [2024-03-03T21:14:43.148+0000] {dag.py:3036} INFO - Sync 1 DAGs
[2024-03-03T21:14:43.184+0000] {logging_mixin.py:188} INFO - [2024-03-03T21:14:43.183+0000] {dag.py:3823} INFO - Setting next_dagrun for example_bash_operator to 2024-03-02 00:00:00+00:00, run_after=2024-03-03 00:00:00+00:00
[2024-03-03T21:14:43.209+0000] {processor.py:183} INFO - Processing /home/airflow/.local/lib/python3.8/site-packages/airflow/example_dags/example_bash_operator.py took 0.129 seconds
[2024-03-03T21:15:13.463+0000] {processor.py:161} INFO - Started process (PID=1460) to work on /home/airflow/.local/lib/python3.8/site-packages/airflow/example_dags/example_bash_operator.py
[2024-03-03T21:15:13.465+0000] {processor.py:830} INFO - Processing file /home/airflow/.local/lib/python3.8/site-packages/airflow/example_dags/example_bash_operator.py for tasks to queue
[2024-03-03T21:15:13.468+0000] {logging_mixin.py:188} INFO - [2024-03-03T21:15:13.467+0000] {dagbag.py:538} INFO - Filling up the DagBag from /home/airflow/.local/lib/python3.8/site-packages/airflow/example_dags/example_bash_operator.py
[2024-03-03T21:15:13.485+0000] {processor.py:840} INFO - DAG(s) 'example_bash_operator' retrieved from /home/airflow/.local/lib/python3.8/site-packages/airflow/example_dags/example_bash_operator.py
[2024-03-03T21:15:13.534+0000] {logging_mixin.py:188} INFO - [2024-03-03T21:15:13.534+0000] {dag.py:3036} INFO - Sync 1 DAGs
[2024-03-03T21:15:13.571+0000] {logging_mixin.py:188} INFO - [2024-03-03T21:15:13.571+0000] {dag.py:3823} INFO - Setting next_dagrun for example_bash_operator to 2024-03-02 00:00:00+00:00, run_after=2024-03-03 00:00:00+00:00
[2024-03-03T21:15:13.600+0000] {processor.py:183} INFO - Processing /home/airflow/.local/lib/python3.8/site-packages/airflow/example_dags/example_bash_operator.py took 0.143 seconds
[2024-03-03T21:15:44.061+0000] {processor.py:161} INFO - Started process (PID=1515) to work on /home/airflow/.local/lib/python3.8/site-packages/airflow/example_dags/example_bash_operator.py
[2024-03-03T21:15:44.062+0000] {processor.py:830} INFO - Processing file /home/airflow/.local/lib/python3.8/site-packages/airflow/example_dags/example_bash_operator.py for tasks to queue
[2024-03-03T21:15:44.066+0000] {logging_mixin.py:188} INFO - [2024-03-03T21:15:44.065+0000] {dagbag.py:538} INFO - Filling up the DagBag from /home/airflow/.local/lib/python3.8/site-packages/airflow/example_dags/example_bash_operator.py
[2024-03-03T21:15:44.089+0000] {processor.py:840} INFO - DAG(s) 'example_bash_operator' retrieved from /home/airflow/.local/lib/python3.8/site-packages/airflow/example_dags/example_bash_operator.py
[2024-03-03T21:15:44.133+0000] {logging_mixin.py:188} INFO - [2024-03-03T21:15:44.133+0000] {dag.py:3036} INFO - Sync 1 DAGs
[2024-03-03T21:15:44.169+0000] {logging_mixin.py:188} INFO - [2024-03-03T21:15:44.169+0000] {dag.py:3823} INFO - Setting next_dagrun for example_bash_operator to 2024-03-02 00:00:00+00:00, run_after=2024-03-03 00:00:00+00:00
[2024-03-03T21:15:44.204+0000] {processor.py:183} INFO - Processing /home/airflow/.local/lib/python3.8/site-packages/airflow/example_dags/example_bash_operator.py took 0.149 seconds
[2024-03-03T21:16:14.615+0000] {processor.py:161} INFO - Started process (PID=1570) to work on /home/airflow/.local/lib/python3.8/site-packages/airflow/example_dags/example_bash_operator.py
[2024-03-03T21:16:14.616+0000] {processor.py:830} INFO - Processing file /home/airflow/.local/lib/python3.8/site-packages/airflow/example_dags/example_bash_operator.py for tasks to queue
[2024-03-03T21:16:14.619+0000] {logging_mixin.py:188} INFO - [2024-03-03T21:16:14.618+0000] {dagbag.py:538} INFO - Filling up the DagBag from /home/airflow/.local/lib/python3.8/site-packages/airflow/example_dags/example_bash_operator.py
[2024-03-03T21:16:14.633+0000] {processor.py:840} INFO - DAG(s) 'example_bash_operator' retrieved from /home/airflow/.local/lib/python3.8/site-packages/airflow/example_dags/example_bash_operator.py
[2024-03-03T21:16:14.672+0000] {logging_mixin.py:188} INFO - [2024-03-03T21:16:14.672+0000] {dag.py:3036} INFO - Sync 1 DAGs
[2024-03-03T21:16:14.709+0000] {logging_mixin.py:188} INFO - [2024-03-03T21:16:14.709+0000] {dag.py:3823} INFO - Setting next_dagrun for example_bash_operator to 2024-03-02 00:00:00+00:00, run_after=2024-03-03 00:00:00+00:00
[2024-03-03T21:16:14.749+0000] {processor.py:183} INFO - Processing /home/airflow/.local/lib/python3.8/site-packages/airflow/example_dags/example_bash_operator.py took 0.137 seconds
[2024-03-03T21:16:44.803+0000] {processor.py:161} INFO - Started process (PID=1625) to work on /home/airflow/.local/lib/python3.8/site-packages/airflow/example_dags/example_bash_operator.py
[2024-03-03T21:16:44.804+0000] {processor.py:830} INFO - Processing file /home/airflow/.local/lib/python3.8/site-packages/airflow/example_dags/example_bash_operator.py for tasks to queue
[2024-03-03T21:16:44.806+0000] {logging_mixin.py:188} INFO - [2024-03-03T21:16:44.805+0000] {dagbag.py:538} INFO - Filling up the DagBag from /home/airflow/.local/lib/python3.8/site-packages/airflow/example_dags/example_bash_operator.py
[2024-03-03T21:16:44.817+0000] {processor.py:840} INFO - DAG(s) 'example_bash_operator' retrieved from /home/airflow/.local/lib/python3.8/site-packages/airflow/example_dags/example_bash_operator.py
[2024-03-03T21:16:44.846+0000] {logging_mixin.py:188} INFO - [2024-03-03T21:16:44.845+0000] {dag.py:3036} INFO - Sync 1 DAGs
[2024-03-03T21:16:44.870+0000] {logging_mixin.py:188} INFO - [2024-03-03T21:16:44.870+0000] {dag.py:3823} INFO - Setting next_dagrun for example_bash_operator to 2024-03-02 00:00:00+00:00, run_after=2024-03-03 00:00:00+00:00
[2024-03-03T21:16:44.890+0000] {processor.py:183} INFO - Processing /home/airflow/.local/lib/python3.8/site-packages/airflow/example_dags/example_bash_operator.py took 0.091 seconds
[2024-03-03T21:17:15.062+0000] {processor.py:161} INFO - Started process (PID=1680) to work on /home/airflow/.local/lib/python3.8/site-packages/airflow/example_dags/example_bash_operator.py
[2024-03-03T21:17:15.064+0000] {processor.py:830} INFO - Processing file /home/airflow/.local/lib/python3.8/site-packages/airflow/example_dags/example_bash_operator.py for tasks to queue
[2024-03-03T21:17:15.066+0000] {logging_mixin.py:188} INFO - [2024-03-03T21:17:15.066+0000] {dagbag.py:538} INFO - Filling up the DagBag from /home/airflow/.local/lib/python3.8/site-packages/airflow/example_dags/example_bash_operator.py
[2024-03-03T21:17:15.084+0000] {processor.py:840} INFO - DAG(s) 'example_bash_operator' retrieved from /home/airflow/.local/lib/python3.8/site-packages/airflow/example_dags/example_bash_operator.py
[2024-03-03T21:17:15.133+0000] {logging_mixin.py:188} INFO - [2024-03-03T21:17:15.133+0000] {dag.py:3036} INFO - Sync 1 DAGs
[2024-03-03T21:17:15.162+0000] {logging_mixin.py:188} INFO - [2024-03-03T21:17:15.162+0000] {dag.py:3823} INFO - Setting next_dagrun for example_bash_operator to 2024-03-02 00:00:00+00:00, run_after=2024-03-03 00:00:00+00:00
[2024-03-03T21:17:15.181+0000] {processor.py:183} INFO - Processing /home/airflow/.local/lib/python3.8/site-packages/airflow/example_dags/example_bash_operator.py took 0.123 seconds
[2024-03-03T21:17:45.395+0000] {processor.py:161} INFO - Started process (PID=1735) to work on /home/airflow/.local/lib/python3.8/site-packages/airflow/example_dags/example_bash_operator.py
[2024-03-03T21:17:45.397+0000] {processor.py:830} INFO - Processing file /home/airflow/.local/lib/python3.8/site-packages/airflow/example_dags/example_bash_operator.py for tasks to queue
[2024-03-03T21:17:45.400+0000] {logging_mixin.py:188} INFO - [2024-03-03T21:17:45.399+0000] {dagbag.py:538} INFO - Filling up the DagBag from /home/airflow/.local/lib/python3.8/site-packages/airflow/example_dags/example_bash_operator.py
[2024-03-03T21:17:45.412+0000] {processor.py:840} INFO - DAG(s) 'example_bash_operator' retrieved from /home/airflow/.local/lib/python3.8/site-packages/airflow/example_dags/example_bash_operator.py
[2024-03-03T21:17:45.448+0000] {logging_mixin.py:188} INFO - [2024-03-03T21:17:45.447+0000] {dag.py:3036} INFO - Sync 1 DAGs
[2024-03-03T21:17:45.474+0000] {logging_mixin.py:188} INFO - [2024-03-03T21:17:45.474+0000] {dag.py:3823} INFO - Setting next_dagrun for example_bash_operator to 2024-03-02 00:00:00+00:00, run_after=2024-03-03 00:00:00+00:00
[2024-03-03T21:17:45.496+0000] {processor.py:183} INFO - Processing /home/airflow/.local/lib/python3.8/site-packages/airflow/example_dags/example_bash_operator.py took 0.104 seconds
[2024-03-03T21:18:16.332+0000] {processor.py:161} INFO - Started process (PID=1790) to work on /home/airflow/.local/lib/python3.8/site-packages/airflow/example_dags/example_bash_operator.py
[2024-03-03T21:18:16.334+0000] {processor.py:830} INFO - Processing file /home/airflow/.local/lib/python3.8/site-packages/airflow/example_dags/example_bash_operator.py for tasks to queue
[2024-03-03T21:18:16.337+0000] {logging_mixin.py:188} INFO - [2024-03-03T21:18:16.337+0000] {dagbag.py:538} INFO - Filling up the DagBag from /home/airflow/.local/lib/python3.8/site-packages/airflow/example_dags/example_bash_operator.py
[2024-03-03T21:18:16.358+0000] {processor.py:840} INFO - DAG(s) 'example_bash_operator' retrieved from /home/airflow/.local/lib/python3.8/site-packages/airflow/example_dags/example_bash_operator.py
[2024-03-03T21:18:16.411+0000] {logging_mixin.py:188} INFO - [2024-03-03T21:18:16.411+0000] {dag.py:3036} INFO - Sync 1 DAGs
[2024-03-03T21:18:16.447+0000] {logging_mixin.py:188} INFO - [2024-03-03T21:18:16.447+0000] {dag.py:3823} INFO - Setting next_dagrun for example_bash_operator to 2024-03-02 00:00:00+00:00, run_after=2024-03-03 00:00:00+00:00
[2024-03-03T21:18:16.472+0000] {processor.py:183} INFO - Processing /home/airflow/.local/lib/python3.8/site-packages/airflow/example_dags/example_bash_operator.py took 0.144 seconds
[2024-03-03T21:18:46.725+0000] {processor.py:161} INFO - Started process (PID=1845) to work on /home/airflow/.local/lib/python3.8/site-packages/airflow/example_dags/example_bash_operator.py
[2024-03-03T21:18:46.727+0000] {processor.py:830} INFO - Processing file /home/airflow/.local/lib/python3.8/site-packages/airflow/example_dags/example_bash_operator.py for tasks to queue
[2024-03-03T21:18:46.731+0000] {logging_mixin.py:188} INFO - [2024-03-03T21:18:46.731+0000] {dagbag.py:538} INFO - Filling up the DagBag from /home/airflow/.local/lib/python3.8/site-packages/airflow/example_dags/example_bash_operator.py
[2024-03-03T21:18:46.752+0000] {processor.py:840} INFO - DAG(s) 'example_bash_operator' retrieved from /home/airflow/.local/lib/python3.8/site-packages/airflow/example_dags/example_bash_operator.py
[2024-03-03T21:18:46.816+0000] {logging_mixin.py:188} INFO - [2024-03-03T21:18:46.812+0000] {dag.py:3036} INFO - Sync 1 DAGs
[2024-03-03T21:18:46.882+0000] {logging_mixin.py:188} INFO - [2024-03-03T21:18:46.881+0000] {dag.py:3823} INFO - Setting next_dagrun for example_bash_operator to 2024-03-02 00:00:00+00:00, run_after=2024-03-03 00:00:00+00:00
[2024-03-03T21:18:46.934+0000] {processor.py:183} INFO - Processing /home/airflow/.local/lib/python3.8/site-packages/airflow/example_dags/example_bash_operator.py took 0.213 seconds
[2024-03-03T21:19:17.738+0000] {processor.py:161} INFO - Started process (PID=1900) to work on /home/airflow/.local/lib/python3.8/site-packages/airflow/example_dags/example_bash_operator.py
[2024-03-03T21:19:17.740+0000] {processor.py:830} INFO - Processing file /home/airflow/.local/lib/python3.8/site-packages/airflow/example_dags/example_bash_operator.py for tasks to queue
[2024-03-03T21:19:17.742+0000] {logging_mixin.py:188} INFO - [2024-03-03T21:19:17.742+0000] {dagbag.py:538} INFO - Filling up the DagBag from /home/airflow/.local/lib/python3.8/site-packages/airflow/example_dags/example_bash_operator.py
[2024-03-03T21:19:17.761+0000] {processor.py:840} INFO - DAG(s) 'example_bash_operator' retrieved from /home/airflow/.local/lib/python3.8/site-packages/airflow/example_dags/example_bash_operator.py
[2024-03-03T21:19:17.807+0000] {logging_mixin.py:188} INFO - [2024-03-03T21:19:17.807+0000] {dag.py:3036} INFO - Sync 1 DAGs
[2024-03-03T21:19:17.841+0000] {logging_mixin.py:188} INFO - [2024-03-03T21:19:17.841+0000] {dag.py:3823} INFO - Setting next_dagrun for example_bash_operator to 2024-03-02 00:00:00+00:00, run_after=2024-03-03 00:00:00+00:00
[2024-03-03T21:19:17.873+0000] {processor.py:183} INFO - Processing /home/airflow/.local/lib/python3.8/site-packages/airflow/example_dags/example_bash_operator.py took 0.139 seconds
[2024-03-03T21:19:48.035+0000] {processor.py:161} INFO - Started process (PID=1955) to work on /home/airflow/.local/lib/python3.8/site-packages/airflow/example_dags/example_bash_operator.py
[2024-03-03T21:19:48.037+0000] {processor.py:830} INFO - Processing file /home/airflow/.local/lib/python3.8/site-packages/airflow/example_dags/example_bash_operator.py for tasks to queue
[2024-03-03T21:19:48.041+0000] {logging_mixin.py:188} INFO - [2024-03-03T21:19:48.040+0000] {dagbag.py:538} INFO - Filling up the DagBag from /home/airflow/.local/lib/python3.8/site-packages/airflow/example_dags/example_bash_operator.py
[2024-03-03T21:19:48.061+0000] {processor.py:840} INFO - DAG(s) 'example_bash_operator' retrieved from /home/airflow/.local/lib/python3.8/site-packages/airflow/example_dags/example_bash_operator.py
[2024-03-03T21:19:48.120+0000] {logging_mixin.py:188} INFO - [2024-03-03T21:19:48.120+0000] {dag.py:3036} INFO - Sync 1 DAGs
[2024-03-03T21:19:48.164+0000] {logging_mixin.py:188} INFO - [2024-03-03T21:19:48.164+0000] {dag.py:3823} INFO - Setting next_dagrun for example_bash_operator to 2024-03-02 00:00:00+00:00, run_after=2024-03-03 00:00:00+00:00
[2024-03-03T21:19:48.195+0000] {processor.py:183} INFO - Processing /home/airflow/.local/lib/python3.8/site-packages/airflow/example_dags/example_bash_operator.py took 0.165 seconds
[2024-03-03T21:20:18.734+0000] {processor.py:161} INFO - Started process (PID=2010) to work on /home/airflow/.local/lib/python3.8/site-packages/airflow/example_dags/example_bash_operator.py
[2024-03-03T21:20:18.735+0000] {processor.py:830} INFO - Processing file /home/airflow/.local/lib/python3.8/site-packages/airflow/example_dags/example_bash_operator.py for tasks to queue
[2024-03-03T21:20:18.738+0000] {logging_mixin.py:188} INFO - [2024-03-03T21:20:18.737+0000] {dagbag.py:538} INFO - Filling up the DagBag from /home/airflow/.local/lib/python3.8/site-packages/airflow/example_dags/example_bash_operator.py
[2024-03-03T21:20:18.756+0000] {processor.py:840} INFO - DAG(s) 'example_bash_operator' retrieved from /home/airflow/.local/lib/python3.8/site-packages/airflow/example_dags/example_bash_operator.py
[2024-03-03T21:20:18.800+0000] {logging_mixin.py:188} INFO - [2024-03-03T21:20:18.799+0000] {dag.py:3036} INFO - Sync 1 DAGs
[2024-03-03T21:20:18.849+0000] {logging_mixin.py:188} INFO - [2024-03-03T21:20:18.848+0000] {dag.py:3823} INFO - Setting next_dagrun for example_bash_operator to 2024-03-02 00:00:00+00:00, run_after=2024-03-03 00:00:00+00:00
[2024-03-03T21:20:18.890+0000] {processor.py:183} INFO - Processing /home/airflow/.local/lib/python3.8/site-packages/airflow/example_dags/example_bash_operator.py took 0.161 seconds
[2024-03-03T21:20:49.808+0000] {processor.py:161} INFO - Started process (PID=2065) to work on /home/airflow/.local/lib/python3.8/site-packages/airflow/example_dags/example_bash_operator.py
[2024-03-03T21:20:49.810+0000] {processor.py:830} INFO - Processing file /home/airflow/.local/lib/python3.8/site-packages/airflow/example_dags/example_bash_operator.py for tasks to queue
[2024-03-03T21:20:49.812+0000] {logging_mixin.py:188} INFO - [2024-03-03T21:20:49.812+0000] {dagbag.py:538} INFO - Filling up the DagBag from /home/airflow/.local/lib/python3.8/site-packages/airflow/example_dags/example_bash_operator.py
[2024-03-03T21:20:49.823+0000] {processor.py:840} INFO - DAG(s) 'example_bash_operator' retrieved from /home/airflow/.local/lib/python3.8/site-packages/airflow/example_dags/example_bash_operator.py
[2024-03-03T21:20:49.865+0000] {logging_mixin.py:188} INFO - [2024-03-03T21:20:49.864+0000] {dag.py:3036} INFO - Sync 1 DAGs
[2024-03-03T21:20:49.903+0000] {logging_mixin.py:188} INFO - [2024-03-03T21:20:49.902+0000] {dag.py:3823} INFO - Setting next_dagrun for example_bash_operator to 2024-03-02 00:00:00+00:00, run_after=2024-03-03 00:00:00+00:00
[2024-03-03T21:20:49.940+0000] {processor.py:183} INFO - Processing /home/airflow/.local/lib/python3.8/site-packages/airflow/example_dags/example_bash_operator.py took 0.136 seconds
[2024-03-03T21:21:20.602+0000] {processor.py:161} INFO - Started process (PID=2120) to work on /home/airflow/.local/lib/python3.8/site-packages/airflow/example_dags/example_bash_operator.py
[2024-03-03T21:21:20.603+0000] {processor.py:830} INFO - Processing file /home/airflow/.local/lib/python3.8/site-packages/airflow/example_dags/example_bash_operator.py for tasks to queue
[2024-03-03T21:21:20.605+0000] {logging_mixin.py:188} INFO - [2024-03-03T21:21:20.605+0000] {dagbag.py:538} INFO - Filling up the DagBag from /home/airflow/.local/lib/python3.8/site-packages/airflow/example_dags/example_bash_operator.py
[2024-03-03T21:21:20.617+0000] {processor.py:840} INFO - DAG(s) 'example_bash_operator' retrieved from /home/airflow/.local/lib/python3.8/site-packages/airflow/example_dags/example_bash_operator.py
[2024-03-03T21:21:20.650+0000] {logging_mixin.py:188} INFO - [2024-03-03T21:21:20.650+0000] {dag.py:3036} INFO - Sync 1 DAGs
[2024-03-03T21:21:20.676+0000] {logging_mixin.py:188} INFO - [2024-03-03T21:21:20.676+0000] {dag.py:3823} INFO - Setting next_dagrun for example_bash_operator to 2024-03-02 00:00:00+00:00, run_after=2024-03-03 00:00:00+00:00
[2024-03-03T21:21:20.698+0000] {processor.py:183} INFO - Processing /home/airflow/.local/lib/python3.8/site-packages/airflow/example_dags/example_bash_operator.py took 0.099 seconds
[2024-03-03T21:21:51.485+0000] {processor.py:161} INFO - Started process (PID=2175) to work on /home/airflow/.local/lib/python3.8/site-packages/airflow/example_dags/example_bash_operator.py
[2024-03-03T21:21:51.486+0000] {processor.py:830} INFO - Processing file /home/airflow/.local/lib/python3.8/site-packages/airflow/example_dags/example_bash_operator.py for tasks to queue
[2024-03-03T21:21:51.488+0000] {logging_mixin.py:188} INFO - [2024-03-03T21:21:51.488+0000] {dagbag.py:538} INFO - Filling up the DagBag from /home/airflow/.local/lib/python3.8/site-packages/airflow/example_dags/example_bash_operator.py
[2024-03-03T21:21:51.501+0000] {processor.py:840} INFO - DAG(s) 'example_bash_operator' retrieved from /home/airflow/.local/lib/python3.8/site-packages/airflow/example_dags/example_bash_operator.py
[2024-03-03T21:21:51.539+0000] {logging_mixin.py:188} INFO - [2024-03-03T21:21:51.538+0000] {dag.py:3036} INFO - Sync 1 DAGs
[2024-03-03T21:21:51.570+0000] {logging_mixin.py:188} INFO - [2024-03-03T21:21:51.570+0000] {dag.py:3823} INFO - Setting next_dagrun for example_bash_operator to 2024-03-02 00:00:00+00:00, run_after=2024-03-03 00:00:00+00:00
[2024-03-03T21:21:51.596+0000] {processor.py:183} INFO - Processing /home/airflow/.local/lib/python3.8/site-packages/airflow/example_dags/example_bash_operator.py took 0.115 seconds
[2024-03-03T21:22:21.766+0000] {processor.py:161} INFO - Started process (PID=2230) to work on /home/airflow/.local/lib/python3.8/site-packages/airflow/example_dags/example_bash_operator.py
[2024-03-03T21:22:21.767+0000] {processor.py:830} INFO - Processing file /home/airflow/.local/lib/python3.8/site-packages/airflow/example_dags/example_bash_operator.py for tasks to queue
[2024-03-03T21:22:21.769+0000] {logging_mixin.py:188} INFO - [2024-03-03T21:22:21.769+0000] {dagbag.py:538} INFO - Filling up the DagBag from /home/airflow/.local/lib/python3.8/site-packages/airflow/example_dags/example_bash_operator.py
[2024-03-03T21:22:21.779+0000] {processor.py:840} INFO - DAG(s) 'example_bash_operator' retrieved from /home/airflow/.local/lib/python3.8/site-packages/airflow/example_dags/example_bash_operator.py
[2024-03-03T21:22:21.808+0000] {logging_mixin.py:188} INFO - [2024-03-03T21:22:21.808+0000] {dag.py:3036} INFO - Sync 1 DAGs
[2024-03-03T21:22:21.834+0000] {logging_mixin.py:188} INFO - [2024-03-03T21:22:21.834+0000] {dag.py:3823} INFO - Setting next_dagrun for example_bash_operator to 2024-03-02 00:00:00+00:00, run_after=2024-03-03 00:00:00+00:00
[2024-03-03T21:22:21.855+0000] {processor.py:183} INFO - Processing /home/airflow/.local/lib/python3.8/site-packages/airflow/example_dags/example_bash_operator.py took 0.091 seconds
