[2024-03-03T19:52:07.290+0000] {processor.py:161} INFO - Started process (PID=50) to work on /home/airflow/.local/lib/python3.8/site-packages/airflow/example_dags/example_complex.py
[2024-03-03T19:52:07.293+0000] {processor.py:830} INFO - Processing file /home/airflow/.local/lib/python3.8/site-packages/airflow/example_dags/example_complex.py for tasks to queue
[2024-03-03T19:52:07.299+0000] {logging_mixin.py:188} INFO - [2024-03-03T19:52:07.298+0000] {dagbag.py:538} INFO - Filling up the DagBag from /home/airflow/.local/lib/python3.8/site-packages/airflow/example_dags/example_complex.py
[2024-03-03T19:52:07.344+0000] {processor.py:840} INFO - DAG(s) 'example_complex' retrieved from /home/airflow/.local/lib/python3.8/site-packages/airflow/example_dags/example_complex.py
[2024-03-03T19:52:07.595+0000] {logging_mixin.py:188} INFO - [2024-03-03T19:52:07.593+0000] {override.py:1769} INFO - Created Permission View: can delete on DAG:example_complex
[2024-03-03T19:52:07.613+0000] {logging_mixin.py:188} INFO - [2024-03-03T19:52:07.612+0000] {override.py:1769} INFO - Created Permission View: can edit on DAG:example_complex
[2024-03-03T19:52:07.637+0000] {logging_mixin.py:188} INFO - [2024-03-03T19:52:07.636+0000] {override.py:1769} INFO - Created Permission View: can read on DAG:example_complex
[2024-03-03T19:52:07.638+0000] {logging_mixin.py:188} INFO - [2024-03-03T19:52:07.638+0000] {dag.py:3036} INFO - Sync 1 DAGs
[2024-03-03T19:52:07.653+0000] {logging_mixin.py:188} INFO - [2024-03-03T19:52:07.653+0000] {dag.py:3058} INFO - Creating ORM DAG for example_complex
[2024-03-03T19:52:07.655+0000] {logging_mixin.py:188} INFO - [2024-03-03T19:52:07.655+0000] {dag.py:3823} INFO - Setting next_dagrun for example_complex to None, run_after=None
[2024-03-03T19:52:07.694+0000] {processor.py:183} INFO - Processing /home/airflow/.local/lib/python3.8/site-packages/airflow/example_dags/example_complex.py took 0.409 seconds
[2024-03-03T19:53:11.084+0000] {processor.py:161} INFO - Started process (PID=73) to work on /home/airflow/.local/lib/python3.8/site-packages/airflow/example_dags/example_complex.py
[2024-03-03T19:53:11.086+0000] {processor.py:830} INFO - Processing file /home/airflow/.local/lib/python3.8/site-packages/airflow/example_dags/example_complex.py for tasks to queue
[2024-03-03T19:53:11.089+0000] {logging_mixin.py:188} INFO - [2024-03-03T19:53:11.088+0000] {dagbag.py:538} INFO - Filling up the DagBag from /home/airflow/.local/lib/python3.8/site-packages/airflow/example_dags/example_complex.py
[2024-03-03T19:53:11.122+0000] {processor.py:840} INFO - DAG(s) 'example_complex' retrieved from /home/airflow/.local/lib/python3.8/site-packages/airflow/example_dags/example_complex.py
[2024-03-03T19:53:11.248+0000] {logging_mixin.py:188} INFO - [2024-03-03T19:53:11.247+0000] {dag.py:3036} INFO - Sync 1 DAGs
[2024-03-03T19:53:11.281+0000] {logging_mixin.py:188} INFO - [2024-03-03T19:53:11.281+0000] {dag.py:3823} INFO - Setting next_dagrun for example_complex to None, run_after=None
[2024-03-03T19:53:11.345+0000] {processor.py:183} INFO - Processing /home/airflow/.local/lib/python3.8/site-packages/airflow/example_dags/example_complex.py took 0.266 seconds
[2024-03-03T20:00:52.949+0000] {processor.py:161} INFO - Started process (PID=129) to work on /home/airflow/.local/lib/python3.8/site-packages/airflow/example_dags/example_complex.py
[2024-03-03T20:00:52.952+0000] {processor.py:830} INFO - Processing file /home/airflow/.local/lib/python3.8/site-packages/airflow/example_dags/example_complex.py for tasks to queue
[2024-03-03T20:00:52.955+0000] {logging_mixin.py:188} INFO - [2024-03-03T20:00:52.954+0000] {dagbag.py:538} INFO - Filling up the DagBag from /home/airflow/.local/lib/python3.8/site-packages/airflow/example_dags/example_complex.py
[2024-03-03T20:00:52.977+0000] {processor.py:840} INFO - DAG(s) 'example_complex' retrieved from /home/airflow/.local/lib/python3.8/site-packages/airflow/example_dags/example_complex.py
[2024-03-03T20:00:53.029+0000] {logging_mixin.py:188} INFO - [2024-03-03T20:00:53.028+0000] {dag.py:3036} INFO - Sync 1 DAGs
[2024-03-03T20:00:53.045+0000] {logging_mixin.py:188} INFO - [2024-03-03T20:00:53.045+0000] {dag.py:3823} INFO - Setting next_dagrun for example_complex to None, run_after=None
[2024-03-03T20:00:53.074+0000] {processor.py:183} INFO - Processing /home/airflow/.local/lib/python3.8/site-packages/airflow/example_dags/example_complex.py took 0.132 seconds
[2024-03-03T20:05:05.889+0000] {processor.py:161} INFO - Started process (PID=154) to work on /home/airflow/.local/lib/python3.8/site-packages/airflow/example_dags/example_complex.py
[2024-03-03T20:05:05.893+0000] {processor.py:830} INFO - Processing file /home/airflow/.local/lib/python3.8/site-packages/airflow/example_dags/example_complex.py for tasks to queue
[2024-03-03T20:05:05.896+0000] {logging_mixin.py:188} INFO - [2024-03-03T20:05:05.895+0000] {dagbag.py:538} INFO - Filling up the DagBag from /home/airflow/.local/lib/python3.8/site-packages/airflow/example_dags/example_complex.py
[2024-03-03T20:05:05.923+0000] {processor.py:840} INFO - DAG(s) 'example_complex' retrieved from /home/airflow/.local/lib/python3.8/site-packages/airflow/example_dags/example_complex.py
[2024-03-03T20:05:06.039+0000] {logging_mixin.py:188} INFO - [2024-03-03T20:05:06.039+0000] {dag.py:3036} INFO - Sync 1 DAGs
[2024-03-03T20:05:06.070+0000] {logging_mixin.py:188} INFO - [2024-03-03T20:05:06.070+0000] {dag.py:3823} INFO - Setting next_dagrun for example_complex to None, run_after=None
[2024-03-03T20:05:06.127+0000] {processor.py:183} INFO - Processing /home/airflow/.local/lib/python3.8/site-packages/airflow/example_dags/example_complex.py took 0.250 seconds
[2024-03-03T20:05:37.106+0000] {processor.py:161} INFO - Started process (PID=210) to work on /home/airflow/.local/lib/python3.8/site-packages/airflow/example_dags/example_complex.py
[2024-03-03T20:05:37.108+0000] {processor.py:830} INFO - Processing file /home/airflow/.local/lib/python3.8/site-packages/airflow/example_dags/example_complex.py for tasks to queue
[2024-03-03T20:05:37.110+0000] {logging_mixin.py:188} INFO - [2024-03-03T20:05:37.109+0000] {dagbag.py:538} INFO - Filling up the DagBag from /home/airflow/.local/lib/python3.8/site-packages/airflow/example_dags/example_complex.py
[2024-03-03T20:05:37.135+0000] {processor.py:840} INFO - DAG(s) 'example_complex' retrieved from /home/airflow/.local/lib/python3.8/site-packages/airflow/example_dags/example_complex.py
[2024-03-03T20:05:37.246+0000] {logging_mixin.py:188} INFO - [2024-03-03T20:05:37.246+0000] {dag.py:3036} INFO - Sync 1 DAGs
[2024-03-03T20:05:37.298+0000] {logging_mixin.py:188} INFO - [2024-03-03T20:05:37.298+0000] {dag.py:3823} INFO - Setting next_dagrun for example_complex to None, run_after=None
[2024-03-03T20:05:37.397+0000] {processor.py:183} INFO - Processing /home/airflow/.local/lib/python3.8/site-packages/airflow/example_dags/example_complex.py took 0.299 seconds
[2024-03-03T20:08:12.823+0000] {processor.py:161} INFO - Started process (PID=231) to work on /home/airflow/.local/lib/python3.8/site-packages/airflow/example_dags/example_complex.py
[2024-03-03T20:08:12.826+0000] {processor.py:830} INFO - Processing file /home/airflow/.local/lib/python3.8/site-packages/airflow/example_dags/example_complex.py for tasks to queue
[2024-03-03T20:08:12.829+0000] {logging_mixin.py:188} INFO - [2024-03-03T20:08:12.829+0000] {dagbag.py:538} INFO - Filling up the DagBag from /home/airflow/.local/lib/python3.8/site-packages/airflow/example_dags/example_complex.py
[2024-03-03T20:08:12.861+0000] {processor.py:840} INFO - DAG(s) 'example_complex' retrieved from /home/airflow/.local/lib/python3.8/site-packages/airflow/example_dags/example_complex.py
[2024-03-03T20:08:12.958+0000] {logging_mixin.py:188} INFO - [2024-03-03T20:08:12.957+0000] {dag.py:3036} INFO - Sync 1 DAGs
[2024-03-03T20:08:13.001+0000] {logging_mixin.py:188} INFO - [2024-03-03T20:08:13.001+0000] {dag.py:3823} INFO - Setting next_dagrun for example_complex to None, run_after=None
[2024-03-03T20:08:13.068+0000] {processor.py:183} INFO - Processing /home/airflow/.local/lib/python3.8/site-packages/airflow/example_dags/example_complex.py took 0.254 seconds
[2024-03-03T20:08:43.703+0000] {processor.py:161} INFO - Started process (PID=286) to work on /home/airflow/.local/lib/python3.8/site-packages/airflow/example_dags/example_complex.py
[2024-03-03T20:08:43.704+0000] {processor.py:830} INFO - Processing file /home/airflow/.local/lib/python3.8/site-packages/airflow/example_dags/example_complex.py for tasks to queue
[2024-03-03T20:08:43.706+0000] {logging_mixin.py:188} INFO - [2024-03-03T20:08:43.706+0000] {dagbag.py:538} INFO - Filling up the DagBag from /home/airflow/.local/lib/python3.8/site-packages/airflow/example_dags/example_complex.py
[2024-03-03T20:08:43.730+0000] {processor.py:840} INFO - DAG(s) 'example_complex' retrieved from /home/airflow/.local/lib/python3.8/site-packages/airflow/example_dags/example_complex.py
[2024-03-03T20:08:43.791+0000] {logging_mixin.py:188} INFO - [2024-03-03T20:08:43.791+0000] {dag.py:3036} INFO - Sync 1 DAGs
[2024-03-03T20:08:43.813+0000] {logging_mixin.py:188} INFO - [2024-03-03T20:08:43.812+0000] {dag.py:3823} INFO - Setting next_dagrun for example_complex to None, run_after=None
[2024-03-03T20:08:43.843+0000] {processor.py:183} INFO - Processing /home/airflow/.local/lib/python3.8/site-packages/airflow/example_dags/example_complex.py took 0.145 seconds
[2024-03-03T20:11:36.867+0000] {processor.py:161} INFO - Started process (PID=342) to work on /home/airflow/.local/lib/python3.8/site-packages/airflow/example_dags/example_complex.py
[2024-03-03T20:11:36.869+0000] {processor.py:830} INFO - Processing file /home/airflow/.local/lib/python3.8/site-packages/airflow/example_dags/example_complex.py for tasks to queue
[2024-03-03T20:11:36.872+0000] {logging_mixin.py:188} INFO - [2024-03-03T20:11:36.871+0000] {dagbag.py:538} INFO - Filling up the DagBag from /home/airflow/.local/lib/python3.8/site-packages/airflow/example_dags/example_complex.py
[2024-03-03T20:11:36.895+0000] {processor.py:840} INFO - DAG(s) 'example_complex' retrieved from /home/airflow/.local/lib/python3.8/site-packages/airflow/example_dags/example_complex.py
[2024-03-03T20:11:36.954+0000] {logging_mixin.py:188} INFO - [2024-03-03T20:11:36.954+0000] {dag.py:3036} INFO - Sync 1 DAGs
[2024-03-03T20:11:36.978+0000] {logging_mixin.py:188} INFO - [2024-03-03T20:11:36.978+0000] {dag.py:3823} INFO - Setting next_dagrun for example_complex to None, run_after=None
[2024-03-03T20:11:37.024+0000] {processor.py:183} INFO - Processing /home/airflow/.local/lib/python3.8/site-packages/airflow/example_dags/example_complex.py took 0.162 seconds
[2024-03-03T20:13:52.079+0000] {processor.py:161} INFO - Started process (PID=389) to work on /home/airflow/.local/lib/python3.8/site-packages/airflow/example_dags/example_complex.py
[2024-03-03T20:13:52.081+0000] {processor.py:830} INFO - Processing file /home/airflow/.local/lib/python3.8/site-packages/airflow/example_dags/example_complex.py for tasks to queue
[2024-03-03T20:13:52.083+0000] {logging_mixin.py:188} INFO - [2024-03-03T20:13:52.083+0000] {dagbag.py:538} INFO - Filling up the DagBag from /home/airflow/.local/lib/python3.8/site-packages/airflow/example_dags/example_complex.py
[2024-03-03T20:13:52.107+0000] {processor.py:840} INFO - DAG(s) 'example_complex' retrieved from /home/airflow/.local/lib/python3.8/site-packages/airflow/example_dags/example_complex.py
[2024-03-03T20:13:52.201+0000] {logging_mixin.py:188} INFO - [2024-03-03T20:13:52.201+0000] {dag.py:3036} INFO - Sync 1 DAGs
[2024-03-03T20:13:52.228+0000] {logging_mixin.py:188} INFO - [2024-03-03T20:13:52.227+0000] {dag.py:3823} INFO - Setting next_dagrun for example_complex to None, run_after=None
[2024-03-03T20:13:52.272+0000] {processor.py:183} INFO - Processing /home/airflow/.local/lib/python3.8/site-packages/airflow/example_dags/example_complex.py took 0.199 seconds
[2024-03-03T20:14:22.944+0000] {processor.py:161} INFO - Started process (PID=442) to work on /home/airflow/.local/lib/python3.8/site-packages/airflow/example_dags/example_complex.py
[2024-03-03T20:14:22.947+0000] {processor.py:830} INFO - Processing file /home/airflow/.local/lib/python3.8/site-packages/airflow/example_dags/example_complex.py for tasks to queue
[2024-03-03T20:14:22.949+0000] {logging_mixin.py:188} INFO - [2024-03-03T20:14:22.949+0000] {dagbag.py:538} INFO - Filling up the DagBag from /home/airflow/.local/lib/python3.8/site-packages/airflow/example_dags/example_complex.py
[2024-03-03T20:14:22.978+0000] {processor.py:840} INFO - DAG(s) 'example_complex' retrieved from /home/airflow/.local/lib/python3.8/site-packages/airflow/example_dags/example_complex.py
[2024-03-03T20:14:23.068+0000] {logging_mixin.py:188} INFO - [2024-03-03T20:14:23.067+0000] {dag.py:3036} INFO - Sync 1 DAGs
[2024-03-03T20:14:23.106+0000] {logging_mixin.py:188} INFO - [2024-03-03T20:14:23.105+0000] {dag.py:3823} INFO - Setting next_dagrun for example_complex to None, run_after=None
[2024-03-03T20:14:23.167+0000] {processor.py:183} INFO - Processing /home/airflow/.local/lib/python3.8/site-packages/airflow/example_dags/example_complex.py took 0.228 seconds
[2024-03-03T20:14:57.114+0000] {processor.py:161} INFO - Started process (PID=499) to work on /home/airflow/.local/lib/python3.8/site-packages/airflow/example_dags/example_complex.py
[2024-03-03T20:14:57.116+0000] {processor.py:830} INFO - Processing file /home/airflow/.local/lib/python3.8/site-packages/airflow/example_dags/example_complex.py for tasks to queue
[2024-03-03T20:14:57.123+0000] {logging_mixin.py:188} INFO - [2024-03-03T20:14:57.122+0000] {dagbag.py:538} INFO - Filling up the DagBag from /home/airflow/.local/lib/python3.8/site-packages/airflow/example_dags/example_complex.py
[2024-03-03T20:14:57.166+0000] {processor.py:840} INFO - DAG(s) 'example_complex' retrieved from /home/airflow/.local/lib/python3.8/site-packages/airflow/example_dags/example_complex.py
[2024-03-03T20:14:57.281+0000] {logging_mixin.py:188} INFO - [2024-03-03T20:14:57.279+0000] {dag.py:3036} INFO - Sync 1 DAGs
[2024-03-03T20:14:57.340+0000] {logging_mixin.py:188} INFO - [2024-03-03T20:14:57.339+0000] {dag.py:3823} INFO - Setting next_dagrun for example_complex to None, run_after=None
[2024-03-03T20:14:57.414+0000] {processor.py:183} INFO - Processing /home/airflow/.local/lib/python3.8/site-packages/airflow/example_dags/example_complex.py took 0.313 seconds
[2024-03-03T20:15:27.887+0000] {processor.py:161} INFO - Started process (PID=553) to work on /home/airflow/.local/lib/python3.8/site-packages/airflow/example_dags/example_complex.py
[2024-03-03T20:15:27.889+0000] {processor.py:830} INFO - Processing file /home/airflow/.local/lib/python3.8/site-packages/airflow/example_dags/example_complex.py for tasks to queue
[2024-03-03T20:15:27.891+0000] {logging_mixin.py:188} INFO - [2024-03-03T20:15:27.891+0000] {dagbag.py:538} INFO - Filling up the DagBag from /home/airflow/.local/lib/python3.8/site-packages/airflow/example_dags/example_complex.py
[2024-03-03T20:15:27.923+0000] {processor.py:840} INFO - DAG(s) 'example_complex' retrieved from /home/airflow/.local/lib/python3.8/site-packages/airflow/example_dags/example_complex.py
[2024-03-03T20:15:28.004+0000] {logging_mixin.py:188} INFO - [2024-03-03T20:15:28.003+0000] {dag.py:3036} INFO - Sync 1 DAGs
[2024-03-03T20:15:28.044+0000] {logging_mixin.py:188} INFO - [2024-03-03T20:15:28.044+0000] {dag.py:3823} INFO - Setting next_dagrun for example_complex to None, run_after=None
[2024-03-03T20:15:28.122+0000] {processor.py:183} INFO - Processing /home/airflow/.local/lib/python3.8/site-packages/airflow/example_dags/example_complex.py took 0.243 seconds
[2024-03-03T20:15:58.425+0000] {processor.py:161} INFO - Started process (PID=606) to work on /home/airflow/.local/lib/python3.8/site-packages/airflow/example_dags/example_complex.py
[2024-03-03T20:15:58.426+0000] {processor.py:830} INFO - Processing file /home/airflow/.local/lib/python3.8/site-packages/airflow/example_dags/example_complex.py for tasks to queue
[2024-03-03T20:15:58.428+0000] {logging_mixin.py:188} INFO - [2024-03-03T20:15:58.427+0000] {dagbag.py:538} INFO - Filling up the DagBag from /home/airflow/.local/lib/python3.8/site-packages/airflow/example_dags/example_complex.py
[2024-03-03T20:15:58.442+0000] {processor.py:840} INFO - DAG(s) 'example_complex' retrieved from /home/airflow/.local/lib/python3.8/site-packages/airflow/example_dags/example_complex.py
[2024-03-03T20:15:58.481+0000] {logging_mixin.py:188} INFO - [2024-03-03T20:15:58.481+0000] {dag.py:3036} INFO - Sync 1 DAGs
[2024-03-03T20:15:58.495+0000] {logging_mixin.py:188} INFO - [2024-03-03T20:15:58.494+0000] {dag.py:3823} INFO - Setting next_dagrun for example_complex to None, run_after=None
[2024-03-03T20:15:58.520+0000] {processor.py:183} INFO - Processing /home/airflow/.local/lib/python3.8/site-packages/airflow/example_dags/example_complex.py took 0.098 seconds
[2024-03-03T20:16:28.780+0000] {processor.py:161} INFO - Started process (PID=661) to work on /home/airflow/.local/lib/python3.8/site-packages/airflow/example_dags/example_complex.py
[2024-03-03T20:16:28.781+0000] {processor.py:830} INFO - Processing file /home/airflow/.local/lib/python3.8/site-packages/airflow/example_dags/example_complex.py for tasks to queue
[2024-03-03T20:16:28.782+0000] {logging_mixin.py:188} INFO - [2024-03-03T20:16:28.782+0000] {dagbag.py:538} INFO - Filling up the DagBag from /home/airflow/.local/lib/python3.8/site-packages/airflow/example_dags/example_complex.py
[2024-03-03T20:16:28.793+0000] {processor.py:840} INFO - DAG(s) 'example_complex' retrieved from /home/airflow/.local/lib/python3.8/site-packages/airflow/example_dags/example_complex.py
[2024-03-03T20:16:28.826+0000] {logging_mixin.py:188} INFO - [2024-03-03T20:16:28.826+0000] {dag.py:3036} INFO - Sync 1 DAGs
[2024-03-03T20:16:28.839+0000] {logging_mixin.py:188} INFO - [2024-03-03T20:16:28.839+0000] {dag.py:3823} INFO - Setting next_dagrun for example_complex to None, run_after=None
[2024-03-03T20:16:28.860+0000] {processor.py:183} INFO - Processing /home/airflow/.local/lib/python3.8/site-packages/airflow/example_dags/example_complex.py took 0.084 seconds
[2024-03-03T20:16:59.112+0000] {processor.py:161} INFO - Started process (PID=716) to work on /home/airflow/.local/lib/python3.8/site-packages/airflow/example_dags/example_complex.py
[2024-03-03T20:16:59.114+0000] {processor.py:830} INFO - Processing file /home/airflow/.local/lib/python3.8/site-packages/airflow/example_dags/example_complex.py for tasks to queue
[2024-03-03T20:16:59.115+0000] {logging_mixin.py:188} INFO - [2024-03-03T20:16:59.115+0000] {dagbag.py:538} INFO - Filling up the DagBag from /home/airflow/.local/lib/python3.8/site-packages/airflow/example_dags/example_complex.py
[2024-03-03T20:16:59.138+0000] {processor.py:840} INFO - DAG(s) 'example_complex' retrieved from /home/airflow/.local/lib/python3.8/site-packages/airflow/example_dags/example_complex.py
[2024-03-03T20:16:59.183+0000] {logging_mixin.py:188} INFO - [2024-03-03T20:16:59.183+0000] {dag.py:3036} INFO - Sync 1 DAGs
[2024-03-03T20:16:59.196+0000] {logging_mixin.py:188} INFO - [2024-03-03T20:16:59.196+0000] {dag.py:3823} INFO - Setting next_dagrun for example_complex to None, run_after=None
[2024-03-03T20:16:59.218+0000] {processor.py:183} INFO - Processing /home/airflow/.local/lib/python3.8/site-packages/airflow/example_dags/example_complex.py took 0.110 seconds
[2024-03-03T20:18:54.086+0000] {processor.py:161} INFO - Started process (PID=771) to work on /home/airflow/.local/lib/python3.8/site-packages/airflow/example_dags/example_complex.py
[2024-03-03T20:18:54.088+0000] {processor.py:830} INFO - Processing file /home/airflow/.local/lib/python3.8/site-packages/airflow/example_dags/example_complex.py for tasks to queue
[2024-03-03T20:18:54.090+0000] {logging_mixin.py:188} INFO - [2024-03-03T20:18:54.089+0000] {dagbag.py:538} INFO - Filling up the DagBag from /home/airflow/.local/lib/python3.8/site-packages/airflow/example_dags/example_complex.py
[2024-03-03T20:18:54.124+0000] {processor.py:840} INFO - DAG(s) 'example_complex' retrieved from /home/airflow/.local/lib/python3.8/site-packages/airflow/example_dags/example_complex.py
[2024-03-03T20:18:54.806+0000] {logging_mixin.py:188} INFO - [2024-03-03T20:18:54.785+0000] {dag.py:3036} INFO - Sync 1 DAGs
[2024-03-03T20:18:54.859+0000] {logging_mixin.py:188} INFO - [2024-03-03T20:18:54.858+0000] {dag.py:3823} INFO - Setting next_dagrun for example_complex to None, run_after=None
[2024-03-03T20:18:54.926+0000] {processor.py:183} INFO - Processing /home/airflow/.local/lib/python3.8/site-packages/airflow/example_dags/example_complex.py took 0.848 seconds
[2024-03-03T20:19:25.094+0000] {processor.py:161} INFO - Started process (PID=826) to work on /home/airflow/.local/lib/python3.8/site-packages/airflow/example_dags/example_complex.py
[2024-03-03T20:19:25.096+0000] {processor.py:830} INFO - Processing file /home/airflow/.local/lib/python3.8/site-packages/airflow/example_dags/example_complex.py for tasks to queue
[2024-03-03T20:19:25.097+0000] {logging_mixin.py:188} INFO - [2024-03-03T20:19:25.097+0000] {dagbag.py:538} INFO - Filling up the DagBag from /home/airflow/.local/lib/python3.8/site-packages/airflow/example_dags/example_complex.py
[2024-03-03T20:19:25.115+0000] {processor.py:840} INFO - DAG(s) 'example_complex' retrieved from /home/airflow/.local/lib/python3.8/site-packages/airflow/example_dags/example_complex.py
[2024-03-03T20:19:25.157+0000] {logging_mixin.py:188} INFO - [2024-03-03T20:19:25.157+0000] {dag.py:3036} INFO - Sync 1 DAGs
[2024-03-03T20:19:25.175+0000] {logging_mixin.py:188} INFO - [2024-03-03T20:19:25.174+0000] {dag.py:3823} INFO - Setting next_dagrun for example_complex to None, run_after=None
[2024-03-03T20:19:25.204+0000] {processor.py:183} INFO - Processing /home/airflow/.local/lib/python3.8/site-packages/airflow/example_dags/example_complex.py took 0.115 seconds
[2024-03-03T20:20:56.484+0000] {processor.py:161} INFO - Started process (PID=869) to work on /home/airflow/.local/lib/python3.8/site-packages/airflow/example_dags/example_complex.py
[2024-03-03T20:20:56.486+0000] {processor.py:830} INFO - Processing file /home/airflow/.local/lib/python3.8/site-packages/airflow/example_dags/example_complex.py for tasks to queue
[2024-03-03T20:20:56.489+0000] {logging_mixin.py:188} INFO - [2024-03-03T20:20:56.488+0000] {dagbag.py:538} INFO - Filling up the DagBag from /home/airflow/.local/lib/python3.8/site-packages/airflow/example_dags/example_complex.py
[2024-03-03T20:20:56.523+0000] {processor.py:840} INFO - DAG(s) 'example_complex' retrieved from /home/airflow/.local/lib/python3.8/site-packages/airflow/example_dags/example_complex.py
[2024-03-03T20:20:56.609+0000] {logging_mixin.py:188} INFO - [2024-03-03T20:20:56.607+0000] {dag.py:3036} INFO - Sync 1 DAGs
[2024-03-03T20:20:56.649+0000] {logging_mixin.py:188} INFO - [2024-03-03T20:20:56.648+0000] {dag.py:3823} INFO - Setting next_dagrun for example_complex to None, run_after=None
[2024-03-03T20:20:56.714+0000] {processor.py:183} INFO - Processing /home/airflow/.local/lib/python3.8/site-packages/airflow/example_dags/example_complex.py took 0.241 seconds
[2024-03-03T20:21:26.915+0000] {processor.py:161} INFO - Started process (PID=923) to work on /home/airflow/.local/lib/python3.8/site-packages/airflow/example_dags/example_complex.py
[2024-03-03T20:21:26.917+0000] {processor.py:830} INFO - Processing file /home/airflow/.local/lib/python3.8/site-packages/airflow/example_dags/example_complex.py for tasks to queue
[2024-03-03T20:21:26.921+0000] {logging_mixin.py:188} INFO - [2024-03-03T20:21:26.920+0000] {dagbag.py:538} INFO - Filling up the DagBag from /home/airflow/.local/lib/python3.8/site-packages/airflow/example_dags/example_complex.py
[2024-03-03T20:21:26.941+0000] {processor.py:840} INFO - DAG(s) 'example_complex' retrieved from /home/airflow/.local/lib/python3.8/site-packages/airflow/example_dags/example_complex.py
[2024-03-03T20:21:27.023+0000] {logging_mixin.py:188} INFO - [2024-03-03T20:21:27.022+0000] {dag.py:3036} INFO - Sync 1 DAGs
[2024-03-03T20:21:27.052+0000] {logging_mixin.py:188} INFO - [2024-03-03T20:21:27.051+0000] {dag.py:3823} INFO - Setting next_dagrun for example_complex to None, run_after=None
[2024-03-03T20:21:27.109+0000] {processor.py:183} INFO - Processing /home/airflow/.local/lib/python3.8/site-packages/airflow/example_dags/example_complex.py took 0.208 seconds
[2024-03-03T20:23:17.810+0000] {processor.py:161} INFO - Started process (PID=943) to work on /home/airflow/.local/lib/python3.8/site-packages/airflow/example_dags/example_complex.py
[2024-03-03T20:23:17.814+0000] {processor.py:830} INFO - Processing file /home/airflow/.local/lib/python3.8/site-packages/airflow/example_dags/example_complex.py for tasks to queue
[2024-03-03T20:23:17.817+0000] {logging_mixin.py:188} INFO - [2024-03-03T20:23:17.816+0000] {dagbag.py:538} INFO - Filling up the DagBag from /home/airflow/.local/lib/python3.8/site-packages/airflow/example_dags/example_complex.py
[2024-03-03T20:23:17.855+0000] {processor.py:840} INFO - DAG(s) 'example_complex' retrieved from /home/airflow/.local/lib/python3.8/site-packages/airflow/example_dags/example_complex.py
[2024-03-03T20:23:18.019+0000] {logging_mixin.py:188} INFO - [2024-03-03T20:23:18.018+0000] {dag.py:3036} INFO - Sync 1 DAGs
[2024-03-03T20:23:18.120+0000] {logging_mixin.py:188} INFO - [2024-03-03T20:23:18.119+0000] {dag.py:3823} INFO - Setting next_dagrun for example_complex to None, run_after=None
[2024-03-03T20:29:28.276+0000] {processor.py:161} INFO - Started process (PID=50) to work on /home/airflow/.local/lib/python3.8/site-packages/airflow/example_dags/example_complex.py
[2024-03-03T20:29:28.282+0000] {processor.py:830} INFO - Processing file /home/airflow/.local/lib/python3.8/site-packages/airflow/example_dags/example_complex.py for tasks to queue
[2024-03-03T20:29:28.288+0000] {logging_mixin.py:188} INFO - [2024-03-03T20:29:28.287+0000] {dagbag.py:538} INFO - Filling up the DagBag from /home/airflow/.local/lib/python3.8/site-packages/airflow/example_dags/example_complex.py
[2024-03-03T20:29:28.337+0000] {processor.py:840} INFO - DAG(s) 'example_complex' retrieved from /home/airflow/.local/lib/python3.8/site-packages/airflow/example_dags/example_complex.py
[2024-03-03T20:29:28.677+0000] {logging_mixin.py:188} INFO - [2024-03-03T20:29:28.676+0000] {dag.py:3036} INFO - Sync 1 DAGs
[2024-03-03T20:29:28.713+0000] {logging_mixin.py:188} INFO - [2024-03-03T20:29:28.712+0000] {dag.py:3823} INFO - Setting next_dagrun for example_complex to None, run_after=None
[2024-03-03T20:29:28.782+0000] {processor.py:183} INFO - Processing /home/airflow/.local/lib/python3.8/site-packages/airflow/example_dags/example_complex.py took 0.517 seconds
[2024-03-03T20:33:07.510+0000] {processor.py:161} INFO - Started process (PID=110) to work on /home/airflow/.local/lib/python3.8/site-packages/airflow/example_dags/example_complex.py
[2024-03-03T20:33:07.514+0000] {processor.py:830} INFO - Processing file /home/airflow/.local/lib/python3.8/site-packages/airflow/example_dags/example_complex.py for tasks to queue
[2024-03-03T20:33:07.516+0000] {logging_mixin.py:188} INFO - [2024-03-03T20:33:07.515+0000] {dagbag.py:538} INFO - Filling up the DagBag from /home/airflow/.local/lib/python3.8/site-packages/airflow/example_dags/example_complex.py
[2024-03-03T20:33:07.551+0000] {processor.py:840} INFO - DAG(s) 'example_complex' retrieved from /home/airflow/.local/lib/python3.8/site-packages/airflow/example_dags/example_complex.py
[2024-03-03T20:33:07.646+0000] {logging_mixin.py:188} INFO - [2024-03-03T20:33:07.645+0000] {dag.py:3036} INFO - Sync 1 DAGs
[2024-03-03T20:33:07.677+0000] {logging_mixin.py:188} INFO - [2024-03-03T20:33:07.676+0000] {dag.py:3823} INFO - Setting next_dagrun for example_complex to None, run_after=None
[2024-03-03T20:33:07.745+0000] {processor.py:183} INFO - Processing /home/airflow/.local/lib/python3.8/site-packages/airflow/example_dags/example_complex.py took 0.244 seconds
[2024-03-03T20:34:20.731+0000] {processor.py:161} INFO - Started process (PID=168) to work on /home/airflow/.local/lib/python3.8/site-packages/airflow/example_dags/example_complex.py
[2024-03-03T20:34:20.734+0000] {processor.py:830} INFO - Processing file /home/airflow/.local/lib/python3.8/site-packages/airflow/example_dags/example_complex.py for tasks to queue
[2024-03-03T20:34:20.737+0000] {logging_mixin.py:188} INFO - [2024-03-03T20:34:20.736+0000] {dagbag.py:538} INFO - Filling up the DagBag from /home/airflow/.local/lib/python3.8/site-packages/airflow/example_dags/example_complex.py
[2024-03-03T20:34:20.770+0000] {processor.py:840} INFO - DAG(s) 'example_complex' retrieved from /home/airflow/.local/lib/python3.8/site-packages/airflow/example_dags/example_complex.py
[2024-03-03T20:34:20.863+0000] {logging_mixin.py:188} INFO - [2024-03-03T20:34:20.862+0000] {dag.py:3036} INFO - Sync 1 DAGs
[2024-03-03T20:34:20.907+0000] {logging_mixin.py:188} INFO - [2024-03-03T20:34:20.906+0000] {dag.py:3823} INFO - Setting next_dagrun for example_complex to None, run_after=None
[2024-03-03T20:34:20.972+0000] {processor.py:183} INFO - Processing /home/airflow/.local/lib/python3.8/site-packages/airflow/example_dags/example_complex.py took 0.248 seconds
[2024-03-03T20:36:28.743+0000] {processor.py:161} INFO - Started process (PID=220) to work on /home/airflow/.local/lib/python3.8/site-packages/airflow/example_dags/example_complex.py
[2024-03-03T20:36:28.745+0000] {processor.py:830} INFO - Processing file /home/airflow/.local/lib/python3.8/site-packages/airflow/example_dags/example_complex.py for tasks to queue
[2024-03-03T20:36:28.751+0000] {logging_mixin.py:188} INFO - [2024-03-03T20:36:28.750+0000] {dagbag.py:538} INFO - Filling up the DagBag from /home/airflow/.local/lib/python3.8/site-packages/airflow/example_dags/example_complex.py
[2024-03-03T20:36:28.787+0000] {processor.py:840} INFO - DAG(s) 'example_complex' retrieved from /home/airflow/.local/lib/python3.8/site-packages/airflow/example_dags/example_complex.py
[2024-03-03T20:36:28.887+0000] {logging_mixin.py:188} INFO - [2024-03-03T20:36:28.886+0000] {dag.py:3036} INFO - Sync 1 DAGs
[2024-03-03T20:36:28.939+0000] {logging_mixin.py:188} INFO - [2024-03-03T20:36:28.938+0000] {dag.py:3823} INFO - Setting next_dagrun for example_complex to None, run_after=None
[2024-03-03T20:36:29.009+0000] {processor.py:183} INFO - Processing /home/airflow/.local/lib/python3.8/site-packages/airflow/example_dags/example_complex.py took 0.280 seconds
[2024-03-03T20:38:41.013+0000] {processor.py:161} INFO - Started process (PID=275) to work on /home/airflow/.local/lib/python3.8/site-packages/airflow/example_dags/example_complex.py
[2024-03-03T20:38:41.014+0000] {processor.py:830} INFO - Processing file /home/airflow/.local/lib/python3.8/site-packages/airflow/example_dags/example_complex.py for tasks to queue
[2024-03-03T20:38:41.020+0000] {logging_mixin.py:188} INFO - [2024-03-03T20:38:41.016+0000] {dagbag.py:538} INFO - Filling up the DagBag from /home/airflow/.local/lib/python3.8/site-packages/airflow/example_dags/example_complex.py
[2024-03-03T20:38:41.055+0000] {processor.py:840} INFO - DAG(s) 'example_complex' retrieved from /home/airflow/.local/lib/python3.8/site-packages/airflow/example_dags/example_complex.py
[2024-03-03T20:38:46.192+0000] {logging_mixin.py:188} INFO - [2024-03-03T20:38:46.190+0000] {dag.py:3036} INFO - Sync 1 DAGs
[2024-03-03T20:38:46.219+0000] {logging_mixin.py:188} INFO - [2024-03-03T20:38:46.218+0000] {dag.py:3823} INFO - Setting next_dagrun for example_complex to None, run_after=None
[2024-03-03T20:38:46.267+0000] {processor.py:183} INFO - Processing /home/airflow/.local/lib/python3.8/site-packages/airflow/example_dags/example_complex.py took 4.727 seconds
[2024-03-03T20:39:28.433+0000] {processor.py:161} INFO - Started process (PID=317) to work on /home/airflow/.local/lib/python3.8/site-packages/airflow/example_dags/example_complex.py
[2024-03-03T20:39:28.436+0000] {processor.py:830} INFO - Processing file /home/airflow/.local/lib/python3.8/site-packages/airflow/example_dags/example_complex.py for tasks to queue
[2024-03-03T20:39:28.441+0000] {logging_mixin.py:188} INFO - [2024-03-03T20:39:28.440+0000] {dagbag.py:538} INFO - Filling up the DagBag from /home/airflow/.local/lib/python3.8/site-packages/airflow/example_dags/example_complex.py
[2024-03-03T20:39:28.476+0000] {processor.py:840} INFO - DAG(s) 'example_complex' retrieved from /home/airflow/.local/lib/python3.8/site-packages/airflow/example_dags/example_complex.py
[2024-03-03T20:39:28.558+0000] {logging_mixin.py:188} INFO - [2024-03-03T20:39:28.557+0000] {dag.py:3036} INFO - Sync 1 DAGs
[2024-03-03T20:39:28.596+0000] {logging_mixin.py:188} INFO - [2024-03-03T20:39:28.595+0000] {dag.py:3823} INFO - Setting next_dagrun for example_complex to None, run_after=None
[2024-03-03T20:39:28.645+0000] {processor.py:183} INFO - Processing /home/airflow/.local/lib/python3.8/site-packages/airflow/example_dags/example_complex.py took 0.231 seconds
[2024-03-03T20:39:58.930+0000] {processor.py:161} INFO - Started process (PID=371) to work on /home/airflow/.local/lib/python3.8/site-packages/airflow/example_dags/example_complex.py
[2024-03-03T20:39:58.932+0000] {processor.py:830} INFO - Processing file /home/airflow/.local/lib/python3.8/site-packages/airflow/example_dags/example_complex.py for tasks to queue
[2024-03-03T20:39:58.935+0000] {logging_mixin.py:188} INFO - [2024-03-03T20:39:58.934+0000] {dagbag.py:538} INFO - Filling up the DagBag from /home/airflow/.local/lib/python3.8/site-packages/airflow/example_dags/example_complex.py
[2024-03-03T20:39:58.972+0000] {processor.py:840} INFO - DAG(s) 'example_complex' retrieved from /home/airflow/.local/lib/python3.8/site-packages/airflow/example_dags/example_complex.py
[2024-03-03T20:39:59.046+0000] {logging_mixin.py:188} INFO - [2024-03-03T20:39:59.045+0000] {dag.py:3036} INFO - Sync 1 DAGs
[2024-03-03T20:39:59.084+0000] {logging_mixin.py:188} INFO - [2024-03-03T20:39:59.084+0000] {dag.py:3823} INFO - Setting next_dagrun for example_complex to None, run_after=None
[2024-03-03T20:39:59.137+0000] {processor.py:183} INFO - Processing /home/airflow/.local/lib/python3.8/site-packages/airflow/example_dags/example_complex.py took 0.217 seconds
[2024-03-03T20:40:29.762+0000] {processor.py:161} INFO - Started process (PID=426) to work on /home/airflow/.local/lib/python3.8/site-packages/airflow/example_dags/example_complex.py
[2024-03-03T20:40:29.764+0000] {processor.py:830} INFO - Processing file /home/airflow/.local/lib/python3.8/site-packages/airflow/example_dags/example_complex.py for tasks to queue
[2024-03-03T20:40:29.765+0000] {logging_mixin.py:188} INFO - [2024-03-03T20:40:29.765+0000] {dagbag.py:538} INFO - Filling up the DagBag from /home/airflow/.local/lib/python3.8/site-packages/airflow/example_dags/example_complex.py
[2024-03-03T20:40:29.779+0000] {processor.py:840} INFO - DAG(s) 'example_complex' retrieved from /home/airflow/.local/lib/python3.8/site-packages/airflow/example_dags/example_complex.py
[2024-03-03T20:40:29.820+0000] {logging_mixin.py:188} INFO - [2024-03-03T20:40:29.820+0000] {dag.py:3036} INFO - Sync 1 DAGs
[2024-03-03T20:40:29.842+0000] {logging_mixin.py:188} INFO - [2024-03-03T20:40:29.841+0000] {dag.py:3823} INFO - Setting next_dagrun for example_complex to None, run_after=None
[2024-03-03T20:40:29.880+0000] {processor.py:183} INFO - Processing /home/airflow/.local/lib/python3.8/site-packages/airflow/example_dags/example_complex.py took 0.122 seconds
[2024-03-03T20:41:00.311+0000] {processor.py:161} INFO - Started process (PID=480) to work on /home/airflow/.local/lib/python3.8/site-packages/airflow/example_dags/example_complex.py
[2024-03-03T20:41:00.312+0000] {processor.py:830} INFO - Processing file /home/airflow/.local/lib/python3.8/site-packages/airflow/example_dags/example_complex.py for tasks to queue
[2024-03-03T20:41:00.313+0000] {logging_mixin.py:188} INFO - [2024-03-03T20:41:00.313+0000] {dagbag.py:538} INFO - Filling up the DagBag from /home/airflow/.local/lib/python3.8/site-packages/airflow/example_dags/example_complex.py
[2024-03-03T20:41:00.327+0000] {processor.py:840} INFO - DAG(s) 'example_complex' retrieved from /home/airflow/.local/lib/python3.8/site-packages/airflow/example_dags/example_complex.py
[2024-03-03T20:41:00.367+0000] {logging_mixin.py:188} INFO - [2024-03-03T20:41:00.366+0000] {dag.py:3036} INFO - Sync 1 DAGs
[2024-03-03T20:41:00.384+0000] {logging_mixin.py:188} INFO - [2024-03-03T20:41:00.383+0000] {dag.py:3823} INFO - Setting next_dagrun for example_complex to None, run_after=None
[2024-03-03T20:41:00.410+0000] {processor.py:183} INFO - Processing /home/airflow/.local/lib/python3.8/site-packages/airflow/example_dags/example_complex.py took 0.103 seconds
[2024-03-03T20:42:54.259+0000] {processor.py:161} INFO - Started process (PID=513) to work on /home/airflow/.local/lib/python3.8/site-packages/airflow/example_dags/example_complex.py
[2024-03-03T20:42:54.272+0000] {processor.py:830} INFO - Processing file /home/airflow/.local/lib/python3.8/site-packages/airflow/example_dags/example_complex.py for tasks to queue
[2024-03-03T20:42:54.274+0000] {logging_mixin.py:188} INFO - [2024-03-03T20:42:54.274+0000] {dagbag.py:538} INFO - Filling up the DagBag from /home/airflow/.local/lib/python3.8/site-packages/airflow/example_dags/example_complex.py
[2024-03-03T20:42:54.328+0000] {processor.py:840} INFO - DAG(s) 'example_complex' retrieved from /home/airflow/.local/lib/python3.8/site-packages/airflow/example_dags/example_complex.py
[2024-03-03T20:42:54.482+0000] {logging_mixin.py:188} INFO - [2024-03-03T20:42:54.481+0000] {dag.py:3036} INFO - Sync 1 DAGs
[2024-03-03T20:42:54.523+0000] {logging_mixin.py:188} INFO - [2024-03-03T20:42:54.522+0000] {dag.py:3823} INFO - Setting next_dagrun for example_complex to None, run_after=None
[2024-03-03T20:42:54.590+0000] {processor.py:183} INFO - Processing /home/airflow/.local/lib/python3.8/site-packages/airflow/example_dags/example_complex.py took 0.345 seconds
[2024-03-03T20:46:03.539+0000] {processor.py:161} INFO - Started process (PID=569) to work on /home/airflow/.local/lib/python3.8/site-packages/airflow/example_dags/example_complex.py
[2024-03-03T20:46:03.558+0000] {processor.py:830} INFO - Processing file /home/airflow/.local/lib/python3.8/site-packages/airflow/example_dags/example_complex.py for tasks to queue
[2024-03-03T20:46:03.567+0000] {logging_mixin.py:188} INFO - [2024-03-03T20:46:03.566+0000] {dagbag.py:538} INFO - Filling up the DagBag from /home/airflow/.local/lib/python3.8/site-packages/airflow/example_dags/example_complex.py
[2024-03-03T20:46:03.627+0000] {processor.py:840} INFO - DAG(s) 'example_complex' retrieved from /home/airflow/.local/lib/python3.8/site-packages/airflow/example_dags/example_complex.py
[2024-03-03T20:46:03.769+0000] {logging_mixin.py:188} INFO - [2024-03-03T20:46:03.763+0000] {dag.py:3036} INFO - Sync 1 DAGs
[2024-03-03T20:46:03.831+0000] {logging_mixin.py:188} INFO - [2024-03-03T20:46:03.829+0000] {dag.py:3823} INFO - Setting next_dagrun for example_complex to None, run_after=None
[2024-03-03T20:46:03.903+0000] {processor.py:183} INFO - Processing /home/airflow/.local/lib/python3.8/site-packages/airflow/example_dags/example_complex.py took 0.384 seconds
[2024-03-03T20:48:04.246+0000] {processor.py:161} INFO - Started process (PID=623) to work on /home/airflow/.local/lib/python3.8/site-packages/airflow/example_dags/example_complex.py
[2024-03-03T20:48:04.264+0000] {processor.py:830} INFO - Processing file /home/airflow/.local/lib/python3.8/site-packages/airflow/example_dags/example_complex.py for tasks to queue
[2024-03-03T20:48:04.280+0000] {logging_mixin.py:188} INFO - [2024-03-03T20:48:04.278+0000] {dagbag.py:538} INFO - Filling up the DagBag from /home/airflow/.local/lib/python3.8/site-packages/airflow/example_dags/example_complex.py
[2024-03-03T20:48:04.414+0000] {processor.py:840} INFO - DAG(s) 'example_complex' retrieved from /home/airflow/.local/lib/python3.8/site-packages/airflow/example_dags/example_complex.py
[2024-03-03T20:48:04.684+0000] {logging_mixin.py:188} INFO - [2024-03-03T20:48:04.683+0000] {dag.py:3036} INFO - Sync 1 DAGs
[2024-03-03T20:48:04.788+0000] {logging_mixin.py:188} INFO - [2024-03-03T20:48:04.759+0000] {dag.py:3823} INFO - Setting next_dagrun for example_complex to None, run_after=None
[2024-03-03T20:48:04.913+0000] {processor.py:183} INFO - Processing /home/airflow/.local/lib/python3.8/site-packages/airflow/example_dags/example_complex.py took 0.696 seconds
[2024-03-03T20:48:35.530+0000] {processor.py:161} INFO - Started process (PID=683) to work on /home/airflow/.local/lib/python3.8/site-packages/airflow/example_dags/example_complex.py
[2024-03-03T20:48:35.532+0000] {processor.py:830} INFO - Processing file /home/airflow/.local/lib/python3.8/site-packages/airflow/example_dags/example_complex.py for tasks to queue
[2024-03-03T20:48:35.534+0000] {logging_mixin.py:188} INFO - [2024-03-03T20:48:35.533+0000] {dagbag.py:538} INFO - Filling up the DagBag from /home/airflow/.local/lib/python3.8/site-packages/airflow/example_dags/example_complex.py
[2024-03-03T20:48:35.559+0000] {processor.py:840} INFO - DAG(s) 'example_complex' retrieved from /home/airflow/.local/lib/python3.8/site-packages/airflow/example_dags/example_complex.py
[2024-03-03T20:48:35.630+0000] {logging_mixin.py:188} INFO - [2024-03-03T20:48:35.629+0000] {dag.py:3036} INFO - Sync 1 DAGs
[2024-03-03T20:48:35.656+0000] {logging_mixin.py:188} INFO - [2024-03-03T20:48:35.655+0000] {dag.py:3823} INFO - Setting next_dagrun for example_complex to None, run_after=None
[2024-03-03T20:48:35.688+0000] {processor.py:183} INFO - Processing /home/airflow/.local/lib/python3.8/site-packages/airflow/example_dags/example_complex.py took 0.164 seconds
[2024-03-03T20:53:05.947+0000] {processor.py:161} INFO - Started process (PID=730) to work on /home/airflow/.local/lib/python3.8/site-packages/airflow/example_dags/example_complex.py
[2024-03-03T20:53:05.949+0000] {processor.py:830} INFO - Processing file /home/airflow/.local/lib/python3.8/site-packages/airflow/example_dags/example_complex.py for tasks to queue
[2024-03-03T20:53:05.953+0000] {logging_mixin.py:188} INFO - [2024-03-03T20:53:05.952+0000] {dagbag.py:538} INFO - Filling up the DagBag from /home/airflow/.local/lib/python3.8/site-packages/airflow/example_dags/example_complex.py
[2024-03-03T20:53:05.988+0000] {processor.py:840} INFO - DAG(s) 'example_complex' retrieved from /home/airflow/.local/lib/python3.8/site-packages/airflow/example_dags/example_complex.py
[2024-03-03T20:53:06.204+0000] {logging_mixin.py:188} INFO - [2024-03-03T20:53:06.199+0000] {dag.py:3036} INFO - Sync 1 DAGs
[2024-03-03T20:53:06.298+0000] {logging_mixin.py:188} INFO - [2024-03-03T20:53:06.298+0000] {dag.py:3823} INFO - Setting next_dagrun for example_complex to None, run_after=None
[2024-03-03T20:53:06.430+0000] {processor.py:183} INFO - Processing /home/airflow/.local/lib/python3.8/site-packages/airflow/example_dags/example_complex.py took 0.492 seconds
[2024-03-03T21:02:23.921+0000] {processor.py:161} INFO - Started process (PID=50) to work on /home/airflow/.local/lib/python3.8/site-packages/airflow/example_dags/example_complex.py
[2024-03-03T21:02:23.923+0000] {processor.py:830} INFO - Processing file /home/airflow/.local/lib/python3.8/site-packages/airflow/example_dags/example_complex.py for tasks to queue
[2024-03-03T21:02:23.925+0000] {logging_mixin.py:188} INFO - [2024-03-03T21:02:23.925+0000] {dagbag.py:538} INFO - Filling up the DagBag from /home/airflow/.local/lib/python3.8/site-packages/airflow/example_dags/example_complex.py
[2024-03-03T21:02:23.950+0000] {processor.py:840} INFO - DAG(s) 'example_complex' retrieved from /home/airflow/.local/lib/python3.8/site-packages/airflow/example_dags/example_complex.py
[2024-03-03T21:02:24.192+0000] {logging_mixin.py:188} INFO - [2024-03-03T21:02:24.192+0000] {dag.py:3036} INFO - Sync 1 DAGs
[2024-03-03T21:02:24.208+0000] {logging_mixin.py:188} INFO - [2024-03-03T21:02:24.207+0000] {dag.py:3823} INFO - Setting next_dagrun for example_complex to None, run_after=None
[2024-03-03T21:02:24.245+0000] {processor.py:183} INFO - Processing /home/airflow/.local/lib/python3.8/site-packages/airflow/example_dags/example_complex.py took 0.328 seconds
[2024-03-03T21:02:55.017+0000] {processor.py:161} INFO - Started process (PID=105) to work on /home/airflow/.local/lib/python3.8/site-packages/airflow/example_dags/example_complex.py
[2024-03-03T21:02:55.018+0000] {processor.py:830} INFO - Processing file /home/airflow/.local/lib/python3.8/site-packages/airflow/example_dags/example_complex.py for tasks to queue
[2024-03-03T21:02:55.020+0000] {logging_mixin.py:188} INFO - [2024-03-03T21:02:55.020+0000] {dagbag.py:538} INFO - Filling up the DagBag from /home/airflow/.local/lib/python3.8/site-packages/airflow/example_dags/example_complex.py
[2024-03-03T21:02:55.035+0000] {processor.py:840} INFO - DAG(s) 'example_complex' retrieved from /home/airflow/.local/lib/python3.8/site-packages/airflow/example_dags/example_complex.py
[2024-03-03T21:02:55.081+0000] {logging_mixin.py:188} INFO - [2024-03-03T21:02:55.080+0000] {dag.py:3036} INFO - Sync 1 DAGs
[2024-03-03T21:02:55.104+0000] {logging_mixin.py:188} INFO - [2024-03-03T21:02:55.103+0000] {dag.py:3823} INFO - Setting next_dagrun for example_complex to None, run_after=None
[2024-03-03T21:02:55.140+0000] {processor.py:183} INFO - Processing /home/airflow/.local/lib/python3.8/site-packages/airflow/example_dags/example_complex.py took 0.127 seconds
[2024-03-03T21:03:25.694+0000] {processor.py:161} INFO - Started process (PID=160) to work on /home/airflow/.local/lib/python3.8/site-packages/airflow/example_dags/example_complex.py
[2024-03-03T21:03:25.696+0000] {processor.py:830} INFO - Processing file /home/airflow/.local/lib/python3.8/site-packages/airflow/example_dags/example_complex.py for tasks to queue
[2024-03-03T21:03:25.699+0000] {logging_mixin.py:188} INFO - [2024-03-03T21:03:25.698+0000] {dagbag.py:538} INFO - Filling up the DagBag from /home/airflow/.local/lib/python3.8/site-packages/airflow/example_dags/example_complex.py
[2024-03-03T21:03:25.717+0000] {processor.py:840} INFO - DAG(s) 'example_complex' retrieved from /home/airflow/.local/lib/python3.8/site-packages/airflow/example_dags/example_complex.py
[2024-03-03T21:03:25.759+0000] {logging_mixin.py:188} INFO - [2024-03-03T21:03:25.758+0000] {dag.py:3036} INFO - Sync 1 DAGs
[2024-03-03T21:03:25.781+0000] {logging_mixin.py:188} INFO - [2024-03-03T21:03:25.780+0000] {dag.py:3823} INFO - Setting next_dagrun for example_complex to None, run_after=None
[2024-03-03T21:03:25.822+0000] {processor.py:183} INFO - Processing /home/airflow/.local/lib/python3.8/site-packages/airflow/example_dags/example_complex.py took 0.134 seconds
[2024-03-03T21:03:56.029+0000] {processor.py:161} INFO - Started process (PID=214) to work on /home/airflow/.local/lib/python3.8/site-packages/airflow/example_dags/example_complex.py
[2024-03-03T21:03:56.031+0000] {processor.py:830} INFO - Processing file /home/airflow/.local/lib/python3.8/site-packages/airflow/example_dags/example_complex.py for tasks to queue
[2024-03-03T21:03:56.033+0000] {logging_mixin.py:188} INFO - [2024-03-03T21:03:56.032+0000] {dagbag.py:538} INFO - Filling up the DagBag from /home/airflow/.local/lib/python3.8/site-packages/airflow/example_dags/example_complex.py
[2024-03-03T21:03:56.047+0000] {processor.py:840} INFO - DAG(s) 'example_complex' retrieved from /home/airflow/.local/lib/python3.8/site-packages/airflow/example_dags/example_complex.py
[2024-03-03T21:03:56.090+0000] {logging_mixin.py:188} INFO - [2024-03-03T21:03:56.089+0000] {dag.py:3036} INFO - Sync 1 DAGs
[2024-03-03T21:03:56.104+0000] {logging_mixin.py:188} INFO - [2024-03-03T21:03:56.104+0000] {dag.py:3823} INFO - Setting next_dagrun for example_complex to None, run_after=None
[2024-03-03T21:03:56.126+0000] {processor.py:183} INFO - Processing /home/airflow/.local/lib/python3.8/site-packages/airflow/example_dags/example_complex.py took 0.100 seconds
[2024-03-03T21:04:26.765+0000] {processor.py:161} INFO - Started process (PID=270) to work on /home/airflow/.local/lib/python3.8/site-packages/airflow/example_dags/example_complex.py
[2024-03-03T21:04:26.766+0000] {processor.py:830} INFO - Processing file /home/airflow/.local/lib/python3.8/site-packages/airflow/example_dags/example_complex.py for tasks to queue
[2024-03-03T21:04:26.767+0000] {logging_mixin.py:188} INFO - [2024-03-03T21:04:26.767+0000] {dagbag.py:538} INFO - Filling up the DagBag from /home/airflow/.local/lib/python3.8/site-packages/airflow/example_dags/example_complex.py
[2024-03-03T21:04:26.777+0000] {processor.py:840} INFO - DAG(s) 'example_complex' retrieved from /home/airflow/.local/lib/python3.8/site-packages/airflow/example_dags/example_complex.py
[2024-03-03T21:04:26.808+0000] {logging_mixin.py:188} INFO - [2024-03-03T21:04:26.807+0000] {dag.py:3036} INFO - Sync 1 DAGs
[2024-03-03T21:04:26.823+0000] {logging_mixin.py:188} INFO - [2024-03-03T21:04:26.822+0000] {dag.py:3823} INFO - Setting next_dagrun for example_complex to None, run_after=None
[2024-03-03T21:04:26.848+0000] {processor.py:183} INFO - Processing /home/airflow/.local/lib/python3.8/site-packages/airflow/example_dags/example_complex.py took 0.085 seconds
[2024-03-03T21:04:57.311+0000] {processor.py:161} INFO - Started process (PID=325) to work on /home/airflow/.local/lib/python3.8/site-packages/airflow/example_dags/example_complex.py
[2024-03-03T21:04:57.312+0000] {processor.py:830} INFO - Processing file /home/airflow/.local/lib/python3.8/site-packages/airflow/example_dags/example_complex.py for tasks to queue
[2024-03-03T21:04:57.314+0000] {logging_mixin.py:188} INFO - [2024-03-03T21:04:57.314+0000] {dagbag.py:538} INFO - Filling up the DagBag from /home/airflow/.local/lib/python3.8/site-packages/airflow/example_dags/example_complex.py
[2024-03-03T21:04:57.323+0000] {processor.py:840} INFO - DAG(s) 'example_complex' retrieved from /home/airflow/.local/lib/python3.8/site-packages/airflow/example_dags/example_complex.py
[2024-03-03T21:04:57.353+0000] {logging_mixin.py:188} INFO - [2024-03-03T21:04:57.353+0000] {dag.py:3036} INFO - Sync 1 DAGs
[2024-03-03T21:04:57.365+0000] {logging_mixin.py:188} INFO - [2024-03-03T21:04:57.365+0000] {dag.py:3823} INFO - Setting next_dagrun for example_complex to None, run_after=None
[2024-03-03T21:04:57.386+0000] {processor.py:183} INFO - Processing /home/airflow/.local/lib/python3.8/site-packages/airflow/example_dags/example_complex.py took 0.077 seconds
[2024-03-03T21:05:27.710+0000] {processor.py:161} INFO - Started process (PID=380) to work on /home/airflow/.local/lib/python3.8/site-packages/airflow/example_dags/example_complex.py
[2024-03-03T21:05:27.711+0000] {processor.py:830} INFO - Processing file /home/airflow/.local/lib/python3.8/site-packages/airflow/example_dags/example_complex.py for tasks to queue
[2024-03-03T21:05:27.712+0000] {logging_mixin.py:188} INFO - [2024-03-03T21:05:27.712+0000] {dagbag.py:538} INFO - Filling up the DagBag from /home/airflow/.local/lib/python3.8/site-packages/airflow/example_dags/example_complex.py
[2024-03-03T21:05:27.722+0000] {processor.py:840} INFO - DAG(s) 'example_complex' retrieved from /home/airflow/.local/lib/python3.8/site-packages/airflow/example_dags/example_complex.py
[2024-03-03T21:05:27.751+0000] {logging_mixin.py:188} INFO - [2024-03-03T21:05:27.751+0000] {dag.py:3036} INFO - Sync 1 DAGs
[2024-03-03T21:05:27.765+0000] {logging_mixin.py:188} INFO - [2024-03-03T21:05:27.764+0000] {dag.py:3823} INFO - Setting next_dagrun for example_complex to None, run_after=None
[2024-03-03T21:05:27.786+0000] {processor.py:183} INFO - Processing /home/airflow/.local/lib/python3.8/site-packages/airflow/example_dags/example_complex.py took 0.079 seconds
[2024-03-03T21:05:58.252+0000] {processor.py:161} INFO - Started process (PID=435) to work on /home/airflow/.local/lib/python3.8/site-packages/airflow/example_dags/example_complex.py
[2024-03-03T21:05:58.253+0000] {processor.py:830} INFO - Processing file /home/airflow/.local/lib/python3.8/site-packages/airflow/example_dags/example_complex.py for tasks to queue
[2024-03-03T21:05:58.255+0000] {logging_mixin.py:188} INFO - [2024-03-03T21:05:58.254+0000] {dagbag.py:538} INFO - Filling up the DagBag from /home/airflow/.local/lib/python3.8/site-packages/airflow/example_dags/example_complex.py
[2024-03-03T21:05:58.265+0000] {processor.py:840} INFO - DAG(s) 'example_complex' retrieved from /home/airflow/.local/lib/python3.8/site-packages/airflow/example_dags/example_complex.py
[2024-03-03T21:05:58.293+0000] {logging_mixin.py:188} INFO - [2024-03-03T21:05:58.293+0000] {dag.py:3036} INFO - Sync 1 DAGs
[2024-03-03T21:05:58.305+0000] {logging_mixin.py:188} INFO - [2024-03-03T21:05:58.305+0000] {dag.py:3823} INFO - Setting next_dagrun for example_complex to None, run_after=None
[2024-03-03T21:05:58.324+0000] {processor.py:183} INFO - Processing /home/airflow/.local/lib/python3.8/site-packages/airflow/example_dags/example_complex.py took 0.075 seconds
[2024-03-03T21:06:28.975+0000] {processor.py:161} INFO - Started process (PID=490) to work on /home/airflow/.local/lib/python3.8/site-packages/airflow/example_dags/example_complex.py
[2024-03-03T21:06:28.976+0000] {processor.py:830} INFO - Processing file /home/airflow/.local/lib/python3.8/site-packages/airflow/example_dags/example_complex.py for tasks to queue
[2024-03-03T21:06:28.979+0000] {logging_mixin.py:188} INFO - [2024-03-03T21:06:28.978+0000] {dagbag.py:538} INFO - Filling up the DagBag from /home/airflow/.local/lib/python3.8/site-packages/airflow/example_dags/example_complex.py
[2024-03-03T21:06:28.994+0000] {processor.py:840} INFO - DAG(s) 'example_complex' retrieved from /home/airflow/.local/lib/python3.8/site-packages/airflow/example_dags/example_complex.py
[2024-03-03T21:06:29.037+0000] {logging_mixin.py:188} INFO - [2024-03-03T21:06:29.036+0000] {dag.py:3036} INFO - Sync 1 DAGs
[2024-03-03T21:06:29.054+0000] {logging_mixin.py:188} INFO - [2024-03-03T21:06:29.053+0000] {dag.py:3823} INFO - Setting next_dagrun for example_complex to None, run_after=None
[2024-03-03T21:06:29.087+0000] {processor.py:183} INFO - Processing /home/airflow/.local/lib/python3.8/site-packages/airflow/example_dags/example_complex.py took 0.116 seconds
[2024-03-03T21:06:59.381+0000] {processor.py:161} INFO - Started process (PID=544) to work on /home/airflow/.local/lib/python3.8/site-packages/airflow/example_dags/example_complex.py
[2024-03-03T21:06:59.385+0000] {processor.py:830} INFO - Processing file /home/airflow/.local/lib/python3.8/site-packages/airflow/example_dags/example_complex.py for tasks to queue
[2024-03-03T21:06:59.391+0000] {logging_mixin.py:188} INFO - [2024-03-03T21:06:59.390+0000] {dagbag.py:538} INFO - Filling up the DagBag from /home/airflow/.local/lib/python3.8/site-packages/airflow/example_dags/example_complex.py
[2024-03-03T21:06:59.451+0000] {processor.py:840} INFO - DAG(s) 'example_complex' retrieved from /home/airflow/.local/lib/python3.8/site-packages/airflow/example_dags/example_complex.py
[2024-03-03T21:06:59.560+0000] {logging_mixin.py:188} INFO - [2024-03-03T21:06:59.559+0000] {dag.py:3036} INFO - Sync 1 DAGs
[2024-03-03T21:06:59.588+0000] {logging_mixin.py:188} INFO - [2024-03-03T21:06:59.587+0000] {dag.py:3823} INFO - Setting next_dagrun for example_complex to None, run_after=None
[2024-03-03T21:06:59.633+0000] {processor.py:183} INFO - Processing /home/airflow/.local/lib/python3.8/site-packages/airflow/example_dags/example_complex.py took 0.262 seconds
[2024-03-03T21:07:30.470+0000] {processor.py:161} INFO - Started process (PID=606) to work on /home/airflow/.local/lib/python3.8/site-packages/airflow/example_dags/example_complex.py
[2024-03-03T21:07:30.472+0000] {processor.py:830} INFO - Processing file /home/airflow/.local/lib/python3.8/site-packages/airflow/example_dags/example_complex.py for tasks to queue
[2024-03-03T21:07:30.473+0000] {logging_mixin.py:188} INFO - [2024-03-03T21:07:30.473+0000] {dagbag.py:538} INFO - Filling up the DagBag from /home/airflow/.local/lib/python3.8/site-packages/airflow/example_dags/example_complex.py
[2024-03-03T21:07:30.485+0000] {processor.py:840} INFO - DAG(s) 'example_complex' retrieved from /home/airflow/.local/lib/python3.8/site-packages/airflow/example_dags/example_complex.py
[2024-03-03T21:07:30.522+0000] {logging_mixin.py:188} INFO - [2024-03-03T21:07:30.522+0000] {dag.py:3036} INFO - Sync 1 DAGs
[2024-03-03T21:07:30.538+0000] {logging_mixin.py:188} INFO - [2024-03-03T21:07:30.537+0000] {dag.py:3823} INFO - Setting next_dagrun for example_complex to None, run_after=None
[2024-03-03T21:07:30.561+0000] {processor.py:183} INFO - Processing /home/airflow/.local/lib/python3.8/site-packages/airflow/example_dags/example_complex.py took 0.093 seconds
[2024-03-03T21:08:00.790+0000] {processor.py:161} INFO - Started process (PID=661) to work on /home/airflow/.local/lib/python3.8/site-packages/airflow/example_dags/example_complex.py
[2024-03-03T21:08:00.791+0000] {processor.py:830} INFO - Processing file /home/airflow/.local/lib/python3.8/site-packages/airflow/example_dags/example_complex.py for tasks to queue
[2024-03-03T21:08:00.793+0000] {logging_mixin.py:188} INFO - [2024-03-03T21:08:00.792+0000] {dagbag.py:538} INFO - Filling up the DagBag from /home/airflow/.local/lib/python3.8/site-packages/airflow/example_dags/example_complex.py
[2024-03-03T21:08:00.803+0000] {processor.py:840} INFO - DAG(s) 'example_complex' retrieved from /home/airflow/.local/lib/python3.8/site-packages/airflow/example_dags/example_complex.py
[2024-03-03T21:08:00.837+0000] {logging_mixin.py:188} INFO - [2024-03-03T21:08:00.837+0000] {dag.py:3036} INFO - Sync 1 DAGs
[2024-03-03T21:08:00.850+0000] {logging_mixin.py:188} INFO - [2024-03-03T21:08:00.850+0000] {dag.py:3823} INFO - Setting next_dagrun for example_complex to None, run_after=None
[2024-03-03T21:08:00.872+0000] {processor.py:183} INFO - Processing /home/airflow/.local/lib/python3.8/site-packages/airflow/example_dags/example_complex.py took 0.086 seconds
[2024-03-03T21:08:31.312+0000] {processor.py:161} INFO - Started process (PID=716) to work on /home/airflow/.local/lib/python3.8/site-packages/airflow/example_dags/example_complex.py
[2024-03-03T21:08:31.313+0000] {processor.py:830} INFO - Processing file /home/airflow/.local/lib/python3.8/site-packages/airflow/example_dags/example_complex.py for tasks to queue
[2024-03-03T21:08:31.314+0000] {logging_mixin.py:188} INFO - [2024-03-03T21:08:31.314+0000] {dagbag.py:538} INFO - Filling up the DagBag from /home/airflow/.local/lib/python3.8/site-packages/airflow/example_dags/example_complex.py
[2024-03-03T21:08:31.323+0000] {processor.py:840} INFO - DAG(s) 'example_complex' retrieved from /home/airflow/.local/lib/python3.8/site-packages/airflow/example_dags/example_complex.py
[2024-03-03T21:08:31.351+0000] {logging_mixin.py:188} INFO - [2024-03-03T21:08:31.351+0000] {dag.py:3036} INFO - Sync 1 DAGs
[2024-03-03T21:08:31.362+0000] {logging_mixin.py:188} INFO - [2024-03-03T21:08:31.362+0000] {dag.py:3823} INFO - Setting next_dagrun for example_complex to None, run_after=None
[2024-03-03T21:08:31.379+0000] {processor.py:183} INFO - Processing /home/airflow/.local/lib/python3.8/site-packages/airflow/example_dags/example_complex.py took 0.070 seconds
[2024-03-03T21:09:01.531+0000] {processor.py:161} INFO - Started process (PID=770) to work on /home/airflow/.local/lib/python3.8/site-packages/airflow/example_dags/example_complex.py
[2024-03-03T21:09:01.532+0000] {processor.py:830} INFO - Processing file /home/airflow/.local/lib/python3.8/site-packages/airflow/example_dags/example_complex.py for tasks to queue
[2024-03-03T21:09:01.536+0000] {logging_mixin.py:188} INFO - [2024-03-03T21:09:01.536+0000] {dagbag.py:538} INFO - Filling up the DagBag from /home/airflow/.local/lib/python3.8/site-packages/airflow/example_dags/example_complex.py
[2024-03-03T21:09:01.547+0000] {processor.py:840} INFO - DAG(s) 'example_complex' retrieved from /home/airflow/.local/lib/python3.8/site-packages/airflow/example_dags/example_complex.py
[2024-03-03T21:09:01.576+0000] {logging_mixin.py:188} INFO - [2024-03-03T21:09:01.575+0000] {dag.py:3036} INFO - Sync 1 DAGs
[2024-03-03T21:09:01.591+0000] {logging_mixin.py:188} INFO - [2024-03-03T21:09:01.590+0000] {dag.py:3823} INFO - Setting next_dagrun for example_complex to None, run_after=None
[2024-03-03T21:09:01.612+0000] {processor.py:183} INFO - Processing /home/airflow/.local/lib/python3.8/site-packages/airflow/example_dags/example_complex.py took 0.084 seconds
[2024-03-03T21:09:31.987+0000] {processor.py:161} INFO - Started process (PID=826) to work on /home/airflow/.local/lib/python3.8/site-packages/airflow/example_dags/example_complex.py
[2024-03-03T21:09:31.989+0000] {processor.py:830} INFO - Processing file /home/airflow/.local/lib/python3.8/site-packages/airflow/example_dags/example_complex.py for tasks to queue
[2024-03-03T21:09:31.991+0000] {logging_mixin.py:188} INFO - [2024-03-03T21:09:31.990+0000] {dagbag.py:538} INFO - Filling up the DagBag from /home/airflow/.local/lib/python3.8/site-packages/airflow/example_dags/example_complex.py
[2024-03-03T21:09:32.004+0000] {processor.py:840} INFO - DAG(s) 'example_complex' retrieved from /home/airflow/.local/lib/python3.8/site-packages/airflow/example_dags/example_complex.py
[2024-03-03T21:09:32.047+0000] {logging_mixin.py:188} INFO - [2024-03-03T21:09:32.047+0000] {dag.py:3036} INFO - Sync 1 DAGs
[2024-03-03T21:09:32.064+0000] {logging_mixin.py:188} INFO - [2024-03-03T21:09:32.063+0000] {dag.py:3823} INFO - Setting next_dagrun for example_complex to None, run_after=None
[2024-03-03T21:09:32.089+0000] {processor.py:183} INFO - Processing /home/airflow/.local/lib/python3.8/site-packages/airflow/example_dags/example_complex.py took 0.105 seconds
[2024-03-03T21:10:02.201+0000] {processor.py:161} INFO - Started process (PID=880) to work on /home/airflow/.local/lib/python3.8/site-packages/airflow/example_dags/example_complex.py
[2024-03-03T21:10:02.203+0000] {processor.py:830} INFO - Processing file /home/airflow/.local/lib/python3.8/site-packages/airflow/example_dags/example_complex.py for tasks to queue
[2024-03-03T21:10:02.205+0000] {logging_mixin.py:188} INFO - [2024-03-03T21:10:02.205+0000] {dagbag.py:538} INFO - Filling up the DagBag from /home/airflow/.local/lib/python3.8/site-packages/airflow/example_dags/example_complex.py
[2024-03-03T21:10:02.215+0000] {processor.py:840} INFO - DAG(s) 'example_complex' retrieved from /home/airflow/.local/lib/python3.8/site-packages/airflow/example_dags/example_complex.py
[2024-03-03T21:10:02.245+0000] {logging_mixin.py:188} INFO - [2024-03-03T21:10:02.245+0000] {dag.py:3036} INFO - Sync 1 DAGs
[2024-03-03T21:10:02.259+0000] {logging_mixin.py:188} INFO - [2024-03-03T21:10:02.259+0000] {dag.py:3823} INFO - Setting next_dagrun for example_complex to None, run_after=None
[2024-03-03T21:10:02.278+0000] {processor.py:183} INFO - Processing /home/airflow/.local/lib/python3.8/site-packages/airflow/example_dags/example_complex.py took 0.080 seconds
[2024-03-03T21:10:32.711+0000] {processor.py:161} INFO - Started process (PID=936) to work on /home/airflow/.local/lib/python3.8/site-packages/airflow/example_dags/example_complex.py
[2024-03-03T21:10:32.712+0000] {processor.py:830} INFO - Processing file /home/airflow/.local/lib/python3.8/site-packages/airflow/example_dags/example_complex.py for tasks to queue
[2024-03-03T21:10:32.713+0000] {logging_mixin.py:188} INFO - [2024-03-03T21:10:32.713+0000] {dagbag.py:538} INFO - Filling up the DagBag from /home/airflow/.local/lib/python3.8/site-packages/airflow/example_dags/example_complex.py
[2024-03-03T21:10:32.723+0000] {processor.py:840} INFO - DAG(s) 'example_complex' retrieved from /home/airflow/.local/lib/python3.8/site-packages/airflow/example_dags/example_complex.py
[2024-03-03T21:10:32.750+0000] {logging_mixin.py:188} INFO - [2024-03-03T21:10:32.750+0000] {dag.py:3036} INFO - Sync 1 DAGs
[2024-03-03T21:10:32.761+0000] {logging_mixin.py:188} INFO - [2024-03-03T21:10:32.761+0000] {dag.py:3823} INFO - Setting next_dagrun for example_complex to None, run_after=None
[2024-03-03T21:10:32.787+0000] {processor.py:183} INFO - Processing /home/airflow/.local/lib/python3.8/site-packages/airflow/example_dags/example_complex.py took 0.079 seconds
[2024-03-03T21:11:03.175+0000] {processor.py:161} INFO - Started process (PID=991) to work on /home/airflow/.local/lib/python3.8/site-packages/airflow/example_dags/example_complex.py
[2024-03-03T21:11:03.176+0000] {processor.py:830} INFO - Processing file /home/airflow/.local/lib/python3.8/site-packages/airflow/example_dags/example_complex.py for tasks to queue
[2024-03-03T21:11:03.178+0000] {logging_mixin.py:188} INFO - [2024-03-03T21:11:03.178+0000] {dagbag.py:538} INFO - Filling up the DagBag from /home/airflow/.local/lib/python3.8/site-packages/airflow/example_dags/example_complex.py
[2024-03-03T21:11:03.189+0000] {processor.py:840} INFO - DAG(s) 'example_complex' retrieved from /home/airflow/.local/lib/python3.8/site-packages/airflow/example_dags/example_complex.py
[2024-03-03T21:11:03.222+0000] {logging_mixin.py:188} INFO - [2024-03-03T21:11:03.221+0000] {dag.py:3036} INFO - Sync 1 DAGs
[2024-03-03T21:11:03.235+0000] {logging_mixin.py:188} INFO - [2024-03-03T21:11:03.235+0000] {dag.py:3823} INFO - Setting next_dagrun for example_complex to None, run_after=None
[2024-03-03T21:11:03.257+0000] {processor.py:183} INFO - Processing /home/airflow/.local/lib/python3.8/site-packages/airflow/example_dags/example_complex.py took 0.084 seconds
[2024-03-03T21:11:33.519+0000] {processor.py:161} INFO - Started process (PID=1046) to work on /home/airflow/.local/lib/python3.8/site-packages/airflow/example_dags/example_complex.py
[2024-03-03T21:11:33.520+0000] {processor.py:830} INFO - Processing file /home/airflow/.local/lib/python3.8/site-packages/airflow/example_dags/example_complex.py for tasks to queue
[2024-03-03T21:11:33.522+0000] {logging_mixin.py:188} INFO - [2024-03-03T21:11:33.522+0000] {dagbag.py:538} INFO - Filling up the DagBag from /home/airflow/.local/lib/python3.8/site-packages/airflow/example_dags/example_complex.py
[2024-03-03T21:11:33.535+0000] {processor.py:840} INFO - DAG(s) 'example_complex' retrieved from /home/airflow/.local/lib/python3.8/site-packages/airflow/example_dags/example_complex.py
[2024-03-03T21:11:33.573+0000] {logging_mixin.py:188} INFO - [2024-03-03T21:11:33.573+0000] {dag.py:3036} INFO - Sync 1 DAGs
[2024-03-03T21:11:33.587+0000] {logging_mixin.py:188} INFO - [2024-03-03T21:11:33.587+0000] {dag.py:3823} INFO - Setting next_dagrun for example_complex to None, run_after=None
[2024-03-03T21:11:33.612+0000] {processor.py:183} INFO - Processing /home/airflow/.local/lib/python3.8/site-packages/airflow/example_dags/example_complex.py took 0.096 seconds
[2024-03-03T21:12:04.272+0000] {processor.py:161} INFO - Started process (PID=1101) to work on /home/airflow/.local/lib/python3.8/site-packages/airflow/example_dags/example_complex.py
[2024-03-03T21:12:04.274+0000] {processor.py:830} INFO - Processing file /home/airflow/.local/lib/python3.8/site-packages/airflow/example_dags/example_complex.py for tasks to queue
[2024-03-03T21:12:04.277+0000] {logging_mixin.py:188} INFO - [2024-03-03T21:12:04.276+0000] {dagbag.py:538} INFO - Filling up the DagBag from /home/airflow/.local/lib/python3.8/site-packages/airflow/example_dags/example_complex.py
[2024-03-03T21:12:04.292+0000] {processor.py:840} INFO - DAG(s) 'example_complex' retrieved from /home/airflow/.local/lib/python3.8/site-packages/airflow/example_dags/example_complex.py
[2024-03-03T21:12:04.338+0000] {logging_mixin.py:188} INFO - [2024-03-03T21:12:04.338+0000] {dag.py:3036} INFO - Sync 1 DAGs
[2024-03-03T21:12:04.359+0000] {logging_mixin.py:188} INFO - [2024-03-03T21:12:04.358+0000] {dag.py:3823} INFO - Setting next_dagrun for example_complex to None, run_after=None
[2024-03-03T21:12:04.383+0000] {processor.py:183} INFO - Processing /home/airflow/.local/lib/python3.8/site-packages/airflow/example_dags/example_complex.py took 0.115 seconds
[2024-03-03T21:12:34.776+0000] {processor.py:161} INFO - Started process (PID=1156) to work on /home/airflow/.local/lib/python3.8/site-packages/airflow/example_dags/example_complex.py
[2024-03-03T21:12:34.777+0000] {processor.py:830} INFO - Processing file /home/airflow/.local/lib/python3.8/site-packages/airflow/example_dags/example_complex.py for tasks to queue
[2024-03-03T21:12:34.781+0000] {logging_mixin.py:188} INFO - [2024-03-03T21:12:34.780+0000] {dagbag.py:538} INFO - Filling up the DagBag from /home/airflow/.local/lib/python3.8/site-packages/airflow/example_dags/example_complex.py
[2024-03-03T21:12:34.799+0000] {processor.py:840} INFO - DAG(s) 'example_complex' retrieved from /home/airflow/.local/lib/python3.8/site-packages/airflow/example_dags/example_complex.py
[2024-03-03T21:12:34.844+0000] {logging_mixin.py:188} INFO - [2024-03-03T21:12:34.844+0000] {dag.py:3036} INFO - Sync 1 DAGs
[2024-03-03T21:12:34.862+0000] {logging_mixin.py:188} INFO - [2024-03-03T21:12:34.862+0000] {dag.py:3823} INFO - Setting next_dagrun for example_complex to None, run_after=None
[2024-03-03T21:12:34.894+0000] {processor.py:183} INFO - Processing /home/airflow/.local/lib/python3.8/site-packages/airflow/example_dags/example_complex.py took 0.123 seconds
[2024-03-03T21:13:05.045+0000] {processor.py:161} INFO - Started process (PID=1210) to work on /home/airflow/.local/lib/python3.8/site-packages/airflow/example_dags/example_complex.py
[2024-03-03T21:13:05.046+0000] {processor.py:830} INFO - Processing file /home/airflow/.local/lib/python3.8/site-packages/airflow/example_dags/example_complex.py for tasks to queue
[2024-03-03T21:13:05.049+0000] {logging_mixin.py:188} INFO - [2024-03-03T21:13:05.048+0000] {dagbag.py:538} INFO - Filling up the DagBag from /home/airflow/.local/lib/python3.8/site-packages/airflow/example_dags/example_complex.py
[2024-03-03T21:13:05.063+0000] {processor.py:840} INFO - DAG(s) 'example_complex' retrieved from /home/airflow/.local/lib/python3.8/site-packages/airflow/example_dags/example_complex.py
[2024-03-03T21:13:05.108+0000] {logging_mixin.py:188} INFO - [2024-03-03T21:13:05.107+0000] {dag.py:3036} INFO - Sync 1 DAGs
[2024-03-03T21:13:05.126+0000] {logging_mixin.py:188} INFO - [2024-03-03T21:13:05.125+0000] {dag.py:3823} INFO - Setting next_dagrun for example_complex to None, run_after=None
[2024-03-03T21:13:05.156+0000] {processor.py:183} INFO - Processing /home/airflow/.local/lib/python3.8/site-packages/airflow/example_dags/example_complex.py took 0.116 seconds
[2024-03-03T21:13:35.455+0000] {processor.py:161} INFO - Started process (PID=1265) to work on /home/airflow/.local/lib/python3.8/site-packages/airflow/example_dags/example_complex.py
[2024-03-03T21:13:35.457+0000] {processor.py:830} INFO - Processing file /home/airflow/.local/lib/python3.8/site-packages/airflow/example_dags/example_complex.py for tasks to queue
[2024-03-03T21:13:35.461+0000] {logging_mixin.py:188} INFO - [2024-03-03T21:13:35.460+0000] {dagbag.py:538} INFO - Filling up the DagBag from /home/airflow/.local/lib/python3.8/site-packages/airflow/example_dags/example_complex.py
[2024-03-03T21:13:35.477+0000] {processor.py:840} INFO - DAG(s) 'example_complex' retrieved from /home/airflow/.local/lib/python3.8/site-packages/airflow/example_dags/example_complex.py
[2024-03-03T21:13:35.529+0000] {logging_mixin.py:188} INFO - [2024-03-03T21:13:35.528+0000] {dag.py:3036} INFO - Sync 1 DAGs
[2024-03-03T21:13:35.548+0000] {logging_mixin.py:188} INFO - [2024-03-03T21:13:35.547+0000] {dag.py:3823} INFO - Setting next_dagrun for example_complex to None, run_after=None
[2024-03-03T21:13:35.576+0000] {processor.py:183} INFO - Processing /home/airflow/.local/lib/python3.8/site-packages/airflow/example_dags/example_complex.py took 0.126 seconds
[2024-03-03T21:14:06.099+0000] {processor.py:161} INFO - Started process (PID=1320) to work on /home/airflow/.local/lib/python3.8/site-packages/airflow/example_dags/example_complex.py
[2024-03-03T21:14:06.101+0000] {processor.py:830} INFO - Processing file /home/airflow/.local/lib/python3.8/site-packages/airflow/example_dags/example_complex.py for tasks to queue
[2024-03-03T21:14:06.103+0000] {logging_mixin.py:188} INFO - [2024-03-03T21:14:06.103+0000] {dagbag.py:538} INFO - Filling up the DagBag from /home/airflow/.local/lib/python3.8/site-packages/airflow/example_dags/example_complex.py
[2024-03-03T21:14:06.117+0000] {processor.py:840} INFO - DAG(s) 'example_complex' retrieved from /home/airflow/.local/lib/python3.8/site-packages/airflow/example_dags/example_complex.py
[2024-03-03T21:14:06.159+0000] {logging_mixin.py:188} INFO - [2024-03-03T21:14:06.158+0000] {dag.py:3036} INFO - Sync 1 DAGs
[2024-03-03T21:14:06.183+0000] {logging_mixin.py:188} INFO - [2024-03-03T21:14:06.183+0000] {dag.py:3823} INFO - Setting next_dagrun for example_complex to None, run_after=None
[2024-03-03T21:14:06.221+0000] {processor.py:183} INFO - Processing /home/airflow/.local/lib/python3.8/site-packages/airflow/example_dags/example_complex.py took 0.126 seconds
[2024-03-03T21:14:36.371+0000] {processor.py:161} INFO - Started process (PID=1375) to work on /home/airflow/.local/lib/python3.8/site-packages/airflow/example_dags/example_complex.py
[2024-03-03T21:14:36.372+0000] {processor.py:830} INFO - Processing file /home/airflow/.local/lib/python3.8/site-packages/airflow/example_dags/example_complex.py for tasks to queue
[2024-03-03T21:14:36.374+0000] {logging_mixin.py:188} INFO - [2024-03-03T21:14:36.374+0000] {dagbag.py:538} INFO - Filling up the DagBag from /home/airflow/.local/lib/python3.8/site-packages/airflow/example_dags/example_complex.py
[2024-03-03T21:14:36.394+0000] {processor.py:840} INFO - DAG(s) 'example_complex' retrieved from /home/airflow/.local/lib/python3.8/site-packages/airflow/example_dags/example_complex.py
[2024-03-03T21:14:36.431+0000] {logging_mixin.py:188} INFO - [2024-03-03T21:14:36.430+0000] {dag.py:3036} INFO - Sync 1 DAGs
[2024-03-03T21:14:36.446+0000] {logging_mixin.py:188} INFO - [2024-03-03T21:14:36.445+0000] {dag.py:3823} INFO - Setting next_dagrun for example_complex to None, run_after=None
[2024-03-03T21:14:36.464+0000] {processor.py:183} INFO - Processing /home/airflow/.local/lib/python3.8/site-packages/airflow/example_dags/example_complex.py took 0.097 seconds
[2024-03-03T21:15:07.018+0000] {processor.py:161} INFO - Started process (PID=1430) to work on /home/airflow/.local/lib/python3.8/site-packages/airflow/example_dags/example_complex.py
[2024-03-03T21:15:07.019+0000] {processor.py:830} INFO - Processing file /home/airflow/.local/lib/python3.8/site-packages/airflow/example_dags/example_complex.py for tasks to queue
[2024-03-03T21:15:07.022+0000] {logging_mixin.py:188} INFO - [2024-03-03T21:15:07.021+0000] {dagbag.py:538} INFO - Filling up the DagBag from /home/airflow/.local/lib/python3.8/site-packages/airflow/example_dags/example_complex.py
[2024-03-03T21:15:07.042+0000] {processor.py:840} INFO - DAG(s) 'example_complex' retrieved from /home/airflow/.local/lib/python3.8/site-packages/airflow/example_dags/example_complex.py
[2024-03-03T21:15:07.097+0000] {logging_mixin.py:188} INFO - [2024-03-03T21:15:07.096+0000] {dag.py:3036} INFO - Sync 1 DAGs
[2024-03-03T21:15:07.120+0000] {logging_mixin.py:188} INFO - [2024-03-03T21:15:07.119+0000] {dag.py:3823} INFO - Setting next_dagrun for example_complex to None, run_after=None
[2024-03-03T21:15:07.164+0000] {processor.py:183} INFO - Processing /home/airflow/.local/lib/python3.8/site-packages/airflow/example_dags/example_complex.py took 0.150 seconds
[2024-03-03T21:15:37.577+0000] {processor.py:161} INFO - Started process (PID=1485) to work on /home/airflow/.local/lib/python3.8/site-packages/airflow/example_dags/example_complex.py
[2024-03-03T21:15:37.579+0000] {processor.py:830} INFO - Processing file /home/airflow/.local/lib/python3.8/site-packages/airflow/example_dags/example_complex.py for tasks to queue
[2024-03-03T21:15:37.581+0000] {logging_mixin.py:188} INFO - [2024-03-03T21:15:37.581+0000] {dagbag.py:538} INFO - Filling up the DagBag from /home/airflow/.local/lib/python3.8/site-packages/airflow/example_dags/example_complex.py
[2024-03-03T21:15:37.594+0000] {processor.py:840} INFO - DAG(s) 'example_complex' retrieved from /home/airflow/.local/lib/python3.8/site-packages/airflow/example_dags/example_complex.py
[2024-03-03T21:15:37.634+0000] {logging_mixin.py:188} INFO - [2024-03-03T21:15:37.633+0000] {dag.py:3036} INFO - Sync 1 DAGs
[2024-03-03T21:15:37.662+0000] {logging_mixin.py:188} INFO - [2024-03-03T21:15:37.662+0000] {dag.py:3823} INFO - Setting next_dagrun for example_complex to None, run_after=None
[2024-03-03T21:15:37.690+0000] {processor.py:183} INFO - Processing /home/airflow/.local/lib/python3.8/site-packages/airflow/example_dags/example_complex.py took 0.118 seconds
[2024-03-03T21:16:08.145+0000] {processor.py:161} INFO - Started process (PID=1540) to work on /home/airflow/.local/lib/python3.8/site-packages/airflow/example_dags/example_complex.py
[2024-03-03T21:16:08.146+0000] {processor.py:830} INFO - Processing file /home/airflow/.local/lib/python3.8/site-packages/airflow/example_dags/example_complex.py for tasks to queue
[2024-03-03T21:16:08.148+0000] {logging_mixin.py:188} INFO - [2024-03-03T21:16:08.148+0000] {dagbag.py:538} INFO - Filling up the DagBag from /home/airflow/.local/lib/python3.8/site-packages/airflow/example_dags/example_complex.py
[2024-03-03T21:16:08.162+0000] {processor.py:840} INFO - DAG(s) 'example_complex' retrieved from /home/airflow/.local/lib/python3.8/site-packages/airflow/example_dags/example_complex.py
[2024-03-03T21:16:08.201+0000] {logging_mixin.py:188} INFO - [2024-03-03T21:16:08.200+0000] {dag.py:3036} INFO - Sync 1 DAGs
[2024-03-03T21:16:08.216+0000] {logging_mixin.py:188} INFO - [2024-03-03T21:16:08.216+0000] {dag.py:3823} INFO - Setting next_dagrun for example_complex to None, run_after=None
[2024-03-03T21:16:08.241+0000] {processor.py:183} INFO - Processing /home/airflow/.local/lib/python3.8/site-packages/airflow/example_dags/example_complex.py took 0.101 seconds
[2024-03-03T21:16:38.391+0000] {processor.py:161} INFO - Started process (PID=1595) to work on /home/airflow/.local/lib/python3.8/site-packages/airflow/example_dags/example_complex.py
[2024-03-03T21:16:38.393+0000] {processor.py:830} INFO - Processing file /home/airflow/.local/lib/python3.8/site-packages/airflow/example_dags/example_complex.py for tasks to queue
[2024-03-03T21:16:38.395+0000] {logging_mixin.py:188} INFO - [2024-03-03T21:16:38.394+0000] {dagbag.py:538} INFO - Filling up the DagBag from /home/airflow/.local/lib/python3.8/site-packages/airflow/example_dags/example_complex.py
[2024-03-03T21:16:38.405+0000] {processor.py:840} INFO - DAG(s) 'example_complex' retrieved from /home/airflow/.local/lib/python3.8/site-packages/airflow/example_dags/example_complex.py
[2024-03-03T21:16:38.438+0000] {logging_mixin.py:188} INFO - [2024-03-03T21:16:38.438+0000] {dag.py:3036} INFO - Sync 1 DAGs
[2024-03-03T21:16:38.453+0000] {logging_mixin.py:188} INFO - [2024-03-03T21:16:38.453+0000] {dag.py:3823} INFO - Setting next_dagrun for example_complex to None, run_after=None
[2024-03-03T21:16:38.482+0000] {processor.py:183} INFO - Processing /home/airflow/.local/lib/python3.8/site-packages/airflow/example_dags/example_complex.py took 0.093 seconds
[2024-03-03T21:17:08.692+0000] {processor.py:161} INFO - Started process (PID=1650) to work on /home/airflow/.local/lib/python3.8/site-packages/airflow/example_dags/example_complex.py
[2024-03-03T21:17:08.693+0000] {processor.py:830} INFO - Processing file /home/airflow/.local/lib/python3.8/site-packages/airflow/example_dags/example_complex.py for tasks to queue
[2024-03-03T21:17:08.695+0000] {logging_mixin.py:188} INFO - [2024-03-03T21:17:08.694+0000] {dagbag.py:538} INFO - Filling up the DagBag from /home/airflow/.local/lib/python3.8/site-packages/airflow/example_dags/example_complex.py
[2024-03-03T21:17:08.704+0000] {processor.py:840} INFO - DAG(s) 'example_complex' retrieved from /home/airflow/.local/lib/python3.8/site-packages/airflow/example_dags/example_complex.py
[2024-03-03T21:17:08.735+0000] {logging_mixin.py:188} INFO - [2024-03-03T21:17:08.735+0000] {dag.py:3036} INFO - Sync 1 DAGs
[2024-03-03T21:17:08.750+0000] {logging_mixin.py:188} INFO - [2024-03-03T21:17:08.749+0000] {dag.py:3823} INFO - Setting next_dagrun for example_complex to None, run_after=None
[2024-03-03T21:17:08.778+0000] {processor.py:183} INFO - Processing /home/airflow/.local/lib/python3.8/site-packages/airflow/example_dags/example_complex.py took 0.089 seconds
[2024-03-03T21:17:38.921+0000] {processor.py:161} INFO - Started process (PID=1705) to work on /home/airflow/.local/lib/python3.8/site-packages/airflow/example_dags/example_complex.py
[2024-03-03T21:17:38.923+0000] {processor.py:830} INFO - Processing file /home/airflow/.local/lib/python3.8/site-packages/airflow/example_dags/example_complex.py for tasks to queue
[2024-03-03T21:17:38.925+0000] {logging_mixin.py:188} INFO - [2024-03-03T21:17:38.925+0000] {dagbag.py:538} INFO - Filling up the DagBag from /home/airflow/.local/lib/python3.8/site-packages/airflow/example_dags/example_complex.py
[2024-03-03T21:17:38.948+0000] {processor.py:840} INFO - DAG(s) 'example_complex' retrieved from /home/airflow/.local/lib/python3.8/site-packages/airflow/example_dags/example_complex.py
[2024-03-03T21:17:39.000+0000] {logging_mixin.py:188} INFO - [2024-03-03T21:17:38.999+0000] {dag.py:3036} INFO - Sync 1 DAGs
[2024-03-03T21:17:39.029+0000] {logging_mixin.py:188} INFO - [2024-03-03T21:17:39.028+0000] {dag.py:3823} INFO - Setting next_dagrun for example_complex to None, run_after=None
[2024-03-03T21:17:39.072+0000] {processor.py:183} INFO - Processing /home/airflow/.local/lib/python3.8/site-packages/airflow/example_dags/example_complex.py took 0.155 seconds
[2024-03-03T21:18:09.988+0000] {processor.py:161} INFO - Started process (PID=1760) to work on /home/airflow/.local/lib/python3.8/site-packages/airflow/example_dags/example_complex.py
[2024-03-03T21:18:09.991+0000] {processor.py:830} INFO - Processing file /home/airflow/.local/lib/python3.8/site-packages/airflow/example_dags/example_complex.py for tasks to queue
[2024-03-03T21:18:09.999+0000] {logging_mixin.py:188} INFO - [2024-03-03T21:18:09.998+0000] {dagbag.py:538} INFO - Filling up the DagBag from /home/airflow/.local/lib/python3.8/site-packages/airflow/example_dags/example_complex.py
[2024-03-03T21:18:10.040+0000] {processor.py:840} INFO - DAG(s) 'example_complex' retrieved from /home/airflow/.local/lib/python3.8/site-packages/airflow/example_dags/example_complex.py
[2024-03-03T21:18:10.146+0000] {logging_mixin.py:188} INFO - [2024-03-03T21:18:10.145+0000] {dag.py:3036} INFO - Sync 1 DAGs
[2024-03-03T21:18:10.181+0000] {logging_mixin.py:188} INFO - [2024-03-03T21:18:10.181+0000] {dag.py:3823} INFO - Setting next_dagrun for example_complex to None, run_after=None
[2024-03-03T21:18:10.239+0000] {processor.py:183} INFO - Processing /home/airflow/.local/lib/python3.8/site-packages/airflow/example_dags/example_complex.py took 0.259 seconds
[2024-03-03T21:18:40.512+0000] {processor.py:161} INFO - Started process (PID=1815) to work on /home/airflow/.local/lib/python3.8/site-packages/airflow/example_dags/example_complex.py
[2024-03-03T21:18:40.514+0000] {processor.py:830} INFO - Processing file /home/airflow/.local/lib/python3.8/site-packages/airflow/example_dags/example_complex.py for tasks to queue
[2024-03-03T21:18:40.518+0000] {logging_mixin.py:188} INFO - [2024-03-03T21:18:40.517+0000] {dagbag.py:538} INFO - Filling up the DagBag from /home/airflow/.local/lib/python3.8/site-packages/airflow/example_dags/example_complex.py
[2024-03-03T21:18:40.537+0000] {processor.py:840} INFO - DAG(s) 'example_complex' retrieved from /home/airflow/.local/lib/python3.8/site-packages/airflow/example_dags/example_complex.py
[2024-03-03T21:18:40.584+0000] {logging_mixin.py:188} INFO - [2024-03-03T21:18:40.583+0000] {dag.py:3036} INFO - Sync 1 DAGs
[2024-03-03T21:18:40.602+0000] {logging_mixin.py:188} INFO - [2024-03-03T21:18:40.602+0000] {dag.py:3823} INFO - Setting next_dagrun for example_complex to None, run_after=None
[2024-03-03T21:18:40.636+0000] {processor.py:183} INFO - Processing /home/airflow/.local/lib/python3.8/site-packages/airflow/example_dags/example_complex.py took 0.129 seconds
[2024-03-03T21:19:11.166+0000] {processor.py:161} INFO - Started process (PID=1868) to work on /home/airflow/.local/lib/python3.8/site-packages/airflow/example_dags/example_complex.py
[2024-03-03T21:19:11.168+0000] {processor.py:830} INFO - Processing file /home/airflow/.local/lib/python3.8/site-packages/airflow/example_dags/example_complex.py for tasks to queue
[2024-03-03T21:19:11.172+0000] {logging_mixin.py:188} INFO - [2024-03-03T21:19:11.172+0000] {dagbag.py:538} INFO - Filling up the DagBag from /home/airflow/.local/lib/python3.8/site-packages/airflow/example_dags/example_complex.py
[2024-03-03T21:19:11.201+0000] {processor.py:840} INFO - DAG(s) 'example_complex' retrieved from /home/airflow/.local/lib/python3.8/site-packages/airflow/example_dags/example_complex.py
[2024-03-03T21:19:11.265+0000] {logging_mixin.py:188} INFO - [2024-03-03T21:19:11.265+0000] {dag.py:3036} INFO - Sync 1 DAGs
[2024-03-03T21:19:11.293+0000] {logging_mixin.py:188} INFO - [2024-03-03T21:19:11.292+0000] {dag.py:3823} INFO - Setting next_dagrun for example_complex to None, run_after=None
[2024-03-03T21:19:11.337+0000] {processor.py:183} INFO - Processing /home/airflow/.local/lib/python3.8/site-packages/airflow/example_dags/example_complex.py took 0.177 seconds
[2024-03-03T21:19:41.585+0000] {processor.py:161} INFO - Started process (PID=1923) to work on /home/airflow/.local/lib/python3.8/site-packages/airflow/example_dags/example_complex.py
[2024-03-03T21:19:41.587+0000] {processor.py:830} INFO - Processing file /home/airflow/.local/lib/python3.8/site-packages/airflow/example_dags/example_complex.py for tasks to queue
[2024-03-03T21:19:41.590+0000] {logging_mixin.py:188} INFO - [2024-03-03T21:19:41.589+0000] {dagbag.py:538} INFO - Filling up the DagBag from /home/airflow/.local/lib/python3.8/site-packages/airflow/example_dags/example_complex.py
[2024-03-03T21:19:41.605+0000] {processor.py:840} INFO - DAG(s) 'example_complex' retrieved from /home/airflow/.local/lib/python3.8/site-packages/airflow/example_dags/example_complex.py
[2024-03-03T21:19:41.661+0000] {logging_mixin.py:188} INFO - [2024-03-03T21:19:41.660+0000] {dag.py:3036} INFO - Sync 1 DAGs
[2024-03-03T21:19:41.681+0000] {logging_mixin.py:188} INFO - [2024-03-03T21:19:41.680+0000] {dag.py:3823} INFO - Setting next_dagrun for example_complex to None, run_after=None
[2024-03-03T21:19:41.741+0000] {processor.py:183} INFO - Processing /home/airflow/.local/lib/python3.8/site-packages/airflow/example_dags/example_complex.py took 0.159 seconds
[2024-03-03T21:20:12.664+0000] {processor.py:161} INFO - Started process (PID=1978) to work on /home/airflow/.local/lib/python3.8/site-packages/airflow/example_dags/example_complex.py
[2024-03-03T21:20:12.666+0000] {processor.py:830} INFO - Processing file /home/airflow/.local/lib/python3.8/site-packages/airflow/example_dags/example_complex.py for tasks to queue
[2024-03-03T21:20:12.669+0000] {logging_mixin.py:188} INFO - [2024-03-03T21:20:12.669+0000] {dagbag.py:538} INFO - Filling up the DagBag from /home/airflow/.local/lib/python3.8/site-packages/airflow/example_dags/example_complex.py
[2024-03-03T21:20:12.686+0000] {processor.py:840} INFO - DAG(s) 'example_complex' retrieved from /home/airflow/.local/lib/python3.8/site-packages/airflow/example_dags/example_complex.py
[2024-03-03T21:20:12.732+0000] {logging_mixin.py:188} INFO - [2024-03-03T21:20:12.731+0000] {dag.py:3036} INFO - Sync 1 DAGs
[2024-03-03T21:20:12.750+0000] {logging_mixin.py:188} INFO - [2024-03-03T21:20:12.750+0000] {dag.py:3823} INFO - Setting next_dagrun for example_complex to None, run_after=None
[2024-03-03T21:20:12.786+0000] {processor.py:183} INFO - Processing /home/airflow/.local/lib/python3.8/site-packages/airflow/example_dags/example_complex.py took 0.128 seconds
[2024-03-03T21:20:43.262+0000] {processor.py:161} INFO - Started process (PID=2033) to work on /home/airflow/.local/lib/python3.8/site-packages/airflow/example_dags/example_complex.py
[2024-03-03T21:20:43.264+0000] {processor.py:830} INFO - Processing file /home/airflow/.local/lib/python3.8/site-packages/airflow/example_dags/example_complex.py for tasks to queue
[2024-03-03T21:20:43.268+0000] {logging_mixin.py:188} INFO - [2024-03-03T21:20:43.267+0000] {dagbag.py:538} INFO - Filling up the DagBag from /home/airflow/.local/lib/python3.8/site-packages/airflow/example_dags/example_complex.py
[2024-03-03T21:20:43.294+0000] {processor.py:840} INFO - DAG(s) 'example_complex' retrieved from /home/airflow/.local/lib/python3.8/site-packages/airflow/example_dags/example_complex.py
[2024-03-03T21:20:43.357+0000] {logging_mixin.py:188} INFO - [2024-03-03T21:20:43.356+0000] {dag.py:3036} INFO - Sync 1 DAGs
[2024-03-03T21:20:43.379+0000] {logging_mixin.py:188} INFO - [2024-03-03T21:20:43.379+0000] {dag.py:3823} INFO - Setting next_dagrun for example_complex to None, run_after=None
[2024-03-03T21:20:43.418+0000] {processor.py:183} INFO - Processing /home/airflow/.local/lib/python3.8/site-packages/airflow/example_dags/example_complex.py took 0.162 seconds
[2024-03-03T21:21:14.006+0000] {processor.py:161} INFO - Started process (PID=2088) to work on /home/airflow/.local/lib/python3.8/site-packages/airflow/example_dags/example_complex.py
[2024-03-03T21:21:14.007+0000] {processor.py:830} INFO - Processing file /home/airflow/.local/lib/python3.8/site-packages/airflow/example_dags/example_complex.py for tasks to queue
[2024-03-03T21:21:14.009+0000] {logging_mixin.py:188} INFO - [2024-03-03T21:21:14.009+0000] {dagbag.py:538} INFO - Filling up the DagBag from /home/airflow/.local/lib/python3.8/site-packages/airflow/example_dags/example_complex.py
[2024-03-03T21:21:14.021+0000] {processor.py:840} INFO - DAG(s) 'example_complex' retrieved from /home/airflow/.local/lib/python3.8/site-packages/airflow/example_dags/example_complex.py
[2024-03-03T21:21:14.063+0000] {logging_mixin.py:188} INFO - [2024-03-03T21:21:14.063+0000] {dag.py:3036} INFO - Sync 1 DAGs
[2024-03-03T21:21:14.081+0000] {logging_mixin.py:188} INFO - [2024-03-03T21:21:14.081+0000] {dag.py:3823} INFO - Setting next_dagrun for example_complex to None, run_after=None
[2024-03-03T21:21:14.108+0000] {processor.py:183} INFO - Processing /home/airflow/.local/lib/python3.8/site-packages/airflow/example_dags/example_complex.py took 0.105 seconds
[2024-03-03T21:21:44.915+0000] {processor.py:161} INFO - Started process (PID=2143) to work on /home/airflow/.local/lib/python3.8/site-packages/airflow/example_dags/example_complex.py
[2024-03-03T21:21:44.917+0000] {processor.py:830} INFO - Processing file /home/airflow/.local/lib/python3.8/site-packages/airflow/example_dags/example_complex.py for tasks to queue
[2024-03-03T21:21:44.919+0000] {logging_mixin.py:188} INFO - [2024-03-03T21:21:44.919+0000] {dagbag.py:538} INFO - Filling up the DagBag from /home/airflow/.local/lib/python3.8/site-packages/airflow/example_dags/example_complex.py
[2024-03-03T21:21:44.931+0000] {processor.py:840} INFO - DAG(s) 'example_complex' retrieved from /home/airflow/.local/lib/python3.8/site-packages/airflow/example_dags/example_complex.py
[2024-03-03T21:21:44.967+0000] {logging_mixin.py:188} INFO - [2024-03-03T21:21:44.966+0000] {dag.py:3036} INFO - Sync 1 DAGs
[2024-03-03T21:21:44.979+0000] {logging_mixin.py:188} INFO - [2024-03-03T21:21:44.979+0000] {dag.py:3823} INFO - Setting next_dagrun for example_complex to None, run_after=None
[2024-03-03T21:21:45.003+0000] {processor.py:183} INFO - Processing /home/airflow/.local/lib/python3.8/site-packages/airflow/example_dags/example_complex.py took 0.091 seconds
[2024-03-03T21:22:15.524+0000] {processor.py:161} INFO - Started process (PID=2198) to work on /home/airflow/.local/lib/python3.8/site-packages/airflow/example_dags/example_complex.py
[2024-03-03T21:22:15.525+0000] {processor.py:830} INFO - Processing file /home/airflow/.local/lib/python3.8/site-packages/airflow/example_dags/example_complex.py for tasks to queue
[2024-03-03T21:22:15.527+0000] {logging_mixin.py:188} INFO - [2024-03-03T21:22:15.527+0000] {dagbag.py:538} INFO - Filling up the DagBag from /home/airflow/.local/lib/python3.8/site-packages/airflow/example_dags/example_complex.py
[2024-03-03T21:22:15.537+0000] {processor.py:840} INFO - DAG(s) 'example_complex' retrieved from /home/airflow/.local/lib/python3.8/site-packages/airflow/example_dags/example_complex.py
[2024-03-03T21:22:15.569+0000] {logging_mixin.py:188} INFO - [2024-03-03T21:22:15.569+0000] {dag.py:3036} INFO - Sync 1 DAGs
[2024-03-03T21:22:15.584+0000] {logging_mixin.py:188} INFO - [2024-03-03T21:22:15.584+0000] {dag.py:3823} INFO - Setting next_dagrun for example_complex to None, run_after=None
[2024-03-03T21:22:15.618+0000] {processor.py:183} INFO - Processing /home/airflow/.local/lib/python3.8/site-packages/airflow/example_dags/example_complex.py took 0.098 seconds
