[2024-03-03T20:00:50.249+0000] {processor.py:161} INFO - Started process (PID=114) to work on /home/airflow/.local/lib/python3.8/site-packages/airflow/example_dags/example_sla_dag.py
[2024-03-03T20:00:50.251+0000] {processor.py:830} INFO - Processing file /home/airflow/.local/lib/python3.8/site-packages/airflow/example_dags/example_sla_dag.py for tasks to queue
[2024-03-03T20:00:50.254+0000] {logging_mixin.py:188} INFO - [2024-03-03T20:00:50.253+0000] {dagbag.py:538} INFO - Filling up the DagBag from /home/airflow/.local/lib/python3.8/site-packages/airflow/example_dags/example_sla_dag.py
[2024-03-03T20:00:50.275+0000] {processor.py:840} INFO - DAG(s) 'example_sla_dag' retrieved from /home/airflow/.local/lib/python3.8/site-packages/airflow/example_dags/example_sla_dag.py
[2024-03-03T20:00:50.529+0000] {logging_mixin.py:188} INFO - [2024-03-03T20:00:50.527+0000] {override.py:1769} INFO - Created Permission View: can delete on DAG:example_sla_dag
[2024-03-03T20:00:50.558+0000] {logging_mixin.py:188} INFO - [2024-03-03T20:00:50.558+0000] {override.py:1769} INFO - Created Permission View: can edit on DAG:example_sla_dag
[2024-03-03T20:00:50.578+0000] {logging_mixin.py:188} INFO - [2024-03-03T20:00:50.577+0000] {override.py:1769} INFO - Created Permission View: can read on DAG:example_sla_dag
[2024-03-03T20:00:50.580+0000] {logging_mixin.py:188} INFO - [2024-03-03T20:00:50.579+0000] {dag.py:3036} INFO - Sync 1 DAGs
[2024-03-03T20:00:50.609+0000] {logging_mixin.py:188} INFO - [2024-03-03T20:00:50.609+0000] {dag.py:3058} INFO - Creating ORM DAG for example_sla_dag
[2024-03-03T20:00:50.647+0000] {logging_mixin.py:188} INFO - [2024-03-03T20:00:50.646+0000] {dag.py:3823} INFO - Setting next_dagrun for example_sla_dag to 2024-03-03 19:58:00+00:00, run_after=2024-03-03 20:00:00+00:00
[2024-03-03T20:00:50.697+0000] {processor.py:183} INFO - Processing /home/airflow/.local/lib/python3.8/site-packages/airflow/example_dags/example_sla_dag.py took 0.453 seconds
[2024-03-03T20:05:11.833+0000] {processor.py:161} INFO - Started process (PID=185) to work on /home/airflow/.local/lib/python3.8/site-packages/airflow/example_dags/example_sla_dag.py
[2024-03-03T20:05:11.835+0000] {processor.py:830} INFO - Processing file /home/airflow/.local/lib/python3.8/site-packages/airflow/example_dags/example_sla_dag.py for tasks to queue
[2024-03-03T20:05:11.837+0000] {logging_mixin.py:188} INFO - [2024-03-03T20:05:11.836+0000] {dagbag.py:538} INFO - Filling up the DagBag from /home/airflow/.local/lib/python3.8/site-packages/airflow/example_dags/example_sla_dag.py
[2024-03-03T20:05:11.851+0000] {processor.py:840} INFO - DAG(s) 'example_sla_dag' retrieved from /home/airflow/.local/lib/python3.8/site-packages/airflow/example_dags/example_sla_dag.py
[2024-03-03T20:05:11.889+0000] {logging_mixin.py:188} INFO - [2024-03-03T20:05:11.888+0000] {dag.py:3036} INFO - Sync 1 DAGs
[2024-03-03T20:05:11.937+0000] {logging_mixin.py:188} INFO - [2024-03-03T20:05:11.937+0000] {dag.py:3823} INFO - Setting next_dagrun for example_sla_dag to 2024-03-03 20:02:00+00:00, run_after=2024-03-03 20:04:00+00:00
[2024-03-03T20:05:11.979+0000] {processor.py:183} INFO - Processing /home/airflow/.local/lib/python3.8/site-packages/airflow/example_dags/example_sla_dag.py took 0.151 seconds
[2024-03-03T20:08:17.424+0000] {processor.py:161} INFO - Started process (PID=260) to work on /home/airflow/.local/lib/python3.8/site-packages/airflow/example_dags/example_sla_dag.py
[2024-03-03T20:08:17.426+0000] {processor.py:830} INFO - Processing file /home/airflow/.local/lib/python3.8/site-packages/airflow/example_dags/example_sla_dag.py for tasks to queue
[2024-03-03T20:08:17.428+0000] {logging_mixin.py:188} INFO - [2024-03-03T20:08:17.427+0000] {dagbag.py:538} INFO - Filling up the DagBag from /home/airflow/.local/lib/python3.8/site-packages/airflow/example_dags/example_sla_dag.py
[2024-03-03T20:08:17.450+0000] {processor.py:840} INFO - DAG(s) 'example_sla_dag' retrieved from /home/airflow/.local/lib/python3.8/site-packages/airflow/example_dags/example_sla_dag.py
[2024-03-03T20:08:17.487+0000] {logging_mixin.py:188} INFO - [2024-03-03T20:08:17.486+0000] {dag.py:3036} INFO - Sync 1 DAGs
[2024-03-03T20:08:17.529+0000] {logging_mixin.py:188} INFO - [2024-03-03T20:08:17.529+0000] {dag.py:3823} INFO - Setting next_dagrun for example_sla_dag to 2024-03-03 20:06:00+00:00, run_after=2024-03-03 20:08:00+00:00
[2024-03-03T20:08:17.561+0000] {processor.py:183} INFO - Processing /home/airflow/.local/lib/python3.8/site-packages/airflow/example_dags/example_sla_dag.py took 0.143 seconds
[2024-03-03T20:11:34.409+0000] {processor.py:161} INFO - Started process (PID=331) to work on /home/airflow/.local/lib/python3.8/site-packages/airflow/example_dags/example_sla_dag.py
[2024-03-03T20:11:34.412+0000] {processor.py:830} INFO - Processing file /home/airflow/.local/lib/python3.8/site-packages/airflow/example_dags/example_sla_dag.py for tasks to queue
[2024-03-03T20:11:34.414+0000] {logging_mixin.py:188} INFO - [2024-03-03T20:11:34.414+0000] {dagbag.py:538} INFO - Filling up the DagBag from /home/airflow/.local/lib/python3.8/site-packages/airflow/example_dags/example_sla_dag.py
[2024-03-03T20:11:34.435+0000] {processor.py:840} INFO - DAG(s) 'example_sla_dag' retrieved from /home/airflow/.local/lib/python3.8/site-packages/airflow/example_dags/example_sla_dag.py
[2024-03-03T20:11:34.486+0000] {logging_mixin.py:188} INFO - [2024-03-03T20:11:34.485+0000] {dag.py:3036} INFO - Sync 1 DAGs
[2024-03-03T20:11:34.550+0000] {logging_mixin.py:188} INFO - [2024-03-03T20:11:34.550+0000] {dag.py:3823} INFO - Setting next_dagrun for example_sla_dag to 2024-03-03 20:08:00+00:00, run_after=2024-03-03 20:10:00+00:00
[2024-03-03T20:11:34.617+0000] {processor.py:183} INFO - Processing /home/airflow/.local/lib/python3.8/site-packages/airflow/example_dags/example_sla_dag.py took 0.214 seconds
[2024-03-03T20:13:57.443+0000] {processor.py:161} INFO - Started process (PID=419) to work on /home/airflow/.local/lib/python3.8/site-packages/airflow/example_dags/example_sla_dag.py
[2024-03-03T20:13:57.446+0000] {processor.py:830} INFO - Processing file /home/airflow/.local/lib/python3.8/site-packages/airflow/example_dags/example_sla_dag.py for tasks to queue
[2024-03-03T20:13:57.449+0000] {logging_mixin.py:188} INFO - [2024-03-03T20:13:57.448+0000] {dagbag.py:538} INFO - Filling up the DagBag from /home/airflow/.local/lib/python3.8/site-packages/airflow/example_dags/example_sla_dag.py
[2024-03-03T20:13:57.465+0000] {processor.py:840} INFO - DAG(s) 'example_sla_dag' retrieved from /home/airflow/.local/lib/python3.8/site-packages/airflow/example_dags/example_sla_dag.py
[2024-03-03T20:13:57.502+0000] {logging_mixin.py:188} INFO - [2024-03-03T20:13:57.502+0000] {dag.py:3036} INFO - Sync 1 DAGs
[2024-03-03T20:13:57.549+0000] {logging_mixin.py:188} INFO - [2024-03-03T20:13:57.549+0000] {dag.py:3823} INFO - Setting next_dagrun for example_sla_dag to 2024-03-03 20:10:00+00:00, run_after=2024-03-03 20:12:00+00:00
[2024-03-03T20:13:57.602+0000] {processor.py:183} INFO - Processing /home/airflow/.local/lib/python3.8/site-packages/airflow/example_dags/example_sla_dag.py took 0.165 seconds
[2024-03-03T20:14:28.810+0000] {processor.py:161} INFO - Started process (PID=473) to work on /home/airflow/.local/lib/python3.8/site-packages/airflow/example_dags/example_sla_dag.py
[2024-03-03T20:14:28.813+0000] {processor.py:830} INFO - Processing file /home/airflow/.local/lib/python3.8/site-packages/airflow/example_dags/example_sla_dag.py for tasks to queue
[2024-03-03T20:14:28.816+0000] {logging_mixin.py:188} INFO - [2024-03-03T20:14:28.815+0000] {dagbag.py:538} INFO - Filling up the DagBag from /home/airflow/.local/lib/python3.8/site-packages/airflow/example_dags/example_sla_dag.py
[2024-03-03T20:14:28.854+0000] {processor.py:840} INFO - DAG(s) 'example_sla_dag' retrieved from /home/airflow/.local/lib/python3.8/site-packages/airflow/example_dags/example_sla_dag.py
[2024-03-03T20:14:28.964+0000] {logging_mixin.py:188} INFO - [2024-03-03T20:14:28.964+0000] {dag.py:3036} INFO - Sync 1 DAGs
[2024-03-03T20:14:29.082+0000] {logging_mixin.py:188} INFO - [2024-03-03T20:14:29.081+0000] {dag.py:3823} INFO - Setting next_dagrun for example_sla_dag to 2024-03-03 20:12:00+00:00, run_after=2024-03-03 20:14:00+00:00
[2024-03-03T20:14:29.162+0000] {processor.py:183} INFO - Processing /home/airflow/.local/lib/python3.8/site-packages/airflow/example_dags/example_sla_dag.py took 0.368 seconds
[2024-03-03T20:15:03.434+0000] {processor.py:161} INFO - Started process (PID=528) to work on /home/airflow/.local/lib/python3.8/site-packages/airflow/example_dags/example_sla_dag.py
[2024-03-03T20:15:03.436+0000] {processor.py:830} INFO - Processing file /home/airflow/.local/lib/python3.8/site-packages/airflow/example_dags/example_sla_dag.py for tasks to queue
[2024-03-03T20:15:03.439+0000] {logging_mixin.py:188} INFO - [2024-03-03T20:15:03.438+0000] {dagbag.py:538} INFO - Filling up the DagBag from /home/airflow/.local/lib/python3.8/site-packages/airflow/example_dags/example_sla_dag.py
[2024-03-03T20:15:03.457+0000] {processor.py:840} INFO - DAG(s) 'example_sla_dag' retrieved from /home/airflow/.local/lib/python3.8/site-packages/airflow/example_dags/example_sla_dag.py
[2024-03-03T20:15:03.500+0000] {logging_mixin.py:188} INFO - [2024-03-03T20:15:03.500+0000] {dag.py:3036} INFO - Sync 1 DAGs
[2024-03-03T20:15:03.577+0000] {logging_mixin.py:188} INFO - [2024-03-03T20:15:03.576+0000] {dag.py:3823} INFO - Setting next_dagrun for example_sla_dag to 2024-03-03 20:12:00+00:00, run_after=2024-03-03 20:14:00+00:00
[2024-03-03T20:15:03.638+0000] {processor.py:183} INFO - Processing /home/airflow/.local/lib/python3.8/site-packages/airflow/example_dags/example_sla_dag.py took 0.211 seconds
[2024-03-03T20:15:34.833+0000] {processor.py:161} INFO - Started process (PID=583) to work on /home/airflow/.local/lib/python3.8/site-packages/airflow/example_dags/example_sla_dag.py
[2024-03-03T20:15:34.837+0000] {processor.py:830} INFO - Processing file /home/airflow/.local/lib/python3.8/site-packages/airflow/example_dags/example_sla_dag.py for tasks to queue
[2024-03-03T20:15:34.842+0000] {logging_mixin.py:188} INFO - [2024-03-03T20:15:34.840+0000] {dagbag.py:538} INFO - Filling up the DagBag from /home/airflow/.local/lib/python3.8/site-packages/airflow/example_dags/example_sla_dag.py
[2024-03-03T20:15:34.871+0000] {processor.py:840} INFO - DAG(s) 'example_sla_dag' retrieved from /home/airflow/.local/lib/python3.8/site-packages/airflow/example_dags/example_sla_dag.py
[2024-03-03T20:15:34.927+0000] {logging_mixin.py:188} INFO - [2024-03-03T20:15:34.927+0000] {dag.py:3036} INFO - Sync 1 DAGs
[2024-03-03T20:15:35.015+0000] {logging_mixin.py:188} INFO - [2024-03-03T20:15:35.014+0000] {dag.py:3823} INFO - Setting next_dagrun for example_sla_dag to 2024-03-03 20:12:00+00:00, run_after=2024-03-03 20:14:00+00:00
[2024-03-03T20:15:35.057+0000] {processor.py:183} INFO - Processing /home/airflow/.local/lib/python3.8/site-packages/airflow/example_dags/example_sla_dag.py took 0.233 seconds
[2024-03-03T20:16:05.349+0000] {processor.py:161} INFO - Started process (PID=639) to work on /home/airflow/.local/lib/python3.8/site-packages/airflow/example_dags/example_sla_dag.py
[2024-03-03T20:16:05.351+0000] {processor.py:830} INFO - Processing file /home/airflow/.local/lib/python3.8/site-packages/airflow/example_dags/example_sla_dag.py for tasks to queue
[2024-03-03T20:16:05.353+0000] {logging_mixin.py:188} INFO - [2024-03-03T20:16:05.353+0000] {dagbag.py:538} INFO - Filling up the DagBag from /home/airflow/.local/lib/python3.8/site-packages/airflow/example_dags/example_sla_dag.py
[2024-03-03T20:16:05.369+0000] {processor.py:840} INFO - DAG(s) 'example_sla_dag' retrieved from /home/airflow/.local/lib/python3.8/site-packages/airflow/example_dags/example_sla_dag.py
[2024-03-03T20:16:05.417+0000] {logging_mixin.py:188} INFO - [2024-03-03T20:16:05.416+0000] {dag.py:3036} INFO - Sync 1 DAGs
[2024-03-03T20:16:05.468+0000] {logging_mixin.py:188} INFO - [2024-03-03T20:16:05.467+0000] {dag.py:3823} INFO - Setting next_dagrun for example_sla_dag to 2024-03-03 20:14:00+00:00, run_after=2024-03-03 20:16:00+00:00
[2024-03-03T20:16:05.510+0000] {processor.py:183} INFO - Processing /home/airflow/.local/lib/python3.8/site-packages/airflow/example_dags/example_sla_dag.py took 0.167 seconds
[2024-03-03T20:16:35.807+0000] {processor.py:161} INFO - Started process (PID=694) to work on /home/airflow/.local/lib/python3.8/site-packages/airflow/example_dags/example_sla_dag.py
[2024-03-03T20:16:35.809+0000] {processor.py:830} INFO - Processing file /home/airflow/.local/lib/python3.8/site-packages/airflow/example_dags/example_sla_dag.py for tasks to queue
[2024-03-03T20:16:35.811+0000] {logging_mixin.py:188} INFO - [2024-03-03T20:16:35.810+0000] {dagbag.py:538} INFO - Filling up the DagBag from /home/airflow/.local/lib/python3.8/site-packages/airflow/example_dags/example_sla_dag.py
[2024-03-03T20:16:35.821+0000] {processor.py:840} INFO - DAG(s) 'example_sla_dag' retrieved from /home/airflow/.local/lib/python3.8/site-packages/airflow/example_dags/example_sla_dag.py
[2024-03-03T20:16:35.852+0000] {logging_mixin.py:188} INFO - [2024-03-03T20:16:35.851+0000] {dag.py:3036} INFO - Sync 1 DAGs
[2024-03-03T20:16:35.881+0000] {logging_mixin.py:188} INFO - [2024-03-03T20:16:35.880+0000] {dag.py:3823} INFO - Setting next_dagrun for example_sla_dag to 2024-03-03 20:14:00+00:00, run_after=2024-03-03 20:16:00+00:00
[2024-03-03T20:16:35.909+0000] {processor.py:183} INFO - Processing /home/airflow/.local/lib/python3.8/site-packages/airflow/example_dags/example_sla_dag.py took 0.106 seconds
[2024-03-03T20:17:06.792+0000] {processor.py:161} INFO - Started process (PID=751) to work on /home/airflow/.local/lib/python3.8/site-packages/airflow/example_dags/example_sla_dag.py
[2024-03-03T20:17:06.793+0000] {processor.py:830} INFO - Processing file /home/airflow/.local/lib/python3.8/site-packages/airflow/example_dags/example_sla_dag.py for tasks to queue
[2024-03-03T20:17:06.794+0000] {logging_mixin.py:188} INFO - [2024-03-03T20:17:06.793+0000] {dagbag.py:538} INFO - Filling up the DagBag from /home/airflow/.local/lib/python3.8/site-packages/airflow/example_dags/example_sla_dag.py
[2024-03-03T20:17:06.803+0000] {processor.py:840} INFO - DAG(s) 'example_sla_dag' retrieved from /home/airflow/.local/lib/python3.8/site-packages/airflow/example_dags/example_sla_dag.py
[2024-03-03T20:17:06.824+0000] {logging_mixin.py:188} INFO - [2024-03-03T20:17:06.823+0000] {dag.py:3036} INFO - Sync 1 DAGs
[2024-03-03T20:17:06.857+0000] {logging_mixin.py:188} INFO - [2024-03-03T20:17:06.857+0000] {dag.py:3823} INFO - Setting next_dagrun for example_sla_dag to 2024-03-03 20:14:00+00:00, run_after=2024-03-03 20:16:00+00:00
[2024-03-03T20:17:06.877+0000] {processor.py:183} INFO - Processing /home/airflow/.local/lib/python3.8/site-packages/airflow/example_dags/example_sla_dag.py took 0.088 seconds
[2024-03-03T20:18:59.465+0000] {processor.py:161} INFO - Started process (PID=805) to work on /home/airflow/.local/lib/python3.8/site-packages/airflow/example_dags/example_sla_dag.py
[2024-03-03T20:18:59.466+0000] {processor.py:830} INFO - Processing file /home/airflow/.local/lib/python3.8/site-packages/airflow/example_dags/example_sla_dag.py for tasks to queue
[2024-03-03T20:18:59.468+0000] {logging_mixin.py:188} INFO - [2024-03-03T20:18:59.467+0000] {dagbag.py:538} INFO - Filling up the DagBag from /home/airflow/.local/lib/python3.8/site-packages/airflow/example_dags/example_sla_dag.py
[2024-03-03T20:18:59.482+0000] {processor.py:840} INFO - DAG(s) 'example_sla_dag' retrieved from /home/airflow/.local/lib/python3.8/site-packages/airflow/example_dags/example_sla_dag.py
[2024-03-03T20:18:59.517+0000] {logging_mixin.py:188} INFO - [2024-03-03T20:18:59.516+0000] {dag.py:3036} INFO - Sync 1 DAGs
[2024-03-03T20:18:59.559+0000] {logging_mixin.py:188} INFO - [2024-03-03T20:18:59.559+0000] {dag.py:3823} INFO - Setting next_dagrun for example_sla_dag to 2024-03-03 20:16:00+00:00, run_after=2024-03-03 20:18:00+00:00
[2024-03-03T20:18:59.594+0000] {processor.py:183} INFO - Processing /home/airflow/.local/lib/python3.8/site-packages/airflow/example_dags/example_sla_dag.py took 0.133 seconds
[2024-03-03T20:20:59.859+0000] {processor.py:161} INFO - Started process (PID=889) to work on /home/airflow/.local/lib/python3.8/site-packages/airflow/example_dags/example_sla_dag.py
[2024-03-03T20:20:59.861+0000] {processor.py:830} INFO - Processing file /home/airflow/.local/lib/python3.8/site-packages/airflow/example_dags/example_sla_dag.py for tasks to queue
[2024-03-03T20:20:59.864+0000] {logging_mixin.py:188} INFO - [2024-03-03T20:20:59.863+0000] {dagbag.py:538} INFO - Filling up the DagBag from /home/airflow/.local/lib/python3.8/site-packages/airflow/example_dags/example_sla_dag.py
[2024-03-03T20:20:59.883+0000] {processor.py:840} INFO - DAG(s) 'example_sla_dag' retrieved from /home/airflow/.local/lib/python3.8/site-packages/airflow/example_dags/example_sla_dag.py
[2024-03-03T20:20:59.947+0000] {logging_mixin.py:188} INFO - [2024-03-03T20:20:59.947+0000] {dag.py:3036} INFO - Sync 1 DAGs
[2024-03-03T20:21:00.011+0000] {logging_mixin.py:188} INFO - [2024-03-03T20:21:00.010+0000] {dag.py:3823} INFO - Setting next_dagrun for example_sla_dag to 2024-03-03 20:18:00+00:00, run_after=2024-03-03 20:20:00+00:00
[2024-03-03T20:21:00.064+0000] {processor.py:183} INFO - Processing /home/airflow/.local/lib/python3.8/site-packages/airflow/example_dags/example_sla_dag.py took 0.210 seconds
[2024-03-03T20:32:38.329+0000] {processor.py:161} INFO - Started process (PID=90) to work on /home/airflow/.local/lib/python3.8/site-packages/airflow/example_dags/example_sla_dag.py
[2024-03-03T20:32:38.344+0000] {processor.py:830} INFO - Processing file /home/airflow/.local/lib/python3.8/site-packages/airflow/example_dags/example_sla_dag.py for tasks to queue
[2024-03-03T20:32:38.529+0000] {logging_mixin.py:188} INFO - [2024-03-03T20:32:38.367+0000] {dagbag.py:538} INFO - Filling up the DagBag from /home/airflow/.local/lib/python3.8/site-packages/airflow/example_dags/example_sla_dag.py
[2024-03-03T20:32:39.846+0000] {processor.py:840} INFO - DAG(s) 'example_sla_dag' retrieved from /home/airflow/.local/lib/python3.8/site-packages/airflow/example_dags/example_sla_dag.py
[2024-03-03T20:33:02.060+0000] {logging_mixin.py:188} INFO - [2024-03-03T20:33:02.057+0000] {dag.py:3036} INFO - Sync 1 DAGs
[2024-03-03T20:33:02.222+0000] {logging_mixin.py:188} INFO - [2024-03-03T20:33:02.222+0000] {dag.py:3823} INFO - Setting next_dagrun for example_sla_dag to 2024-03-03 20:30:00+00:00, run_after=2024-03-03 20:32:00+00:00
[2024-03-03T20:33:02.330+0000] {processor.py:183} INFO - Processing /home/airflow/.local/lib/python3.8/site-packages/airflow/example_dags/example_sla_dag.py took 24.098 seconds
[2024-03-03T20:33:32.710+0000] {processor.py:161} INFO - Started process (PID=149) to work on /home/airflow/.local/lib/python3.8/site-packages/airflow/example_dags/example_sla_dag.py
[2024-03-03T20:33:32.715+0000] {processor.py:830} INFO - Processing file /home/airflow/.local/lib/python3.8/site-packages/airflow/example_dags/example_sla_dag.py for tasks to queue
[2024-03-03T20:33:32.717+0000] {logging_mixin.py:188} INFO - [2024-03-03T20:33:32.715+0000] {dagbag.py:538} INFO - Filling up the DagBag from /home/airflow/.local/lib/python3.8/site-packages/airflow/example_dags/example_sla_dag.py
[2024-03-03T20:33:32.746+0000] {processor.py:840} INFO - DAG(s) 'example_sla_dag' retrieved from /home/airflow/.local/lib/python3.8/site-packages/airflow/example_dags/example_sla_dag.py
[2024-03-03T20:33:33.042+0000] {logging_mixin.py:188} INFO - [2024-03-03T20:33:33.041+0000] {dag.py:3036} INFO - Sync 1 DAGs
[2024-03-03T20:33:33.128+0000] {logging_mixin.py:188} INFO - [2024-03-03T20:33:33.128+0000] {dag.py:3823} INFO - Setting next_dagrun for example_sla_dag to 2024-03-03 20:30:00+00:00, run_after=2024-03-03 20:32:00+00:00
[2024-03-03T20:33:33.211+0000] {processor.py:183} INFO - Processing /home/airflow/.local/lib/python3.8/site-packages/airflow/example_dags/example_sla_dag.py took 0.509 seconds
[2024-03-03T20:34:28.325+0000] {processor.py:161} INFO - Started process (PID=202) to work on /home/airflow/.local/lib/python3.8/site-packages/airflow/example_dags/example_sla_dag.py
[2024-03-03T20:34:28.332+0000] {processor.py:830} INFO - Processing file /home/airflow/.local/lib/python3.8/site-packages/airflow/example_dags/example_sla_dag.py for tasks to queue
[2024-03-03T20:34:28.335+0000] {logging_mixin.py:188} INFO - [2024-03-03T20:34:28.334+0000] {dagbag.py:538} INFO - Filling up the DagBag from /home/airflow/.local/lib/python3.8/site-packages/airflow/example_dags/example_sla_dag.py
[2024-03-03T20:34:28.359+0000] {processor.py:840} INFO - DAG(s) 'example_sla_dag' retrieved from /home/airflow/.local/lib/python3.8/site-packages/airflow/example_dags/example_sla_dag.py
[2024-03-03T20:34:28.416+0000] {logging_mixin.py:188} INFO - [2024-03-03T20:34:28.416+0000] {dag.py:3036} INFO - Sync 1 DAGs
[2024-03-03T20:34:28.493+0000] {logging_mixin.py:188} INFO - [2024-03-03T20:34:28.492+0000] {dag.py:3823} INFO - Setting next_dagrun for example_sla_dag to 2024-03-03 20:32:00+00:00, run_after=2024-03-03 20:34:00+00:00
[2024-03-03T20:34:28.564+0000] {processor.py:183} INFO - Processing /home/airflow/.local/lib/python3.8/site-packages/airflow/example_dags/example_sla_dag.py took 0.246 seconds
[2024-03-03T20:36:35.718+0000] {processor.py:161} INFO - Started process (PID=254) to work on /home/airflow/.local/lib/python3.8/site-packages/airflow/example_dags/example_sla_dag.py
[2024-03-03T20:36:35.720+0000] {processor.py:830} INFO - Processing file /home/airflow/.local/lib/python3.8/site-packages/airflow/example_dags/example_sla_dag.py for tasks to queue
[2024-03-03T20:36:35.722+0000] {logging_mixin.py:188} INFO - [2024-03-03T20:36:35.721+0000] {dagbag.py:538} INFO - Filling up the DagBag from /home/airflow/.local/lib/python3.8/site-packages/airflow/example_dags/example_sla_dag.py
[2024-03-03T20:36:35.734+0000] {processor.py:840} INFO - DAG(s) 'example_sla_dag' retrieved from /home/airflow/.local/lib/python3.8/site-packages/airflow/example_dags/example_sla_dag.py
[2024-03-03T20:36:35.767+0000] {logging_mixin.py:188} INFO - [2024-03-03T20:36:35.767+0000] {dag.py:3036} INFO - Sync 1 DAGs
[2024-03-03T20:36:35.812+0000] {logging_mixin.py:188} INFO - [2024-03-03T20:36:35.811+0000] {dag.py:3823} INFO - Setting next_dagrun for example_sla_dag to 2024-03-03 20:34:00+00:00, run_after=2024-03-03 20:36:00+00:00
[2024-03-03T20:36:35.864+0000] {processor.py:183} INFO - Processing /home/airflow/.local/lib/python3.8/site-packages/airflow/example_dags/example_sla_dag.py took 0.150 seconds
[2024-03-03T20:39:40.293+0000] {processor.py:161} INFO - Started process (PID=345) to work on /home/airflow/.local/lib/python3.8/site-packages/airflow/example_dags/example_sla_dag.py
[2024-03-03T20:39:40.295+0000] {processor.py:830} INFO - Processing file /home/airflow/.local/lib/python3.8/site-packages/airflow/example_dags/example_sla_dag.py for tasks to queue
[2024-03-03T20:39:40.297+0000] {logging_mixin.py:188} INFO - [2024-03-03T20:39:40.296+0000] {dagbag.py:538} INFO - Filling up the DagBag from /home/airflow/.local/lib/python3.8/site-packages/airflow/example_dags/example_sla_dag.py
[2024-03-03T20:39:40.310+0000] {processor.py:840} INFO - DAG(s) 'example_sla_dag' retrieved from /home/airflow/.local/lib/python3.8/site-packages/airflow/example_dags/example_sla_dag.py
[2024-03-03T20:39:40.342+0000] {logging_mixin.py:188} INFO - [2024-03-03T20:39:40.342+0000] {dag.py:3036} INFO - Sync 1 DAGs
[2024-03-03T20:39:40.390+0000] {logging_mixin.py:188} INFO - [2024-03-03T20:39:40.390+0000] {dag.py:3823} INFO - Setting next_dagrun for example_sla_dag to 2024-03-03 20:36:00+00:00, run_after=2024-03-03 20:38:00+00:00
[2024-03-03T20:39:40.423+0000] {processor.py:183} INFO - Processing /home/airflow/.local/lib/python3.8/site-packages/airflow/example_dags/example_sla_dag.py took 0.135 seconds
[2024-03-03T20:40:10.855+0000] {processor.py:161} INFO - Started process (PID=400) to work on /home/airflow/.local/lib/python3.8/site-packages/airflow/example_dags/example_sla_dag.py
[2024-03-03T20:40:10.857+0000] {processor.py:830} INFO - Processing file /home/airflow/.local/lib/python3.8/site-packages/airflow/example_dags/example_sla_dag.py for tasks to queue
[2024-03-03T20:40:10.860+0000] {logging_mixin.py:188} INFO - [2024-03-03T20:40:10.859+0000] {dagbag.py:538} INFO - Filling up the DagBag from /home/airflow/.local/lib/python3.8/site-packages/airflow/example_dags/example_sla_dag.py
[2024-03-03T20:40:10.879+0000] {processor.py:840} INFO - DAG(s) 'example_sla_dag' retrieved from /home/airflow/.local/lib/python3.8/site-packages/airflow/example_dags/example_sla_dag.py
[2024-03-03T20:40:10.916+0000] {logging_mixin.py:188} INFO - [2024-03-03T20:40:10.916+0000] {dag.py:3036} INFO - Sync 1 DAGs
[2024-03-03T20:40:10.975+0000] {logging_mixin.py:188} INFO - [2024-03-03T20:40:10.975+0000] {dag.py:3823} INFO - Setting next_dagrun for example_sla_dag to 2024-03-03 20:38:00+00:00, run_after=2024-03-03 20:40:00+00:00
[2024-03-03T20:40:11.016+0000] {processor.py:183} INFO - Processing /home/airflow/.local/lib/python3.8/site-packages/airflow/example_dags/example_sla_dag.py took 0.167 seconds
[2024-03-03T20:40:41.873+0000] {processor.py:161} INFO - Started process (PID=455) to work on /home/airflow/.local/lib/python3.8/site-packages/airflow/example_dags/example_sla_dag.py
[2024-03-03T20:40:41.874+0000] {processor.py:830} INFO - Processing file /home/airflow/.local/lib/python3.8/site-packages/airflow/example_dags/example_sla_dag.py for tasks to queue
[2024-03-03T20:40:41.875+0000] {logging_mixin.py:188} INFO - [2024-03-03T20:40:41.875+0000] {dagbag.py:538} INFO - Filling up the DagBag from /home/airflow/.local/lib/python3.8/site-packages/airflow/example_dags/example_sla_dag.py
[2024-03-03T20:40:41.885+0000] {processor.py:840} INFO - DAG(s) 'example_sla_dag' retrieved from /home/airflow/.local/lib/python3.8/site-packages/airflow/example_dags/example_sla_dag.py
[2024-03-03T20:40:41.911+0000] {logging_mixin.py:188} INFO - [2024-03-03T20:40:41.911+0000] {dag.py:3036} INFO - Sync 1 DAGs
[2024-03-03T20:40:41.947+0000] {logging_mixin.py:188} INFO - [2024-03-03T20:40:41.947+0000] {dag.py:3823} INFO - Setting next_dagrun for example_sla_dag to 2024-03-03 20:38:00+00:00, run_after=2024-03-03 20:40:00+00:00
[2024-03-03T20:40:41.973+0000] {processor.py:183} INFO - Processing /home/airflow/.local/lib/python3.8/site-packages/airflow/example_dags/example_sla_dag.py took 0.104 seconds
[2024-03-03T20:43:00.280+0000] {processor.py:161} INFO - Started process (PID=544) to work on /home/airflow/.local/lib/python3.8/site-packages/airflow/example_dags/example_sla_dag.py
[2024-03-03T20:43:00.283+0000] {processor.py:830} INFO - Processing file /home/airflow/.local/lib/python3.8/site-packages/airflow/example_dags/example_sla_dag.py for tasks to queue
[2024-03-03T20:43:00.286+0000] {logging_mixin.py:188} INFO - [2024-03-03T20:43:00.285+0000] {dagbag.py:538} INFO - Filling up the DagBag from /home/airflow/.local/lib/python3.8/site-packages/airflow/example_dags/example_sla_dag.py
[2024-03-03T20:43:00.305+0000] {processor.py:840} INFO - DAG(s) 'example_sla_dag' retrieved from /home/airflow/.local/lib/python3.8/site-packages/airflow/example_dags/example_sla_dag.py
[2024-03-03T20:43:00.350+0000] {logging_mixin.py:188} INFO - [2024-03-03T20:43:00.349+0000] {dag.py:3036} INFO - Sync 1 DAGs
[2024-03-03T20:43:00.409+0000] {logging_mixin.py:188} INFO - [2024-03-03T20:43:00.409+0000] {dag.py:3823} INFO - Setting next_dagrun for example_sla_dag to 2024-03-03 20:40:00+00:00, run_after=2024-03-03 20:42:00+00:00
[2024-03-03T20:43:00.453+0000] {processor.py:183} INFO - Processing /home/airflow/.local/lib/python3.8/site-packages/airflow/example_dags/example_sla_dag.py took 0.179 seconds
[2024-03-03T20:46:49.724+0000] {processor.py:161} INFO - Started process (PID=602) to work on /home/airflow/.local/lib/python3.8/site-packages/airflow/example_dags/example_sla_dag.py
[2024-03-03T20:46:49.727+0000] {processor.py:830} INFO - Processing file /home/airflow/.local/lib/python3.8/site-packages/airflow/example_dags/example_sla_dag.py for tasks to queue
[2024-03-03T20:46:49.730+0000] {logging_mixin.py:188} INFO - [2024-03-03T20:46:49.729+0000] {dagbag.py:538} INFO - Filling up the DagBag from /home/airflow/.local/lib/python3.8/site-packages/airflow/example_dags/example_sla_dag.py
[2024-03-03T20:46:49.766+0000] {processor.py:840} INFO - DAG(s) 'example_sla_dag' retrieved from /home/airflow/.local/lib/python3.8/site-packages/airflow/example_dags/example_sla_dag.py
[2024-03-03T20:46:53.274+0000] {logging_mixin.py:188} INFO - [2024-03-03T20:46:53.261+0000] {dag.py:3036} INFO - Sync 1 DAGs
[2024-03-03T20:46:53.381+0000] {logging_mixin.py:188} INFO - [2024-03-03T20:46:53.380+0000] {dag.py:3823} INFO - Setting next_dagrun for example_sla_dag to 2024-03-03 20:44:00+00:00, run_after=2024-03-03 20:46:00+00:00
[2024-03-03T20:46:53.441+0000] {processor.py:183} INFO - Processing /home/airflow/.local/lib/python3.8/site-packages/airflow/example_dags/example_sla_dag.py took 3.729 seconds
[2024-03-03T20:48:13.276+0000] {processor.py:161} INFO - Started process (PID=666) to work on /home/airflow/.local/lib/python3.8/site-packages/airflow/example_dags/example_sla_dag.py
[2024-03-03T20:48:13.281+0000] {processor.py:830} INFO - Processing file /home/airflow/.local/lib/python3.8/site-packages/airflow/example_dags/example_sla_dag.py for tasks to queue
[2024-03-03T20:48:13.284+0000] {logging_mixin.py:188} INFO - [2024-03-03T20:48:13.283+0000] {dagbag.py:538} INFO - Filling up the DagBag from /home/airflow/.local/lib/python3.8/site-packages/airflow/example_dags/example_sla_dag.py
[2024-03-03T20:48:13.327+0000] {processor.py:840} INFO - DAG(s) 'example_sla_dag' retrieved from /home/airflow/.local/lib/python3.8/site-packages/airflow/example_dags/example_sla_dag.py
[2024-03-03T20:48:13.453+0000] {logging_mixin.py:188} INFO - [2024-03-03T20:48:13.449+0000] {dag.py:3036} INFO - Sync 1 DAGs
[2024-03-03T20:48:13.549+0000] {logging_mixin.py:188} INFO - [2024-03-03T20:48:13.548+0000] {dag.py:3823} INFO - Setting next_dagrun for example_sla_dag to 2024-03-03 20:46:00+00:00, run_after=2024-03-03 20:48:00+00:00
[2024-03-03T20:48:13.619+0000] {processor.py:183} INFO - Processing /home/airflow/.local/lib/python3.8/site-packages/airflow/example_dags/example_sla_dag.py took 0.347 seconds
[2024-03-03T20:48:43.810+0000] {processor.py:161} INFO - Started process (PID=721) to work on /home/airflow/.local/lib/python3.8/site-packages/airflow/example_dags/example_sla_dag.py
[2024-03-03T20:48:43.812+0000] {processor.py:830} INFO - Processing file /home/airflow/.local/lib/python3.8/site-packages/airflow/example_dags/example_sla_dag.py for tasks to queue
[2024-03-03T20:48:43.815+0000] {logging_mixin.py:188} INFO - [2024-03-03T20:48:43.814+0000] {dagbag.py:538} INFO - Filling up the DagBag from /home/airflow/.local/lib/python3.8/site-packages/airflow/example_dags/example_sla_dag.py
[2024-03-03T20:48:43.836+0000] {processor.py:840} INFO - DAG(s) 'example_sla_dag' retrieved from /home/airflow/.local/lib/python3.8/site-packages/airflow/example_dags/example_sla_dag.py
[2024-03-03T20:48:43.880+0000] {logging_mixin.py:188} INFO - [2024-03-03T20:48:43.880+0000] {dag.py:3036} INFO - Sync 1 DAGs
[2024-03-03T20:48:43.921+0000] {logging_mixin.py:188} INFO - [2024-03-03T20:48:43.920+0000] {dag.py:3823} INFO - Setting next_dagrun for example_sla_dag to 2024-03-03 20:46:00+00:00, run_after=2024-03-03 20:48:00+00:00
[2024-03-03T20:48:43.957+0000] {processor.py:183} INFO - Processing /home/airflow/.local/lib/python3.8/site-packages/airflow/example_dags/example_sla_dag.py took 0.153 seconds
[2024-03-03T21:02:31.495+0000] {processor.py:161} INFO - Started process (PID=90) to work on /home/airflow/.local/lib/python3.8/site-packages/airflow/example_dags/example_sla_dag.py
[2024-03-03T21:02:31.498+0000] {processor.py:830} INFO - Processing file /home/airflow/.local/lib/python3.8/site-packages/airflow/example_dags/example_sla_dag.py for tasks to queue
[2024-03-03T21:02:31.501+0000] {logging_mixin.py:188} INFO - [2024-03-03T21:02:31.500+0000] {dagbag.py:538} INFO - Filling up the DagBag from /home/airflow/.local/lib/python3.8/site-packages/airflow/example_dags/example_sla_dag.py
[2024-03-03T21:02:31.521+0000] {processor.py:840} INFO - DAG(s) 'example_sla_dag' retrieved from /home/airflow/.local/lib/python3.8/site-packages/airflow/example_dags/example_sla_dag.py
[2024-03-03T21:02:31.789+0000] {logging_mixin.py:188} INFO - [2024-03-03T21:02:31.788+0000] {dag.py:3036} INFO - Sync 1 DAGs
[2024-03-03T21:02:31.841+0000] {logging_mixin.py:188} INFO - [2024-03-03T21:02:31.841+0000] {dag.py:3823} INFO - Setting next_dagrun for example_sla_dag to 2024-03-03 21:00:00+00:00, run_after=2024-03-03 21:02:00+00:00
[2024-03-03T21:02:31.877+0000] {processor.py:183} INFO - Processing /home/airflow/.local/lib/python3.8/site-packages/airflow/example_dags/example_sla_dag.py took 0.388 seconds
[2024-03-03T21:03:02.814+0000] {processor.py:161} INFO - Started process (PID=145) to work on /home/airflow/.local/lib/python3.8/site-packages/airflow/example_dags/example_sla_dag.py
[2024-03-03T21:03:02.816+0000] {processor.py:830} INFO - Processing file /home/airflow/.local/lib/python3.8/site-packages/airflow/example_dags/example_sla_dag.py for tasks to queue
[2024-03-03T21:03:02.818+0000] {logging_mixin.py:188} INFO - [2024-03-03T21:03:02.818+0000] {dagbag.py:538} INFO - Filling up the DagBag from /home/airflow/.local/lib/python3.8/site-packages/airflow/example_dags/example_sla_dag.py
[2024-03-03T21:03:02.831+0000] {processor.py:840} INFO - DAG(s) 'example_sla_dag' retrieved from /home/airflow/.local/lib/python3.8/site-packages/airflow/example_dags/example_sla_dag.py
[2024-03-03T21:03:02.869+0000] {logging_mixin.py:188} INFO - [2024-03-03T21:03:02.869+0000] {dag.py:3036} INFO - Sync 1 DAGs
[2024-03-03T21:03:02.923+0000] {logging_mixin.py:188} INFO - [2024-03-03T21:03:02.923+0000] {dag.py:3823} INFO - Setting next_dagrun for example_sla_dag to 2024-03-03 21:00:00+00:00, run_after=2024-03-03 21:02:00+00:00
[2024-03-03T21:03:02.966+0000] {processor.py:183} INFO - Processing /home/airflow/.local/lib/python3.8/site-packages/airflow/example_dags/example_sla_dag.py took 0.156 seconds
[2024-03-03T21:03:33.548+0000] {processor.py:161} INFO - Started process (PID=200) to work on /home/airflow/.local/lib/python3.8/site-packages/airflow/example_dags/example_sla_dag.py
[2024-03-03T21:03:33.549+0000] {processor.py:830} INFO - Processing file /home/airflow/.local/lib/python3.8/site-packages/airflow/example_dags/example_sla_dag.py for tasks to queue
[2024-03-03T21:03:33.551+0000] {logging_mixin.py:188} INFO - [2024-03-03T21:03:33.551+0000] {dagbag.py:538} INFO - Filling up the DagBag from /home/airflow/.local/lib/python3.8/site-packages/airflow/example_dags/example_sla_dag.py
[2024-03-03T21:03:33.561+0000] {processor.py:840} INFO - DAG(s) 'example_sla_dag' retrieved from /home/airflow/.local/lib/python3.8/site-packages/airflow/example_dags/example_sla_dag.py
[2024-03-03T21:03:33.590+0000] {logging_mixin.py:188} INFO - [2024-03-03T21:03:33.589+0000] {dag.py:3036} INFO - Sync 1 DAGs
[2024-03-03T21:03:33.622+0000] {logging_mixin.py:188} INFO - [2024-03-03T21:03:33.622+0000] {dag.py:3823} INFO - Setting next_dagrun for example_sla_dag to 2024-03-03 21:00:00+00:00, run_after=2024-03-03 21:02:00+00:00
[2024-03-03T21:03:33.643+0000] {processor.py:183} INFO - Processing /home/airflow/.local/lib/python3.8/site-packages/airflow/example_dags/example_sla_dag.py took 0.099 seconds
[2024-03-03T21:04:04.057+0000] {processor.py:161} INFO - Started process (PID=255) to work on /home/airflow/.local/lib/python3.8/site-packages/airflow/example_dags/example_sla_dag.py
[2024-03-03T21:04:04.059+0000] {processor.py:830} INFO - Processing file /home/airflow/.local/lib/python3.8/site-packages/airflow/example_dags/example_sla_dag.py for tasks to queue
[2024-03-03T21:04:04.063+0000] {logging_mixin.py:188} INFO - [2024-03-03T21:04:04.062+0000] {dagbag.py:538} INFO - Filling up the DagBag from /home/airflow/.local/lib/python3.8/site-packages/airflow/example_dags/example_sla_dag.py
[2024-03-03T21:04:04.078+0000] {processor.py:840} INFO - DAG(s) 'example_sla_dag' retrieved from /home/airflow/.local/lib/python3.8/site-packages/airflow/example_dags/example_sla_dag.py
[2024-03-03T21:04:04.107+0000] {logging_mixin.py:188} INFO - [2024-03-03T21:04:04.106+0000] {dag.py:3036} INFO - Sync 1 DAGs
[2024-03-03T21:04:04.148+0000] {logging_mixin.py:188} INFO - [2024-03-03T21:04:04.148+0000] {dag.py:3823} INFO - Setting next_dagrun for example_sla_dag to 2024-03-03 21:02:00+00:00, run_after=2024-03-03 21:04:00+00:00
[2024-03-03T21:04:04.176+0000] {processor.py:183} INFO - Processing /home/airflow/.local/lib/python3.8/site-packages/airflow/example_dags/example_sla_dag.py took 0.124 seconds
[2024-03-03T21:04:34.453+0000] {processor.py:161} INFO - Started process (PID=310) to work on /home/airflow/.local/lib/python3.8/site-packages/airflow/example_dags/example_sla_dag.py
[2024-03-03T21:04:34.454+0000] {processor.py:830} INFO - Processing file /home/airflow/.local/lib/python3.8/site-packages/airflow/example_dags/example_sla_dag.py for tasks to queue
[2024-03-03T21:04:34.456+0000] {logging_mixin.py:188} INFO - [2024-03-03T21:04:34.456+0000] {dagbag.py:538} INFO - Filling up the DagBag from /home/airflow/.local/lib/python3.8/site-packages/airflow/example_dags/example_sla_dag.py
[2024-03-03T21:04:34.466+0000] {processor.py:840} INFO - DAG(s) 'example_sla_dag' retrieved from /home/airflow/.local/lib/python3.8/site-packages/airflow/example_dags/example_sla_dag.py
[2024-03-03T21:04:34.488+0000] {logging_mixin.py:188} INFO - [2024-03-03T21:04:34.487+0000] {dag.py:3036} INFO - Sync 1 DAGs
[2024-03-03T21:04:34.518+0000] {logging_mixin.py:188} INFO - [2024-03-03T21:04:34.518+0000] {dag.py:3823} INFO - Setting next_dagrun for example_sla_dag to 2024-03-03 21:02:00+00:00, run_after=2024-03-03 21:04:00+00:00
[2024-03-03T21:04:34.546+0000] {processor.py:183} INFO - Processing /home/airflow/.local/lib/python3.8/site-packages/airflow/example_dags/example_sla_dag.py took 0.097 seconds
[2024-03-03T21:05:05.320+0000] {processor.py:161} INFO - Started process (PID=365) to work on /home/airflow/.local/lib/python3.8/site-packages/airflow/example_dags/example_sla_dag.py
[2024-03-03T21:05:05.322+0000] {processor.py:830} INFO - Processing file /home/airflow/.local/lib/python3.8/site-packages/airflow/example_dags/example_sla_dag.py for tasks to queue
[2024-03-03T21:05:05.324+0000] {logging_mixin.py:188} INFO - [2024-03-03T21:05:05.324+0000] {dagbag.py:538} INFO - Filling up the DagBag from /home/airflow/.local/lib/python3.8/site-packages/airflow/example_dags/example_sla_dag.py
[2024-03-03T21:05:05.334+0000] {processor.py:840} INFO - DAG(s) 'example_sla_dag' retrieved from /home/airflow/.local/lib/python3.8/site-packages/airflow/example_dags/example_sla_dag.py
[2024-03-03T21:05:05.363+0000] {logging_mixin.py:188} INFO - [2024-03-03T21:05:05.362+0000] {dag.py:3036} INFO - Sync 1 DAGs
[2024-03-03T21:05:05.396+0000] {logging_mixin.py:188} INFO - [2024-03-03T21:05:05.395+0000] {dag.py:3823} INFO - Setting next_dagrun for example_sla_dag to 2024-03-03 21:02:00+00:00, run_after=2024-03-03 21:04:00+00:00
[2024-03-03T21:05:05.420+0000] {processor.py:183} INFO - Processing /home/airflow/.local/lib/python3.8/site-packages/airflow/example_dags/example_sla_dag.py took 0.103 seconds
[2024-03-03T21:05:35.593+0000] {processor.py:161} INFO - Started process (PID=420) to work on /home/airflow/.local/lib/python3.8/site-packages/airflow/example_dags/example_sla_dag.py
[2024-03-03T21:05:35.595+0000] {processor.py:830} INFO - Processing file /home/airflow/.local/lib/python3.8/site-packages/airflow/example_dags/example_sla_dag.py for tasks to queue
[2024-03-03T21:05:35.598+0000] {logging_mixin.py:188} INFO - [2024-03-03T21:05:35.598+0000] {dagbag.py:538} INFO - Filling up the DagBag from /home/airflow/.local/lib/python3.8/site-packages/airflow/example_dags/example_sla_dag.py
[2024-03-03T21:05:35.610+0000] {processor.py:840} INFO - DAG(s) 'example_sla_dag' retrieved from /home/airflow/.local/lib/python3.8/site-packages/airflow/example_dags/example_sla_dag.py
[2024-03-03T21:05:35.647+0000] {logging_mixin.py:188} INFO - [2024-03-03T21:05:35.646+0000] {dag.py:3036} INFO - Sync 1 DAGs
[2024-03-03T21:05:35.704+0000] {logging_mixin.py:188} INFO - [2024-03-03T21:05:35.703+0000] {dag.py:3823} INFO - Setting next_dagrun for example_sla_dag to 2024-03-03 21:02:00+00:00, run_after=2024-03-03 21:04:00+00:00
[2024-03-03T21:05:35.735+0000] {processor.py:183} INFO - Processing /home/airflow/.local/lib/python3.8/site-packages/airflow/example_dags/example_sla_dag.py took 0.146 seconds
[2024-03-03T21:06:05.892+0000] {processor.py:161} INFO - Started process (PID=475) to work on /home/airflow/.local/lib/python3.8/site-packages/airflow/example_dags/example_sla_dag.py
[2024-03-03T21:06:05.893+0000] {processor.py:830} INFO - Processing file /home/airflow/.local/lib/python3.8/site-packages/airflow/example_dags/example_sla_dag.py for tasks to queue
[2024-03-03T21:06:05.895+0000] {logging_mixin.py:188} INFO - [2024-03-03T21:06:05.895+0000] {dagbag.py:538} INFO - Filling up the DagBag from /home/airflow/.local/lib/python3.8/site-packages/airflow/example_dags/example_sla_dag.py
[2024-03-03T21:06:05.904+0000] {processor.py:840} INFO - DAG(s) 'example_sla_dag' retrieved from /home/airflow/.local/lib/python3.8/site-packages/airflow/example_dags/example_sla_dag.py
[2024-03-03T21:06:05.937+0000] {logging_mixin.py:188} INFO - [2024-03-03T21:06:05.937+0000] {dag.py:3036} INFO - Sync 1 DAGs
[2024-03-03T21:06:05.975+0000] {logging_mixin.py:188} INFO - [2024-03-03T21:06:05.975+0000] {dag.py:3823} INFO - Setting next_dagrun for example_sla_dag to 2024-03-03 21:04:00+00:00, run_after=2024-03-03 21:06:00+00:00
[2024-03-03T21:06:06.006+0000] {processor.py:183} INFO - Processing /home/airflow/.local/lib/python3.8/site-packages/airflow/example_dags/example_sla_dag.py took 0.119 seconds
[2024-03-03T21:06:36.132+0000] {processor.py:161} INFO - Started process (PID=529) to work on /home/airflow/.local/lib/python3.8/site-packages/airflow/example_dags/example_sla_dag.py
[2024-03-03T21:06:36.134+0000] {processor.py:830} INFO - Processing file /home/airflow/.local/lib/python3.8/site-packages/airflow/example_dags/example_sla_dag.py for tasks to queue
[2024-03-03T21:06:36.137+0000] {logging_mixin.py:188} INFO - [2024-03-03T21:06:36.136+0000] {dagbag.py:538} INFO - Filling up the DagBag from /home/airflow/.local/lib/python3.8/site-packages/airflow/example_dags/example_sla_dag.py
[2024-03-03T21:06:36.151+0000] {processor.py:840} INFO - DAG(s) 'example_sla_dag' retrieved from /home/airflow/.local/lib/python3.8/site-packages/airflow/example_dags/example_sla_dag.py
[2024-03-03T21:06:36.192+0000] {logging_mixin.py:188} INFO - [2024-03-03T21:06:36.192+0000] {dag.py:3036} INFO - Sync 1 DAGs
[2024-03-03T21:06:36.248+0000] {logging_mixin.py:188} INFO - [2024-03-03T21:06:36.247+0000] {dag.py:3823} INFO - Setting next_dagrun for example_sla_dag to 2024-03-03 21:04:00+00:00, run_after=2024-03-03 21:06:00+00:00
[2024-03-03T21:06:36.274+0000] {processor.py:183} INFO - Processing /home/airflow/.local/lib/python3.8/site-packages/airflow/example_dags/example_sla_dag.py took 0.146 seconds
[2024-03-03T21:07:06.534+0000] {processor.py:161} INFO - Started process (PID=585) to work on /home/airflow/.local/lib/python3.8/site-packages/airflow/example_dags/example_sla_dag.py
[2024-03-03T21:07:06.535+0000] {processor.py:830} INFO - Processing file /home/airflow/.local/lib/python3.8/site-packages/airflow/example_dags/example_sla_dag.py for tasks to queue
[2024-03-03T21:07:06.537+0000] {logging_mixin.py:188} INFO - [2024-03-03T21:07:06.537+0000] {dagbag.py:538} INFO - Filling up the DagBag from /home/airflow/.local/lib/python3.8/site-packages/airflow/example_dags/example_sla_dag.py
[2024-03-03T21:07:06.545+0000] {processor.py:840} INFO - DAG(s) 'example_sla_dag' retrieved from /home/airflow/.local/lib/python3.8/site-packages/airflow/example_dags/example_sla_dag.py
[2024-03-03T21:07:06.568+0000] {logging_mixin.py:188} INFO - [2024-03-03T21:07:06.567+0000] {dag.py:3036} INFO - Sync 1 DAGs
[2024-03-03T21:07:06.596+0000] {logging_mixin.py:188} INFO - [2024-03-03T21:07:06.596+0000] {dag.py:3823} INFO - Setting next_dagrun for example_sla_dag to 2024-03-03 21:04:00+00:00, run_after=2024-03-03 21:06:00+00:00
[2024-03-03T21:07:06.620+0000] {processor.py:183} INFO - Processing /home/airflow/.local/lib/python3.8/site-packages/airflow/example_dags/example_sla_dag.py took 0.090 seconds
[2024-03-03T21:07:37.057+0000] {processor.py:161} INFO - Started process (PID=640) to work on /home/airflow/.local/lib/python3.8/site-packages/airflow/example_dags/example_sla_dag.py
[2024-03-03T21:07:37.058+0000] {processor.py:830} INFO - Processing file /home/airflow/.local/lib/python3.8/site-packages/airflow/example_dags/example_sla_dag.py for tasks to queue
[2024-03-03T21:07:37.060+0000] {logging_mixin.py:188} INFO - [2024-03-03T21:07:37.060+0000] {dagbag.py:538} INFO - Filling up the DagBag from /home/airflow/.local/lib/python3.8/site-packages/airflow/example_dags/example_sla_dag.py
[2024-03-03T21:07:37.068+0000] {processor.py:840} INFO - DAG(s) 'example_sla_dag' retrieved from /home/airflow/.local/lib/python3.8/site-packages/airflow/example_dags/example_sla_dag.py
[2024-03-03T21:07:37.090+0000] {logging_mixin.py:188} INFO - [2024-03-03T21:07:37.090+0000] {dag.py:3036} INFO - Sync 1 DAGs
[2024-03-03T21:07:37.119+0000] {logging_mixin.py:188} INFO - [2024-03-03T21:07:37.119+0000] {dag.py:3823} INFO - Setting next_dagrun for example_sla_dag to 2024-03-03 21:04:00+00:00, run_after=2024-03-03 21:06:00+00:00
[2024-03-03T21:07:37.142+0000] {processor.py:183} INFO - Processing /home/airflow/.local/lib/python3.8/site-packages/airflow/example_dags/example_sla_dag.py took 0.088 seconds
[2024-03-03T21:08:07.324+0000] {processor.py:161} INFO - Started process (PID=695) to work on /home/airflow/.local/lib/python3.8/site-packages/airflow/example_dags/example_sla_dag.py
[2024-03-03T21:08:07.326+0000] {processor.py:830} INFO - Processing file /home/airflow/.local/lib/python3.8/site-packages/airflow/example_dags/example_sla_dag.py for tasks to queue
[2024-03-03T21:08:07.328+0000] {logging_mixin.py:188} INFO - [2024-03-03T21:08:07.328+0000] {dagbag.py:538} INFO - Filling up the DagBag from /home/airflow/.local/lib/python3.8/site-packages/airflow/example_dags/example_sla_dag.py
[2024-03-03T21:08:07.338+0000] {processor.py:840} INFO - DAG(s) 'example_sla_dag' retrieved from /home/airflow/.local/lib/python3.8/site-packages/airflow/example_dags/example_sla_dag.py
[2024-03-03T21:08:07.370+0000] {logging_mixin.py:188} INFO - [2024-03-03T21:08:07.370+0000] {dag.py:3036} INFO - Sync 1 DAGs
[2024-03-03T21:08:07.424+0000] {logging_mixin.py:188} INFO - [2024-03-03T21:08:07.423+0000] {dag.py:3823} INFO - Setting next_dagrun for example_sla_dag to 2024-03-03 21:06:00+00:00, run_after=2024-03-03 21:08:00+00:00
[2024-03-03T21:08:07.471+0000] {processor.py:183} INFO - Processing /home/airflow/.local/lib/python3.8/site-packages/airflow/example_dags/example_sla_dag.py took 0.150 seconds
[2024-03-03T21:08:37.510+0000] {processor.py:161} INFO - Started process (PID=749) to work on /home/airflow/.local/lib/python3.8/site-packages/airflow/example_dags/example_sla_dag.py
[2024-03-03T21:08:37.511+0000] {processor.py:830} INFO - Processing file /home/airflow/.local/lib/python3.8/site-packages/airflow/example_dags/example_sla_dag.py for tasks to queue
[2024-03-03T21:08:37.513+0000] {logging_mixin.py:188} INFO - [2024-03-03T21:08:37.513+0000] {dagbag.py:538} INFO - Filling up the DagBag from /home/airflow/.local/lib/python3.8/site-packages/airflow/example_dags/example_sla_dag.py
[2024-03-03T21:08:37.520+0000] {processor.py:840} INFO - DAG(s) 'example_sla_dag' retrieved from /home/airflow/.local/lib/python3.8/site-packages/airflow/example_dags/example_sla_dag.py
[2024-03-03T21:08:37.544+0000] {logging_mixin.py:188} INFO - [2024-03-03T21:08:37.544+0000] {dag.py:3036} INFO - Sync 1 DAGs
[2024-03-03T21:08:37.583+0000] {logging_mixin.py:188} INFO - [2024-03-03T21:08:37.583+0000] {dag.py:3823} INFO - Setting next_dagrun for example_sla_dag to 2024-03-03 21:06:00+00:00, run_after=2024-03-03 21:08:00+00:00
[2024-03-03T21:08:37.605+0000] {processor.py:183} INFO - Processing /home/airflow/.local/lib/python3.8/site-packages/airflow/example_dags/example_sla_dag.py took 0.097 seconds
[2024-03-03T21:09:08.015+0000] {processor.py:161} INFO - Started process (PID=805) to work on /home/airflow/.local/lib/python3.8/site-packages/airflow/example_dags/example_sla_dag.py
[2024-03-03T21:09:08.016+0000] {processor.py:830} INFO - Processing file /home/airflow/.local/lib/python3.8/site-packages/airflow/example_dags/example_sla_dag.py for tasks to queue
[2024-03-03T21:09:08.017+0000] {logging_mixin.py:188} INFO - [2024-03-03T21:09:08.017+0000] {dagbag.py:538} INFO - Filling up the DagBag from /home/airflow/.local/lib/python3.8/site-packages/airflow/example_dags/example_sla_dag.py
[2024-03-03T21:09:08.026+0000] {processor.py:840} INFO - DAG(s) 'example_sla_dag' retrieved from /home/airflow/.local/lib/python3.8/site-packages/airflow/example_dags/example_sla_dag.py
[2024-03-03T21:09:08.051+0000] {logging_mixin.py:188} INFO - [2024-03-03T21:09:08.051+0000] {dag.py:3036} INFO - Sync 1 DAGs
[2024-03-03T21:09:08.082+0000] {logging_mixin.py:188} INFO - [2024-03-03T21:09:08.082+0000] {dag.py:3823} INFO - Setting next_dagrun for example_sla_dag to 2024-03-03 21:06:00+00:00, run_after=2024-03-03 21:08:00+00:00
[2024-03-03T21:09:08.101+0000] {processor.py:183} INFO - Processing /home/airflow/.local/lib/python3.8/site-packages/airflow/example_dags/example_sla_dag.py took 0.089 seconds
[2024-03-03T21:09:38.223+0000] {processor.py:161} INFO - Started process (PID=860) to work on /home/airflow/.local/lib/python3.8/site-packages/airflow/example_dags/example_sla_dag.py
[2024-03-03T21:09:38.224+0000] {processor.py:830} INFO - Processing file /home/airflow/.local/lib/python3.8/site-packages/airflow/example_dags/example_sla_dag.py for tasks to queue
[2024-03-03T21:09:38.226+0000] {logging_mixin.py:188} INFO - [2024-03-03T21:09:38.226+0000] {dagbag.py:538} INFO - Filling up the DagBag from /home/airflow/.local/lib/python3.8/site-packages/airflow/example_dags/example_sla_dag.py
[2024-03-03T21:09:38.234+0000] {processor.py:840} INFO - DAG(s) 'example_sla_dag' retrieved from /home/airflow/.local/lib/python3.8/site-packages/airflow/example_dags/example_sla_dag.py
[2024-03-03T21:09:38.256+0000] {logging_mixin.py:188} INFO - [2024-03-03T21:09:38.256+0000] {dag.py:3036} INFO - Sync 1 DAGs
[2024-03-03T21:09:38.285+0000] {logging_mixin.py:188} INFO - [2024-03-03T21:09:38.285+0000] {dag.py:3823} INFO - Setting next_dagrun for example_sla_dag to 2024-03-03 21:06:00+00:00, run_after=2024-03-03 21:08:00+00:00
[2024-03-03T21:09:38.306+0000] {processor.py:183} INFO - Processing /home/airflow/.local/lib/python3.8/site-packages/airflow/example_dags/example_sla_dag.py took 0.087 seconds
[2024-03-03T21:10:08.746+0000] {processor.py:161} INFO - Started process (PID=915) to work on /home/airflow/.local/lib/python3.8/site-packages/airflow/example_dags/example_sla_dag.py
[2024-03-03T21:10:08.747+0000] {processor.py:830} INFO - Processing file /home/airflow/.local/lib/python3.8/site-packages/airflow/example_dags/example_sla_dag.py for tasks to queue
[2024-03-03T21:10:08.749+0000] {logging_mixin.py:188} INFO - [2024-03-03T21:10:08.749+0000] {dagbag.py:538} INFO - Filling up the DagBag from /home/airflow/.local/lib/python3.8/site-packages/airflow/example_dags/example_sla_dag.py
[2024-03-03T21:10:08.758+0000] {processor.py:840} INFO - DAG(s) 'example_sla_dag' retrieved from /home/airflow/.local/lib/python3.8/site-packages/airflow/example_dags/example_sla_dag.py
[2024-03-03T21:10:08.781+0000] {logging_mixin.py:188} INFO - [2024-03-03T21:10:08.780+0000] {dag.py:3036} INFO - Sync 1 DAGs
[2024-03-03T21:10:08.811+0000] {logging_mixin.py:188} INFO - [2024-03-03T21:10:08.811+0000] {dag.py:3823} INFO - Setting next_dagrun for example_sla_dag to 2024-03-03 21:08:00+00:00, run_after=2024-03-03 21:10:00+00:00
[2024-03-03T21:10:08.834+0000] {processor.py:183} INFO - Processing /home/airflow/.local/lib/python3.8/site-packages/airflow/example_dags/example_sla_dag.py took 0.091 seconds
[2024-03-03T21:10:39.117+0000] {processor.py:161} INFO - Started process (PID=970) to work on /home/airflow/.local/lib/python3.8/site-packages/airflow/example_dags/example_sla_dag.py
[2024-03-03T21:10:39.118+0000] {processor.py:830} INFO - Processing file /home/airflow/.local/lib/python3.8/site-packages/airflow/example_dags/example_sla_dag.py for tasks to queue
[2024-03-03T21:10:39.120+0000] {logging_mixin.py:188} INFO - [2024-03-03T21:10:39.119+0000] {dagbag.py:538} INFO - Filling up the DagBag from /home/airflow/.local/lib/python3.8/site-packages/airflow/example_dags/example_sla_dag.py
[2024-03-03T21:10:39.128+0000] {processor.py:840} INFO - DAG(s) 'example_sla_dag' retrieved from /home/airflow/.local/lib/python3.8/site-packages/airflow/example_dags/example_sla_dag.py
[2024-03-03T21:10:39.150+0000] {logging_mixin.py:188} INFO - [2024-03-03T21:10:39.150+0000] {dag.py:3036} INFO - Sync 1 DAGs
[2024-03-03T21:10:39.179+0000] {logging_mixin.py:188} INFO - [2024-03-03T21:10:39.179+0000] {dag.py:3823} INFO - Setting next_dagrun for example_sla_dag to 2024-03-03 21:08:00+00:00, run_after=2024-03-03 21:10:00+00:00
[2024-03-03T21:10:39.201+0000] {processor.py:183} INFO - Processing /home/airflow/.local/lib/python3.8/site-packages/airflow/example_dags/example_sla_dag.py took 0.087 seconds
[2024-03-03T21:11:09.397+0000] {processor.py:161} INFO - Started process (PID=1025) to work on /home/airflow/.local/lib/python3.8/site-packages/airflow/example_dags/example_sla_dag.py
[2024-03-03T21:11:09.398+0000] {processor.py:830} INFO - Processing file /home/airflow/.local/lib/python3.8/site-packages/airflow/example_dags/example_sla_dag.py for tasks to queue
[2024-03-03T21:11:09.400+0000] {logging_mixin.py:188} INFO - [2024-03-03T21:11:09.400+0000] {dagbag.py:538} INFO - Filling up the DagBag from /home/airflow/.local/lib/python3.8/site-packages/airflow/example_dags/example_sla_dag.py
[2024-03-03T21:11:09.412+0000] {processor.py:840} INFO - DAG(s) 'example_sla_dag' retrieved from /home/airflow/.local/lib/python3.8/site-packages/airflow/example_dags/example_sla_dag.py
[2024-03-03T21:11:09.438+0000] {logging_mixin.py:188} INFO - [2024-03-03T21:11:09.437+0000] {dag.py:3036} INFO - Sync 1 DAGs
[2024-03-03T21:11:09.489+0000] {logging_mixin.py:188} INFO - [2024-03-03T21:11:09.488+0000] {dag.py:3823} INFO - Setting next_dagrun for example_sla_dag to 2024-03-03 21:08:00+00:00, run_after=2024-03-03 21:10:00+00:00
[2024-03-03T21:11:09.528+0000] {processor.py:183} INFO - Processing /home/airflow/.local/lib/python3.8/site-packages/airflow/example_dags/example_sla_dag.py took 0.135 seconds
[2024-03-03T21:11:39.907+0000] {processor.py:161} INFO - Started process (PID=1080) to work on /home/airflow/.local/lib/python3.8/site-packages/airflow/example_dags/example_sla_dag.py
[2024-03-03T21:11:39.908+0000] {processor.py:830} INFO - Processing file /home/airflow/.local/lib/python3.8/site-packages/airflow/example_dags/example_sla_dag.py for tasks to queue
[2024-03-03T21:11:39.910+0000] {logging_mixin.py:188} INFO - [2024-03-03T21:11:39.909+0000] {dagbag.py:538} INFO - Filling up the DagBag from /home/airflow/.local/lib/python3.8/site-packages/airflow/example_dags/example_sla_dag.py
[2024-03-03T21:11:39.917+0000] {processor.py:840} INFO - DAG(s) 'example_sla_dag' retrieved from /home/airflow/.local/lib/python3.8/site-packages/airflow/example_dags/example_sla_dag.py
[2024-03-03T21:11:39.937+0000] {logging_mixin.py:188} INFO - [2024-03-03T21:11:39.936+0000] {dag.py:3036} INFO - Sync 1 DAGs
[2024-03-03T21:11:39.965+0000] {logging_mixin.py:188} INFO - [2024-03-03T21:11:39.965+0000] {dag.py:3823} INFO - Setting next_dagrun for example_sla_dag to 2024-03-03 21:08:00+00:00, run_after=2024-03-03 21:10:00+00:00
[2024-03-03T21:11:39.992+0000] {processor.py:183} INFO - Processing /home/airflow/.local/lib/python3.8/site-packages/airflow/example_dags/example_sla_dag.py took 0.088 seconds
[2024-03-03T21:12:10.444+0000] {processor.py:161} INFO - Started process (PID=1135) to work on /home/airflow/.local/lib/python3.8/site-packages/airflow/example_dags/example_sla_dag.py
[2024-03-03T21:12:10.445+0000] {processor.py:830} INFO - Processing file /home/airflow/.local/lib/python3.8/site-packages/airflow/example_dags/example_sla_dag.py for tasks to queue
[2024-03-03T21:12:10.448+0000] {logging_mixin.py:188} INFO - [2024-03-03T21:12:10.447+0000] {dagbag.py:538} INFO - Filling up the DagBag from /home/airflow/.local/lib/python3.8/site-packages/airflow/example_dags/example_sla_dag.py
[2024-03-03T21:12:10.456+0000] {processor.py:840} INFO - DAG(s) 'example_sla_dag' retrieved from /home/airflow/.local/lib/python3.8/site-packages/airflow/example_dags/example_sla_dag.py
[2024-03-03T21:12:10.480+0000] {logging_mixin.py:188} INFO - [2024-03-03T21:12:10.479+0000] {dag.py:3036} INFO - Sync 1 DAGs
[2024-03-03T21:12:10.523+0000] {logging_mixin.py:188} INFO - [2024-03-03T21:12:10.523+0000] {dag.py:3823} INFO - Setting next_dagrun for example_sla_dag to 2024-03-03 21:10:00+00:00, run_after=2024-03-03 21:12:00+00:00
[2024-03-03T21:12:10.556+0000] {processor.py:183} INFO - Processing /home/airflow/.local/lib/python3.8/site-packages/airflow/example_dags/example_sla_dag.py took 0.115 seconds
[2024-03-03T21:12:40.845+0000] {processor.py:161} INFO - Started process (PID=1190) to work on /home/airflow/.local/lib/python3.8/site-packages/airflow/example_dags/example_sla_dag.py
[2024-03-03T21:12:40.847+0000] {processor.py:830} INFO - Processing file /home/airflow/.local/lib/python3.8/site-packages/airflow/example_dags/example_sla_dag.py for tasks to queue
[2024-03-03T21:12:40.849+0000] {logging_mixin.py:188} INFO - [2024-03-03T21:12:40.849+0000] {dagbag.py:538} INFO - Filling up the DagBag from /home/airflow/.local/lib/python3.8/site-packages/airflow/example_dags/example_sla_dag.py
[2024-03-03T21:12:40.864+0000] {processor.py:840} INFO - DAG(s) 'example_sla_dag' retrieved from /home/airflow/.local/lib/python3.8/site-packages/airflow/example_dags/example_sla_dag.py
[2024-03-03T21:12:40.896+0000] {logging_mixin.py:188} INFO - [2024-03-03T21:12:40.895+0000] {dag.py:3036} INFO - Sync 1 DAGs
[2024-03-03T21:12:40.960+0000] {logging_mixin.py:188} INFO - [2024-03-03T21:12:40.958+0000] {dag.py:3823} INFO - Setting next_dagrun for example_sla_dag to 2024-03-03 21:10:00+00:00, run_after=2024-03-03 21:12:00+00:00
[2024-03-03T21:12:41.007+0000] {processor.py:183} INFO - Processing /home/airflow/.local/lib/python3.8/site-packages/airflow/example_dags/example_sla_dag.py took 0.167 seconds
[2024-03-03T21:13:11.521+0000] {processor.py:161} INFO - Started process (PID=1245) to work on /home/airflow/.local/lib/python3.8/site-packages/airflow/example_dags/example_sla_dag.py
[2024-03-03T21:13:11.523+0000] {processor.py:830} INFO - Processing file /home/airflow/.local/lib/python3.8/site-packages/airflow/example_dags/example_sla_dag.py for tasks to queue
[2024-03-03T21:13:11.525+0000] {logging_mixin.py:188} INFO - [2024-03-03T21:13:11.525+0000] {dagbag.py:538} INFO - Filling up the DagBag from /home/airflow/.local/lib/python3.8/site-packages/airflow/example_dags/example_sla_dag.py
[2024-03-03T21:13:11.537+0000] {processor.py:840} INFO - DAG(s) 'example_sla_dag' retrieved from /home/airflow/.local/lib/python3.8/site-packages/airflow/example_dags/example_sla_dag.py
[2024-03-03T21:13:11.566+0000] {logging_mixin.py:188} INFO - [2024-03-03T21:13:11.566+0000] {dag.py:3036} INFO - Sync 1 DAGs
[2024-03-03T21:13:11.604+0000] {logging_mixin.py:188} INFO - [2024-03-03T21:13:11.604+0000] {dag.py:3823} INFO - Setting next_dagrun for example_sla_dag to 2024-03-03 21:10:00+00:00, run_after=2024-03-03 21:12:00+00:00
[2024-03-03T21:13:11.645+0000] {processor.py:183} INFO - Processing /home/airflow/.local/lib/python3.8/site-packages/airflow/example_dags/example_sla_dag.py took 0.127 seconds
[2024-03-03T21:13:42.459+0000] {processor.py:161} INFO - Started process (PID=1300) to work on /home/airflow/.local/lib/python3.8/site-packages/airflow/example_dags/example_sla_dag.py
[2024-03-03T21:13:42.461+0000] {processor.py:830} INFO - Processing file /home/airflow/.local/lib/python3.8/site-packages/airflow/example_dags/example_sla_dag.py for tasks to queue
[2024-03-03T21:13:42.464+0000] {logging_mixin.py:188} INFO - [2024-03-03T21:13:42.463+0000] {dagbag.py:538} INFO - Filling up the DagBag from /home/airflow/.local/lib/python3.8/site-packages/airflow/example_dags/example_sla_dag.py
[2024-03-03T21:13:42.478+0000] {processor.py:840} INFO - DAG(s) 'example_sla_dag' retrieved from /home/airflow/.local/lib/python3.8/site-packages/airflow/example_dags/example_sla_dag.py
[2024-03-03T21:13:42.510+0000] {logging_mixin.py:188} INFO - [2024-03-03T21:13:42.510+0000] {dag.py:3036} INFO - Sync 1 DAGs
[2024-03-03T21:13:42.550+0000] {logging_mixin.py:188} INFO - [2024-03-03T21:13:42.549+0000] {dag.py:3823} INFO - Setting next_dagrun for example_sla_dag to 2024-03-03 21:10:00+00:00, run_after=2024-03-03 21:12:00+00:00
[2024-03-03T21:13:42.588+0000] {processor.py:183} INFO - Processing /home/airflow/.local/lib/python3.8/site-packages/airflow/example_dags/example_sla_dag.py took 0.133 seconds
[2024-03-03T21:14:12.712+0000] {processor.py:161} INFO - Started process (PID=1355) to work on /home/airflow/.local/lib/python3.8/site-packages/airflow/example_dags/example_sla_dag.py
[2024-03-03T21:14:12.714+0000] {processor.py:830} INFO - Processing file /home/airflow/.local/lib/python3.8/site-packages/airflow/example_dags/example_sla_dag.py for tasks to queue
[2024-03-03T21:14:12.716+0000] {logging_mixin.py:188} INFO - [2024-03-03T21:14:12.715+0000] {dagbag.py:538} INFO - Filling up the DagBag from /home/airflow/.local/lib/python3.8/site-packages/airflow/example_dags/example_sla_dag.py
[2024-03-03T21:14:12.727+0000] {processor.py:840} INFO - DAG(s) 'example_sla_dag' retrieved from /home/airflow/.local/lib/python3.8/site-packages/airflow/example_dags/example_sla_dag.py
[2024-03-03T21:14:12.753+0000] {logging_mixin.py:188} INFO - [2024-03-03T21:14:12.753+0000] {dag.py:3036} INFO - Sync 1 DAGs
[2024-03-03T21:14:12.793+0000] {logging_mixin.py:188} INFO - [2024-03-03T21:14:12.793+0000] {dag.py:3823} INFO - Setting next_dagrun for example_sla_dag to 2024-03-03 21:12:00+00:00, run_after=2024-03-03 21:14:00+00:00
[2024-03-03T21:14:12.822+0000] {processor.py:183} INFO - Processing /home/airflow/.local/lib/python3.8/site-packages/airflow/example_dags/example_sla_dag.py took 0.113 seconds
[2024-03-03T21:14:43.505+0000] {processor.py:161} INFO - Started process (PID=1410) to work on /home/airflow/.local/lib/python3.8/site-packages/airflow/example_dags/example_sla_dag.py
[2024-03-03T21:14:43.506+0000] {processor.py:830} INFO - Processing file /home/airflow/.local/lib/python3.8/site-packages/airflow/example_dags/example_sla_dag.py for tasks to queue
[2024-03-03T21:14:43.509+0000] {logging_mixin.py:188} INFO - [2024-03-03T21:14:43.508+0000] {dagbag.py:538} INFO - Filling up the DagBag from /home/airflow/.local/lib/python3.8/site-packages/airflow/example_dags/example_sla_dag.py
[2024-03-03T21:14:43.519+0000] {processor.py:840} INFO - DAG(s) 'example_sla_dag' retrieved from /home/airflow/.local/lib/python3.8/site-packages/airflow/example_dags/example_sla_dag.py
[2024-03-03T21:14:43.543+0000] {logging_mixin.py:188} INFO - [2024-03-03T21:14:43.543+0000] {dag.py:3036} INFO - Sync 1 DAGs
[2024-03-03T21:14:43.585+0000] {logging_mixin.py:188} INFO - [2024-03-03T21:14:43.585+0000] {dag.py:3823} INFO - Setting next_dagrun for example_sla_dag to 2024-03-03 21:12:00+00:00, run_after=2024-03-03 21:14:00+00:00
[2024-03-03T21:14:43.617+0000] {processor.py:183} INFO - Processing /home/airflow/.local/lib/python3.8/site-packages/airflow/example_dags/example_sla_dag.py took 0.114 seconds
[2024-03-03T21:15:13.917+0000] {processor.py:161} INFO - Started process (PID=1465) to work on /home/airflow/.local/lib/python3.8/site-packages/airflow/example_dags/example_sla_dag.py
[2024-03-03T21:15:13.918+0000] {processor.py:830} INFO - Processing file /home/airflow/.local/lib/python3.8/site-packages/airflow/example_dags/example_sla_dag.py for tasks to queue
[2024-03-03T21:15:13.920+0000] {logging_mixin.py:188} INFO - [2024-03-03T21:15:13.920+0000] {dagbag.py:538} INFO - Filling up the DagBag from /home/airflow/.local/lib/python3.8/site-packages/airflow/example_dags/example_sla_dag.py
[2024-03-03T21:15:13.932+0000] {processor.py:840} INFO - DAG(s) 'example_sla_dag' retrieved from /home/airflow/.local/lib/python3.8/site-packages/airflow/example_dags/example_sla_dag.py
[2024-03-03T21:15:13.958+0000] {logging_mixin.py:188} INFO - [2024-03-03T21:15:13.958+0000] {dag.py:3036} INFO - Sync 1 DAGs
[2024-03-03T21:15:13.991+0000] {logging_mixin.py:188} INFO - [2024-03-03T21:15:13.991+0000] {dag.py:3823} INFO - Setting next_dagrun for example_sla_dag to 2024-03-03 21:12:00+00:00, run_after=2024-03-03 21:14:00+00:00
[2024-03-03T21:15:14.017+0000] {processor.py:183} INFO - Processing /home/airflow/.local/lib/python3.8/site-packages/airflow/example_dags/example_sla_dag.py took 0.104 seconds
[2024-03-03T21:15:44.457+0000] {processor.py:161} INFO - Started process (PID=1520) to work on /home/airflow/.local/lib/python3.8/site-packages/airflow/example_dags/example_sla_dag.py
[2024-03-03T21:15:44.458+0000] {processor.py:830} INFO - Processing file /home/airflow/.local/lib/python3.8/site-packages/airflow/example_dags/example_sla_dag.py for tasks to queue
[2024-03-03T21:15:44.461+0000] {logging_mixin.py:188} INFO - [2024-03-03T21:15:44.460+0000] {dagbag.py:538} INFO - Filling up the DagBag from /home/airflow/.local/lib/python3.8/site-packages/airflow/example_dags/example_sla_dag.py
[2024-03-03T21:15:44.470+0000] {processor.py:840} INFO - DAG(s) 'example_sla_dag' retrieved from /home/airflow/.local/lib/python3.8/site-packages/airflow/example_dags/example_sla_dag.py
[2024-03-03T21:15:44.492+0000] {logging_mixin.py:188} INFO - [2024-03-03T21:15:44.492+0000] {dag.py:3036} INFO - Sync 1 DAGs
[2024-03-03T21:15:44.521+0000] {logging_mixin.py:188} INFO - [2024-03-03T21:15:44.520+0000] {dag.py:3823} INFO - Setting next_dagrun for example_sla_dag to 2024-03-03 21:12:00+00:00, run_after=2024-03-03 21:14:00+00:00
[2024-03-03T21:15:44.543+0000] {processor.py:183} INFO - Processing /home/airflow/.local/lib/python3.8/site-packages/airflow/example_dags/example_sla_dag.py took 0.090 seconds
[2024-03-03T21:16:15.216+0000] {processor.py:161} INFO - Started process (PID=1575) to work on /home/airflow/.local/lib/python3.8/site-packages/airflow/example_dags/example_sla_dag.py
[2024-03-03T21:16:15.218+0000] {processor.py:830} INFO - Processing file /home/airflow/.local/lib/python3.8/site-packages/airflow/example_dags/example_sla_dag.py for tasks to queue
[2024-03-03T21:16:15.220+0000] {logging_mixin.py:188} INFO - [2024-03-03T21:16:15.220+0000] {dagbag.py:538} INFO - Filling up the DagBag from /home/airflow/.local/lib/python3.8/site-packages/airflow/example_dags/example_sla_dag.py
[2024-03-03T21:16:15.231+0000] {processor.py:840} INFO - DAG(s) 'example_sla_dag' retrieved from /home/airflow/.local/lib/python3.8/site-packages/airflow/example_dags/example_sla_dag.py
[2024-03-03T21:16:15.258+0000] {logging_mixin.py:188} INFO - [2024-03-03T21:16:15.258+0000] {dag.py:3036} INFO - Sync 1 DAGs
[2024-03-03T21:16:15.296+0000] {logging_mixin.py:188} INFO - [2024-03-03T21:16:15.295+0000] {dag.py:3823} INFO - Setting next_dagrun for example_sla_dag to 2024-03-03 21:14:00+00:00, run_after=2024-03-03 21:16:00+00:00
[2024-03-03T21:16:15.325+0000] {processor.py:183} INFO - Processing /home/airflow/.local/lib/python3.8/site-packages/airflow/example_dags/example_sla_dag.py took 0.112 seconds
[2024-03-03T21:16:46.090+0000] {processor.py:161} INFO - Started process (PID=1630) to work on /home/airflow/.local/lib/python3.8/site-packages/airflow/example_dags/example_sla_dag.py
[2024-03-03T21:16:46.091+0000] {processor.py:830} INFO - Processing file /home/airflow/.local/lib/python3.8/site-packages/airflow/example_dags/example_sla_dag.py for tasks to queue
[2024-03-03T21:16:46.093+0000] {logging_mixin.py:188} INFO - [2024-03-03T21:16:46.093+0000] {dagbag.py:538} INFO - Filling up the DagBag from /home/airflow/.local/lib/python3.8/site-packages/airflow/example_dags/example_sla_dag.py
[2024-03-03T21:16:46.102+0000] {processor.py:840} INFO - DAG(s) 'example_sla_dag' retrieved from /home/airflow/.local/lib/python3.8/site-packages/airflow/example_dags/example_sla_dag.py
[2024-03-03T21:16:46.124+0000] {logging_mixin.py:188} INFO - [2024-03-03T21:16:46.124+0000] {dag.py:3036} INFO - Sync 1 DAGs
[2024-03-03T21:16:46.152+0000] {logging_mixin.py:188} INFO - [2024-03-03T21:16:46.152+0000] {dag.py:3823} INFO - Setting next_dagrun for example_sla_dag to 2024-03-03 21:14:00+00:00, run_after=2024-03-03 21:16:00+00:00
[2024-03-03T21:16:46.176+0000] {processor.py:183} INFO - Processing /home/airflow/.local/lib/python3.8/site-packages/airflow/example_dags/example_sla_dag.py took 0.089 seconds
[2024-03-03T21:17:16.444+0000] {processor.py:161} INFO - Started process (PID=1685) to work on /home/airflow/.local/lib/python3.8/site-packages/airflow/example_dags/example_sla_dag.py
[2024-03-03T21:17:16.445+0000] {processor.py:830} INFO - Processing file /home/airflow/.local/lib/python3.8/site-packages/airflow/example_dags/example_sla_dag.py for tasks to queue
[2024-03-03T21:17:16.447+0000] {logging_mixin.py:188} INFO - [2024-03-03T21:17:16.446+0000] {dagbag.py:538} INFO - Filling up the DagBag from /home/airflow/.local/lib/python3.8/site-packages/airflow/example_dags/example_sla_dag.py
[2024-03-03T21:17:16.455+0000] {processor.py:840} INFO - DAG(s) 'example_sla_dag' retrieved from /home/airflow/.local/lib/python3.8/site-packages/airflow/example_dags/example_sla_dag.py
[2024-03-03T21:17:16.476+0000] {logging_mixin.py:188} INFO - [2024-03-03T21:17:16.476+0000] {dag.py:3036} INFO - Sync 1 DAGs
[2024-03-03T21:17:16.504+0000] {logging_mixin.py:188} INFO - [2024-03-03T21:17:16.504+0000] {dag.py:3823} INFO - Setting next_dagrun for example_sla_dag to 2024-03-03 21:14:00+00:00, run_after=2024-03-03 21:16:00+00:00
[2024-03-03T21:17:16.527+0000] {processor.py:183} INFO - Processing /home/airflow/.local/lib/python3.8/site-packages/airflow/example_dags/example_sla_dag.py took 0.087 seconds
[2024-03-03T21:17:46.576+0000] {processor.py:161} INFO - Started process (PID=1739) to work on /home/airflow/.local/lib/python3.8/site-packages/airflow/example_dags/example_sla_dag.py
[2024-03-03T21:17:46.578+0000] {processor.py:830} INFO - Processing file /home/airflow/.local/lib/python3.8/site-packages/airflow/example_dags/example_sla_dag.py for tasks to queue
[2024-03-03T21:17:46.580+0000] {logging_mixin.py:188} INFO - [2024-03-03T21:17:46.580+0000] {dagbag.py:538} INFO - Filling up the DagBag from /home/airflow/.local/lib/python3.8/site-packages/airflow/example_dags/example_sla_dag.py
[2024-03-03T21:17:46.591+0000] {processor.py:840} INFO - DAG(s) 'example_sla_dag' retrieved from /home/airflow/.local/lib/python3.8/site-packages/airflow/example_dags/example_sla_dag.py
[2024-03-03T21:17:46.619+0000] {logging_mixin.py:188} INFO - [2024-03-03T21:17:46.618+0000] {dag.py:3036} INFO - Sync 1 DAGs
[2024-03-03T21:17:46.649+0000] {logging_mixin.py:188} INFO - [2024-03-03T21:17:46.649+0000] {dag.py:3823} INFO - Setting next_dagrun for example_sla_dag to 2024-03-03 21:14:00+00:00, run_after=2024-03-03 21:16:00+00:00
[2024-03-03T21:17:46.671+0000] {processor.py:183} INFO - Processing /home/airflow/.local/lib/python3.8/site-packages/airflow/example_dags/example_sla_dag.py took 0.099 seconds
[2024-03-03T21:18:17.702+0000] {processor.py:161} INFO - Started process (PID=1795) to work on /home/airflow/.local/lib/python3.8/site-packages/airflow/example_dags/example_sla_dag.py
[2024-03-03T21:18:17.704+0000] {processor.py:830} INFO - Processing file /home/airflow/.local/lib/python3.8/site-packages/airflow/example_dags/example_sla_dag.py for tasks to queue
[2024-03-03T21:18:17.707+0000] {logging_mixin.py:188} INFO - [2024-03-03T21:18:17.707+0000] {dagbag.py:538} INFO - Filling up the DagBag from /home/airflow/.local/lib/python3.8/site-packages/airflow/example_dags/example_sla_dag.py
[2024-03-03T21:18:17.721+0000] {processor.py:840} INFO - DAG(s) 'example_sla_dag' retrieved from /home/airflow/.local/lib/python3.8/site-packages/airflow/example_dags/example_sla_dag.py
[2024-03-03T21:18:17.754+0000] {logging_mixin.py:188} INFO - [2024-03-03T21:18:17.754+0000] {dag.py:3036} INFO - Sync 1 DAGs
[2024-03-03T21:18:17.813+0000] {logging_mixin.py:188} INFO - [2024-03-03T21:18:17.812+0000] {dag.py:3823} INFO - Setting next_dagrun for example_sla_dag to 2024-03-03 21:16:00+00:00, run_after=2024-03-03 21:18:00+00:00
[2024-03-03T21:18:17.844+0000] {processor.py:183} INFO - Processing /home/airflow/.local/lib/python3.8/site-packages/airflow/example_dags/example_sla_dag.py took 0.149 seconds
[2024-03-03T21:18:48.063+0000] {processor.py:161} INFO - Started process (PID=1850) to work on /home/airflow/.local/lib/python3.8/site-packages/airflow/example_dags/example_sla_dag.py
[2024-03-03T21:18:48.065+0000] {processor.py:830} INFO - Processing file /home/airflow/.local/lib/python3.8/site-packages/airflow/example_dags/example_sla_dag.py for tasks to queue
[2024-03-03T21:18:48.067+0000] {logging_mixin.py:188} INFO - [2024-03-03T21:18:48.067+0000] {dagbag.py:538} INFO - Filling up the DagBag from /home/airflow/.local/lib/python3.8/site-packages/airflow/example_dags/example_sla_dag.py
[2024-03-03T21:18:48.077+0000] {processor.py:840} INFO - DAG(s) 'example_sla_dag' retrieved from /home/airflow/.local/lib/python3.8/site-packages/airflow/example_dags/example_sla_dag.py
[2024-03-03T21:18:48.106+0000] {logging_mixin.py:188} INFO - [2024-03-03T21:18:48.106+0000] {dag.py:3036} INFO - Sync 1 DAGs
[2024-03-03T21:18:48.156+0000] {logging_mixin.py:188} INFO - [2024-03-03T21:18:48.155+0000] {dag.py:3823} INFO - Setting next_dagrun for example_sla_dag to 2024-03-03 21:16:00+00:00, run_after=2024-03-03 21:18:00+00:00
[2024-03-03T21:18:48.187+0000] {processor.py:183} INFO - Processing /home/airflow/.local/lib/python3.8/site-packages/airflow/example_dags/example_sla_dag.py took 0.129 seconds
[2024-03-03T21:19:18.332+0000] {processor.py:161} INFO - Started process (PID=1905) to work on /home/airflow/.local/lib/python3.8/site-packages/airflow/example_dags/example_sla_dag.py
[2024-03-03T21:19:18.334+0000] {processor.py:830} INFO - Processing file /home/airflow/.local/lib/python3.8/site-packages/airflow/example_dags/example_sla_dag.py for tasks to queue
[2024-03-03T21:19:18.337+0000] {logging_mixin.py:188} INFO - [2024-03-03T21:19:18.336+0000] {dagbag.py:538} INFO - Filling up the DagBag from /home/airflow/.local/lib/python3.8/site-packages/airflow/example_dags/example_sla_dag.py
[2024-03-03T21:19:18.350+0000] {processor.py:840} INFO - DAG(s) 'example_sla_dag' retrieved from /home/airflow/.local/lib/python3.8/site-packages/airflow/example_dags/example_sla_dag.py
[2024-03-03T21:19:18.382+0000] {logging_mixin.py:188} INFO - [2024-03-03T21:19:18.382+0000] {dag.py:3036} INFO - Sync 1 DAGs
[2024-03-03T21:19:18.422+0000] {logging_mixin.py:188} INFO - [2024-03-03T21:19:18.422+0000] {dag.py:3823} INFO - Setting next_dagrun for example_sla_dag to 2024-03-03 21:16:00+00:00, run_after=2024-03-03 21:18:00+00:00
[2024-03-03T21:19:18.452+0000] {processor.py:183} INFO - Processing /home/airflow/.local/lib/python3.8/site-packages/airflow/example_dags/example_sla_dag.py took 0.126 seconds
[2024-03-03T21:19:48.542+0000] {processor.py:161} INFO - Started process (PID=1959) to work on /home/airflow/.local/lib/python3.8/site-packages/airflow/example_dags/example_sla_dag.py
[2024-03-03T21:19:48.544+0000] {processor.py:830} INFO - Processing file /home/airflow/.local/lib/python3.8/site-packages/airflow/example_dags/example_sla_dag.py for tasks to queue
[2024-03-03T21:19:48.547+0000] {logging_mixin.py:188} INFO - [2024-03-03T21:19:48.546+0000] {dagbag.py:538} INFO - Filling up the DagBag from /home/airflow/.local/lib/python3.8/site-packages/airflow/example_dags/example_sla_dag.py
[2024-03-03T21:19:48.556+0000] {processor.py:840} INFO - DAG(s) 'example_sla_dag' retrieved from /home/airflow/.local/lib/python3.8/site-packages/airflow/example_dags/example_sla_dag.py
[2024-03-03T21:19:48.583+0000] {logging_mixin.py:188} INFO - [2024-03-03T21:19:48.582+0000] {dag.py:3036} INFO - Sync 1 DAGs
[2024-03-03T21:19:48.620+0000] {logging_mixin.py:188} INFO - [2024-03-03T21:19:48.619+0000] {dag.py:3823} INFO - Setting next_dagrun for example_sla_dag to 2024-03-03 21:16:00+00:00, run_after=2024-03-03 21:18:00+00:00
[2024-03-03T21:19:48.655+0000] {processor.py:183} INFO - Processing /home/airflow/.local/lib/python3.8/site-packages/airflow/example_dags/example_sla_dag.py took 0.117 seconds
[2024-03-03T21:20:19.188+0000] {processor.py:161} INFO - Started process (PID=2014) to work on /home/airflow/.local/lib/python3.8/site-packages/airflow/example_dags/example_sla_dag.py
[2024-03-03T21:20:19.189+0000] {processor.py:830} INFO - Processing file /home/airflow/.local/lib/python3.8/site-packages/airflow/example_dags/example_sla_dag.py for tasks to queue
[2024-03-03T21:20:19.192+0000] {logging_mixin.py:188} INFO - [2024-03-03T21:20:19.192+0000] {dagbag.py:538} INFO - Filling up the DagBag from /home/airflow/.local/lib/python3.8/site-packages/airflow/example_dags/example_sla_dag.py
[2024-03-03T21:20:19.205+0000] {processor.py:840} INFO - DAG(s) 'example_sla_dag' retrieved from /home/airflow/.local/lib/python3.8/site-packages/airflow/example_dags/example_sla_dag.py
[2024-03-03T21:20:19.232+0000] {logging_mixin.py:188} INFO - [2024-03-03T21:20:19.232+0000] {dag.py:3036} INFO - Sync 1 DAGs
[2024-03-03T21:20:19.276+0000] {logging_mixin.py:188} INFO - [2024-03-03T21:20:19.276+0000] {dag.py:3823} INFO - Setting next_dagrun for example_sla_dag to 2024-03-03 21:18:00+00:00, run_after=2024-03-03 21:20:00+00:00
[2024-03-03T21:20:19.301+0000] {processor.py:183} INFO - Processing /home/airflow/.local/lib/python3.8/site-packages/airflow/example_dags/example_sla_dag.py took 0.118 seconds
[2024-03-03T21:20:50.211+0000] {processor.py:161} INFO - Started process (PID=2070) to work on /home/airflow/.local/lib/python3.8/site-packages/airflow/example_dags/example_sla_dag.py
[2024-03-03T21:20:50.213+0000] {processor.py:830} INFO - Processing file /home/airflow/.local/lib/python3.8/site-packages/airflow/example_dags/example_sla_dag.py for tasks to queue
[2024-03-03T21:20:50.215+0000] {logging_mixin.py:188} INFO - [2024-03-03T21:20:50.215+0000] {dagbag.py:538} INFO - Filling up the DagBag from /home/airflow/.local/lib/python3.8/site-packages/airflow/example_dags/example_sla_dag.py
[2024-03-03T21:20:50.224+0000] {processor.py:840} INFO - DAG(s) 'example_sla_dag' retrieved from /home/airflow/.local/lib/python3.8/site-packages/airflow/example_dags/example_sla_dag.py
[2024-03-03T21:20:50.247+0000] {logging_mixin.py:188} INFO - [2024-03-03T21:20:50.247+0000] {dag.py:3036} INFO - Sync 1 DAGs
[2024-03-03T21:20:50.280+0000] {logging_mixin.py:188} INFO - [2024-03-03T21:20:50.280+0000] {dag.py:3823} INFO - Setting next_dagrun for example_sla_dag to 2024-03-03 21:18:00+00:00, run_after=2024-03-03 21:20:00+00:00
[2024-03-03T21:20:50.305+0000] {processor.py:183} INFO - Processing /home/airflow/.local/lib/python3.8/site-packages/airflow/example_dags/example_sla_dag.py took 0.098 seconds
[2024-03-03T21:21:21.004+0000] {processor.py:161} INFO - Started process (PID=2125) to work on /home/airflow/.local/lib/python3.8/site-packages/airflow/example_dags/example_sla_dag.py
[2024-03-03T21:21:21.005+0000] {processor.py:830} INFO - Processing file /home/airflow/.local/lib/python3.8/site-packages/airflow/example_dags/example_sla_dag.py for tasks to queue
[2024-03-03T21:21:21.007+0000] {logging_mixin.py:188} INFO - [2024-03-03T21:21:21.007+0000] {dagbag.py:538} INFO - Filling up the DagBag from /home/airflow/.local/lib/python3.8/site-packages/airflow/example_dags/example_sla_dag.py
[2024-03-03T21:21:21.016+0000] {processor.py:840} INFO - DAG(s) 'example_sla_dag' retrieved from /home/airflow/.local/lib/python3.8/site-packages/airflow/example_dags/example_sla_dag.py
[2024-03-03T21:21:21.045+0000] {logging_mixin.py:188} INFO - [2024-03-03T21:21:21.045+0000] {dag.py:3036} INFO - Sync 1 DAGs
[2024-03-03T21:21:21.087+0000] {logging_mixin.py:188} INFO - [2024-03-03T21:21:21.087+0000] {dag.py:3823} INFO - Setting next_dagrun for example_sla_dag to 2024-03-03 21:18:00+00:00, run_after=2024-03-03 21:20:00+00:00
[2024-03-03T21:21:21.111+0000] {processor.py:183} INFO - Processing /home/airflow/.local/lib/python3.8/site-packages/airflow/example_dags/example_sla_dag.py took 0.111 seconds
[2024-03-03T21:21:51.812+0000] {processor.py:161} INFO - Started process (PID=2180) to work on /home/airflow/.local/lib/python3.8/site-packages/airflow/example_dags/example_sla_dag.py
[2024-03-03T21:21:51.814+0000] {processor.py:830} INFO - Processing file /home/airflow/.local/lib/python3.8/site-packages/airflow/example_dags/example_sla_dag.py for tasks to queue
[2024-03-03T21:21:51.816+0000] {logging_mixin.py:188} INFO - [2024-03-03T21:21:51.815+0000] {dagbag.py:538} INFO - Filling up the DagBag from /home/airflow/.local/lib/python3.8/site-packages/airflow/example_dags/example_sla_dag.py
[2024-03-03T21:21:51.828+0000] {processor.py:840} INFO - DAG(s) 'example_sla_dag' retrieved from /home/airflow/.local/lib/python3.8/site-packages/airflow/example_dags/example_sla_dag.py
[2024-03-03T21:21:51.853+0000] {logging_mixin.py:188} INFO - [2024-03-03T21:21:51.852+0000] {dag.py:3036} INFO - Sync 1 DAGs
[2024-03-03T21:21:51.883+0000] {logging_mixin.py:188} INFO - [2024-03-03T21:21:51.883+0000] {dag.py:3823} INFO - Setting next_dagrun for example_sla_dag to 2024-03-03 21:18:00+00:00, run_after=2024-03-03 21:20:00+00:00
[2024-03-03T21:21:51.906+0000] {processor.py:183} INFO - Processing /home/airflow/.local/lib/python3.8/site-packages/airflow/example_dags/example_sla_dag.py took 0.097 seconds
[2024-03-03T21:22:22.167+0000] {processor.py:161} INFO - Started process (PID=2235) to work on /home/airflow/.local/lib/python3.8/site-packages/airflow/example_dags/example_sla_dag.py
[2024-03-03T21:22:22.168+0000] {processor.py:830} INFO - Processing file /home/airflow/.local/lib/python3.8/site-packages/airflow/example_dags/example_sla_dag.py for tasks to queue
[2024-03-03T21:22:22.170+0000] {logging_mixin.py:188} INFO - [2024-03-03T21:22:22.170+0000] {dagbag.py:538} INFO - Filling up the DagBag from /home/airflow/.local/lib/python3.8/site-packages/airflow/example_dags/example_sla_dag.py
[2024-03-03T21:22:22.182+0000] {processor.py:840} INFO - DAG(s) 'example_sla_dag' retrieved from /home/airflow/.local/lib/python3.8/site-packages/airflow/example_dags/example_sla_dag.py
[2024-03-03T21:22:22.207+0000] {logging_mixin.py:188} INFO - [2024-03-03T21:22:22.207+0000] {dag.py:3036} INFO - Sync 1 DAGs
[2024-03-03T21:22:22.238+0000] {logging_mixin.py:188} INFO - [2024-03-03T21:22:22.237+0000] {dag.py:3823} INFO - Setting next_dagrun for example_sla_dag to 2024-03-03 21:20:00+00:00, run_after=2024-03-03 21:22:00+00:00
[2024-03-03T21:22:22.262+0000] {processor.py:183} INFO - Processing /home/airflow/.local/lib/python3.8/site-packages/airflow/example_dags/example_sla_dag.py took 0.099 seconds
