[2024-03-03T19:52:07.735+0000] {processor.py:161} INFO - Started process (PID=51) to work on /home/airflow/.local/lib/python3.8/site-packages/airflow/example_dags/example_branch_labels.py
[2024-03-03T19:52:07.737+0000] {processor.py:830} INFO - Processing file /home/airflow/.local/lib/python3.8/site-packages/airflow/example_dags/example_branch_labels.py for tasks to queue
[2024-03-03T19:52:07.740+0000] {logging_mixin.py:188} INFO - [2024-03-03T19:52:07.740+0000] {dagbag.py:538} INFO - Filling up the DagBag from /home/airflow/.local/lib/python3.8/site-packages/airflow/example_dags/example_branch_labels.py
[2024-03-03T19:52:07.761+0000] {processor.py:840} INFO - DAG(s) 'example_branch_labels' retrieved from /home/airflow/.local/lib/python3.8/site-packages/airflow/example_dags/example_branch_labels.py
[2024-03-03T19:52:08.010+0000] {logging_mixin.py:188} INFO - [2024-03-03T19:52:07.992+0000] {override.py:1769} INFO - Created Permission View: can delete on DAG:example_branch_labels
[2024-03-03T19:52:08.030+0000] {logging_mixin.py:188} INFO - [2024-03-03T19:52:08.029+0000] {override.py:1769} INFO - Created Permission View: can edit on DAG:example_branch_labels
[2024-03-03T19:52:08.044+0000] {logging_mixin.py:188} INFO - [2024-03-03T19:52:08.043+0000] {override.py:1769} INFO - Created Permission View: can read on DAG:example_branch_labels
[2024-03-03T19:52:08.045+0000] {logging_mixin.py:188} INFO - [2024-03-03T19:52:08.045+0000] {dag.py:3036} INFO - Sync 1 DAGs
[2024-03-03T19:52:08.073+0000] {logging_mixin.py:188} INFO - [2024-03-03T19:52:08.072+0000] {dag.py:3058} INFO - Creating ORM DAG for example_branch_labels
[2024-03-03T19:52:08.107+0000] {logging_mixin.py:188} INFO - [2024-03-03T19:52:08.107+0000] {dag.py:3823} INFO - Setting next_dagrun for example_branch_labels to 2024-03-02 00:00:00+00:00, run_after=2024-03-03 00:00:00+00:00
[2024-03-03T19:52:08.143+0000] {processor.py:183} INFO - Processing /home/airflow/.local/lib/python3.8/site-packages/airflow/example_dags/example_branch_labels.py took 0.413 seconds
[2024-03-03T19:53:11.407+0000] {processor.py:161} INFO - Started process (PID=74) to work on /home/airflow/.local/lib/python3.8/site-packages/airflow/example_dags/example_branch_labels.py
[2024-03-03T19:53:11.411+0000] {processor.py:830} INFO - Processing file /home/airflow/.local/lib/python3.8/site-packages/airflow/example_dags/example_branch_labels.py for tasks to queue
[2024-03-03T19:53:11.414+0000] {logging_mixin.py:188} INFO - [2024-03-03T19:53:11.413+0000] {dagbag.py:538} INFO - Filling up the DagBag from /home/airflow/.local/lib/python3.8/site-packages/airflow/example_dags/example_branch_labels.py
[2024-03-03T19:53:11.457+0000] {processor.py:840} INFO - DAG(s) 'example_branch_labels' retrieved from /home/airflow/.local/lib/python3.8/site-packages/airflow/example_dags/example_branch_labels.py
[2024-03-03T19:53:11.526+0000] {logging_mixin.py:188} INFO - [2024-03-03T19:53:11.525+0000] {dag.py:3036} INFO - Sync 1 DAGs
[2024-03-03T19:53:11.586+0000] {logging_mixin.py:188} INFO - [2024-03-03T19:53:11.585+0000] {dag.py:3823} INFO - Setting next_dagrun for example_branch_labels to 2024-03-02 00:00:00+00:00, run_after=2024-03-03 00:00:00+00:00
[2024-03-03T19:53:11.650+0000] {processor.py:183} INFO - Processing /home/airflow/.local/lib/python3.8/site-packages/airflow/example_dags/example_branch_labels.py took 0.248 seconds
[2024-03-03T20:00:53.117+0000] {processor.py:161} INFO - Started process (PID=130) to work on /home/airflow/.local/lib/python3.8/site-packages/airflow/example_dags/example_branch_labels.py
[2024-03-03T20:00:53.119+0000] {processor.py:830} INFO - Processing file /home/airflow/.local/lib/python3.8/site-packages/airflow/example_dags/example_branch_labels.py for tasks to queue
[2024-03-03T20:00:53.121+0000] {logging_mixin.py:188} INFO - [2024-03-03T20:00:53.120+0000] {dagbag.py:538} INFO - Filling up the DagBag from /home/airflow/.local/lib/python3.8/site-packages/airflow/example_dags/example_branch_labels.py
[2024-03-03T20:00:53.135+0000] {processor.py:840} INFO - DAG(s) 'example_branch_labels' retrieved from /home/airflow/.local/lib/python3.8/site-packages/airflow/example_dags/example_branch_labels.py
[2024-03-03T20:00:53.173+0000] {logging_mixin.py:188} INFO - [2024-03-03T20:00:53.173+0000] {dag.py:3036} INFO - Sync 1 DAGs
[2024-03-03T20:00:53.208+0000] {logging_mixin.py:188} INFO - [2024-03-03T20:00:53.207+0000] {dag.py:3823} INFO - Setting next_dagrun for example_branch_labels to 2024-03-02 00:00:00+00:00, run_after=2024-03-03 00:00:00+00:00
[2024-03-03T20:00:53.252+0000] {processor.py:183} INFO - Processing /home/airflow/.local/lib/python3.8/site-packages/airflow/example_dags/example_branch_labels.py took 0.140 seconds
[2024-03-03T20:05:06.024+0000] {processor.py:161} INFO - Started process (PID=155) to work on /home/airflow/.local/lib/python3.8/site-packages/airflow/example_dags/example_branch_labels.py
[2024-03-03T20:05:06.027+0000] {processor.py:830} INFO - Processing file /home/airflow/.local/lib/python3.8/site-packages/airflow/example_dags/example_branch_labels.py for tasks to queue
[2024-03-03T20:05:06.030+0000] {logging_mixin.py:188} INFO - [2024-03-03T20:05:06.029+0000] {dagbag.py:538} INFO - Filling up the DagBag from /home/airflow/.local/lib/python3.8/site-packages/airflow/example_dags/example_branch_labels.py
[2024-03-03T20:05:06.050+0000] {processor.py:840} INFO - DAG(s) 'example_branch_labels' retrieved from /home/airflow/.local/lib/python3.8/site-packages/airflow/example_dags/example_branch_labels.py
[2024-03-03T20:05:06.122+0000] {logging_mixin.py:188} INFO - [2024-03-03T20:05:06.122+0000] {dag.py:3036} INFO - Sync 1 DAGs
[2024-03-03T20:05:06.234+0000] {logging_mixin.py:188} INFO - [2024-03-03T20:05:06.233+0000] {dag.py:3823} INFO - Setting next_dagrun for example_branch_labels to 2024-03-02 00:00:00+00:00, run_after=2024-03-03 00:00:00+00:00
[2024-03-03T20:05:06.285+0000] {processor.py:183} INFO - Processing /home/airflow/.local/lib/python3.8/site-packages/airflow/example_dags/example_branch_labels.py took 0.269 seconds
[2024-03-03T20:05:37.371+0000] {processor.py:161} INFO - Started process (PID=211) to work on /home/airflow/.local/lib/python3.8/site-packages/airflow/example_dags/example_branch_labels.py
[2024-03-03T20:05:37.374+0000] {processor.py:830} INFO - Processing file /home/airflow/.local/lib/python3.8/site-packages/airflow/example_dags/example_branch_labels.py for tasks to queue
[2024-03-03T20:05:37.379+0000] {logging_mixin.py:188} INFO - [2024-03-03T20:05:37.376+0000] {dagbag.py:538} INFO - Filling up the DagBag from /home/airflow/.local/lib/python3.8/site-packages/airflow/example_dags/example_branch_labels.py
[2024-03-03T20:05:37.421+0000] {processor.py:840} INFO - DAG(s) 'example_branch_labels' retrieved from /home/airflow/.local/lib/python3.8/site-packages/airflow/example_dags/example_branch_labels.py
[2024-03-03T20:05:37.560+0000] {logging_mixin.py:188} INFO - [2024-03-03T20:05:37.559+0000] {dag.py:3036} INFO - Sync 1 DAGs
[2024-03-03T20:05:37.658+0000] {logging_mixin.py:188} INFO - [2024-03-03T20:05:37.656+0000] {dag.py:3823} INFO - Setting next_dagrun for example_branch_labels to 2024-03-02 00:00:00+00:00, run_after=2024-03-03 00:00:00+00:00
[2024-03-03T20:05:37.826+0000] {processor.py:183} INFO - Processing /home/airflow/.local/lib/python3.8/site-packages/airflow/example_dags/example_branch_labels.py took 0.478 seconds
[2024-03-03T20:08:13.135+0000] {processor.py:161} INFO - Started process (PID=232) to work on /home/airflow/.local/lib/python3.8/site-packages/airflow/example_dags/example_branch_labels.py
[2024-03-03T20:08:13.137+0000] {processor.py:830} INFO - Processing file /home/airflow/.local/lib/python3.8/site-packages/airflow/example_dags/example_branch_labels.py for tasks to queue
[2024-03-03T20:08:13.139+0000] {logging_mixin.py:188} INFO - [2024-03-03T20:08:13.138+0000] {dagbag.py:538} INFO - Filling up the DagBag from /home/airflow/.local/lib/python3.8/site-packages/airflow/example_dags/example_branch_labels.py
[2024-03-03T20:08:13.156+0000] {processor.py:840} INFO - DAG(s) 'example_branch_labels' retrieved from /home/airflow/.local/lib/python3.8/site-packages/airflow/example_dags/example_branch_labels.py
[2024-03-03T20:08:13.219+0000] {logging_mixin.py:188} INFO - [2024-03-03T20:08:13.218+0000] {dag.py:3036} INFO - Sync 1 DAGs
[2024-03-03T20:08:13.272+0000] {logging_mixin.py:188} INFO - [2024-03-03T20:08:13.272+0000] {dag.py:3823} INFO - Setting next_dagrun for example_branch_labels to 2024-03-02 00:00:00+00:00, run_after=2024-03-03 00:00:00+00:00
[2024-03-03T20:08:13.308+0000] {processor.py:183} INFO - Processing /home/airflow/.local/lib/python3.8/site-packages/airflow/example_dags/example_branch_labels.py took 0.179 seconds
[2024-03-03T20:08:43.904+0000] {processor.py:161} INFO - Started process (PID=287) to work on /home/airflow/.local/lib/python3.8/site-packages/airflow/example_dags/example_branch_labels.py
[2024-03-03T20:08:43.905+0000] {processor.py:830} INFO - Processing file /home/airflow/.local/lib/python3.8/site-packages/airflow/example_dags/example_branch_labels.py for tasks to queue
[2024-03-03T20:08:43.907+0000] {logging_mixin.py:188} INFO - [2024-03-03T20:08:43.907+0000] {dagbag.py:538} INFO - Filling up the DagBag from /home/airflow/.local/lib/python3.8/site-packages/airflow/example_dags/example_branch_labels.py
[2024-03-03T20:08:43.919+0000] {processor.py:840} INFO - DAG(s) 'example_branch_labels' retrieved from /home/airflow/.local/lib/python3.8/site-packages/airflow/example_dags/example_branch_labels.py
[2024-03-03T20:08:43.960+0000] {logging_mixin.py:188} INFO - [2024-03-03T20:08:43.960+0000] {dag.py:3036} INFO - Sync 1 DAGs
[2024-03-03T20:08:43.999+0000] {logging_mixin.py:188} INFO - [2024-03-03T20:08:43.998+0000] {dag.py:3823} INFO - Setting next_dagrun for example_branch_labels to 2024-03-02 00:00:00+00:00, run_after=2024-03-03 00:00:00+00:00
[2024-03-03T20:08:44.034+0000] {processor.py:183} INFO - Processing /home/airflow/.local/lib/python3.8/site-packages/airflow/example_dags/example_branch_labels.py took 0.136 seconds
[2024-03-03T20:11:37.027+0000] {processor.py:161} INFO - Started process (PID=343) to work on /home/airflow/.local/lib/python3.8/site-packages/airflow/example_dags/example_branch_labels.py
[2024-03-03T20:11:37.029+0000] {processor.py:830} INFO - Processing file /home/airflow/.local/lib/python3.8/site-packages/airflow/example_dags/example_branch_labels.py for tasks to queue
[2024-03-03T20:11:37.031+0000] {logging_mixin.py:188} INFO - [2024-03-03T20:11:37.030+0000] {dagbag.py:538} INFO - Filling up the DagBag from /home/airflow/.local/lib/python3.8/site-packages/airflow/example_dags/example_branch_labels.py
[2024-03-03T20:11:37.049+0000] {processor.py:840} INFO - DAG(s) 'example_branch_labels' retrieved from /home/airflow/.local/lib/python3.8/site-packages/airflow/example_dags/example_branch_labels.py
[2024-03-03T20:11:37.088+0000] {logging_mixin.py:188} INFO - [2024-03-03T20:11:37.088+0000] {dag.py:3036} INFO - Sync 1 DAGs
[2024-03-03T20:11:37.131+0000] {logging_mixin.py:188} INFO - [2024-03-03T20:11:37.130+0000] {dag.py:3823} INFO - Setting next_dagrun for example_branch_labels to 2024-03-02 00:00:00+00:00, run_after=2024-03-03 00:00:00+00:00
[2024-03-03T20:11:37.163+0000] {processor.py:183} INFO - Processing /home/airflow/.local/lib/python3.8/site-packages/airflow/example_dags/example_branch_labels.py took 0.142 seconds
[2024-03-03T20:13:52.354+0000] {processor.py:161} INFO - Started process (PID=390) to work on /home/airflow/.local/lib/python3.8/site-packages/airflow/example_dags/example_branch_labels.py
[2024-03-03T20:13:52.358+0000] {processor.py:830} INFO - Processing file /home/airflow/.local/lib/python3.8/site-packages/airflow/example_dags/example_branch_labels.py for tasks to queue
[2024-03-03T20:13:52.361+0000] {logging_mixin.py:188} INFO - [2024-03-03T20:13:52.360+0000] {dagbag.py:538} INFO - Filling up the DagBag from /home/airflow/.local/lib/python3.8/site-packages/airflow/example_dags/example_branch_labels.py
[2024-03-03T20:13:52.381+0000] {processor.py:840} INFO - DAG(s) 'example_branch_labels' retrieved from /home/airflow/.local/lib/python3.8/site-packages/airflow/example_dags/example_branch_labels.py
[2024-03-03T20:13:52.431+0000] {logging_mixin.py:188} INFO - [2024-03-03T20:13:52.430+0000] {dag.py:3036} INFO - Sync 1 DAGs
[2024-03-03T20:13:52.479+0000] {logging_mixin.py:188} INFO - [2024-03-03T20:13:52.479+0000] {dag.py:3823} INFO - Setting next_dagrun for example_branch_labels to 2024-03-02 00:00:00+00:00, run_after=2024-03-03 00:00:00+00:00
[2024-03-03T20:13:52.530+0000] {processor.py:183} INFO - Processing /home/airflow/.local/lib/python3.8/site-packages/airflow/example_dags/example_branch_labels.py took 0.188 seconds
[2024-03-03T20:14:23.273+0000] {processor.py:161} INFO - Started process (PID=444) to work on /home/airflow/.local/lib/python3.8/site-packages/airflow/example_dags/example_branch_labels.py
[2024-03-03T20:14:23.276+0000] {processor.py:830} INFO - Processing file /home/airflow/.local/lib/python3.8/site-packages/airflow/example_dags/example_branch_labels.py for tasks to queue
[2024-03-03T20:14:23.279+0000] {logging_mixin.py:188} INFO - [2024-03-03T20:14:23.279+0000] {dagbag.py:538} INFO - Filling up the DagBag from /home/airflow/.local/lib/python3.8/site-packages/airflow/example_dags/example_branch_labels.py
[2024-03-03T20:14:23.310+0000] {processor.py:840} INFO - DAG(s) 'example_branch_labels' retrieved from /home/airflow/.local/lib/python3.8/site-packages/airflow/example_dags/example_branch_labels.py
[2024-03-03T20:14:23.382+0000] {logging_mixin.py:188} INFO - [2024-03-03T20:14:23.381+0000] {dag.py:3036} INFO - Sync 1 DAGs
[2024-03-03T20:14:23.443+0000] {logging_mixin.py:188} INFO - [2024-03-03T20:14:23.442+0000] {dag.py:3823} INFO - Setting next_dagrun for example_branch_labels to 2024-03-02 00:00:00+00:00, run_after=2024-03-03 00:00:00+00:00
[2024-03-03T20:14:23.495+0000] {processor.py:183} INFO - Processing /home/airflow/.local/lib/python3.8/site-packages/airflow/example_dags/example_branch_labels.py took 0.229 seconds
[2024-03-03T20:14:57.500+0000] {processor.py:161} INFO - Started process (PID=500) to work on /home/airflow/.local/lib/python3.8/site-packages/airflow/example_dags/example_branch_labels.py
[2024-03-03T20:14:57.503+0000] {processor.py:830} INFO - Processing file /home/airflow/.local/lib/python3.8/site-packages/airflow/example_dags/example_branch_labels.py for tasks to queue
[2024-03-03T20:14:57.507+0000] {logging_mixin.py:188} INFO - [2024-03-03T20:14:57.506+0000] {dagbag.py:538} INFO - Filling up the DagBag from /home/airflow/.local/lib/python3.8/site-packages/airflow/example_dags/example_branch_labels.py
[2024-03-03T20:14:57.528+0000] {processor.py:840} INFO - DAG(s) 'example_branch_labels' retrieved from /home/airflow/.local/lib/python3.8/site-packages/airflow/example_dags/example_branch_labels.py
[2024-03-03T20:14:57.595+0000] {logging_mixin.py:188} INFO - [2024-03-03T20:14:57.594+0000] {dag.py:3036} INFO - Sync 1 DAGs
[2024-03-03T20:14:57.670+0000] {logging_mixin.py:188} INFO - [2024-03-03T20:14:57.669+0000] {dag.py:3823} INFO - Setting next_dagrun for example_branch_labels to 2024-03-02 00:00:00+00:00, run_after=2024-03-03 00:00:00+00:00
[2024-03-03T20:14:57.730+0000] {processor.py:183} INFO - Processing /home/airflow/.local/lib/python3.8/site-packages/airflow/example_dags/example_branch_labels.py took 0.238 seconds
[2024-03-03T20:15:27.887+0000] {processor.py:161} INFO - Started process (PID=554) to work on /home/airflow/.local/lib/python3.8/site-packages/airflow/example_dags/example_branch_labels.py
[2024-03-03T20:15:27.889+0000] {processor.py:830} INFO - Processing file /home/airflow/.local/lib/python3.8/site-packages/airflow/example_dags/example_branch_labels.py for tasks to queue
[2024-03-03T20:15:27.891+0000] {logging_mixin.py:188} INFO - [2024-03-03T20:15:27.891+0000] {dagbag.py:538} INFO - Filling up the DagBag from /home/airflow/.local/lib/python3.8/site-packages/airflow/example_dags/example_branch_labels.py
[2024-03-03T20:15:27.908+0000] {processor.py:840} INFO - DAG(s) 'example_branch_labels' retrieved from /home/airflow/.local/lib/python3.8/site-packages/airflow/example_dags/example_branch_labels.py
[2024-03-03T20:15:27.957+0000] {logging_mixin.py:188} INFO - [2024-03-03T20:15:27.956+0000] {dag.py:3036} INFO - Sync 1 DAGs
[2024-03-03T20:15:28.019+0000] {logging_mixin.py:188} INFO - [2024-03-03T20:15:28.017+0000] {dag.py:3823} INFO - Setting next_dagrun for example_branch_labels to 2024-03-02 00:00:00+00:00, run_after=2024-03-03 00:00:00+00:00
[2024-03-03T20:15:28.079+0000] {processor.py:183} INFO - Processing /home/airflow/.local/lib/python3.8/site-packages/airflow/example_dags/example_branch_labels.py took 0.198 seconds
[2024-03-03T20:15:58.437+0000] {processor.py:161} INFO - Started process (PID=607) to work on /home/airflow/.local/lib/python3.8/site-packages/airflow/example_dags/example_branch_labels.py
[2024-03-03T20:15:58.438+0000] {processor.py:830} INFO - Processing file /home/airflow/.local/lib/python3.8/site-packages/airflow/example_dags/example_branch_labels.py for tasks to queue
[2024-03-03T20:15:58.439+0000] {logging_mixin.py:188} INFO - [2024-03-03T20:15:58.439+0000] {dagbag.py:538} INFO - Filling up the DagBag from /home/airflow/.local/lib/python3.8/site-packages/airflow/example_dags/example_branch_labels.py
[2024-03-03T20:15:58.450+0000] {processor.py:840} INFO - DAG(s) 'example_branch_labels' retrieved from /home/airflow/.local/lib/python3.8/site-packages/airflow/example_dags/example_branch_labels.py
[2024-03-03T20:15:58.475+0000] {logging_mixin.py:188} INFO - [2024-03-03T20:15:58.474+0000] {dag.py:3036} INFO - Sync 1 DAGs
[2024-03-03T20:15:58.499+0000] {logging_mixin.py:188} INFO - [2024-03-03T20:15:58.498+0000] {dag.py:3823} INFO - Setting next_dagrun for example_branch_labels to 2024-03-02 00:00:00+00:00, run_after=2024-03-03 00:00:00+00:00
[2024-03-03T20:15:58.524+0000] {processor.py:183} INFO - Processing /home/airflow/.local/lib/python3.8/site-packages/airflow/example_dags/example_branch_labels.py took 0.091 seconds
[2024-03-03T20:16:28.799+0000] {processor.py:161} INFO - Started process (PID=662) to work on /home/airflow/.local/lib/python3.8/site-packages/airflow/example_dags/example_branch_labels.py
[2024-03-03T20:16:28.800+0000] {processor.py:830} INFO - Processing file /home/airflow/.local/lib/python3.8/site-packages/airflow/example_dags/example_branch_labels.py for tasks to queue
[2024-03-03T20:16:28.801+0000] {logging_mixin.py:188} INFO - [2024-03-03T20:16:28.801+0000] {dagbag.py:538} INFO - Filling up the DagBag from /home/airflow/.local/lib/python3.8/site-packages/airflow/example_dags/example_branch_labels.py
[2024-03-03T20:16:28.809+0000] {processor.py:840} INFO - DAG(s) 'example_branch_labels' retrieved from /home/airflow/.local/lib/python3.8/site-packages/airflow/example_dags/example_branch_labels.py
[2024-03-03T20:16:28.833+0000] {logging_mixin.py:188} INFO - [2024-03-03T20:16:28.833+0000] {dag.py:3036} INFO - Sync 1 DAGs
[2024-03-03T20:16:28.854+0000] {logging_mixin.py:188} INFO - [2024-03-03T20:16:28.854+0000] {dag.py:3823} INFO - Setting next_dagrun for example_branch_labels to 2024-03-02 00:00:00+00:00, run_after=2024-03-03 00:00:00+00:00
[2024-03-03T20:16:28.871+0000] {processor.py:183} INFO - Processing /home/airflow/.local/lib/python3.8/site-packages/airflow/example_dags/example_branch_labels.py took 0.075 seconds
[2024-03-03T20:16:59.154+0000] {processor.py:161} INFO - Started process (PID=717) to work on /home/airflow/.local/lib/python3.8/site-packages/airflow/example_dags/example_branch_labels.py
[2024-03-03T20:16:59.155+0000] {processor.py:830} INFO - Processing file /home/airflow/.local/lib/python3.8/site-packages/airflow/example_dags/example_branch_labels.py for tasks to queue
[2024-03-03T20:16:59.157+0000] {logging_mixin.py:188} INFO - [2024-03-03T20:16:59.157+0000] {dagbag.py:538} INFO - Filling up the DagBag from /home/airflow/.local/lib/python3.8/site-packages/airflow/example_dags/example_branch_labels.py
[2024-03-03T20:16:59.166+0000] {processor.py:840} INFO - DAG(s) 'example_branch_labels' retrieved from /home/airflow/.local/lib/python3.8/site-packages/airflow/example_dags/example_branch_labels.py
[2024-03-03T20:16:59.191+0000] {logging_mixin.py:188} INFO - [2024-03-03T20:16:59.191+0000] {dag.py:3036} INFO - Sync 1 DAGs
[2024-03-03T20:16:59.213+0000] {logging_mixin.py:188} INFO - [2024-03-03T20:16:59.213+0000] {dag.py:3823} INFO - Setting next_dagrun for example_branch_labels to 2024-03-02 00:00:00+00:00, run_after=2024-03-03 00:00:00+00:00
[2024-03-03T20:16:59.233+0000] {processor.py:183} INFO - Processing /home/airflow/.local/lib/python3.8/site-packages/airflow/example_dags/example_branch_labels.py took 0.084 seconds
[2024-03-03T20:18:54.993+0000] {processor.py:161} INFO - Started process (PID=772) to work on /home/airflow/.local/lib/python3.8/site-packages/airflow/example_dags/example_branch_labels.py
[2024-03-03T20:18:54.995+0000] {processor.py:830} INFO - Processing file /home/airflow/.local/lib/python3.8/site-packages/airflow/example_dags/example_branch_labels.py for tasks to queue
[2024-03-03T20:18:54.998+0000] {logging_mixin.py:188} INFO - [2024-03-03T20:18:54.997+0000] {dagbag.py:538} INFO - Filling up the DagBag from /home/airflow/.local/lib/python3.8/site-packages/airflow/example_dags/example_branch_labels.py
[2024-03-03T20:18:55.029+0000] {processor.py:840} INFO - DAG(s) 'example_branch_labels' retrieved from /home/airflow/.local/lib/python3.8/site-packages/airflow/example_dags/example_branch_labels.py
[2024-03-03T20:18:55.251+0000] {logging_mixin.py:188} INFO - [2024-03-03T20:18:55.250+0000] {dag.py:3036} INFO - Sync 1 DAGs
[2024-03-03T20:18:55.311+0000] {logging_mixin.py:188} INFO - [2024-03-03T20:18:55.311+0000] {dag.py:3823} INFO - Setting next_dagrun for example_branch_labels to 2024-03-02 00:00:00+00:00, run_after=2024-03-03 00:00:00+00:00
[2024-03-03T20:18:55.371+0000] {processor.py:183} INFO - Processing /home/airflow/.local/lib/python3.8/site-packages/airflow/example_dags/example_branch_labels.py took 0.384 seconds
[2024-03-03T20:19:26.138+0000] {processor.py:161} INFO - Started process (PID=828) to work on /home/airflow/.local/lib/python3.8/site-packages/airflow/example_dags/example_branch_labels.py
[2024-03-03T20:19:26.140+0000] {processor.py:830} INFO - Processing file /home/airflow/.local/lib/python3.8/site-packages/airflow/example_dags/example_branch_labels.py for tasks to queue
[2024-03-03T20:19:26.143+0000] {logging_mixin.py:188} INFO - [2024-03-03T20:19:26.142+0000] {dagbag.py:538} INFO - Filling up the DagBag from /home/airflow/.local/lib/python3.8/site-packages/airflow/example_dags/example_branch_labels.py
[2024-03-03T20:19:26.161+0000] {processor.py:840} INFO - DAG(s) 'example_branch_labels' retrieved from /home/airflow/.local/lib/python3.8/site-packages/airflow/example_dags/example_branch_labels.py
[2024-03-03T20:19:26.213+0000] {logging_mixin.py:188} INFO - [2024-03-03T20:19:26.213+0000] {dag.py:3036} INFO - Sync 1 DAGs
[2024-03-03T20:19:26.268+0000] {logging_mixin.py:188} INFO - [2024-03-03T20:19:26.267+0000] {dag.py:3823} INFO - Setting next_dagrun for example_branch_labels to 2024-03-02 00:00:00+00:00, run_after=2024-03-03 00:00:00+00:00
[2024-03-03T20:19:26.314+0000] {processor.py:183} INFO - Processing /home/airflow/.local/lib/python3.8/site-packages/airflow/example_dags/example_branch_labels.py took 0.183 seconds
[2024-03-03T20:20:56.794+0000] {processor.py:161} INFO - Started process (PID=870) to work on /home/airflow/.local/lib/python3.8/site-packages/airflow/example_dags/example_branch_labels.py
[2024-03-03T20:20:56.797+0000] {processor.py:830} INFO - Processing file /home/airflow/.local/lib/python3.8/site-packages/airflow/example_dags/example_branch_labels.py for tasks to queue
[2024-03-03T20:20:56.801+0000] {logging_mixin.py:188} INFO - [2024-03-03T20:20:56.799+0000] {dagbag.py:538} INFO - Filling up the DagBag from /home/airflow/.local/lib/python3.8/site-packages/airflow/example_dags/example_branch_labels.py
[2024-03-03T20:20:56.822+0000] {processor.py:840} INFO - DAG(s) 'example_branch_labels' retrieved from /home/airflow/.local/lib/python3.8/site-packages/airflow/example_dags/example_branch_labels.py
[2024-03-03T20:20:56.882+0000] {logging_mixin.py:188} INFO - [2024-03-03T20:20:56.881+0000] {dag.py:3036} INFO - Sync 1 DAGs
[2024-03-03T20:20:56.956+0000] {logging_mixin.py:188} INFO - [2024-03-03T20:20:56.955+0000] {dag.py:3823} INFO - Setting next_dagrun for example_branch_labels to 2024-03-02 00:00:00+00:00, run_after=2024-03-03 00:00:00+00:00
[2024-03-03T20:20:57.018+0000] {processor.py:183} INFO - Processing /home/airflow/.local/lib/python3.8/site-packages/airflow/example_dags/example_branch_labels.py took 0.231 seconds
[2024-03-03T20:21:27.173+0000] {processor.py:161} INFO - Started process (PID=924) to work on /home/airflow/.local/lib/python3.8/site-packages/airflow/example_dags/example_branch_labels.py
[2024-03-03T20:21:27.175+0000] {processor.py:830} INFO - Processing file /home/airflow/.local/lib/python3.8/site-packages/airflow/example_dags/example_branch_labels.py for tasks to queue
[2024-03-03T20:21:27.177+0000] {logging_mixin.py:188} INFO - [2024-03-03T20:21:27.176+0000] {dagbag.py:538} INFO - Filling up the DagBag from /home/airflow/.local/lib/python3.8/site-packages/airflow/example_dags/example_branch_labels.py
[2024-03-03T20:21:27.192+0000] {processor.py:840} INFO - DAG(s) 'example_branch_labels' retrieved from /home/airflow/.local/lib/python3.8/site-packages/airflow/example_dags/example_branch_labels.py
[2024-03-03T20:21:27.238+0000] {logging_mixin.py:188} INFO - [2024-03-03T20:21:27.238+0000] {dag.py:3036} INFO - Sync 1 DAGs
[2024-03-03T20:21:27.292+0000] {logging_mixin.py:188} INFO - [2024-03-03T20:21:27.292+0000] {dag.py:3823} INFO - Setting next_dagrun for example_branch_labels to 2024-03-02 00:00:00+00:00, run_after=2024-03-03 00:00:00+00:00
[2024-03-03T20:21:27.340+0000] {processor.py:183} INFO - Processing /home/airflow/.local/lib/python3.8/site-packages/airflow/example_dags/example_branch_labels.py took 0.171 seconds
[2024-03-03T20:23:17.852+0000] {processor.py:161} INFO - Started process (PID=944) to work on /home/airflow/.local/lib/python3.8/site-packages/airflow/example_dags/example_branch_labels.py
[2024-03-03T20:23:17.854+0000] {processor.py:830} INFO - Processing file /home/airflow/.local/lib/python3.8/site-packages/airflow/example_dags/example_branch_labels.py for tasks to queue
[2024-03-03T20:23:17.862+0000] {logging_mixin.py:188} INFO - [2024-03-03T20:23:17.861+0000] {dagbag.py:538} INFO - Filling up the DagBag from /home/airflow/.local/lib/python3.8/site-packages/airflow/example_dags/example_branch_labels.py
[2024-03-03T20:23:17.892+0000] {processor.py:840} INFO - DAG(s) 'example_branch_labels' retrieved from /home/airflow/.local/lib/python3.8/site-packages/airflow/example_dags/example_branch_labels.py
[2024-03-03T20:23:18.019+0000] {logging_mixin.py:188} INFO - [2024-03-03T20:23:18.018+0000] {dag.py:3036} INFO - Sync 1 DAGs
[2024-03-03T20:23:18.170+0000] {logging_mixin.py:188} INFO - [2024-03-03T20:23:18.170+0000] {dag.py:3823} INFO - Setting next_dagrun for example_branch_labels to 2024-03-02 00:00:00+00:00, run_after=2024-03-03 00:00:00+00:00
[2024-03-03T20:29:28.842+0000] {processor.py:161} INFO - Started process (PID=51) to work on /home/airflow/.local/lib/python3.8/site-packages/airflow/example_dags/example_branch_labels.py
[2024-03-03T20:29:28.844+0000] {processor.py:830} INFO - Processing file /home/airflow/.local/lib/python3.8/site-packages/airflow/example_dags/example_branch_labels.py for tasks to queue
[2024-03-03T20:29:28.850+0000] {logging_mixin.py:188} INFO - [2024-03-03T20:29:28.848+0000] {dagbag.py:538} INFO - Filling up the DagBag from /home/airflow/.local/lib/python3.8/site-packages/airflow/example_dags/example_branch_labels.py
[2024-03-03T20:29:28.880+0000] {processor.py:840} INFO - DAG(s) 'example_branch_labels' retrieved from /home/airflow/.local/lib/python3.8/site-packages/airflow/example_dags/example_branch_labels.py
[2024-03-03T20:29:29.155+0000] {logging_mixin.py:188} INFO - [2024-03-03T20:29:29.154+0000] {dag.py:3036} INFO - Sync 1 DAGs
[2024-03-03T20:29:29.217+0000] {logging_mixin.py:188} INFO - [2024-03-03T20:29:29.216+0000] {dag.py:3823} INFO - Setting next_dagrun for example_branch_labels to 2024-03-02 00:00:00+00:00, run_after=2024-03-03 00:00:00+00:00
[2024-03-03T20:29:29.289+0000] {processor.py:183} INFO - Processing /home/airflow/.local/lib/python3.8/site-packages/airflow/example_dags/example_branch_labels.py took 0.453 seconds
[2024-03-03T20:33:07.836+0000] {processor.py:161} INFO - Started process (PID=111) to work on /home/airflow/.local/lib/python3.8/site-packages/airflow/example_dags/example_branch_labels.py
[2024-03-03T20:33:07.838+0000] {processor.py:830} INFO - Processing file /home/airflow/.local/lib/python3.8/site-packages/airflow/example_dags/example_branch_labels.py for tasks to queue
[2024-03-03T20:33:07.840+0000] {logging_mixin.py:188} INFO - [2024-03-03T20:33:07.840+0000] {dagbag.py:538} INFO - Filling up the DagBag from /home/airflow/.local/lib/python3.8/site-packages/airflow/example_dags/example_branch_labels.py
[2024-03-03T20:33:07.868+0000] {processor.py:840} INFO - DAG(s) 'example_branch_labels' retrieved from /home/airflow/.local/lib/python3.8/site-packages/airflow/example_dags/example_branch_labels.py
[2024-03-03T20:33:07.917+0000] {logging_mixin.py:188} INFO - [2024-03-03T20:33:07.916+0000] {dag.py:3036} INFO - Sync 1 DAGs
[2024-03-03T20:33:07.972+0000] {logging_mixin.py:188} INFO - [2024-03-03T20:33:07.972+0000] {dag.py:3823} INFO - Setting next_dagrun for example_branch_labels to 2024-03-02 00:00:00+00:00, run_after=2024-03-03 00:00:00+00:00
[2024-03-03T20:33:08.023+0000] {processor.py:183} INFO - Processing /home/airflow/.local/lib/python3.8/site-packages/airflow/example_dags/example_branch_labels.py took 0.198 seconds
[2024-03-03T20:34:21.082+0000] {processor.py:161} INFO - Started process (PID=169) to work on /home/airflow/.local/lib/python3.8/site-packages/airflow/example_dags/example_branch_labels.py
[2024-03-03T20:34:21.084+0000] {processor.py:830} INFO - Processing file /home/airflow/.local/lib/python3.8/site-packages/airflow/example_dags/example_branch_labels.py for tasks to queue
[2024-03-03T20:34:21.087+0000] {logging_mixin.py:188} INFO - [2024-03-03T20:34:21.086+0000] {dagbag.py:538} INFO - Filling up the DagBag from /home/airflow/.local/lib/python3.8/site-packages/airflow/example_dags/example_branch_labels.py
[2024-03-03T20:34:21.118+0000] {processor.py:840} INFO - DAG(s) 'example_branch_labels' retrieved from /home/airflow/.local/lib/python3.8/site-packages/airflow/example_dags/example_branch_labels.py
[2024-03-03T20:34:21.183+0000] {logging_mixin.py:188} INFO - [2024-03-03T20:34:21.183+0000] {dag.py:3036} INFO - Sync 1 DAGs
[2024-03-03T20:34:21.251+0000] {logging_mixin.py:188} INFO - [2024-03-03T20:34:21.250+0000] {dag.py:3823} INFO - Setting next_dagrun for example_branch_labels to 2024-03-02 00:00:00+00:00, run_after=2024-03-03 00:00:00+00:00
[2024-03-03T20:34:21.300+0000] {processor.py:183} INFO - Processing /home/airflow/.local/lib/python3.8/site-packages/airflow/example_dags/example_branch_labels.py took 0.236 seconds
[2024-03-03T20:36:29.122+0000] {processor.py:161} INFO - Started process (PID=221) to work on /home/airflow/.local/lib/python3.8/site-packages/airflow/example_dags/example_branch_labels.py
[2024-03-03T20:36:29.131+0000] {processor.py:830} INFO - Processing file /home/airflow/.local/lib/python3.8/site-packages/airflow/example_dags/example_branch_labels.py for tasks to queue
[2024-03-03T20:36:29.135+0000] {logging_mixin.py:188} INFO - [2024-03-03T20:36:29.134+0000] {dagbag.py:538} INFO - Filling up the DagBag from /home/airflow/.local/lib/python3.8/site-packages/airflow/example_dags/example_branch_labels.py
[2024-03-03T20:36:29.167+0000] {processor.py:840} INFO - DAG(s) 'example_branch_labels' retrieved from /home/airflow/.local/lib/python3.8/site-packages/airflow/example_dags/example_branch_labels.py
[2024-03-03T20:36:29.253+0000] {logging_mixin.py:188} INFO - [2024-03-03T20:36:29.253+0000] {dag.py:3036} INFO - Sync 1 DAGs
[2024-03-03T20:36:29.319+0000] {logging_mixin.py:188} INFO - [2024-03-03T20:36:29.318+0000] {dag.py:3823} INFO - Setting next_dagrun for example_branch_labels to 2024-03-02 00:00:00+00:00, run_after=2024-03-03 00:00:00+00:00
[2024-03-03T20:36:29.394+0000] {processor.py:183} INFO - Processing /home/airflow/.local/lib/python3.8/site-packages/airflow/example_dags/example_branch_labels.py took 0.279 seconds
[2024-03-03T20:38:46.344+0000] {processor.py:161} INFO - Started process (PID=276) to work on /home/airflow/.local/lib/python3.8/site-packages/airflow/example_dags/example_branch_labels.py
[2024-03-03T20:38:46.346+0000] {processor.py:830} INFO - Processing file /home/airflow/.local/lib/python3.8/site-packages/airflow/example_dags/example_branch_labels.py for tasks to queue
[2024-03-03T20:38:46.348+0000] {logging_mixin.py:188} INFO - [2024-03-03T20:38:46.348+0000] {dagbag.py:538} INFO - Filling up the DagBag from /home/airflow/.local/lib/python3.8/site-packages/airflow/example_dags/example_branch_labels.py
[2024-03-03T20:38:46.378+0000] {processor.py:840} INFO - DAG(s) 'example_branch_labels' retrieved from /home/airflow/.local/lib/python3.8/site-packages/airflow/example_dags/example_branch_labels.py
[2024-03-03T20:38:46.437+0000] {logging_mixin.py:188} INFO - [2024-03-03T20:38:46.436+0000] {dag.py:3036} INFO - Sync 1 DAGs
[2024-03-03T20:38:46.532+0000] {logging_mixin.py:188} INFO - [2024-03-03T20:38:46.531+0000] {dag.py:3823} INFO - Setting next_dagrun for example_branch_labels to 2024-03-02 00:00:00+00:00, run_after=2024-03-03 00:00:00+00:00
[2024-03-03T20:38:46.625+0000] {processor.py:183} INFO - Processing /home/airflow/.local/lib/python3.8/site-packages/airflow/example_dags/example_branch_labels.py took 0.289 seconds
[2024-03-03T20:39:28.711+0000] {processor.py:161} INFO - Started process (PID=318) to work on /home/airflow/.local/lib/python3.8/site-packages/airflow/example_dags/example_branch_labels.py
[2024-03-03T20:39:28.713+0000] {processor.py:830} INFO - Processing file /home/airflow/.local/lib/python3.8/site-packages/airflow/example_dags/example_branch_labels.py for tasks to queue
[2024-03-03T20:39:28.716+0000] {logging_mixin.py:188} INFO - [2024-03-03T20:39:28.715+0000] {dagbag.py:538} INFO - Filling up the DagBag from /home/airflow/.local/lib/python3.8/site-packages/airflow/example_dags/example_branch_labels.py
[2024-03-03T20:39:28.735+0000] {processor.py:840} INFO - DAG(s) 'example_branch_labels' retrieved from /home/airflow/.local/lib/python3.8/site-packages/airflow/example_dags/example_branch_labels.py
[2024-03-03T20:39:28.795+0000] {logging_mixin.py:188} INFO - [2024-03-03T20:39:28.794+0000] {dag.py:3036} INFO - Sync 1 DAGs
[2024-03-03T20:39:28.860+0000] {logging_mixin.py:188} INFO - [2024-03-03T20:39:28.860+0000] {dag.py:3823} INFO - Setting next_dagrun for example_branch_labels to 2024-03-02 00:00:00+00:00, run_after=2024-03-03 00:00:00+00:00
[2024-03-03T20:39:28.911+0000] {processor.py:183} INFO - Processing /home/airflow/.local/lib/python3.8/site-packages/airflow/example_dags/example_branch_labels.py took 0.207 seconds
[2024-03-03T20:39:59.228+0000] {processor.py:161} INFO - Started process (PID=372) to work on /home/airflow/.local/lib/python3.8/site-packages/airflow/example_dags/example_branch_labels.py
[2024-03-03T20:39:59.230+0000] {processor.py:830} INFO - Processing file /home/airflow/.local/lib/python3.8/site-packages/airflow/example_dags/example_branch_labels.py for tasks to queue
[2024-03-03T20:39:59.232+0000] {logging_mixin.py:188} INFO - [2024-03-03T20:39:59.232+0000] {dagbag.py:538} INFO - Filling up the DagBag from /home/airflow/.local/lib/python3.8/site-packages/airflow/example_dags/example_branch_labels.py
[2024-03-03T20:39:59.252+0000] {processor.py:840} INFO - DAG(s) 'example_branch_labels' retrieved from /home/airflow/.local/lib/python3.8/site-packages/airflow/example_dags/example_branch_labels.py
[2024-03-03T20:39:59.307+0000] {logging_mixin.py:188} INFO - [2024-03-03T20:39:59.306+0000] {dag.py:3036} INFO - Sync 1 DAGs
[2024-03-03T20:39:59.355+0000] {logging_mixin.py:188} INFO - [2024-03-03T20:39:59.355+0000] {dag.py:3823} INFO - Setting next_dagrun for example_branch_labels to 2024-03-02 00:00:00+00:00, run_after=2024-03-03 00:00:00+00:00
[2024-03-03T20:39:59.398+0000] {processor.py:183} INFO - Processing /home/airflow/.local/lib/python3.8/site-packages/airflow/example_dags/example_branch_labels.py took 0.176 seconds
[2024-03-03T20:40:29.940+0000] {processor.py:161} INFO - Started process (PID=427) to work on /home/airflow/.local/lib/python3.8/site-packages/airflow/example_dags/example_branch_labels.py
[2024-03-03T20:40:29.942+0000] {processor.py:830} INFO - Processing file /home/airflow/.local/lib/python3.8/site-packages/airflow/example_dags/example_branch_labels.py for tasks to queue
[2024-03-03T20:40:29.944+0000] {logging_mixin.py:188} INFO - [2024-03-03T20:40:29.943+0000] {dagbag.py:538} INFO - Filling up the DagBag from /home/airflow/.local/lib/python3.8/site-packages/airflow/example_dags/example_branch_labels.py
[2024-03-03T20:40:29.955+0000] {processor.py:840} INFO - DAG(s) 'example_branch_labels' retrieved from /home/airflow/.local/lib/python3.8/site-packages/airflow/example_dags/example_branch_labels.py
[2024-03-03T20:40:29.990+0000] {logging_mixin.py:188} INFO - [2024-03-03T20:40:29.989+0000] {dag.py:3036} INFO - Sync 1 DAGs
[2024-03-03T20:40:30.023+0000] {logging_mixin.py:188} INFO - [2024-03-03T20:40:30.022+0000] {dag.py:3823} INFO - Setting next_dagrun for example_branch_labels to 2024-03-02 00:00:00+00:00, run_after=2024-03-03 00:00:00+00:00
[2024-03-03T20:40:30.048+0000] {processor.py:183} INFO - Processing /home/airflow/.local/lib/python3.8/site-packages/airflow/example_dags/example_branch_labels.py took 0.112 seconds
[2024-03-03T20:41:00.449+0000] {processor.py:161} INFO - Started process (PID=481) to work on /home/airflow/.local/lib/python3.8/site-packages/airflow/example_dags/example_branch_labels.py
[2024-03-03T20:41:00.451+0000] {processor.py:830} INFO - Processing file /home/airflow/.local/lib/python3.8/site-packages/airflow/example_dags/example_branch_labels.py for tasks to queue
[2024-03-03T20:41:00.452+0000] {logging_mixin.py:188} INFO - [2024-03-03T20:41:00.452+0000] {dagbag.py:538} INFO - Filling up the DagBag from /home/airflow/.local/lib/python3.8/site-packages/airflow/example_dags/example_branch_labels.py
[2024-03-03T20:41:00.460+0000] {processor.py:840} INFO - DAG(s) 'example_branch_labels' retrieved from /home/airflow/.local/lib/python3.8/site-packages/airflow/example_dags/example_branch_labels.py
[2024-03-03T20:41:00.483+0000] {logging_mixin.py:188} INFO - [2024-03-03T20:41:00.483+0000] {dag.py:3036} INFO - Sync 1 DAGs
[2024-03-03T20:41:00.509+0000] {logging_mixin.py:188} INFO - [2024-03-03T20:41:00.508+0000] {dag.py:3823} INFO - Setting next_dagrun for example_branch_labels to 2024-03-02 00:00:00+00:00, run_after=2024-03-03 00:00:00+00:00
[2024-03-03T20:41:00.530+0000] {processor.py:183} INFO - Processing /home/airflow/.local/lib/python3.8/site-packages/airflow/example_dags/example_branch_labels.py took 0.084 seconds
[2024-03-03T20:42:54.686+0000] {processor.py:161} INFO - Started process (PID=514) to work on /home/airflow/.local/lib/python3.8/site-packages/airflow/example_dags/example_branch_labels.py
[2024-03-03T20:42:54.689+0000] {processor.py:830} INFO - Processing file /home/airflow/.local/lib/python3.8/site-packages/airflow/example_dags/example_branch_labels.py for tasks to queue
[2024-03-03T20:42:54.692+0000] {logging_mixin.py:188} INFO - [2024-03-03T20:42:54.691+0000] {dagbag.py:538} INFO - Filling up the DagBag from /home/airflow/.local/lib/python3.8/site-packages/airflow/example_dags/example_branch_labels.py
[2024-03-03T20:42:54.713+0000] {processor.py:840} INFO - DAG(s) 'example_branch_labels' retrieved from /home/airflow/.local/lib/python3.8/site-packages/airflow/example_dags/example_branch_labels.py
[2024-03-03T20:42:54.775+0000] {logging_mixin.py:188} INFO - [2024-03-03T20:42:54.775+0000] {dag.py:3036} INFO - Sync 1 DAGs
[2024-03-03T20:42:54.879+0000] {logging_mixin.py:188} INFO - [2024-03-03T20:42:54.878+0000] {dag.py:3823} INFO - Setting next_dagrun for example_branch_labels to 2024-03-02 00:00:00+00:00, run_after=2024-03-03 00:00:00+00:00
[2024-03-03T20:42:54.961+0000] {processor.py:183} INFO - Processing /home/airflow/.local/lib/python3.8/site-packages/airflow/example_dags/example_branch_labels.py took 0.284 seconds
[2024-03-03T20:46:03.978+0000] {processor.py:161} INFO - Started process (PID=570) to work on /home/airflow/.local/lib/python3.8/site-packages/airflow/example_dags/example_branch_labels.py
[2024-03-03T20:46:03.984+0000] {processor.py:830} INFO - Processing file /home/airflow/.local/lib/python3.8/site-packages/airflow/example_dags/example_branch_labels.py for tasks to queue
[2024-03-03T20:46:03.987+0000] {logging_mixin.py:188} INFO - [2024-03-03T20:46:03.986+0000] {dagbag.py:538} INFO - Filling up the DagBag from /home/airflow/.local/lib/python3.8/site-packages/airflow/example_dags/example_branch_labels.py
[2024-03-03T20:46:04.019+0000] {processor.py:840} INFO - DAG(s) 'example_branch_labels' retrieved from /home/airflow/.local/lib/python3.8/site-packages/airflow/example_dags/example_branch_labels.py
[2024-03-03T20:46:04.151+0000] {logging_mixin.py:188} INFO - [2024-03-03T20:46:04.150+0000] {dag.py:3036} INFO - Sync 1 DAGs
[2024-03-03T20:46:04.229+0000] {logging_mixin.py:188} INFO - [2024-03-03T20:46:04.228+0000] {dag.py:3823} INFO - Setting next_dagrun for example_branch_labels to 2024-03-02 00:00:00+00:00, run_after=2024-03-03 00:00:00+00:00
[2024-03-03T20:46:04.297+0000] {processor.py:183} INFO - Processing /home/airflow/.local/lib/python3.8/site-packages/airflow/example_dags/example_branch_labels.py took 0.328 seconds
[2024-03-03T20:48:05.093+0000] {processor.py:161} INFO - Started process (PID=630) to work on /home/airflow/.local/lib/python3.8/site-packages/airflow/example_dags/example_branch_labels.py
[2024-03-03T20:48:05.105+0000] {processor.py:830} INFO - Processing file /home/airflow/.local/lib/python3.8/site-packages/airflow/example_dags/example_branch_labels.py for tasks to queue
[2024-03-03T20:48:05.113+0000] {logging_mixin.py:188} INFO - [2024-03-03T20:48:05.112+0000] {dagbag.py:538} INFO - Filling up the DagBag from /home/airflow/.local/lib/python3.8/site-packages/airflow/example_dags/example_branch_labels.py
[2024-03-03T20:48:05.203+0000] {processor.py:840} INFO - DAG(s) 'example_branch_labels' retrieved from /home/airflow/.local/lib/python3.8/site-packages/airflow/example_dags/example_branch_labels.py
[2024-03-03T20:48:05.323+0000] {logging_mixin.py:188} INFO - [2024-03-03T20:48:05.322+0000] {dag.py:3036} INFO - Sync 1 DAGs
[2024-03-03T20:48:05.422+0000] {logging_mixin.py:188} INFO - [2024-03-03T20:48:05.421+0000] {dag.py:3823} INFO - Setting next_dagrun for example_branch_labels to 2024-03-02 00:00:00+00:00, run_after=2024-03-03 00:00:00+00:00
[2024-03-03T20:48:05.522+0000] {processor.py:183} INFO - Processing /home/airflow/.local/lib/python3.8/site-packages/airflow/example_dags/example_branch_labels.py took 0.443 seconds
[2024-03-03T20:48:35.634+0000] {processor.py:161} INFO - Started process (PID=684) to work on /home/airflow/.local/lib/python3.8/site-packages/airflow/example_dags/example_branch_labels.py
[2024-03-03T20:48:35.636+0000] {processor.py:830} INFO - Processing file /home/airflow/.local/lib/python3.8/site-packages/airflow/example_dags/example_branch_labels.py for tasks to queue
[2024-03-03T20:48:35.638+0000] {logging_mixin.py:188} INFO - [2024-03-03T20:48:35.638+0000] {dagbag.py:538} INFO - Filling up the DagBag from /home/airflow/.local/lib/python3.8/site-packages/airflow/example_dags/example_branch_labels.py
[2024-03-03T20:48:35.651+0000] {processor.py:840} INFO - DAG(s) 'example_branch_labels' retrieved from /home/airflow/.local/lib/python3.8/site-packages/airflow/example_dags/example_branch_labels.py
[2024-03-03T20:48:35.683+0000] {logging_mixin.py:188} INFO - [2024-03-03T20:48:35.683+0000] {dag.py:3036} INFO - Sync 1 DAGs
[2024-03-03T20:48:35.720+0000] {logging_mixin.py:188} INFO - [2024-03-03T20:48:35.720+0000] {dag.py:3823} INFO - Setting next_dagrun for example_branch_labels to 2024-03-02 00:00:00+00:00, run_after=2024-03-03 00:00:00+00:00
[2024-03-03T20:48:35.748+0000] {processor.py:183} INFO - Processing /home/airflow/.local/lib/python3.8/site-packages/airflow/example_dags/example_branch_labels.py took 0.120 seconds
[2024-03-03T20:53:06.362+0000] {processor.py:161} INFO - Started process (PID=737) to work on /home/airflow/.local/lib/python3.8/site-packages/airflow/example_dags/example_branch_labels.py
[2024-03-03T20:53:06.373+0000] {processor.py:830} INFO - Processing file /home/airflow/.local/lib/python3.8/site-packages/airflow/example_dags/example_branch_labels.py for tasks to queue
[2024-03-03T20:53:06.376+0000] {logging_mixin.py:188} INFO - [2024-03-03T20:53:06.375+0000] {dagbag.py:538} INFO - Filling up the DagBag from /home/airflow/.local/lib/python3.8/site-packages/airflow/example_dags/example_branch_labels.py
[2024-03-03T20:53:06.422+0000] {processor.py:840} INFO - DAG(s) 'example_branch_labels' retrieved from /home/airflow/.local/lib/python3.8/site-packages/airflow/example_dags/example_branch_labels.py
[2024-03-03T20:53:06.526+0000] {logging_mixin.py:188} INFO - [2024-03-03T20:53:06.525+0000] {dag.py:3036} INFO - Sync 1 DAGs
[2024-03-03T20:53:06.607+0000] {logging_mixin.py:188} INFO - [2024-03-03T20:53:06.606+0000] {dag.py:3823} INFO - Setting next_dagrun for example_branch_labels to 2024-03-02 00:00:00+00:00, run_after=2024-03-03 00:00:00+00:00
[2024-03-03T20:53:06.664+0000] {processor.py:183} INFO - Processing /home/airflow/.local/lib/python3.8/site-packages/airflow/example_dags/example_branch_labels.py took 0.334 seconds
[2024-03-03T21:02:24.191+0000] {processor.py:161} INFO - Started process (PID=51) to work on /home/airflow/.local/lib/python3.8/site-packages/airflow/example_dags/example_branch_labels.py
[2024-03-03T21:02:24.193+0000] {processor.py:830} INFO - Processing file /home/airflow/.local/lib/python3.8/site-packages/airflow/example_dags/example_branch_labels.py for tasks to queue
[2024-03-03T21:02:24.195+0000] {logging_mixin.py:188} INFO - [2024-03-03T21:02:24.194+0000] {dagbag.py:538} INFO - Filling up the DagBag from /home/airflow/.local/lib/python3.8/site-packages/airflow/example_dags/example_branch_labels.py
[2024-03-03T21:02:24.206+0000] {processor.py:840} INFO - DAG(s) 'example_branch_labels' retrieved from /home/airflow/.local/lib/python3.8/site-packages/airflow/example_dags/example_branch_labels.py
[2024-03-03T21:02:24.392+0000] {logging_mixin.py:188} INFO - [2024-03-03T21:02:24.391+0000] {dag.py:3036} INFO - Sync 1 DAGs
[2024-03-03T21:02:24.449+0000] {logging_mixin.py:188} INFO - [2024-03-03T21:02:24.448+0000] {dag.py:3823} INFO - Setting next_dagrun for example_branch_labels to 2024-03-02 00:00:00+00:00, run_after=2024-03-03 00:00:00+00:00
[2024-03-03T21:02:24.496+0000] {processor.py:183} INFO - Processing /home/airflow/.local/lib/python3.8/site-packages/airflow/example_dags/example_branch_labels.py took 0.309 seconds
[2024-03-03T21:02:55.184+0000] {processor.py:161} INFO - Started process (PID=106) to work on /home/airflow/.local/lib/python3.8/site-packages/airflow/example_dags/example_branch_labels.py
[2024-03-03T21:02:55.186+0000] {processor.py:830} INFO - Processing file /home/airflow/.local/lib/python3.8/site-packages/airflow/example_dags/example_branch_labels.py for tasks to queue
[2024-03-03T21:02:55.189+0000] {logging_mixin.py:188} INFO - [2024-03-03T21:02:55.189+0000] {dagbag.py:538} INFO - Filling up the DagBag from /home/airflow/.local/lib/python3.8/site-packages/airflow/example_dags/example_branch_labels.py
[2024-03-03T21:02:55.203+0000] {processor.py:840} INFO - DAG(s) 'example_branch_labels' retrieved from /home/airflow/.local/lib/python3.8/site-packages/airflow/example_dags/example_branch_labels.py
[2024-03-03T21:02:55.242+0000] {logging_mixin.py:188} INFO - [2024-03-03T21:02:55.241+0000] {dag.py:3036} INFO - Sync 1 DAGs
[2024-03-03T21:02:55.291+0000] {logging_mixin.py:188} INFO - [2024-03-03T21:02:55.290+0000] {dag.py:3823} INFO - Setting next_dagrun for example_branch_labels to 2024-03-02 00:00:00+00:00, run_after=2024-03-03 00:00:00+00:00
[2024-03-03T21:02:55.332+0000] {processor.py:183} INFO - Processing /home/airflow/.local/lib/python3.8/site-packages/airflow/example_dags/example_branch_labels.py took 0.152 seconds
[2024-03-03T21:03:25.891+0000] {processor.py:161} INFO - Started process (PID=161) to work on /home/airflow/.local/lib/python3.8/site-packages/airflow/example_dags/example_branch_labels.py
[2024-03-03T21:03:25.893+0000] {processor.py:830} INFO - Processing file /home/airflow/.local/lib/python3.8/site-packages/airflow/example_dags/example_branch_labels.py for tasks to queue
[2024-03-03T21:03:25.898+0000] {logging_mixin.py:188} INFO - [2024-03-03T21:03:25.897+0000] {dagbag.py:538} INFO - Filling up the DagBag from /home/airflow/.local/lib/python3.8/site-packages/airflow/example_dags/example_branch_labels.py
[2024-03-03T21:03:25.916+0000] {processor.py:840} INFO - DAG(s) 'example_branch_labels' retrieved from /home/airflow/.local/lib/python3.8/site-packages/airflow/example_dags/example_branch_labels.py
[2024-03-03T21:03:25.969+0000] {logging_mixin.py:188} INFO - [2024-03-03T21:03:25.968+0000] {dag.py:3036} INFO - Sync 1 DAGs
[2024-03-03T21:03:26.029+0000] {logging_mixin.py:188} INFO - [2024-03-03T21:03:26.028+0000] {dag.py:3823} INFO - Setting next_dagrun for example_branch_labels to 2024-03-02 00:00:00+00:00, run_after=2024-03-03 00:00:00+00:00
[2024-03-03T21:03:26.078+0000] {processor.py:183} INFO - Processing /home/airflow/.local/lib/python3.8/site-packages/airflow/example_dags/example_branch_labels.py took 0.195 seconds
[2024-03-03T21:03:56.164+0000] {processor.py:161} INFO - Started process (PID=215) to work on /home/airflow/.local/lib/python3.8/site-packages/airflow/example_dags/example_branch_labels.py
[2024-03-03T21:03:56.165+0000] {processor.py:830} INFO - Processing file /home/airflow/.local/lib/python3.8/site-packages/airflow/example_dags/example_branch_labels.py for tasks to queue
[2024-03-03T21:03:56.167+0000] {logging_mixin.py:188} INFO - [2024-03-03T21:03:56.167+0000] {dagbag.py:538} INFO - Filling up the DagBag from /home/airflow/.local/lib/python3.8/site-packages/airflow/example_dags/example_branch_labels.py
[2024-03-03T21:03:56.176+0000] {processor.py:840} INFO - DAG(s) 'example_branch_labels' retrieved from /home/airflow/.local/lib/python3.8/site-packages/airflow/example_dags/example_branch_labels.py
[2024-03-03T21:03:56.198+0000] {logging_mixin.py:188} INFO - [2024-03-03T21:03:56.198+0000] {dag.py:3036} INFO - Sync 1 DAGs
[2024-03-03T21:03:56.224+0000] {logging_mixin.py:188} INFO - [2024-03-03T21:03:56.224+0000] {dag.py:3823} INFO - Setting next_dagrun for example_branch_labels to 2024-03-02 00:00:00+00:00, run_after=2024-03-03 00:00:00+00:00
[2024-03-03T21:03:56.247+0000] {processor.py:183} INFO - Processing /home/airflow/.local/lib/python3.8/site-packages/airflow/example_dags/example_branch_labels.py took 0.086 seconds
[2024-03-03T21:04:26.880+0000] {processor.py:161} INFO - Started process (PID=271) to work on /home/airflow/.local/lib/python3.8/site-packages/airflow/example_dags/example_branch_labels.py
[2024-03-03T21:04:26.881+0000] {processor.py:830} INFO - Processing file /home/airflow/.local/lib/python3.8/site-packages/airflow/example_dags/example_branch_labels.py for tasks to queue
[2024-03-03T21:04:26.883+0000] {logging_mixin.py:188} INFO - [2024-03-03T21:04:26.883+0000] {dagbag.py:538} INFO - Filling up the DagBag from /home/airflow/.local/lib/python3.8/site-packages/airflow/example_dags/example_branch_labels.py
[2024-03-03T21:04:26.892+0000] {processor.py:840} INFO - DAG(s) 'example_branch_labels' retrieved from /home/airflow/.local/lib/python3.8/site-packages/airflow/example_dags/example_branch_labels.py
[2024-03-03T21:04:26.917+0000] {logging_mixin.py:188} INFO - [2024-03-03T21:04:26.916+0000] {dag.py:3036} INFO - Sync 1 DAGs
[2024-03-03T21:04:26.945+0000] {logging_mixin.py:188} INFO - [2024-03-03T21:04:26.944+0000] {dag.py:3823} INFO - Setting next_dagrun for example_branch_labels to 2024-03-02 00:00:00+00:00, run_after=2024-03-03 00:00:00+00:00
[2024-03-03T21:04:26.966+0000] {processor.py:183} INFO - Processing /home/airflow/.local/lib/python3.8/site-packages/airflow/example_dags/example_branch_labels.py took 0.090 seconds
[2024-03-03T21:04:57.418+0000] {processor.py:161} INFO - Started process (PID=326) to work on /home/airflow/.local/lib/python3.8/site-packages/airflow/example_dags/example_branch_labels.py
[2024-03-03T21:04:57.419+0000] {processor.py:830} INFO - Processing file /home/airflow/.local/lib/python3.8/site-packages/airflow/example_dags/example_branch_labels.py for tasks to queue
[2024-03-03T21:04:57.421+0000] {logging_mixin.py:188} INFO - [2024-03-03T21:04:57.420+0000] {dagbag.py:538} INFO - Filling up the DagBag from /home/airflow/.local/lib/python3.8/site-packages/airflow/example_dags/example_branch_labels.py
[2024-03-03T21:04:57.429+0000] {processor.py:840} INFO - DAG(s) 'example_branch_labels' retrieved from /home/airflow/.local/lib/python3.8/site-packages/airflow/example_dags/example_branch_labels.py
[2024-03-03T21:04:57.455+0000] {logging_mixin.py:188} INFO - [2024-03-03T21:04:57.455+0000] {dag.py:3036} INFO - Sync 1 DAGs
[2024-03-03T21:04:57.484+0000] {logging_mixin.py:188} INFO - [2024-03-03T21:04:57.484+0000] {dag.py:3823} INFO - Setting next_dagrun for example_branch_labels to 2024-03-02 00:00:00+00:00, run_after=2024-03-03 00:00:00+00:00
[2024-03-03T21:04:57.508+0000] {processor.py:183} INFO - Processing /home/airflow/.local/lib/python3.8/site-packages/airflow/example_dags/example_branch_labels.py took 0.094 seconds
[2024-03-03T21:05:27.816+0000] {processor.py:161} INFO - Started process (PID=381) to work on /home/airflow/.local/lib/python3.8/site-packages/airflow/example_dags/example_branch_labels.py
[2024-03-03T21:05:27.817+0000] {processor.py:830} INFO - Processing file /home/airflow/.local/lib/python3.8/site-packages/airflow/example_dags/example_branch_labels.py for tasks to queue
[2024-03-03T21:05:27.819+0000] {logging_mixin.py:188} INFO - [2024-03-03T21:05:27.819+0000] {dagbag.py:538} INFO - Filling up the DagBag from /home/airflow/.local/lib/python3.8/site-packages/airflow/example_dags/example_branch_labels.py
[2024-03-03T21:05:27.827+0000] {processor.py:840} INFO - DAG(s) 'example_branch_labels' retrieved from /home/airflow/.local/lib/python3.8/site-packages/airflow/example_dags/example_branch_labels.py
[2024-03-03T21:05:27.850+0000] {logging_mixin.py:188} INFO - [2024-03-03T21:05:27.850+0000] {dag.py:3036} INFO - Sync 1 DAGs
[2024-03-03T21:05:27.879+0000] {logging_mixin.py:188} INFO - [2024-03-03T21:05:27.878+0000] {dag.py:3823} INFO - Setting next_dagrun for example_branch_labels to 2024-03-02 00:00:00+00:00, run_after=2024-03-03 00:00:00+00:00
[2024-03-03T21:05:27.906+0000] {processor.py:183} INFO - Processing /home/airflow/.local/lib/python3.8/site-packages/airflow/example_dags/example_branch_labels.py took 0.093 seconds
[2024-03-03T21:05:58.356+0000] {processor.py:161} INFO - Started process (PID=436) to work on /home/airflow/.local/lib/python3.8/site-packages/airflow/example_dags/example_branch_labels.py
[2024-03-03T21:05:58.357+0000] {processor.py:830} INFO - Processing file /home/airflow/.local/lib/python3.8/site-packages/airflow/example_dags/example_branch_labels.py for tasks to queue
[2024-03-03T21:05:58.360+0000] {logging_mixin.py:188} INFO - [2024-03-03T21:05:58.359+0000] {dagbag.py:538} INFO - Filling up the DagBag from /home/airflow/.local/lib/python3.8/site-packages/airflow/example_dags/example_branch_labels.py
[2024-03-03T21:05:58.371+0000] {processor.py:840} INFO - DAG(s) 'example_branch_labels' retrieved from /home/airflow/.local/lib/python3.8/site-packages/airflow/example_dags/example_branch_labels.py
[2024-03-03T21:05:58.399+0000] {logging_mixin.py:188} INFO - [2024-03-03T21:05:58.399+0000] {dag.py:3036} INFO - Sync 1 DAGs
[2024-03-03T21:05:58.429+0000] {logging_mixin.py:188} INFO - [2024-03-03T21:05:58.429+0000] {dag.py:3823} INFO - Setting next_dagrun for example_branch_labels to 2024-03-02 00:00:00+00:00, run_after=2024-03-03 00:00:00+00:00
[2024-03-03T21:05:58.451+0000] {processor.py:183} INFO - Processing /home/airflow/.local/lib/python3.8/site-packages/airflow/example_dags/example_branch_labels.py took 0.099 seconds
[2024-03-03T21:06:29.125+0000] {processor.py:161} INFO - Started process (PID=491) to work on /home/airflow/.local/lib/python3.8/site-packages/airflow/example_dags/example_branch_labels.py
[2024-03-03T21:06:29.127+0000] {processor.py:830} INFO - Processing file /home/airflow/.local/lib/python3.8/site-packages/airflow/example_dags/example_branch_labels.py for tasks to queue
[2024-03-03T21:06:29.129+0000] {logging_mixin.py:188} INFO - [2024-03-03T21:06:29.129+0000] {dagbag.py:538} INFO - Filling up the DagBag from /home/airflow/.local/lib/python3.8/site-packages/airflow/example_dags/example_branch_labels.py
[2024-03-03T21:06:29.141+0000] {processor.py:840} INFO - DAG(s) 'example_branch_labels' retrieved from /home/airflow/.local/lib/python3.8/site-packages/airflow/example_dags/example_branch_labels.py
[2024-03-03T21:06:29.189+0000] {logging_mixin.py:188} INFO - [2024-03-03T21:06:29.188+0000] {dag.py:3036} INFO - Sync 1 DAGs
[2024-03-03T21:06:29.232+0000] {logging_mixin.py:188} INFO - [2024-03-03T21:06:29.231+0000] {dag.py:3823} INFO - Setting next_dagrun for example_branch_labels to 2024-03-02 00:00:00+00:00, run_after=2024-03-03 00:00:00+00:00
[2024-03-03T21:06:29.274+0000] {processor.py:183} INFO - Processing /home/airflow/.local/lib/python3.8/site-packages/airflow/example_dags/example_branch_labels.py took 0.154 seconds
[2024-03-03T21:06:59.386+0000] {processor.py:161} INFO - Started process (PID=545) to work on /home/airflow/.local/lib/python3.8/site-packages/airflow/example_dags/example_branch_labels.py
[2024-03-03T21:06:59.389+0000] {processor.py:830} INFO - Processing file /home/airflow/.local/lib/python3.8/site-packages/airflow/example_dags/example_branch_labels.py for tasks to queue
[2024-03-03T21:06:59.398+0000] {logging_mixin.py:188} INFO - [2024-03-03T21:06:59.397+0000] {dagbag.py:538} INFO - Filling up the DagBag from /home/airflow/.local/lib/python3.8/site-packages/airflow/example_dags/example_branch_labels.py
[2024-03-03T21:06:59.437+0000] {processor.py:840} INFO - DAG(s) 'example_branch_labels' retrieved from /home/airflow/.local/lib/python3.8/site-packages/airflow/example_dags/example_branch_labels.py
[2024-03-03T21:06:59.518+0000] {logging_mixin.py:188} INFO - [2024-03-03T21:06:59.517+0000] {dag.py:3036} INFO - Sync 1 DAGs
[2024-03-03T21:06:59.582+0000] {logging_mixin.py:188} INFO - [2024-03-03T21:06:59.581+0000] {dag.py:3823} INFO - Setting next_dagrun for example_branch_labels to 2024-03-02 00:00:00+00:00, run_after=2024-03-03 00:00:00+00:00
[2024-03-03T21:06:59.627+0000] {processor.py:183} INFO - Processing /home/airflow/.local/lib/python3.8/site-packages/airflow/example_dags/example_branch_labels.py took 0.250 seconds
[2024-03-03T21:07:30.596+0000] {processor.py:161} INFO - Started process (PID=607) to work on /home/airflow/.local/lib/python3.8/site-packages/airflow/example_dags/example_branch_labels.py
[2024-03-03T21:07:30.597+0000] {processor.py:830} INFO - Processing file /home/airflow/.local/lib/python3.8/site-packages/airflow/example_dags/example_branch_labels.py for tasks to queue
[2024-03-03T21:07:30.600+0000] {logging_mixin.py:188} INFO - [2024-03-03T21:07:30.600+0000] {dagbag.py:538} INFO - Filling up the DagBag from /home/airflow/.local/lib/python3.8/site-packages/airflow/example_dags/example_branch_labels.py
[2024-03-03T21:07:30.610+0000] {processor.py:840} INFO - DAG(s) 'example_branch_labels' retrieved from /home/airflow/.local/lib/python3.8/site-packages/airflow/example_dags/example_branch_labels.py
[2024-03-03T21:07:30.640+0000] {logging_mixin.py:188} INFO - [2024-03-03T21:07:30.639+0000] {dag.py:3036} INFO - Sync 1 DAGs
[2024-03-03T21:07:30.667+0000] {logging_mixin.py:188} INFO - [2024-03-03T21:07:30.667+0000] {dag.py:3823} INFO - Setting next_dagrun for example_branch_labels to 2024-03-02 00:00:00+00:00, run_after=2024-03-03 00:00:00+00:00
[2024-03-03T21:07:30.690+0000] {processor.py:183} INFO - Processing /home/airflow/.local/lib/python3.8/site-packages/airflow/example_dags/example_branch_labels.py took 0.099 seconds
[2024-03-03T21:08:00.905+0000] {processor.py:161} INFO - Started process (PID=662) to work on /home/airflow/.local/lib/python3.8/site-packages/airflow/example_dags/example_branch_labels.py
[2024-03-03T21:08:00.906+0000] {processor.py:830} INFO - Processing file /home/airflow/.local/lib/python3.8/site-packages/airflow/example_dags/example_branch_labels.py for tasks to queue
[2024-03-03T21:08:00.908+0000] {logging_mixin.py:188} INFO - [2024-03-03T21:08:00.908+0000] {dagbag.py:538} INFO - Filling up the DagBag from /home/airflow/.local/lib/python3.8/site-packages/airflow/example_dags/example_branch_labels.py
[2024-03-03T21:08:00.917+0000] {processor.py:840} INFO - DAG(s) 'example_branch_labels' retrieved from /home/airflow/.local/lib/python3.8/site-packages/airflow/example_dags/example_branch_labels.py
[2024-03-03T21:08:00.944+0000] {logging_mixin.py:188} INFO - [2024-03-03T21:08:00.944+0000] {dag.py:3036} INFO - Sync 1 DAGs
[2024-03-03T21:08:00.970+0000] {logging_mixin.py:188} INFO - [2024-03-03T21:08:00.970+0000] {dag.py:3823} INFO - Setting next_dagrun for example_branch_labels to 2024-03-02 00:00:00+00:00, run_after=2024-03-03 00:00:00+00:00
[2024-03-03T21:08:00.990+0000] {processor.py:183} INFO - Processing /home/airflow/.local/lib/python3.8/site-packages/airflow/example_dags/example_branch_labels.py took 0.089 seconds
[2024-03-03T21:08:31.403+0000] {processor.py:161} INFO - Started process (PID=717) to work on /home/airflow/.local/lib/python3.8/site-packages/airflow/example_dags/example_branch_labels.py
[2024-03-03T21:08:31.404+0000] {processor.py:830} INFO - Processing file /home/airflow/.local/lib/python3.8/site-packages/airflow/example_dags/example_branch_labels.py for tasks to queue
[2024-03-03T21:08:31.406+0000] {logging_mixin.py:188} INFO - [2024-03-03T21:08:31.406+0000] {dagbag.py:538} INFO - Filling up the DagBag from /home/airflow/.local/lib/python3.8/site-packages/airflow/example_dags/example_branch_labels.py
[2024-03-03T21:08:31.412+0000] {processor.py:840} INFO - DAG(s) 'example_branch_labels' retrieved from /home/airflow/.local/lib/python3.8/site-packages/airflow/example_dags/example_branch_labels.py
[2024-03-03T21:08:31.431+0000] {logging_mixin.py:188} INFO - [2024-03-03T21:08:31.430+0000] {dag.py:3036} INFO - Sync 1 DAGs
[2024-03-03T21:08:31.450+0000] {logging_mixin.py:188} INFO - [2024-03-03T21:08:31.450+0000] {dag.py:3823} INFO - Setting next_dagrun for example_branch_labels to 2024-03-02 00:00:00+00:00, run_after=2024-03-03 00:00:00+00:00
[2024-03-03T21:08:31.467+0000] {processor.py:183} INFO - Processing /home/airflow/.local/lib/python3.8/site-packages/airflow/example_dags/example_branch_labels.py took 0.066 seconds
[2024-03-03T21:09:01.535+0000] {processor.py:161} INFO - Started process (PID=771) to work on /home/airflow/.local/lib/python3.8/site-packages/airflow/example_dags/example_branch_labels.py
[2024-03-03T21:09:01.536+0000] {processor.py:830} INFO - Processing file /home/airflow/.local/lib/python3.8/site-packages/airflow/example_dags/example_branch_labels.py for tasks to queue
[2024-03-03T21:09:01.538+0000] {logging_mixin.py:188} INFO - [2024-03-03T21:09:01.538+0000] {dagbag.py:538} INFO - Filling up the DagBag from /home/airflow/.local/lib/python3.8/site-packages/airflow/example_dags/example_branch_labels.py
[2024-03-03T21:09:01.546+0000] {processor.py:840} INFO - DAG(s) 'example_branch_labels' retrieved from /home/airflow/.local/lib/python3.8/site-packages/airflow/example_dags/example_branch_labels.py
[2024-03-03T21:09:01.566+0000] {logging_mixin.py:188} INFO - [2024-03-03T21:09:01.565+0000] {dag.py:3036} INFO - Sync 1 DAGs
[2024-03-03T21:09:01.591+0000] {logging_mixin.py:188} INFO - [2024-03-03T21:09:01.591+0000] {dag.py:3823} INFO - Setting next_dagrun for example_branch_labels to 2024-03-02 00:00:00+00:00, run_after=2024-03-03 00:00:00+00:00
[2024-03-03T21:09:01.612+0000] {processor.py:183} INFO - Processing /home/airflow/.local/lib/python3.8/site-packages/airflow/example_dags/example_branch_labels.py took 0.080 seconds
[2024-03-03T21:09:32.119+0000] {processor.py:161} INFO - Started process (PID=827) to work on /home/airflow/.local/lib/python3.8/site-packages/airflow/example_dags/example_branch_labels.py
[2024-03-03T21:09:32.120+0000] {processor.py:830} INFO - Processing file /home/airflow/.local/lib/python3.8/site-packages/airflow/example_dags/example_branch_labels.py for tasks to queue
[2024-03-03T21:09:32.123+0000] {logging_mixin.py:188} INFO - [2024-03-03T21:09:32.122+0000] {dagbag.py:538} INFO - Filling up the DagBag from /home/airflow/.local/lib/python3.8/site-packages/airflow/example_dags/example_branch_labels.py
[2024-03-03T21:09:32.132+0000] {processor.py:840} INFO - DAG(s) 'example_branch_labels' retrieved from /home/airflow/.local/lib/python3.8/site-packages/airflow/example_dags/example_branch_labels.py
[2024-03-03T21:09:32.156+0000] {logging_mixin.py:188} INFO - [2024-03-03T21:09:32.156+0000] {dag.py:3036} INFO - Sync 1 DAGs
[2024-03-03T21:09:32.182+0000] {logging_mixin.py:188} INFO - [2024-03-03T21:09:32.182+0000] {dag.py:3823} INFO - Setting next_dagrun for example_branch_labels to 2024-03-02 00:00:00+00:00, run_after=2024-03-03 00:00:00+00:00
[2024-03-03T21:09:32.205+0000] {processor.py:183} INFO - Processing /home/airflow/.local/lib/python3.8/site-packages/airflow/example_dags/example_branch_labels.py took 0.090 seconds
[2024-03-03T21:10:02.311+0000] {processor.py:161} INFO - Started process (PID=881) to work on /home/airflow/.local/lib/python3.8/site-packages/airflow/example_dags/example_branch_labels.py
[2024-03-03T21:10:02.312+0000] {processor.py:830} INFO - Processing file /home/airflow/.local/lib/python3.8/site-packages/airflow/example_dags/example_branch_labels.py for tasks to queue
[2024-03-03T21:10:02.313+0000] {logging_mixin.py:188} INFO - [2024-03-03T21:10:02.313+0000] {dagbag.py:538} INFO - Filling up the DagBag from /home/airflow/.local/lib/python3.8/site-packages/airflow/example_dags/example_branch_labels.py
[2024-03-03T21:10:02.320+0000] {processor.py:840} INFO - DAG(s) 'example_branch_labels' retrieved from /home/airflow/.local/lib/python3.8/site-packages/airflow/example_dags/example_branch_labels.py
[2024-03-03T21:10:02.340+0000] {logging_mixin.py:188} INFO - [2024-03-03T21:10:02.339+0000] {dag.py:3036} INFO - Sync 1 DAGs
[2024-03-03T21:10:02.361+0000] {logging_mixin.py:188} INFO - [2024-03-03T21:10:02.360+0000] {dag.py:3823} INFO - Setting next_dagrun for example_branch_labels to 2024-03-02 00:00:00+00:00, run_after=2024-03-03 00:00:00+00:00
[2024-03-03T21:10:02.379+0000] {processor.py:183} INFO - Processing /home/airflow/.local/lib/python3.8/site-packages/airflow/example_dags/example_branch_labels.py took 0.070 seconds
[2024-03-03T21:10:32.813+0000] {processor.py:161} INFO - Started process (PID=937) to work on /home/airflow/.local/lib/python3.8/site-packages/airflow/example_dags/example_branch_labels.py
[2024-03-03T21:10:32.814+0000] {processor.py:830} INFO - Processing file /home/airflow/.local/lib/python3.8/site-packages/airflow/example_dags/example_branch_labels.py for tasks to queue
[2024-03-03T21:10:32.816+0000] {logging_mixin.py:188} INFO - [2024-03-03T21:10:32.816+0000] {dagbag.py:538} INFO - Filling up the DagBag from /home/airflow/.local/lib/python3.8/site-packages/airflow/example_dags/example_branch_labels.py
[2024-03-03T21:10:32.823+0000] {processor.py:840} INFO - DAG(s) 'example_branch_labels' retrieved from /home/airflow/.local/lib/python3.8/site-packages/airflow/example_dags/example_branch_labels.py
[2024-03-03T21:10:32.844+0000] {logging_mixin.py:188} INFO - [2024-03-03T21:10:32.843+0000] {dag.py:3036} INFO - Sync 1 DAGs
[2024-03-03T21:10:32.865+0000] {logging_mixin.py:188} INFO - [2024-03-03T21:10:32.865+0000] {dag.py:3823} INFO - Setting next_dagrun for example_branch_labels to 2024-03-02 00:00:00+00:00, run_after=2024-03-03 00:00:00+00:00
[2024-03-03T21:10:32.884+0000] {processor.py:183} INFO - Processing /home/airflow/.local/lib/python3.8/site-packages/airflow/example_dags/example_branch_labels.py took 0.073 seconds
[2024-03-03T21:11:03.286+0000] {processor.py:161} INFO - Started process (PID=992) to work on /home/airflow/.local/lib/python3.8/site-packages/airflow/example_dags/example_branch_labels.py
[2024-03-03T21:11:03.287+0000] {processor.py:830} INFO - Processing file /home/airflow/.local/lib/python3.8/site-packages/airflow/example_dags/example_branch_labels.py for tasks to queue
[2024-03-03T21:11:03.289+0000] {logging_mixin.py:188} INFO - [2024-03-03T21:11:03.288+0000] {dagbag.py:538} INFO - Filling up the DagBag from /home/airflow/.local/lib/python3.8/site-packages/airflow/example_dags/example_branch_labels.py
[2024-03-03T21:11:03.296+0000] {processor.py:840} INFO - DAG(s) 'example_branch_labels' retrieved from /home/airflow/.local/lib/python3.8/site-packages/airflow/example_dags/example_branch_labels.py
[2024-03-03T21:11:03.319+0000] {logging_mixin.py:188} INFO - [2024-03-03T21:11:03.319+0000] {dag.py:3036} INFO - Sync 1 DAGs
[2024-03-03T21:11:03.345+0000] {logging_mixin.py:188} INFO - [2024-03-03T21:11:03.345+0000] {dag.py:3823} INFO - Setting next_dagrun for example_branch_labels to 2024-03-02 00:00:00+00:00, run_after=2024-03-03 00:00:00+00:00
[2024-03-03T21:11:03.368+0000] {processor.py:183} INFO - Processing /home/airflow/.local/lib/python3.8/site-packages/airflow/example_dags/example_branch_labels.py took 0.085 seconds
[2024-03-03T21:11:33.642+0000] {processor.py:161} INFO - Started process (PID=1047) to work on /home/airflow/.local/lib/python3.8/site-packages/airflow/example_dags/example_branch_labels.py
[2024-03-03T21:11:33.644+0000] {processor.py:830} INFO - Processing file /home/airflow/.local/lib/python3.8/site-packages/airflow/example_dags/example_branch_labels.py for tasks to queue
[2024-03-03T21:11:33.646+0000] {logging_mixin.py:188} INFO - [2024-03-03T21:11:33.645+0000] {dagbag.py:538} INFO - Filling up the DagBag from /home/airflow/.local/lib/python3.8/site-packages/airflow/example_dags/example_branch_labels.py
[2024-03-03T21:11:33.654+0000] {processor.py:840} INFO - DAG(s) 'example_branch_labels' retrieved from /home/airflow/.local/lib/python3.8/site-packages/airflow/example_dags/example_branch_labels.py
[2024-03-03T21:11:33.679+0000] {logging_mixin.py:188} INFO - [2024-03-03T21:11:33.678+0000] {dag.py:3036} INFO - Sync 1 DAGs
[2024-03-03T21:11:33.706+0000] {logging_mixin.py:188} INFO - [2024-03-03T21:11:33.706+0000] {dag.py:3823} INFO - Setting next_dagrun for example_branch_labels to 2024-03-02 00:00:00+00:00, run_after=2024-03-03 00:00:00+00:00
[2024-03-03T21:11:33.731+0000] {processor.py:183} INFO - Processing /home/airflow/.local/lib/python3.8/site-packages/airflow/example_dags/example_branch_labels.py took 0.092 seconds
[2024-03-03T21:12:04.415+0000] {processor.py:161} INFO - Started process (PID=1102) to work on /home/airflow/.local/lib/python3.8/site-packages/airflow/example_dags/example_branch_labels.py
[2024-03-03T21:12:04.416+0000] {processor.py:830} INFO - Processing file /home/airflow/.local/lib/python3.8/site-packages/airflow/example_dags/example_branch_labels.py for tasks to queue
[2024-03-03T21:12:04.418+0000] {logging_mixin.py:188} INFO - [2024-03-03T21:12:04.418+0000] {dagbag.py:538} INFO - Filling up the DagBag from /home/airflow/.local/lib/python3.8/site-packages/airflow/example_dags/example_branch_labels.py
[2024-03-03T21:12:04.428+0000] {processor.py:840} INFO - DAG(s) 'example_branch_labels' retrieved from /home/airflow/.local/lib/python3.8/site-packages/airflow/example_dags/example_branch_labels.py
[2024-03-03T21:12:04.453+0000] {logging_mixin.py:188} INFO - [2024-03-03T21:12:04.452+0000] {dag.py:3036} INFO - Sync 1 DAGs
[2024-03-03T21:12:04.481+0000] {logging_mixin.py:188} INFO - [2024-03-03T21:12:04.480+0000] {dag.py:3823} INFO - Setting next_dagrun for example_branch_labels to 2024-03-02 00:00:00+00:00, run_after=2024-03-03 00:00:00+00:00
[2024-03-03T21:12:04.503+0000] {processor.py:183} INFO - Processing /home/airflow/.local/lib/python3.8/site-packages/airflow/example_dags/example_branch_labels.py took 0.092 seconds
[2024-03-03T21:12:34.931+0000] {processor.py:161} INFO - Started process (PID=1157) to work on /home/airflow/.local/lib/python3.8/site-packages/airflow/example_dags/example_branch_labels.py
[2024-03-03T21:12:34.932+0000] {processor.py:830} INFO - Processing file /home/airflow/.local/lib/python3.8/site-packages/airflow/example_dags/example_branch_labels.py for tasks to queue
[2024-03-03T21:12:34.935+0000] {logging_mixin.py:188} INFO - [2024-03-03T21:12:34.934+0000] {dagbag.py:538} INFO - Filling up the DagBag from /home/airflow/.local/lib/python3.8/site-packages/airflow/example_dags/example_branch_labels.py
[2024-03-03T21:12:34.945+0000] {processor.py:840} INFO - DAG(s) 'example_branch_labels' retrieved from /home/airflow/.local/lib/python3.8/site-packages/airflow/example_dags/example_branch_labels.py
[2024-03-03T21:12:34.974+0000] {logging_mixin.py:188} INFO - [2024-03-03T21:12:34.974+0000] {dag.py:3036} INFO - Sync 1 DAGs
[2024-03-03T21:12:35.010+0000] {logging_mixin.py:188} INFO - [2024-03-03T21:12:35.010+0000] {dag.py:3823} INFO - Setting next_dagrun for example_branch_labels to 2024-03-02 00:00:00+00:00, run_after=2024-03-03 00:00:00+00:00
[2024-03-03T21:12:35.035+0000] {processor.py:183} INFO - Processing /home/airflow/.local/lib/python3.8/site-packages/airflow/example_dags/example_branch_labels.py took 0.107 seconds
[2024-03-03T21:13:05.090+0000] {processor.py:161} INFO - Started process (PID=1211) to work on /home/airflow/.local/lib/python3.8/site-packages/airflow/example_dags/example_branch_labels.py
[2024-03-03T21:13:05.091+0000] {processor.py:830} INFO - Processing file /home/airflow/.local/lib/python3.8/site-packages/airflow/example_dags/example_branch_labels.py for tasks to queue
[2024-03-03T21:13:05.095+0000] {logging_mixin.py:188} INFO - [2024-03-03T21:13:05.094+0000] {dagbag.py:538} INFO - Filling up the DagBag from /home/airflow/.local/lib/python3.8/site-packages/airflow/example_dags/example_branch_labels.py
[2024-03-03T21:13:05.106+0000] {processor.py:840} INFO - DAG(s) 'example_branch_labels' retrieved from /home/airflow/.local/lib/python3.8/site-packages/airflow/example_dags/example_branch_labels.py
[2024-03-03T21:13:05.140+0000] {logging_mixin.py:188} INFO - [2024-03-03T21:13:05.139+0000] {dag.py:3036} INFO - Sync 1 DAGs
[2024-03-03T21:13:05.174+0000] {logging_mixin.py:188} INFO - [2024-03-03T21:13:05.174+0000] {dag.py:3823} INFO - Setting next_dagrun for example_branch_labels to 2024-03-02 00:00:00+00:00, run_after=2024-03-03 00:00:00+00:00
[2024-03-03T21:13:05.208+0000] {processor.py:183} INFO - Processing /home/airflow/.local/lib/python3.8/site-packages/airflow/example_dags/example_branch_labels.py took 0.122 seconds
[2024-03-03T21:13:35.463+0000] {processor.py:161} INFO - Started process (PID=1266) to work on /home/airflow/.local/lib/python3.8/site-packages/airflow/example_dags/example_branch_labels.py
[2024-03-03T21:13:35.464+0000] {processor.py:830} INFO - Processing file /home/airflow/.local/lib/python3.8/site-packages/airflow/example_dags/example_branch_labels.py for tasks to queue
[2024-03-03T21:13:35.467+0000] {logging_mixin.py:188} INFO - [2024-03-03T21:13:35.466+0000] {dagbag.py:538} INFO - Filling up the DagBag from /home/airflow/.local/lib/python3.8/site-packages/airflow/example_dags/example_branch_labels.py
[2024-03-03T21:13:35.477+0000] {processor.py:840} INFO - DAG(s) 'example_branch_labels' retrieved from /home/airflow/.local/lib/python3.8/site-packages/airflow/example_dags/example_branch_labels.py
[2024-03-03T21:13:35.510+0000] {logging_mixin.py:188} INFO - [2024-03-03T21:13:35.509+0000] {dag.py:3036} INFO - Sync 1 DAGs
[2024-03-03T21:13:35.548+0000] {logging_mixin.py:188} INFO - [2024-03-03T21:13:35.548+0000] {dag.py:3823} INFO - Setting next_dagrun for example_branch_labels to 2024-03-02 00:00:00+00:00, run_after=2024-03-03 00:00:00+00:00
[2024-03-03T21:13:35.576+0000] {processor.py:183} INFO - Processing /home/airflow/.local/lib/python3.8/site-packages/airflow/example_dags/example_branch_labels.py took 0.118 seconds
[2024-03-03T21:14:06.100+0000] {processor.py:161} INFO - Started process (PID=1321) to work on /home/airflow/.local/lib/python3.8/site-packages/airflow/example_dags/example_branch_labels.py
[2024-03-03T21:14:06.102+0000] {processor.py:830} INFO - Processing file /home/airflow/.local/lib/python3.8/site-packages/airflow/example_dags/example_branch_labels.py for tasks to queue
[2024-03-03T21:14:06.104+0000] {logging_mixin.py:188} INFO - [2024-03-03T21:14:06.104+0000] {dagbag.py:538} INFO - Filling up the DagBag from /home/airflow/.local/lib/python3.8/site-packages/airflow/example_dags/example_branch_labels.py
[2024-03-03T21:14:06.113+0000] {processor.py:840} INFO - DAG(s) 'example_branch_labels' retrieved from /home/airflow/.local/lib/python3.8/site-packages/airflow/example_dags/example_branch_labels.py
[2024-03-03T21:14:06.139+0000] {logging_mixin.py:188} INFO - [2024-03-03T21:14:06.139+0000] {dag.py:3036} INFO - Sync 1 DAGs
[2024-03-03T21:14:06.183+0000] {logging_mixin.py:188} INFO - [2024-03-03T21:14:06.183+0000] {dag.py:3823} INFO - Setting next_dagrun for example_branch_labels to 2024-03-02 00:00:00+00:00, run_after=2024-03-03 00:00:00+00:00
[2024-03-03T21:14:06.220+0000] {processor.py:183} INFO - Processing /home/airflow/.local/lib/python3.8/site-packages/airflow/example_dags/example_branch_labels.py took 0.123 seconds
[2024-03-03T21:14:36.374+0000] {processor.py:161} INFO - Started process (PID=1376) to work on /home/airflow/.local/lib/python3.8/site-packages/airflow/example_dags/example_branch_labels.py
[2024-03-03T21:14:36.376+0000] {processor.py:830} INFO - Processing file /home/airflow/.local/lib/python3.8/site-packages/airflow/example_dags/example_branch_labels.py for tasks to queue
[2024-03-03T21:14:36.379+0000] {logging_mixin.py:188} INFO - [2024-03-03T21:14:36.378+0000] {dagbag.py:538} INFO - Filling up the DagBag from /home/airflow/.local/lib/python3.8/site-packages/airflow/example_dags/example_branch_labels.py
[2024-03-03T21:14:36.391+0000] {processor.py:840} INFO - DAG(s) 'example_branch_labels' retrieved from /home/airflow/.local/lib/python3.8/site-packages/airflow/example_dags/example_branch_labels.py
[2024-03-03T21:14:36.420+0000] {logging_mixin.py:188} INFO - [2024-03-03T21:14:36.420+0000] {dag.py:3036} INFO - Sync 1 DAGs
[2024-03-03T21:14:36.446+0000] {logging_mixin.py:188} INFO - [2024-03-03T21:14:36.446+0000] {dag.py:3823} INFO - Setting next_dagrun for example_branch_labels to 2024-03-02 00:00:00+00:00, run_after=2024-03-03 00:00:00+00:00
[2024-03-03T21:14:36.464+0000] {processor.py:183} INFO - Processing /home/airflow/.local/lib/python3.8/site-packages/airflow/example_dags/example_branch_labels.py took 0.093 seconds
[2024-03-03T21:15:07.019+0000] {processor.py:161} INFO - Started process (PID=1431) to work on /home/airflow/.local/lib/python3.8/site-packages/airflow/example_dags/example_branch_labels.py
[2024-03-03T21:15:07.020+0000] {processor.py:830} INFO - Processing file /home/airflow/.local/lib/python3.8/site-packages/airflow/example_dags/example_branch_labels.py for tasks to queue
[2024-03-03T21:15:07.022+0000] {logging_mixin.py:188} INFO - [2024-03-03T21:15:07.022+0000] {dagbag.py:538} INFO - Filling up the DagBag from /home/airflow/.local/lib/python3.8/site-packages/airflow/example_dags/example_branch_labels.py
[2024-03-03T21:15:07.032+0000] {processor.py:840} INFO - DAG(s) 'example_branch_labels' retrieved from /home/airflow/.local/lib/python3.8/site-packages/airflow/example_dags/example_branch_labels.py
[2024-03-03T21:15:07.067+0000] {logging_mixin.py:188} INFO - [2024-03-03T21:15:07.067+0000] {dag.py:3036} INFO - Sync 1 DAGs
[2024-03-03T21:15:07.116+0000] {logging_mixin.py:188} INFO - [2024-03-03T21:15:07.115+0000] {dag.py:3823} INFO - Setting next_dagrun for example_branch_labels to 2024-03-02 00:00:00+00:00, run_after=2024-03-03 00:00:00+00:00
[2024-03-03T21:15:07.158+0000] {processor.py:183} INFO - Processing /home/airflow/.local/lib/python3.8/site-packages/airflow/example_dags/example_branch_labels.py took 0.143 seconds
[2024-03-03T21:15:37.578+0000] {processor.py:161} INFO - Started process (PID=1486) to work on /home/airflow/.local/lib/python3.8/site-packages/airflow/example_dags/example_branch_labels.py
[2024-03-03T21:15:37.580+0000] {processor.py:830} INFO - Processing file /home/airflow/.local/lib/python3.8/site-packages/airflow/example_dags/example_branch_labels.py for tasks to queue
[2024-03-03T21:15:37.582+0000] {logging_mixin.py:188} INFO - [2024-03-03T21:15:37.581+0000] {dagbag.py:538} INFO - Filling up the DagBag from /home/airflow/.local/lib/python3.8/site-packages/airflow/example_dags/example_branch_labels.py
[2024-03-03T21:15:37.590+0000] {processor.py:840} INFO - DAG(s) 'example_branch_labels' retrieved from /home/airflow/.local/lib/python3.8/site-packages/airflow/example_dags/example_branch_labels.py
[2024-03-03T21:15:37.617+0000] {logging_mixin.py:188} INFO - [2024-03-03T21:15:37.616+0000] {dag.py:3036} INFO - Sync 1 DAGs
[2024-03-03T21:15:37.650+0000] {logging_mixin.py:188} INFO - [2024-03-03T21:15:37.649+0000] {dag.py:3823} INFO - Setting next_dagrun for example_branch_labels to 2024-03-02 00:00:00+00:00, run_after=2024-03-03 00:00:00+00:00
[2024-03-03T21:15:37.685+0000] {processor.py:183} INFO - Processing /home/airflow/.local/lib/python3.8/site-packages/airflow/example_dags/example_branch_labels.py took 0.110 seconds
[2024-03-03T21:16:08.145+0000] {processor.py:161} INFO - Started process (PID=1541) to work on /home/airflow/.local/lib/python3.8/site-packages/airflow/example_dags/example_branch_labels.py
[2024-03-03T21:16:08.146+0000] {processor.py:830} INFO - Processing file /home/airflow/.local/lib/python3.8/site-packages/airflow/example_dags/example_branch_labels.py for tasks to queue
[2024-03-03T21:16:08.148+0000] {logging_mixin.py:188} INFO - [2024-03-03T21:16:08.148+0000] {dagbag.py:538} INFO - Filling up the DagBag from /home/airflow/.local/lib/python3.8/site-packages/airflow/example_dags/example_branch_labels.py
[2024-03-03T21:16:08.158+0000] {processor.py:840} INFO - DAG(s) 'example_branch_labels' retrieved from /home/airflow/.local/lib/python3.8/site-packages/airflow/example_dags/example_branch_labels.py
[2024-03-03T21:16:08.183+0000] {logging_mixin.py:188} INFO - [2024-03-03T21:16:08.183+0000] {dag.py:3036} INFO - Sync 1 DAGs
[2024-03-03T21:16:08.213+0000] {logging_mixin.py:188} INFO - [2024-03-03T21:16:08.212+0000] {dag.py:3823} INFO - Setting next_dagrun for example_branch_labels to 2024-03-02 00:00:00+00:00, run_after=2024-03-03 00:00:00+00:00
[2024-03-03T21:16:08.237+0000] {processor.py:183} INFO - Processing /home/airflow/.local/lib/python3.8/site-packages/airflow/example_dags/example_branch_labels.py took 0.096 seconds
[2024-03-03T21:16:38.397+0000] {processor.py:161} INFO - Started process (PID=1596) to work on /home/airflow/.local/lib/python3.8/site-packages/airflow/example_dags/example_branch_labels.py
[2024-03-03T21:16:38.398+0000] {processor.py:830} INFO - Processing file /home/airflow/.local/lib/python3.8/site-packages/airflow/example_dags/example_branch_labels.py for tasks to queue
[2024-03-03T21:16:38.400+0000] {logging_mixin.py:188} INFO - [2024-03-03T21:16:38.400+0000] {dagbag.py:538} INFO - Filling up the DagBag from /home/airflow/.local/lib/python3.8/site-packages/airflow/example_dags/example_branch_labels.py
[2024-03-03T21:16:38.407+0000] {processor.py:840} INFO - DAG(s) 'example_branch_labels' retrieved from /home/airflow/.local/lib/python3.8/site-packages/airflow/example_dags/example_branch_labels.py
[2024-03-03T21:16:38.427+0000] {logging_mixin.py:188} INFO - [2024-03-03T21:16:38.426+0000] {dag.py:3036} INFO - Sync 1 DAGs
[2024-03-03T21:16:38.453+0000] {logging_mixin.py:188} INFO - [2024-03-03T21:16:38.453+0000] {dag.py:3823} INFO - Setting next_dagrun for example_branch_labels to 2024-03-02 00:00:00+00:00, run_after=2024-03-03 00:00:00+00:00
[2024-03-03T21:16:38.481+0000] {processor.py:183} INFO - Processing /home/airflow/.local/lib/python3.8/site-packages/airflow/example_dags/example_branch_labels.py took 0.087 seconds
[2024-03-03T21:17:08.695+0000] {processor.py:161} INFO - Started process (PID=1651) to work on /home/airflow/.local/lib/python3.8/site-packages/airflow/example_dags/example_branch_labels.py
[2024-03-03T21:17:08.696+0000] {processor.py:830} INFO - Processing file /home/airflow/.local/lib/python3.8/site-packages/airflow/example_dags/example_branch_labels.py for tasks to queue
[2024-03-03T21:17:08.697+0000] {logging_mixin.py:188} INFO - [2024-03-03T21:17:08.697+0000] {dagbag.py:538} INFO - Filling up the DagBag from /home/airflow/.local/lib/python3.8/site-packages/airflow/example_dags/example_branch_labels.py
[2024-03-03T21:17:08.704+0000] {processor.py:840} INFO - DAG(s) 'example_branch_labels' retrieved from /home/airflow/.local/lib/python3.8/site-packages/airflow/example_dags/example_branch_labels.py
[2024-03-03T21:17:08.724+0000] {logging_mixin.py:188} INFO - [2024-03-03T21:17:08.724+0000] {dag.py:3036} INFO - Sync 1 DAGs
[2024-03-03T21:17:08.752+0000] {logging_mixin.py:188} INFO - [2024-03-03T21:17:08.752+0000] {dag.py:3823} INFO - Setting next_dagrun for example_branch_labels to 2024-03-02 00:00:00+00:00, run_after=2024-03-03 00:00:00+00:00
[2024-03-03T21:17:08.780+0000] {processor.py:183} INFO - Processing /home/airflow/.local/lib/python3.8/site-packages/airflow/example_dags/example_branch_labels.py took 0.088 seconds
[2024-03-03T21:17:38.925+0000] {processor.py:161} INFO - Started process (PID=1706) to work on /home/airflow/.local/lib/python3.8/site-packages/airflow/example_dags/example_branch_labels.py
[2024-03-03T21:17:38.927+0000] {processor.py:830} INFO - Processing file /home/airflow/.local/lib/python3.8/site-packages/airflow/example_dags/example_branch_labels.py for tasks to queue
[2024-03-03T21:17:38.930+0000] {logging_mixin.py:188} INFO - [2024-03-03T21:17:38.929+0000] {dagbag.py:538} INFO - Filling up the DagBag from /home/airflow/.local/lib/python3.8/site-packages/airflow/example_dags/example_branch_labels.py
[2024-03-03T21:17:38.944+0000] {processor.py:840} INFO - DAG(s) 'example_branch_labels' retrieved from /home/airflow/.local/lib/python3.8/site-packages/airflow/example_dags/example_branch_labels.py
[2024-03-03T21:17:38.981+0000] {logging_mixin.py:188} INFO - [2024-03-03T21:17:38.981+0000] {dag.py:3036} INFO - Sync 1 DAGs
[2024-03-03T21:17:39.028+0000] {logging_mixin.py:188} INFO - [2024-03-03T21:17:39.027+0000] {dag.py:3823} INFO - Setting next_dagrun for example_branch_labels to 2024-03-02 00:00:00+00:00, run_after=2024-03-03 00:00:00+00:00
[2024-03-03T21:17:39.067+0000] {processor.py:183} INFO - Processing /home/airflow/.local/lib/python3.8/site-packages/airflow/example_dags/example_branch_labels.py took 0.146 seconds
[2024-03-03T21:18:09.992+0000] {processor.py:161} INFO - Started process (PID=1761) to work on /home/airflow/.local/lib/python3.8/site-packages/airflow/example_dags/example_branch_labels.py
[2024-03-03T21:18:09.995+0000] {processor.py:830} INFO - Processing file /home/airflow/.local/lib/python3.8/site-packages/airflow/example_dags/example_branch_labels.py for tasks to queue
[2024-03-03T21:18:10.004+0000] {logging_mixin.py:188} INFO - [2024-03-03T21:18:10.002+0000] {dagbag.py:538} INFO - Filling up the DagBag from /home/airflow/.local/lib/python3.8/site-packages/airflow/example_dags/example_branch_labels.py
[2024-03-03T21:18:10.035+0000] {processor.py:840} INFO - DAG(s) 'example_branch_labels' retrieved from /home/airflow/.local/lib/python3.8/site-packages/airflow/example_dags/example_branch_labels.py
[2024-03-03T21:18:10.105+0000] {logging_mixin.py:188} INFO - [2024-03-03T21:18:10.104+0000] {dag.py:3036} INFO - Sync 1 DAGs
[2024-03-03T21:18:10.184+0000] {logging_mixin.py:188} INFO - [2024-03-03T21:18:10.183+0000] {dag.py:3823} INFO - Setting next_dagrun for example_branch_labels to 2024-03-02 00:00:00+00:00, run_after=2024-03-03 00:00:00+00:00
[2024-03-03T21:18:10.236+0000] {processor.py:183} INFO - Processing /home/airflow/.local/lib/python3.8/site-packages/airflow/example_dags/example_branch_labels.py took 0.251 seconds
[2024-03-03T21:18:40.519+0000] {processor.py:161} INFO - Started process (PID=1816) to work on /home/airflow/.local/lib/python3.8/site-packages/airflow/example_dags/example_branch_labels.py
[2024-03-03T21:18:40.520+0000] {processor.py:830} INFO - Processing file /home/airflow/.local/lib/python3.8/site-packages/airflow/example_dags/example_branch_labels.py for tasks to queue
[2024-03-03T21:18:40.524+0000] {logging_mixin.py:188} INFO - [2024-03-03T21:18:40.523+0000] {dagbag.py:538} INFO - Filling up the DagBag from /home/airflow/.local/lib/python3.8/site-packages/airflow/example_dags/example_branch_labels.py
[2024-03-03T21:18:40.535+0000] {processor.py:840} INFO - DAG(s) 'example_branch_labels' retrieved from /home/airflow/.local/lib/python3.8/site-packages/airflow/example_dags/example_branch_labels.py
[2024-03-03T21:18:40.570+0000] {logging_mixin.py:188} INFO - [2024-03-03T21:18:40.570+0000] {dag.py:3036} INFO - Sync 1 DAGs
[2024-03-03T21:18:40.615+0000] {logging_mixin.py:188} INFO - [2024-03-03T21:18:40.614+0000] {dag.py:3823} INFO - Setting next_dagrun for example_branch_labels to 2024-03-02 00:00:00+00:00, run_after=2024-03-03 00:00:00+00:00
[2024-03-03T21:18:40.645+0000] {processor.py:183} INFO - Processing /home/airflow/.local/lib/python3.8/site-packages/airflow/example_dags/example_branch_labels.py took 0.131 seconds
[2024-03-03T21:19:11.171+0000] {processor.py:161} INFO - Started process (PID=1869) to work on /home/airflow/.local/lib/python3.8/site-packages/airflow/example_dags/example_branch_labels.py
[2024-03-03T21:19:11.173+0000] {processor.py:830} INFO - Processing file /home/airflow/.local/lib/python3.8/site-packages/airflow/example_dags/example_branch_labels.py for tasks to queue
[2024-03-03T21:19:11.180+0000] {logging_mixin.py:188} INFO - [2024-03-03T21:19:11.179+0000] {dagbag.py:538} INFO - Filling up the DagBag from /home/airflow/.local/lib/python3.8/site-packages/airflow/example_dags/example_branch_labels.py
[2024-03-03T21:19:11.201+0000] {processor.py:840} INFO - DAG(s) 'example_branch_labels' retrieved from /home/airflow/.local/lib/python3.8/site-packages/airflow/example_dags/example_branch_labels.py
[2024-03-03T21:19:11.242+0000] {logging_mixin.py:188} INFO - [2024-03-03T21:19:11.241+0000] {dag.py:3036} INFO - Sync 1 DAGs
[2024-03-03T21:19:11.296+0000] {logging_mixin.py:188} INFO - [2024-03-03T21:19:11.295+0000] {dag.py:3823} INFO - Setting next_dagrun for example_branch_labels to 2024-03-02 00:00:00+00:00, run_after=2024-03-03 00:00:00+00:00
[2024-03-03T21:19:11.340+0000] {processor.py:183} INFO - Processing /home/airflow/.local/lib/python3.8/site-packages/airflow/example_dags/example_branch_labels.py took 0.177 seconds
[2024-03-03T21:19:41.587+0000] {processor.py:161} INFO - Started process (PID=1924) to work on /home/airflow/.local/lib/python3.8/site-packages/airflow/example_dags/example_branch_labels.py
[2024-03-03T21:19:41.589+0000] {processor.py:830} INFO - Processing file /home/airflow/.local/lib/python3.8/site-packages/airflow/example_dags/example_branch_labels.py for tasks to queue
[2024-03-03T21:19:41.591+0000] {logging_mixin.py:188} INFO - [2024-03-03T21:19:41.590+0000] {dagbag.py:538} INFO - Filling up the DagBag from /home/airflow/.local/lib/python3.8/site-packages/airflow/example_dags/example_branch_labels.py
[2024-03-03T21:19:41.603+0000] {processor.py:840} INFO - DAG(s) 'example_branch_labels' retrieved from /home/airflow/.local/lib/python3.8/site-packages/airflow/example_dags/example_branch_labels.py
[2024-03-03T21:19:41.640+0000] {logging_mixin.py:188} INFO - [2024-03-03T21:19:41.640+0000] {dag.py:3036} INFO - Sync 1 DAGs
[2024-03-03T21:19:41.689+0000] {logging_mixin.py:188} INFO - [2024-03-03T21:19:41.688+0000] {dag.py:3823} INFO - Setting next_dagrun for example_branch_labels to 2024-03-02 00:00:00+00:00, run_after=2024-03-03 00:00:00+00:00
[2024-03-03T21:19:41.741+0000] {processor.py:183} INFO - Processing /home/airflow/.local/lib/python3.8/site-packages/airflow/example_dags/example_branch_labels.py took 0.157 seconds
[2024-03-03T21:20:12.664+0000] {processor.py:161} INFO - Started process (PID=1979) to work on /home/airflow/.local/lib/python3.8/site-packages/airflow/example_dags/example_branch_labels.py
[2024-03-03T21:20:12.666+0000] {processor.py:830} INFO - Processing file /home/airflow/.local/lib/python3.8/site-packages/airflow/example_dags/example_branch_labels.py for tasks to queue
[2024-03-03T21:20:12.669+0000] {logging_mixin.py:188} INFO - [2024-03-03T21:20:12.669+0000] {dagbag.py:538} INFO - Filling up the DagBag from /home/airflow/.local/lib/python3.8/site-packages/airflow/example_dags/example_branch_labels.py
[2024-03-03T21:20:12.682+0000] {processor.py:840} INFO - DAG(s) 'example_branch_labels' retrieved from /home/airflow/.local/lib/python3.8/site-packages/airflow/example_dags/example_branch_labels.py
[2024-03-03T21:20:12.716+0000] {logging_mixin.py:188} INFO - [2024-03-03T21:20:12.716+0000] {dag.py:3036} INFO - Sync 1 DAGs
[2024-03-03T21:20:12.748+0000] {logging_mixin.py:188} INFO - [2024-03-03T21:20:12.748+0000] {dag.py:3823} INFO - Setting next_dagrun for example_branch_labels to 2024-03-02 00:00:00+00:00, run_after=2024-03-03 00:00:00+00:00
[2024-03-03T21:20:12.781+0000] {processor.py:183} INFO - Processing /home/airflow/.local/lib/python3.8/site-packages/airflow/example_dags/example_branch_labels.py took 0.121 seconds
[2024-03-03T21:20:43.265+0000] {processor.py:161} INFO - Started process (PID=2034) to work on /home/airflow/.local/lib/python3.8/site-packages/airflow/example_dags/example_branch_labels.py
[2024-03-03T21:20:43.267+0000] {processor.py:830} INFO - Processing file /home/airflow/.local/lib/python3.8/site-packages/airflow/example_dags/example_branch_labels.py for tasks to queue
[2024-03-03T21:20:43.271+0000] {logging_mixin.py:188} INFO - [2024-03-03T21:20:43.270+0000] {dagbag.py:538} INFO - Filling up the DagBag from /home/airflow/.local/lib/python3.8/site-packages/airflow/example_dags/example_branch_labels.py
[2024-03-03T21:20:43.288+0000] {processor.py:840} INFO - DAG(s) 'example_branch_labels' retrieved from /home/airflow/.local/lib/python3.8/site-packages/airflow/example_dags/example_branch_labels.py
[2024-03-03T21:20:43.332+0000] {logging_mixin.py:188} INFO - [2024-03-03T21:20:43.331+0000] {dag.py:3036} INFO - Sync 1 DAGs
[2024-03-03T21:20:43.376+0000] {logging_mixin.py:188} INFO - [2024-03-03T21:20:43.375+0000] {dag.py:3823} INFO - Setting next_dagrun for example_branch_labels to 2024-03-02 00:00:00+00:00, run_after=2024-03-03 00:00:00+00:00
[2024-03-03T21:20:43.414+0000] {processor.py:183} INFO - Processing /home/airflow/.local/lib/python3.8/site-packages/airflow/example_dags/example_branch_labels.py took 0.155 seconds
[2024-03-03T21:21:14.007+0000] {processor.py:161} INFO - Started process (PID=2089) to work on /home/airflow/.local/lib/python3.8/site-packages/airflow/example_dags/example_branch_labels.py
[2024-03-03T21:21:14.008+0000] {processor.py:830} INFO - Processing file /home/airflow/.local/lib/python3.8/site-packages/airflow/example_dags/example_branch_labels.py for tasks to queue
[2024-03-03T21:21:14.011+0000] {logging_mixin.py:188} INFO - [2024-03-03T21:21:14.010+0000] {dagbag.py:538} INFO - Filling up the DagBag from /home/airflow/.local/lib/python3.8/site-packages/airflow/example_dags/example_branch_labels.py
[2024-03-03T21:21:14.018+0000] {processor.py:840} INFO - DAG(s) 'example_branch_labels' retrieved from /home/airflow/.local/lib/python3.8/site-packages/airflow/example_dags/example_branch_labels.py
[2024-03-03T21:21:14.049+0000] {logging_mixin.py:188} INFO - [2024-03-03T21:21:14.048+0000] {dag.py:3036} INFO - Sync 1 DAGs
[2024-03-03T21:21:14.080+0000] {logging_mixin.py:188} INFO - [2024-03-03T21:21:14.080+0000] {dag.py:3823} INFO - Setting next_dagrun for example_branch_labels to 2024-03-02 00:00:00+00:00, run_after=2024-03-03 00:00:00+00:00
[2024-03-03T21:21:14.106+0000] {processor.py:183} INFO - Processing /home/airflow/.local/lib/python3.8/site-packages/airflow/example_dags/example_branch_labels.py took 0.101 seconds
[2024-03-03T21:21:44.924+0000] {processor.py:161} INFO - Started process (PID=2144) to work on /home/airflow/.local/lib/python3.8/site-packages/airflow/example_dags/example_branch_labels.py
[2024-03-03T21:21:44.926+0000] {processor.py:830} INFO - Processing file /home/airflow/.local/lib/python3.8/site-packages/airflow/example_dags/example_branch_labels.py for tasks to queue
[2024-03-03T21:21:44.929+0000] {logging_mixin.py:188} INFO - [2024-03-03T21:21:44.929+0000] {dagbag.py:538} INFO - Filling up the DagBag from /home/airflow/.local/lib/python3.8/site-packages/airflow/example_dags/example_branch_labels.py
[2024-03-03T21:21:44.939+0000] {processor.py:840} INFO - DAG(s) 'example_branch_labels' retrieved from /home/airflow/.local/lib/python3.8/site-packages/airflow/example_dags/example_branch_labels.py
[2024-03-03T21:21:44.963+0000] {logging_mixin.py:188} INFO - [2024-03-03T21:21:44.963+0000] {dag.py:3036} INFO - Sync 1 DAGs
[2024-03-03T21:21:44.990+0000] {logging_mixin.py:188} INFO - [2024-03-03T21:21:44.990+0000] {dag.py:3823} INFO - Setting next_dagrun for example_branch_labels to 2024-03-02 00:00:00+00:00, run_after=2024-03-03 00:00:00+00:00
[2024-03-03T21:21:45.014+0000] {processor.py:183} INFO - Processing /home/airflow/.local/lib/python3.8/site-packages/airflow/example_dags/example_branch_labels.py took 0.094 seconds
[2024-03-03T21:22:15.525+0000] {processor.py:161} INFO - Started process (PID=2199) to work on /home/airflow/.local/lib/python3.8/site-packages/airflow/example_dags/example_branch_labels.py
[2024-03-03T21:22:15.526+0000] {processor.py:830} INFO - Processing file /home/airflow/.local/lib/python3.8/site-packages/airflow/example_dags/example_branch_labels.py for tasks to queue
[2024-03-03T21:22:15.528+0000] {logging_mixin.py:188} INFO - [2024-03-03T21:22:15.528+0000] {dagbag.py:538} INFO - Filling up the DagBag from /home/airflow/.local/lib/python3.8/site-packages/airflow/example_dags/example_branch_labels.py
[2024-03-03T21:22:15.535+0000] {processor.py:840} INFO - DAG(s) 'example_branch_labels' retrieved from /home/airflow/.local/lib/python3.8/site-packages/airflow/example_dags/example_branch_labels.py
[2024-03-03T21:22:15.556+0000] {logging_mixin.py:188} INFO - [2024-03-03T21:22:15.556+0000] {dag.py:3036} INFO - Sync 1 DAGs
[2024-03-03T21:22:15.586+0000] {logging_mixin.py:188} INFO - [2024-03-03T21:22:15.586+0000] {dag.py:3823} INFO - Setting next_dagrun for example_branch_labels to 2024-03-02 00:00:00+00:00, run_after=2024-03-03 00:00:00+00:00
[2024-03-03T21:22:15.618+0000] {processor.py:183} INFO - Processing /home/airflow/.local/lib/python3.8/site-packages/airflow/example_dags/example_branch_labels.py took 0.096 seconds
