[2024-03-03T20:00:42.625+0000] {processor.py:161} INFO - Started process (PID=92) to work on /home/airflow/.local/lib/python3.8/site-packages/airflow/example_dags/tutorial.py
[2024-03-03T20:00:42.628+0000] {processor.py:830} INFO - Processing file /home/airflow/.local/lib/python3.8/site-packages/airflow/example_dags/tutorial.py for tasks to queue
[2024-03-03T20:00:42.632+0000] {logging_mixin.py:188} INFO - [2024-03-03T20:00:42.631+0000] {dagbag.py:538} INFO - Filling up the DagBag from /home/airflow/.local/lib/python3.8/site-packages/airflow/example_dags/tutorial.py
[2024-03-03T20:00:42.649+0000] {processor.py:840} INFO - DAG(s) 'tutorial' retrieved from /home/airflow/.local/lib/python3.8/site-packages/airflow/example_dags/tutorial.py
[2024-03-03T20:00:43.056+0000] {logging_mixin.py:188} INFO - [2024-03-03T20:00:43.050+0000] {override.py:1769} INFO - Created Permission View: can delete on DAG:tutorial
[2024-03-03T20:00:43.091+0000] {logging_mixin.py:188} INFO - [2024-03-03T20:00:43.089+0000] {override.py:1769} INFO - Created Permission View: can edit on DAG:tutorial
[2024-03-03T20:00:43.121+0000] {logging_mixin.py:188} INFO - [2024-03-03T20:00:43.119+0000] {override.py:1769} INFO - Created Permission View: can read on DAG:tutorial
[2024-03-03T20:00:43.125+0000] {logging_mixin.py:188} INFO - [2024-03-03T20:00:43.124+0000] {dag.py:3036} INFO - Sync 1 DAGs
[2024-03-03T20:00:43.162+0000] {logging_mixin.py:188} INFO - [2024-03-03T20:00:43.161+0000] {dag.py:3058} INFO - Creating ORM DAG for tutorial
[2024-03-03T20:00:43.200+0000] {logging_mixin.py:188} INFO - [2024-03-03T20:00:43.192+0000] {dag.py:3823} INFO - Setting next_dagrun for tutorial to 2024-03-02 00:00:00+00:00, run_after=2024-03-03 00:00:00+00:00
[2024-03-03T20:00:43.278+0000] {processor.py:183} INFO - Processing /home/airflow/.local/lib/python3.8/site-packages/airflow/example_dags/tutorial.py took 0.660 seconds
[2024-03-03T20:05:07.575+0000] {processor.py:161} INFO - Started process (PID=163) to work on /home/airflow/.local/lib/python3.8/site-packages/airflow/example_dags/tutorial.py
[2024-03-03T20:05:07.578+0000] {processor.py:830} INFO - Processing file /home/airflow/.local/lib/python3.8/site-packages/airflow/example_dags/tutorial.py for tasks to queue
[2024-03-03T20:05:07.584+0000] {logging_mixin.py:188} INFO - [2024-03-03T20:05:07.583+0000] {dagbag.py:538} INFO - Filling up the DagBag from /home/airflow/.local/lib/python3.8/site-packages/airflow/example_dags/tutorial.py
[2024-03-03T20:05:07.609+0000] {processor.py:840} INFO - DAG(s) 'tutorial' retrieved from /home/airflow/.local/lib/python3.8/site-packages/airflow/example_dags/tutorial.py
[2024-03-03T20:05:07.676+0000] {logging_mixin.py:188} INFO - [2024-03-03T20:05:07.676+0000] {dag.py:3036} INFO - Sync 1 DAGs
[2024-03-03T20:05:07.754+0000] {logging_mixin.py:188} INFO - [2024-03-03T20:05:07.753+0000] {dag.py:3823} INFO - Setting next_dagrun for tutorial to 2024-03-02 00:00:00+00:00, run_after=2024-03-03 00:00:00+00:00
[2024-03-03T20:05:07.807+0000] {processor.py:183} INFO - Processing /home/airflow/.local/lib/python3.8/site-packages/airflow/example_dags/tutorial.py took 0.239 seconds
[2024-03-03T20:07:07.053+0000] {processor.py:161} INFO - Started process (PID=219) to work on /home/airflow/.local/lib/python3.8/site-packages/airflow/example_dags/tutorial.py
[2024-03-03T20:07:07.055+0000] {processor.py:830} INFO - Processing file /home/airflow/.local/lib/python3.8/site-packages/airflow/example_dags/tutorial.py for tasks to queue
[2024-03-03T20:07:07.061+0000] {logging_mixin.py:188} INFO - [2024-03-03T20:07:07.057+0000] {dagbag.py:538} INFO - Filling up the DagBag from /home/airflow/.local/lib/python3.8/site-packages/airflow/example_dags/tutorial.py
[2024-03-03T20:07:07.168+0000] {processor.py:840} INFO - DAG(s) 'tutorial' retrieved from /home/airflow/.local/lib/python3.8/site-packages/airflow/example_dags/tutorial.py
[2024-03-03T20:07:07.911+0000] {logging_mixin.py:188} INFO - [2024-03-03T20:07:07.908+0000] {dag.py:3036} INFO - Sync 1 DAGs
[2024-03-03T20:07:07.994+0000] {logging_mixin.py:188} INFO - [2024-03-03T20:07:07.993+0000] {dag.py:3823} INFO - Setting next_dagrun for tutorial to 2024-03-02 00:00:00+00:00, run_after=2024-03-03 00:00:00+00:00
[2024-03-03T20:07:08.071+0000] {processor.py:183} INFO - Processing /home/airflow/.local/lib/python3.8/site-packages/airflow/example_dags/tutorial.py took 1.049 seconds
[2024-03-03T20:08:18.865+0000] {processor.py:161} INFO - Started process (PID=272) to work on /home/airflow/.local/lib/python3.8/site-packages/airflow/example_dags/tutorial.py
[2024-03-03T20:08:18.872+0000] {processor.py:830} INFO - Processing file /home/airflow/.local/lib/python3.8/site-packages/airflow/example_dags/tutorial.py for tasks to queue
[2024-03-03T20:08:18.873+0000] {logging_mixin.py:188} INFO - [2024-03-03T20:08:18.873+0000] {dagbag.py:538} INFO - Filling up the DagBag from /home/airflow/.local/lib/python3.8/site-packages/airflow/example_dags/tutorial.py
[2024-03-03T20:08:18.891+0000] {processor.py:840} INFO - DAG(s) 'tutorial' retrieved from /home/airflow/.local/lib/python3.8/site-packages/airflow/example_dags/tutorial.py
[2024-03-03T20:08:18.928+0000] {logging_mixin.py:188} INFO - [2024-03-03T20:08:18.928+0000] {dag.py:3036} INFO - Sync 1 DAGs
[2024-03-03T20:08:18.962+0000] {logging_mixin.py:188} INFO - [2024-03-03T20:08:18.961+0000] {dag.py:3823} INFO - Setting next_dagrun for tutorial to 2024-03-02 00:00:00+00:00, run_after=2024-03-03 00:00:00+00:00
[2024-03-03T20:08:18.998+0000] {processor.py:183} INFO - Processing /home/airflow/.local/lib/python3.8/site-packages/airflow/example_dags/tutorial.py took 0.138 seconds
[2024-03-03T20:11:30.604+0000] {processor.py:161} INFO - Started process (PID=309) to work on /home/airflow/.local/lib/python3.8/site-packages/airflow/example_dags/tutorial.py
[2024-03-03T20:11:30.607+0000] {processor.py:830} INFO - Processing file /home/airflow/.local/lib/python3.8/site-packages/airflow/example_dags/tutorial.py for tasks to queue
[2024-03-03T20:11:30.610+0000] {logging_mixin.py:188} INFO - [2024-03-03T20:11:30.609+0000] {dagbag.py:538} INFO - Filling up the DagBag from /home/airflow/.local/lib/python3.8/site-packages/airflow/example_dags/tutorial.py
[2024-03-03T20:11:30.626+0000] {processor.py:840} INFO - DAG(s) 'tutorial' retrieved from /home/airflow/.local/lib/python3.8/site-packages/airflow/example_dags/tutorial.py
[2024-03-03T20:11:30.673+0000] {logging_mixin.py:188} INFO - [2024-03-03T20:11:30.673+0000] {dag.py:3036} INFO - Sync 1 DAGs
[2024-03-03T20:11:30.721+0000] {logging_mixin.py:188} INFO - [2024-03-03T20:11:30.720+0000] {dag.py:3823} INFO - Setting next_dagrun for tutorial to 2024-03-02 00:00:00+00:00, run_after=2024-03-03 00:00:00+00:00
[2024-03-03T20:11:30.785+0000] {processor.py:183} INFO - Processing /home/airflow/.local/lib/python3.8/site-packages/airflow/example_dags/tutorial.py took 0.188 seconds
[2024-03-03T20:12:01.773+0000] {processor.py:161} INFO - Started process (PID=364) to work on /home/airflow/.local/lib/python3.8/site-packages/airflow/example_dags/tutorial.py
[2024-03-03T20:12:01.775+0000] {processor.py:830} INFO - Processing file /home/airflow/.local/lib/python3.8/site-packages/airflow/example_dags/tutorial.py for tasks to queue
[2024-03-03T20:12:01.780+0000] {logging_mixin.py:188} INFO - [2024-03-03T20:12:01.779+0000] {dagbag.py:538} INFO - Filling up the DagBag from /home/airflow/.local/lib/python3.8/site-packages/airflow/example_dags/tutorial.py
[2024-03-03T20:12:01.799+0000] {processor.py:840} INFO - DAG(s) 'tutorial' retrieved from /home/airflow/.local/lib/python3.8/site-packages/airflow/example_dags/tutorial.py
[2024-03-03T20:12:01.863+0000] {logging_mixin.py:188} INFO - [2024-03-03T20:12:01.862+0000] {dag.py:3036} INFO - Sync 1 DAGs
[2024-03-03T20:12:01.932+0000] {logging_mixin.py:188} INFO - [2024-03-03T20:12:01.931+0000] {dag.py:3823} INFO - Setting next_dagrun for tutorial to 2024-03-02 00:00:00+00:00, run_after=2024-03-03 00:00:00+00:00
[2024-03-03T20:12:02.003+0000] {processor.py:183} INFO - Processing /home/airflow/.local/lib/python3.8/site-packages/airflow/example_dags/tutorial.py took 0.236 seconds
[2024-03-03T20:13:54.203+0000] {processor.py:161} INFO - Started process (PID=401) to work on /home/airflow/.local/lib/python3.8/site-packages/airflow/example_dags/tutorial.py
[2024-03-03T20:13:54.206+0000] {processor.py:830} INFO - Processing file /home/airflow/.local/lib/python3.8/site-packages/airflow/example_dags/tutorial.py for tasks to queue
[2024-03-03T20:13:54.209+0000] {logging_mixin.py:188} INFO - [2024-03-03T20:13:54.208+0000] {dagbag.py:538} INFO - Filling up the DagBag from /home/airflow/.local/lib/python3.8/site-packages/airflow/example_dags/tutorial.py
[2024-03-03T20:13:54.229+0000] {processor.py:840} INFO - DAG(s) 'tutorial' retrieved from /home/airflow/.local/lib/python3.8/site-packages/airflow/example_dags/tutorial.py
[2024-03-03T20:13:54.281+0000] {logging_mixin.py:188} INFO - [2024-03-03T20:13:54.281+0000] {dag.py:3036} INFO - Sync 1 DAGs
[2024-03-03T20:13:54.340+0000] {logging_mixin.py:188} INFO - [2024-03-03T20:13:54.340+0000] {dag.py:3823} INFO - Setting next_dagrun for tutorial to 2024-03-02 00:00:00+00:00, run_after=2024-03-03 00:00:00+00:00
[2024-03-03T20:13:54.421+0000] {processor.py:183} INFO - Processing /home/airflow/.local/lib/python3.8/site-packages/airflow/example_dags/tutorial.py took 0.225 seconds
[2024-03-03T20:14:25.069+0000] {processor.py:161} INFO - Started process (PID=454) to work on /home/airflow/.local/lib/python3.8/site-packages/airflow/example_dags/tutorial.py
[2024-03-03T20:14:25.074+0000] {processor.py:830} INFO - Processing file /home/airflow/.local/lib/python3.8/site-packages/airflow/example_dags/tutorial.py for tasks to queue
[2024-03-03T20:14:25.078+0000] {logging_mixin.py:188} INFO - [2024-03-03T20:14:25.077+0000] {dagbag.py:538} INFO - Filling up the DagBag from /home/airflow/.local/lib/python3.8/site-packages/airflow/example_dags/tutorial.py
[2024-03-03T20:14:25.097+0000] {processor.py:840} INFO - DAG(s) 'tutorial' retrieved from /home/airflow/.local/lib/python3.8/site-packages/airflow/example_dags/tutorial.py
[2024-03-03T20:14:25.167+0000] {logging_mixin.py:188} INFO - [2024-03-03T20:14:25.165+0000] {dag.py:3036} INFO - Sync 1 DAGs
[2024-03-03T20:14:25.225+0000] {logging_mixin.py:188} INFO - [2024-03-03T20:14:25.225+0000] {dag.py:3823} INFO - Setting next_dagrun for tutorial to 2024-03-02 00:00:00+00:00, run_after=2024-03-03 00:00:00+00:00
[2024-03-03T20:14:25.303+0000] {processor.py:183} INFO - Processing /home/airflow/.local/lib/python3.8/site-packages/airflow/example_dags/tutorial.py took 0.246 seconds
[2024-03-03T20:15:00.330+0000] {processor.py:161} INFO - Started process (PID=511) to work on /home/airflow/.local/lib/python3.8/site-packages/airflow/example_dags/tutorial.py
[2024-03-03T20:15:00.333+0000] {processor.py:830} INFO - Processing file /home/airflow/.local/lib/python3.8/site-packages/airflow/example_dags/tutorial.py for tasks to queue
[2024-03-03T20:15:00.340+0000] {logging_mixin.py:188} INFO - [2024-03-03T20:15:00.339+0000] {dagbag.py:538} INFO - Filling up the DagBag from /home/airflow/.local/lib/python3.8/site-packages/airflow/example_dags/tutorial.py
[2024-03-03T20:15:00.358+0000] {processor.py:840} INFO - DAG(s) 'tutorial' retrieved from /home/airflow/.local/lib/python3.8/site-packages/airflow/example_dags/tutorial.py
[2024-03-03T20:15:00.424+0000] {logging_mixin.py:188} INFO - [2024-03-03T20:15:00.423+0000] {dag.py:3036} INFO - Sync 1 DAGs
[2024-03-03T20:15:00.483+0000] {logging_mixin.py:188} INFO - [2024-03-03T20:15:00.482+0000] {dag.py:3823} INFO - Setting next_dagrun for tutorial to 2024-03-02 00:00:00+00:00, run_after=2024-03-03 00:00:00+00:00
[2024-03-03T20:15:00.547+0000] {processor.py:183} INFO - Processing /home/airflow/.local/lib/python3.8/site-packages/airflow/example_dags/tutorial.py took 0.228 seconds
[2024-03-03T20:15:31.075+0000] {processor.py:161} INFO - Started process (PID=566) to work on /home/airflow/.local/lib/python3.8/site-packages/airflow/example_dags/tutorial.py
[2024-03-03T20:15:31.077+0000] {processor.py:830} INFO - Processing file /home/airflow/.local/lib/python3.8/site-packages/airflow/example_dags/tutorial.py for tasks to queue
[2024-03-03T20:15:31.082+0000] {logging_mixin.py:188} INFO - [2024-03-03T20:15:31.082+0000] {dagbag.py:538} INFO - Filling up the DagBag from /home/airflow/.local/lib/python3.8/site-packages/airflow/example_dags/tutorial.py
[2024-03-03T20:15:31.104+0000] {processor.py:840} INFO - DAG(s) 'tutorial' retrieved from /home/airflow/.local/lib/python3.8/site-packages/airflow/example_dags/tutorial.py
[2024-03-03T20:15:31.177+0000] {logging_mixin.py:188} INFO - [2024-03-03T20:15:31.176+0000] {dag.py:3036} INFO - Sync 1 DAGs
[2024-03-03T20:15:31.236+0000] {logging_mixin.py:188} INFO - [2024-03-03T20:15:31.235+0000] {dag.py:3823} INFO - Setting next_dagrun for tutorial to 2024-03-02 00:00:00+00:00, run_after=2024-03-03 00:00:00+00:00
[2024-03-03T20:15:31.304+0000] {processor.py:183} INFO - Processing /home/airflow/.local/lib/python3.8/site-packages/airflow/example_dags/tutorial.py took 0.238 seconds
[2024-03-03T20:16:01.449+0000] {processor.py:161} INFO - Started process (PID=621) to work on /home/airflow/.local/lib/python3.8/site-packages/airflow/example_dags/tutorial.py
[2024-03-03T20:16:01.450+0000] {processor.py:830} INFO - Processing file /home/airflow/.local/lib/python3.8/site-packages/airflow/example_dags/tutorial.py for tasks to queue
[2024-03-03T20:16:01.451+0000] {logging_mixin.py:188} INFO - [2024-03-03T20:16:01.451+0000] {dagbag.py:538} INFO - Filling up the DagBag from /home/airflow/.local/lib/python3.8/site-packages/airflow/example_dags/tutorial.py
[2024-03-03T20:16:01.457+0000] {processor.py:840} INFO - DAG(s) 'tutorial' retrieved from /home/airflow/.local/lib/python3.8/site-packages/airflow/example_dags/tutorial.py
[2024-03-03T20:16:01.480+0000] {logging_mixin.py:188} INFO - [2024-03-03T20:16:01.480+0000] {dag.py:3036} INFO - Sync 1 DAGs
[2024-03-03T20:16:01.501+0000] {logging_mixin.py:188} INFO - [2024-03-03T20:16:01.501+0000] {dag.py:3823} INFO - Setting next_dagrun for tutorial to 2024-03-02 00:00:00+00:00, run_after=2024-03-03 00:00:00+00:00
[2024-03-03T20:16:01.522+0000] {processor.py:183} INFO - Processing /home/airflow/.local/lib/python3.8/site-packages/airflow/example_dags/tutorial.py took 0.077 seconds
[2024-03-03T20:16:32.030+0000] {processor.py:161} INFO - Started process (PID=676) to work on /home/airflow/.local/lib/python3.8/site-packages/airflow/example_dags/tutorial.py
[2024-03-03T20:16:32.032+0000] {processor.py:830} INFO - Processing file /home/airflow/.local/lib/python3.8/site-packages/airflow/example_dags/tutorial.py for tasks to queue
[2024-03-03T20:16:32.033+0000] {logging_mixin.py:188} INFO - [2024-03-03T20:16:32.032+0000] {dagbag.py:538} INFO - Filling up the DagBag from /home/airflow/.local/lib/python3.8/site-packages/airflow/example_dags/tutorial.py
[2024-03-03T20:16:32.038+0000] {processor.py:840} INFO - DAG(s) 'tutorial' retrieved from /home/airflow/.local/lib/python3.8/site-packages/airflow/example_dags/tutorial.py
[2024-03-03T20:16:32.057+0000] {logging_mixin.py:188} INFO - [2024-03-03T20:16:32.056+0000] {dag.py:3036} INFO - Sync 1 DAGs
[2024-03-03T20:16:32.074+0000] {logging_mixin.py:188} INFO - [2024-03-03T20:16:32.074+0000] {dag.py:3823} INFO - Setting next_dagrun for tutorial to 2024-03-02 00:00:00+00:00, run_after=2024-03-03 00:00:00+00:00
[2024-03-03T20:16:32.098+0000] {processor.py:183} INFO - Processing /home/airflow/.local/lib/python3.8/site-packages/airflow/example_dags/tutorial.py took 0.070 seconds
[2024-03-03T20:17:02.498+0000] {processor.py:161} INFO - Started process (PID=731) to work on /home/airflow/.local/lib/python3.8/site-packages/airflow/example_dags/tutorial.py
[2024-03-03T20:17:02.499+0000] {processor.py:830} INFO - Processing file /home/airflow/.local/lib/python3.8/site-packages/airflow/example_dags/tutorial.py for tasks to queue
[2024-03-03T20:17:02.500+0000] {logging_mixin.py:188} INFO - [2024-03-03T20:17:02.500+0000] {dagbag.py:538} INFO - Filling up the DagBag from /home/airflow/.local/lib/python3.8/site-packages/airflow/example_dags/tutorial.py
[2024-03-03T20:17:02.507+0000] {processor.py:840} INFO - DAG(s) 'tutorial' retrieved from /home/airflow/.local/lib/python3.8/site-packages/airflow/example_dags/tutorial.py
[2024-03-03T20:17:02.531+0000] {logging_mixin.py:188} INFO - [2024-03-03T20:17:02.530+0000] {dag.py:3036} INFO - Sync 1 DAGs
[2024-03-03T20:17:02.555+0000] {logging_mixin.py:188} INFO - [2024-03-03T20:17:02.554+0000] {dag.py:3823} INFO - Setting next_dagrun for tutorial to 2024-03-02 00:00:00+00:00, run_after=2024-03-03 00:00:00+00:00
[2024-03-03T20:17:02.583+0000] {processor.py:183} INFO - Processing /home/airflow/.local/lib/python3.8/site-packages/airflow/example_dags/tutorial.py took 0.088 seconds
[2024-03-03T20:18:56.771+0000] {processor.py:161} INFO - Started process (PID=783) to work on /home/airflow/.local/lib/python3.8/site-packages/airflow/example_dags/tutorial.py
[2024-03-03T20:18:56.773+0000] {processor.py:830} INFO - Processing file /home/airflow/.local/lib/python3.8/site-packages/airflow/example_dags/tutorial.py for tasks to queue
[2024-03-03T20:18:56.775+0000] {logging_mixin.py:188} INFO - [2024-03-03T20:18:56.775+0000] {dagbag.py:538} INFO - Filling up the DagBag from /home/airflow/.local/lib/python3.8/site-packages/airflow/example_dags/tutorial.py
[2024-03-03T20:18:56.787+0000] {processor.py:840} INFO - DAG(s) 'tutorial' retrieved from /home/airflow/.local/lib/python3.8/site-packages/airflow/example_dags/tutorial.py
[2024-03-03T20:18:56.827+0000] {logging_mixin.py:188} INFO - [2024-03-03T20:18:56.826+0000] {dag.py:3036} INFO - Sync 1 DAGs
[2024-03-03T20:18:56.891+0000] {logging_mixin.py:188} INFO - [2024-03-03T20:18:56.890+0000] {dag.py:3823} INFO - Setting next_dagrun for tutorial to 2024-03-02 00:00:00+00:00, run_after=2024-03-03 00:00:00+00:00
[2024-03-03T20:18:56.951+0000] {processor.py:183} INFO - Processing /home/airflow/.local/lib/python3.8/site-packages/airflow/example_dags/tutorial.py took 0.185 seconds
[2024-03-03T20:19:28.154+0000] {processor.py:161} INFO - Started process (PID=839) to work on /home/airflow/.local/lib/python3.8/site-packages/airflow/example_dags/tutorial.py
[2024-03-03T20:19:28.157+0000] {processor.py:830} INFO - Processing file /home/airflow/.local/lib/python3.8/site-packages/airflow/example_dags/tutorial.py for tasks to queue
[2024-03-03T20:19:28.159+0000] {logging_mixin.py:188} INFO - [2024-03-03T20:19:28.158+0000] {dagbag.py:538} INFO - Filling up the DagBag from /home/airflow/.local/lib/python3.8/site-packages/airflow/example_dags/tutorial.py
[2024-03-03T20:19:28.173+0000] {processor.py:840} INFO - DAG(s) 'tutorial' retrieved from /home/airflow/.local/lib/python3.8/site-packages/airflow/example_dags/tutorial.py
[2024-03-03T20:19:28.307+0000] {logging_mixin.py:188} INFO - [2024-03-03T20:19:28.307+0000] {dag.py:3036} INFO - Sync 1 DAGs
[2024-03-03T20:19:28.394+0000] {logging_mixin.py:188} INFO - [2024-03-03T20:19:28.393+0000] {dag.py:3823} INFO - Setting next_dagrun for tutorial to 2024-03-02 00:00:00+00:00, run_after=2024-03-03 00:00:00+00:00
[2024-03-03T20:19:28.484+0000] {processor.py:183} INFO - Processing /home/airflow/.local/lib/python3.8/site-packages/airflow/example_dags/tutorial.py took 0.337 seconds
[2024-03-03T20:20:58.605+0000] {processor.py:161} INFO - Started process (PID=881) to work on /home/airflow/.local/lib/python3.8/site-packages/airflow/example_dags/tutorial.py
[2024-03-03T20:20:58.607+0000] {processor.py:830} INFO - Processing file /home/airflow/.local/lib/python3.8/site-packages/airflow/example_dags/tutorial.py for tasks to queue
[2024-03-03T20:20:58.609+0000] {logging_mixin.py:188} INFO - [2024-03-03T20:20:58.609+0000] {dagbag.py:538} INFO - Filling up the DagBag from /home/airflow/.local/lib/python3.8/site-packages/airflow/example_dags/tutorial.py
[2024-03-03T20:20:58.624+0000] {processor.py:840} INFO - DAG(s) 'tutorial' retrieved from /home/airflow/.local/lib/python3.8/site-packages/airflow/example_dags/tutorial.py
[2024-03-03T20:20:58.704+0000] {logging_mixin.py:188} INFO - [2024-03-03T20:20:58.703+0000] {dag.py:3036} INFO - Sync 1 DAGs
[2024-03-03T20:20:58.766+0000] {logging_mixin.py:188} INFO - [2024-03-03T20:20:58.765+0000] {dag.py:3823} INFO - Setting next_dagrun for tutorial to 2024-03-02 00:00:00+00:00, run_after=2024-03-03 00:00:00+00:00
[2024-03-03T20:20:58.818+0000] {processor.py:183} INFO - Processing /home/airflow/.local/lib/python3.8/site-packages/airflow/example_dags/tutorial.py took 0.221 seconds
[2024-03-03T20:29:43.989+0000] {processor.py:161} INFO - Started process (PID=68) to work on /home/airflow/.local/lib/python3.8/site-packages/airflow/example_dags/tutorial.py
[2024-03-03T20:29:43.991+0000] {processor.py:830} INFO - Processing file /home/airflow/.local/lib/python3.8/site-packages/airflow/example_dags/tutorial.py for tasks to queue
[2024-03-03T20:29:43.995+0000] {logging_mixin.py:188} INFO - [2024-03-03T20:29:43.994+0000] {dagbag.py:538} INFO - Filling up the DagBag from /home/airflow/.local/lib/python3.8/site-packages/airflow/example_dags/tutorial.py
[2024-03-03T20:29:44.011+0000] {processor.py:840} INFO - DAG(s) 'tutorial' retrieved from /home/airflow/.local/lib/python3.8/site-packages/airflow/example_dags/tutorial.py
[2024-03-03T20:29:44.326+0000] {logging_mixin.py:188} INFO - [2024-03-03T20:29:44.325+0000] {dag.py:3036} INFO - Sync 1 DAGs
[2024-03-03T20:29:44.385+0000] {logging_mixin.py:188} INFO - [2024-03-03T20:29:44.384+0000] {dag.py:3823} INFO - Setting next_dagrun for tutorial to 2024-03-02 00:00:00+00:00, run_after=2024-03-03 00:00:00+00:00
[2024-03-03T20:29:44.432+0000] {processor.py:183} INFO - Processing /home/airflow/.local/lib/python3.8/site-packages/airflow/example_dags/tutorial.py took 0.452 seconds
[2024-03-03T20:33:09.973+0000] {processor.py:161} INFO - Started process (PID=122) to work on /home/airflow/.local/lib/python3.8/site-packages/airflow/example_dags/tutorial.py
[2024-03-03T20:33:09.975+0000] {processor.py:830} INFO - Processing file /home/airflow/.local/lib/python3.8/site-packages/airflow/example_dags/tutorial.py for tasks to queue
[2024-03-03T20:33:09.979+0000] {logging_mixin.py:188} INFO - [2024-03-03T20:33:09.978+0000] {dagbag.py:538} INFO - Filling up the DagBag from /home/airflow/.local/lib/python3.8/site-packages/airflow/example_dags/tutorial.py
[2024-03-03T20:33:09.994+0000] {processor.py:840} INFO - DAG(s) 'tutorial' retrieved from /home/airflow/.local/lib/python3.8/site-packages/airflow/example_dags/tutorial.py
[2024-03-03T20:33:10.052+0000] {logging_mixin.py:188} INFO - [2024-03-03T20:33:10.051+0000] {dag.py:3036} INFO - Sync 1 DAGs
[2024-03-03T20:33:10.118+0000] {logging_mixin.py:188} INFO - [2024-03-03T20:33:10.118+0000] {dag.py:3823} INFO - Setting next_dagrun for tutorial to 2024-03-02 00:00:00+00:00, run_after=2024-03-03 00:00:00+00:00
[2024-03-03T20:33:10.194+0000] {processor.py:183} INFO - Processing /home/airflow/.local/lib/python3.8/site-packages/airflow/example_dags/tutorial.py took 0.227 seconds
[2024-03-03T20:34:24.179+0000] {processor.py:161} INFO - Started process (PID=180) to work on /home/airflow/.local/lib/python3.8/site-packages/airflow/example_dags/tutorial.py
[2024-03-03T20:34:24.182+0000] {processor.py:830} INFO - Processing file /home/airflow/.local/lib/python3.8/site-packages/airflow/example_dags/tutorial.py for tasks to queue
[2024-03-03T20:34:24.188+0000] {logging_mixin.py:188} INFO - [2024-03-03T20:34:24.187+0000] {dagbag.py:538} INFO - Filling up the DagBag from /home/airflow/.local/lib/python3.8/site-packages/airflow/example_dags/tutorial.py
[2024-03-03T20:34:24.223+0000] {processor.py:840} INFO - DAG(s) 'tutorial' retrieved from /home/airflow/.local/lib/python3.8/site-packages/airflow/example_dags/tutorial.py
[2024-03-03T20:34:24.296+0000] {logging_mixin.py:188} INFO - [2024-03-03T20:34:24.294+0000] {dag.py:3036} INFO - Sync 1 DAGs
[2024-03-03T20:34:24.362+0000] {logging_mixin.py:188} INFO - [2024-03-03T20:34:24.361+0000] {dag.py:3823} INFO - Setting next_dagrun for tutorial to 2024-03-02 00:00:00+00:00, run_after=2024-03-03 00:00:00+00:00
[2024-03-03T20:34:24.426+0000] {processor.py:183} INFO - Processing /home/airflow/.local/lib/python3.8/site-packages/airflow/example_dags/tutorial.py took 0.252 seconds
[2024-03-03T20:36:32.305+0000] {processor.py:161} INFO - Started process (PID=232) to work on /home/airflow/.local/lib/python3.8/site-packages/airflow/example_dags/tutorial.py
[2024-03-03T20:36:32.312+0000] {processor.py:830} INFO - Processing file /home/airflow/.local/lib/python3.8/site-packages/airflow/example_dags/tutorial.py for tasks to queue
[2024-03-03T20:36:32.319+0000] {logging_mixin.py:188} INFO - [2024-03-03T20:36:32.317+0000] {dagbag.py:538} INFO - Filling up the DagBag from /home/airflow/.local/lib/python3.8/site-packages/airflow/example_dags/tutorial.py
[2024-03-03T20:36:32.342+0000] {processor.py:840} INFO - DAG(s) 'tutorial' retrieved from /home/airflow/.local/lib/python3.8/site-packages/airflow/example_dags/tutorial.py
[2024-03-03T20:36:32.395+0000] {logging_mixin.py:188} INFO - [2024-03-03T20:36:32.394+0000] {dag.py:3036} INFO - Sync 1 DAGs
[2024-03-03T20:36:32.474+0000] {logging_mixin.py:188} INFO - [2024-03-03T20:36:32.472+0000] {dag.py:3823} INFO - Setting next_dagrun for tutorial to 2024-03-02 00:00:00+00:00, run_after=2024-03-03 00:00:00+00:00
[2024-03-03T20:36:32.530+0000] {processor.py:183} INFO - Processing /home/airflow/.local/lib/python3.8/site-packages/airflow/example_dags/tutorial.py took 0.234 seconds
[2024-03-03T20:38:48.471+0000] {processor.py:161} INFO - Started process (PID=293) to work on /home/airflow/.local/lib/python3.8/site-packages/airflow/example_dags/tutorial.py
[2024-03-03T20:38:48.474+0000] {processor.py:830} INFO - Processing file /home/airflow/.local/lib/python3.8/site-packages/airflow/example_dags/tutorial.py for tasks to queue
[2024-03-03T20:38:48.476+0000] {logging_mixin.py:188} INFO - [2024-03-03T20:38:48.476+0000] {dagbag.py:538} INFO - Filling up the DagBag from /home/airflow/.local/lib/python3.8/site-packages/airflow/example_dags/tutorial.py
[2024-03-03T20:38:48.495+0000] {processor.py:840} INFO - DAG(s) 'tutorial' retrieved from /home/airflow/.local/lib/python3.8/site-packages/airflow/example_dags/tutorial.py
[2024-03-03T20:38:48.563+0000] {logging_mixin.py:188} INFO - [2024-03-03T20:38:48.563+0000] {dag.py:3036} INFO - Sync 1 DAGs
[2024-03-03T20:38:48.625+0000] {logging_mixin.py:188} INFO - [2024-03-03T20:38:48.625+0000] {dag.py:3823} INFO - Setting next_dagrun for tutorial to 2024-03-02 00:00:00+00:00, run_after=2024-03-03 00:00:00+00:00
[2024-03-03T20:38:48.686+0000] {processor.py:183} INFO - Processing /home/airflow/.local/lib/python3.8/site-packages/airflow/example_dags/tutorial.py took 0.221 seconds
[2024-03-03T20:39:37.371+0000] {processor.py:161} INFO - Started process (PID=329) to work on /home/airflow/.local/lib/python3.8/site-packages/airflow/example_dags/tutorial.py
[2024-03-03T20:39:37.375+0000] {processor.py:830} INFO - Processing file /home/airflow/.local/lib/python3.8/site-packages/airflow/example_dags/tutorial.py for tasks to queue
[2024-03-03T20:39:37.380+0000] {logging_mixin.py:188} INFO - [2024-03-03T20:39:37.379+0000] {dagbag.py:538} INFO - Filling up the DagBag from /home/airflow/.local/lib/python3.8/site-packages/airflow/example_dags/tutorial.py
[2024-03-03T20:39:37.414+0000] {processor.py:840} INFO - DAG(s) 'tutorial' retrieved from /home/airflow/.local/lib/python3.8/site-packages/airflow/example_dags/tutorial.py
[2024-03-03T20:39:37.494+0000] {logging_mixin.py:188} INFO - [2024-03-03T20:39:37.493+0000] {dag.py:3036} INFO - Sync 1 DAGs
[2024-03-03T20:39:37.564+0000] {logging_mixin.py:188} INFO - [2024-03-03T20:39:37.564+0000] {dag.py:3823} INFO - Setting next_dagrun for tutorial to 2024-03-02 00:00:00+00:00, run_after=2024-03-03 00:00:00+00:00
[2024-03-03T20:39:37.613+0000] {processor.py:183} INFO - Processing /home/airflow/.local/lib/python3.8/site-packages/airflow/example_dags/tutorial.py took 0.253 seconds
[2024-03-03T20:40:08.592+0000] {processor.py:161} INFO - Started process (PID=384) to work on /home/airflow/.local/lib/python3.8/site-packages/airflow/example_dags/tutorial.py
[2024-03-03T20:40:08.595+0000] {processor.py:830} INFO - Processing file /home/airflow/.local/lib/python3.8/site-packages/airflow/example_dags/tutorial.py for tasks to queue
[2024-03-03T20:40:08.597+0000] {logging_mixin.py:188} INFO - [2024-03-03T20:40:08.596+0000] {dagbag.py:538} INFO - Filling up the DagBag from /home/airflow/.local/lib/python3.8/site-packages/airflow/example_dags/tutorial.py
[2024-03-03T20:40:08.609+0000] {processor.py:840} INFO - DAG(s) 'tutorial' retrieved from /home/airflow/.local/lib/python3.8/site-packages/airflow/example_dags/tutorial.py
[2024-03-03T20:40:08.650+0000] {logging_mixin.py:188} INFO - [2024-03-03T20:40:08.650+0000] {dag.py:3036} INFO - Sync 1 DAGs
[2024-03-03T20:40:08.696+0000] {logging_mixin.py:188} INFO - [2024-03-03T20:40:08.696+0000] {dag.py:3823} INFO - Setting next_dagrun for tutorial to 2024-03-02 00:00:00+00:00, run_after=2024-03-03 00:00:00+00:00
[2024-03-03T20:40:08.735+0000] {processor.py:183} INFO - Processing /home/airflow/.local/lib/python3.8/site-packages/airflow/example_dags/tutorial.py took 0.148 seconds
[2024-03-03T20:40:39.416+0000] {processor.py:161} INFO - Started process (PID=439) to work on /home/airflow/.local/lib/python3.8/site-packages/airflow/example_dags/tutorial.py
[2024-03-03T20:40:39.417+0000] {processor.py:830} INFO - Processing file /home/airflow/.local/lib/python3.8/site-packages/airflow/example_dags/tutorial.py for tasks to queue
[2024-03-03T20:40:39.418+0000] {logging_mixin.py:188} INFO - [2024-03-03T20:40:39.418+0000] {dagbag.py:538} INFO - Filling up the DagBag from /home/airflow/.local/lib/python3.8/site-packages/airflow/example_dags/tutorial.py
[2024-03-03T20:40:39.425+0000] {processor.py:840} INFO - DAG(s) 'tutorial' retrieved from /home/airflow/.local/lib/python3.8/site-packages/airflow/example_dags/tutorial.py
[2024-03-03T20:40:39.449+0000] {logging_mixin.py:188} INFO - [2024-03-03T20:40:39.448+0000] {dag.py:3036} INFO - Sync 1 DAGs
[2024-03-03T20:40:39.478+0000] {logging_mixin.py:188} INFO - [2024-03-03T20:40:39.478+0000] {dag.py:3823} INFO - Setting next_dagrun for tutorial to 2024-03-02 00:00:00+00:00, run_after=2024-03-03 00:00:00+00:00
[2024-03-03T20:40:39.504+0000] {processor.py:183} INFO - Processing /home/airflow/.local/lib/python3.8/site-packages/airflow/example_dags/tutorial.py took 0.091 seconds
[2024-03-03T20:41:09.616+0000] {processor.py:161} INFO - Started process (PID=493) to work on /home/airflow/.local/lib/python3.8/site-packages/airflow/example_dags/tutorial.py
[2024-03-03T20:41:09.618+0000] {processor.py:830} INFO - Processing file /home/airflow/.local/lib/python3.8/site-packages/airflow/example_dags/tutorial.py for tasks to queue
[2024-03-03T20:41:09.621+0000] {logging_mixin.py:188} INFO - [2024-03-03T20:41:09.620+0000] {dagbag.py:538} INFO - Filling up the DagBag from /home/airflow/.local/lib/python3.8/site-packages/airflow/example_dags/tutorial.py
[2024-03-03T20:41:09.640+0000] {processor.py:840} INFO - DAG(s) 'tutorial' retrieved from /home/airflow/.local/lib/python3.8/site-packages/airflow/example_dags/tutorial.py
[2024-03-03T20:41:09.695+0000] {logging_mixin.py:188} INFO - [2024-03-03T20:41:09.695+0000] {dag.py:3036} INFO - Sync 1 DAGs
[2024-03-03T20:41:09.746+0000] {logging_mixin.py:188} INFO - [2024-03-03T20:41:09.746+0000] {dag.py:3823} INFO - Setting next_dagrun for tutorial to 2024-03-02 00:00:00+00:00, run_after=2024-03-03 00:00:00+00:00
[2024-03-03T20:41:09.791+0000] {processor.py:183} INFO - Processing /home/airflow/.local/lib/python3.8/site-packages/airflow/example_dags/tutorial.py took 0.184 seconds
[2024-03-03T20:42:56.944+0000] {processor.py:161} INFO - Started process (PID=525) to work on /home/airflow/.local/lib/python3.8/site-packages/airflow/example_dags/tutorial.py
[2024-03-03T20:42:56.950+0000] {processor.py:830} INFO - Processing file /home/airflow/.local/lib/python3.8/site-packages/airflow/example_dags/tutorial.py for tasks to queue
[2024-03-03T20:42:56.954+0000] {logging_mixin.py:188} INFO - [2024-03-03T20:42:56.953+0000] {dagbag.py:538} INFO - Filling up the DagBag from /home/airflow/.local/lib/python3.8/site-packages/airflow/example_dags/tutorial.py
[2024-03-03T20:42:56.984+0000] {processor.py:840} INFO - DAG(s) 'tutorial' retrieved from /home/airflow/.local/lib/python3.8/site-packages/airflow/example_dags/tutorial.py
[2024-03-03T20:42:57.052+0000] {logging_mixin.py:188} INFO - [2024-03-03T20:42:57.051+0000] {dag.py:3036} INFO - Sync 1 DAGs
[2024-03-03T20:42:57.132+0000] {logging_mixin.py:188} INFO - [2024-03-03T20:42:57.131+0000] {dag.py:3823} INFO - Setting next_dagrun for tutorial to 2024-03-02 00:00:00+00:00, run_after=2024-03-03 00:00:00+00:00
[2024-03-03T20:42:57.200+0000] {processor.py:183} INFO - Processing /home/airflow/.local/lib/python3.8/site-packages/airflow/example_dags/tutorial.py took 0.269 seconds
[2024-03-03T20:46:06.222+0000] {processor.py:161} INFO - Started process (PID=581) to work on /home/airflow/.local/lib/python3.8/site-packages/airflow/example_dags/tutorial.py
[2024-03-03T20:46:06.224+0000] {processor.py:830} INFO - Processing file /home/airflow/.local/lib/python3.8/site-packages/airflow/example_dags/tutorial.py for tasks to queue
[2024-03-03T20:46:06.227+0000] {logging_mixin.py:188} INFO - [2024-03-03T20:46:06.226+0000] {dagbag.py:538} INFO - Filling up the DagBag from /home/airflow/.local/lib/python3.8/site-packages/airflow/example_dags/tutorial.py
[2024-03-03T20:46:06.249+0000] {processor.py:840} INFO - DAG(s) 'tutorial' retrieved from /home/airflow/.local/lib/python3.8/site-packages/airflow/example_dags/tutorial.py
[2024-03-03T20:46:06.297+0000] {logging_mixin.py:188} INFO - [2024-03-03T20:46:06.297+0000] {dag.py:3036} INFO - Sync 1 DAGs
[2024-03-03T20:46:06.359+0000] {logging_mixin.py:188} INFO - [2024-03-03T20:46:06.359+0000] {dag.py:3823} INFO - Setting next_dagrun for tutorial to 2024-03-02 00:00:00+00:00, run_after=2024-03-03 00:00:00+00:00
[2024-03-03T20:46:06.419+0000] {processor.py:183} INFO - Processing /home/airflow/.local/lib/python3.8/site-packages/airflow/example_dags/tutorial.py took 0.208 seconds
[2024-03-03T20:48:08.494+0000] {processor.py:161} INFO - Started process (PID=641) to work on /home/airflow/.local/lib/python3.8/site-packages/airflow/example_dags/tutorial.py
[2024-03-03T20:48:08.496+0000] {processor.py:830} INFO - Processing file /home/airflow/.local/lib/python3.8/site-packages/airflow/example_dags/tutorial.py for tasks to queue
[2024-03-03T20:48:08.499+0000] {logging_mixin.py:188} INFO - [2024-03-03T20:48:08.498+0000] {dagbag.py:538} INFO - Filling up the DagBag from /home/airflow/.local/lib/python3.8/site-packages/airflow/example_dags/tutorial.py
[2024-03-03T20:48:08.530+0000] {processor.py:840} INFO - DAG(s) 'tutorial' retrieved from /home/airflow/.local/lib/python3.8/site-packages/airflow/example_dags/tutorial.py
[2024-03-03T20:48:08.631+0000] {logging_mixin.py:188} INFO - [2024-03-03T20:48:08.630+0000] {dag.py:3036} INFO - Sync 1 DAGs
[2024-03-03T20:48:08.752+0000] {logging_mixin.py:188} INFO - [2024-03-03T20:48:08.751+0000] {dag.py:3823} INFO - Setting next_dagrun for tutorial to 2024-03-02 00:00:00+00:00, run_after=2024-03-03 00:00:00+00:00
[2024-03-03T20:48:08.838+0000] {processor.py:183} INFO - Processing /home/airflow/.local/lib/python3.8/site-packages/airflow/example_dags/tutorial.py took 0.359 seconds
[2024-03-03T20:48:38.923+0000] {processor.py:161} INFO - Started process (PID=696) to work on /home/airflow/.local/lib/python3.8/site-packages/airflow/example_dags/tutorial.py
[2024-03-03T20:48:38.924+0000] {processor.py:830} INFO - Processing file /home/airflow/.local/lib/python3.8/site-packages/airflow/example_dags/tutorial.py for tasks to queue
[2024-03-03T20:48:38.925+0000] {logging_mixin.py:188} INFO - [2024-03-03T20:48:38.925+0000] {dagbag.py:538} INFO - Filling up the DagBag from /home/airflow/.local/lib/python3.8/site-packages/airflow/example_dags/tutorial.py
[2024-03-03T20:48:38.933+0000] {processor.py:840} INFO - DAG(s) 'tutorial' retrieved from /home/airflow/.local/lib/python3.8/site-packages/airflow/example_dags/tutorial.py
[2024-03-03T20:48:38.957+0000] {logging_mixin.py:188} INFO - [2024-03-03T20:48:38.957+0000] {dag.py:3036} INFO - Sync 1 DAGs
[2024-03-03T20:48:38.989+0000] {logging_mixin.py:188} INFO - [2024-03-03T20:48:38.988+0000] {dag.py:3823} INFO - Setting next_dagrun for tutorial to 2024-03-02 00:00:00+00:00, run_after=2024-03-03 00:00:00+00:00
[2024-03-03T20:48:39.017+0000] {processor.py:183} INFO - Processing /home/airflow/.local/lib/python3.8/site-packages/airflow/example_dags/tutorial.py took 0.098 seconds
[2024-03-03T21:02:27.329+0000] {processor.py:161} INFO - Started process (PID=62) to work on /home/airflow/.local/lib/python3.8/site-packages/airflow/example_dags/tutorial.py
[2024-03-03T21:02:27.333+0000] {processor.py:830} INFO - Processing file /home/airflow/.local/lib/python3.8/site-packages/airflow/example_dags/tutorial.py for tasks to queue
[2024-03-03T21:02:27.338+0000] {logging_mixin.py:188} INFO - [2024-03-03T21:02:27.337+0000] {dagbag.py:538} INFO - Filling up the DagBag from /home/airflow/.local/lib/python3.8/site-packages/airflow/example_dags/tutorial.py
[2024-03-03T21:02:27.356+0000] {processor.py:840} INFO - DAG(s) 'tutorial' retrieved from /home/airflow/.local/lib/python3.8/site-packages/airflow/example_dags/tutorial.py
[2024-03-03T21:02:27.558+0000] {logging_mixin.py:188} INFO - [2024-03-03T21:02:27.557+0000] {dag.py:3036} INFO - Sync 1 DAGs
[2024-03-03T21:02:27.601+0000] {logging_mixin.py:188} INFO - [2024-03-03T21:02:27.600+0000] {dag.py:3823} INFO - Setting next_dagrun for tutorial to 2024-03-02 00:00:00+00:00, run_after=2024-03-03 00:00:00+00:00
[2024-03-03T21:02:27.633+0000] {processor.py:183} INFO - Processing /home/airflow/.local/lib/python3.8/site-packages/airflow/example_dags/tutorial.py took 0.311 seconds
[2024-03-03T21:02:58.470+0000] {processor.py:161} INFO - Started process (PID=117) to work on /home/airflow/.local/lib/python3.8/site-packages/airflow/example_dags/tutorial.py
[2024-03-03T21:02:58.472+0000] {processor.py:830} INFO - Processing file /home/airflow/.local/lib/python3.8/site-packages/airflow/example_dags/tutorial.py for tasks to queue
[2024-03-03T21:02:58.474+0000] {logging_mixin.py:188} INFO - [2024-03-03T21:02:58.473+0000] {dagbag.py:538} INFO - Filling up the DagBag from /home/airflow/.local/lib/python3.8/site-packages/airflow/example_dags/tutorial.py
[2024-03-03T21:02:58.480+0000] {processor.py:840} INFO - DAG(s) 'tutorial' retrieved from /home/airflow/.local/lib/python3.8/site-packages/airflow/example_dags/tutorial.py
[2024-03-03T21:02:58.503+0000] {logging_mixin.py:188} INFO - [2024-03-03T21:02:58.503+0000] {dag.py:3036} INFO - Sync 1 DAGs
[2024-03-03T21:02:58.535+0000] {logging_mixin.py:188} INFO - [2024-03-03T21:02:58.534+0000] {dag.py:3823} INFO - Setting next_dagrun for tutorial to 2024-03-02 00:00:00+00:00, run_after=2024-03-03 00:00:00+00:00
[2024-03-03T21:02:58.562+0000] {processor.py:183} INFO - Processing /home/airflow/.local/lib/python3.8/site-packages/airflow/example_dags/tutorial.py took 0.096 seconds
[2024-03-03T21:03:29.108+0000] {processor.py:161} INFO - Started process (PID=172) to work on /home/airflow/.local/lib/python3.8/site-packages/airflow/example_dags/tutorial.py
[2024-03-03T21:03:29.110+0000] {processor.py:830} INFO - Processing file /home/airflow/.local/lib/python3.8/site-packages/airflow/example_dags/tutorial.py for tasks to queue
[2024-03-03T21:03:29.113+0000] {logging_mixin.py:188} INFO - [2024-03-03T21:03:29.112+0000] {dagbag.py:538} INFO - Filling up the DagBag from /home/airflow/.local/lib/python3.8/site-packages/airflow/example_dags/tutorial.py
[2024-03-03T21:03:29.120+0000] {processor.py:840} INFO - DAG(s) 'tutorial' retrieved from /home/airflow/.local/lib/python3.8/site-packages/airflow/example_dags/tutorial.py
[2024-03-03T21:03:29.146+0000] {logging_mixin.py:188} INFO - [2024-03-03T21:03:29.145+0000] {dag.py:3036} INFO - Sync 1 DAGs
[2024-03-03T21:03:29.174+0000] {logging_mixin.py:188} INFO - [2024-03-03T21:03:29.174+0000] {dag.py:3823} INFO - Setting next_dagrun for tutorial to 2024-03-02 00:00:00+00:00, run_after=2024-03-03 00:00:00+00:00
[2024-03-03T21:03:29.206+0000] {processor.py:183} INFO - Processing /home/airflow/.local/lib/python3.8/site-packages/airflow/example_dags/tutorial.py took 0.101 seconds
[2024-03-03T21:03:59.240+0000] {processor.py:161} INFO - Started process (PID=227) to work on /home/airflow/.local/lib/python3.8/site-packages/airflow/example_dags/tutorial.py
[2024-03-03T21:03:59.242+0000] {processor.py:830} INFO - Processing file /home/airflow/.local/lib/python3.8/site-packages/airflow/example_dags/tutorial.py for tasks to queue
[2024-03-03T21:03:59.244+0000] {logging_mixin.py:188} INFO - [2024-03-03T21:03:59.243+0000] {dagbag.py:538} INFO - Filling up the DagBag from /home/airflow/.local/lib/python3.8/site-packages/airflow/example_dags/tutorial.py
[2024-03-03T21:03:59.250+0000] {processor.py:840} INFO - DAG(s) 'tutorial' retrieved from /home/airflow/.local/lib/python3.8/site-packages/airflow/example_dags/tutorial.py
[2024-03-03T21:03:59.280+0000] {logging_mixin.py:188} INFO - [2024-03-03T21:03:59.279+0000] {dag.py:3036} INFO - Sync 1 DAGs
[2024-03-03T21:03:59.322+0000] {logging_mixin.py:188} INFO - [2024-03-03T21:03:59.321+0000] {dag.py:3823} INFO - Setting next_dagrun for tutorial to 2024-03-02 00:00:00+00:00, run_after=2024-03-03 00:00:00+00:00
[2024-03-03T21:03:59.365+0000] {processor.py:183} INFO - Processing /home/airflow/.local/lib/python3.8/site-packages/airflow/example_dags/tutorial.py took 0.128 seconds
[2024-03-03T21:04:29.624+0000] {processor.py:161} INFO - Started process (PID=282) to work on /home/airflow/.local/lib/python3.8/site-packages/airflow/example_dags/tutorial.py
[2024-03-03T21:04:29.626+0000] {processor.py:830} INFO - Processing file /home/airflow/.local/lib/python3.8/site-packages/airflow/example_dags/tutorial.py for tasks to queue
[2024-03-03T21:04:29.630+0000] {logging_mixin.py:188} INFO - [2024-03-03T21:04:29.629+0000] {dagbag.py:538} INFO - Filling up the DagBag from /home/airflow/.local/lib/python3.8/site-packages/airflow/example_dags/tutorial.py
[2024-03-03T21:04:29.644+0000] {processor.py:840} INFO - DAG(s) 'tutorial' retrieved from /home/airflow/.local/lib/python3.8/site-packages/airflow/example_dags/tutorial.py
[2024-03-03T21:04:29.675+0000] {logging_mixin.py:188} INFO - [2024-03-03T21:04:29.675+0000] {dag.py:3036} INFO - Sync 1 DAGs
[2024-03-03T21:04:29.713+0000] {logging_mixin.py:188} INFO - [2024-03-03T21:04:29.713+0000] {dag.py:3823} INFO - Setting next_dagrun for tutorial to 2024-03-02 00:00:00+00:00, run_after=2024-03-03 00:00:00+00:00
[2024-03-03T21:04:29.754+0000] {processor.py:183} INFO - Processing /home/airflow/.local/lib/python3.8/site-packages/airflow/example_dags/tutorial.py took 0.137 seconds
[2024-03-03T21:05:00.110+0000] {processor.py:161} INFO - Started process (PID=343) to work on /home/airflow/.local/lib/python3.8/site-packages/airflow/example_dags/tutorial.py
[2024-03-03T21:05:00.112+0000] {processor.py:830} INFO - Processing file /home/airflow/.local/lib/python3.8/site-packages/airflow/example_dags/tutorial.py for tasks to queue
[2024-03-03T21:05:00.115+0000] {logging_mixin.py:188} INFO - [2024-03-03T21:05:00.114+0000] {dagbag.py:538} INFO - Filling up the DagBag from /home/airflow/.local/lib/python3.8/site-packages/airflow/example_dags/tutorial.py
[2024-03-03T21:05:00.122+0000] {processor.py:840} INFO - DAG(s) 'tutorial' retrieved from /home/airflow/.local/lib/python3.8/site-packages/airflow/example_dags/tutorial.py
[2024-03-03T21:05:00.154+0000] {logging_mixin.py:188} INFO - [2024-03-03T21:05:00.153+0000] {dag.py:3036} INFO - Sync 1 DAGs
[2024-03-03T21:05:00.194+0000] {logging_mixin.py:188} INFO - [2024-03-03T21:05:00.193+0000] {dag.py:3823} INFO - Setting next_dagrun for tutorial to 2024-03-02 00:00:00+00:00, run_after=2024-03-03 00:00:00+00:00
[2024-03-03T21:05:00.231+0000] {processor.py:183} INFO - Processing /home/airflow/.local/lib/python3.8/site-packages/airflow/example_dags/tutorial.py took 0.125 seconds
[2024-03-03T21:05:30.836+0000] {processor.py:161} INFO - Started process (PID=398) to work on /home/airflow/.local/lib/python3.8/site-packages/airflow/example_dags/tutorial.py
[2024-03-03T21:05:30.838+0000] {processor.py:830} INFO - Processing file /home/airflow/.local/lib/python3.8/site-packages/airflow/example_dags/tutorial.py for tasks to queue
[2024-03-03T21:05:30.840+0000] {logging_mixin.py:188} INFO - [2024-03-03T21:05:30.840+0000] {dagbag.py:538} INFO - Filling up the DagBag from /home/airflow/.local/lib/python3.8/site-packages/airflow/example_dags/tutorial.py
[2024-03-03T21:05:30.849+0000] {processor.py:840} INFO - DAG(s) 'tutorial' retrieved from /home/airflow/.local/lib/python3.8/site-packages/airflow/example_dags/tutorial.py
[2024-03-03T21:05:30.883+0000] {logging_mixin.py:188} INFO - [2024-03-03T21:05:30.883+0000] {dag.py:3036} INFO - Sync 1 DAGs
[2024-03-03T21:05:30.916+0000] {logging_mixin.py:188} INFO - [2024-03-03T21:05:30.916+0000] {dag.py:3823} INFO - Setting next_dagrun for tutorial to 2024-03-02 00:00:00+00:00, run_after=2024-03-03 00:00:00+00:00
[2024-03-03T21:05:30.953+0000] {processor.py:183} INFO - Processing /home/airflow/.local/lib/python3.8/site-packages/airflow/example_dags/tutorial.py took 0.122 seconds
[2024-03-03T21:06:01.264+0000] {processor.py:161} INFO - Started process (PID=453) to work on /home/airflow/.local/lib/python3.8/site-packages/airflow/example_dags/tutorial.py
[2024-03-03T21:06:01.265+0000] {processor.py:830} INFO - Processing file /home/airflow/.local/lib/python3.8/site-packages/airflow/example_dags/tutorial.py for tasks to queue
[2024-03-03T21:06:01.268+0000] {logging_mixin.py:188} INFO - [2024-03-03T21:06:01.267+0000] {dagbag.py:538} INFO - Filling up the DagBag from /home/airflow/.local/lib/python3.8/site-packages/airflow/example_dags/tutorial.py
[2024-03-03T21:06:01.275+0000] {processor.py:840} INFO - DAG(s) 'tutorial' retrieved from /home/airflow/.local/lib/python3.8/site-packages/airflow/example_dags/tutorial.py
[2024-03-03T21:06:01.300+0000] {logging_mixin.py:188} INFO - [2024-03-03T21:06:01.299+0000] {dag.py:3036} INFO - Sync 1 DAGs
[2024-03-03T21:06:01.326+0000] {logging_mixin.py:188} INFO - [2024-03-03T21:06:01.325+0000] {dag.py:3823} INFO - Setting next_dagrun for tutorial to 2024-03-02 00:00:00+00:00, run_after=2024-03-03 00:00:00+00:00
[2024-03-03T21:06:01.355+0000] {processor.py:183} INFO - Processing /home/airflow/.local/lib/python3.8/site-packages/airflow/example_dags/tutorial.py took 0.095 seconds
[2024-03-03T21:06:32.261+0000] {processor.py:161} INFO - Started process (PID=508) to work on /home/airflow/.local/lib/python3.8/site-packages/airflow/example_dags/tutorial.py
[2024-03-03T21:06:32.265+0000] {processor.py:830} INFO - Processing file /home/airflow/.local/lib/python3.8/site-packages/airflow/example_dags/tutorial.py for tasks to queue
[2024-03-03T21:06:32.269+0000] {logging_mixin.py:188} INFO - [2024-03-03T21:06:32.268+0000] {dagbag.py:538} INFO - Filling up the DagBag from /home/airflow/.local/lib/python3.8/site-packages/airflow/example_dags/tutorial.py
[2024-03-03T21:06:32.284+0000] {processor.py:840} INFO - DAG(s) 'tutorial' retrieved from /home/airflow/.local/lib/python3.8/site-packages/airflow/example_dags/tutorial.py
[2024-03-03T21:06:32.324+0000] {logging_mixin.py:188} INFO - [2024-03-03T21:06:32.324+0000] {dag.py:3036} INFO - Sync 1 DAGs
[2024-03-03T21:06:32.360+0000] {logging_mixin.py:188} INFO - [2024-03-03T21:06:32.360+0000] {dag.py:3823} INFO - Setting next_dagrun for tutorial to 2024-03-02 00:00:00+00:00, run_after=2024-03-03 00:00:00+00:00
[2024-03-03T21:06:32.390+0000] {processor.py:183} INFO - Processing /home/airflow/.local/lib/python3.8/site-packages/airflow/example_dags/tutorial.py took 0.138 seconds
[2024-03-03T21:07:02.906+0000] {processor.py:161} INFO - Started process (PID=563) to work on /home/airflow/.local/lib/python3.8/site-packages/airflow/example_dags/tutorial.py
[2024-03-03T21:07:02.908+0000] {processor.py:830} INFO - Processing file /home/airflow/.local/lib/python3.8/site-packages/airflow/example_dags/tutorial.py for tasks to queue
[2024-03-03T21:07:02.911+0000] {logging_mixin.py:188} INFO - [2024-03-03T21:07:02.910+0000] {dagbag.py:538} INFO - Filling up the DagBag from /home/airflow/.local/lib/python3.8/site-packages/airflow/example_dags/tutorial.py
[2024-03-03T21:07:02.917+0000] {processor.py:840} INFO - DAG(s) 'tutorial' retrieved from /home/airflow/.local/lib/python3.8/site-packages/airflow/example_dags/tutorial.py
[2024-03-03T21:07:02.943+0000] {logging_mixin.py:188} INFO - [2024-03-03T21:07:02.942+0000] {dag.py:3036} INFO - Sync 1 DAGs
[2024-03-03T21:07:02.974+0000] {logging_mixin.py:188} INFO - [2024-03-03T21:07:02.974+0000] {dag.py:3823} INFO - Setting next_dagrun for tutorial to 2024-03-02 00:00:00+00:00, run_after=2024-03-03 00:00:00+00:00
[2024-03-03T21:07:03.002+0000] {processor.py:183} INFO - Processing /home/airflow/.local/lib/python3.8/site-packages/airflow/example_dags/tutorial.py took 0.100 seconds
[2024-03-03T21:07:33.211+0000] {processor.py:161} INFO - Started process (PID=618) to work on /home/airflow/.local/lib/python3.8/site-packages/airflow/example_dags/tutorial.py
[2024-03-03T21:07:33.212+0000] {processor.py:830} INFO - Processing file /home/airflow/.local/lib/python3.8/site-packages/airflow/example_dags/tutorial.py for tasks to queue
[2024-03-03T21:07:33.215+0000] {logging_mixin.py:188} INFO - [2024-03-03T21:07:33.214+0000] {dagbag.py:538} INFO - Filling up the DagBag from /home/airflow/.local/lib/python3.8/site-packages/airflow/example_dags/tutorial.py
[2024-03-03T21:07:33.223+0000] {processor.py:840} INFO - DAG(s) 'tutorial' retrieved from /home/airflow/.local/lib/python3.8/site-packages/airflow/example_dags/tutorial.py
[2024-03-03T21:07:33.254+0000] {logging_mixin.py:188} INFO - [2024-03-03T21:07:33.254+0000] {dag.py:3036} INFO - Sync 1 DAGs
[2024-03-03T21:07:33.287+0000] {logging_mixin.py:188} INFO - [2024-03-03T21:07:33.286+0000] {dag.py:3823} INFO - Setting next_dagrun for tutorial to 2024-03-02 00:00:00+00:00, run_after=2024-03-03 00:00:00+00:00
[2024-03-03T21:07:33.315+0000] {processor.py:183} INFO - Processing /home/airflow/.local/lib/python3.8/site-packages/airflow/example_dags/tutorial.py took 0.108 seconds
[2024-03-03T21:08:03.531+0000] {processor.py:161} INFO - Started process (PID=673) to work on /home/airflow/.local/lib/python3.8/site-packages/airflow/example_dags/tutorial.py
[2024-03-03T21:08:03.532+0000] {processor.py:830} INFO - Processing file /home/airflow/.local/lib/python3.8/site-packages/airflow/example_dags/tutorial.py for tasks to queue
[2024-03-03T21:08:03.534+0000] {logging_mixin.py:188} INFO - [2024-03-03T21:08:03.534+0000] {dagbag.py:538} INFO - Filling up the DagBag from /home/airflow/.local/lib/python3.8/site-packages/airflow/example_dags/tutorial.py
[2024-03-03T21:08:03.540+0000] {processor.py:840} INFO - DAG(s) 'tutorial' retrieved from /home/airflow/.local/lib/python3.8/site-packages/airflow/example_dags/tutorial.py
[2024-03-03T21:08:03.563+0000] {logging_mixin.py:188} INFO - [2024-03-03T21:08:03.563+0000] {dag.py:3036} INFO - Sync 1 DAGs
[2024-03-03T21:08:03.599+0000] {logging_mixin.py:188} INFO - [2024-03-03T21:08:03.599+0000] {dag.py:3823} INFO - Setting next_dagrun for tutorial to 2024-03-02 00:00:00+00:00, run_after=2024-03-03 00:00:00+00:00
[2024-03-03T21:08:03.626+0000] {processor.py:183} INFO - Processing /home/airflow/.local/lib/python3.8/site-packages/airflow/example_dags/tutorial.py took 0.100 seconds
[2024-03-03T21:08:33.998+0000] {processor.py:161} INFO - Started process (PID=728) to work on /home/airflow/.local/lib/python3.8/site-packages/airflow/example_dags/tutorial.py
[2024-03-03T21:08:33.999+0000] {processor.py:830} INFO - Processing file /home/airflow/.local/lib/python3.8/site-packages/airflow/example_dags/tutorial.py for tasks to queue
[2024-03-03T21:08:34.002+0000] {logging_mixin.py:188} INFO - [2024-03-03T21:08:34.001+0000] {dagbag.py:538} INFO - Filling up the DagBag from /home/airflow/.local/lib/python3.8/site-packages/airflow/example_dags/tutorial.py
[2024-03-03T21:08:34.011+0000] {processor.py:840} INFO - DAG(s) 'tutorial' retrieved from /home/airflow/.local/lib/python3.8/site-packages/airflow/example_dags/tutorial.py
[2024-03-03T21:08:34.039+0000] {logging_mixin.py:188} INFO - [2024-03-03T21:08:34.039+0000] {dag.py:3036} INFO - Sync 1 DAGs
[2024-03-03T21:08:34.069+0000] {logging_mixin.py:188} INFO - [2024-03-03T21:08:34.069+0000] {dag.py:3823} INFO - Setting next_dagrun for tutorial to 2024-03-02 00:00:00+00:00, run_after=2024-03-03 00:00:00+00:00
[2024-03-03T21:08:34.102+0000] {processor.py:183} INFO - Processing /home/airflow/.local/lib/python3.8/site-packages/airflow/example_dags/tutorial.py took 0.110 seconds
[2024-03-03T21:09:04.511+0000] {processor.py:161} INFO - Started process (PID=783) to work on /home/airflow/.local/lib/python3.8/site-packages/airflow/example_dags/tutorial.py
[2024-03-03T21:09:04.512+0000] {processor.py:830} INFO - Processing file /home/airflow/.local/lib/python3.8/site-packages/airflow/example_dags/tutorial.py for tasks to queue
[2024-03-03T21:09:04.513+0000] {logging_mixin.py:188} INFO - [2024-03-03T21:09:04.513+0000] {dagbag.py:538} INFO - Filling up the DagBag from /home/airflow/.local/lib/python3.8/site-packages/airflow/example_dags/tutorial.py
[2024-03-03T21:09:04.518+0000] {processor.py:840} INFO - DAG(s) 'tutorial' retrieved from /home/airflow/.local/lib/python3.8/site-packages/airflow/example_dags/tutorial.py
[2024-03-03T21:09:04.537+0000] {logging_mixin.py:188} INFO - [2024-03-03T21:09:04.536+0000] {dag.py:3036} INFO - Sync 1 DAGs
[2024-03-03T21:09:04.558+0000] {logging_mixin.py:188} INFO - [2024-03-03T21:09:04.558+0000] {dag.py:3823} INFO - Setting next_dagrun for tutorial to 2024-03-02 00:00:00+00:00, run_after=2024-03-03 00:00:00+00:00
[2024-03-03T21:09:04.577+0000] {processor.py:183} INFO - Processing /home/airflow/.local/lib/python3.8/site-packages/airflow/example_dags/tutorial.py took 0.070 seconds
[2024-03-03T21:09:34.876+0000] {processor.py:161} INFO - Started process (PID=838) to work on /home/airflow/.local/lib/python3.8/site-packages/airflow/example_dags/tutorial.py
[2024-03-03T21:09:34.877+0000] {processor.py:830} INFO - Processing file /home/airflow/.local/lib/python3.8/site-packages/airflow/example_dags/tutorial.py for tasks to queue
[2024-03-03T21:09:34.879+0000] {logging_mixin.py:188} INFO - [2024-03-03T21:09:34.879+0000] {dagbag.py:538} INFO - Filling up the DagBag from /home/airflow/.local/lib/python3.8/site-packages/airflow/example_dags/tutorial.py
[2024-03-03T21:09:34.886+0000] {processor.py:840} INFO - DAG(s) 'tutorial' retrieved from /home/airflow/.local/lib/python3.8/site-packages/airflow/example_dags/tutorial.py
[2024-03-03T21:09:34.910+0000] {logging_mixin.py:188} INFO - [2024-03-03T21:09:34.910+0000] {dag.py:3036} INFO - Sync 1 DAGs
[2024-03-03T21:09:34.937+0000] {logging_mixin.py:188} INFO - [2024-03-03T21:09:34.937+0000] {dag.py:3823} INFO - Setting next_dagrun for tutorial to 2024-03-02 00:00:00+00:00, run_after=2024-03-03 00:00:00+00:00
[2024-03-03T21:09:34.960+0000] {processor.py:183} INFO - Processing /home/airflow/.local/lib/python3.8/site-packages/airflow/example_dags/tutorial.py took 0.087 seconds
[2024-03-03T21:10:05.199+0000] {processor.py:161} INFO - Started process (PID=893) to work on /home/airflow/.local/lib/python3.8/site-packages/airflow/example_dags/tutorial.py
[2024-03-03T21:10:05.200+0000] {processor.py:830} INFO - Processing file /home/airflow/.local/lib/python3.8/site-packages/airflow/example_dags/tutorial.py for tasks to queue
[2024-03-03T21:10:05.202+0000] {logging_mixin.py:188} INFO - [2024-03-03T21:10:05.202+0000] {dagbag.py:538} INFO - Filling up the DagBag from /home/airflow/.local/lib/python3.8/site-packages/airflow/example_dags/tutorial.py
[2024-03-03T21:10:05.208+0000] {processor.py:840} INFO - DAG(s) 'tutorial' retrieved from /home/airflow/.local/lib/python3.8/site-packages/airflow/example_dags/tutorial.py
[2024-03-03T21:10:05.230+0000] {logging_mixin.py:188} INFO - [2024-03-03T21:10:05.229+0000] {dag.py:3036} INFO - Sync 1 DAGs
[2024-03-03T21:10:05.258+0000] {logging_mixin.py:188} INFO - [2024-03-03T21:10:05.258+0000] {dag.py:3823} INFO - Setting next_dagrun for tutorial to 2024-03-02 00:00:00+00:00, run_after=2024-03-03 00:00:00+00:00
[2024-03-03T21:10:05.284+0000] {processor.py:183} INFO - Processing /home/airflow/.local/lib/python3.8/site-packages/airflow/example_dags/tutorial.py took 0.089 seconds
[2024-03-03T21:10:35.489+0000] {processor.py:161} INFO - Started process (PID=948) to work on /home/airflow/.local/lib/python3.8/site-packages/airflow/example_dags/tutorial.py
[2024-03-03T21:10:35.490+0000] {processor.py:830} INFO - Processing file /home/airflow/.local/lib/python3.8/site-packages/airflow/example_dags/tutorial.py for tasks to queue
[2024-03-03T21:10:35.492+0000] {logging_mixin.py:188} INFO - [2024-03-03T21:10:35.492+0000] {dagbag.py:538} INFO - Filling up the DagBag from /home/airflow/.local/lib/python3.8/site-packages/airflow/example_dags/tutorial.py
[2024-03-03T21:10:35.499+0000] {processor.py:840} INFO - DAG(s) 'tutorial' retrieved from /home/airflow/.local/lib/python3.8/site-packages/airflow/example_dags/tutorial.py
[2024-03-03T21:10:35.522+0000] {logging_mixin.py:188} INFO - [2024-03-03T21:10:35.521+0000] {dag.py:3036} INFO - Sync 1 DAGs
[2024-03-03T21:10:35.549+0000] {logging_mixin.py:188} INFO - [2024-03-03T21:10:35.549+0000] {dag.py:3823} INFO - Setting next_dagrun for tutorial to 2024-03-02 00:00:00+00:00, run_after=2024-03-03 00:00:00+00:00
[2024-03-03T21:10:35.571+0000] {processor.py:183} INFO - Processing /home/airflow/.local/lib/python3.8/site-packages/airflow/example_dags/tutorial.py took 0.087 seconds
[2024-03-03T21:11:05.861+0000] {processor.py:161} INFO - Started process (PID=1003) to work on /home/airflow/.local/lib/python3.8/site-packages/airflow/example_dags/tutorial.py
[2024-03-03T21:11:05.863+0000] {processor.py:830} INFO - Processing file /home/airflow/.local/lib/python3.8/site-packages/airflow/example_dags/tutorial.py for tasks to queue
[2024-03-03T21:11:05.865+0000] {logging_mixin.py:188} INFO - [2024-03-03T21:11:05.865+0000] {dagbag.py:538} INFO - Filling up the DagBag from /home/airflow/.local/lib/python3.8/site-packages/airflow/example_dags/tutorial.py
[2024-03-03T21:11:05.872+0000] {processor.py:840} INFO - DAG(s) 'tutorial' retrieved from /home/airflow/.local/lib/python3.8/site-packages/airflow/example_dags/tutorial.py
[2024-03-03T21:11:05.899+0000] {logging_mixin.py:188} INFO - [2024-03-03T21:11:05.899+0000] {dag.py:3036} INFO - Sync 1 DAGs
[2024-03-03T21:11:05.931+0000] {logging_mixin.py:188} INFO - [2024-03-03T21:11:05.930+0000] {dag.py:3823} INFO - Setting next_dagrun for tutorial to 2024-03-02 00:00:00+00:00, run_after=2024-03-03 00:00:00+00:00
[2024-03-03T21:11:05.960+0000] {processor.py:183} INFO - Processing /home/airflow/.local/lib/python3.8/site-packages/airflow/example_dags/tutorial.py took 0.103 seconds
[2024-03-03T21:11:36.319+0000] {processor.py:161} INFO - Started process (PID=1058) to work on /home/airflow/.local/lib/python3.8/site-packages/airflow/example_dags/tutorial.py
[2024-03-03T21:11:36.320+0000] {processor.py:830} INFO - Processing file /home/airflow/.local/lib/python3.8/site-packages/airflow/example_dags/tutorial.py for tasks to queue
[2024-03-03T21:11:36.321+0000] {logging_mixin.py:188} INFO - [2024-03-03T21:11:36.321+0000] {dagbag.py:538} INFO - Filling up the DagBag from /home/airflow/.local/lib/python3.8/site-packages/airflow/example_dags/tutorial.py
[2024-03-03T21:11:36.326+0000] {processor.py:840} INFO - DAG(s) 'tutorial' retrieved from /home/airflow/.local/lib/python3.8/site-packages/airflow/example_dags/tutorial.py
[2024-03-03T21:11:36.345+0000] {logging_mixin.py:188} INFO - [2024-03-03T21:11:36.345+0000] {dag.py:3036} INFO - Sync 1 DAGs
[2024-03-03T21:11:36.365+0000] {logging_mixin.py:188} INFO - [2024-03-03T21:11:36.365+0000] {dag.py:3823} INFO - Setting next_dagrun for tutorial to 2024-03-02 00:00:00+00:00, run_after=2024-03-03 00:00:00+00:00
[2024-03-03T21:11:36.384+0000] {processor.py:183} INFO - Processing /home/airflow/.local/lib/python3.8/site-packages/airflow/example_dags/tutorial.py took 0.068 seconds
[2024-03-03T21:12:06.568+0000] {processor.py:161} INFO - Started process (PID=1114) to work on /home/airflow/.local/lib/python3.8/site-packages/airflow/example_dags/tutorial.py
[2024-03-03T21:12:06.570+0000] {processor.py:830} INFO - Processing file /home/airflow/.local/lib/python3.8/site-packages/airflow/example_dags/tutorial.py for tasks to queue
[2024-03-03T21:12:06.573+0000] {logging_mixin.py:188} INFO - [2024-03-03T21:12:06.573+0000] {dagbag.py:538} INFO - Filling up the DagBag from /home/airflow/.local/lib/python3.8/site-packages/airflow/example_dags/tutorial.py
[2024-03-03T21:12:06.585+0000] {processor.py:840} INFO - DAG(s) 'tutorial' retrieved from /home/airflow/.local/lib/python3.8/site-packages/airflow/example_dags/tutorial.py
[2024-03-03T21:12:06.619+0000] {logging_mixin.py:188} INFO - [2024-03-03T21:12:06.618+0000] {dag.py:3036} INFO - Sync 1 DAGs
[2024-03-03T21:12:06.650+0000] {logging_mixin.py:188} INFO - [2024-03-03T21:12:06.649+0000] {dag.py:3823} INFO - Setting next_dagrun for tutorial to 2024-03-02 00:00:00+00:00, run_after=2024-03-03 00:00:00+00:00
[2024-03-03T21:12:06.690+0000] {processor.py:183} INFO - Processing /home/airflow/.local/lib/python3.8/site-packages/airflow/example_dags/tutorial.py took 0.128 seconds
[2024-03-03T21:12:36.834+0000] {processor.py:161} INFO - Started process (PID=1169) to work on /home/airflow/.local/lib/python3.8/site-packages/airflow/example_dags/tutorial.py
[2024-03-03T21:12:36.835+0000] {processor.py:830} INFO - Processing file /home/airflow/.local/lib/python3.8/site-packages/airflow/example_dags/tutorial.py for tasks to queue
[2024-03-03T21:12:36.838+0000] {logging_mixin.py:188} INFO - [2024-03-03T21:12:36.837+0000] {dagbag.py:538} INFO - Filling up the DagBag from /home/airflow/.local/lib/python3.8/site-packages/airflow/example_dags/tutorial.py
[2024-03-03T21:12:36.845+0000] {processor.py:840} INFO - DAG(s) 'tutorial' retrieved from /home/airflow/.local/lib/python3.8/site-packages/airflow/example_dags/tutorial.py
[2024-03-03T21:12:36.868+0000] {logging_mixin.py:188} INFO - [2024-03-03T21:12:36.868+0000] {dag.py:3036} INFO - Sync 1 DAGs
[2024-03-03T21:12:36.896+0000] {logging_mixin.py:188} INFO - [2024-03-03T21:12:36.896+0000] {dag.py:3823} INFO - Setting next_dagrun for tutorial to 2024-03-02 00:00:00+00:00, run_after=2024-03-03 00:00:00+00:00
[2024-03-03T21:12:36.918+0000] {processor.py:183} INFO - Processing /home/airflow/.local/lib/python3.8/site-packages/airflow/example_dags/tutorial.py took 0.087 seconds
[2024-03-03T21:13:07.137+0000] {processor.py:161} INFO - Started process (PID=1223) to work on /home/airflow/.local/lib/python3.8/site-packages/airflow/example_dags/tutorial.py
[2024-03-03T21:13:07.140+0000] {processor.py:830} INFO - Processing file /home/airflow/.local/lib/python3.8/site-packages/airflow/example_dags/tutorial.py for tasks to queue
[2024-03-03T21:13:07.144+0000] {logging_mixin.py:188} INFO - [2024-03-03T21:13:07.143+0000] {dagbag.py:538} INFO - Filling up the DagBag from /home/airflow/.local/lib/python3.8/site-packages/airflow/example_dags/tutorial.py
[2024-03-03T21:13:07.153+0000] {processor.py:840} INFO - DAG(s) 'tutorial' retrieved from /home/airflow/.local/lib/python3.8/site-packages/airflow/example_dags/tutorial.py
[2024-03-03T21:13:07.185+0000] {logging_mixin.py:188} INFO - [2024-03-03T21:13:07.184+0000] {dag.py:3036} INFO - Sync 1 DAGs
[2024-03-03T21:13:07.218+0000] {logging_mixin.py:188} INFO - [2024-03-03T21:13:07.218+0000] {dag.py:3823} INFO - Setting next_dagrun for tutorial to 2024-03-02 00:00:00+00:00, run_after=2024-03-03 00:00:00+00:00
[2024-03-03T21:13:07.253+0000] {processor.py:183} INFO - Processing /home/airflow/.local/lib/python3.8/site-packages/airflow/example_dags/tutorial.py took 0.119 seconds
[2024-03-03T21:13:37.505+0000] {processor.py:161} INFO - Started process (PID=1278) to work on /home/airflow/.local/lib/python3.8/site-packages/airflow/example_dags/tutorial.py
[2024-03-03T21:13:37.507+0000] {processor.py:830} INFO - Processing file /home/airflow/.local/lib/python3.8/site-packages/airflow/example_dags/tutorial.py for tasks to queue
[2024-03-03T21:13:37.509+0000] {logging_mixin.py:188} INFO - [2024-03-03T21:13:37.509+0000] {dagbag.py:538} INFO - Filling up the DagBag from /home/airflow/.local/lib/python3.8/site-packages/airflow/example_dags/tutorial.py
[2024-03-03T21:13:37.515+0000] {processor.py:840} INFO - DAG(s) 'tutorial' retrieved from /home/airflow/.local/lib/python3.8/site-packages/airflow/example_dags/tutorial.py
[2024-03-03T21:13:37.537+0000] {logging_mixin.py:188} INFO - [2024-03-03T21:13:37.537+0000] {dag.py:3036} INFO - Sync 1 DAGs
[2024-03-03T21:13:37.562+0000] {logging_mixin.py:188} INFO - [2024-03-03T21:13:37.561+0000] {dag.py:3823} INFO - Setting next_dagrun for tutorial to 2024-03-02 00:00:00+00:00, run_after=2024-03-03 00:00:00+00:00
[2024-03-03T21:13:37.583+0000] {processor.py:183} INFO - Processing /home/airflow/.local/lib/python3.8/site-packages/airflow/example_dags/tutorial.py took 0.081 seconds
[2024-03-03T21:14:08.109+0000] {processor.py:161} INFO - Started process (PID=1333) to work on /home/airflow/.local/lib/python3.8/site-packages/airflow/example_dags/tutorial.py
[2024-03-03T21:14:08.110+0000] {processor.py:830} INFO - Processing file /home/airflow/.local/lib/python3.8/site-packages/airflow/example_dags/tutorial.py for tasks to queue
[2024-03-03T21:14:08.112+0000] {logging_mixin.py:188} INFO - [2024-03-03T21:14:08.112+0000] {dagbag.py:538} INFO - Filling up the DagBag from /home/airflow/.local/lib/python3.8/site-packages/airflow/example_dags/tutorial.py
[2024-03-03T21:14:08.118+0000] {processor.py:840} INFO - DAG(s) 'tutorial' retrieved from /home/airflow/.local/lib/python3.8/site-packages/airflow/example_dags/tutorial.py
[2024-03-03T21:14:08.143+0000] {logging_mixin.py:188} INFO - [2024-03-03T21:14:08.143+0000] {dag.py:3036} INFO - Sync 1 DAGs
[2024-03-03T21:14:08.174+0000] {logging_mixin.py:188} INFO - [2024-03-03T21:14:08.174+0000] {dag.py:3823} INFO - Setting next_dagrun for tutorial to 2024-03-02 00:00:00+00:00, run_after=2024-03-03 00:00:00+00:00
[2024-03-03T21:14:08.203+0000] {processor.py:183} INFO - Processing /home/airflow/.local/lib/python3.8/site-packages/airflow/example_dags/tutorial.py took 0.098 seconds
[2024-03-03T21:14:38.400+0000] {processor.py:161} INFO - Started process (PID=1388) to work on /home/airflow/.local/lib/python3.8/site-packages/airflow/example_dags/tutorial.py
[2024-03-03T21:14:38.401+0000] {processor.py:830} INFO - Processing file /home/airflow/.local/lib/python3.8/site-packages/airflow/example_dags/tutorial.py for tasks to queue
[2024-03-03T21:14:38.404+0000] {logging_mixin.py:188} INFO - [2024-03-03T21:14:38.404+0000] {dagbag.py:538} INFO - Filling up the DagBag from /home/airflow/.local/lib/python3.8/site-packages/airflow/example_dags/tutorial.py
[2024-03-03T21:14:38.412+0000] {processor.py:840} INFO - DAG(s) 'tutorial' retrieved from /home/airflow/.local/lib/python3.8/site-packages/airflow/example_dags/tutorial.py
[2024-03-03T21:14:38.438+0000] {logging_mixin.py:188} INFO - [2024-03-03T21:14:38.437+0000] {dag.py:3036} INFO - Sync 1 DAGs
[2024-03-03T21:14:38.476+0000] {logging_mixin.py:188} INFO - [2024-03-03T21:14:38.476+0000] {dag.py:3823} INFO - Setting next_dagrun for tutorial to 2024-03-02 00:00:00+00:00, run_after=2024-03-03 00:00:00+00:00
[2024-03-03T21:14:38.518+0000] {processor.py:183} INFO - Processing /home/airflow/.local/lib/python3.8/site-packages/airflow/example_dags/tutorial.py took 0.123 seconds
[2024-03-03T21:15:09.129+0000] {processor.py:161} INFO - Started process (PID=1443) to work on /home/airflow/.local/lib/python3.8/site-packages/airflow/example_dags/tutorial.py
[2024-03-03T21:15:09.131+0000] {processor.py:830} INFO - Processing file /home/airflow/.local/lib/python3.8/site-packages/airflow/example_dags/tutorial.py for tasks to queue
[2024-03-03T21:15:09.135+0000] {logging_mixin.py:188} INFO - [2024-03-03T21:15:09.134+0000] {dagbag.py:538} INFO - Filling up the DagBag from /home/airflow/.local/lib/python3.8/site-packages/airflow/example_dags/tutorial.py
[2024-03-03T21:15:09.147+0000] {processor.py:840} INFO - DAG(s) 'tutorial' retrieved from /home/airflow/.local/lib/python3.8/site-packages/airflow/example_dags/tutorial.py
[2024-03-03T21:15:09.181+0000] {logging_mixin.py:188} INFO - [2024-03-03T21:15:09.180+0000] {dag.py:3036} INFO - Sync 1 DAGs
[2024-03-03T21:15:09.212+0000] {logging_mixin.py:188} INFO - [2024-03-03T21:15:09.211+0000] {dag.py:3823} INFO - Setting next_dagrun for tutorial to 2024-03-02 00:00:00+00:00, run_after=2024-03-03 00:00:00+00:00
[2024-03-03T21:15:09.242+0000] {processor.py:183} INFO - Processing /home/airflow/.local/lib/python3.8/site-packages/airflow/example_dags/tutorial.py took 0.118 seconds
[2024-03-03T21:15:39.730+0000] {processor.py:161} INFO - Started process (PID=1498) to work on /home/airflow/.local/lib/python3.8/site-packages/airflow/example_dags/tutorial.py
[2024-03-03T21:15:39.732+0000] {processor.py:830} INFO - Processing file /home/airflow/.local/lib/python3.8/site-packages/airflow/example_dags/tutorial.py for tasks to queue
[2024-03-03T21:15:39.736+0000] {logging_mixin.py:188} INFO - [2024-03-03T21:15:39.735+0000] {dagbag.py:538} INFO - Filling up the DagBag from /home/airflow/.local/lib/python3.8/site-packages/airflow/example_dags/tutorial.py
[2024-03-03T21:15:39.748+0000] {processor.py:840} INFO - DAG(s) 'tutorial' retrieved from /home/airflow/.local/lib/python3.8/site-packages/airflow/example_dags/tutorial.py
[2024-03-03T21:15:39.787+0000] {logging_mixin.py:188} INFO - [2024-03-03T21:15:39.786+0000] {dag.py:3036} INFO - Sync 1 DAGs
[2024-03-03T21:15:39.835+0000] {logging_mixin.py:188} INFO - [2024-03-03T21:15:39.834+0000] {dag.py:3823} INFO - Setting next_dagrun for tutorial to 2024-03-02 00:00:00+00:00, run_after=2024-03-03 00:00:00+00:00
[2024-03-03T21:15:39.894+0000] {processor.py:183} INFO - Processing /home/airflow/.local/lib/python3.8/site-packages/airflow/example_dags/tutorial.py took 0.170 seconds
[2024-03-03T21:16:10.234+0000] {processor.py:161} INFO - Started process (PID=1553) to work on /home/airflow/.local/lib/python3.8/site-packages/airflow/example_dags/tutorial.py
[2024-03-03T21:16:10.236+0000] {processor.py:830} INFO - Processing file /home/airflow/.local/lib/python3.8/site-packages/airflow/example_dags/tutorial.py for tasks to queue
[2024-03-03T21:16:10.238+0000] {logging_mixin.py:188} INFO - [2024-03-03T21:16:10.238+0000] {dagbag.py:538} INFO - Filling up the DagBag from /home/airflow/.local/lib/python3.8/site-packages/airflow/example_dags/tutorial.py
[2024-03-03T21:16:10.245+0000] {processor.py:840} INFO - DAG(s) 'tutorial' retrieved from /home/airflow/.local/lib/python3.8/site-packages/airflow/example_dags/tutorial.py
[2024-03-03T21:16:10.273+0000] {logging_mixin.py:188} INFO - [2024-03-03T21:16:10.272+0000] {dag.py:3036} INFO - Sync 1 DAGs
[2024-03-03T21:16:10.303+0000] {logging_mixin.py:188} INFO - [2024-03-03T21:16:10.302+0000] {dag.py:3823} INFO - Setting next_dagrun for tutorial to 2024-03-02 00:00:00+00:00, run_after=2024-03-03 00:00:00+00:00
[2024-03-03T21:16:10.334+0000] {processor.py:183} INFO - Processing /home/airflow/.local/lib/python3.8/site-packages/airflow/example_dags/tutorial.py took 0.104 seconds
[2024-03-03T21:16:40.494+0000] {processor.py:161} INFO - Started process (PID=1608) to work on /home/airflow/.local/lib/python3.8/site-packages/airflow/example_dags/tutorial.py
[2024-03-03T21:16:40.496+0000] {processor.py:830} INFO - Processing file /home/airflow/.local/lib/python3.8/site-packages/airflow/example_dags/tutorial.py for tasks to queue
[2024-03-03T21:16:40.499+0000] {logging_mixin.py:188} INFO - [2024-03-03T21:16:40.498+0000] {dagbag.py:538} INFO - Filling up the DagBag from /home/airflow/.local/lib/python3.8/site-packages/airflow/example_dags/tutorial.py
[2024-03-03T21:16:40.506+0000] {processor.py:840} INFO - DAG(s) 'tutorial' retrieved from /home/airflow/.local/lib/python3.8/site-packages/airflow/example_dags/tutorial.py
[2024-03-03T21:16:40.535+0000] {logging_mixin.py:188} INFO - [2024-03-03T21:16:40.535+0000] {dag.py:3036} INFO - Sync 1 DAGs
[2024-03-03T21:16:40.567+0000] {logging_mixin.py:188} INFO - [2024-03-03T21:16:40.567+0000] {dag.py:3823} INFO - Setting next_dagrun for tutorial to 2024-03-02 00:00:00+00:00, run_after=2024-03-03 00:00:00+00:00
[2024-03-03T21:16:40.601+0000] {processor.py:183} INFO - Processing /home/airflow/.local/lib/python3.8/site-packages/airflow/example_dags/tutorial.py took 0.112 seconds
[2024-03-03T21:17:10.710+0000] {processor.py:161} INFO - Started process (PID=1663) to work on /home/airflow/.local/lib/python3.8/site-packages/airflow/example_dags/tutorial.py
[2024-03-03T21:17:10.711+0000] {processor.py:830} INFO - Processing file /home/airflow/.local/lib/python3.8/site-packages/airflow/example_dags/tutorial.py for tasks to queue
[2024-03-03T21:17:10.713+0000] {logging_mixin.py:188} INFO - [2024-03-03T21:17:10.713+0000] {dagbag.py:538} INFO - Filling up the DagBag from /home/airflow/.local/lib/python3.8/site-packages/airflow/example_dags/tutorial.py
[2024-03-03T21:17:10.721+0000] {processor.py:840} INFO - DAG(s) 'tutorial' retrieved from /home/airflow/.local/lib/python3.8/site-packages/airflow/example_dags/tutorial.py
[2024-03-03T21:17:10.746+0000] {logging_mixin.py:188} INFO - [2024-03-03T21:17:10.746+0000] {dag.py:3036} INFO - Sync 1 DAGs
[2024-03-03T21:17:10.773+0000] {logging_mixin.py:188} INFO - [2024-03-03T21:17:10.772+0000] {dag.py:3823} INFO - Setting next_dagrun for tutorial to 2024-03-02 00:00:00+00:00, run_after=2024-03-03 00:00:00+00:00
[2024-03-03T21:17:10.798+0000] {processor.py:183} INFO - Processing /home/airflow/.local/lib/python3.8/site-packages/airflow/example_dags/tutorial.py took 0.092 seconds
[2024-03-03T21:17:41.152+0000] {processor.py:161} INFO - Started process (PID=1718) to work on /home/airflow/.local/lib/python3.8/site-packages/airflow/example_dags/tutorial.py
[2024-03-03T21:17:41.153+0000] {processor.py:830} INFO - Processing file /home/airflow/.local/lib/python3.8/site-packages/airflow/example_dags/tutorial.py for tasks to queue
[2024-03-03T21:17:41.156+0000] {logging_mixin.py:188} INFO - [2024-03-03T21:17:41.155+0000] {dagbag.py:538} INFO - Filling up the DagBag from /home/airflow/.local/lib/python3.8/site-packages/airflow/example_dags/tutorial.py
[2024-03-03T21:17:41.165+0000] {processor.py:840} INFO - DAG(s) 'tutorial' retrieved from /home/airflow/.local/lib/python3.8/site-packages/airflow/example_dags/tutorial.py
[2024-03-03T21:17:41.192+0000] {logging_mixin.py:188} INFO - [2024-03-03T21:17:41.192+0000] {dag.py:3036} INFO - Sync 1 DAGs
[2024-03-03T21:17:41.221+0000] {logging_mixin.py:188} INFO - [2024-03-03T21:17:41.221+0000] {dag.py:3823} INFO - Setting next_dagrun for tutorial to 2024-03-02 00:00:00+00:00, run_after=2024-03-03 00:00:00+00:00
[2024-03-03T21:17:41.252+0000] {processor.py:183} INFO - Processing /home/airflow/.local/lib/python3.8/site-packages/airflow/example_dags/tutorial.py took 0.105 seconds
[2024-03-03T21:18:11.987+0000] {processor.py:161} INFO - Started process (PID=1773) to work on /home/airflow/.local/lib/python3.8/site-packages/airflow/example_dags/tutorial.py
[2024-03-03T21:18:11.989+0000] {processor.py:830} INFO - Processing file /home/airflow/.local/lib/python3.8/site-packages/airflow/example_dags/tutorial.py for tasks to queue
[2024-03-03T21:18:11.992+0000] {logging_mixin.py:188} INFO - [2024-03-03T21:18:11.992+0000] {dagbag.py:538} INFO - Filling up the DagBag from /home/airflow/.local/lib/python3.8/site-packages/airflow/example_dags/tutorial.py
[2024-03-03T21:18:12.004+0000] {processor.py:840} INFO - DAG(s) 'tutorial' retrieved from /home/airflow/.local/lib/python3.8/site-packages/airflow/example_dags/tutorial.py
[2024-03-03T21:18:12.035+0000] {logging_mixin.py:188} INFO - [2024-03-03T21:18:12.035+0000] {dag.py:3036} INFO - Sync 1 DAGs
[2024-03-03T21:18:12.078+0000] {logging_mixin.py:188} INFO - [2024-03-03T21:18:12.078+0000] {dag.py:3823} INFO - Setting next_dagrun for tutorial to 2024-03-02 00:00:00+00:00, run_after=2024-03-03 00:00:00+00:00
[2024-03-03T21:18:12.114+0000] {processor.py:183} INFO - Processing /home/airflow/.local/lib/python3.8/site-packages/airflow/example_dags/tutorial.py took 0.131 seconds
[2024-03-03T21:18:42.247+0000] {processor.py:161} INFO - Started process (PID=1828) to work on /home/airflow/.local/lib/python3.8/site-packages/airflow/example_dags/tutorial.py
[2024-03-03T21:18:42.248+0000] {processor.py:830} INFO - Processing file /home/airflow/.local/lib/python3.8/site-packages/airflow/example_dags/tutorial.py for tasks to queue
[2024-03-03T21:18:42.250+0000] {logging_mixin.py:188} INFO - [2024-03-03T21:18:42.250+0000] {dagbag.py:538} INFO - Filling up the DagBag from /home/airflow/.local/lib/python3.8/site-packages/airflow/example_dags/tutorial.py
[2024-03-03T21:18:42.256+0000] {processor.py:840} INFO - DAG(s) 'tutorial' retrieved from /home/airflow/.local/lib/python3.8/site-packages/airflow/example_dags/tutorial.py
[2024-03-03T21:18:42.278+0000] {logging_mixin.py:188} INFO - [2024-03-03T21:18:42.278+0000] {dag.py:3036} INFO - Sync 1 DAGs
[2024-03-03T21:18:42.304+0000] {logging_mixin.py:188} INFO - [2024-03-03T21:18:42.303+0000] {dag.py:3823} INFO - Setting next_dagrun for tutorial to 2024-03-02 00:00:00+00:00, run_after=2024-03-03 00:00:00+00:00
[2024-03-03T21:18:42.324+0000] {processor.py:183} INFO - Processing /home/airflow/.local/lib/python3.8/site-packages/airflow/example_dags/tutorial.py took 0.081 seconds
[2024-03-03T21:19:13.343+0000] {processor.py:161} INFO - Started process (PID=1883) to work on /home/airflow/.local/lib/python3.8/site-packages/airflow/example_dags/tutorial.py
[2024-03-03T21:19:13.345+0000] {processor.py:830} INFO - Processing file /home/airflow/.local/lib/python3.8/site-packages/airflow/example_dags/tutorial.py for tasks to queue
[2024-03-03T21:19:13.349+0000] {logging_mixin.py:188} INFO - [2024-03-03T21:19:13.348+0000] {dagbag.py:538} INFO - Filling up the DagBag from /home/airflow/.local/lib/python3.8/site-packages/airflow/example_dags/tutorial.py
[2024-03-03T21:19:13.356+0000] {processor.py:840} INFO - DAG(s) 'tutorial' retrieved from /home/airflow/.local/lib/python3.8/site-packages/airflow/example_dags/tutorial.py
[2024-03-03T21:19:13.389+0000] {logging_mixin.py:188} INFO - [2024-03-03T21:19:13.389+0000] {dag.py:3036} INFO - Sync 1 DAGs
[2024-03-03T21:19:13.433+0000] {logging_mixin.py:188} INFO - [2024-03-03T21:19:13.433+0000] {dag.py:3823} INFO - Setting next_dagrun for tutorial to 2024-03-02 00:00:00+00:00, run_after=2024-03-03 00:00:00+00:00
[2024-03-03T21:19:13.490+0000] {processor.py:183} INFO - Processing /home/airflow/.local/lib/python3.8/site-packages/airflow/example_dags/tutorial.py took 0.152 seconds
[2024-03-03T21:19:43.892+0000] {processor.py:161} INFO - Started process (PID=1938) to work on /home/airflow/.local/lib/python3.8/site-packages/airflow/example_dags/tutorial.py
[2024-03-03T21:19:43.893+0000] {processor.py:830} INFO - Processing file /home/airflow/.local/lib/python3.8/site-packages/airflow/example_dags/tutorial.py for tasks to queue
[2024-03-03T21:19:43.896+0000] {logging_mixin.py:188} INFO - [2024-03-03T21:19:43.895+0000] {dagbag.py:538} INFO - Filling up the DagBag from /home/airflow/.local/lib/python3.8/site-packages/airflow/example_dags/tutorial.py
[2024-03-03T21:19:43.901+0000] {processor.py:840} INFO - DAG(s) 'tutorial' retrieved from /home/airflow/.local/lib/python3.8/site-packages/airflow/example_dags/tutorial.py
[2024-03-03T21:19:43.923+0000] {logging_mixin.py:188} INFO - [2024-03-03T21:19:43.923+0000] {dag.py:3036} INFO - Sync 1 DAGs
[2024-03-03T21:19:43.947+0000] {logging_mixin.py:188} INFO - [2024-03-03T21:19:43.947+0000] {dag.py:3823} INFO - Setting next_dagrun for tutorial to 2024-03-02 00:00:00+00:00, run_after=2024-03-03 00:00:00+00:00
[2024-03-03T21:19:43.967+0000] {processor.py:183} INFO - Processing /home/airflow/.local/lib/python3.8/site-packages/airflow/example_dags/tutorial.py took 0.078 seconds
[2024-03-03T21:20:14.521+0000] {processor.py:161} INFO - Started process (PID=1993) to work on /home/airflow/.local/lib/python3.8/site-packages/airflow/example_dags/tutorial.py
[2024-03-03T21:20:14.523+0000] {processor.py:830} INFO - Processing file /home/airflow/.local/lib/python3.8/site-packages/airflow/example_dags/tutorial.py for tasks to queue
[2024-03-03T21:20:14.525+0000] {logging_mixin.py:188} INFO - [2024-03-03T21:20:14.525+0000] {dagbag.py:538} INFO - Filling up the DagBag from /home/airflow/.local/lib/python3.8/site-packages/airflow/example_dags/tutorial.py
[2024-03-03T21:20:14.532+0000] {processor.py:840} INFO - DAG(s) 'tutorial' retrieved from /home/airflow/.local/lib/python3.8/site-packages/airflow/example_dags/tutorial.py
[2024-03-03T21:20:14.555+0000] {logging_mixin.py:188} INFO - [2024-03-03T21:20:14.555+0000] {dag.py:3036} INFO - Sync 1 DAGs
[2024-03-03T21:20:14.581+0000] {logging_mixin.py:188} INFO - [2024-03-03T21:20:14.581+0000] {dag.py:3823} INFO - Setting next_dagrun for tutorial to 2024-03-02 00:00:00+00:00, run_after=2024-03-03 00:00:00+00:00
[2024-03-03T21:20:14.604+0000] {processor.py:183} INFO - Processing /home/airflow/.local/lib/python3.8/site-packages/airflow/example_dags/tutorial.py took 0.087 seconds
[2024-03-03T21:20:45.381+0000] {processor.py:161} INFO - Started process (PID=2046) to work on /home/airflow/.local/lib/python3.8/site-packages/airflow/example_dags/tutorial.py
[2024-03-03T21:20:45.382+0000] {processor.py:830} INFO - Processing file /home/airflow/.local/lib/python3.8/site-packages/airflow/example_dags/tutorial.py for tasks to queue
[2024-03-03T21:20:45.384+0000] {logging_mixin.py:188} INFO - [2024-03-03T21:20:45.384+0000] {dagbag.py:538} INFO - Filling up the DagBag from /home/airflow/.local/lib/python3.8/site-packages/airflow/example_dags/tutorial.py
[2024-03-03T21:20:45.390+0000] {processor.py:840} INFO - DAG(s) 'tutorial' retrieved from /home/airflow/.local/lib/python3.8/site-packages/airflow/example_dags/tutorial.py
[2024-03-03T21:20:45.415+0000] {logging_mixin.py:188} INFO - [2024-03-03T21:20:45.414+0000] {dag.py:3036} INFO - Sync 1 DAGs
[2024-03-03T21:20:45.440+0000] {logging_mixin.py:188} INFO - [2024-03-03T21:20:45.440+0000] {dag.py:3823} INFO - Setting next_dagrun for tutorial to 2024-03-02 00:00:00+00:00, run_after=2024-03-03 00:00:00+00:00
[2024-03-03T21:20:45.461+0000] {processor.py:183} INFO - Processing /home/airflow/.local/lib/python3.8/site-packages/airflow/example_dags/tutorial.py took 0.084 seconds
[2024-03-03T21:21:15.882+0000] {processor.py:161} INFO - Started process (PID=2101) to work on /home/airflow/.local/lib/python3.8/site-packages/airflow/example_dags/tutorial.py
[2024-03-03T21:21:15.883+0000] {processor.py:830} INFO - Processing file /home/airflow/.local/lib/python3.8/site-packages/airflow/example_dags/tutorial.py for tasks to queue
[2024-03-03T21:21:15.885+0000] {logging_mixin.py:188} INFO - [2024-03-03T21:21:15.885+0000] {dagbag.py:538} INFO - Filling up the DagBag from /home/airflow/.local/lib/python3.8/site-packages/airflow/example_dags/tutorial.py
[2024-03-03T21:21:15.890+0000] {processor.py:840} INFO - DAG(s) 'tutorial' retrieved from /home/airflow/.local/lib/python3.8/site-packages/airflow/example_dags/tutorial.py
[2024-03-03T21:21:15.912+0000] {logging_mixin.py:188} INFO - [2024-03-03T21:21:15.911+0000] {dag.py:3036} INFO - Sync 1 DAGs
[2024-03-03T21:21:15.938+0000] {logging_mixin.py:188} INFO - [2024-03-03T21:21:15.938+0000] {dag.py:3823} INFO - Setting next_dagrun for tutorial to 2024-03-02 00:00:00+00:00, run_after=2024-03-03 00:00:00+00:00
[2024-03-03T21:21:15.958+0000] {processor.py:183} INFO - Processing /home/airflow/.local/lib/python3.8/site-packages/airflow/example_dags/tutorial.py took 0.079 seconds
[2024-03-03T21:21:46.815+0000] {processor.py:161} INFO - Started process (PID=2156) to work on /home/airflow/.local/lib/python3.8/site-packages/airflow/example_dags/tutorial.py
[2024-03-03T21:21:46.816+0000] {processor.py:830} INFO - Processing file /home/airflow/.local/lib/python3.8/site-packages/airflow/example_dags/tutorial.py for tasks to queue
[2024-03-03T21:21:46.819+0000] {logging_mixin.py:188} INFO - [2024-03-03T21:21:46.818+0000] {dagbag.py:538} INFO - Filling up the DagBag from /home/airflow/.local/lib/python3.8/site-packages/airflow/example_dags/tutorial.py
[2024-03-03T21:21:46.825+0000] {processor.py:840} INFO - DAG(s) 'tutorial' retrieved from /home/airflow/.local/lib/python3.8/site-packages/airflow/example_dags/tutorial.py
[2024-03-03T21:21:46.851+0000] {logging_mixin.py:188} INFO - [2024-03-03T21:21:46.851+0000] {dag.py:3036} INFO - Sync 1 DAGs
[2024-03-03T21:21:46.881+0000] {logging_mixin.py:188} INFO - [2024-03-03T21:21:46.881+0000] {dag.py:3823} INFO - Setting next_dagrun for tutorial to 2024-03-02 00:00:00+00:00, run_after=2024-03-03 00:00:00+00:00
[2024-03-03T21:21:46.914+0000] {processor.py:183} INFO - Processing /home/airflow/.local/lib/python3.8/site-packages/airflow/example_dags/tutorial.py took 0.102 seconds
[2024-03-03T21:22:17.522+0000] {processor.py:161} INFO - Started process (PID=2211) to work on /home/airflow/.local/lib/python3.8/site-packages/airflow/example_dags/tutorial.py
[2024-03-03T21:22:17.523+0000] {processor.py:830} INFO - Processing file /home/airflow/.local/lib/python3.8/site-packages/airflow/example_dags/tutorial.py for tasks to queue
[2024-03-03T21:22:17.525+0000] {logging_mixin.py:188} INFO - [2024-03-03T21:22:17.525+0000] {dagbag.py:538} INFO - Filling up the DagBag from /home/airflow/.local/lib/python3.8/site-packages/airflow/example_dags/tutorial.py
[2024-03-03T21:22:17.532+0000] {processor.py:840} INFO - DAG(s) 'tutorial' retrieved from /home/airflow/.local/lib/python3.8/site-packages/airflow/example_dags/tutorial.py
[2024-03-03T21:22:17.557+0000] {logging_mixin.py:188} INFO - [2024-03-03T21:22:17.557+0000] {dag.py:3036} INFO - Sync 1 DAGs
[2024-03-03T21:22:17.586+0000] {logging_mixin.py:188} INFO - [2024-03-03T21:22:17.586+0000] {dag.py:3823} INFO - Setting next_dagrun for tutorial to 2024-03-02 00:00:00+00:00, run_after=2024-03-03 00:00:00+00:00
[2024-03-03T21:22:17.614+0000] {processor.py:183} INFO - Processing /home/airflow/.local/lib/python3.8/site-packages/airflow/example_dags/tutorial.py took 0.095 seconds
